<?xml version="1.0" encoding="UTF-8"?>
<testsuite name="com.naver.service.FileServiceTest" tests="1" skipped="0" failures="0" errors="0" timestamp="2024-03-29T08:51:01" hostname="LAPTOP-6393BRM7" time="15.242">
  <properties/>
  <testcase name="readWebtoonCsv()" classname="com.naver.service.FileServiceTest" time="15.242"/>
  <system-out><![CDATA[17:50:53.268 [Test worker] INFO org.springframework.test.context.support.AnnotationConfigContextLoaderUtils -- Could not detect default configuration classes for test class [com.naver.service.FileServiceTest]: FileServiceTest does not declare any static, non-private, non-final, nested classes annotated with @Configuration.
17:50:53.443 [Test worker] INFO org.springframework.boot.test.context.SpringBootTestContextBootstrapper -- Found @SpringBootConfiguration com.naver.WebtoonApplication for test class com.naver.service.FileServiceTest

  .   ____          _            __ _ _
 /\\ / ___'_ __ _ _(_)_ __  __ _ \ \ \ \
( ( )\___ | '_ | '_| | '_ \/ _` | \ \ \ \
 \\/  ___)| |_)| | | | | || (_| |  ) ) ) )
  '  |____| .__|_| |_|_| |_\__, | / / / /
 =========|_|==============|___/=/_/_/_/
 :: Spring Boot ::                (v3.2.4)

2024-03-29T17:50:54.235+09:00  INFO 2896 --- [    Test worker] com.naver.service.FileServiceTest        : Starting FileServiceTest using Java 17.0.6 with PID 2896 (started by 김현재 in C:\ssafy_coding\webtoon)
2024-03-29T17:50:54.239+09:00  INFO 2896 --- [    Test worker] com.naver.service.FileServiceTest        : No active profile set, falling back to 1 default profile: "default"
2024-03-29T17:50:55.337+09:00  INFO 2896 --- [    Test worker] .s.d.r.c.RepositoryConfigurationDelegate : Bootstrapping Spring Data JPA repositories in DEFAULT mode.
2024-03-29T17:50:55.452+09:00  INFO 2896 --- [    Test worker] .s.d.r.c.RepositoryConfigurationDelegate : Finished Spring Data repository scanning in 99 ms. Found 3 JPA repository interfaces.
2024-03-29T17:50:56.153+09:00  INFO 2896 --- [    Test worker] o.hibernate.jpa.internal.util.LogHelper  : HHH000204: Processing PersistenceUnitInfo [name: default]
2024-03-29T17:50:56.239+09:00  INFO 2896 --- [    Test worker] org.hibernate.Version                    : HHH000412: Hibernate ORM core version 6.4.4.Final
2024-03-29T17:50:56.315+09:00  INFO 2896 --- [    Test worker] o.h.c.internal.RegionFactoryInitiator    : HHH000026: Second-level cache disabled
2024-03-29T17:50:56.716+09:00  INFO 2896 --- [    Test worker] o.s.o.j.p.SpringPersistenceUnitInfo      : No LoadTimeWeaver setup: ignoring JPA class transformer
2024-03-29T17:50:56.774+09:00  INFO 2896 --- [    Test worker] com.zaxxer.hikari.HikariDataSource       : HikariPool-1 - Starting...
2024-03-29T17:50:57.219+09:00  INFO 2896 --- [    Test worker] com.zaxxer.hikari.pool.HikariPool        : HikariPool-1 - Added connection com.mysql.cj.jdbc.ConnectionImpl@4468fda8
2024-03-29T17:50:57.224+09:00  INFO 2896 --- [    Test worker] com.zaxxer.hikari.HikariDataSource       : HikariPool-1 - Start completed.
2024-03-29T17:50:57.291+09:00  WARN 2896 --- [    Test worker] org.hibernate.orm.deprecation            : HHH90000025: MySQLDialect does not need to be specified explicitly using 'hibernate.dialect' (remove the property setting and it will be selected by default)
2024-03-29T17:50:58.760+09:00  INFO 2896 --- [    Test worker] o.h.e.t.j.p.i.JtaPlatformInitiator       : HHH000489: No JTA platform available (set 'hibernate.transaction.jta.platform' to enable JTA platform integration)
2024-03-29T17:50:59.020+09:00  INFO 2896 --- [    Test worker] j.LocalContainerEntityManagerFactoryBean : Initialized JPA EntityManagerFactory for persistence unit 'default'
2024-03-29T17:50:59.967+09:00  WARN 2896 --- [    Test worker] JpaBaseConfiguration$JpaWebConfiguration : spring.jpa.open-in-view is enabled by default. Therefore, database queries may be performed during view rendering. Explicitly configure spring.jpa.open-in-view to disable this warning
2024-03-29T17:51:01.063+09:00  INFO 2896 --- [    Test worker] com.naver.service.FileServiceTest        : Started FileServiceTest in 7.294 seconds (process running for 9.329)
titleName
2024-03-29T17:51:02.356+09:00 DEBUG 2896 --- [    Test worker] org.hibernate.SQL                        : insert into webtoon (created_at,description,no_youth,publication_status,thumbnail,title,updated_at) values (?,?,?,?,?,?,?)
Hibernate: insert into webtoon (created_at,description,no_youth,publication_status,thumbnail,title,updated_at) values (?,?,?,?,?,?,?)
2024-03-29T17:51:02.826+09:00 DEBUG 2896 --- [    Test worker] org.hibernate.SQL                        : select pd1_0.publishing_day_id,pd1_0.created_at,pd1_0.day,pd1_0.updated_at from publishing_day pd1_0 where pd1_0.day=?
Hibernate: select pd1_0.publishing_day_id,pd1_0.created_at,pd1_0.day,pd1_0.updated_at from publishing_day pd1_0 where pd1_0.day=?
2024-03-29T17:51:02.838+09:00 DEBUG 2896 --- [    Test worker] org.hibernate.SQL                        : insert into webtoon_publishing_day (created_at,publishing_day_id,updated_at,webtoon_id) values (?,?,?,?)
Hibernate: insert into webtoon_publishing_day (created_at,publishing_day_id,updated_at,webtoon_id) values (?,?,?,?)
좋아? 죽어!
2024-03-29T17:51:02.859+09:00 DEBUG 2896 --- [    Test worker] org.hibernate.SQL                        : insert into webtoon (created_at,description,no_youth,publication_status,thumbnail,title,updated_at) values (?,?,?,?,?,?,?)
Hibernate: insert into webtoon (created_at,description,no_youth,publication_status,thumbnail,title,updated_at) values (?,?,?,?,?,?,?)
2024-03-29T17:51:02.872+09:00 DEBUG 2896 --- [    Test worker] org.hibernate.SQL                        : select pd1_0.publishing_day_id,pd1_0.created_at,pd1_0.day,pd1_0.updated_at from publishing_day pd1_0 where pd1_0.day=?
Hibernate: select pd1_0.publishing_day_id,pd1_0.created_at,pd1_0.day,pd1_0.updated_at from publishing_day pd1_0 where pd1_0.day=?
2024-03-29T17:51:02.877+09:00 DEBUG 2896 --- [    Test worker] org.hibernate.SQL                        : insert into webtoon_publishing_day (created_at,publishing_day_id,updated_at,webtoon_id) values (?,?,?,?)
Hibernate: insert into webtoon_publishing_day (created_at,publishing_day_id,updated_at,webtoon_id) values (?,?,?,?)
외모지상주의
2024-03-29T17:51:02.891+09:00 DEBUG 2896 --- [    Test worker] org.hibernate.SQL                        : insert into webtoon (created_at,description,no_youth,publication_status,thumbnail,title,updated_at) values (?,?,?,?,?,?,?)
Hibernate: insert into webtoon (created_at,description,no_youth,publication_status,thumbnail,title,updated_at) values (?,?,?,?,?,?,?)
2024-03-29T17:51:02.903+09:00 DEBUG 2896 --- [    Test worker] org.hibernate.SQL                        : select pd1_0.publishing_day_id,pd1_0.created_at,pd1_0.day,pd1_0.updated_at from publishing_day pd1_0 where pd1_0.day=?
Hibernate: select pd1_0.publishing_day_id,pd1_0.created_at,pd1_0.day,pd1_0.updated_at from publishing_day pd1_0 where pd1_0.day=?
2024-03-29T17:51:02.909+09:00 DEBUG 2896 --- [    Test worker] org.hibernate.SQL                        : insert into webtoon_publishing_day (created_at,publishing_day_id,updated_at,webtoon_id) values (?,?,?,?)
Hibernate: insert into webtoon_publishing_day (created_at,publishing_day_id,updated_at,webtoon_id) values (?,?,?,?)
광마회귀
2024-03-29T17:51:02.922+09:00 DEBUG 2896 --- [    Test worker] org.hibernate.SQL                        : insert into webtoon (created_at,description,no_youth,publication_status,thumbnail,title,updated_at) values (?,?,?,?,?,?,?)
Hibernate: insert into webtoon (created_at,description,no_youth,publication_status,thumbnail,title,updated_at) values (?,?,?,?,?,?,?)
2024-03-29T17:51:02.937+09:00 DEBUG 2896 --- [    Test worker] org.hibernate.SQL                        : select pd1_0.publishing_day_id,pd1_0.created_at,pd1_0.day,pd1_0.updated_at from publishing_day pd1_0 where pd1_0.day=?
Hibernate: select pd1_0.publishing_day_id,pd1_0.created_at,pd1_0.day,pd1_0.updated_at from publishing_day pd1_0 where pd1_0.day=?
2024-03-29T17:51:02.943+09:00 DEBUG 2896 --- [    Test worker] org.hibernate.SQL                        : insert into webtoon_publishing_day (created_at,publishing_day_id,updated_at,webtoon_id) values (?,?,?,?)
Hibernate: insert into webtoon_publishing_day (created_at,publishing_day_id,updated_at,webtoon_id) values (?,?,?,?)
나 혼자 만렙 뉴비
2024-03-29T17:51:02.956+09:00 DEBUG 2896 --- [    Test worker] org.hibernate.SQL                        : insert into webtoon (created_at,description,no_youth,publication_status,thumbnail,title,updated_at) values (?,?,?,?,?,?,?)
Hibernate: insert into webtoon (created_at,description,no_youth,publication_status,thumbnail,title,updated_at) values (?,?,?,?,?,?,?)
2024-03-29T17:51:02.970+09:00 DEBUG 2896 --- [    Test worker] org.hibernate.SQL                        : select pd1_0.publishing_day_id,pd1_0.created_at,pd1_0.day,pd1_0.updated_at from publishing_day pd1_0 where pd1_0.day=?
Hibernate: select pd1_0.publishing_day_id,pd1_0.created_at,pd1_0.day,pd1_0.updated_at from publishing_day pd1_0 where pd1_0.day=?
2024-03-29T17:51:02.975+09:00 DEBUG 2896 --- [    Test worker] org.hibernate.SQL                        : insert into webtoon_publishing_day (created_at,publishing_day_id,updated_at,webtoon_id) values (?,?,?,?)
Hibernate: insert into webtoon_publishing_day (created_at,publishing_day_id,updated_at,webtoon_id) values (?,?,?,?)
역대급 영지 설계사
2024-03-29T17:51:02.988+09:00 DEBUG 2896 --- [    Test worker] org.hibernate.SQL                        : insert into webtoon (created_at,description,no_youth,publication_status,thumbnail,title,updated_at) values (?,?,?,?,?,?,?)
Hibernate: insert into webtoon (created_at,description,no_youth,publication_status,thumbnail,title,updated_at) values (?,?,?,?,?,?,?)
2024-03-29T17:51:03.002+09:00 DEBUG 2896 --- [    Test worker] org.hibernate.SQL                        : select pd1_0.publishing_day_id,pd1_0.created_at,pd1_0.day,pd1_0.updated_at from publishing_day pd1_0 where pd1_0.day=?
Hibernate: select pd1_0.publishing_day_id,pd1_0.created_at,pd1_0.day,pd1_0.updated_at from publishing_day pd1_0 where pd1_0.day=?
2024-03-29T17:51:03.007+09:00 DEBUG 2896 --- [    Test worker] org.hibernate.SQL                        : insert into webtoon_publishing_day (created_at,publishing_day_id,updated_at,webtoon_id) values (?,?,?,?)
Hibernate: insert into webtoon_publishing_day (created_at,publishing_day_id,updated_at,webtoon_id) values (?,?,?,?)
재혼 황후
2024-03-29T17:51:03.018+09:00 DEBUG 2896 --- [    Test worker] org.hibernate.SQL                        : insert into webtoon (created_at,description,no_youth,publication_status,thumbnail,title,updated_at) values (?,?,?,?,?,?,?)
Hibernate: insert into webtoon (created_at,description,no_youth,publication_status,thumbnail,title,updated_at) values (?,?,?,?,?,?,?)
2024-03-29T17:51:03.031+09:00 DEBUG 2896 --- [    Test worker] org.hibernate.SQL                        : select pd1_0.publishing_day_id,pd1_0.created_at,pd1_0.day,pd1_0.updated_at from publishing_day pd1_0 where pd1_0.day=?
Hibernate: select pd1_0.publishing_day_id,pd1_0.created_at,pd1_0.day,pd1_0.updated_at from publishing_day pd1_0 where pd1_0.day=?
2024-03-29T17:51:03.037+09:00 DEBUG 2896 --- [    Test worker] org.hibernate.SQL                        : insert into webtoon_publishing_day (created_at,publishing_day_id,updated_at,webtoon_id) values (?,?,?,?)
Hibernate: insert into webtoon_publishing_day (created_at,publishing_day_id,updated_at,webtoon_id) values (?,?,?,?)
상남자
2024-03-29T17:51:03.050+09:00 DEBUG 2896 --- [    Test worker] org.hibernate.SQL                        : insert into webtoon (created_at,description,no_youth,publication_status,thumbnail,title,updated_at) values (?,?,?,?,?,?,?)
Hibernate: insert into webtoon (created_at,description,no_youth,publication_status,thumbnail,title,updated_at) values (?,?,?,?,?,?,?)
2024-03-29T17:51:03.063+09:00 DEBUG 2896 --- [    Test worker] org.hibernate.SQL                        : select pd1_0.publishing_day_id,pd1_0.created_at,pd1_0.day,pd1_0.updated_at from publishing_day pd1_0 where pd1_0.day=?
Hibernate: select pd1_0.publishing_day_id,pd1_0.created_at,pd1_0.day,pd1_0.updated_at from publishing_day pd1_0 where pd1_0.day=?
2024-03-29T17:51:03.073+09:00 DEBUG 2896 --- [    Test worker] org.hibernate.SQL                        : insert into webtoon_publishing_day (created_at,publishing_day_id,updated_at,webtoon_id) values (?,?,?,?)
Hibernate: insert into webtoon_publishing_day (created_at,publishing_day_id,updated_at,webtoon_id) values (?,?,?,?)
"언니
2024-03-29T17:51:03.085+09:00 DEBUG 2896 --- [    Test worker] org.hibernate.SQL                        : insert into webtoon (created_at,description,no_youth,publication_status,thumbnail,title,updated_at) values (?,?,?,?,?,?,?)
Hibernate: insert into webtoon (created_at,description,no_youth,publication_status,thumbnail,title,updated_at) values (?,?,?,?,?,?,?)
2024-03-29T17:51:03.098+09:00 DEBUG 2896 --- [    Test worker] org.hibernate.SQL                        : select pd1_0.publishing_day_id,pd1_0.created_at,pd1_0.day,pd1_0.updated_at from publishing_day pd1_0 where pd1_0.day=?
Hibernate: select pd1_0.publishing_day_id,pd1_0.created_at,pd1_0.day,pd1_0.updated_at from publishing_day pd1_0 where pd1_0.day=?
2024-03-29T17:51:03.105+09:00 DEBUG 2896 --- [    Test worker] org.hibernate.SQL                        : insert into webtoon_publishing_day (created_at,publishing_day_id,updated_at,webtoon_id) values (?,?,?,?)
Hibernate: insert into webtoon_publishing_day (created_at,publishing_day_id,updated_at,webtoon_id) values (?,?,?,?)
개를 낳았다
2024-03-29T17:51:03.116+09:00 DEBUG 2896 --- [    Test worker] org.hibernate.SQL                        : insert into webtoon (created_at,description,no_youth,publication_status,thumbnail,title,updated_at) values (?,?,?,?,?,?,?)
Hibernate: insert into webtoon (created_at,description,no_youth,publication_status,thumbnail,title,updated_at) values (?,?,?,?,?,?,?)
2024-03-29T17:51:03.130+09:00 DEBUG 2896 --- [    Test worker] org.hibernate.SQL                        : select pd1_0.publishing_day_id,pd1_0.created_at,pd1_0.day,pd1_0.updated_at from publishing_day pd1_0 where pd1_0.day=?
Hibernate: select pd1_0.publishing_day_id,pd1_0.created_at,pd1_0.day,pd1_0.updated_at from publishing_day pd1_0 where pd1_0.day=?
2024-03-29T17:51:03.136+09:00 DEBUG 2896 --- [    Test worker] org.hibernate.SQL                        : insert into webtoon_publishing_day (created_at,publishing_day_id,updated_at,webtoon_id) values (?,?,?,?)
Hibernate: insert into webtoon_publishing_day (created_at,publishing_day_id,updated_at,webtoon_id) values (?,?,?,?)
유부 감자
2024-03-29T17:51:03.148+09:00 DEBUG 2896 --- [    Test worker] org.hibernate.SQL                        : insert into webtoon (created_at,description,no_youth,publication_status,thumbnail,title,updated_at) values (?,?,?,?,?,?,?)
Hibernate: insert into webtoon (created_at,description,no_youth,publication_status,thumbnail,title,updated_at) values (?,?,?,?,?,?,?)
2024-03-29T17:51:03.160+09:00 DEBUG 2896 --- [    Test worker] org.hibernate.SQL                        : select pd1_0.publishing_day_id,pd1_0.created_at,pd1_0.day,pd1_0.updated_at from publishing_day pd1_0 where pd1_0.day=?
Hibernate: select pd1_0.publishing_day_id,pd1_0.created_at,pd1_0.day,pd1_0.updated_at from publishing_day pd1_0 where pd1_0.day=?
2024-03-29T17:51:03.165+09:00 DEBUG 2896 --- [    Test worker] org.hibernate.SQL                        : insert into webtoon_publishing_day (created_at,publishing_day_id,updated_at,webtoon_id) values (?,?,?,?)
Hibernate: insert into webtoon_publishing_day (created_at,publishing_day_id,updated_at,webtoon_id) values (?,?,?,?)
열렙전사 3부
2024-03-29T17:51:03.177+09:00 DEBUG 2896 --- [    Test worker] org.hibernate.SQL                        : insert into webtoon (created_at,description,no_youth,publication_status,thumbnail,title,updated_at) values (?,?,?,?,?,?,?)
Hibernate: insert into webtoon (created_at,description,no_youth,publication_status,thumbnail,title,updated_at) values (?,?,?,?,?,?,?)
2024-03-29T17:51:03.189+09:00 DEBUG 2896 --- [    Test worker] org.hibernate.SQL                        : select pd1_0.publishing_day_id,pd1_0.created_at,pd1_0.day,pd1_0.updated_at from publishing_day pd1_0 where pd1_0.day=?
Hibernate: select pd1_0.publishing_day_id,pd1_0.created_at,pd1_0.day,pd1_0.updated_at from publishing_day pd1_0 where pd1_0.day=?
2024-03-29T17:51:03.194+09:00 DEBUG 2896 --- [    Test worker] org.hibernate.SQL                        : insert into webtoon_publishing_day (created_at,publishing_day_id,updated_at,webtoon_id) values (?,?,?,?)
Hibernate: insert into webtoon_publishing_day (created_at,publishing_day_id,updated_at,webtoon_id) values (?,?,?,?)
1초
2024-03-29T17:51:03.204+09:00 DEBUG 2896 --- [    Test worker] org.hibernate.SQL                        : insert into webtoon (created_at,description,no_youth,publication_status,thumbnail,title,updated_at) values (?,?,?,?,?,?,?)
Hibernate: insert into webtoon (created_at,description,no_youth,publication_status,thumbnail,title,updated_at) values (?,?,?,?,?,?,?)
2024-03-29T17:51:03.215+09:00 DEBUG 2896 --- [    Test worker] org.hibernate.SQL                        : select pd1_0.publishing_day_id,pd1_0.created_at,pd1_0.day,pd1_0.updated_at from publishing_day pd1_0 where pd1_0.day=?
Hibernate: select pd1_0.publishing_day_id,pd1_0.created_at,pd1_0.day,pd1_0.updated_at from publishing_day pd1_0 where pd1_0.day=?
2024-03-29T17:51:03.221+09:00 DEBUG 2896 --- [    Test worker] org.hibernate.SQL                        : insert into webtoon_publishing_day (created_at,publishing_day_id,updated_at,webtoon_id) values (?,?,?,?)
Hibernate: insert into webtoon_publishing_day (created_at,publishing_day_id,updated_at,webtoon_id) values (?,?,?,?)
낙향문사전
2024-03-29T17:51:03.231+09:00 DEBUG 2896 --- [    Test worker] org.hibernate.SQL                        : insert into webtoon (created_at,description,no_youth,publication_status,thumbnail,title,updated_at) values (?,?,?,?,?,?,?)
Hibernate: insert into webtoon (created_at,description,no_youth,publication_status,thumbnail,title,updated_at) values (?,?,?,?,?,?,?)
2024-03-29T17:51:03.244+09:00 DEBUG 2896 --- [    Test worker] org.hibernate.SQL                        : select pd1_0.publishing_day_id,pd1_0.created_at,pd1_0.day,pd1_0.updated_at from publishing_day pd1_0 where pd1_0.day=?
Hibernate: select pd1_0.publishing_day_id,pd1_0.created_at,pd1_0.day,pd1_0.updated_at from publishing_day pd1_0 where pd1_0.day=?
2024-03-29T17:51:03.250+09:00 DEBUG 2896 --- [    Test worker] org.hibernate.SQL                        : insert into webtoon_publishing_day (created_at,publishing_day_id,updated_at,webtoon_id) values (?,?,?,?)
Hibernate: insert into webtoon_publishing_day (created_at,publishing_day_id,updated_at,webtoon_id) values (?,?,?,?)
천하제일 대사형
2024-03-29T17:51:03.263+09:00 DEBUG 2896 --- [    Test worker] org.hibernate.SQL                        : insert into webtoon (created_at,description,no_youth,publication_status,thumbnail,title,updated_at) values (?,?,?,?,?,?,?)
Hibernate: insert into webtoon (created_at,description,no_youth,publication_status,thumbnail,title,updated_at) values (?,?,?,?,?,?,?)
2024-03-29T17:51:03.279+09:00 DEBUG 2896 --- [    Test worker] org.hibernate.SQL                        : select pd1_0.publishing_day_id,pd1_0.created_at,pd1_0.day,pd1_0.updated_at from publishing_day pd1_0 where pd1_0.day=?
Hibernate: select pd1_0.publishing_day_id,pd1_0.created_at,pd1_0.day,pd1_0.updated_at from publishing_day pd1_0 where pd1_0.day=?
2024-03-29T17:51:03.286+09:00 DEBUG 2896 --- [    Test worker] org.hibernate.SQL                        : insert into webtoon_publishing_day (created_at,publishing_day_id,updated_at,webtoon_id) values (?,?,?,?)
Hibernate: insert into webtoon_publishing_day (created_at,publishing_day_id,updated_at,webtoon_id) values (?,?,?,?)
나 혼자 탑에서 농사
2024-03-29T17:51:03.298+09:00 DEBUG 2896 --- [    Test worker] org.hibernate.SQL                        : insert into webtoon (created_at,description,no_youth,publication_status,thumbnail,title,updated_at) values (?,?,?,?,?,?,?)
Hibernate: insert into webtoon (created_at,description,no_youth,publication_status,thumbnail,title,updated_at) values (?,?,?,?,?,?,?)
2024-03-29T17:51:03.312+09:00 DEBUG 2896 --- [    Test worker] org.hibernate.SQL                        : select pd1_0.publishing_day_id,pd1_0.created_at,pd1_0.day,pd1_0.updated_at from publishing_day pd1_0 where pd1_0.day=?
Hibernate: select pd1_0.publishing_day_id,pd1_0.created_at,pd1_0.day,pd1_0.updated_at from publishing_day pd1_0 where pd1_0.day=?
2024-03-29T17:51:03.317+09:00 DEBUG 2896 --- [    Test worker] org.hibernate.SQL                        : insert into webtoon_publishing_day (created_at,publishing_day_id,updated_at,webtoon_id) values (?,?,?,?)
Hibernate: insert into webtoon_publishing_day (created_at,publishing_day_id,updated_at,webtoon_id) values (?,?,?,?)
A.I. 닥터
2024-03-29T17:51:03.330+09:00 DEBUG 2896 --- [    Test worker] org.hibernate.SQL                        : insert into webtoon (created_at,description,no_youth,publication_status,thumbnail,title,updated_at) values (?,?,?,?,?,?,?)
Hibernate: insert into webtoon (created_at,description,no_youth,publication_status,thumbnail,title,updated_at) values (?,?,?,?,?,?,?)
2024-03-29T17:51:03.342+09:00 DEBUG 2896 --- [    Test worker] org.hibernate.SQL                        : select pd1_0.publishing_day_id,pd1_0.created_at,pd1_0.day,pd1_0.updated_at from publishing_day pd1_0 where pd1_0.day=?
Hibernate: select pd1_0.publishing_day_id,pd1_0.created_at,pd1_0.day,pd1_0.updated_at from publishing_day pd1_0 where pd1_0.day=?
2024-03-29T17:51:03.348+09:00 DEBUG 2896 --- [    Test worker] org.hibernate.SQL                        : insert into webtoon_publishing_day (created_at,publishing_day_id,updated_at,webtoon_id) values (?,?,?,?)
Hibernate: insert into webtoon_publishing_day (created_at,publishing_day_id,updated_at,webtoon_id) values (?,?,?,?)
죽지 않으려면
2024-03-29T17:51:03.360+09:00 DEBUG 2896 --- [    Test worker] org.hibernate.SQL                        : insert into webtoon (created_at,description,no_youth,publication_status,thumbnail,title,updated_at) values (?,?,?,?,?,?,?)
Hibernate: insert into webtoon (created_at,description,no_youth,publication_status,thumbnail,title,updated_at) values (?,?,?,?,?,?,?)
2024-03-29T17:51:03.370+09:00 DEBUG 2896 --- [    Test worker] org.hibernate.SQL                        : select pd1_0.publishing_day_id,pd1_0.created_at,pd1_0.day,pd1_0.updated_at from publishing_day pd1_0 where pd1_0.day=?
Hibernate: select pd1_0.publishing_day_id,pd1_0.created_at,pd1_0.day,pd1_0.updated_at from publishing_day pd1_0 where pd1_0.day=?
2024-03-29T17:51:03.375+09:00 DEBUG 2896 --- [    Test worker] org.hibernate.SQL                        : insert into webtoon_publishing_day (created_at,publishing_day_id,updated_at,webtoon_id) values (?,?,?,?)
Hibernate: insert into webtoon_publishing_day (created_at,publishing_day_id,updated_at,webtoon_id) values (?,?,?,?)
전남편의 미친개를 길들였다
2024-03-29T17:51:03.386+09:00 DEBUG 2896 --- [    Test worker] org.hibernate.SQL                        : insert into webtoon (created_at,description,no_youth,publication_status,thumbnail,title,updated_at) values (?,?,?,?,?,?,?)
Hibernate: insert into webtoon (created_at,description,no_youth,publication_status,thumbnail,title,updated_at) values (?,?,?,?,?,?,?)
2024-03-29T17:51:03.397+09:00 DEBUG 2896 --- [    Test worker] org.hibernate.SQL                        : select pd1_0.publishing_day_id,pd1_0.created_at,pd1_0.day,pd1_0.updated_at from publishing_day pd1_0 where pd1_0.day=?
Hibernate: select pd1_0.publishing_day_id,pd1_0.created_at,pd1_0.day,pd1_0.updated_at from publishing_day pd1_0 where pd1_0.day=?
2024-03-29T17:51:03.402+09:00 DEBUG 2896 --- [    Test worker] org.hibernate.SQL                        : insert into webtoon_publishing_day (created_at,publishing_day_id,updated_at,webtoon_id) values (?,?,?,?)
Hibernate: insert into webtoon_publishing_day (created_at,publishing_day_id,updated_at,webtoon_id) values (?,?,?,?)
가장 썩은 것을 줄게
2024-03-29T17:51:03.412+09:00 DEBUG 2896 --- [    Test worker] org.hibernate.SQL                        : insert into webtoon (created_at,description,no_youth,publication_status,thumbnail,title,updated_at) values (?,?,?,?,?,?,?)
Hibernate: insert into webtoon (created_at,description,no_youth,publication_status,thumbnail,title,updated_at) values (?,?,?,?,?,?,?)
2024-03-29T17:51:03.423+09:00 DEBUG 2896 --- [    Test worker] org.hibernate.SQL                        : select pd1_0.publishing_day_id,pd1_0.created_at,pd1_0.day,pd1_0.updated_at from publishing_day pd1_0 where pd1_0.day=?
Hibernate: select pd1_0.publishing_day_id,pd1_0.created_at,pd1_0.day,pd1_0.updated_at from publishing_day pd1_0 where pd1_0.day=?
2024-03-29T17:51:03.428+09:00 DEBUG 2896 --- [    Test worker] org.hibernate.SQL                        : insert into webtoon_publishing_day (created_at,publishing_day_id,updated_at,webtoon_id) values (?,?,?,?)
Hibernate: insert into webtoon_publishing_day (created_at,publishing_day_id,updated_at,webtoon_id) values (?,?,?,?)
서울역 드루이드
2024-03-29T17:51:03.437+09:00 DEBUG 2896 --- [    Test worker] org.hibernate.SQL                        : insert into webtoon (created_at,description,no_youth,publication_status,thumbnail,title,updated_at) values (?,?,?,?,?,?,?)
Hibernate: insert into webtoon (created_at,description,no_youth,publication_status,thumbnail,title,updated_at) values (?,?,?,?,?,?,?)
2024-03-29T17:51:03.448+09:00 DEBUG 2896 --- [    Test worker] org.hibernate.SQL                        : select pd1_0.publishing_day_id,pd1_0.created_at,pd1_0.day,pd1_0.updated_at from publishing_day pd1_0 where pd1_0.day=?
Hibernate: select pd1_0.publishing_day_id,pd1_0.created_at,pd1_0.day,pd1_0.updated_at from publishing_day pd1_0 where pd1_0.day=?
2024-03-29T17:51:03.452+09:00 DEBUG 2896 --- [    Test worker] org.hibernate.SQL                        : insert into webtoon_publishing_day (created_at,publishing_day_id,updated_at,webtoon_id) values (?,?,?,?)
Hibernate: insert into webtoon_publishing_day (created_at,publishing_day_id,updated_at,webtoon_id) values (?,?,?,?)
문제적 왕자님
2024-03-29T17:51:03.464+09:00 DEBUG 2896 --- [    Test worker] org.hibernate.SQL                        : insert into webtoon (created_at,description,no_youth,publication_status,thumbnail,title,updated_at) values (?,?,?,?,?,?,?)
Hibernate: insert into webtoon (created_at,description,no_youth,publication_status,thumbnail,title,updated_at) values (?,?,?,?,?,?,?)
2024-03-29T17:51:03.474+09:00 DEBUG 2896 --- [    Test worker] org.hibernate.SQL                        : select pd1_0.publishing_day_id,pd1_0.created_at,pd1_0.day,pd1_0.updated_at from publishing_day pd1_0 where pd1_0.day=?
Hibernate: select pd1_0.publishing_day_id,pd1_0.created_at,pd1_0.day,pd1_0.updated_at from publishing_day pd1_0 where pd1_0.day=?
2024-03-29T17:51:03.479+09:00 DEBUG 2896 --- [    Test worker] org.hibernate.SQL                        : insert into webtoon_publishing_day (created_at,publishing_day_id,updated_at,webtoon_id) values (?,?,?,?)
Hibernate: insert into webtoon_publishing_day (created_at,publishing_day_id,updated_at,webtoon_id) values (?,?,?,?)
연애의 기록
2024-03-29T17:51:03.491+09:00 DEBUG 2896 --- [    Test worker] org.hibernate.SQL                        : insert into webtoon (created_at,description,no_youth,publication_status,thumbnail,title,updated_at) values (?,?,?,?,?,?,?)
Hibernate: insert into webtoon (created_at,description,no_youth,publication_status,thumbnail,title,updated_at) values (?,?,?,?,?,?,?)
2024-03-29T17:51:03.502+09:00 DEBUG 2896 --- [    Test worker] org.hibernate.SQL                        : select pd1_0.publishing_day_id,pd1_0.created_at,pd1_0.day,pd1_0.updated_at from publishing_day pd1_0 where pd1_0.day=?
Hibernate: select pd1_0.publishing_day_id,pd1_0.created_at,pd1_0.day,pd1_0.updated_at from publishing_day pd1_0 where pd1_0.day=?
2024-03-29T17:51:03.507+09:00 DEBUG 2896 --- [    Test worker] org.hibernate.SQL                        : insert into webtoon_publishing_day (created_at,publishing_day_id,updated_at,webtoon_id) values (?,?,?,?)
Hibernate: insert into webtoon_publishing_day (created_at,publishing_day_id,updated_at,webtoon_id) values (?,?,?,?)
삼국지톡
2024-03-29T17:51:03.518+09:00 DEBUG 2896 --- [    Test worker] org.hibernate.SQL                        : insert into webtoon (created_at,description,no_youth,publication_status,thumbnail,title,updated_at) values (?,?,?,?,?,?,?)
Hibernate: insert into webtoon (created_at,description,no_youth,publication_status,thumbnail,title,updated_at) values (?,?,?,?,?,?,?)
2024-03-29T17:51:03.529+09:00 DEBUG 2896 --- [    Test worker] org.hibernate.SQL                        : select pd1_0.publishing_day_id,pd1_0.created_at,pd1_0.day,pd1_0.updated_at from publishing_day pd1_0 where pd1_0.day=?
Hibernate: select pd1_0.publishing_day_id,pd1_0.created_at,pd1_0.day,pd1_0.updated_at from publishing_day pd1_0 where pd1_0.day=?
2024-03-29T17:51:03.534+09:00 DEBUG 2896 --- [    Test worker] org.hibernate.SQL                        : insert into webtoon_publishing_day (created_at,publishing_day_id,updated_at,webtoon_id) values (?,?,?,?)
Hibernate: insert into webtoon_publishing_day (created_at,publishing_day_id,updated_at,webtoon_id) values (?,?,?,?)
말년용사
2024-03-29T17:51:03.546+09:00 DEBUG 2896 --- [    Test worker] org.hibernate.SQL                        : insert into webtoon (created_at,description,no_youth,publication_status,thumbnail,title,updated_at) values (?,?,?,?,?,?,?)
Hibernate: insert into webtoon (created_at,description,no_youth,publication_status,thumbnail,title,updated_at) values (?,?,?,?,?,?,?)
2024-03-29T17:51:03.557+09:00 DEBUG 2896 --- [    Test worker] org.hibernate.SQL                        : select pd1_0.publishing_day_id,pd1_0.created_at,pd1_0.day,pd1_0.updated_at from publishing_day pd1_0 where pd1_0.day=?
Hibernate: select pd1_0.publishing_day_id,pd1_0.created_at,pd1_0.day,pd1_0.updated_at from publishing_day pd1_0 where pd1_0.day=?
2024-03-29T17:51:03.562+09:00 DEBUG 2896 --- [    Test worker] org.hibernate.SQL                        : insert into webtoon_publishing_day (created_at,publishing_day_id,updated_at,webtoon_id) values (?,?,?,?)
Hibernate: insert into webtoon_publishing_day (created_at,publishing_day_id,updated_at,webtoon_id) values (?,?,?,?)
브레이커 : 이터널 포스
2024-03-29T17:51:03.573+09:00 DEBUG 2896 --- [    Test worker] org.hibernate.SQL                        : insert into webtoon (created_at,description,no_youth,publication_status,thumbnail,title,updated_at) values (?,?,?,?,?,?,?)
Hibernate: insert into webtoon (created_at,description,no_youth,publication_status,thumbnail,title,updated_at) values (?,?,?,?,?,?,?)
2024-03-29T17:51:03.585+09:00 DEBUG 2896 --- [    Test worker] org.hibernate.SQL                        : select pd1_0.publishing_day_id,pd1_0.created_at,pd1_0.day,pd1_0.updated_at from publishing_day pd1_0 where pd1_0.day=?
Hibernate: select pd1_0.publishing_day_id,pd1_0.created_at,pd1_0.day,pd1_0.updated_at from publishing_day pd1_0 where pd1_0.day=?
2024-03-29T17:51:03.590+09:00 DEBUG 2896 --- [    Test worker] org.hibernate.SQL                        : insert into webtoon_publishing_day (created_at,publishing_day_id,updated_at,webtoon_id) values (?,?,?,?)
Hibernate: insert into webtoon_publishing_day (created_at,publishing_day_id,updated_at,webtoon_id) values (?,?,?,?)
약탈 신부
2024-03-29T17:51:03.600+09:00 DEBUG 2896 --- [    Test worker] org.hibernate.SQL                        : insert into webtoon (created_at,description,no_youth,publication_status,thumbnail,title,updated_at) values (?,?,?,?,?,?,?)
Hibernate: insert into webtoon (created_at,description,no_youth,publication_status,thumbnail,title,updated_at) values (?,?,?,?,?,?,?)
2024-03-29T17:51:03.611+09:00 DEBUG 2896 --- [    Test worker] org.hibernate.SQL                        : select pd1_0.publishing_day_id,pd1_0.created_at,pd1_0.day,pd1_0.updated_at from publishing_day pd1_0 where pd1_0.day=?
Hibernate: select pd1_0.publishing_day_id,pd1_0.created_at,pd1_0.day,pd1_0.updated_at from publishing_day pd1_0 where pd1_0.day=?
2024-03-29T17:51:03.614+09:00 DEBUG 2896 --- [    Test worker] org.hibernate.SQL                        : insert into webtoon_publishing_day (created_at,publishing_day_id,updated_at,webtoon_id) values (?,?,?,?)
Hibernate: insert into webtoon_publishing_day (created_at,publishing_day_id,updated_at,webtoon_id) values (?,?,?,?)
대신 살쪄주는 여자
2024-03-29T17:51:03.625+09:00 DEBUG 2896 --- [    Test worker] org.hibernate.SQL                        : insert into webtoon (created_at,description,no_youth,publication_status,thumbnail,title,updated_at) values (?,?,?,?,?,?,?)
Hibernate: insert into webtoon (created_at,description,no_youth,publication_status,thumbnail,title,updated_at) values (?,?,?,?,?,?,?)
2024-03-29T17:51:03.633+09:00 DEBUG 2896 --- [    Test worker] org.hibernate.SQL                        : select pd1_0.publishing_day_id,pd1_0.created_at,pd1_0.day,pd1_0.updated_at from publishing_day pd1_0 where pd1_0.day=?
Hibernate: select pd1_0.publishing_day_id,pd1_0.created_at,pd1_0.day,pd1_0.updated_at from publishing_day pd1_0 where pd1_0.day=?
2024-03-29T17:51:03.638+09:00 DEBUG 2896 --- [    Test worker] org.hibernate.SQL                        : insert into webtoon_publishing_day (created_at,publishing_day_id,updated_at,webtoon_id) values (?,?,?,?)
Hibernate: insert into webtoon_publishing_day (created_at,publishing_day_id,updated_at,webtoon_id) values (?,?,?,?)
펜홀더
2024-03-29T17:51:03.646+09:00 DEBUG 2896 --- [    Test worker] org.hibernate.SQL                        : insert into webtoon (created_at,description,no_youth,publication_status,thumbnail,title,updated_at) values (?,?,?,?,?,?,?)
Hibernate: insert into webtoon (created_at,description,no_youth,publication_status,thumbnail,title,updated_at) values (?,?,?,?,?,?,?)
2024-03-29T17:51:03.655+09:00 DEBUG 2896 --- [    Test worker] org.hibernate.SQL                        : select pd1_0.publishing_day_id,pd1_0.created_at,pd1_0.day,pd1_0.updated_at from publishing_day pd1_0 where pd1_0.day=?
Hibernate: select pd1_0.publishing_day_id,pd1_0.created_at,pd1_0.day,pd1_0.updated_at from publishing_day pd1_0 where pd1_0.day=?
2024-03-29T17:51:03.660+09:00 DEBUG 2896 --- [    Test worker] org.hibernate.SQL                        : insert into webtoon_publishing_day (created_at,publishing_day_id,updated_at,webtoon_id) values (?,?,?,?)
Hibernate: insert into webtoon_publishing_day (created_at,publishing_day_id,updated_at,webtoon_id) values (?,?,?,?)
여동생은 오늘 밤 나를 간택한다
2024-03-29T17:51:03.669+09:00 DEBUG 2896 --- [    Test worker] org.hibernate.SQL                        : insert into webtoon (created_at,description,no_youth,publication_status,thumbnail,title,updated_at) values (?,?,?,?,?,?,?)
Hibernate: insert into webtoon (created_at,description,no_youth,publication_status,thumbnail,title,updated_at) values (?,?,?,?,?,?,?)
2024-03-29T17:51:03.681+09:00 DEBUG 2896 --- [    Test worker] org.hibernate.SQL                        : select pd1_0.publishing_day_id,pd1_0.created_at,pd1_0.day,pd1_0.updated_at from publishing_day pd1_0 where pd1_0.day=?
Hibernate: select pd1_0.publishing_day_id,pd1_0.created_at,pd1_0.day,pd1_0.updated_at from publishing_day pd1_0 where pd1_0.day=?
2024-03-29T17:51:03.686+09:00 DEBUG 2896 --- [    Test worker] org.hibernate.SQL                        : insert into webtoon_publishing_day (created_at,publishing_day_id,updated_at,webtoon_id) values (?,?,?,?)
Hibernate: insert into webtoon_publishing_day (created_at,publishing_day_id,updated_at,webtoon_id) values (?,?,?,?)
더 게이머
2024-03-29T17:51:03.696+09:00 DEBUG 2896 --- [    Test worker] org.hibernate.SQL                        : insert into webtoon (created_at,description,no_youth,publication_status,thumbnail,title,updated_at) values (?,?,?,?,?,?,?)
Hibernate: insert into webtoon (created_at,description,no_youth,publication_status,thumbnail,title,updated_at) values (?,?,?,?,?,?,?)
2024-03-29T17:51:03.708+09:00 DEBUG 2896 --- [    Test worker] org.hibernate.SQL                        : select pd1_0.publishing_day_id,pd1_0.created_at,pd1_0.day,pd1_0.updated_at from publishing_day pd1_0 where pd1_0.day=?
Hibernate: select pd1_0.publishing_day_id,pd1_0.created_at,pd1_0.day,pd1_0.updated_at from publishing_day pd1_0 where pd1_0.day=?
2024-03-29T17:51:03.714+09:00 DEBUG 2896 --- [    Test worker] org.hibernate.SQL                        : insert into webtoon_publishing_day (created_at,publishing_day_id,updated_at,webtoon_id) values (?,?,?,?)
Hibernate: insert into webtoon_publishing_day (created_at,publishing_day_id,updated_at,webtoon_id) values (?,?,?,?)
히어로 킬러
2024-03-29T17:51:03.725+09:00 DEBUG 2896 --- [    Test worker] org.hibernate.SQL                        : insert into webtoon (created_at,description,no_youth,publication_status,thumbnail,title,updated_at) values (?,?,?,?,?,?,?)
Hibernate: insert into webtoon (created_at,description,no_youth,publication_status,thumbnail,title,updated_at) values (?,?,?,?,?,?,?)
2024-03-29T17:51:03.738+09:00 DEBUG 2896 --- [    Test worker] org.hibernate.SQL                        : select pd1_0.publishing_day_id,pd1_0.created_at,pd1_0.day,pd1_0.updated_at from publishing_day pd1_0 where pd1_0.day=?
Hibernate: select pd1_0.publishing_day_id,pd1_0.created_at,pd1_0.day,pd1_0.updated_at from publishing_day pd1_0 where pd1_0.day=?
2024-03-29T17:51:03.744+09:00 DEBUG 2896 --- [    Test worker] org.hibernate.SQL                        : insert into webtoon_publishing_day (created_at,publishing_day_id,updated_at,webtoon_id) values (?,?,?,?)
Hibernate: insert into webtoon_publishing_day (created_at,publishing_day_id,updated_at,webtoon_id) values (?,?,?,?)
새동네
2024-03-29T17:51:03.756+09:00 DEBUG 2896 --- [    Test worker] org.hibernate.SQL                        : insert into webtoon (created_at,description,no_youth,publication_status,thumbnail,title,updated_at) values (?,?,?,?,?,?,?)
Hibernate: insert into webtoon (created_at,description,no_youth,publication_status,thumbnail,title,updated_at) values (?,?,?,?,?,?,?)
2024-03-29T17:51:03.766+09:00 DEBUG 2896 --- [    Test worker] org.hibernate.SQL                        : select pd1_0.publishing_day_id,pd1_0.created_at,pd1_0.day,pd1_0.updated_at from publishing_day pd1_0 where pd1_0.day=?
Hibernate: select pd1_0.publishing_day_id,pd1_0.created_at,pd1_0.day,pd1_0.updated_at from publishing_day pd1_0 where pd1_0.day=?
2024-03-29T17:51:03.771+09:00 DEBUG 2896 --- [    Test worker] org.hibernate.SQL                        : insert into webtoon_publishing_day (created_at,publishing_day_id,updated_at,webtoon_id) values (?,?,?,?)
Hibernate: insert into webtoon_publishing_day (created_at,publishing_day_id,updated_at,webtoon_id) values (?,?,?,?)
그렇게 물거품이 되어도
2024-03-29T17:51:03.780+09:00 DEBUG 2896 --- [    Test worker] org.hibernate.SQL                        : insert into webtoon (created_at,description,no_youth,publication_status,thumbnail,title,updated_at) values (?,?,?,?,?,?,?)
Hibernate: insert into webtoon (created_at,description,no_youth,publication_status,thumbnail,title,updated_at) values (?,?,?,?,?,?,?)
2024-03-29T17:51:03.791+09:00 DEBUG 2896 --- [    Test worker] org.hibernate.SQL                        : select pd1_0.publishing_day_id,pd1_0.created_at,pd1_0.day,pd1_0.updated_at from publishing_day pd1_0 where pd1_0.day=?
Hibernate: select pd1_0.publishing_day_id,pd1_0.created_at,pd1_0.day,pd1_0.updated_at from publishing_day pd1_0 where pd1_0.day=?
2024-03-29T17:51:03.795+09:00 DEBUG 2896 --- [    Test worker] org.hibernate.SQL                        : insert into webtoon_publishing_day (created_at,publishing_day_id,updated_at,webtoon_id) values (?,?,?,?)
Hibernate: insert into webtoon_publishing_day (created_at,publishing_day_id,updated_at,webtoon_id) values (?,?,?,?)
뫼신 사냥꾼
2024-03-29T17:51:03.806+09:00 DEBUG 2896 --- [    Test worker] org.hibernate.SQL                        : insert into webtoon (created_at,description,no_youth,publication_status,thumbnail,title,updated_at) values (?,?,?,?,?,?,?)
Hibernate: insert into webtoon (created_at,description,no_youth,publication_status,thumbnail,title,updated_at) values (?,?,?,?,?,?,?)
2024-03-29T17:51:03.817+09:00 DEBUG 2896 --- [    Test worker] org.hibernate.SQL                        : select pd1_0.publishing_day_id,pd1_0.created_at,pd1_0.day,pd1_0.updated_at from publishing_day pd1_0 where pd1_0.day=?
Hibernate: select pd1_0.publishing_day_id,pd1_0.created_at,pd1_0.day,pd1_0.updated_at from publishing_day pd1_0 where pd1_0.day=?
2024-03-29T17:51:03.822+09:00 DEBUG 2896 --- [    Test worker] org.hibernate.SQL                        : insert into webtoon_publishing_day (created_at,publishing_day_id,updated_at,webtoon_id) values (?,?,?,?)
Hibernate: insert into webtoon_publishing_day (created_at,publishing_day_id,updated_at,webtoon_id) values (?,?,?,?)
그 기사가 레이디로 사는 법
2024-03-29T17:51:03.831+09:00 DEBUG 2896 --- [    Test worker] org.hibernate.SQL                        : insert into webtoon (created_at,description,no_youth,publication_status,thumbnail,title,updated_at) values (?,?,?,?,?,?,?)
Hibernate: insert into webtoon (created_at,description,no_youth,publication_status,thumbnail,title,updated_at) values (?,?,?,?,?,?,?)
2024-03-29T17:51:03.841+09:00 DEBUG 2896 --- [    Test worker] org.hibernate.SQL                        : select pd1_0.publishing_day_id,pd1_0.created_at,pd1_0.day,pd1_0.updated_at from publishing_day pd1_0 where pd1_0.day=?
Hibernate: select pd1_0.publishing_day_id,pd1_0.created_at,pd1_0.day,pd1_0.updated_at from publishing_day pd1_0 where pd1_0.day=?
2024-03-29T17:51:03.846+09:00 DEBUG 2896 --- [    Test worker] org.hibernate.SQL                        : insert into webtoon_publishing_day (created_at,publishing_day_id,updated_at,webtoon_id) values (?,?,?,?)
Hibernate: insert into webtoon_publishing_day (created_at,publishing_day_id,updated_at,webtoon_id) values (?,?,?,?)
미친 후작을 길들이고 말았다
2024-03-29T17:51:03.854+09:00 DEBUG 2896 --- [    Test worker] org.hibernate.SQL                        : insert into webtoon (created_at,description,no_youth,publication_status,thumbnail,title,updated_at) values (?,?,?,?,?,?,?)
Hibernate: insert into webtoon (created_at,description,no_youth,publication_status,thumbnail,title,updated_at) values (?,?,?,?,?,?,?)
2024-03-29T17:51:03.864+09:00 DEBUG 2896 --- [    Test worker] org.hibernate.SQL                        : select pd1_0.publishing_day_id,pd1_0.created_at,pd1_0.day,pd1_0.updated_at from publishing_day pd1_0 where pd1_0.day=?
Hibernate: select pd1_0.publishing_day_id,pd1_0.created_at,pd1_0.day,pd1_0.updated_at from publishing_day pd1_0 where pd1_0.day=?
2024-03-29T17:51:03.869+09:00 DEBUG 2896 --- [    Test worker] org.hibernate.SQL                        : insert into webtoon_publishing_day (created_at,publishing_day_id,updated_at,webtoon_id) values (?,?,?,?)
Hibernate: insert into webtoon_publishing_day (created_at,publishing_day_id,updated_at,webtoon_id) values (?,?,?,?)
플레이어
2024-03-29T17:51:03.880+09:00 DEBUG 2896 --- [    Test worker] org.hibernate.SQL                        : insert into webtoon (created_at,description,no_youth,publication_status,thumbnail,title,updated_at) values (?,?,?,?,?,?,?)
Hibernate: insert into webtoon (created_at,description,no_youth,publication_status,thumbnail,title,updated_at) values (?,?,?,?,?,?,?)
2024-03-29T17:51:03.892+09:00 DEBUG 2896 --- [    Test worker] org.hibernate.SQL                        : select pd1_0.publishing_day_id,pd1_0.created_at,pd1_0.day,pd1_0.updated_at from publishing_day pd1_0 where pd1_0.day=?
Hibernate: select pd1_0.publishing_day_id,pd1_0.created_at,pd1_0.day,pd1_0.updated_at from publishing_day pd1_0 where pd1_0.day=?
2024-03-29T17:51:03.896+09:00 DEBUG 2896 --- [    Test worker] org.hibernate.SQL                        : insert into webtoon_publishing_day (created_at,publishing_day_id,updated_at,webtoon_id) values (?,?,?,?)
Hibernate: insert into webtoon_publishing_day (created_at,publishing_day_id,updated_at,webtoon_id) values (?,?,?,?)
벌집
2024-03-29T17:51:03.908+09:00 DEBUG 2896 --- [    Test worker] org.hibernate.SQL                        : insert into webtoon (created_at,description,no_youth,publication_status,thumbnail,title,updated_at) values (?,?,?,?,?,?,?)
Hibernate: insert into webtoon (created_at,description,no_youth,publication_status,thumbnail,title,updated_at) values (?,?,?,?,?,?,?)
2024-03-29T17:51:03.923+09:00 DEBUG 2896 --- [    Test worker] org.hibernate.SQL                        : select pd1_0.publishing_day_id,pd1_0.created_at,pd1_0.day,pd1_0.updated_at from publishing_day pd1_0 where pd1_0.day=?
Hibernate: select pd1_0.publishing_day_id,pd1_0.created_at,pd1_0.day,pd1_0.updated_at from publishing_day pd1_0 where pd1_0.day=?
2024-03-29T17:51:03.928+09:00 DEBUG 2896 --- [    Test worker] org.hibernate.SQL                        : insert into webtoon_publishing_day (created_at,publishing_day_id,updated_at,webtoon_id) values (?,?,?,?)
Hibernate: insert into webtoon_publishing_day (created_at,publishing_day_id,updated_at,webtoon_id) values (?,?,?,?)
온리호프
2024-03-29T17:51:03.939+09:00 DEBUG 2896 --- [    Test worker] org.hibernate.SQL                        : insert into webtoon (created_at,description,no_youth,publication_status,thumbnail,title,updated_at) values (?,?,?,?,?,?,?)
Hibernate: insert into webtoon (created_at,description,no_youth,publication_status,thumbnail,title,updated_at) values (?,?,?,?,?,?,?)
2024-03-29T17:51:03.949+09:00 DEBUG 2896 --- [    Test worker] org.hibernate.SQL                        : select pd1_0.publishing_day_id,pd1_0.created_at,pd1_0.day,pd1_0.updated_at from publishing_day pd1_0 where pd1_0.day=?
Hibernate: select pd1_0.publishing_day_id,pd1_0.created_at,pd1_0.day,pd1_0.updated_at from publishing_day pd1_0 where pd1_0.day=?
2024-03-29T17:51:03.953+09:00 DEBUG 2896 --- [    Test worker] org.hibernate.SQL                        : insert into webtoon_publishing_day (created_at,publishing_day_id,updated_at,webtoon_id) values (?,?,?,?)
Hibernate: insert into webtoon_publishing_day (created_at,publishing_day_id,updated_at,webtoon_id) values (?,?,?,?)
도깨비의 밤
2024-03-29T17:51:03.963+09:00 DEBUG 2896 --- [    Test worker] org.hibernate.SQL                        : insert into webtoon (created_at,description,no_youth,publication_status,thumbnail,title,updated_at) values (?,?,?,?,?,?,?)
Hibernate: insert into webtoon (created_at,description,no_youth,publication_status,thumbnail,title,updated_at) values (?,?,?,?,?,?,?)
2024-03-29T17:51:03.973+09:00 DEBUG 2896 --- [    Test worker] org.hibernate.SQL                        : select pd1_0.publishing_day_id,pd1_0.created_at,pd1_0.day,pd1_0.updated_at from publishing_day pd1_0 where pd1_0.day=?
Hibernate: select pd1_0.publishing_day_id,pd1_0.created_at,pd1_0.day,pd1_0.updated_at from publishing_day pd1_0 where pd1_0.day=?
2024-03-29T17:51:03.992+09:00 DEBUG 2896 --- [    Test worker] org.hibernate.SQL                        : insert into webtoon_publishing_day (created_at,publishing_day_id,updated_at,webtoon_id) values (?,?,?,?)
Hibernate: insert into webtoon_publishing_day (created_at,publishing_day_id,updated_at,webtoon_id) values (?,?,?,?)
흑요석의 신부
2024-03-29T17:51:04.003+09:00 DEBUG 2896 --- [    Test worker] org.hibernate.SQL                        : insert into webtoon (created_at,description,no_youth,publication_status,thumbnail,title,updated_at) values (?,?,?,?,?,?,?)
Hibernate: insert into webtoon (created_at,description,no_youth,publication_status,thumbnail,title,updated_at) values (?,?,?,?,?,?,?)
2024-03-29T17:51:04.012+09:00 DEBUG 2896 --- [    Test worker] org.hibernate.SQL                        : select pd1_0.publishing_day_id,pd1_0.created_at,pd1_0.day,pd1_0.updated_at from publishing_day pd1_0 where pd1_0.day=?
Hibernate: select pd1_0.publishing_day_id,pd1_0.created_at,pd1_0.day,pd1_0.updated_at from publishing_day pd1_0 where pd1_0.day=?
2024-03-29T17:51:04.017+09:00 DEBUG 2896 --- [    Test worker] org.hibernate.SQL                        : insert into webtoon_publishing_day (created_at,publishing_day_id,updated_at,webtoon_id) values (?,?,?,?)
Hibernate: insert into webtoon_publishing_day (created_at,publishing_day_id,updated_at,webtoon_id) values (?,?,?,?)
도무지 그애는
2024-03-29T17:51:04.026+09:00 DEBUG 2896 --- [    Test worker] org.hibernate.SQL                        : insert into webtoon (created_at,description,no_youth,publication_status,thumbnail,title,updated_at) values (?,?,?,?,?,?,?)
Hibernate: insert into webtoon (created_at,description,no_youth,publication_status,thumbnail,title,updated_at) values (?,?,?,?,?,?,?)
2024-03-29T17:51:04.036+09:00 DEBUG 2896 --- [    Test worker] org.hibernate.SQL                        : select pd1_0.publishing_day_id,pd1_0.created_at,pd1_0.day,pd1_0.updated_at from publishing_day pd1_0 where pd1_0.day=?
Hibernate: select pd1_0.publishing_day_id,pd1_0.created_at,pd1_0.day,pd1_0.updated_at from publishing_day pd1_0 where pd1_0.day=?
2024-03-29T17:51:04.042+09:00 DEBUG 2896 --- [    Test worker] org.hibernate.SQL                        : insert into webtoon_publishing_day (created_at,publishing_day_id,updated_at,webtoon_id) values (?,?,?,?)
Hibernate: insert into webtoon_publishing_day (created_at,publishing_day_id,updated_at,webtoon_id) values (?,?,?,?)
아카데미에서 살아남기
2024-03-29T17:51:04.052+09:00 DEBUG 2896 --- [    Test worker] org.hibernate.SQL                        : insert into webtoon (created_at,description,no_youth,publication_status,thumbnail,title,updated_at) values (?,?,?,?,?,?,?)
Hibernate: insert into webtoon (created_at,description,no_youth,publication_status,thumbnail,title,updated_at) values (?,?,?,?,?,?,?)
2024-03-29T17:51:04.064+09:00 DEBUG 2896 --- [    Test worker] org.hibernate.SQL                        : select pd1_0.publishing_day_id,pd1_0.created_at,pd1_0.day,pd1_0.updated_at from publishing_day pd1_0 where pd1_0.day=?
Hibernate: select pd1_0.publishing_day_id,pd1_0.created_at,pd1_0.day,pd1_0.updated_at from publishing_day pd1_0 where pd1_0.day=?
2024-03-29T17:51:04.068+09:00 DEBUG 2896 --- [    Test worker] org.hibernate.SQL                        : insert into webtoon_publishing_day (created_at,publishing_day_id,updated_at,webtoon_id) values (?,?,?,?)
Hibernate: insert into webtoon_publishing_day (created_at,publishing_day_id,updated_at,webtoon_id) values (?,?,?,?)
대위님! 이번 전쟁터는 이곳인가요?
2024-03-29T17:51:04.078+09:00 DEBUG 2896 --- [    Test worker] org.hibernate.SQL                        : insert into webtoon (created_at,description,no_youth,publication_status,thumbnail,title,updated_at) values (?,?,?,?,?,?,?)
Hibernate: insert into webtoon (created_at,description,no_youth,publication_status,thumbnail,title,updated_at) values (?,?,?,?,?,?,?)
2024-03-29T17:51:04.090+09:00 DEBUG 2896 --- [    Test worker] org.hibernate.SQL                        : select pd1_0.publishing_day_id,pd1_0.created_at,pd1_0.day,pd1_0.updated_at from publishing_day pd1_0 where pd1_0.day=?
Hibernate: select pd1_0.publishing_day_id,pd1_0.created_at,pd1_0.day,pd1_0.updated_at from publishing_day pd1_0 where pd1_0.day=?
2024-03-29T17:51:04.096+09:00 DEBUG 2896 --- [    Test worker] org.hibernate.SQL                        : insert into webtoon_publishing_day (created_at,publishing_day_id,updated_at,webtoon_id) values (?,?,?,?)
Hibernate: insert into webtoon_publishing_day (created_at,publishing_day_id,updated_at,webtoon_id) values (?,?,?,?)
소름일기
2024-03-29T17:51:04.109+09:00 DEBUG 2896 --- [    Test worker] org.hibernate.SQL                        : insert into webtoon (created_at,description,no_youth,publication_status,thumbnail,title,updated_at) values (?,?,?,?,?,?,?)
Hibernate: insert into webtoon (created_at,description,no_youth,publication_status,thumbnail,title,updated_at) values (?,?,?,?,?,?,?)
2024-03-29T17:51:04.122+09:00 DEBUG 2896 --- [    Test worker] org.hibernate.SQL                        : select pd1_0.publishing_day_id,pd1_0.created_at,pd1_0.day,pd1_0.updated_at from publishing_day pd1_0 where pd1_0.day=?
Hibernate: select pd1_0.publishing_day_id,pd1_0.created_at,pd1_0.day,pd1_0.updated_at from publishing_day pd1_0 where pd1_0.day=?
2024-03-29T17:51:04.128+09:00 DEBUG 2896 --- [    Test worker] org.hibernate.SQL                        : insert into webtoon_publishing_day (created_at,publishing_day_id,updated_at,webtoon_id) values (?,?,?,?)
Hibernate: insert into webtoon_publishing_day (created_at,publishing_day_id,updated_at,webtoon_id) values (?,?,?,?)
뼈왕
2024-03-29T17:51:04.140+09:00 DEBUG 2896 --- [    Test worker] org.hibernate.SQL                        : insert into webtoon (created_at,description,no_youth,publication_status,thumbnail,title,updated_at) values (?,?,?,?,?,?,?)
Hibernate: insert into webtoon (created_at,description,no_youth,publication_status,thumbnail,title,updated_at) values (?,?,?,?,?,?,?)
2024-03-29T17:51:04.151+09:00 DEBUG 2896 --- [    Test worker] org.hibernate.SQL                        : select pd1_0.publishing_day_id,pd1_0.created_at,pd1_0.day,pd1_0.updated_at from publishing_day pd1_0 where pd1_0.day=?
Hibernate: select pd1_0.publishing_day_id,pd1_0.created_at,pd1_0.day,pd1_0.updated_at from publishing_day pd1_0 where pd1_0.day=?
2024-03-29T17:51:04.157+09:00 DEBUG 2896 --- [    Test worker] org.hibernate.SQL                        : insert into webtoon_publishing_day (created_at,publishing_day_id,updated_at,webtoon_id) values (?,?,?,?)
Hibernate: insert into webtoon_publishing_day (created_at,publishing_day_id,updated_at,webtoon_id) values (?,?,?,?)
공동급식구역
2024-03-29T17:51:04.168+09:00 DEBUG 2896 --- [    Test worker] org.hibernate.SQL                        : insert into webtoon (created_at,description,no_youth,publication_status,thumbnail,title,updated_at) values (?,?,?,?,?,?,?)
Hibernate: insert into webtoon (created_at,description,no_youth,publication_status,thumbnail,title,updated_at) values (?,?,?,?,?,?,?)
2024-03-29T17:51:04.179+09:00 DEBUG 2896 --- [    Test worker] org.hibernate.SQL                        : select pd1_0.publishing_day_id,pd1_0.created_at,pd1_0.day,pd1_0.updated_at from publishing_day pd1_0 where pd1_0.day=?
Hibernate: select pd1_0.publishing_day_id,pd1_0.created_at,pd1_0.day,pd1_0.updated_at from publishing_day pd1_0 where pd1_0.day=?
2024-03-29T17:51:04.184+09:00 DEBUG 2896 --- [    Test worker] org.hibernate.SQL                        : insert into webtoon_publishing_day (created_at,publishing_day_id,updated_at,webtoon_id) values (?,?,?,?)
Hibernate: insert into webtoon_publishing_day (created_at,publishing_day_id,updated_at,webtoon_id) values (?,?,?,?)
소곤소곤2
2024-03-29T17:51:04.195+09:00 DEBUG 2896 --- [    Test worker] org.hibernate.SQL                        : insert into webtoon (created_at,description,no_youth,publication_status,thumbnail,title,updated_at) values (?,?,?,?,?,?,?)
Hibernate: insert into webtoon (created_at,description,no_youth,publication_status,thumbnail,title,updated_at) values (?,?,?,?,?,?,?)
2024-03-29T17:51:04.206+09:00 DEBUG 2896 --- [    Test worker] org.hibernate.SQL                        : select pd1_0.publishing_day_id,pd1_0.created_at,pd1_0.day,pd1_0.updated_at from publishing_day pd1_0 where pd1_0.day=?
Hibernate: select pd1_0.publishing_day_id,pd1_0.created_at,pd1_0.day,pd1_0.updated_at from publishing_day pd1_0 where pd1_0.day=?
2024-03-29T17:51:04.211+09:00 DEBUG 2896 --- [    Test worker] org.hibernate.SQL                        : insert into webtoon_publishing_day (created_at,publishing_day_id,updated_at,webtoon_id) values (?,?,?,?)
Hibernate: insert into webtoon_publishing_day (created_at,publishing_day_id,updated_at,webtoon_id) values (?,?,?,?)
킬 더 드래곤
2024-03-29T17:51:04.221+09:00 DEBUG 2896 --- [    Test worker] org.hibernate.SQL                        : insert into webtoon (created_at,description,no_youth,publication_status,thumbnail,title,updated_at) values (?,?,?,?,?,?,?)
Hibernate: insert into webtoon (created_at,description,no_youth,publication_status,thumbnail,title,updated_at) values (?,?,?,?,?,?,?)
2024-03-29T17:51:04.231+09:00 DEBUG 2896 --- [    Test worker] org.hibernate.SQL                        : select pd1_0.publishing_day_id,pd1_0.created_at,pd1_0.day,pd1_0.updated_at from publishing_day pd1_0 where pd1_0.day=?
Hibernate: select pd1_0.publishing_day_id,pd1_0.created_at,pd1_0.day,pd1_0.updated_at from publishing_day pd1_0 where pd1_0.day=?
2024-03-29T17:51:04.235+09:00 DEBUG 2896 --- [    Test worker] org.hibernate.SQL                        : insert into webtoon_publishing_day (created_at,publishing_day_id,updated_at,webtoon_id) values (?,?,?,?)
Hibernate: insert into webtoon_publishing_day (created_at,publishing_day_id,updated_at,webtoon_id) values (?,?,?,?)
로또 황녀님
2024-03-29T17:51:04.245+09:00 DEBUG 2896 --- [    Test worker] org.hibernate.SQL                        : insert into webtoon (created_at,description,no_youth,publication_status,thumbnail,title,updated_at) values (?,?,?,?,?,?,?)
Hibernate: insert into webtoon (created_at,description,no_youth,publication_status,thumbnail,title,updated_at) values (?,?,?,?,?,?,?)
2024-03-29T17:51:04.256+09:00 DEBUG 2896 --- [    Test worker] org.hibernate.SQL                        : select pd1_0.publishing_day_id,pd1_0.created_at,pd1_0.day,pd1_0.updated_at from publishing_day pd1_0 where pd1_0.day=?
Hibernate: select pd1_0.publishing_day_id,pd1_0.created_at,pd1_0.day,pd1_0.updated_at from publishing_day pd1_0 where pd1_0.day=?
2024-03-29T17:51:04.260+09:00 DEBUG 2896 --- [    Test worker] org.hibernate.SQL                        : insert into webtoon_publishing_day (created_at,publishing_day_id,updated_at,webtoon_id) values (?,?,?,?)
Hibernate: insert into webtoon_publishing_day (created_at,publishing_day_id,updated_at,webtoon_id) values (?,?,?,?)
웅크
2024-03-29T17:51:04.269+09:00 DEBUG 2896 --- [    Test worker] org.hibernate.SQL                        : insert into webtoon (created_at,description,no_youth,publication_status,thumbnail,title,updated_at) values (?,?,?,?,?,?,?)
Hibernate: insert into webtoon (created_at,description,no_youth,publication_status,thumbnail,title,updated_at) values (?,?,?,?,?,?,?)
2024-03-29T17:51:04.282+09:00 DEBUG 2896 --- [    Test worker] org.hibernate.SQL                        : select pd1_0.publishing_day_id,pd1_0.created_at,pd1_0.day,pd1_0.updated_at from publishing_day pd1_0 where pd1_0.day=?
Hibernate: select pd1_0.publishing_day_id,pd1_0.created_at,pd1_0.day,pd1_0.updated_at from publishing_day pd1_0 where pd1_0.day=?
2024-03-29T17:51:04.286+09:00 DEBUG 2896 --- [    Test worker] org.hibernate.SQL                        : insert into webtoon_publishing_day (created_at,publishing_day_id,updated_at,webtoon_id) values (?,?,?,?)
Hibernate: insert into webtoon_publishing_day (created_at,publishing_day_id,updated_at,webtoon_id) values (?,?,?,?)
스윗 싱가포르
2024-03-29T17:51:04.296+09:00 DEBUG 2896 --- [    Test worker] org.hibernate.SQL                        : insert into webtoon (created_at,description,no_youth,publication_status,thumbnail,title,updated_at) values (?,?,?,?,?,?,?)
Hibernate: insert into webtoon (created_at,description,no_youth,publication_status,thumbnail,title,updated_at) values (?,?,?,?,?,?,?)
2024-03-29T17:51:04.308+09:00 DEBUG 2896 --- [    Test worker] org.hibernate.SQL                        : select pd1_0.publishing_day_id,pd1_0.created_at,pd1_0.day,pd1_0.updated_at from publishing_day pd1_0 where pd1_0.day=?
Hibernate: select pd1_0.publishing_day_id,pd1_0.created_at,pd1_0.day,pd1_0.updated_at from publishing_day pd1_0 where pd1_0.day=?
2024-03-29T17:51:04.312+09:00 DEBUG 2896 --- [    Test worker] org.hibernate.SQL                        : insert into webtoon_publishing_day (created_at,publishing_day_id,updated_at,webtoon_id) values (?,?,?,?)
Hibernate: insert into webtoon_publishing_day (created_at,publishing_day_id,updated_at,webtoon_id) values (?,?,?,?)
그 남자의 정원
2024-03-29T17:51:04.323+09:00 DEBUG 2896 --- [    Test worker] org.hibernate.SQL                        : insert into webtoon (created_at,description,no_youth,publication_status,thumbnail,title,updated_at) values (?,?,?,?,?,?,?)
Hibernate: insert into webtoon (created_at,description,no_youth,publication_status,thumbnail,title,updated_at) values (?,?,?,?,?,?,?)
2024-03-29T17:51:04.333+09:00 DEBUG 2896 --- [    Test worker] org.hibernate.SQL                        : select pd1_0.publishing_day_id,pd1_0.created_at,pd1_0.day,pd1_0.updated_at from publishing_day pd1_0 where pd1_0.day=?
Hibernate: select pd1_0.publishing_day_id,pd1_0.created_at,pd1_0.day,pd1_0.updated_at from publishing_day pd1_0 where pd1_0.day=?
2024-03-29T17:51:04.338+09:00 DEBUG 2896 --- [    Test worker] org.hibernate.SQL                        : insert into webtoon_publishing_day (created_at,publishing_day_id,updated_at,webtoon_id) values (?,?,?,?)
Hibernate: insert into webtoon_publishing_day (created_at,publishing_day_id,updated_at,webtoon_id) values (?,?,?,?)
세자와 세자빈의 계약혼인전
2024-03-29T17:51:04.347+09:00 DEBUG 2896 --- [    Test worker] org.hibernate.SQL                        : insert into webtoon (created_at,description,no_youth,publication_status,thumbnail,title,updated_at) values (?,?,?,?,?,?,?)
Hibernate: insert into webtoon (created_at,description,no_youth,publication_status,thumbnail,title,updated_at) values (?,?,?,?,?,?,?)
2024-03-29T17:51:04.358+09:00 DEBUG 2896 --- [    Test worker] org.hibernate.SQL                        : select pd1_0.publishing_day_id,pd1_0.created_at,pd1_0.day,pd1_0.updated_at from publishing_day pd1_0 where pd1_0.day=?
Hibernate: select pd1_0.publishing_day_id,pd1_0.created_at,pd1_0.day,pd1_0.updated_at from publishing_day pd1_0 where pd1_0.day=?
2024-03-29T17:51:04.363+09:00 DEBUG 2896 --- [    Test worker] org.hibernate.SQL                        : insert into webtoon_publishing_day (created_at,publishing_day_id,updated_at,webtoon_id) values (?,?,?,?)
Hibernate: insert into webtoon_publishing_day (created_at,publishing_day_id,updated_at,webtoon_id) values (?,?,?,?)
무제인간
2024-03-29T17:51:04.373+09:00 DEBUG 2896 --- [    Test worker] org.hibernate.SQL                        : insert into webtoon (created_at,description,no_youth,publication_status,thumbnail,title,updated_at) values (?,?,?,?,?,?,?)
Hibernate: insert into webtoon (created_at,description,no_youth,publication_status,thumbnail,title,updated_at) values (?,?,?,?,?,?,?)
2024-03-29T17:51:04.383+09:00 DEBUG 2896 --- [    Test worker] org.hibernate.SQL                        : select pd1_0.publishing_day_id,pd1_0.created_at,pd1_0.day,pd1_0.updated_at from publishing_day pd1_0 where pd1_0.day=?
Hibernate: select pd1_0.publishing_day_id,pd1_0.created_at,pd1_0.day,pd1_0.updated_at from publishing_day pd1_0 where pd1_0.day=?
2024-03-29T17:51:04.388+09:00 DEBUG 2896 --- [    Test worker] org.hibernate.SQL                        : insert into webtoon_publishing_day (created_at,publishing_day_id,updated_at,webtoon_id) values (?,?,?,?)
Hibernate: insert into webtoon_publishing_day (created_at,publishing_day_id,updated_at,webtoon_id) values (?,?,?,?)
그냥 선생님
2024-03-29T17:51:04.398+09:00 DEBUG 2896 --- [    Test worker] org.hibernate.SQL                        : insert into webtoon (created_at,description,no_youth,publication_status,thumbnail,title,updated_at) values (?,?,?,?,?,?,?)
Hibernate: insert into webtoon (created_at,description,no_youth,publication_status,thumbnail,title,updated_at) values (?,?,?,?,?,?,?)
2024-03-29T17:51:04.410+09:00 DEBUG 2896 --- [    Test worker] org.hibernate.SQL                        : select pd1_0.publishing_day_id,pd1_0.created_at,pd1_0.day,pd1_0.updated_at from publishing_day pd1_0 where pd1_0.day=?
Hibernate: select pd1_0.publishing_day_id,pd1_0.created_at,pd1_0.day,pd1_0.updated_at from publishing_day pd1_0 where pd1_0.day=?
2024-03-29T17:51:04.415+09:00 DEBUG 2896 --- [    Test worker] org.hibernate.SQL                        : insert into webtoon_publishing_day (created_at,publishing_day_id,updated_at,webtoon_id) values (?,?,?,?)
Hibernate: insert into webtoon_publishing_day (created_at,publishing_day_id,updated_at,webtoon_id) values (?,?,?,?)
야수라는 공작에게 시집왔는데
2024-03-29T17:51:04.427+09:00 DEBUG 2896 --- [    Test worker] org.hibernate.SQL                        : insert into webtoon (created_at,description,no_youth,publication_status,thumbnail,title,updated_at) values (?,?,?,?,?,?,?)
Hibernate: insert into webtoon (created_at,description,no_youth,publication_status,thumbnail,title,updated_at) values (?,?,?,?,?,?,?)
2024-03-29T17:51:04.437+09:00 DEBUG 2896 --- [    Test worker] org.hibernate.SQL                        : select pd1_0.publishing_day_id,pd1_0.created_at,pd1_0.day,pd1_0.updated_at from publishing_day pd1_0 where pd1_0.day=?
Hibernate: select pd1_0.publishing_day_id,pd1_0.created_at,pd1_0.day,pd1_0.updated_at from publishing_day pd1_0 where pd1_0.day=?
2024-03-29T17:51:04.441+09:00 DEBUG 2896 --- [    Test worker] org.hibernate.SQL                        : insert into webtoon_publishing_day (created_at,publishing_day_id,updated_at,webtoon_id) values (?,?,?,?)
Hibernate: insert into webtoon_publishing_day (created_at,publishing_day_id,updated_at,webtoon_id) values (?,?,?,?)
복수 법률사무소
2024-03-29T17:51:04.451+09:00 DEBUG 2896 --- [    Test worker] org.hibernate.SQL                        : insert into webtoon (created_at,description,no_youth,publication_status,thumbnail,title,updated_at) values (?,?,?,?,?,?,?)
Hibernate: insert into webtoon (created_at,description,no_youth,publication_status,thumbnail,title,updated_at) values (?,?,?,?,?,?,?)
2024-03-29T17:51:04.461+09:00 DEBUG 2896 --- [    Test worker] org.hibernate.SQL                        : select pd1_0.publishing_day_id,pd1_0.created_at,pd1_0.day,pd1_0.updated_at from publishing_day pd1_0 where pd1_0.day=?
Hibernate: select pd1_0.publishing_day_id,pd1_0.created_at,pd1_0.day,pd1_0.updated_at from publishing_day pd1_0 where pd1_0.day=?
2024-03-29T17:51:04.466+09:00 DEBUG 2896 --- [    Test worker] org.hibernate.SQL                        : insert into webtoon_publishing_day (created_at,publishing_day_id,updated_at,webtoon_id) values (?,?,?,?)
Hibernate: insert into webtoon_publishing_day (created_at,publishing_day_id,updated_at,webtoon_id) values (?,?,?,?)
걔의 질투
2024-03-29T17:51:04.476+09:00 DEBUG 2896 --- [    Test worker] org.hibernate.SQL                        : insert into webtoon (created_at,description,no_youth,publication_status,thumbnail,title,updated_at) values (?,?,?,?,?,?,?)
Hibernate: insert into webtoon (created_at,description,no_youth,publication_status,thumbnail,title,updated_at) values (?,?,?,?,?,?,?)
2024-03-29T17:51:04.485+09:00 DEBUG 2896 --- [    Test worker] org.hibernate.SQL                        : select pd1_0.publishing_day_id,pd1_0.created_at,pd1_0.day,pd1_0.updated_at from publishing_day pd1_0 where pd1_0.day=?
Hibernate: select pd1_0.publishing_day_id,pd1_0.created_at,pd1_0.day,pd1_0.updated_at from publishing_day pd1_0 where pd1_0.day=?
2024-03-29T17:51:04.489+09:00 DEBUG 2896 --- [    Test worker] org.hibernate.SQL                        : insert into webtoon_publishing_day (created_at,publishing_day_id,updated_at,webtoon_id) values (?,?,?,?)
Hibernate: insert into webtoon_publishing_day (created_at,publishing_day_id,updated_at,webtoon_id) values (?,?,?,?)
후덜덜덜 남극전자
2024-03-29T17:51:04.499+09:00 DEBUG 2896 --- [    Test worker] org.hibernate.SQL                        : insert into webtoon (created_at,description,no_youth,publication_status,thumbnail,title,updated_at) values (?,?,?,?,?,?,?)
Hibernate: insert into webtoon (created_at,description,no_youth,publication_status,thumbnail,title,updated_at) values (?,?,?,?,?,?,?)
2024-03-29T17:51:04.510+09:00 DEBUG 2896 --- [    Test worker] org.hibernate.SQL                        : select pd1_0.publishing_day_id,pd1_0.created_at,pd1_0.day,pd1_0.updated_at from publishing_day pd1_0 where pd1_0.day=?
Hibernate: select pd1_0.publishing_day_id,pd1_0.created_at,pd1_0.day,pd1_0.updated_at from publishing_day pd1_0 where pd1_0.day=?
2024-03-29T17:51:04.514+09:00 DEBUG 2896 --- [    Test worker] org.hibernate.SQL                        : insert into webtoon_publishing_day (created_at,publishing_day_id,updated_at,webtoon_id) values (?,?,?,?)
Hibernate: insert into webtoon_publishing_day (created_at,publishing_day_id,updated_at,webtoon_id) values (?,?,?,?)
센스제로
2024-03-29T17:51:04.525+09:00 DEBUG 2896 --- [    Test worker] org.hibernate.SQL                        : insert into webtoon (created_at,description,no_youth,publication_status,thumbnail,title,updated_at) values (?,?,?,?,?,?,?)
Hibernate: insert into webtoon (created_at,description,no_youth,publication_status,thumbnail,title,updated_at) values (?,?,?,?,?,?,?)
2024-03-29T17:51:04.538+09:00 DEBUG 2896 --- [    Test worker] org.hibernate.SQL                        : select pd1_0.publishing_day_id,pd1_0.created_at,pd1_0.day,pd1_0.updated_at from publishing_day pd1_0 where pd1_0.day=?
Hibernate: select pd1_0.publishing_day_id,pd1_0.created_at,pd1_0.day,pd1_0.updated_at from publishing_day pd1_0 where pd1_0.day=?
2024-03-29T17:51:04.543+09:00 DEBUG 2896 --- [    Test worker] org.hibernate.SQL                        : insert into webtoon_publishing_day (created_at,publishing_day_id,updated_at,webtoon_id) values (?,?,?,?)
Hibernate: insert into webtoon_publishing_day (created_at,publishing_day_id,updated_at,webtoon_id) values (?,?,?,?)
여름의 너에게
2024-03-29T17:51:04.553+09:00 DEBUG 2896 --- [    Test worker] org.hibernate.SQL                        : insert into webtoon (created_at,description,no_youth,publication_status,thumbnail,title,updated_at) values (?,?,?,?,?,?,?)
Hibernate: insert into webtoon (created_at,description,no_youth,publication_status,thumbnail,title,updated_at) values (?,?,?,?,?,?,?)
2024-03-29T17:51:04.565+09:00 DEBUG 2896 --- [    Test worker] org.hibernate.SQL                        : select pd1_0.publishing_day_id,pd1_0.created_at,pd1_0.day,pd1_0.updated_at from publishing_day pd1_0 where pd1_0.day=?
Hibernate: select pd1_0.publishing_day_id,pd1_0.created_at,pd1_0.day,pd1_0.updated_at from publishing_day pd1_0 where pd1_0.day=?
2024-03-29T17:51:04.569+09:00 DEBUG 2896 --- [    Test worker] org.hibernate.SQL                        : insert into webtoon_publishing_day (created_at,publishing_day_id,updated_at,webtoon_id) values (?,?,?,?)
Hibernate: insert into webtoon_publishing_day (created_at,publishing_day_id,updated_at,webtoon_id) values (?,?,?,?)
평화식당
2024-03-29T17:51:04.579+09:00 DEBUG 2896 --- [    Test worker] org.hibernate.SQL                        : insert into webtoon (created_at,description,no_youth,publication_status,thumbnail,title,updated_at) values (?,?,?,?,?,?,?)
Hibernate: insert into webtoon (created_at,description,no_youth,publication_status,thumbnail,title,updated_at) values (?,?,?,?,?,?,?)
2024-03-29T17:51:04.591+09:00 DEBUG 2896 --- [    Test worker] org.hibernate.SQL                        : select pd1_0.publishing_day_id,pd1_0.created_at,pd1_0.day,pd1_0.updated_at from publishing_day pd1_0 where pd1_0.day=?
Hibernate: select pd1_0.publishing_day_id,pd1_0.created_at,pd1_0.day,pd1_0.updated_at from publishing_day pd1_0 where pd1_0.day=?
2024-03-29T17:51:04.597+09:00 DEBUG 2896 --- [    Test worker] org.hibernate.SQL                        : insert into webtoon_publishing_day (created_at,publishing_day_id,updated_at,webtoon_id) values (?,?,?,?)
Hibernate: insert into webtoon_publishing_day (created_at,publishing_day_id,updated_at,webtoon_id) values (?,?,?,?)
사냥개의 회귀본능
2024-03-29T17:51:04.606+09:00 DEBUG 2896 --- [    Test worker] org.hibernate.SQL                        : insert into webtoon (created_at,description,no_youth,publication_status,thumbnail,title,updated_at) values (?,?,?,?,?,?,?)
Hibernate: insert into webtoon (created_at,description,no_youth,publication_status,thumbnail,title,updated_at) values (?,?,?,?,?,?,?)
2024-03-29T17:51:04.616+09:00 DEBUG 2896 --- [    Test worker] org.hibernate.SQL                        : select pd1_0.publishing_day_id,pd1_0.created_at,pd1_0.day,pd1_0.updated_at from publishing_day pd1_0 where pd1_0.day=?
Hibernate: select pd1_0.publishing_day_id,pd1_0.created_at,pd1_0.day,pd1_0.updated_at from publishing_day pd1_0 where pd1_0.day=?
2024-03-29T17:51:04.620+09:00 DEBUG 2896 --- [    Test worker] org.hibernate.SQL                        : insert into webtoon_publishing_day (created_at,publishing_day_id,updated_at,webtoon_id) values (?,?,?,?)
Hibernate: insert into webtoon_publishing_day (created_at,publishing_day_id,updated_at,webtoon_id) values (?,?,?,?)
몽홀
2024-03-29T17:51:04.629+09:00 DEBUG 2896 --- [    Test worker] org.hibernate.SQL                        : insert into webtoon (created_at,description,no_youth,publication_status,thumbnail,title,updated_at) values (?,?,?,?,?,?,?)
Hibernate: insert into webtoon (created_at,description,no_youth,publication_status,thumbnail,title,updated_at) values (?,?,?,?,?,?,?)
2024-03-29T17:51:04.637+09:00 DEBUG 2896 --- [    Test worker] org.hibernate.SQL                        : select pd1_0.publishing_day_id,pd1_0.created_at,pd1_0.day,pd1_0.updated_at from publishing_day pd1_0 where pd1_0.day=?
Hibernate: select pd1_0.publishing_day_id,pd1_0.created_at,pd1_0.day,pd1_0.updated_at from publishing_day pd1_0 where pd1_0.day=?
2024-03-29T17:51:04.641+09:00 DEBUG 2896 --- [    Test worker] org.hibernate.SQL                        : insert into webtoon_publishing_day (created_at,publishing_day_id,updated_at,webtoon_id) values (?,?,?,?)
Hibernate: insert into webtoon_publishing_day (created_at,publishing_day_id,updated_at,webtoon_id) values (?,?,?,?)
악마라고 불러다오
2024-03-29T17:51:04.649+09:00 DEBUG 2896 --- [    Test worker] org.hibernate.SQL                        : insert into webtoon (created_at,description,no_youth,publication_status,thumbnail,title,updated_at) values (?,?,?,?,?,?,?)
Hibernate: insert into webtoon (created_at,description,no_youth,publication_status,thumbnail,title,updated_at) values (?,?,?,?,?,?,?)
2024-03-29T17:51:04.658+09:00 DEBUG 2896 --- [    Test worker] org.hibernate.SQL                        : select pd1_0.publishing_day_id,pd1_0.created_at,pd1_0.day,pd1_0.updated_at from publishing_day pd1_0 where pd1_0.day=?
Hibernate: select pd1_0.publishing_day_id,pd1_0.created_at,pd1_0.day,pd1_0.updated_at from publishing_day pd1_0 where pd1_0.day=?
2024-03-29T17:51:04.663+09:00 DEBUG 2896 --- [    Test worker] org.hibernate.SQL                        : insert into webtoon_publishing_day (created_at,publishing_day_id,updated_at,webtoon_id) values (?,?,?,?)
Hibernate: insert into webtoon_publishing_day (created_at,publishing_day_id,updated_at,webtoon_id) values (?,?,?,?)
천재 배우의 아우라Aura
2024-03-29T17:51:04.672+09:00 DEBUG 2896 --- [    Test worker] org.hibernate.SQL                        : insert into webtoon (created_at,description,no_youth,publication_status,thumbnail,title,updated_at) values (?,?,?,?,?,?,?)
Hibernate: insert into webtoon (created_at,description,no_youth,publication_status,thumbnail,title,updated_at) values (?,?,?,?,?,?,?)
2024-03-29T17:51:04.681+09:00 DEBUG 2896 --- [    Test worker] org.hibernate.SQL                        : select pd1_0.publishing_day_id,pd1_0.created_at,pd1_0.day,pd1_0.updated_at from publishing_day pd1_0 where pd1_0.day=?
Hibernate: select pd1_0.publishing_day_id,pd1_0.created_at,pd1_0.day,pd1_0.updated_at from publishing_day pd1_0 where pd1_0.day=?
2024-03-29T17:51:04.685+09:00 DEBUG 2896 --- [    Test worker] org.hibernate.SQL                        : insert into webtoon_publishing_day (created_at,publishing_day_id,updated_at,webtoon_id) values (?,?,?,?)
Hibernate: insert into webtoon_publishing_day (created_at,publishing_day_id,updated_at,webtoon_id) values (?,?,?,?)
룸9
2024-03-29T17:51:04.693+09:00 DEBUG 2896 --- [    Test worker] org.hibernate.SQL                        : insert into webtoon (created_at,description,no_youth,publication_status,thumbnail,title,updated_at) values (?,?,?,?,?,?,?)
Hibernate: insert into webtoon (created_at,description,no_youth,publication_status,thumbnail,title,updated_at) values (?,?,?,?,?,?,?)
2024-03-29T17:51:04.703+09:00 DEBUG 2896 --- [    Test worker] org.hibernate.SQL                        : select pd1_0.publishing_day_id,pd1_0.created_at,pd1_0.day,pd1_0.updated_at from publishing_day pd1_0 where pd1_0.day=?
Hibernate: select pd1_0.publishing_day_id,pd1_0.created_at,pd1_0.day,pd1_0.updated_at from publishing_day pd1_0 where pd1_0.day=?
2024-03-29T17:51:04.707+09:00 DEBUG 2896 --- [    Test worker] org.hibernate.SQL                        : insert into webtoon_publishing_day (created_at,publishing_day_id,updated_at,webtoon_id) values (?,?,?,?)
Hibernate: insert into webtoon_publishing_day (created_at,publishing_day_id,updated_at,webtoon_id) values (?,?,?,?)
신컨의 원 코인 클리어
2024-03-29T17:51:04.717+09:00 DEBUG 2896 --- [    Test worker] org.hibernate.SQL                        : insert into webtoon (created_at,description,no_youth,publication_status,thumbnail,title,updated_at) values (?,?,?,?,?,?,?)
Hibernate: insert into webtoon (created_at,description,no_youth,publication_status,thumbnail,title,updated_at) values (?,?,?,?,?,?,?)
2024-03-29T17:51:04.728+09:00 DEBUG 2896 --- [    Test worker] org.hibernate.SQL                        : select pd1_0.publishing_day_id,pd1_0.created_at,pd1_0.day,pd1_0.updated_at from publishing_day pd1_0 where pd1_0.day=?
Hibernate: select pd1_0.publishing_day_id,pd1_0.created_at,pd1_0.day,pd1_0.updated_at from publishing_day pd1_0 where pd1_0.day=?
2024-03-29T17:51:04.733+09:00 DEBUG 2896 --- [    Test worker] org.hibernate.SQL                        : insert into webtoon_publishing_day (created_at,publishing_day_id,updated_at,webtoon_id) values (?,?,?,?)
Hibernate: insert into webtoon_publishing_day (created_at,publishing_day_id,updated_at,webtoon_id) values (?,?,?,?)
달이 없는 나라
2024-03-29T17:51:04.743+09:00 DEBUG 2896 --- [    Test worker] org.hibernate.SQL                        : insert into webtoon (created_at,description,no_youth,publication_status,thumbnail,title,updated_at) values (?,?,?,?,?,?,?)
Hibernate: insert into webtoon (created_at,description,no_youth,publication_status,thumbnail,title,updated_at) values (?,?,?,?,?,?,?)
2024-03-29T17:51:04.755+09:00 DEBUG 2896 --- [    Test worker] org.hibernate.SQL                        : select pd1_0.publishing_day_id,pd1_0.created_at,pd1_0.day,pd1_0.updated_at from publishing_day pd1_0 where pd1_0.day=?
Hibernate: select pd1_0.publishing_day_id,pd1_0.created_at,pd1_0.day,pd1_0.updated_at from publishing_day pd1_0 where pd1_0.day=?
2024-03-29T17:51:04.760+09:00 DEBUG 2896 --- [    Test worker] org.hibernate.SQL                        : insert into webtoon_publishing_day (created_at,publishing_day_id,updated_at,webtoon_id) values (?,?,?,?)
Hibernate: insert into webtoon_publishing_day (created_at,publishing_day_id,updated_at,webtoon_id) values (?,?,?,?)
3분의 1이 없어도
2024-03-29T17:51:04.770+09:00 DEBUG 2896 --- [    Test worker] org.hibernate.SQL                        : insert into webtoon (created_at,description,no_youth,publication_status,thumbnail,title,updated_at) values (?,?,?,?,?,?,?)
Hibernate: insert into webtoon (created_at,description,no_youth,publication_status,thumbnail,title,updated_at) values (?,?,?,?,?,?,?)
2024-03-29T17:51:04.781+09:00 DEBUG 2896 --- [    Test worker] org.hibernate.SQL                        : select pd1_0.publishing_day_id,pd1_0.created_at,pd1_0.day,pd1_0.updated_at from publishing_day pd1_0 where pd1_0.day=?
Hibernate: select pd1_0.publishing_day_id,pd1_0.created_at,pd1_0.day,pd1_0.updated_at from publishing_day pd1_0 where pd1_0.day=?
2024-03-29T17:51:04.787+09:00 DEBUG 2896 --- [    Test worker] org.hibernate.SQL                        : insert into webtoon_publishing_day (created_at,publishing_day_id,updated_at,webtoon_id) values (?,?,?,?)
Hibernate: insert into webtoon_publishing_day (created_at,publishing_day_id,updated_at,webtoon_id) values (?,?,?,?)
솔트앤페퍼
2024-03-29T17:51:04.798+09:00 DEBUG 2896 --- [    Test worker] org.hibernate.SQL                        : insert into webtoon (created_at,description,no_youth,publication_status,thumbnail,title,updated_at) values (?,?,?,?,?,?,?)
Hibernate: insert into webtoon (created_at,description,no_youth,publication_status,thumbnail,title,updated_at) values (?,?,?,?,?,?,?)
2024-03-29T17:51:04.808+09:00 DEBUG 2896 --- [    Test worker] org.hibernate.SQL                        : select pd1_0.publishing_day_id,pd1_0.created_at,pd1_0.day,pd1_0.updated_at from publishing_day pd1_0 where pd1_0.day=?
Hibernate: select pd1_0.publishing_day_id,pd1_0.created_at,pd1_0.day,pd1_0.updated_at from publishing_day pd1_0 where pd1_0.day=?
2024-03-29T17:51:04.812+09:00 DEBUG 2896 --- [    Test worker] org.hibernate.SQL                        : insert into webtoon_publishing_day (created_at,publishing_day_id,updated_at,webtoon_id) values (?,?,?,?)
Hibernate: insert into webtoon_publishing_day (created_at,publishing_day_id,updated_at,webtoon_id) values (?,?,?,?)
뜨거운 홍차
2024-03-29T17:51:04.823+09:00 DEBUG 2896 --- [    Test worker] org.hibernate.SQL                        : insert into webtoon (created_at,description,no_youth,publication_status,thumbnail,title,updated_at) values (?,?,?,?,?,?,?)
Hibernate: insert into webtoon (created_at,description,no_youth,publication_status,thumbnail,title,updated_at) values (?,?,?,?,?,?,?)
2024-03-29T17:51:04.834+09:00 DEBUG 2896 --- [    Test worker] org.hibernate.SQL                        : select pd1_0.publishing_day_id,pd1_0.created_at,pd1_0.day,pd1_0.updated_at from publishing_day pd1_0 where pd1_0.day=?
Hibernate: select pd1_0.publishing_day_id,pd1_0.created_at,pd1_0.day,pd1_0.updated_at from publishing_day pd1_0 where pd1_0.day=?
2024-03-29T17:51:04.838+09:00 DEBUG 2896 --- [    Test worker] org.hibernate.SQL                        : insert into webtoon_publishing_day (created_at,publishing_day_id,updated_at,webtoon_id) values (?,?,?,?)
Hibernate: insert into webtoon_publishing_day (created_at,publishing_day_id,updated_at,webtoon_id) values (?,?,?,?)
그거 사랑 아니야
2024-03-29T17:51:04.849+09:00 DEBUG 2896 --- [    Test worker] org.hibernate.SQL                        : insert into webtoon (created_at,description,no_youth,publication_status,thumbnail,title,updated_at) values (?,?,?,?,?,?,?)
Hibernate: insert into webtoon (created_at,description,no_youth,publication_status,thumbnail,title,updated_at) values (?,?,?,?,?,?,?)
2024-03-29T17:51:04.860+09:00 DEBUG 2896 --- [    Test worker] org.hibernate.SQL                        : select pd1_0.publishing_day_id,pd1_0.created_at,pd1_0.day,pd1_0.updated_at from publishing_day pd1_0 where pd1_0.day=?
Hibernate: select pd1_0.publishing_day_id,pd1_0.created_at,pd1_0.day,pd1_0.updated_at from publishing_day pd1_0 where pd1_0.day=?
2024-03-29T17:51:04.865+09:00 DEBUG 2896 --- [    Test worker] org.hibernate.SQL                        : insert into webtoon_publishing_day (created_at,publishing_day_id,updated_at,webtoon_id) values (?,?,?,?)
Hibernate: insert into webtoon_publishing_day (created_at,publishing_day_id,updated_at,webtoon_id) values (?,?,?,?)
멜빈이 그들에게 남긴 것
2024-03-29T17:51:04.876+09:00 DEBUG 2896 --- [    Test worker] org.hibernate.SQL                        : insert into webtoon (created_at,description,no_youth,publication_status,thumbnail,title,updated_at) values (?,?,?,?,?,?,?)
Hibernate: insert into webtoon (created_at,description,no_youth,publication_status,thumbnail,title,updated_at) values (?,?,?,?,?,?,?)
2024-03-29T17:51:04.885+09:00 DEBUG 2896 --- [    Test worker] org.hibernate.SQL                        : select pd1_0.publishing_day_id,pd1_0.created_at,pd1_0.day,pd1_0.updated_at from publishing_day pd1_0 where pd1_0.day=?
Hibernate: select pd1_0.publishing_day_id,pd1_0.created_at,pd1_0.day,pd1_0.updated_at from publishing_day pd1_0 where pd1_0.day=?
2024-03-29T17:51:04.890+09:00 DEBUG 2896 --- [    Test worker] org.hibernate.SQL                        : insert into webtoon_publishing_day (created_at,publishing_day_id,updated_at,webtoon_id) values (?,?,?,?)
Hibernate: insert into webtoon_publishing_day (created_at,publishing_day_id,updated_at,webtoon_id) values (?,?,?,?)
당신의 사랑
2024-03-29T17:51:04.899+09:00 DEBUG 2896 --- [    Test worker] org.hibernate.SQL                        : insert into webtoon (created_at,description,no_youth,publication_status,thumbnail,title,updated_at) values (?,?,?,?,?,?,?)
Hibernate: insert into webtoon (created_at,description,no_youth,publication_status,thumbnail,title,updated_at) values (?,?,?,?,?,?,?)
2024-03-29T17:51:04.909+09:00 DEBUG 2896 --- [    Test worker] org.hibernate.SQL                        : select pd1_0.publishing_day_id,pd1_0.created_at,pd1_0.day,pd1_0.updated_at from publishing_day pd1_0 where pd1_0.day=?
Hibernate: select pd1_0.publishing_day_id,pd1_0.created_at,pd1_0.day,pd1_0.updated_at from publishing_day pd1_0 where pd1_0.day=?
2024-03-29T17:51:04.920+09:00 DEBUG 2896 --- [    Test worker] org.hibernate.SQL                        : insert into webtoon_publishing_day (created_at,publishing_day_id,updated_at,webtoon_id) values (?,?,?,?)
Hibernate: insert into webtoon_publishing_day (created_at,publishing_day_id,updated_at,webtoon_id) values (?,?,?,?)
재앙의 날
2024-03-29T17:51:04.931+09:00 DEBUG 2896 --- [    Test worker] org.hibernate.SQL                        : insert into webtoon (created_at,description,no_youth,publication_status,thumbnail,title,updated_at) values (?,?,?,?,?,?,?)
Hibernate: insert into webtoon (created_at,description,no_youth,publication_status,thumbnail,title,updated_at) values (?,?,?,?,?,?,?)
2024-03-29T17:51:04.941+09:00 DEBUG 2896 --- [    Test worker] org.hibernate.SQL                        : select pd1_0.publishing_day_id,pd1_0.created_at,pd1_0.day,pd1_0.updated_at from publishing_day pd1_0 where pd1_0.day=?
Hibernate: select pd1_0.publishing_day_id,pd1_0.created_at,pd1_0.day,pd1_0.updated_at from publishing_day pd1_0 where pd1_0.day=?
2024-03-29T17:51:04.945+09:00 DEBUG 2896 --- [    Test worker] org.hibernate.SQL                        : insert into webtoon_publishing_day (created_at,publishing_day_id,updated_at,webtoon_id) values (?,?,?,?)
Hibernate: insert into webtoon_publishing_day (created_at,publishing_day_id,updated_at,webtoon_id) values (?,?,?,?)
스토커의 하루
2024-03-29T17:51:04.956+09:00 DEBUG 2896 --- [    Test worker] org.hibernate.SQL                        : insert into webtoon (created_at,description,no_youth,publication_status,thumbnail,title,updated_at) values (?,?,?,?,?,?,?)
Hibernate: insert into webtoon (created_at,description,no_youth,publication_status,thumbnail,title,updated_at) values (?,?,?,?,?,?,?)
2024-03-29T17:51:04.967+09:00 DEBUG 2896 --- [    Test worker] org.hibernate.SQL                        : select pd1_0.publishing_day_id,pd1_0.created_at,pd1_0.day,pd1_0.updated_at from publishing_day pd1_0 where pd1_0.day=?
Hibernate: select pd1_0.publishing_day_id,pd1_0.created_at,pd1_0.day,pd1_0.updated_at from publishing_day pd1_0 where pd1_0.day=?
2024-03-29T17:51:04.971+09:00 DEBUG 2896 --- [    Test worker] org.hibernate.SQL                        : insert into webtoon_publishing_day (created_at,publishing_day_id,updated_at,webtoon_id) values (?,?,?,?)
Hibernate: insert into webtoon_publishing_day (created_at,publishing_day_id,updated_at,webtoon_id) values (?,?,?,?)
메소드 연기법
2024-03-29T17:51:04.982+09:00 DEBUG 2896 --- [    Test worker] org.hibernate.SQL                        : insert into webtoon (created_at,description,no_youth,publication_status,thumbnail,title,updated_at) values (?,?,?,?,?,?,?)
Hibernate: insert into webtoon (created_at,description,no_youth,publication_status,thumbnail,title,updated_at) values (?,?,?,?,?,?,?)
2024-03-29T17:51:04.993+09:00 DEBUG 2896 --- [    Test worker] org.hibernate.SQL                        : select pd1_0.publishing_day_id,pd1_0.created_at,pd1_0.day,pd1_0.updated_at from publishing_day pd1_0 where pd1_0.day=?
Hibernate: select pd1_0.publishing_day_id,pd1_0.created_at,pd1_0.day,pd1_0.updated_at from publishing_day pd1_0 where pd1_0.day=?
2024-03-29T17:51:04.998+09:00 DEBUG 2896 --- [    Test worker] org.hibernate.SQL                        : insert into webtoon_publishing_day (created_at,publishing_day_id,updated_at,webtoon_id) values (?,?,?,?)
Hibernate: insert into webtoon_publishing_day (created_at,publishing_day_id,updated_at,webtoon_id) values (?,?,?,?)
미드우트
2024-03-29T17:51:05.008+09:00 DEBUG 2896 --- [    Test worker] org.hibernate.SQL                        : insert into webtoon (created_at,description,no_youth,publication_status,thumbnail,title,updated_at) values (?,?,?,?,?,?,?)
Hibernate: insert into webtoon (created_at,description,no_youth,publication_status,thumbnail,title,updated_at) values (?,?,?,?,?,?,?)
2024-03-29T17:51:05.018+09:00 DEBUG 2896 --- [    Test worker] org.hibernate.SQL                        : select pd1_0.publishing_day_id,pd1_0.created_at,pd1_0.day,pd1_0.updated_at from publishing_day pd1_0 where pd1_0.day=?
Hibernate: select pd1_0.publishing_day_id,pd1_0.created_at,pd1_0.day,pd1_0.updated_at from publishing_day pd1_0 where pd1_0.day=?
2024-03-29T17:51:05.023+09:00 DEBUG 2896 --- [    Test worker] org.hibernate.SQL                        : insert into webtoon_publishing_day (created_at,publishing_day_id,updated_at,webtoon_id) values (?,?,?,?)
Hibernate: insert into webtoon_publishing_day (created_at,publishing_day_id,updated_at,webtoon_id) values (?,?,?,?)
괴물 의상실
2024-03-29T17:51:05.032+09:00 DEBUG 2896 --- [    Test worker] org.hibernate.SQL                        : insert into webtoon (created_at,description,no_youth,publication_status,thumbnail,title,updated_at) values (?,?,?,?,?,?,?)
Hibernate: insert into webtoon (created_at,description,no_youth,publication_status,thumbnail,title,updated_at) values (?,?,?,?,?,?,?)
2024-03-29T17:51:05.041+09:00 DEBUG 2896 --- [    Test worker] org.hibernate.SQL                        : select pd1_0.publishing_day_id,pd1_0.created_at,pd1_0.day,pd1_0.updated_at from publishing_day pd1_0 where pd1_0.day=?
Hibernate: select pd1_0.publishing_day_id,pd1_0.created_at,pd1_0.day,pd1_0.updated_at from publishing_day pd1_0 where pd1_0.day=?
2024-03-29T17:51:05.046+09:00 DEBUG 2896 --- [    Test worker] org.hibernate.SQL                        : insert into webtoon_publishing_day (created_at,publishing_day_id,updated_at,webtoon_id) values (?,?,?,?)
Hibernate: insert into webtoon_publishing_day (created_at,publishing_day_id,updated_at,webtoon_id) values (?,?,?,?)
오!너의 리스크
2024-03-29T17:51:05.056+09:00 DEBUG 2896 --- [    Test worker] org.hibernate.SQL                        : insert into webtoon (created_at,description,no_youth,publication_status,thumbnail,title,updated_at) values (?,?,?,?,?,?,?)
Hibernate: insert into webtoon (created_at,description,no_youth,publication_status,thumbnail,title,updated_at) values (?,?,?,?,?,?,?)
2024-03-29T17:51:05.067+09:00 DEBUG 2896 --- [    Test worker] org.hibernate.SQL                        : select pd1_0.publishing_day_id,pd1_0.created_at,pd1_0.day,pd1_0.updated_at from publishing_day pd1_0 where pd1_0.day=?
Hibernate: select pd1_0.publishing_day_id,pd1_0.created_at,pd1_0.day,pd1_0.updated_at from publishing_day pd1_0 where pd1_0.day=?
2024-03-29T17:51:05.071+09:00 DEBUG 2896 --- [    Test worker] org.hibernate.SQL                        : insert into webtoon_publishing_day (created_at,publishing_day_id,updated_at,webtoon_id) values (?,?,?,?)
Hibernate: insert into webtoon_publishing_day (created_at,publishing_day_id,updated_at,webtoon_id) values (?,?,?,?)
우리 무슨 사이야?
2024-03-29T17:51:05.080+09:00 DEBUG 2896 --- [    Test worker] org.hibernate.SQL                        : insert into webtoon (created_at,description,no_youth,publication_status,thumbnail,title,updated_at) values (?,?,?,?,?,?,?)
Hibernate: insert into webtoon (created_at,description,no_youth,publication_status,thumbnail,title,updated_at) values (?,?,?,?,?,?,?)
2024-03-29T17:51:05.092+09:00 DEBUG 2896 --- [    Test worker] org.hibernate.SQL                        : select pd1_0.publishing_day_id,pd1_0.created_at,pd1_0.day,pd1_0.updated_at from publishing_day pd1_0 where pd1_0.day=?
Hibernate: select pd1_0.publishing_day_id,pd1_0.created_at,pd1_0.day,pd1_0.updated_at from publishing_day pd1_0 where pd1_0.day=?
2024-03-29T17:51:05.096+09:00 DEBUG 2896 --- [    Test worker] org.hibernate.SQL                        : insert into webtoon_publishing_day (created_at,publishing_day_id,updated_at,webtoon_id) values (?,?,?,?)
Hibernate: insert into webtoon_publishing_day (created_at,publishing_day_id,updated_at,webtoon_id) values (?,?,?,?)
우리는 후라이족
2024-03-29T17:51:05.104+09:00 DEBUG 2896 --- [    Test worker] org.hibernate.SQL                        : insert into webtoon (created_at,description,no_youth,publication_status,thumbnail,title,updated_at) values (?,?,?,?,?,?,?)
Hibernate: insert into webtoon (created_at,description,no_youth,publication_status,thumbnail,title,updated_at) values (?,?,?,?,?,?,?)
2024-03-29T17:51:05.115+09:00 DEBUG 2896 --- [    Test worker] org.hibernate.SQL                        : select pd1_0.publishing_day_id,pd1_0.created_at,pd1_0.day,pd1_0.updated_at from publishing_day pd1_0 where pd1_0.day=?
Hibernate: select pd1_0.publishing_day_id,pd1_0.created_at,pd1_0.day,pd1_0.updated_at from publishing_day pd1_0 where pd1_0.day=?
2024-03-29T17:51:05.121+09:00 DEBUG 2896 --- [    Test worker] org.hibernate.SQL                        : insert into webtoon_publishing_day (created_at,publishing_day_id,updated_at,webtoon_id) values (?,?,?,?)
Hibernate: insert into webtoon_publishing_day (created_at,publishing_day_id,updated_at,webtoon_id) values (?,?,?,?)
백년게임
2024-03-29T17:51:05.131+09:00 DEBUG 2896 --- [    Test worker] org.hibernate.SQL                        : insert into webtoon (created_at,description,no_youth,publication_status,thumbnail,title,updated_at) values (?,?,?,?,?,?,?)
Hibernate: insert into webtoon (created_at,description,no_youth,publication_status,thumbnail,title,updated_at) values (?,?,?,?,?,?,?)
2024-03-29T17:51:05.143+09:00 DEBUG 2896 --- [    Test worker] org.hibernate.SQL                        : select pd1_0.publishing_day_id,pd1_0.created_at,pd1_0.day,pd1_0.updated_at from publishing_day pd1_0 where pd1_0.day=?
Hibernate: select pd1_0.publishing_day_id,pd1_0.created_at,pd1_0.day,pd1_0.updated_at from publishing_day pd1_0 where pd1_0.day=?
2024-03-29T17:51:05.147+09:00 DEBUG 2896 --- [    Test worker] org.hibernate.SQL                        : insert into webtoon_publishing_day (created_at,publishing_day_id,updated_at,webtoon_id) values (?,?,?,?)
Hibernate: insert into webtoon_publishing_day (created_at,publishing_day_id,updated_at,webtoon_id) values (?,?,?,?)
콜미로맨틱
2024-03-29T17:51:05.159+09:00 DEBUG 2896 --- [    Test worker] org.hibernate.SQL                        : insert into webtoon (created_at,description,no_youth,publication_status,thumbnail,title,updated_at) values (?,?,?,?,?,?,?)
Hibernate: insert into webtoon (created_at,description,no_youth,publication_status,thumbnail,title,updated_at) values (?,?,?,?,?,?,?)
2024-03-29T17:51:05.169+09:00 DEBUG 2896 --- [    Test worker] org.hibernate.SQL                        : select pd1_0.publishing_day_id,pd1_0.created_at,pd1_0.day,pd1_0.updated_at from publishing_day pd1_0 where pd1_0.day=?
Hibernate: select pd1_0.publishing_day_id,pd1_0.created_at,pd1_0.day,pd1_0.updated_at from publishing_day pd1_0 where pd1_0.day=?
2024-03-29T17:51:05.174+09:00 DEBUG 2896 --- [    Test worker] org.hibernate.SQL                        : insert into webtoon_publishing_day (created_at,publishing_day_id,updated_at,webtoon_id) values (?,?,?,?)
Hibernate: insert into webtoon_publishing_day (created_at,publishing_day_id,updated_at,webtoon_id) values (?,?,?,?)
드래곤의 심장을 가지고 있습니다
2024-03-29T17:51:05.183+09:00 DEBUG 2896 --- [    Test worker] org.hibernate.SQL                        : insert into webtoon (created_at,description,no_youth,publication_status,thumbnail,title,updated_at) values (?,?,?,?,?,?,?)
Hibernate: insert into webtoon (created_at,description,no_youth,publication_status,thumbnail,title,updated_at) values (?,?,?,?,?,?,?)
2024-03-29T17:51:05.195+09:00 DEBUG 2896 --- [    Test worker] org.hibernate.SQL                        : select pd1_0.publishing_day_id,pd1_0.created_at,pd1_0.day,pd1_0.updated_at from publishing_day pd1_0 where pd1_0.day=?
Hibernate: select pd1_0.publishing_day_id,pd1_0.created_at,pd1_0.day,pd1_0.updated_at from publishing_day pd1_0 where pd1_0.day=?
2024-03-29T17:51:05.200+09:00 DEBUG 2896 --- [    Test worker] org.hibernate.SQL                        : insert into webtoon_publishing_day (created_at,publishing_day_id,updated_at,webtoon_id) values (?,?,?,?)
Hibernate: insert into webtoon_publishing_day (created_at,publishing_day_id,updated_at,webtoon_id) values (?,?,?,?)
합법해적 파르페
2024-03-29T17:51:05.210+09:00 DEBUG 2896 --- [    Test worker] org.hibernate.SQL                        : insert into webtoon (created_at,description,no_youth,publication_status,thumbnail,title,updated_at) values (?,?,?,?,?,?,?)
Hibernate: insert into webtoon (created_at,description,no_youth,publication_status,thumbnail,title,updated_at) values (?,?,?,?,?,?,?)
2024-03-29T17:51:05.221+09:00 DEBUG 2896 --- [    Test worker] org.hibernate.SQL                        : select pd1_0.publishing_day_id,pd1_0.created_at,pd1_0.day,pd1_0.updated_at from publishing_day pd1_0 where pd1_0.day=?
Hibernate: select pd1_0.publishing_day_id,pd1_0.created_at,pd1_0.day,pd1_0.updated_at from publishing_day pd1_0 where pd1_0.day=?
2024-03-29T17:51:05.224+09:00 DEBUG 2896 --- [    Test worker] org.hibernate.SQL                        : insert into webtoon_publishing_day (created_at,publishing_day_id,updated_at,webtoon_id) values (?,?,?,?)
Hibernate: insert into webtoon_publishing_day (created_at,publishing_day_id,updated_at,webtoon_id) values (?,?,?,?)
유주의 우주
2024-03-29T17:51:05.234+09:00 DEBUG 2896 --- [    Test worker] org.hibernate.SQL                        : insert into webtoon (created_at,description,no_youth,publication_status,thumbnail,title,updated_at) values (?,?,?,?,?,?,?)
Hibernate: insert into webtoon (created_at,description,no_youth,publication_status,thumbnail,title,updated_at) values (?,?,?,?,?,?,?)
2024-03-29T17:51:05.243+09:00 DEBUG 2896 --- [    Test worker] org.hibernate.SQL                        : select pd1_0.publishing_day_id,pd1_0.created_at,pd1_0.day,pd1_0.updated_at from publishing_day pd1_0 where pd1_0.day=?
Hibernate: select pd1_0.publishing_day_id,pd1_0.created_at,pd1_0.day,pd1_0.updated_at from publishing_day pd1_0 where pd1_0.day=?
2024-03-29T17:51:05.247+09:00 DEBUG 2896 --- [    Test worker] org.hibernate.SQL                        : insert into webtoon_publishing_day (created_at,publishing_day_id,updated_at,webtoon_id) values (?,?,?,?)
Hibernate: insert into webtoon_publishing_day (created_at,publishing_day_id,updated_at,webtoon_id) values (?,?,?,?)
기억해줘
2024-03-29T17:51:05.257+09:00 DEBUG 2896 --- [    Test worker] org.hibernate.SQL                        : insert into webtoon (created_at,description,no_youth,publication_status,thumbnail,title,updated_at) values (?,?,?,?,?,?,?)
Hibernate: insert into webtoon (created_at,description,no_youth,publication_status,thumbnail,title,updated_at) values (?,?,?,?,?,?,?)
2024-03-29T17:51:05.266+09:00 DEBUG 2896 --- [    Test worker] org.hibernate.SQL                        : select pd1_0.publishing_day_id,pd1_0.created_at,pd1_0.day,pd1_0.updated_at from publishing_day pd1_0 where pd1_0.day=?
Hibernate: select pd1_0.publishing_day_id,pd1_0.created_at,pd1_0.day,pd1_0.updated_at from publishing_day pd1_0 where pd1_0.day=?
2024-03-29T17:51:05.269+09:00 DEBUG 2896 --- [    Test worker] org.hibernate.SQL                        : insert into webtoon_publishing_day (created_at,publishing_day_id,updated_at,webtoon_id) values (?,?,?,?)
Hibernate: insert into webtoon_publishing_day (created_at,publishing_day_id,updated_at,webtoon_id) values (?,?,?,?)
애증화음
2024-03-29T17:51:05.278+09:00 DEBUG 2896 --- [    Test worker] org.hibernate.SQL                        : insert into webtoon (created_at,description,no_youth,publication_status,thumbnail,title,updated_at) values (?,?,?,?,?,?,?)
Hibernate: insert into webtoon (created_at,description,no_youth,publication_status,thumbnail,title,updated_at) values (?,?,?,?,?,?,?)
2024-03-29T17:51:05.289+09:00 DEBUG 2896 --- [    Test worker] org.hibernate.SQL                        : select pd1_0.publishing_day_id,pd1_0.created_at,pd1_0.day,pd1_0.updated_at from publishing_day pd1_0 where pd1_0.day=?
Hibernate: select pd1_0.publishing_day_id,pd1_0.created_at,pd1_0.day,pd1_0.updated_at from publishing_day pd1_0 where pd1_0.day=?
2024-03-29T17:51:05.293+09:00 DEBUG 2896 --- [    Test worker] org.hibernate.SQL                        : insert into webtoon_publishing_day (created_at,publishing_day_id,updated_at,webtoon_id) values (?,?,?,?)
Hibernate: insert into webtoon_publishing_day (created_at,publishing_day_id,updated_at,webtoon_id) values (?,?,?,?)
개꿈
2024-03-29T17:51:05.302+09:00 DEBUG 2896 --- [    Test worker] org.hibernate.SQL                        : insert into webtoon (created_at,description,no_youth,publication_status,thumbnail,title,updated_at) values (?,?,?,?,?,?,?)
Hibernate: insert into webtoon (created_at,description,no_youth,publication_status,thumbnail,title,updated_at) values (?,?,?,?,?,?,?)
2024-03-29T17:51:05.310+09:00 DEBUG 2896 --- [    Test worker] org.hibernate.SQL                        : select pd1_0.publishing_day_id,pd1_0.created_at,pd1_0.day,pd1_0.updated_at from publishing_day pd1_0 where pd1_0.day=?
Hibernate: select pd1_0.publishing_day_id,pd1_0.created_at,pd1_0.day,pd1_0.updated_at from publishing_day pd1_0 where pd1_0.day=?
2024-03-29T17:51:05.314+09:00 DEBUG 2896 --- [    Test worker] org.hibernate.SQL                        : insert into webtoon_publishing_day (created_at,publishing_day_id,updated_at,webtoon_id) values (?,?,?,?)
Hibernate: insert into webtoon_publishing_day (created_at,publishing_day_id,updated_at,webtoon_id) values (?,?,?,?)
조조코믹스
2024-03-29T17:51:05.324+09:00 DEBUG 2896 --- [    Test worker] org.hibernate.SQL                        : insert into webtoon (created_at,description,no_youth,publication_status,thumbnail,title,updated_at) values (?,?,?,?,?,?,?)
Hibernate: insert into webtoon (created_at,description,no_youth,publication_status,thumbnail,title,updated_at) values (?,?,?,?,?,?,?)
2024-03-29T17:51:05.334+09:00 DEBUG 2896 --- [    Test worker] org.hibernate.SQL                        : select pd1_0.publishing_day_id,pd1_0.created_at,pd1_0.day,pd1_0.updated_at from publishing_day pd1_0 where pd1_0.day=?
Hibernate: select pd1_0.publishing_day_id,pd1_0.created_at,pd1_0.day,pd1_0.updated_at from publishing_day pd1_0 where pd1_0.day=?
2024-03-29T17:51:05.339+09:00 DEBUG 2896 --- [    Test worker] org.hibernate.SQL                        : insert into webtoon_publishing_day (created_at,publishing_day_id,updated_at,webtoon_id) values (?,?,?,?)
Hibernate: insert into webtoon_publishing_day (created_at,publishing_day_id,updated_at,webtoon_id) values (?,?,?,?)
비질란테 2부
2024-03-29T17:51:05.349+09:00 DEBUG 2896 --- [    Test worker] org.hibernate.SQL                        : insert into webtoon (created_at,description,no_youth,publication_status,thumbnail,title,updated_at) values (?,?,?,?,?,?,?)
Hibernate: insert into webtoon (created_at,description,no_youth,publication_status,thumbnail,title,updated_at) values (?,?,?,?,?,?,?)
2024-03-29T17:51:05.360+09:00 DEBUG 2896 --- [    Test worker] org.hibernate.SQL                        : select pd1_0.publishing_day_id,pd1_0.created_at,pd1_0.day,pd1_0.updated_at from publishing_day pd1_0 where pd1_0.day=?
Hibernate: select pd1_0.publishing_day_id,pd1_0.created_at,pd1_0.day,pd1_0.updated_at from publishing_day pd1_0 where pd1_0.day=?
2024-03-29T17:51:05.364+09:00 DEBUG 2896 --- [    Test worker] org.hibernate.SQL                        : insert into webtoon_publishing_day (created_at,publishing_day_id,updated_at,webtoon_id) values (?,?,?,?)
Hibernate: insert into webtoon_publishing_day (created_at,publishing_day_id,updated_at,webtoon_id) values (?,?,?,?)
초인의 시대
2024-03-29T17:51:05.375+09:00 DEBUG 2896 --- [    Test worker] org.hibernate.SQL                        : insert into webtoon (created_at,description,no_youth,publication_status,thumbnail,title,updated_at) values (?,?,?,?,?,?,?)
Hibernate: insert into webtoon (created_at,description,no_youth,publication_status,thumbnail,title,updated_at) values (?,?,?,?,?,?,?)
2024-03-29T17:51:05.386+09:00 DEBUG 2896 --- [    Test worker] org.hibernate.SQL                        : select pd1_0.publishing_day_id,pd1_0.created_at,pd1_0.day,pd1_0.updated_at from publishing_day pd1_0 where pd1_0.day=?
Hibernate: select pd1_0.publishing_day_id,pd1_0.created_at,pd1_0.day,pd1_0.updated_at from publishing_day pd1_0 where pd1_0.day=?
2024-03-29T17:51:05.390+09:00 DEBUG 2896 --- [    Test worker] org.hibernate.SQL                        : insert into webtoon_publishing_day (created_at,publishing_day_id,updated_at,webtoon_id) values (?,?,?,?)
Hibernate: insert into webtoon_publishing_day (created_at,publishing_day_id,updated_at,webtoon_id) values (?,?,?,?)
99강화나무몽둥이
2024-03-29T17:51:05.401+09:00 DEBUG 2896 --- [    Test worker] org.hibernate.SQL                        : insert into webtoon (created_at,description,no_youth,publication_status,thumbnail,title,updated_at) values (?,?,?,?,?,?,?)
Hibernate: insert into webtoon (created_at,description,no_youth,publication_status,thumbnail,title,updated_at) values (?,?,?,?,?,?,?)
2024-03-29T17:51:05.413+09:00 DEBUG 2896 --- [    Test worker] org.hibernate.SQL                        : select pd1_0.publishing_day_id,pd1_0.created_at,pd1_0.day,pd1_0.updated_at from publishing_day pd1_0 where pd1_0.day=?
Hibernate: select pd1_0.publishing_day_id,pd1_0.created_at,pd1_0.day,pd1_0.updated_at from publishing_day pd1_0 where pd1_0.day=?
2024-03-29T17:51:05.417+09:00 DEBUG 2896 --- [    Test worker] org.hibernate.SQL                        : insert into webtoon_publishing_day (created_at,publishing_day_id,updated_at,webtoon_id) values (?,?,?,?)
Hibernate: insert into webtoon_publishing_day (created_at,publishing_day_id,updated_at,webtoon_id) values (?,?,?,?)
마도전생기
2024-03-29T17:51:05.427+09:00 DEBUG 2896 --- [    Test worker] org.hibernate.SQL                        : insert into webtoon (created_at,description,no_youth,publication_status,thumbnail,title,updated_at) values (?,?,?,?,?,?,?)
Hibernate: insert into webtoon (created_at,description,no_youth,publication_status,thumbnail,title,updated_at) values (?,?,?,?,?,?,?)
2024-03-29T17:51:05.437+09:00 DEBUG 2896 --- [    Test worker] org.hibernate.SQL                        : select pd1_0.publishing_day_id,pd1_0.created_at,pd1_0.day,pd1_0.updated_at from publishing_day pd1_0 where pd1_0.day=?
Hibernate: select pd1_0.publishing_day_id,pd1_0.created_at,pd1_0.day,pd1_0.updated_at from publishing_day pd1_0 where pd1_0.day=?
2024-03-29T17:51:05.441+09:00 DEBUG 2896 --- [    Test worker] org.hibernate.SQL                        : insert into webtoon_publishing_day (created_at,publishing_day_id,updated_at,webtoon_id) values (?,?,?,?)
Hibernate: insert into webtoon_publishing_day (created_at,publishing_day_id,updated_at,webtoon_id) values (?,?,?,?)
인생존망2
2024-03-29T17:51:05.449+09:00 DEBUG 2896 --- [    Test worker] org.hibernate.SQL                        : insert into webtoon (created_at,description,no_youth,publication_status,thumbnail,title,updated_at) values (?,?,?,?,?,?,?)
Hibernate: insert into webtoon (created_at,description,no_youth,publication_status,thumbnail,title,updated_at) values (?,?,?,?,?,?,?)
2024-03-29T17:51:05.458+09:00 DEBUG 2896 --- [    Test worker] org.hibernate.SQL                        : select pd1_0.publishing_day_id,pd1_0.created_at,pd1_0.day,pd1_0.updated_at from publishing_day pd1_0 where pd1_0.day=?
Hibernate: select pd1_0.publishing_day_id,pd1_0.created_at,pd1_0.day,pd1_0.updated_at from publishing_day pd1_0 where pd1_0.day=?
2024-03-29T17:51:05.462+09:00 DEBUG 2896 --- [    Test worker] org.hibernate.SQL                        : insert into webtoon_publishing_day (created_at,publishing_day_id,updated_at,webtoon_id) values (?,?,?,?)
Hibernate: insert into webtoon_publishing_day (created_at,publishing_day_id,updated_at,webtoon_id) values (?,?,?,?)
킬러 배드로
2024-03-29T17:51:05.470+09:00 DEBUG 2896 --- [    Test worker] org.hibernate.SQL                        : insert into webtoon (created_at,description,no_youth,publication_status,thumbnail,title,updated_at) values (?,?,?,?,?,?,?)
Hibernate: insert into webtoon (created_at,description,no_youth,publication_status,thumbnail,title,updated_at) values (?,?,?,?,?,?,?)
2024-03-29T17:51:05.481+09:00 DEBUG 2896 --- [    Test worker] org.hibernate.SQL                        : select pd1_0.publishing_day_id,pd1_0.created_at,pd1_0.day,pd1_0.updated_at from publishing_day pd1_0 where pd1_0.day=?
Hibernate: select pd1_0.publishing_day_id,pd1_0.created_at,pd1_0.day,pd1_0.updated_at from publishing_day pd1_0 where pd1_0.day=?
2024-03-29T17:51:05.484+09:00 DEBUG 2896 --- [    Test worker] org.hibernate.SQL                        : insert into webtoon_publishing_day (created_at,publishing_day_id,updated_at,webtoon_id) values (?,?,?,?)
Hibernate: insert into webtoon_publishing_day (created_at,publishing_day_id,updated_at,webtoon_id) values (?,?,?,?)
어글리후드
2024-03-29T17:51:05.495+09:00 DEBUG 2896 --- [    Test worker] org.hibernate.SQL                        : insert into webtoon (created_at,description,no_youth,publication_status,thumbnail,title,updated_at) values (?,?,?,?,?,?,?)
Hibernate: insert into webtoon (created_at,description,no_youth,publication_status,thumbnail,title,updated_at) values (?,?,?,?,?,?,?)
2024-03-29T17:51:05.505+09:00 DEBUG 2896 --- [    Test worker] org.hibernate.SQL                        : select pd1_0.publishing_day_id,pd1_0.created_at,pd1_0.day,pd1_0.updated_at from publishing_day pd1_0 where pd1_0.day=?
Hibernate: select pd1_0.publishing_day_id,pd1_0.created_at,pd1_0.day,pd1_0.updated_at from publishing_day pd1_0 where pd1_0.day=?
2024-03-29T17:51:05.510+09:00 DEBUG 2896 --- [    Test worker] org.hibernate.SQL                        : insert into webtoon_publishing_day (created_at,publishing_day_id,updated_at,webtoon_id) values (?,?,?,?)
Hibernate: insert into webtoon_publishing_day (created_at,publishing_day_id,updated_at,webtoon_id) values (?,?,?,?)
아홉수 우리들
2024-03-29T17:51:05.520+09:00 DEBUG 2896 --- [    Test worker] org.hibernate.SQL                        : insert into webtoon (created_at,description,no_youth,publication_status,thumbnail,title,updated_at) values (?,?,?,?,?,?,?)
Hibernate: insert into webtoon (created_at,description,no_youth,publication_status,thumbnail,title,updated_at) values (?,?,?,?,?,?,?)
2024-03-29T17:51:05.531+09:00 DEBUG 2896 --- [    Test worker] org.hibernate.SQL                        : select pd1_0.publishing_day_id,pd1_0.created_at,pd1_0.day,pd1_0.updated_at from publishing_day pd1_0 where pd1_0.day=?
Hibernate: select pd1_0.publishing_day_id,pd1_0.created_at,pd1_0.day,pd1_0.updated_at from publishing_day pd1_0 where pd1_0.day=?
2024-03-29T17:51:05.536+09:00 DEBUG 2896 --- [    Test worker] org.hibernate.SQL                        : insert into webtoon_publishing_day (created_at,publishing_day_id,updated_at,webtoon_id) values (?,?,?,?)
Hibernate: insert into webtoon_publishing_day (created_at,publishing_day_id,updated_at,webtoon_id) values (?,?,?,?)
욕망일기Deep
2024-03-29T17:51:05.545+09:00 DEBUG 2896 --- [    Test worker] org.hibernate.SQL                        : insert into webtoon (created_at,description,no_youth,publication_status,thumbnail,title,updated_at) values (?,?,?,?,?,?,?)
Hibernate: insert into webtoon (created_at,description,no_youth,publication_status,thumbnail,title,updated_at) values (?,?,?,?,?,?,?)
2024-03-29T17:51:05.558+09:00 DEBUG 2896 --- [    Test worker] org.hibernate.SQL                        : select pd1_0.publishing_day_id,pd1_0.created_at,pd1_0.day,pd1_0.updated_at from publishing_day pd1_0 where pd1_0.day=?
Hibernate: select pd1_0.publishing_day_id,pd1_0.created_at,pd1_0.day,pd1_0.updated_at from publishing_day pd1_0 where pd1_0.day=?
2024-03-29T17:51:05.563+09:00 DEBUG 2896 --- [    Test worker] org.hibernate.SQL                        : insert into webtoon_publishing_day (created_at,publishing_day_id,updated_at,webtoon_id) values (?,?,?,?)
Hibernate: insert into webtoon_publishing_day (created_at,publishing_day_id,updated_at,webtoon_id) values (?,?,?,?)
세레나
2024-03-29T17:51:05.573+09:00 DEBUG 2896 --- [    Test worker] org.hibernate.SQL                        : insert into webtoon (created_at,description,no_youth,publication_status,thumbnail,title,updated_at) values (?,?,?,?,?,?,?)
Hibernate: insert into webtoon (created_at,description,no_youth,publication_status,thumbnail,title,updated_at) values (?,?,?,?,?,?,?)
2024-03-29T17:51:05.582+09:00 DEBUG 2896 --- [    Test worker] org.hibernate.SQL                        : select pd1_0.publishing_day_id,pd1_0.created_at,pd1_0.day,pd1_0.updated_at from publishing_day pd1_0 where pd1_0.day=?
Hibernate: select pd1_0.publishing_day_id,pd1_0.created_at,pd1_0.day,pd1_0.updated_at from publishing_day pd1_0 where pd1_0.day=?
2024-03-29T17:51:05.586+09:00 DEBUG 2896 --- [    Test worker] org.hibernate.SQL                        : insert into webtoon_publishing_day (created_at,publishing_day_id,updated_at,webtoon_id) values (?,?,?,?)
Hibernate: insert into webtoon_publishing_day (created_at,publishing_day_id,updated_at,webtoon_id) values (?,?,?,?)
망나니 소교주로 환생했다
2024-03-29T17:51:05.595+09:00 DEBUG 2896 --- [    Test worker] org.hibernate.SQL                        : insert into webtoon (created_at,description,no_youth,publication_status,thumbnail,title,updated_at) values (?,?,?,?,?,?,?)
Hibernate: insert into webtoon (created_at,description,no_youth,publication_status,thumbnail,title,updated_at) values (?,?,?,?,?,?,?)
2024-03-29T17:51:05.606+09:00 DEBUG 2896 --- [    Test worker] org.hibernate.SQL                        : select pd1_0.publishing_day_id,pd1_0.created_at,pd1_0.day,pd1_0.updated_at from publishing_day pd1_0 where pd1_0.day=?
Hibernate: select pd1_0.publishing_day_id,pd1_0.created_at,pd1_0.day,pd1_0.updated_at from publishing_day pd1_0 where pd1_0.day=?
2024-03-29T17:51:05.610+09:00 DEBUG 2896 --- [    Test worker] org.hibernate.SQL                        : insert into webtoon_publishing_day (created_at,publishing_day_id,updated_at,webtoon_id) values (?,?,?,?)
Hibernate: insert into webtoon_publishing_day (created_at,publishing_day_id,updated_at,webtoon_id) values (?,?,?,?)
킬러경찰
2024-03-29T17:51:05.620+09:00 DEBUG 2896 --- [    Test worker] org.hibernate.SQL                        : insert into webtoon (created_at,description,no_youth,publication_status,thumbnail,title,updated_at) values (?,?,?,?,?,?,?)
Hibernate: insert into webtoon (created_at,description,no_youth,publication_status,thumbnail,title,updated_at) values (?,?,?,?,?,?,?)
2024-03-29T17:51:05.630+09:00 DEBUG 2896 --- [    Test worker] org.hibernate.SQL                        : select pd1_0.publishing_day_id,pd1_0.created_at,pd1_0.day,pd1_0.updated_at from publishing_day pd1_0 where pd1_0.day=?
Hibernate: select pd1_0.publishing_day_id,pd1_0.created_at,pd1_0.day,pd1_0.updated_at from publishing_day pd1_0 where pd1_0.day=?
2024-03-29T17:51:05.634+09:00 DEBUG 2896 --- [    Test worker] org.hibernate.SQL                        : insert into webtoon_publishing_day (created_at,publishing_day_id,updated_at,webtoon_id) values (?,?,?,?)
Hibernate: insert into webtoon_publishing_day (created_at,publishing_day_id,updated_at,webtoon_id) values (?,?,?,?)
흔한햄
2024-03-29T17:51:05.643+09:00 DEBUG 2896 --- [    Test worker] org.hibernate.SQL                        : insert into webtoon (created_at,description,no_youth,publication_status,thumbnail,title,updated_at) values (?,?,?,?,?,?,?)
Hibernate: insert into webtoon (created_at,description,no_youth,publication_status,thumbnail,title,updated_at) values (?,?,?,?,?,?,?)
2024-03-29T17:51:05.652+09:00 DEBUG 2896 --- [    Test worker] org.hibernate.SQL                        : select pd1_0.publishing_day_id,pd1_0.created_at,pd1_0.day,pd1_0.updated_at from publishing_day pd1_0 where pd1_0.day=?
Hibernate: select pd1_0.publishing_day_id,pd1_0.created_at,pd1_0.day,pd1_0.updated_at from publishing_day pd1_0 where pd1_0.day=?
2024-03-29T17:51:05.657+09:00 DEBUG 2896 --- [    Test worker] org.hibernate.SQL                        : insert into webtoon_publishing_day (created_at,publishing_day_id,updated_at,webtoon_id) values (?,?,?,?)
Hibernate: insert into webtoon_publishing_day (created_at,publishing_day_id,updated_at,webtoon_id) values (?,?,?,?)
얼짱시대
2024-03-29T17:51:05.666+09:00 DEBUG 2896 --- [    Test worker] org.hibernate.SQL                        : insert into webtoon (created_at,description,no_youth,publication_status,thumbnail,title,updated_at) values (?,?,?,?,?,?,?)
Hibernate: insert into webtoon (created_at,description,no_youth,publication_status,thumbnail,title,updated_at) values (?,?,?,?,?,?,?)
2024-03-29T17:51:05.676+09:00 DEBUG 2896 --- [    Test worker] org.hibernate.SQL                        : select pd1_0.publishing_day_id,pd1_0.created_at,pd1_0.day,pd1_0.updated_at from publishing_day pd1_0 where pd1_0.day=?
Hibernate: select pd1_0.publishing_day_id,pd1_0.created_at,pd1_0.day,pd1_0.updated_at from publishing_day pd1_0 where pd1_0.day=?
2024-03-29T17:51:05.679+09:00 DEBUG 2896 --- [    Test worker] org.hibernate.SQL                        : insert into webtoon_publishing_day (created_at,publishing_day_id,updated_at,webtoon_id) values (?,?,?,?)
Hibernate: insert into webtoon_publishing_day (created_at,publishing_day_id,updated_at,webtoon_id) values (?,?,?,?)
나이트런
2024-03-29T17:51:05.688+09:00 DEBUG 2896 --- [    Test worker] org.hibernate.SQL                        : insert into webtoon (created_at,description,no_youth,publication_status,thumbnail,title,updated_at) values (?,?,?,?,?,?,?)
Hibernate: insert into webtoon (created_at,description,no_youth,publication_status,thumbnail,title,updated_at) values (?,?,?,?,?,?,?)
2024-03-29T17:51:05.696+09:00 DEBUG 2896 --- [    Test worker] org.hibernate.SQL                        : select pd1_0.publishing_day_id,pd1_0.created_at,pd1_0.day,pd1_0.updated_at from publishing_day pd1_0 where pd1_0.day=?
Hibernate: select pd1_0.publishing_day_id,pd1_0.created_at,pd1_0.day,pd1_0.updated_at from publishing_day pd1_0 where pd1_0.day=?
2024-03-29T17:51:05.700+09:00 DEBUG 2896 --- [    Test worker] org.hibernate.SQL                        : insert into webtoon_publishing_day (created_at,publishing_day_id,updated_at,webtoon_id) values (?,?,?,?)
Hibernate: insert into webtoon_publishing_day (created_at,publishing_day_id,updated_at,webtoon_id) values (?,?,?,?)
디펜스 게임의 폭군이 되었다
2024-03-29T17:51:05.708+09:00 DEBUG 2896 --- [    Test worker] org.hibernate.SQL                        : insert into webtoon (created_at,description,no_youth,publication_status,thumbnail,title,updated_at) values (?,?,?,?,?,?,?)
Hibernate: insert into webtoon (created_at,description,no_youth,publication_status,thumbnail,title,updated_at) values (?,?,?,?,?,?,?)
2024-03-29T17:51:05.715+09:00 DEBUG 2896 --- [    Test worker] org.hibernate.SQL                        : select pd1_0.publishing_day_id,pd1_0.created_at,pd1_0.day,pd1_0.updated_at from publishing_day pd1_0 where pd1_0.day=?
Hibernate: select pd1_0.publishing_day_id,pd1_0.created_at,pd1_0.day,pd1_0.updated_at from publishing_day pd1_0 where pd1_0.day=?
2024-03-29T17:51:05.719+09:00 DEBUG 2896 --- [    Test worker] org.hibernate.SQL                        : insert into webtoon_publishing_day (created_at,publishing_day_id,updated_at,webtoon_id) values (?,?,?,?)
Hibernate: insert into webtoon_publishing_day (created_at,publishing_day_id,updated_at,webtoon_id) values (?,?,?,?)
아이 하나
2024-03-29T17:51:05.727+09:00 DEBUG 2896 --- [    Test worker] org.hibernate.SQL                        : insert into webtoon (created_at,description,no_youth,publication_status,thumbnail,title,updated_at) values (?,?,?,?,?,?,?)
Hibernate: insert into webtoon (created_at,description,no_youth,publication_status,thumbnail,title,updated_at) values (?,?,?,?,?,?,?)
2024-03-29T17:51:05.737+09:00 DEBUG 2896 --- [    Test worker] org.hibernate.SQL                        : select pd1_0.publishing_day_id,pd1_0.created_at,pd1_0.day,pd1_0.updated_at from publishing_day pd1_0 where pd1_0.day=?
Hibernate: select pd1_0.publishing_day_id,pd1_0.created_at,pd1_0.day,pd1_0.updated_at from publishing_day pd1_0 where pd1_0.day=?
2024-03-29T17:51:05.741+09:00 DEBUG 2896 --- [    Test worker] org.hibernate.SQL                        : insert into webtoon_publishing_day (created_at,publishing_day_id,updated_at,webtoon_id) values (?,?,?,?)
Hibernate: insert into webtoon_publishing_day (created_at,publishing_day_id,updated_at,webtoon_id) values (?,?,?,?)
신입사원 강 회장
2024-03-29T17:51:05.753+09:00 DEBUG 2896 --- [    Test worker] org.hibernate.SQL                        : insert into webtoon (created_at,description,no_youth,publication_status,thumbnail,title,updated_at) values (?,?,?,?,?,?,?)
Hibernate: insert into webtoon (created_at,description,no_youth,publication_status,thumbnail,title,updated_at) values (?,?,?,?,?,?,?)
2024-03-29T17:51:05.763+09:00 DEBUG 2896 --- [    Test worker] org.hibernate.SQL                        : select pd1_0.publishing_day_id,pd1_0.created_at,pd1_0.day,pd1_0.updated_at from publishing_day pd1_0 where pd1_0.day=?
Hibernate: select pd1_0.publishing_day_id,pd1_0.created_at,pd1_0.day,pd1_0.updated_at from publishing_day pd1_0 where pd1_0.day=?
2024-03-29T17:51:05.767+09:00 DEBUG 2896 --- [    Test worker] org.hibernate.SQL                        : insert into webtoon_publishing_day (created_at,publishing_day_id,updated_at,webtoon_id) values (?,?,?,?)
Hibernate: insert into webtoon_publishing_day (created_at,publishing_day_id,updated_at,webtoon_id) values (?,?,?,?)
나를 바꿔줘
2024-03-29T17:51:05.777+09:00 DEBUG 2896 --- [    Test worker] org.hibernate.SQL                        : insert into webtoon (created_at,description,no_youth,publication_status,thumbnail,title,updated_at) values (?,?,?,?,?,?,?)
Hibernate: insert into webtoon (created_at,description,no_youth,publication_status,thumbnail,title,updated_at) values (?,?,?,?,?,?,?)
2024-03-29T17:51:05.788+09:00 DEBUG 2896 --- [    Test worker] org.hibernate.SQL                        : select pd1_0.publishing_day_id,pd1_0.created_at,pd1_0.day,pd1_0.updated_at from publishing_day pd1_0 where pd1_0.day=?
Hibernate: select pd1_0.publishing_day_id,pd1_0.created_at,pd1_0.day,pd1_0.updated_at from publishing_day pd1_0 where pd1_0.day=?
2024-03-29T17:51:05.793+09:00 DEBUG 2896 --- [    Test worker] org.hibernate.SQL                        : insert into webtoon_publishing_day (created_at,publishing_day_id,updated_at,webtoon_id) values (?,?,?,?)
Hibernate: insert into webtoon_publishing_day (created_at,publishing_day_id,updated_at,webtoon_id) values (?,?,?,?)
황제의 검
2024-03-29T17:51:05.804+09:00 DEBUG 2896 --- [    Test worker] org.hibernate.SQL                        : insert into webtoon (created_at,description,no_youth,publication_status,thumbnail,title,updated_at) values (?,?,?,?,?,?,?)
Hibernate: insert into webtoon (created_at,description,no_youth,publication_status,thumbnail,title,updated_at) values (?,?,?,?,?,?,?)
2024-03-29T17:51:05.815+09:00 DEBUG 2896 --- [    Test worker] org.hibernate.SQL                        : select pd1_0.publishing_day_id,pd1_0.created_at,pd1_0.day,pd1_0.updated_at from publishing_day pd1_0 where pd1_0.day=?
Hibernate: select pd1_0.publishing_day_id,pd1_0.created_at,pd1_0.day,pd1_0.updated_at from publishing_day pd1_0 where pd1_0.day=?
2024-03-29T17:51:05.820+09:00 DEBUG 2896 --- [    Test worker] org.hibernate.SQL                        : insert into webtoon_publishing_day (created_at,publishing_day_id,updated_at,webtoon_id) values (?,?,?,?)
Hibernate: insert into webtoon_publishing_day (created_at,publishing_day_id,updated_at,webtoon_id) values (?,?,?,?)
놓지마 정신줄 시즌3
2024-03-29T17:51:05.830+09:00 DEBUG 2896 --- [    Test worker] org.hibernate.SQL                        : insert into webtoon (created_at,description,no_youth,publication_status,thumbnail,title,updated_at) values (?,?,?,?,?,?,?)
Hibernate: insert into webtoon (created_at,description,no_youth,publication_status,thumbnail,title,updated_at) values (?,?,?,?,?,?,?)
2024-03-29T17:51:05.842+09:00 DEBUG 2896 --- [    Test worker] org.hibernate.SQL                        : select pd1_0.publishing_day_id,pd1_0.created_at,pd1_0.day,pd1_0.updated_at from publishing_day pd1_0 where pd1_0.day=?
Hibernate: select pd1_0.publishing_day_id,pd1_0.created_at,pd1_0.day,pd1_0.updated_at from publishing_day pd1_0 where pd1_0.day=?
2024-03-29T17:51:05.846+09:00 DEBUG 2896 --- [    Test worker] org.hibernate.SQL                        : insert into webtoon_publishing_day (created_at,publishing_day_id,updated_at,webtoon_id) values (?,?,?,?)
Hibernate: insert into webtoon_publishing_day (created_at,publishing_day_id,updated_at,webtoon_id) values (?,?,?,?)
왕의 힘으로 회귀한다
2024-03-29T17:51:05.855+09:00 DEBUG 2896 --- [    Test worker] org.hibernate.SQL                        : insert into webtoon (created_at,description,no_youth,publication_status,thumbnail,title,updated_at) values (?,?,?,?,?,?,?)
Hibernate: insert into webtoon (created_at,description,no_youth,publication_status,thumbnail,title,updated_at) values (?,?,?,?,?,?,?)
2024-03-29T17:51:05.865+09:00 DEBUG 2896 --- [    Test worker] org.hibernate.SQL                        : select pd1_0.publishing_day_id,pd1_0.created_at,pd1_0.day,pd1_0.updated_at from publishing_day pd1_0 where pd1_0.day=?
Hibernate: select pd1_0.publishing_day_id,pd1_0.created_at,pd1_0.day,pd1_0.updated_at from publishing_day pd1_0 where pd1_0.day=?
2024-03-29T17:51:05.870+09:00 DEBUG 2896 --- [    Test worker] org.hibernate.SQL                        : insert into webtoon_publishing_day (created_at,publishing_day_id,updated_at,webtoon_id) values (?,?,?,?)
Hibernate: insert into webtoon_publishing_day (created_at,publishing_day_id,updated_at,webtoon_id) values (?,?,?,?)
소공녀 민트
2024-03-29T17:51:05.879+09:00 DEBUG 2896 --- [    Test worker] org.hibernate.SQL                        : insert into webtoon (created_at,description,no_youth,publication_status,thumbnail,title,updated_at) values (?,?,?,?,?,?,?)
Hibernate: insert into webtoon (created_at,description,no_youth,publication_status,thumbnail,title,updated_at) values (?,?,?,?,?,?,?)
2024-03-29T17:51:05.888+09:00 DEBUG 2896 --- [    Test worker] org.hibernate.SQL                        : select pd1_0.publishing_day_id,pd1_0.created_at,pd1_0.day,pd1_0.updated_at from publishing_day pd1_0 where pd1_0.day=?
Hibernate: select pd1_0.publishing_day_id,pd1_0.created_at,pd1_0.day,pd1_0.updated_at from publishing_day pd1_0 where pd1_0.day=?
2024-03-29T17:51:05.892+09:00 DEBUG 2896 --- [    Test worker] org.hibernate.SQL                        : insert into webtoon_publishing_day (created_at,publishing_day_id,updated_at,webtoon_id) values (?,?,?,?)
Hibernate: insert into webtoon_publishing_day (created_at,publishing_day_id,updated_at,webtoon_id) values (?,?,?,?)
짜장 한 그릇에 제갈세가 데릴사위
2024-03-29T17:51:05.902+09:00 DEBUG 2896 --- [    Test worker] org.hibernate.SQL                        : insert into webtoon (created_at,description,no_youth,publication_status,thumbnail,title,updated_at) values (?,?,?,?,?,?,?)
Hibernate: insert into webtoon (created_at,description,no_youth,publication_status,thumbnail,title,updated_at) values (?,?,?,?,?,?,?)
2024-03-29T17:51:05.912+09:00 DEBUG 2896 --- [    Test worker] org.hibernate.SQL                        : select pd1_0.publishing_day_id,pd1_0.created_at,pd1_0.day,pd1_0.updated_at from publishing_day pd1_0 where pd1_0.day=?
Hibernate: select pd1_0.publishing_day_id,pd1_0.created_at,pd1_0.day,pd1_0.updated_at from publishing_day pd1_0 where pd1_0.day=?
2024-03-29T17:51:05.917+09:00 DEBUG 2896 --- [    Test worker] org.hibernate.SQL                        : insert into webtoon_publishing_day (created_at,publishing_day_id,updated_at,webtoon_id) values (?,?,?,?)
Hibernate: insert into webtoon_publishing_day (created_at,publishing_day_id,updated_at,webtoon_id) values (?,?,?,?)
야매 힐러로 사는 법
2024-03-29T17:51:05.927+09:00 DEBUG 2896 --- [    Test worker] org.hibernate.SQL                        : insert into webtoon (created_at,description,no_youth,publication_status,thumbnail,title,updated_at) values (?,?,?,?,?,?,?)
Hibernate: insert into webtoon (created_at,description,no_youth,publication_status,thumbnail,title,updated_at) values (?,?,?,?,?,?,?)
2024-03-29T17:51:05.937+09:00 DEBUG 2896 --- [    Test worker] org.hibernate.SQL                        : select pd1_0.publishing_day_id,pd1_0.created_at,pd1_0.day,pd1_0.updated_at from publishing_day pd1_0 where pd1_0.day=?
Hibernate: select pd1_0.publishing_day_id,pd1_0.created_at,pd1_0.day,pd1_0.updated_at from publishing_day pd1_0 where pd1_0.day=?
2024-03-29T17:51:05.941+09:00 DEBUG 2896 --- [    Test worker] org.hibernate.SQL                        : insert into webtoon_publishing_day (created_at,publishing_day_id,updated_at,webtoon_id) values (?,?,?,?)
Hibernate: insert into webtoon_publishing_day (created_at,publishing_day_id,updated_at,webtoon_id) values (?,?,?,?)
마님이네 미국 시골집 이야기
2024-03-29T17:51:05.951+09:00 DEBUG 2896 --- [    Test worker] org.hibernate.SQL                        : insert into webtoon (created_at,description,no_youth,publication_status,thumbnail,title,updated_at) values (?,?,?,?,?,?,?)
Hibernate: insert into webtoon (created_at,description,no_youth,publication_status,thumbnail,title,updated_at) values (?,?,?,?,?,?,?)
2024-03-29T17:51:05.961+09:00 DEBUG 2896 --- [    Test worker] org.hibernate.SQL                        : select pd1_0.publishing_day_id,pd1_0.created_at,pd1_0.day,pd1_0.updated_at from publishing_day pd1_0 where pd1_0.day=?
Hibernate: select pd1_0.publishing_day_id,pd1_0.created_at,pd1_0.day,pd1_0.updated_at from publishing_day pd1_0 where pd1_0.day=?
2024-03-29T17:51:05.966+09:00 DEBUG 2896 --- [    Test worker] org.hibernate.SQL                        : insert into webtoon_publishing_day (created_at,publishing_day_id,updated_at,webtoon_id) values (?,?,?,?)
Hibernate: insert into webtoon_publishing_day (created_at,publishing_day_id,updated_at,webtoon_id) values (?,?,?,?)
사랑하는 나의 억압자
2024-03-29T17:51:05.977+09:00 DEBUG 2896 --- [    Test worker] org.hibernate.SQL                        : insert into webtoon (created_at,description,no_youth,publication_status,thumbnail,title,updated_at) values (?,?,?,?,?,?,?)
Hibernate: insert into webtoon (created_at,description,no_youth,publication_status,thumbnail,title,updated_at) values (?,?,?,?,?,?,?)
2024-03-29T17:51:05.987+09:00 DEBUG 2896 --- [    Test worker] org.hibernate.SQL                        : select pd1_0.publishing_day_id,pd1_0.created_at,pd1_0.day,pd1_0.updated_at from publishing_day pd1_0 where pd1_0.day=?
Hibernate: select pd1_0.publishing_day_id,pd1_0.created_at,pd1_0.day,pd1_0.updated_at from publishing_day pd1_0 where pd1_0.day=?
2024-03-29T17:51:05.991+09:00 DEBUG 2896 --- [    Test worker] org.hibernate.SQL                        : insert into webtoon_publishing_day (created_at,publishing_day_id,updated_at,webtoon_id) values (?,?,?,?)
Hibernate: insert into webtoon_publishing_day (created_at,publishing_day_id,updated_at,webtoon_id) values (?,?,?,?)
윌유메리미
2024-03-29T17:51:06.001+09:00 DEBUG 2896 --- [    Test worker] org.hibernate.SQL                        : insert into webtoon (created_at,description,no_youth,publication_status,thumbnail,title,updated_at) values (?,?,?,?,?,?,?)
Hibernate: insert into webtoon (created_at,description,no_youth,publication_status,thumbnail,title,updated_at) values (?,?,?,?,?,?,?)
2024-03-29T17:51:06.012+09:00 DEBUG 2896 --- [    Test worker] org.hibernate.SQL                        : select pd1_0.publishing_day_id,pd1_0.created_at,pd1_0.day,pd1_0.updated_at from publishing_day pd1_0 where pd1_0.day=?
Hibernate: select pd1_0.publishing_day_id,pd1_0.created_at,pd1_0.day,pd1_0.updated_at from publishing_day pd1_0 where pd1_0.day=?
2024-03-29T17:51:06.017+09:00 DEBUG 2896 --- [    Test worker] org.hibernate.SQL                        : insert into webtoon_publishing_day (created_at,publishing_day_id,updated_at,webtoon_id) values (?,?,?,?)
Hibernate: insert into webtoon_publishing_day (created_at,publishing_day_id,updated_at,webtoon_id) values (?,?,?,?)
나를 미워하던 남편이 기억을 잃었다
2024-03-29T17:51:06.026+09:00 DEBUG 2896 --- [    Test worker] org.hibernate.SQL                        : insert into webtoon (created_at,description,no_youth,publication_status,thumbnail,title,updated_at) values (?,?,?,?,?,?,?)
Hibernate: insert into webtoon (created_at,description,no_youth,publication_status,thumbnail,title,updated_at) values (?,?,?,?,?,?,?)
2024-03-29T17:51:06.037+09:00 DEBUG 2896 --- [    Test worker] org.hibernate.SQL                        : select pd1_0.publishing_day_id,pd1_0.created_at,pd1_0.day,pd1_0.updated_at from publishing_day pd1_0 where pd1_0.day=?
Hibernate: select pd1_0.publishing_day_id,pd1_0.created_at,pd1_0.day,pd1_0.updated_at from publishing_day pd1_0 where pd1_0.day=?
2024-03-29T17:51:06.042+09:00 DEBUG 2896 --- [    Test worker] org.hibernate.SQL                        : insert into webtoon_publishing_day (created_at,publishing_day_id,updated_at,webtoon_id) values (?,?,?,?)
Hibernate: insert into webtoon_publishing_day (created_at,publishing_day_id,updated_at,webtoon_id) values (?,?,?,?)
대충 캠퍼스로맨스임
2024-03-29T17:51:06.051+09:00 DEBUG 2896 --- [    Test worker] org.hibernate.SQL                        : insert into webtoon (created_at,description,no_youth,publication_status,thumbnail,title,updated_at) values (?,?,?,?,?,?,?)
Hibernate: insert into webtoon (created_at,description,no_youth,publication_status,thumbnail,title,updated_at) values (?,?,?,?,?,?,?)
2024-03-29T17:51:06.061+09:00 DEBUG 2896 --- [    Test worker] org.hibernate.SQL                        : select pd1_0.publishing_day_id,pd1_0.created_at,pd1_0.day,pd1_0.updated_at from publishing_day pd1_0 where pd1_0.day=?
Hibernate: select pd1_0.publishing_day_id,pd1_0.created_at,pd1_0.day,pd1_0.updated_at from publishing_day pd1_0 where pd1_0.day=?
2024-03-29T17:51:06.065+09:00 DEBUG 2896 --- [    Test worker] org.hibernate.SQL                        : insert into webtoon_publishing_day (created_at,publishing_day_id,updated_at,webtoon_id) values (?,?,?,?)
Hibernate: insert into webtoon_publishing_day (created_at,publishing_day_id,updated_at,webtoon_id) values (?,?,?,?)
플레이어가 과거를 숨김
2024-03-29T17:51:06.075+09:00 DEBUG 2896 --- [    Test worker] org.hibernate.SQL                        : insert into webtoon (created_at,description,no_youth,publication_status,thumbnail,title,updated_at) values (?,?,?,?,?,?,?)
Hibernate: insert into webtoon (created_at,description,no_youth,publication_status,thumbnail,title,updated_at) values (?,?,?,?,?,?,?)
2024-03-29T17:51:06.085+09:00 DEBUG 2896 --- [    Test worker] org.hibernate.SQL                        : select pd1_0.publishing_day_id,pd1_0.created_at,pd1_0.day,pd1_0.updated_at from publishing_day pd1_0 where pd1_0.day=?
Hibernate: select pd1_0.publishing_day_id,pd1_0.created_at,pd1_0.day,pd1_0.updated_at from publishing_day pd1_0 where pd1_0.day=?
2024-03-29T17:51:06.090+09:00 DEBUG 2896 --- [    Test worker] org.hibernate.SQL                        : insert into webtoon_publishing_day (created_at,publishing_day_id,updated_at,webtoon_id) values (?,?,?,?)
Hibernate: insert into webtoon_publishing_day (created_at,publishing_day_id,updated_at,webtoon_id) values (?,?,?,?)
탑아이돌의 막내 멤버가 되었다
2024-03-29T17:51:06.099+09:00 DEBUG 2896 --- [    Test worker] org.hibernate.SQL                        : insert into webtoon (created_at,description,no_youth,publication_status,thumbnail,title,updated_at) values (?,?,?,?,?,?,?)
Hibernate: insert into webtoon (created_at,description,no_youth,publication_status,thumbnail,title,updated_at) values (?,?,?,?,?,?,?)
2024-03-29T17:51:06.109+09:00 DEBUG 2896 --- [    Test worker] org.hibernate.SQL                        : select pd1_0.publishing_day_id,pd1_0.created_at,pd1_0.day,pd1_0.updated_at from publishing_day pd1_0 where pd1_0.day=?
Hibernate: select pd1_0.publishing_day_id,pd1_0.created_at,pd1_0.day,pd1_0.updated_at from publishing_day pd1_0 where pd1_0.day=?
2024-03-29T17:51:06.113+09:00 DEBUG 2896 --- [    Test worker] org.hibernate.SQL                        : insert into webtoon_publishing_day (created_at,publishing_day_id,updated_at,webtoon_id) values (?,?,?,?)
Hibernate: insert into webtoon_publishing_day (created_at,publishing_day_id,updated_at,webtoon_id) values (?,?,?,?)
망치하르방
2024-03-29T17:51:06.122+09:00 DEBUG 2896 --- [    Test worker] org.hibernate.SQL                        : insert into webtoon (created_at,description,no_youth,publication_status,thumbnail,title,updated_at) values (?,?,?,?,?,?,?)
Hibernate: insert into webtoon (created_at,description,no_youth,publication_status,thumbnail,title,updated_at) values (?,?,?,?,?,?,?)
2024-03-29T17:51:06.131+09:00 DEBUG 2896 --- [    Test worker] org.hibernate.SQL                        : select pd1_0.publishing_day_id,pd1_0.created_at,pd1_0.day,pd1_0.updated_at from publishing_day pd1_0 where pd1_0.day=?
Hibernate: select pd1_0.publishing_day_id,pd1_0.created_at,pd1_0.day,pd1_0.updated_at from publishing_day pd1_0 where pd1_0.day=?
2024-03-29T17:51:06.136+09:00 DEBUG 2896 --- [    Test worker] org.hibernate.SQL                        : insert into webtoon_publishing_day (created_at,publishing_day_id,updated_at,webtoon_id) values (?,?,?,?)
Hibernate: insert into webtoon_publishing_day (created_at,publishing_day_id,updated_at,webtoon_id) values (?,?,?,?)
멸망한 세계의 취사병
2024-03-29T17:51:06.146+09:00 DEBUG 2896 --- [    Test worker] org.hibernate.SQL                        : insert into webtoon (created_at,description,no_youth,publication_status,thumbnail,title,updated_at) values (?,?,?,?,?,?,?)
Hibernate: insert into webtoon (created_at,description,no_youth,publication_status,thumbnail,title,updated_at) values (?,?,?,?,?,?,?)
2024-03-29T17:51:06.159+09:00 DEBUG 2896 --- [    Test worker] org.hibernate.SQL                        : select pd1_0.publishing_day_id,pd1_0.created_at,pd1_0.day,pd1_0.updated_at from publishing_day pd1_0 where pd1_0.day=?
Hibernate: select pd1_0.publishing_day_id,pd1_0.created_at,pd1_0.day,pd1_0.updated_at from publishing_day pd1_0 where pd1_0.day=?
2024-03-29T17:51:06.164+09:00 DEBUG 2896 --- [    Test worker] org.hibernate.SQL                        : insert into webtoon_publishing_day (created_at,publishing_day_id,updated_at,webtoon_id) values (?,?,?,?)
Hibernate: insert into webtoon_publishing_day (created_at,publishing_day_id,updated_at,webtoon_id) values (?,?,?,?)
예명여고
2024-03-29T17:51:06.174+09:00 DEBUG 2896 --- [    Test worker] org.hibernate.SQL                        : insert into webtoon (created_at,description,no_youth,publication_status,thumbnail,title,updated_at) values (?,?,?,?,?,?,?)
Hibernate: insert into webtoon (created_at,description,no_youth,publication_status,thumbnail,title,updated_at) values (?,?,?,?,?,?,?)
2024-03-29T17:51:06.186+09:00 DEBUG 2896 --- [    Test worker] org.hibernate.SQL                        : select pd1_0.publishing_day_id,pd1_0.created_at,pd1_0.day,pd1_0.updated_at from publishing_day pd1_0 where pd1_0.day=?
Hibernate: select pd1_0.publishing_day_id,pd1_0.created_at,pd1_0.day,pd1_0.updated_at from publishing_day pd1_0 where pd1_0.day=?
2024-03-29T17:51:06.190+09:00 DEBUG 2896 --- [    Test worker] org.hibernate.SQL                        : insert into webtoon_publishing_day (created_at,publishing_day_id,updated_at,webtoon_id) values (?,?,?,?)
Hibernate: insert into webtoon_publishing_day (created_at,publishing_day_id,updated_at,webtoon_id) values (?,?,?,?)
민간인 통제구역 - 일급기밀
2024-03-29T17:51:06.200+09:00 DEBUG 2896 --- [    Test worker] org.hibernate.SQL                        : insert into webtoon (created_at,description,no_youth,publication_status,thumbnail,title,updated_at) values (?,?,?,?,?,?,?)
Hibernate: insert into webtoon (created_at,description,no_youth,publication_status,thumbnail,title,updated_at) values (?,?,?,?,?,?,?)
2024-03-29T17:51:06.211+09:00 DEBUG 2896 --- [    Test worker] org.hibernate.SQL                        : select pd1_0.publishing_day_id,pd1_0.created_at,pd1_0.day,pd1_0.updated_at from publishing_day pd1_0 where pd1_0.day=?
Hibernate: select pd1_0.publishing_day_id,pd1_0.created_at,pd1_0.day,pd1_0.updated_at from publishing_day pd1_0 where pd1_0.day=?
2024-03-29T17:51:06.216+09:00 DEBUG 2896 --- [    Test worker] org.hibernate.SQL                        : insert into webtoon_publishing_day (created_at,publishing_day_id,updated_at,webtoon_id) values (?,?,?,?)
Hibernate: insert into webtoon_publishing_day (created_at,publishing_day_id,updated_at,webtoon_id) values (?,?,?,?)
부패의 사제
2024-03-29T17:51:06.228+09:00 DEBUG 2896 --- [    Test worker] org.hibernate.SQL                        : insert into webtoon (created_at,description,no_youth,publication_status,thumbnail,title,updated_at) values (?,?,?,?,?,?,?)
Hibernate: insert into webtoon (created_at,description,no_youth,publication_status,thumbnail,title,updated_at) values (?,?,?,?,?,?,?)
2024-03-29T17:51:06.238+09:00 DEBUG 2896 --- [    Test worker] org.hibernate.SQL                        : select pd1_0.publishing_day_id,pd1_0.created_at,pd1_0.day,pd1_0.updated_at from publishing_day pd1_0 where pd1_0.day=?
Hibernate: select pd1_0.publishing_day_id,pd1_0.created_at,pd1_0.day,pd1_0.updated_at from publishing_day pd1_0 where pd1_0.day=?
2024-03-29T17:51:06.243+09:00 DEBUG 2896 --- [    Test worker] org.hibernate.SQL                        : insert into webtoon_publishing_day (created_at,publishing_day_id,updated_at,webtoon_id) values (?,?,?,?)
Hibernate: insert into webtoon_publishing_day (created_at,publishing_day_id,updated_at,webtoon_id) values (?,?,?,?)
같은 학교 친구
2024-03-29T17:51:06.252+09:00 DEBUG 2896 --- [    Test worker] org.hibernate.SQL                        : insert into webtoon (created_at,description,no_youth,publication_status,thumbnail,title,updated_at) values (?,?,?,?,?,?,?)
Hibernate: insert into webtoon (created_at,description,no_youth,publication_status,thumbnail,title,updated_at) values (?,?,?,?,?,?,?)
2024-03-29T17:51:06.260+09:00 DEBUG 2896 --- [    Test worker] org.hibernate.SQL                        : select pd1_0.publishing_day_id,pd1_0.created_at,pd1_0.day,pd1_0.updated_at from publishing_day pd1_0 where pd1_0.day=?
Hibernate: select pd1_0.publishing_day_id,pd1_0.created_at,pd1_0.day,pd1_0.updated_at from publishing_day pd1_0 where pd1_0.day=?
2024-03-29T17:51:06.264+09:00 DEBUG 2896 --- [    Test worker] org.hibernate.SQL                        : insert into webtoon_publishing_day (created_at,publishing_day_id,updated_at,webtoon_id) values (?,?,?,?)
Hibernate: insert into webtoon_publishing_day (created_at,publishing_day_id,updated_at,webtoon_id) values (?,?,?,?)
회귀자의 은퇴 라이프
2024-03-29T17:51:06.273+09:00 DEBUG 2896 --- [    Test worker] org.hibernate.SQL                        : insert into webtoon (created_at,description,no_youth,publication_status,thumbnail,title,updated_at) values (?,?,?,?,?,?,?)
Hibernate: insert into webtoon (created_at,description,no_youth,publication_status,thumbnail,title,updated_at) values (?,?,?,?,?,?,?)
2024-03-29T17:51:06.282+09:00 DEBUG 2896 --- [    Test worker] org.hibernate.SQL                        : select pd1_0.publishing_day_id,pd1_0.created_at,pd1_0.day,pd1_0.updated_at from publishing_day pd1_0 where pd1_0.day=?
Hibernate: select pd1_0.publishing_day_id,pd1_0.created_at,pd1_0.day,pd1_0.updated_at from publishing_day pd1_0 where pd1_0.day=?
2024-03-29T17:51:06.286+09:00 DEBUG 2896 --- [    Test worker] org.hibernate.SQL                        : insert into webtoon_publishing_day (created_at,publishing_day_id,updated_at,webtoon_id) values (?,?,?,?)
Hibernate: insert into webtoon_publishing_day (created_at,publishing_day_id,updated_at,webtoon_id) values (?,?,?,?)
흑화한 노예남을 길들였다
2024-03-29T17:51:06.298+09:00 DEBUG 2896 --- [    Test worker] org.hibernate.SQL                        : insert into webtoon (created_at,description,no_youth,publication_status,thumbnail,title,updated_at) values (?,?,?,?,?,?,?)
Hibernate: insert into webtoon (created_at,description,no_youth,publication_status,thumbnail,title,updated_at) values (?,?,?,?,?,?,?)
2024-03-29T17:51:06.314+09:00 DEBUG 2896 --- [    Test worker] org.hibernate.SQL                        : select pd1_0.publishing_day_id,pd1_0.created_at,pd1_0.day,pd1_0.updated_at from publishing_day pd1_0 where pd1_0.day=?
Hibernate: select pd1_0.publishing_day_id,pd1_0.created_at,pd1_0.day,pd1_0.updated_at from publishing_day pd1_0 where pd1_0.day=?
2024-03-29T17:51:06.319+09:00 DEBUG 2896 --- [    Test worker] org.hibernate.SQL                        : insert into webtoon_publishing_day (created_at,publishing_day_id,updated_at,webtoon_id) values (?,?,?,?)
Hibernate: insert into webtoon_publishing_day (created_at,publishing_day_id,updated_at,webtoon_id) values (?,?,?,?)
탑코너
2024-03-29T17:51:06.328+09:00 DEBUG 2896 --- [    Test worker] org.hibernate.SQL                        : insert into webtoon (created_at,description,no_youth,publication_status,thumbnail,title,updated_at) values (?,?,?,?,?,?,?)
Hibernate: insert into webtoon (created_at,description,no_youth,publication_status,thumbnail,title,updated_at) values (?,?,?,?,?,?,?)
2024-03-29T17:51:06.340+09:00 DEBUG 2896 --- [    Test worker] org.hibernate.SQL                        : select pd1_0.publishing_day_id,pd1_0.created_at,pd1_0.day,pd1_0.updated_at from publishing_day pd1_0 where pd1_0.day=?
Hibernate: select pd1_0.publishing_day_id,pd1_0.created_at,pd1_0.day,pd1_0.updated_at from publishing_day pd1_0 where pd1_0.day=?
2024-03-29T17:51:06.343+09:00 DEBUG 2896 --- [    Test worker] org.hibernate.SQL                        : insert into webtoon_publishing_day (created_at,publishing_day_id,updated_at,webtoon_id) values (?,?,?,?)
Hibernate: insert into webtoon_publishing_day (created_at,publishing_day_id,updated_at,webtoon_id) values (?,?,?,?)
천 살 연하 황제가 집착한다
2024-03-29T17:51:06.353+09:00 DEBUG 2896 --- [    Test worker] org.hibernate.SQL                        : insert into webtoon (created_at,description,no_youth,publication_status,thumbnail,title,updated_at) values (?,?,?,?,?,?,?)
Hibernate: insert into webtoon (created_at,description,no_youth,publication_status,thumbnail,title,updated_at) values (?,?,?,?,?,?,?)
2024-03-29T17:51:06.364+09:00 DEBUG 2896 --- [    Test worker] org.hibernate.SQL                        : select pd1_0.publishing_day_id,pd1_0.created_at,pd1_0.day,pd1_0.updated_at from publishing_day pd1_0 where pd1_0.day=?
Hibernate: select pd1_0.publishing_day_id,pd1_0.created_at,pd1_0.day,pd1_0.updated_at from publishing_day pd1_0 where pd1_0.day=?
2024-03-29T17:51:06.369+09:00 DEBUG 2896 --- [    Test worker] org.hibernate.SQL                        : insert into webtoon_publishing_day (created_at,publishing_day_id,updated_at,webtoon_id) values (?,?,?,?)
Hibernate: insert into webtoon_publishing_day (created_at,publishing_day_id,updated_at,webtoon_id) values (?,?,?,?)
더 해머
2024-03-29T17:51:06.380+09:00 DEBUG 2896 --- [    Test worker] org.hibernate.SQL                        : insert into webtoon (created_at,description,no_youth,publication_status,thumbnail,title,updated_at) values (?,?,?,?,?,?,?)
Hibernate: insert into webtoon (created_at,description,no_youth,publication_status,thumbnail,title,updated_at) values (?,?,?,?,?,?,?)
2024-03-29T17:51:06.391+09:00 DEBUG 2896 --- [    Test worker] org.hibernate.SQL                        : select pd1_0.publishing_day_id,pd1_0.created_at,pd1_0.day,pd1_0.updated_at from publishing_day pd1_0 where pd1_0.day=?
Hibernate: select pd1_0.publishing_day_id,pd1_0.created_at,pd1_0.day,pd1_0.updated_at from publishing_day pd1_0 where pd1_0.day=?
2024-03-29T17:51:06.396+09:00 DEBUG 2896 --- [    Test worker] org.hibernate.SQL                        : insert into webtoon_publishing_day (created_at,publishing_day_id,updated_at,webtoon_id) values (?,?,?,?)
Hibernate: insert into webtoon_publishing_day (created_at,publishing_day_id,updated_at,webtoon_id) values (?,?,?,?)
멸망한 가문의 회귀자
2024-03-29T17:51:06.405+09:00 DEBUG 2896 --- [    Test worker] org.hibernate.SQL                        : insert into webtoon (created_at,description,no_youth,publication_status,thumbnail,title,updated_at) values (?,?,?,?,?,?,?)
Hibernate: insert into webtoon (created_at,description,no_youth,publication_status,thumbnail,title,updated_at) values (?,?,?,?,?,?,?)
2024-03-29T17:51:06.415+09:00 DEBUG 2896 --- [    Test worker] org.hibernate.SQL                        : select pd1_0.publishing_day_id,pd1_0.created_at,pd1_0.day,pd1_0.updated_at from publishing_day pd1_0 where pd1_0.day=?
Hibernate: select pd1_0.publishing_day_id,pd1_0.created_at,pd1_0.day,pd1_0.updated_at from publishing_day pd1_0 where pd1_0.day=?
2024-03-29T17:51:06.420+09:00 DEBUG 2896 --- [    Test worker] org.hibernate.SQL                        : insert into webtoon_publishing_day (created_at,publishing_day_id,updated_at,webtoon_id) values (?,?,?,?)
Hibernate: insert into webtoon_publishing_day (created_at,publishing_day_id,updated_at,webtoon_id) values (?,?,?,?)
"다비
2024-03-29T17:51:06.430+09:00 DEBUG 2896 --- [    Test worker] org.hibernate.SQL                        : insert into webtoon (created_at,description,no_youth,publication_status,thumbnail,title,updated_at) values (?,?,?,?,?,?,?)
Hibernate: insert into webtoon (created_at,description,no_youth,publication_status,thumbnail,title,updated_at) values (?,?,?,?,?,?,?)
2024-03-29T17:51:06.441+09:00 DEBUG 2896 --- [    Test worker] org.hibernate.SQL                        : select pd1_0.publishing_day_id,pd1_0.created_at,pd1_0.day,pd1_0.updated_at from publishing_day pd1_0 where pd1_0.day=?
Hibernate: select pd1_0.publishing_day_id,pd1_0.created_at,pd1_0.day,pd1_0.updated_at from publishing_day pd1_0 where pd1_0.day=?
2024-03-29T17:51:06.445+09:00 DEBUG 2896 --- [    Test worker] org.hibernate.SQL                        : insert into webtoon_publishing_day (created_at,publishing_day_id,updated_at,webtoon_id) values (?,?,?,?)
Hibernate: insert into webtoon_publishing_day (created_at,publishing_day_id,updated_at,webtoon_id) values (?,?,?,?)
괴양이
2024-03-29T17:51:06.454+09:00 DEBUG 2896 --- [    Test worker] org.hibernate.SQL                        : insert into webtoon (created_at,description,no_youth,publication_status,thumbnail,title,updated_at) values (?,?,?,?,?,?,?)
Hibernate: insert into webtoon (created_at,description,no_youth,publication_status,thumbnail,title,updated_at) values (?,?,?,?,?,?,?)
2024-03-29T17:51:06.463+09:00 DEBUG 2896 --- [    Test worker] org.hibernate.SQL                        : select pd1_0.publishing_day_id,pd1_0.created_at,pd1_0.day,pd1_0.updated_at from publishing_day pd1_0 where pd1_0.day=?
Hibernate: select pd1_0.publishing_day_id,pd1_0.created_at,pd1_0.day,pd1_0.updated_at from publishing_day pd1_0 where pd1_0.day=?
2024-03-29T17:51:06.467+09:00 DEBUG 2896 --- [    Test worker] org.hibernate.SQL                        : insert into webtoon_publishing_day (created_at,publishing_day_id,updated_at,webtoon_id) values (?,?,?,?)
Hibernate: insert into webtoon_publishing_day (created_at,publishing_day_id,updated_at,webtoon_id) values (?,?,?,?)
전생연분
2024-03-29T17:51:06.477+09:00 DEBUG 2896 --- [    Test worker] org.hibernate.SQL                        : insert into webtoon (created_at,description,no_youth,publication_status,thumbnail,title,updated_at) values (?,?,?,?,?,?,?)
Hibernate: insert into webtoon (created_at,description,no_youth,publication_status,thumbnail,title,updated_at) values (?,?,?,?,?,?,?)
2024-03-29T17:51:06.485+09:00 DEBUG 2896 --- [    Test worker] org.hibernate.SQL                        : select pd1_0.publishing_day_id,pd1_0.created_at,pd1_0.day,pd1_0.updated_at from publishing_day pd1_0 where pd1_0.day=?
Hibernate: select pd1_0.publishing_day_id,pd1_0.created_at,pd1_0.day,pd1_0.updated_at from publishing_day pd1_0 where pd1_0.day=?
2024-03-29T17:51:06.490+09:00 DEBUG 2896 --- [    Test worker] org.hibernate.SQL                        : insert into webtoon_publishing_day (created_at,publishing_day_id,updated_at,webtoon_id) values (?,?,?,?)
Hibernate: insert into webtoon_publishing_day (created_at,publishing_day_id,updated_at,webtoon_id) values (?,?,?,?)
천마의 후손이 되었다
2024-03-29T17:51:06.499+09:00 DEBUG 2896 --- [    Test worker] org.hibernate.SQL                        : insert into webtoon (created_at,description,no_youth,publication_status,thumbnail,title,updated_at) values (?,?,?,?,?,?,?)
Hibernate: insert into webtoon (created_at,description,no_youth,publication_status,thumbnail,title,updated_at) values (?,?,?,?,?,?,?)
2024-03-29T17:51:06.508+09:00 DEBUG 2896 --- [    Test worker] org.hibernate.SQL                        : select pd1_0.publishing_day_id,pd1_0.created_at,pd1_0.day,pd1_0.updated_at from publishing_day pd1_0 where pd1_0.day=?
Hibernate: select pd1_0.publishing_day_id,pd1_0.created_at,pd1_0.day,pd1_0.updated_at from publishing_day pd1_0 where pd1_0.day=?
2024-03-29T17:51:06.512+09:00 DEBUG 2896 --- [    Test worker] org.hibernate.SQL                        : insert into webtoon_publishing_day (created_at,publishing_day_id,updated_at,webtoon_id) values (?,?,?,?)
Hibernate: insert into webtoon_publishing_day (created_at,publishing_day_id,updated_at,webtoon_id) values (?,?,?,?)
용사참수인
2024-03-29T17:51:06.521+09:00 DEBUG 2896 --- [    Test worker] org.hibernate.SQL                        : insert into webtoon (created_at,description,no_youth,publication_status,thumbnail,title,updated_at) values (?,?,?,?,?,?,?)
Hibernate: insert into webtoon (created_at,description,no_youth,publication_status,thumbnail,title,updated_at) values (?,?,?,?,?,?,?)
2024-03-29T17:51:06.531+09:00 DEBUG 2896 --- [    Test worker] org.hibernate.SQL                        : select pd1_0.publishing_day_id,pd1_0.created_at,pd1_0.day,pd1_0.updated_at from publishing_day pd1_0 where pd1_0.day=?
Hibernate: select pd1_0.publishing_day_id,pd1_0.created_at,pd1_0.day,pd1_0.updated_at from publishing_day pd1_0 where pd1_0.day=?
2024-03-29T17:51:06.536+09:00 DEBUG 2896 --- [    Test worker] org.hibernate.SQL                        : insert into webtoon_publishing_day (created_at,publishing_day_id,updated_at,webtoon_id) values (?,?,?,?)
Hibernate: insert into webtoon_publishing_day (created_at,publishing_day_id,updated_at,webtoon_id) values (?,?,?,?)
돌아온 쿠쿠짱
2024-03-29T17:51:06.543+09:00 DEBUG 2896 --- [    Test worker] org.hibernate.SQL                        : insert into webtoon (created_at,description,no_youth,publication_status,thumbnail,title,updated_at) values (?,?,?,?,?,?,?)
Hibernate: insert into webtoon (created_at,description,no_youth,publication_status,thumbnail,title,updated_at) values (?,?,?,?,?,?,?)
2024-03-29T17:51:06.552+09:00 DEBUG 2896 --- [    Test worker] org.hibernate.SQL                        : select pd1_0.publishing_day_id,pd1_0.created_at,pd1_0.day,pd1_0.updated_at from publishing_day pd1_0 where pd1_0.day=?
Hibernate: select pd1_0.publishing_day_id,pd1_0.created_at,pd1_0.day,pd1_0.updated_at from publishing_day pd1_0 where pd1_0.day=?
2024-03-29T17:51:06.556+09:00 DEBUG 2896 --- [    Test worker] org.hibernate.SQL                        : insert into webtoon_publishing_day (created_at,publishing_day_id,updated_at,webtoon_id) values (?,?,?,?)
Hibernate: insert into webtoon_publishing_day (created_at,publishing_day_id,updated_at,webtoon_id) values (?,?,?,?)
이세계 강셰프
2024-03-29T17:51:06.565+09:00 DEBUG 2896 --- [    Test worker] org.hibernate.SQL                        : insert into webtoon (created_at,description,no_youth,publication_status,thumbnail,title,updated_at) values (?,?,?,?,?,?,?)
Hibernate: insert into webtoon (created_at,description,no_youth,publication_status,thumbnail,title,updated_at) values (?,?,?,?,?,?,?)
2024-03-29T17:51:06.577+09:00 DEBUG 2896 --- [    Test worker] org.hibernate.SQL                        : select pd1_0.publishing_day_id,pd1_0.created_at,pd1_0.day,pd1_0.updated_at from publishing_day pd1_0 where pd1_0.day=?
Hibernate: select pd1_0.publishing_day_id,pd1_0.created_at,pd1_0.day,pd1_0.updated_at from publishing_day pd1_0 where pd1_0.day=?
2024-03-29T17:51:06.582+09:00 DEBUG 2896 --- [    Test worker] org.hibernate.SQL                        : insert into webtoon_publishing_day (created_at,publishing_day_id,updated_at,webtoon_id) values (?,?,?,?)
Hibernate: insert into webtoon_publishing_day (created_at,publishing_day_id,updated_at,webtoon_id) values (?,?,?,?)
홍시는 날 좋아해!
2024-03-29T17:51:06.592+09:00 DEBUG 2896 --- [    Test worker] org.hibernate.SQL                        : insert into webtoon (created_at,description,no_youth,publication_status,thumbnail,title,updated_at) values (?,?,?,?,?,?,?)
Hibernate: insert into webtoon (created_at,description,no_youth,publication_status,thumbnail,title,updated_at) values (?,?,?,?,?,?,?)
2024-03-29T17:51:06.602+09:00 DEBUG 2896 --- [    Test worker] org.hibernate.SQL                        : select pd1_0.publishing_day_id,pd1_0.created_at,pd1_0.day,pd1_0.updated_at from publishing_day pd1_0 where pd1_0.day=?
Hibernate: select pd1_0.publishing_day_id,pd1_0.created_at,pd1_0.day,pd1_0.updated_at from publishing_day pd1_0 where pd1_0.day=?
2024-03-29T17:51:06.606+09:00 DEBUG 2896 --- [    Test worker] org.hibernate.SQL                        : insert into webtoon_publishing_day (created_at,publishing_day_id,updated_at,webtoon_id) values (?,?,?,?)
Hibernate: insert into webtoon_publishing_day (created_at,publishing_day_id,updated_at,webtoon_id) values (?,?,?,?)
공유몽
2024-03-29T17:51:06.615+09:00 DEBUG 2896 --- [    Test worker] org.hibernate.SQL                        : insert into webtoon (created_at,description,no_youth,publication_status,thumbnail,title,updated_at) values (?,?,?,?,?,?,?)
Hibernate: insert into webtoon (created_at,description,no_youth,publication_status,thumbnail,title,updated_at) values (?,?,?,?,?,?,?)
2024-03-29T17:51:06.625+09:00 DEBUG 2896 --- [    Test worker] org.hibernate.SQL                        : select pd1_0.publishing_day_id,pd1_0.created_at,pd1_0.day,pd1_0.updated_at from publishing_day pd1_0 where pd1_0.day=?
Hibernate: select pd1_0.publishing_day_id,pd1_0.created_at,pd1_0.day,pd1_0.updated_at from publishing_day pd1_0 where pd1_0.day=?
2024-03-29T17:51:06.631+09:00 DEBUG 2896 --- [    Test worker] org.hibernate.SQL                        : insert into webtoon_publishing_day (created_at,publishing_day_id,updated_at,webtoon_id) values (?,?,?,?)
Hibernate: insert into webtoon_publishing_day (created_at,publishing_day_id,updated_at,webtoon_id) values (?,?,?,?)
"저무는 해
2024-03-29T17:51:06.641+09:00 DEBUG 2896 --- [    Test worker] org.hibernate.SQL                        : insert into webtoon (created_at,description,no_youth,publication_status,thumbnail,title,updated_at) values (?,?,?,?,?,?,?)
Hibernate: insert into webtoon (created_at,description,no_youth,publication_status,thumbnail,title,updated_at) values (?,?,?,?,?,?,?)
2024-03-29T17:51:06.650+09:00 DEBUG 2896 --- [    Test worker] org.hibernate.SQL                        : select pd1_0.publishing_day_id,pd1_0.created_at,pd1_0.day,pd1_0.updated_at from publishing_day pd1_0 where pd1_0.day=?
Hibernate: select pd1_0.publishing_day_id,pd1_0.created_at,pd1_0.day,pd1_0.updated_at from publishing_day pd1_0 where pd1_0.day=?
2024-03-29T17:51:06.655+09:00 DEBUG 2896 --- [    Test worker] org.hibernate.SQL                        : insert into webtoon_publishing_day (created_at,publishing_day_id,updated_at,webtoon_id) values (?,?,?,?)
Hibernate: insert into webtoon_publishing_day (created_at,publishing_day_id,updated_at,webtoon_id) values (?,?,?,?)
이계진입 리로디드
2024-03-29T17:51:06.662+09:00 DEBUG 2896 --- [    Test worker] org.hibernate.SQL                        : insert into webtoon (created_at,description,no_youth,publication_status,thumbnail,title,updated_at) values (?,?,?,?,?,?,?)
Hibernate: insert into webtoon (created_at,description,no_youth,publication_status,thumbnail,title,updated_at) values (?,?,?,?,?,?,?)
2024-03-29T17:51:06.672+09:00 DEBUG 2896 --- [    Test worker] org.hibernate.SQL                        : select pd1_0.publishing_day_id,pd1_0.created_at,pd1_0.day,pd1_0.updated_at from publishing_day pd1_0 where pd1_0.day=?
Hibernate: select pd1_0.publishing_day_id,pd1_0.created_at,pd1_0.day,pd1_0.updated_at from publishing_day pd1_0 where pd1_0.day=?
2024-03-29T17:51:06.675+09:00 DEBUG 2896 --- [    Test worker] org.hibernate.SQL                        : insert into webtoon_publishing_day (created_at,publishing_day_id,updated_at,webtoon_id) values (?,?,?,?)
Hibernate: insert into webtoon_publishing_day (created_at,publishing_day_id,updated_at,webtoon_id) values (?,?,?,?)
스쿨 오브 스트릿
2024-03-29T17:51:06.683+09:00 DEBUG 2896 --- [    Test worker] org.hibernate.SQL                        : insert into webtoon (created_at,description,no_youth,publication_status,thumbnail,title,updated_at) values (?,?,?,?,?,?,?)
Hibernate: insert into webtoon (created_at,description,no_youth,publication_status,thumbnail,title,updated_at) values (?,?,?,?,?,?,?)
2024-03-29T17:51:06.692+09:00 DEBUG 2896 --- [    Test worker] org.hibernate.SQL                        : select pd1_0.publishing_day_id,pd1_0.created_at,pd1_0.day,pd1_0.updated_at from publishing_day pd1_0 where pd1_0.day=?
Hibernate: select pd1_0.publishing_day_id,pd1_0.created_at,pd1_0.day,pd1_0.updated_at from publishing_day pd1_0 where pd1_0.day=?
2024-03-29T17:51:06.696+09:00 DEBUG 2896 --- [    Test worker] org.hibernate.SQL                        : insert into webtoon_publishing_day (created_at,publishing_day_id,updated_at,webtoon_id) values (?,?,?,?)
Hibernate: insert into webtoon_publishing_day (created_at,publishing_day_id,updated_at,webtoon_id) values (?,?,?,?)
완벽한 부부는 없다
2024-03-29T17:51:06.703+09:00 DEBUG 2896 --- [    Test worker] org.hibernate.SQL                        : insert into webtoon (created_at,description,no_youth,publication_status,thumbnail,title,updated_at) values (?,?,?,?,?,?,?)
Hibernate: insert into webtoon (created_at,description,no_youth,publication_status,thumbnail,title,updated_at) values (?,?,?,?,?,?,?)
2024-03-29T17:51:06.712+09:00 DEBUG 2896 --- [    Test worker] org.hibernate.SQL                        : select pd1_0.publishing_day_id,pd1_0.created_at,pd1_0.day,pd1_0.updated_at from publishing_day pd1_0 where pd1_0.day=?
Hibernate: select pd1_0.publishing_day_id,pd1_0.created_at,pd1_0.day,pd1_0.updated_at from publishing_day pd1_0 where pd1_0.day=?
2024-03-29T17:51:06.716+09:00 DEBUG 2896 --- [    Test worker] org.hibernate.SQL                        : insert into webtoon_publishing_day (created_at,publishing_day_id,updated_at,webtoon_id) values (?,?,?,?)
Hibernate: insert into webtoon_publishing_day (created_at,publishing_day_id,updated_at,webtoon_id) values (?,?,?,?)
좀비X슬래셔
2024-03-29T17:51:06.724+09:00 DEBUG 2896 --- [    Test worker] org.hibernate.SQL                        : insert into webtoon (created_at,description,no_youth,publication_status,thumbnail,title,updated_at) values (?,?,?,?,?,?,?)
Hibernate: insert into webtoon (created_at,description,no_youth,publication_status,thumbnail,title,updated_at) values (?,?,?,?,?,?,?)
2024-03-29T17:51:06.735+09:00 DEBUG 2896 --- [    Test worker] org.hibernate.SQL                        : select pd1_0.publishing_day_id,pd1_0.created_at,pd1_0.day,pd1_0.updated_at from publishing_day pd1_0 where pd1_0.day=?
Hibernate: select pd1_0.publishing_day_id,pd1_0.created_at,pd1_0.day,pd1_0.updated_at from publishing_day pd1_0 where pd1_0.day=?
2024-03-29T17:51:06.739+09:00 DEBUG 2896 --- [    Test worker] org.hibernate.SQL                        : insert into webtoon_publishing_day (created_at,publishing_day_id,updated_at,webtoon_id) values (?,?,?,?)
Hibernate: insert into webtoon_publishing_day (created_at,publishing_day_id,updated_at,webtoon_id) values (?,?,?,?)
첫사랑은 헤이트
2024-03-29T17:51:06.747+09:00 DEBUG 2896 --- [    Test worker] org.hibernate.SQL                        : insert into webtoon (created_at,description,no_youth,publication_status,thumbnail,title,updated_at) values (?,?,?,?,?,?,?)
Hibernate: insert into webtoon (created_at,description,no_youth,publication_status,thumbnail,title,updated_at) values (?,?,?,?,?,?,?)
2024-03-29T17:51:06.757+09:00 DEBUG 2896 --- [    Test worker] org.hibernate.SQL                        : select pd1_0.publishing_day_id,pd1_0.created_at,pd1_0.day,pd1_0.updated_at from publishing_day pd1_0 where pd1_0.day=?
Hibernate: select pd1_0.publishing_day_id,pd1_0.created_at,pd1_0.day,pd1_0.updated_at from publishing_day pd1_0 where pd1_0.day=?
2024-03-29T17:51:06.761+09:00 DEBUG 2896 --- [    Test worker] org.hibernate.SQL                        : insert into webtoon_publishing_day (created_at,publishing_day_id,updated_at,webtoon_id) values (?,?,?,?)
Hibernate: insert into webtoon_publishing_day (created_at,publishing_day_id,updated_at,webtoon_id) values (?,?,?,?)
지옥2:부활자
2024-03-29T17:51:06.772+09:00 DEBUG 2896 --- [    Test worker] org.hibernate.SQL                        : insert into webtoon (created_at,description,no_youth,publication_status,thumbnail,title,updated_at) values (?,?,?,?,?,?,?)
Hibernate: insert into webtoon (created_at,description,no_youth,publication_status,thumbnail,title,updated_at) values (?,?,?,?,?,?,?)
2024-03-29T17:51:06.782+09:00 DEBUG 2896 --- [    Test worker] org.hibernate.SQL                        : select pd1_0.publishing_day_id,pd1_0.created_at,pd1_0.day,pd1_0.updated_at from publishing_day pd1_0 where pd1_0.day=?
Hibernate: select pd1_0.publishing_day_id,pd1_0.created_at,pd1_0.day,pd1_0.updated_at from publishing_day pd1_0 where pd1_0.day=?
2024-03-29T17:51:06.787+09:00 DEBUG 2896 --- [    Test worker] org.hibernate.SQL                        : insert into webtoon_publishing_day (created_at,publishing_day_id,updated_at,webtoon_id) values (?,?,?,?)
Hibernate: insert into webtoon_publishing_day (created_at,publishing_day_id,updated_at,webtoon_id) values (?,?,?,?)
시한부 기사가 되었다
2024-03-29T17:51:06.795+09:00 DEBUG 2896 --- [    Test worker] org.hibernate.SQL                        : insert into webtoon (created_at,description,no_youth,publication_status,thumbnail,title,updated_at) values (?,?,?,?,?,?,?)
Hibernate: insert into webtoon (created_at,description,no_youth,publication_status,thumbnail,title,updated_at) values (?,?,?,?,?,?,?)
2024-03-29T17:51:06.804+09:00 DEBUG 2896 --- [    Test worker] org.hibernate.SQL                        : select pd1_0.publishing_day_id,pd1_0.created_at,pd1_0.day,pd1_0.updated_at from publishing_day pd1_0 where pd1_0.day=?
Hibernate: select pd1_0.publishing_day_id,pd1_0.created_at,pd1_0.day,pd1_0.updated_at from publishing_day pd1_0 where pd1_0.day=?
2024-03-29T17:51:06.809+09:00 DEBUG 2896 --- [    Test worker] org.hibernate.SQL                        : insert into webtoon_publishing_day (created_at,publishing_day_id,updated_at,webtoon_id) values (?,?,?,?)
Hibernate: insert into webtoon_publishing_day (created_at,publishing_day_id,updated_at,webtoon_id) values (?,?,?,?)
복수를 위한 결혼동맹
2024-03-29T17:51:06.818+09:00 DEBUG 2896 --- [    Test worker] org.hibernate.SQL                        : insert into webtoon (created_at,description,no_youth,publication_status,thumbnail,title,updated_at) values (?,?,?,?,?,?,?)
Hibernate: insert into webtoon (created_at,description,no_youth,publication_status,thumbnail,title,updated_at) values (?,?,?,?,?,?,?)
2024-03-29T17:51:06.828+09:00 DEBUG 2896 --- [    Test worker] org.hibernate.SQL                        : select pd1_0.publishing_day_id,pd1_0.created_at,pd1_0.day,pd1_0.updated_at from publishing_day pd1_0 where pd1_0.day=?
Hibernate: select pd1_0.publishing_day_id,pd1_0.created_at,pd1_0.day,pd1_0.updated_at from publishing_day pd1_0 where pd1_0.day=?
2024-03-29T17:51:06.832+09:00 DEBUG 2896 --- [    Test worker] org.hibernate.SQL                        : insert into webtoon_publishing_day (created_at,publishing_day_id,updated_at,webtoon_id) values (?,?,?,?)
Hibernate: insert into webtoon_publishing_day (created_at,publishing_day_id,updated_at,webtoon_id) values (?,?,?,?)
당신이 나를 믿으신다면
2024-03-29T17:51:06.841+09:00 DEBUG 2896 --- [    Test worker] org.hibernate.SQL                        : insert into webtoon (created_at,description,no_youth,publication_status,thumbnail,title,updated_at) values (?,?,?,?,?,?,?)
Hibernate: insert into webtoon (created_at,description,no_youth,publication_status,thumbnail,title,updated_at) values (?,?,?,?,?,?,?)
2024-03-29T17:51:06.851+09:00 DEBUG 2896 --- [    Test worker] org.hibernate.SQL                        : select pd1_0.publishing_day_id,pd1_0.created_at,pd1_0.day,pd1_0.updated_at from publishing_day pd1_0 where pd1_0.day=?
Hibernate: select pd1_0.publishing_day_id,pd1_0.created_at,pd1_0.day,pd1_0.updated_at from publishing_day pd1_0 where pd1_0.day=?
2024-03-29T17:51:06.856+09:00 DEBUG 2896 --- [    Test worker] org.hibernate.SQL                        : insert into webtoon_publishing_day (created_at,publishing_day_id,updated_at,webtoon_id) values (?,?,?,?)
Hibernate: insert into webtoon_publishing_day (created_at,publishing_day_id,updated_at,webtoon_id) values (?,?,?,?)
마법사가 죽음을 맞이하는 방법
2024-03-29T17:51:06.866+09:00 DEBUG 2896 --- [    Test worker] org.hibernate.SQL                        : insert into webtoon (created_at,description,no_youth,publication_status,thumbnail,title,updated_at) values (?,?,?,?,?,?,?)
Hibernate: insert into webtoon (created_at,description,no_youth,publication_status,thumbnail,title,updated_at) values (?,?,?,?,?,?,?)
2024-03-29T17:51:06.875+09:00 DEBUG 2896 --- [    Test worker] org.hibernate.SQL                        : select pd1_0.publishing_day_id,pd1_0.created_at,pd1_0.day,pd1_0.updated_at from publishing_day pd1_0 where pd1_0.day=?
Hibernate: select pd1_0.publishing_day_id,pd1_0.created_at,pd1_0.day,pd1_0.updated_at from publishing_day pd1_0 where pd1_0.day=?
2024-03-29T17:51:06.879+09:00 DEBUG 2896 --- [    Test worker] org.hibernate.SQL                        : insert into webtoon_publishing_day (created_at,publishing_day_id,updated_at,webtoon_id) values (?,?,?,?)
Hibernate: insert into webtoon_publishing_day (created_at,publishing_day_id,updated_at,webtoon_id) values (?,?,?,?)
사기캐
2024-03-29T17:51:06.888+09:00 DEBUG 2896 --- [    Test worker] org.hibernate.SQL                        : insert into webtoon (created_at,description,no_youth,publication_status,thumbnail,title,updated_at) values (?,?,?,?,?,?,?)
Hibernate: insert into webtoon (created_at,description,no_youth,publication_status,thumbnail,title,updated_at) values (?,?,?,?,?,?,?)
2024-03-29T17:51:06.897+09:00 DEBUG 2896 --- [    Test worker] org.hibernate.SQL                        : select pd1_0.publishing_day_id,pd1_0.created_at,pd1_0.day,pd1_0.updated_at from publishing_day pd1_0 where pd1_0.day=?
Hibernate: select pd1_0.publishing_day_id,pd1_0.created_at,pd1_0.day,pd1_0.updated_at from publishing_day pd1_0 where pd1_0.day=?
2024-03-29T17:51:06.905+09:00 DEBUG 2896 --- [    Test worker] org.hibernate.SQL                        : insert into webtoon_publishing_day (created_at,publishing_day_id,updated_at,webtoon_id) values (?,?,?,?)
Hibernate: insert into webtoon_publishing_day (created_at,publishing_day_id,updated_at,webtoon_id) values (?,?,?,?)
수호소녀
2024-03-29T17:51:06.914+09:00 DEBUG 2896 --- [    Test worker] org.hibernate.SQL                        : insert into webtoon (created_at,description,no_youth,publication_status,thumbnail,title,updated_at) values (?,?,?,?,?,?,?)
Hibernate: insert into webtoon (created_at,description,no_youth,publication_status,thumbnail,title,updated_at) values (?,?,?,?,?,?,?)
2024-03-29T17:51:06.925+09:00 DEBUG 2896 --- [    Test worker] org.hibernate.SQL                        : select pd1_0.publishing_day_id,pd1_0.created_at,pd1_0.day,pd1_0.updated_at from publishing_day pd1_0 where pd1_0.day=?
Hibernate: select pd1_0.publishing_day_id,pd1_0.created_at,pd1_0.day,pd1_0.updated_at from publishing_day pd1_0 where pd1_0.day=?
2024-03-29T17:51:06.929+09:00 DEBUG 2896 --- [    Test worker] org.hibernate.SQL                        : insert into webtoon_publishing_day (created_at,publishing_day_id,updated_at,webtoon_id) values (?,?,?,?)
Hibernate: insert into webtoon_publishing_day (created_at,publishing_day_id,updated_at,webtoon_id) values (?,?,?,?)
묘약마녀
2024-03-29T17:51:06.940+09:00 DEBUG 2896 --- [    Test worker] org.hibernate.SQL                        : insert into webtoon (created_at,description,no_youth,publication_status,thumbnail,title,updated_at) values (?,?,?,?,?,?,?)
Hibernate: insert into webtoon (created_at,description,no_youth,publication_status,thumbnail,title,updated_at) values (?,?,?,?,?,?,?)
2024-03-29T17:51:06.949+09:00 DEBUG 2896 --- [    Test worker] org.hibernate.SQL                        : select pd1_0.publishing_day_id,pd1_0.created_at,pd1_0.day,pd1_0.updated_at from publishing_day pd1_0 where pd1_0.day=?
Hibernate: select pd1_0.publishing_day_id,pd1_0.created_at,pd1_0.day,pd1_0.updated_at from publishing_day pd1_0 where pd1_0.day=?
2024-03-29T17:51:06.953+09:00 DEBUG 2896 --- [    Test worker] org.hibernate.SQL                        : insert into webtoon_publishing_day (created_at,publishing_day_id,updated_at,webtoon_id) values (?,?,?,?)
Hibernate: insert into webtoon_publishing_day (created_at,publishing_day_id,updated_at,webtoon_id) values (?,?,?,?)
아사
2024-03-29T17:51:06.961+09:00 DEBUG 2896 --- [    Test worker] org.hibernate.SQL                        : insert into webtoon (created_at,description,no_youth,publication_status,thumbnail,title,updated_at) values (?,?,?,?,?,?,?)
Hibernate: insert into webtoon (created_at,description,no_youth,publication_status,thumbnail,title,updated_at) values (?,?,?,?,?,?,?)
2024-03-29T17:51:06.970+09:00 DEBUG 2896 --- [    Test worker] org.hibernate.SQL                        : select pd1_0.publishing_day_id,pd1_0.created_at,pd1_0.day,pd1_0.updated_at from publishing_day pd1_0 where pd1_0.day=?
Hibernate: select pd1_0.publishing_day_id,pd1_0.created_at,pd1_0.day,pd1_0.updated_at from publishing_day pd1_0 where pd1_0.day=?
2024-03-29T17:51:06.974+09:00 DEBUG 2896 --- [    Test worker] org.hibernate.SQL                        : insert into webtoon_publishing_day (created_at,publishing_day_id,updated_at,webtoon_id) values (?,?,?,?)
Hibernate: insert into webtoon_publishing_day (created_at,publishing_day_id,updated_at,webtoon_id) values (?,?,?,?)
소년 검사
2024-03-29T17:51:06.982+09:00 DEBUG 2896 --- [    Test worker] org.hibernate.SQL                        : insert into webtoon (created_at,description,no_youth,publication_status,thumbnail,title,updated_at) values (?,?,?,?,?,?,?)
Hibernate: insert into webtoon (created_at,description,no_youth,publication_status,thumbnail,title,updated_at) values (?,?,?,?,?,?,?)
2024-03-29T17:51:06.991+09:00 DEBUG 2896 --- [    Test worker] org.hibernate.SQL                        : select pd1_0.publishing_day_id,pd1_0.created_at,pd1_0.day,pd1_0.updated_at from publishing_day pd1_0 where pd1_0.day=?
Hibernate: select pd1_0.publishing_day_id,pd1_0.created_at,pd1_0.day,pd1_0.updated_at from publishing_day pd1_0 where pd1_0.day=?
2024-03-29T17:51:06.994+09:00 DEBUG 2896 --- [    Test worker] org.hibernate.SQL                        : insert into webtoon_publishing_day (created_at,publishing_day_id,updated_at,webtoon_id) values (?,?,?,?)
Hibernate: insert into webtoon_publishing_day (created_at,publishing_day_id,updated_at,webtoon_id) values (?,?,?,?)
사서고생!
2024-03-29T17:51:07.003+09:00 DEBUG 2896 --- [    Test worker] org.hibernate.SQL                        : insert into webtoon (created_at,description,no_youth,publication_status,thumbnail,title,updated_at) values (?,?,?,?,?,?,?)
Hibernate: insert into webtoon (created_at,description,no_youth,publication_status,thumbnail,title,updated_at) values (?,?,?,?,?,?,?)
2024-03-29T17:51:07.015+09:00 DEBUG 2896 --- [    Test worker] org.hibernate.SQL                        : select pd1_0.publishing_day_id,pd1_0.created_at,pd1_0.day,pd1_0.updated_at from publishing_day pd1_0 where pd1_0.day=?
Hibernate: select pd1_0.publishing_day_id,pd1_0.created_at,pd1_0.day,pd1_0.updated_at from publishing_day pd1_0 where pd1_0.day=?
2024-03-29T17:51:07.021+09:00 DEBUG 2896 --- [    Test worker] org.hibernate.SQL                        : insert into webtoon_publishing_day (created_at,publishing_day_id,updated_at,webtoon_id) values (?,?,?,?)
Hibernate: insert into webtoon_publishing_day (created_at,publishing_day_id,updated_at,webtoon_id) values (?,?,?,?)
용두사망 소설 속의 악녀가 되었다
2024-03-29T17:51:07.031+09:00 DEBUG 2896 --- [    Test worker] org.hibernate.SQL                        : insert into webtoon (created_at,description,no_youth,publication_status,thumbnail,title,updated_at) values (?,?,?,?,?,?,?)
Hibernate: insert into webtoon (created_at,description,no_youth,publication_status,thumbnail,title,updated_at) values (?,?,?,?,?,?,?)
2024-03-29T17:51:07.041+09:00 DEBUG 2896 --- [    Test worker] org.hibernate.SQL                        : select pd1_0.publishing_day_id,pd1_0.created_at,pd1_0.day,pd1_0.updated_at from publishing_day pd1_0 where pd1_0.day=?
Hibernate: select pd1_0.publishing_day_id,pd1_0.created_at,pd1_0.day,pd1_0.updated_at from publishing_day pd1_0 where pd1_0.day=?
2024-03-29T17:51:07.046+09:00 DEBUG 2896 --- [    Test worker] org.hibernate.SQL                        : insert into webtoon_publishing_day (created_at,publishing_day_id,updated_at,webtoon_id) values (?,?,?,?)
Hibernate: insert into webtoon_publishing_day (created_at,publishing_day_id,updated_at,webtoon_id) values (?,?,?,?)
연애 생각은 없지만
2024-03-29T17:51:07.054+09:00 DEBUG 2896 --- [    Test worker] org.hibernate.SQL                        : insert into webtoon (created_at,description,no_youth,publication_status,thumbnail,title,updated_at) values (?,?,?,?,?,?,?)
Hibernate: insert into webtoon (created_at,description,no_youth,publication_status,thumbnail,title,updated_at) values (?,?,?,?,?,?,?)
2024-03-29T17:51:07.065+09:00 DEBUG 2896 --- [    Test worker] org.hibernate.SQL                        : select pd1_0.publishing_day_id,pd1_0.created_at,pd1_0.day,pd1_0.updated_at from publishing_day pd1_0 where pd1_0.day=?
Hibernate: select pd1_0.publishing_day_id,pd1_0.created_at,pd1_0.day,pd1_0.updated_at from publishing_day pd1_0 where pd1_0.day=?
2024-03-29T17:51:07.069+09:00 DEBUG 2896 --- [    Test worker] org.hibernate.SQL                        : insert into webtoon_publishing_day (created_at,publishing_day_id,updated_at,webtoon_id) values (?,?,?,?)
Hibernate: insert into webtoon_publishing_day (created_at,publishing_day_id,updated_at,webtoon_id) values (?,?,?,?)
S.K.T(Swallow Knights Tales)
2024-03-29T17:51:07.077+09:00 DEBUG 2896 --- [    Test worker] org.hibernate.SQL                        : insert into webtoon (created_at,description,no_youth,publication_status,thumbnail,title,updated_at) values (?,?,?,?,?,?,?)
Hibernate: insert into webtoon (created_at,description,no_youth,publication_status,thumbnail,title,updated_at) values (?,?,?,?,?,?,?)
2024-03-29T17:51:07.085+09:00 DEBUG 2896 --- [    Test worker] org.hibernate.SQL                        : select pd1_0.publishing_day_id,pd1_0.created_at,pd1_0.day,pd1_0.updated_at from publishing_day pd1_0 where pd1_0.day=?
Hibernate: select pd1_0.publishing_day_id,pd1_0.created_at,pd1_0.day,pd1_0.updated_at from publishing_day pd1_0 where pd1_0.day=?
2024-03-29T17:51:07.088+09:00 DEBUG 2896 --- [    Test worker] org.hibernate.SQL                        : insert into webtoon_publishing_day (created_at,publishing_day_id,updated_at,webtoon_id) values (?,?,?,?)
Hibernate: insert into webtoon_publishing_day (created_at,publishing_day_id,updated_at,webtoon_id) values (?,?,?,?)
동그란 그녀와 소심한 그 남자
2024-03-29T17:51:07.097+09:00 DEBUG 2896 --- [    Test worker] org.hibernate.SQL                        : insert into webtoon (created_at,description,no_youth,publication_status,thumbnail,title,updated_at) values (?,?,?,?,?,?,?)
Hibernate: insert into webtoon (created_at,description,no_youth,publication_status,thumbnail,title,updated_at) values (?,?,?,?,?,?,?)
2024-03-29T17:51:07.107+09:00 DEBUG 2896 --- [    Test worker] org.hibernate.SQL                        : select pd1_0.publishing_day_id,pd1_0.created_at,pd1_0.day,pd1_0.updated_at from publishing_day pd1_0 where pd1_0.day=?
Hibernate: select pd1_0.publishing_day_id,pd1_0.created_at,pd1_0.day,pd1_0.updated_at from publishing_day pd1_0 where pd1_0.day=?
2024-03-29T17:51:07.111+09:00 DEBUG 2896 --- [    Test worker] org.hibernate.SQL                        : insert into webtoon_publishing_day (created_at,publishing_day_id,updated_at,webtoon_id) values (?,?,?,?)
Hibernate: insert into webtoon_publishing_day (created_at,publishing_day_id,updated_at,webtoon_id) values (?,?,?,?)
위험한 거짓말
2024-03-29T17:51:07.118+09:00 DEBUG 2896 --- [    Test worker] org.hibernate.SQL                        : insert into webtoon (created_at,description,no_youth,publication_status,thumbnail,title,updated_at) values (?,?,?,?,?,?,?)
Hibernate: insert into webtoon (created_at,description,no_youth,publication_status,thumbnail,title,updated_at) values (?,?,?,?,?,?,?)
2024-03-29T17:51:07.125+09:00 DEBUG 2896 --- [    Test worker] org.hibernate.SQL                        : select pd1_0.publishing_day_id,pd1_0.created_at,pd1_0.day,pd1_0.updated_at from publishing_day pd1_0 where pd1_0.day=?
Hibernate: select pd1_0.publishing_day_id,pd1_0.created_at,pd1_0.day,pd1_0.updated_at from publishing_day pd1_0 where pd1_0.day=?
2024-03-29T17:51:07.128+09:00 DEBUG 2896 --- [    Test worker] org.hibernate.SQL                        : insert into webtoon_publishing_day (created_at,publishing_day_id,updated_at,webtoon_id) values (?,?,?,?)
Hibernate: insert into webtoon_publishing_day (created_at,publishing_day_id,updated_at,webtoon_id) values (?,?,?,?)
박제하는 시간
2024-03-29T17:51:07.134+09:00 DEBUG 2896 --- [    Test worker] org.hibernate.SQL                        : insert into webtoon (created_at,description,no_youth,publication_status,thumbnail,title,updated_at) values (?,?,?,?,?,?,?)
Hibernate: insert into webtoon (created_at,description,no_youth,publication_status,thumbnail,title,updated_at) values (?,?,?,?,?,?,?)
2024-03-29T17:51:07.142+09:00 DEBUG 2896 --- [    Test worker] org.hibernate.SQL                        : select pd1_0.publishing_day_id,pd1_0.created_at,pd1_0.day,pd1_0.updated_at from publishing_day pd1_0 where pd1_0.day=?
Hibernate: select pd1_0.publishing_day_id,pd1_0.created_at,pd1_0.day,pd1_0.updated_at from publishing_day pd1_0 where pd1_0.day=?
2024-03-29T17:51:07.145+09:00 DEBUG 2896 --- [    Test worker] org.hibernate.SQL                        : insert into webtoon_publishing_day (created_at,publishing_day_id,updated_at,webtoon_id) values (?,?,?,?)
Hibernate: insert into webtoon_publishing_day (created_at,publishing_day_id,updated_at,webtoon_id) values (?,?,?,?)
괴물의 순결한 심장
2024-03-29T17:51:07.152+09:00 DEBUG 2896 --- [    Test worker] org.hibernate.SQL                        : insert into webtoon (created_at,description,no_youth,publication_status,thumbnail,title,updated_at) values (?,?,?,?,?,?,?)
Hibernate: insert into webtoon (created_at,description,no_youth,publication_status,thumbnail,title,updated_at) values (?,?,?,?,?,?,?)
2024-03-29T17:51:07.161+09:00 DEBUG 2896 --- [    Test worker] org.hibernate.SQL                        : select pd1_0.publishing_day_id,pd1_0.created_at,pd1_0.day,pd1_0.updated_at from publishing_day pd1_0 where pd1_0.day=?
Hibernate: select pd1_0.publishing_day_id,pd1_0.created_at,pd1_0.day,pd1_0.updated_at from publishing_day pd1_0 where pd1_0.day=?
2024-03-29T17:51:07.165+09:00 DEBUG 2896 --- [    Test worker] org.hibernate.SQL                        : insert into webtoon_publishing_day (created_at,publishing_day_id,updated_at,webtoon_id) values (?,?,?,?)
Hibernate: insert into webtoon_publishing_day (created_at,publishing_day_id,updated_at,webtoon_id) values (?,?,?,?)
너에게로 중독
2024-03-29T17:51:07.173+09:00 DEBUG 2896 --- [    Test worker] org.hibernate.SQL                        : insert into webtoon (created_at,description,no_youth,publication_status,thumbnail,title,updated_at) values (?,?,?,?,?,?,?)
Hibernate: insert into webtoon (created_at,description,no_youth,publication_status,thumbnail,title,updated_at) values (?,?,?,?,?,?,?)
2024-03-29T17:51:07.182+09:00 DEBUG 2896 --- [    Test worker] org.hibernate.SQL                        : select pd1_0.publishing_day_id,pd1_0.created_at,pd1_0.day,pd1_0.updated_at from publishing_day pd1_0 where pd1_0.day=?
Hibernate: select pd1_0.publishing_day_id,pd1_0.created_at,pd1_0.day,pd1_0.updated_at from publishing_day pd1_0 where pd1_0.day=?
2024-03-29T17:51:07.186+09:00 DEBUG 2896 --- [    Test worker] org.hibernate.SQL                        : insert into webtoon_publishing_day (created_at,publishing_day_id,updated_at,webtoon_id) values (?,?,?,?)
Hibernate: insert into webtoon_publishing_day (created_at,publishing_day_id,updated_at,webtoon_id) values (?,?,?,?)
마이 데몬
2024-03-29T17:51:07.196+09:00 DEBUG 2896 --- [    Test worker] org.hibernate.SQL                        : insert into webtoon (created_at,description,no_youth,publication_status,thumbnail,title,updated_at) values (?,?,?,?,?,?,?)
Hibernate: insert into webtoon (created_at,description,no_youth,publication_status,thumbnail,title,updated_at) values (?,?,?,?,?,?,?)
2024-03-29T17:51:07.206+09:00 DEBUG 2896 --- [    Test worker] org.hibernate.SQL                        : select pd1_0.publishing_day_id,pd1_0.created_at,pd1_0.day,pd1_0.updated_at from publishing_day pd1_0 where pd1_0.day=?
Hibernate: select pd1_0.publishing_day_id,pd1_0.created_at,pd1_0.day,pd1_0.updated_at from publishing_day pd1_0 where pd1_0.day=?
2024-03-29T17:51:07.210+09:00 DEBUG 2896 --- [    Test worker] org.hibernate.SQL                        : insert into webtoon_publishing_day (created_at,publishing_day_id,updated_at,webtoon_id) values (?,?,?,?)
Hibernate: insert into webtoon_publishing_day (created_at,publishing_day_id,updated_at,webtoon_id) values (?,?,?,?)
X의 목줄을 쥐는 법
2024-03-29T17:51:07.220+09:00 DEBUG 2896 --- [    Test worker] org.hibernate.SQL                        : insert into webtoon (created_at,description,no_youth,publication_status,thumbnail,title,updated_at) values (?,?,?,?,?,?,?)
Hibernate: insert into webtoon (created_at,description,no_youth,publication_status,thumbnail,title,updated_at) values (?,?,?,?,?,?,?)
2024-03-29T17:51:07.229+09:00 DEBUG 2896 --- [    Test worker] org.hibernate.SQL                        : select pd1_0.publishing_day_id,pd1_0.created_at,pd1_0.day,pd1_0.updated_at from publishing_day pd1_0 where pd1_0.day=?
Hibernate: select pd1_0.publishing_day_id,pd1_0.created_at,pd1_0.day,pd1_0.updated_at from publishing_day pd1_0 where pd1_0.day=?
2024-03-29T17:51:07.233+09:00 DEBUG 2896 --- [    Test worker] org.hibernate.SQL                        : insert into webtoon_publishing_day (created_at,publishing_day_id,updated_at,webtoon_id) values (?,?,?,?)
Hibernate: insert into webtoon_publishing_day (created_at,publishing_day_id,updated_at,webtoon_id) values (?,?,?,?)
이매망량
2024-03-29T17:51:07.241+09:00 DEBUG 2896 --- [    Test worker] org.hibernate.SQL                        : insert into webtoon (created_at,description,no_youth,publication_status,thumbnail,title,updated_at) values (?,?,?,?,?,?,?)
Hibernate: insert into webtoon (created_at,description,no_youth,publication_status,thumbnail,title,updated_at) values (?,?,?,?,?,?,?)
2024-03-29T17:51:07.250+09:00 DEBUG 2896 --- [    Test worker] org.hibernate.SQL                        : select pd1_0.publishing_day_id,pd1_0.created_at,pd1_0.day,pd1_0.updated_at from publishing_day pd1_0 where pd1_0.day=?
Hibernate: select pd1_0.publishing_day_id,pd1_0.created_at,pd1_0.day,pd1_0.updated_at from publishing_day pd1_0 where pd1_0.day=?
2024-03-29T17:51:07.254+09:00 DEBUG 2896 --- [    Test worker] org.hibernate.SQL                        : insert into webtoon_publishing_day (created_at,publishing_day_id,updated_at,webtoon_id) values (?,?,?,?)
Hibernate: insert into webtoon_publishing_day (created_at,publishing_day_id,updated_at,webtoon_id) values (?,?,?,?)
솔직하게 말해줘!
2024-03-29T17:51:07.261+09:00 DEBUG 2896 --- [    Test worker] org.hibernate.SQL                        : insert into webtoon (created_at,description,no_youth,publication_status,thumbnail,title,updated_at) values (?,?,?,?,?,?,?)
Hibernate: insert into webtoon (created_at,description,no_youth,publication_status,thumbnail,title,updated_at) values (?,?,?,?,?,?,?)
2024-03-29T17:51:07.271+09:00 DEBUG 2896 --- [    Test worker] org.hibernate.SQL                        : select pd1_0.publishing_day_id,pd1_0.created_at,pd1_0.day,pd1_0.updated_at from publishing_day pd1_0 where pd1_0.day=?
Hibernate: select pd1_0.publishing_day_id,pd1_0.created_at,pd1_0.day,pd1_0.updated_at from publishing_day pd1_0 where pd1_0.day=?
2024-03-29T17:51:07.274+09:00 DEBUG 2896 --- [    Test worker] org.hibernate.SQL                        : insert into webtoon_publishing_day (created_at,publishing_day_id,updated_at,webtoon_id) values (?,?,?,?)
Hibernate: insert into webtoon_publishing_day (created_at,publishing_day_id,updated_at,webtoon_id) values (?,?,?,?)
애구애구
2024-03-29T17:51:07.283+09:00 DEBUG 2896 --- [    Test worker] org.hibernate.SQL                        : insert into webtoon (created_at,description,no_youth,publication_status,thumbnail,title,updated_at) values (?,?,?,?,?,?,?)
Hibernate: insert into webtoon (created_at,description,no_youth,publication_status,thumbnail,title,updated_at) values (?,?,?,?,?,?,?)
2024-03-29T17:51:07.293+09:00 DEBUG 2896 --- [    Test worker] org.hibernate.SQL                        : select pd1_0.publishing_day_id,pd1_0.created_at,pd1_0.day,pd1_0.updated_at from publishing_day pd1_0 where pd1_0.day=?
Hibernate: select pd1_0.publishing_day_id,pd1_0.created_at,pd1_0.day,pd1_0.updated_at from publishing_day pd1_0 where pd1_0.day=?
2024-03-29T17:51:07.296+09:00 DEBUG 2896 --- [    Test worker] org.hibernate.SQL                        : insert into webtoon_publishing_day (created_at,publishing_day_id,updated_at,webtoon_id) values (?,?,?,?)
Hibernate: insert into webtoon_publishing_day (created_at,publishing_day_id,updated_at,webtoon_id) values (?,?,?,?)
왕세자 입학도
2024-03-29T17:51:07.305+09:00 DEBUG 2896 --- [    Test worker] org.hibernate.SQL                        : insert into webtoon (created_at,description,no_youth,publication_status,thumbnail,title,updated_at) values (?,?,?,?,?,?,?)
Hibernate: insert into webtoon (created_at,description,no_youth,publication_status,thumbnail,title,updated_at) values (?,?,?,?,?,?,?)
2024-03-29T17:51:07.314+09:00 DEBUG 2896 --- [    Test worker] org.hibernate.SQL                        : select pd1_0.publishing_day_id,pd1_0.created_at,pd1_0.day,pd1_0.updated_at from publishing_day pd1_0 where pd1_0.day=?
Hibernate: select pd1_0.publishing_day_id,pd1_0.created_at,pd1_0.day,pd1_0.updated_at from publishing_day pd1_0 where pd1_0.day=?
2024-03-29T17:51:07.317+09:00 DEBUG 2896 --- [    Test worker] org.hibernate.SQL                        : insert into webtoon_publishing_day (created_at,publishing_day_id,updated_at,webtoon_id) values (?,?,?,?)
Hibernate: insert into webtoon_publishing_day (created_at,publishing_day_id,updated_at,webtoon_id) values (?,?,?,?)
오후가 멈추도록
2024-03-29T17:51:07.325+09:00 DEBUG 2896 --- [    Test worker] org.hibernate.SQL                        : insert into webtoon (created_at,description,no_youth,publication_status,thumbnail,title,updated_at) values (?,?,?,?,?,?,?)
Hibernate: insert into webtoon (created_at,description,no_youth,publication_status,thumbnail,title,updated_at) values (?,?,?,?,?,?,?)
2024-03-29T17:51:07.334+09:00 DEBUG 2896 --- [    Test worker] org.hibernate.SQL                        : select pd1_0.publishing_day_id,pd1_0.created_at,pd1_0.day,pd1_0.updated_at from publishing_day pd1_0 where pd1_0.day=?
Hibernate: select pd1_0.publishing_day_id,pd1_0.created_at,pd1_0.day,pd1_0.updated_at from publishing_day pd1_0 where pd1_0.day=?
2024-03-29T17:51:07.337+09:00 DEBUG 2896 --- [    Test worker] org.hibernate.SQL                        : insert into webtoon_publishing_day (created_at,publishing_day_id,updated_at,webtoon_id) values (?,?,?,?)
Hibernate: insert into webtoon_publishing_day (created_at,publishing_day_id,updated_at,webtoon_id) values (?,?,?,?)
동녘과 백야
2024-03-29T17:51:07.345+09:00 DEBUG 2896 --- [    Test worker] org.hibernate.SQL                        : insert into webtoon (created_at,description,no_youth,publication_status,thumbnail,title,updated_at) values (?,?,?,?,?,?,?)
Hibernate: insert into webtoon (created_at,description,no_youth,publication_status,thumbnail,title,updated_at) values (?,?,?,?,?,?,?)
2024-03-29T17:51:07.354+09:00 DEBUG 2896 --- [    Test worker] org.hibernate.SQL                        : select pd1_0.publishing_day_id,pd1_0.created_at,pd1_0.day,pd1_0.updated_at from publishing_day pd1_0 where pd1_0.day=?
Hibernate: select pd1_0.publishing_day_id,pd1_0.created_at,pd1_0.day,pd1_0.updated_at from publishing_day pd1_0 where pd1_0.day=?
2024-03-29T17:51:07.357+09:00 DEBUG 2896 --- [    Test worker] org.hibernate.SQL                        : insert into webtoon_publishing_day (created_at,publishing_day_id,updated_at,webtoon_id) values (?,?,?,?)
Hibernate: insert into webtoon_publishing_day (created_at,publishing_day_id,updated_at,webtoon_id) values (?,?,?,?)
데이팅 캣
2024-03-29T17:51:07.366+09:00 DEBUG 2896 --- [    Test worker] org.hibernate.SQL                        : insert into webtoon (created_at,description,no_youth,publication_status,thumbnail,title,updated_at) values (?,?,?,?,?,?,?)
Hibernate: insert into webtoon (created_at,description,no_youth,publication_status,thumbnail,title,updated_at) values (?,?,?,?,?,?,?)
2024-03-29T17:51:07.377+09:00 DEBUG 2896 --- [    Test worker] org.hibernate.SQL                        : select pd1_0.publishing_day_id,pd1_0.created_at,pd1_0.day,pd1_0.updated_at from publishing_day pd1_0 where pd1_0.day=?
Hibernate: select pd1_0.publishing_day_id,pd1_0.created_at,pd1_0.day,pd1_0.updated_at from publishing_day pd1_0 where pd1_0.day=?
2024-03-29T17:51:07.381+09:00 DEBUG 2896 --- [    Test worker] org.hibernate.SQL                        : insert into webtoon_publishing_day (created_at,publishing_day_id,updated_at,webtoon_id) values (?,?,?,?)
Hibernate: insert into webtoon_publishing_day (created_at,publishing_day_id,updated_at,webtoon_id) values (?,?,?,?)
궤도의 아이들
2024-03-29T17:51:07.391+09:00 DEBUG 2896 --- [    Test worker] org.hibernate.SQL                        : insert into webtoon (created_at,description,no_youth,publication_status,thumbnail,title,updated_at) values (?,?,?,?,?,?,?)
Hibernate: insert into webtoon (created_at,description,no_youth,publication_status,thumbnail,title,updated_at) values (?,?,?,?,?,?,?)
2024-03-29T17:51:07.403+09:00 DEBUG 2896 --- [    Test worker] org.hibernate.SQL                        : select pd1_0.publishing_day_id,pd1_0.created_at,pd1_0.day,pd1_0.updated_at from publishing_day pd1_0 where pd1_0.day=?
Hibernate: select pd1_0.publishing_day_id,pd1_0.created_at,pd1_0.day,pd1_0.updated_at from publishing_day pd1_0 where pd1_0.day=?
2024-03-29T17:51:07.406+09:00 DEBUG 2896 --- [    Test worker] org.hibernate.SQL                        : insert into webtoon_publishing_day (created_at,publishing_day_id,updated_at,webtoon_id) values (?,?,?,?)
Hibernate: insert into webtoon_publishing_day (created_at,publishing_day_id,updated_at,webtoon_id) values (?,?,?,?)
먹지마세요
2024-03-29T17:51:07.416+09:00 DEBUG 2896 --- [    Test worker] org.hibernate.SQL                        : insert into webtoon (created_at,description,no_youth,publication_status,thumbnail,title,updated_at) values (?,?,?,?,?,?,?)
Hibernate: insert into webtoon (created_at,description,no_youth,publication_status,thumbnail,title,updated_at) values (?,?,?,?,?,?,?)
2024-03-29T17:51:07.425+09:00 DEBUG 2896 --- [    Test worker] org.hibernate.SQL                        : select pd1_0.publishing_day_id,pd1_0.created_at,pd1_0.day,pd1_0.updated_at from publishing_day pd1_0 where pd1_0.day=?
Hibernate: select pd1_0.publishing_day_id,pd1_0.created_at,pd1_0.day,pd1_0.updated_at from publishing_day pd1_0 where pd1_0.day=?
2024-03-29T17:51:07.428+09:00 DEBUG 2896 --- [    Test worker] org.hibernate.SQL                        : insert into webtoon_publishing_day (created_at,publishing_day_id,updated_at,webtoon_id) values (?,?,?,?)
Hibernate: insert into webtoon_publishing_day (created_at,publishing_day_id,updated_at,webtoon_id) values (?,?,?,?)
아침을 지나 밤으로
2024-03-29T17:51:07.437+09:00 DEBUG 2896 --- [    Test worker] org.hibernate.SQL                        : insert into webtoon (created_at,description,no_youth,publication_status,thumbnail,title,updated_at) values (?,?,?,?,?,?,?)
Hibernate: insert into webtoon (created_at,description,no_youth,publication_status,thumbnail,title,updated_at) values (?,?,?,?,?,?,?)
2024-03-29T17:51:07.445+09:00 DEBUG 2896 --- [    Test worker] org.hibernate.SQL                        : select pd1_0.publishing_day_id,pd1_0.created_at,pd1_0.day,pd1_0.updated_at from publishing_day pd1_0 where pd1_0.day=?
Hibernate: select pd1_0.publishing_day_id,pd1_0.created_at,pd1_0.day,pd1_0.updated_at from publishing_day pd1_0 where pd1_0.day=?
2024-03-29T17:51:07.449+09:00 DEBUG 2896 --- [    Test worker] org.hibernate.SQL                        : insert into webtoon_publishing_day (created_at,publishing_day_id,updated_at,webtoon_id) values (?,?,?,?)
Hibernate: insert into webtoon_publishing_day (created_at,publishing_day_id,updated_at,webtoon_id) values (?,?,?,?)
너나 나나
2024-03-29T17:51:07.458+09:00 DEBUG 2896 --- [    Test worker] org.hibernate.SQL                        : insert into webtoon (created_at,description,no_youth,publication_status,thumbnail,title,updated_at) values (?,?,?,?,?,?,?)
Hibernate: insert into webtoon (created_at,description,no_youth,publication_status,thumbnail,title,updated_at) values (?,?,?,?,?,?,?)
2024-03-29T17:51:07.466+09:00 DEBUG 2896 --- [    Test worker] org.hibernate.SQL                        : select pd1_0.publishing_day_id,pd1_0.created_at,pd1_0.day,pd1_0.updated_at from publishing_day pd1_0 where pd1_0.day=?
Hibernate: select pd1_0.publishing_day_id,pd1_0.created_at,pd1_0.day,pd1_0.updated_at from publishing_day pd1_0 where pd1_0.day=?
2024-03-29T17:51:07.470+09:00 DEBUG 2896 --- [    Test worker] org.hibernate.SQL                        : insert into webtoon_publishing_day (created_at,publishing_day_id,updated_at,webtoon_id) values (?,?,?,?)
Hibernate: insert into webtoon_publishing_day (created_at,publishing_day_id,updated_at,webtoon_id) values (?,?,?,?)
멸망으로 시작하는! 근미래 생존법
2024-03-29T17:51:07.477+09:00 DEBUG 2896 --- [    Test worker] org.hibernate.SQL                        : insert into webtoon (created_at,description,no_youth,publication_status,thumbnail,title,updated_at) values (?,?,?,?,?,?,?)
Hibernate: insert into webtoon (created_at,description,no_youth,publication_status,thumbnail,title,updated_at) values (?,?,?,?,?,?,?)
2024-03-29T17:51:07.485+09:00 DEBUG 2896 --- [    Test worker] org.hibernate.SQL                        : select pd1_0.publishing_day_id,pd1_0.created_at,pd1_0.day,pd1_0.updated_at from publishing_day pd1_0 where pd1_0.day=?
Hibernate: select pd1_0.publishing_day_id,pd1_0.created_at,pd1_0.day,pd1_0.updated_at from publishing_day pd1_0 where pd1_0.day=?
2024-03-29T17:51:07.488+09:00 DEBUG 2896 --- [    Test worker] org.hibernate.SQL                        : insert into webtoon_publishing_day (created_at,publishing_day_id,updated_at,webtoon_id) values (?,?,?,?)
Hibernate: insert into webtoon_publishing_day (created_at,publishing_day_id,updated_at,webtoon_id) values (?,?,?,?)
쌉초의 난
2024-03-29T17:51:07.495+09:00 DEBUG 2896 --- [    Test worker] org.hibernate.SQL                        : insert into webtoon (created_at,description,no_youth,publication_status,thumbnail,title,updated_at) values (?,?,?,?,?,?,?)
Hibernate: insert into webtoon (created_at,description,no_youth,publication_status,thumbnail,title,updated_at) values (?,?,?,?,?,?,?)
2024-03-29T17:51:07.503+09:00 DEBUG 2896 --- [    Test worker] org.hibernate.SQL                        : select pd1_0.publishing_day_id,pd1_0.created_at,pd1_0.day,pd1_0.updated_at from publishing_day pd1_0 where pd1_0.day=?
Hibernate: select pd1_0.publishing_day_id,pd1_0.created_at,pd1_0.day,pd1_0.updated_at from publishing_day pd1_0 where pd1_0.day=?
2024-03-29T17:51:07.506+09:00 DEBUG 2896 --- [    Test worker] org.hibernate.SQL                        : insert into webtoon_publishing_day (created_at,publishing_day_id,updated_at,webtoon_id) values (?,?,?,?)
Hibernate: insert into webtoon_publishing_day (created_at,publishing_day_id,updated_at,webtoon_id) values (?,?,?,?)
화산귀환
2024-03-29T17:51:07.513+09:00 DEBUG 2896 --- [    Test worker] org.hibernate.SQL                        : insert into webtoon (created_at,description,no_youth,publication_status,thumbnail,title,updated_at) values (?,?,?,?,?,?,?)
Hibernate: insert into webtoon (created_at,description,no_youth,publication_status,thumbnail,title,updated_at) values (?,?,?,?,?,?,?)
2024-03-29T17:51:07.521+09:00 DEBUG 2896 --- [    Test worker] org.hibernate.SQL                        : select pd1_0.publishing_day_id,pd1_0.created_at,pd1_0.day,pd1_0.updated_at from publishing_day pd1_0 where pd1_0.day=?
Hibernate: select pd1_0.publishing_day_id,pd1_0.created_at,pd1_0.day,pd1_0.updated_at from publishing_day pd1_0 where pd1_0.day=?
2024-03-29T17:51:07.525+09:00 DEBUG 2896 --- [    Test worker] org.hibernate.SQL                        : insert into webtoon_publishing_day (created_at,publishing_day_id,updated_at,webtoon_id) values (?,?,?,?)
Hibernate: insert into webtoon_publishing_day (created_at,publishing_day_id,updated_at,webtoon_id) values (?,?,?,?)
마음의소리(였던 것)
2024-03-29T17:51:07.532+09:00 DEBUG 2896 --- [    Test worker] org.hibernate.SQL                        : insert into webtoon (created_at,description,no_youth,publication_status,thumbnail,title,updated_at) values (?,?,?,?,?,?,?)
Hibernate: insert into webtoon (created_at,description,no_youth,publication_status,thumbnail,title,updated_at) values (?,?,?,?,?,?,?)
2024-03-29T17:51:07.541+09:00 DEBUG 2896 --- [    Test worker] org.hibernate.SQL                        : select pd1_0.publishing_day_id,pd1_0.created_at,pd1_0.day,pd1_0.updated_at from publishing_day pd1_0 where pd1_0.day=?
Hibernate: select pd1_0.publishing_day_id,pd1_0.created_at,pd1_0.day,pd1_0.updated_at from publishing_day pd1_0 where pd1_0.day=?
2024-03-29T17:51:07.544+09:00 DEBUG 2896 --- [    Test worker] org.hibernate.SQL                        : insert into webtoon_publishing_day (created_at,publishing_day_id,updated_at,webtoon_id) values (?,?,?,?)
Hibernate: insert into webtoon_publishing_day (created_at,publishing_day_id,updated_at,webtoon_id) values (?,?,?,?)
전지적 독자 시점
2024-03-29T17:51:07.551+09:00 DEBUG 2896 --- [    Test worker] org.hibernate.SQL                        : insert into webtoon (created_at,description,no_youth,publication_status,thumbnail,title,updated_at) values (?,?,?,?,?,?,?)
Hibernate: insert into webtoon (created_at,description,no_youth,publication_status,thumbnail,title,updated_at) values (?,?,?,?,?,?,?)
2024-03-29T17:51:07.560+09:00 DEBUG 2896 --- [    Test worker] org.hibernate.SQL                        : select pd1_0.publishing_day_id,pd1_0.created_at,pd1_0.day,pd1_0.updated_at from publishing_day pd1_0 where pd1_0.day=?
Hibernate: select pd1_0.publishing_day_id,pd1_0.created_at,pd1_0.day,pd1_0.updated_at from publishing_day pd1_0 where pd1_0.day=?
2024-03-29T17:51:07.564+09:00 DEBUG 2896 --- [    Test worker] org.hibernate.SQL                        : insert into webtoon_publishing_day (created_at,publishing_day_id,updated_at,webtoon_id) values (?,?,?,?)
Hibernate: insert into webtoon_publishing_day (created_at,publishing_day_id,updated_at,webtoon_id) values (?,?,?,?)
무직백수 계백순
2024-03-29T17:51:07.572+09:00 DEBUG 2896 --- [    Test worker] org.hibernate.SQL                        : insert into webtoon (created_at,description,no_youth,publication_status,thumbnail,title,updated_at) values (?,?,?,?,?,?,?)
Hibernate: insert into webtoon (created_at,description,no_youth,publication_status,thumbnail,title,updated_at) values (?,?,?,?,?,?,?)
2024-03-29T17:51:07.581+09:00 DEBUG 2896 --- [    Test worker] org.hibernate.SQL                        : select pd1_0.publishing_day_id,pd1_0.created_at,pd1_0.day,pd1_0.updated_at from publishing_day pd1_0 where pd1_0.day=?
Hibernate: select pd1_0.publishing_day_id,pd1_0.created_at,pd1_0.day,pd1_0.updated_at from publishing_day pd1_0 where pd1_0.day=?
2024-03-29T17:51:07.585+09:00 DEBUG 2896 --- [    Test worker] org.hibernate.SQL                        : insert into webtoon_publishing_day (created_at,publishing_day_id,updated_at,webtoon_id) values (?,?,?,?)
Hibernate: insert into webtoon_publishing_day (created_at,publishing_day_id,updated_at,webtoon_id) values (?,?,?,?)
백XX
2024-03-29T17:51:07.594+09:00 DEBUG 2896 --- [    Test worker] org.hibernate.SQL                        : insert into webtoon (created_at,description,no_youth,publication_status,thumbnail,title,updated_at) values (?,?,?,?,?,?,?)
Hibernate: insert into webtoon (created_at,description,no_youth,publication_status,thumbnail,title,updated_at) values (?,?,?,?,?,?,?)
2024-03-29T17:51:07.605+09:00 DEBUG 2896 --- [    Test worker] org.hibernate.SQL                        : select pd1_0.publishing_day_id,pd1_0.created_at,pd1_0.day,pd1_0.updated_at from publishing_day pd1_0 where pd1_0.day=?
Hibernate: select pd1_0.publishing_day_id,pd1_0.created_at,pd1_0.day,pd1_0.updated_at from publishing_day pd1_0 where pd1_0.day=?
2024-03-29T17:51:07.609+09:00 DEBUG 2896 --- [    Test worker] org.hibernate.SQL                        : insert into webtoon_publishing_day (created_at,publishing_day_id,updated_at,webtoon_id) values (?,?,?,?)
Hibernate: insert into webtoon_publishing_day (created_at,publishing_day_id,updated_at,webtoon_id) values (?,?,?,?)
조조코믹스
2024-03-29T17:51:07.619+09:00 DEBUG 2896 --- [    Test worker] org.hibernate.SQL                        : insert into webtoon (created_at,description,no_youth,publication_status,thumbnail,title,updated_at) values (?,?,?,?,?,?,?)
Hibernate: insert into webtoon (created_at,description,no_youth,publication_status,thumbnail,title,updated_at) values (?,?,?,?,?,?,?)
2024-03-29T17:51:07.629+09:00 DEBUG 2896 --- [    Test worker] org.hibernate.SQL                        : select pd1_0.publishing_day_id,pd1_0.created_at,pd1_0.day,pd1_0.updated_at from publishing_day pd1_0 where pd1_0.day=?
Hibernate: select pd1_0.publishing_day_id,pd1_0.created_at,pd1_0.day,pd1_0.updated_at from publishing_day pd1_0 where pd1_0.day=?
2024-03-29T17:51:07.634+09:00 DEBUG 2896 --- [    Test worker] org.hibernate.SQL                        : insert into webtoon_publishing_day (created_at,publishing_day_id,updated_at,webtoon_id) values (?,?,?,?)
Hibernate: insert into webtoon_publishing_day (created_at,publishing_day_id,updated_at,webtoon_id) values (?,?,?,?)
진돌히디만화
2024-03-29T17:51:07.644+09:00 DEBUG 2896 --- [    Test worker] org.hibernate.SQL                        : insert into webtoon (created_at,description,no_youth,publication_status,thumbnail,title,updated_at) values (?,?,?,?,?,?,?)
Hibernate: insert into webtoon (created_at,description,no_youth,publication_status,thumbnail,title,updated_at) values (?,?,?,?,?,?,?)
2024-03-29T17:51:07.654+09:00 DEBUG 2896 --- [    Test worker] org.hibernate.SQL                        : select pd1_0.publishing_day_id,pd1_0.created_at,pd1_0.day,pd1_0.updated_at from publishing_day pd1_0 where pd1_0.day=?
Hibernate: select pd1_0.publishing_day_id,pd1_0.created_at,pd1_0.day,pd1_0.updated_at from publishing_day pd1_0 where pd1_0.day=?
2024-03-29T17:51:07.658+09:00 DEBUG 2896 --- [    Test worker] org.hibernate.SQL                        : insert into webtoon_publishing_day (created_at,publishing_day_id,updated_at,webtoon_id) values (?,?,?,?)
Hibernate: insert into webtoon_publishing_day (created_at,publishing_day_id,updated_at,webtoon_id) values (?,?,?,?)
헬퍼 2 : 킬베로스
2024-03-29T17:51:07.667+09:00 DEBUG 2896 --- [    Test worker] org.hibernate.SQL                        : insert into webtoon (created_at,description,no_youth,publication_status,thumbnail,title,updated_at) values (?,?,?,?,?,?,?)
Hibernate: insert into webtoon (created_at,description,no_youth,publication_status,thumbnail,title,updated_at) values (?,?,?,?,?,?,?)
2024-03-29T17:51:07.676+09:00 DEBUG 2896 --- [    Test worker] org.hibernate.SQL                        : select pd1_0.publishing_day_id,pd1_0.created_at,pd1_0.day,pd1_0.updated_at from publishing_day pd1_0 where pd1_0.day=?
Hibernate: select pd1_0.publishing_day_id,pd1_0.created_at,pd1_0.day,pd1_0.updated_at from publishing_day pd1_0 where pd1_0.day=?
2024-03-29T17:51:07.680+09:00 DEBUG 2896 --- [    Test worker] org.hibernate.SQL                        : insert into webtoon_publishing_day (created_at,publishing_day_id,updated_at,webtoon_id) values (?,?,?,?)
Hibernate: insert into webtoon_publishing_day (created_at,publishing_day_id,updated_at,webtoon_id) values (?,?,?,?)
미래의 골동품 가게
2024-03-29T17:51:07.687+09:00 DEBUG 2896 --- [    Test worker] org.hibernate.SQL                        : insert into webtoon (created_at,description,no_youth,publication_status,thumbnail,title,updated_at) values (?,?,?,?,?,?,?)
Hibernate: insert into webtoon (created_at,description,no_youth,publication_status,thumbnail,title,updated_at) values (?,?,?,?,?,?,?)
2024-03-29T17:51:07.696+09:00 DEBUG 2896 --- [    Test worker] org.hibernate.SQL                        : select pd1_0.publishing_day_id,pd1_0.created_at,pd1_0.day,pd1_0.updated_at from publishing_day pd1_0 where pd1_0.day=?
Hibernate: select pd1_0.publishing_day_id,pd1_0.created_at,pd1_0.day,pd1_0.updated_at from publishing_day pd1_0 where pd1_0.day=?
2024-03-29T17:51:07.699+09:00 DEBUG 2896 --- [    Test worker] org.hibernate.SQL                        : insert into webtoon_publishing_day (created_at,publishing_day_id,updated_at,webtoon_id) values (?,?,?,?)
Hibernate: insert into webtoon_publishing_day (created_at,publishing_day_id,updated_at,webtoon_id) values (?,?,?,?)
일렉시드
2024-03-29T17:51:07.705+09:00 DEBUG 2896 --- [    Test worker] org.hibernate.SQL                        : insert into webtoon (created_at,description,no_youth,publication_status,thumbnail,title,updated_at) values (?,?,?,?,?,?,?)
Hibernate: insert into webtoon (created_at,description,no_youth,publication_status,thumbnail,title,updated_at) values (?,?,?,?,?,?,?)
2024-03-29T17:51:07.715+09:00 DEBUG 2896 --- [    Test worker] org.hibernate.SQL                        : select pd1_0.publishing_day_id,pd1_0.created_at,pd1_0.day,pd1_0.updated_at from publishing_day pd1_0 where pd1_0.day=?
Hibernate: select pd1_0.publishing_day_id,pd1_0.created_at,pd1_0.day,pd1_0.updated_at from publishing_day pd1_0 where pd1_0.day=?
2024-03-29T17:51:07.718+09:00 DEBUG 2896 --- [    Test worker] org.hibernate.SQL                        : insert into webtoon_publishing_day (created_at,publishing_day_id,updated_at,webtoon_id) values (?,?,?,?)
Hibernate: insert into webtoon_publishing_day (created_at,publishing_day_id,updated_at,webtoon_id) values (?,?,?,?)
66666년 만에 환생한 흑마법사
2024-03-29T17:51:07.725+09:00 DEBUG 2896 --- [    Test worker] org.hibernate.SQL                        : insert into webtoon (created_at,description,no_youth,publication_status,thumbnail,title,updated_at) values (?,?,?,?,?,?,?)
Hibernate: insert into webtoon (created_at,description,no_youth,publication_status,thumbnail,title,updated_at) values (?,?,?,?,?,?,?)
2024-03-29T17:51:07.734+09:00 DEBUG 2896 --- [    Test worker] org.hibernate.SQL                        : select pd1_0.publishing_day_id,pd1_0.created_at,pd1_0.day,pd1_0.updated_at from publishing_day pd1_0 where pd1_0.day=?
Hibernate: select pd1_0.publishing_day_id,pd1_0.created_at,pd1_0.day,pd1_0.updated_at from publishing_day pd1_0 where pd1_0.day=?
2024-03-29T17:51:07.737+09:00 DEBUG 2896 --- [    Test worker] org.hibernate.SQL                        : insert into webtoon_publishing_day (created_at,publishing_day_id,updated_at,webtoon_id) values (?,?,?,?)
Hibernate: insert into webtoon_publishing_day (created_at,publishing_day_id,updated_at,webtoon_id) values (?,?,?,?)
운명을 보는 회사원
2024-03-29T17:51:07.746+09:00 DEBUG 2896 --- [    Test worker] org.hibernate.SQL                        : insert into webtoon (created_at,description,no_youth,publication_status,thumbnail,title,updated_at) values (?,?,?,?,?,?,?)
Hibernate: insert into webtoon (created_at,description,no_youth,publication_status,thumbnail,title,updated_at) values (?,?,?,?,?,?,?)
2024-03-29T17:51:07.755+09:00 DEBUG 2896 --- [    Test worker] org.hibernate.SQL                        : select pd1_0.publishing_day_id,pd1_0.created_at,pd1_0.day,pd1_0.updated_at from publishing_day pd1_0 where pd1_0.day=?
Hibernate: select pd1_0.publishing_day_id,pd1_0.created_at,pd1_0.day,pd1_0.updated_at from publishing_day pd1_0 where pd1_0.day=?
2024-03-29T17:51:07.759+09:00 DEBUG 2896 --- [    Test worker] org.hibernate.SQL                        : insert into webtoon_publishing_day (created_at,publishing_day_id,updated_at,webtoon_id) values (?,?,?,?)
Hibernate: insert into webtoon_publishing_day (created_at,publishing_day_id,updated_at,webtoon_id) values (?,?,?,?)
1등급 싸움과외
2024-03-29T17:51:07.767+09:00 DEBUG 2896 --- [    Test worker] org.hibernate.SQL                        : insert into webtoon (created_at,description,no_youth,publication_status,thumbnail,title,updated_at) values (?,?,?,?,?,?,?)
Hibernate: insert into webtoon (created_at,description,no_youth,publication_status,thumbnail,title,updated_at) values (?,?,?,?,?,?,?)
2024-03-29T17:51:07.777+09:00 DEBUG 2896 --- [    Test worker] org.hibernate.SQL                        : select pd1_0.publishing_day_id,pd1_0.created_at,pd1_0.day,pd1_0.updated_at from publishing_day pd1_0 where pd1_0.day=?
Hibernate: select pd1_0.publishing_day_id,pd1_0.created_at,pd1_0.day,pd1_0.updated_at from publishing_day pd1_0 where pd1_0.day=?
2024-03-29T17:51:07.781+09:00 DEBUG 2896 --- [    Test worker] org.hibernate.SQL                        : insert into webtoon_publishing_day (created_at,publishing_day_id,updated_at,webtoon_id) values (?,?,?,?)
Hibernate: insert into webtoon_publishing_day (created_at,publishing_day_id,updated_at,webtoon_id) values (?,?,?,?)
격기3반
2024-03-29T17:51:07.790+09:00 DEBUG 2896 --- [    Test worker] org.hibernate.SQL                        : insert into webtoon (created_at,description,no_youth,publication_status,thumbnail,title,updated_at) values (?,?,?,?,?,?,?)
Hibernate: insert into webtoon (created_at,description,no_youth,publication_status,thumbnail,title,updated_at) values (?,?,?,?,?,?,?)
2024-03-29T17:51:07.799+09:00 DEBUG 2896 --- [    Test worker] org.hibernate.SQL                        : select pd1_0.publishing_day_id,pd1_0.created_at,pd1_0.day,pd1_0.updated_at from publishing_day pd1_0 where pd1_0.day=?
Hibernate: select pd1_0.publishing_day_id,pd1_0.created_at,pd1_0.day,pd1_0.updated_at from publishing_day pd1_0 where pd1_0.day=?
2024-03-29T17:51:07.804+09:00 DEBUG 2896 --- [    Test worker] org.hibernate.SQL                        : insert into webtoon_publishing_day (created_at,publishing_day_id,updated_at,webtoon_id) values (?,?,?,?)
Hibernate: insert into webtoon_publishing_day (created_at,publishing_day_id,updated_at,webtoon_id) values (?,?,?,?)
칼에 취한 밤을 걷다
2024-03-29T17:51:07.812+09:00 DEBUG 2896 --- [    Test worker] org.hibernate.SQL                        : insert into webtoon (created_at,description,no_youth,publication_status,thumbnail,title,updated_at) values (?,?,?,?,?,?,?)
Hibernate: insert into webtoon (created_at,description,no_youth,publication_status,thumbnail,title,updated_at) values (?,?,?,?,?,?,?)
2024-03-29T17:51:07.821+09:00 DEBUG 2896 --- [    Test worker] org.hibernate.SQL                        : select pd1_0.publishing_day_id,pd1_0.created_at,pd1_0.day,pd1_0.updated_at from publishing_day pd1_0 where pd1_0.day=?
Hibernate: select pd1_0.publishing_day_id,pd1_0.created_at,pd1_0.day,pd1_0.updated_at from publishing_day pd1_0 where pd1_0.day=?
2024-03-29T17:51:07.824+09:00 DEBUG 2896 --- [    Test worker] org.hibernate.SQL                        : insert into webtoon_publishing_day (created_at,publishing_day_id,updated_at,webtoon_id) values (?,?,?,?)
Hibernate: insert into webtoon_publishing_day (created_at,publishing_day_id,updated_at,webtoon_id) values (?,?,?,?)
"울어 봐
2024-03-29T17:51:07.835+09:00 DEBUG 2896 --- [    Test worker] org.hibernate.SQL                        : insert into webtoon (created_at,description,no_youth,publication_status,thumbnail,title,updated_at) values (?,?,?,?,?,?,?)
Hibernate: insert into webtoon (created_at,description,no_youth,publication_status,thumbnail,title,updated_at) values (?,?,?,?,?,?,?)
2024-03-29T17:51:07.845+09:00 DEBUG 2896 --- [    Test worker] org.hibernate.SQL                        : select pd1_0.publishing_day_id,pd1_0.created_at,pd1_0.day,pd1_0.updated_at from publishing_day pd1_0 where pd1_0.day=?
Hibernate: select pd1_0.publishing_day_id,pd1_0.created_at,pd1_0.day,pd1_0.updated_at from publishing_day pd1_0 where pd1_0.day=?
2024-03-29T17:51:07.849+09:00 DEBUG 2896 --- [    Test worker] org.hibernate.SQL                        : insert into webtoon_publishing_day (created_at,publishing_day_id,updated_at,webtoon_id) values (?,?,?,?)
Hibernate: insert into webtoon_publishing_day (created_at,publishing_day_id,updated_at,webtoon_id) values (?,?,?,?)
왕따가 격투기를 너무 잘함
2024-03-29T17:51:07.858+09:00 DEBUG 2896 --- [    Test worker] org.hibernate.SQL                        : insert into webtoon (created_at,description,no_youth,publication_status,thumbnail,title,updated_at) values (?,?,?,?,?,?,?)
Hibernate: insert into webtoon (created_at,description,no_youth,publication_status,thumbnail,title,updated_at) values (?,?,?,?,?,?,?)
2024-03-29T17:51:07.869+09:00 DEBUG 2896 --- [    Test worker] org.hibernate.SQL                        : select pd1_0.publishing_day_id,pd1_0.created_at,pd1_0.day,pd1_0.updated_at from publishing_day pd1_0 where pd1_0.day=?
Hibernate: select pd1_0.publishing_day_id,pd1_0.created_at,pd1_0.day,pd1_0.updated_at from publishing_day pd1_0 where pd1_0.day=?
2024-03-29T17:51:07.873+09:00 DEBUG 2896 --- [    Test worker] org.hibernate.SQL                        : insert into webtoon_publishing_day (created_at,publishing_day_id,updated_at,webtoon_id) values (?,?,?,?)
Hibernate: insert into webtoon_publishing_day (created_at,publishing_day_id,updated_at,webtoon_id) values (?,?,?,?)
어린이집 다니는 구나
2024-03-29T17:51:07.883+09:00 DEBUG 2896 --- [    Test worker] org.hibernate.SQL                        : insert into webtoon (created_at,description,no_youth,publication_status,thumbnail,title,updated_at) values (?,?,?,?,?,?,?)
Hibernate: insert into webtoon (created_at,description,no_youth,publication_status,thumbnail,title,updated_at) values (?,?,?,?,?,?,?)
2024-03-29T17:51:07.892+09:00 DEBUG 2896 --- [    Test worker] org.hibernate.SQL                        : select pd1_0.publishing_day_id,pd1_0.created_at,pd1_0.day,pd1_0.updated_at from publishing_day pd1_0 where pd1_0.day=?
Hibernate: select pd1_0.publishing_day_id,pd1_0.created_at,pd1_0.day,pd1_0.updated_at from publishing_day pd1_0 where pd1_0.day=?
2024-03-29T17:51:07.896+09:00 DEBUG 2896 --- [    Test worker] org.hibernate.SQL                        : insert into webtoon_publishing_day (created_at,publishing_day_id,updated_at,webtoon_id) values (?,?,?,?)
Hibernate: insert into webtoon_publishing_day (created_at,publishing_day_id,updated_at,webtoon_id) values (?,?,?,?)
베이비 폭군
2024-03-29T17:51:07.904+09:00 DEBUG 2896 --- [    Test worker] org.hibernate.SQL                        : insert into webtoon (created_at,description,no_youth,publication_status,thumbnail,title,updated_at) values (?,?,?,?,?,?,?)
Hibernate: insert into webtoon (created_at,description,no_youth,publication_status,thumbnail,title,updated_at) values (?,?,?,?,?,?,?)
2024-03-29T17:51:07.912+09:00 DEBUG 2896 --- [    Test worker] org.hibernate.SQL                        : select pd1_0.publishing_day_id,pd1_0.created_at,pd1_0.day,pd1_0.updated_at from publishing_day pd1_0 where pd1_0.day=?
Hibernate: select pd1_0.publishing_day_id,pd1_0.created_at,pd1_0.day,pd1_0.updated_at from publishing_day pd1_0 where pd1_0.day=?
2024-03-29T17:51:07.916+09:00 DEBUG 2896 --- [    Test worker] org.hibernate.SQL                        : insert into webtoon_publishing_day (created_at,publishing_day_id,updated_at,webtoon_id) values (?,?,?,?)
Hibernate: insert into webtoon_publishing_day (created_at,publishing_day_id,updated_at,webtoon_id) values (?,?,?,?)
나쁜사람
2024-03-29T17:51:07.924+09:00 DEBUG 2896 --- [    Test worker] org.hibernate.SQL                        : insert into webtoon (created_at,description,no_youth,publication_status,thumbnail,title,updated_at) values (?,?,?,?,?,?,?)
Hibernate: insert into webtoon (created_at,description,no_youth,publication_status,thumbnail,title,updated_at) values (?,?,?,?,?,?,?)
2024-03-29T17:51:07.933+09:00 DEBUG 2896 --- [    Test worker] org.hibernate.SQL                        : select pd1_0.publishing_day_id,pd1_0.created_at,pd1_0.day,pd1_0.updated_at from publishing_day pd1_0 where pd1_0.day=?
Hibernate: select pd1_0.publishing_day_id,pd1_0.created_at,pd1_0.day,pd1_0.updated_at from publishing_day pd1_0 where pd1_0.day=?
2024-03-29T17:51:07.936+09:00 DEBUG 2896 --- [    Test worker] org.hibernate.SQL                        : insert into webtoon_publishing_day (created_at,publishing_day_id,updated_at,webtoon_id) values (?,?,?,?)
Hibernate: insert into webtoon_publishing_day (created_at,publishing_day_id,updated_at,webtoon_id) values (?,?,?,?)
튜토리얼 탑의 고인물
2024-03-29T17:51:07.942+09:00 DEBUG 2896 --- [    Test worker] org.hibernate.SQL                        : insert into webtoon (created_at,description,no_youth,publication_status,thumbnail,title,updated_at) values (?,?,?,?,?,?,?)
Hibernate: insert into webtoon (created_at,description,no_youth,publication_status,thumbnail,title,updated_at) values (?,?,?,?,?,?,?)
2024-03-29T17:51:07.950+09:00 DEBUG 2896 --- [    Test worker] org.hibernate.SQL                        : select pd1_0.publishing_day_id,pd1_0.created_at,pd1_0.day,pd1_0.updated_at from publishing_day pd1_0 where pd1_0.day=?
Hibernate: select pd1_0.publishing_day_id,pd1_0.created_at,pd1_0.day,pd1_0.updated_at from publishing_day pd1_0 where pd1_0.day=?
2024-03-29T17:51:07.955+09:00 DEBUG 2896 --- [    Test worker] org.hibernate.SQL                        : insert into webtoon_publishing_day (created_at,publishing_day_id,updated_at,webtoon_id) values (?,?,?,?)
Hibernate: insert into webtoon_publishing_day (created_at,publishing_day_id,updated_at,webtoon_id) values (?,?,?,?)
강철을 먹는 플레이어
2024-03-29T17:51:07.963+09:00 DEBUG 2896 --- [    Test worker] org.hibernate.SQL                        : insert into webtoon (created_at,description,no_youth,publication_status,thumbnail,title,updated_at) values (?,?,?,?,?,?,?)
Hibernate: insert into webtoon (created_at,description,no_youth,publication_status,thumbnail,title,updated_at) values (?,?,?,?,?,?,?)
2024-03-29T17:51:07.970+09:00 DEBUG 2896 --- [    Test worker] org.hibernate.SQL                        : select pd1_0.publishing_day_id,pd1_0.created_at,pd1_0.day,pd1_0.updated_at from publishing_day pd1_0 where pd1_0.day=?
Hibernate: select pd1_0.publishing_day_id,pd1_0.created_at,pd1_0.day,pd1_0.updated_at from publishing_day pd1_0 where pd1_0.day=?
2024-03-29T17:51:07.974+09:00 DEBUG 2896 --- [    Test worker] org.hibernate.SQL                        : insert into webtoon_publishing_day (created_at,publishing_day_id,updated_at,webtoon_id) values (?,?,?,?)
Hibernate: insert into webtoon_publishing_day (created_at,publishing_day_id,updated_at,webtoon_id) values (?,?,?,?)
무림서부
2024-03-29T17:51:07.981+09:00 DEBUG 2896 --- [    Test worker] org.hibernate.SQL                        : insert into webtoon (created_at,description,no_youth,publication_status,thumbnail,title,updated_at) values (?,?,?,?,?,?,?)
Hibernate: insert into webtoon (created_at,description,no_youth,publication_status,thumbnail,title,updated_at) values (?,?,?,?,?,?,?)
2024-03-29T17:51:07.990+09:00 DEBUG 2896 --- [    Test worker] org.hibernate.SQL                        : select pd1_0.publishing_day_id,pd1_0.created_at,pd1_0.day,pd1_0.updated_at from publishing_day pd1_0 where pd1_0.day=?
Hibernate: select pd1_0.publishing_day_id,pd1_0.created_at,pd1_0.day,pd1_0.updated_at from publishing_day pd1_0 where pd1_0.day=?
2024-03-29T17:51:07.994+09:00 DEBUG 2896 --- [    Test worker] org.hibernate.SQL                        : insert into webtoon_publishing_day (created_at,publishing_day_id,updated_at,webtoon_id) values (?,?,?,?)
Hibernate: insert into webtoon_publishing_day (created_at,publishing_day_id,updated_at,webtoon_id) values (?,?,?,?)
흔한 빙의물인 줄 알았다
2024-03-29T17:51:08.003+09:00 DEBUG 2896 --- [    Test worker] org.hibernate.SQL                        : insert into webtoon (created_at,description,no_youth,publication_status,thumbnail,title,updated_at) values (?,?,?,?,?,?,?)
Hibernate: insert into webtoon (created_at,description,no_youth,publication_status,thumbnail,title,updated_at) values (?,?,?,?,?,?,?)
2024-03-29T17:51:08.011+09:00 DEBUG 2896 --- [    Test worker] org.hibernate.SQL                        : select pd1_0.publishing_day_id,pd1_0.created_at,pd1_0.day,pd1_0.updated_at from publishing_day pd1_0 where pd1_0.day=?
Hibernate: select pd1_0.publishing_day_id,pd1_0.created_at,pd1_0.day,pd1_0.updated_at from publishing_day pd1_0 where pd1_0.day=?
2024-03-29T17:51:08.014+09:00 DEBUG 2896 --- [    Test worker] org.hibernate.SQL                        : insert into webtoon_publishing_day (created_at,publishing_day_id,updated_at,webtoon_id) values (?,?,?,?)
Hibernate: insert into webtoon_publishing_day (created_at,publishing_day_id,updated_at,webtoon_id) values (?,?,?,?)
별을 품은 소드마스터
2024-03-29T17:51:08.023+09:00 DEBUG 2896 --- [    Test worker] org.hibernate.SQL                        : insert into webtoon (created_at,description,no_youth,publication_status,thumbnail,title,updated_at) values (?,?,?,?,?,?,?)
Hibernate: insert into webtoon (created_at,description,no_youth,publication_status,thumbnail,title,updated_at) values (?,?,?,?,?,?,?)
2024-03-29T17:51:08.032+09:00 DEBUG 2896 --- [    Test worker] org.hibernate.SQL                        : select pd1_0.publishing_day_id,pd1_0.created_at,pd1_0.day,pd1_0.updated_at from publishing_day pd1_0 where pd1_0.day=?
Hibernate: select pd1_0.publishing_day_id,pd1_0.created_at,pd1_0.day,pd1_0.updated_at from publishing_day pd1_0 where pd1_0.day=?
2024-03-29T17:51:08.037+09:00 DEBUG 2896 --- [    Test worker] org.hibernate.SQL                        : insert into webtoon_publishing_day (created_at,publishing_day_id,updated_at,webtoon_id) values (?,?,?,?)
Hibernate: insert into webtoon_publishing_day (created_at,publishing_day_id,updated_at,webtoon_id) values (?,?,?,?)
마른 가지에 바람처럼
2024-03-29T17:51:08.044+09:00 DEBUG 2896 --- [    Test worker] org.hibernate.SQL                        : insert into webtoon (created_at,description,no_youth,publication_status,thumbnail,title,updated_at) values (?,?,?,?,?,?,?)
Hibernate: insert into webtoon (created_at,description,no_youth,publication_status,thumbnail,title,updated_at) values (?,?,?,?,?,?,?)
2024-03-29T17:51:08.053+09:00 DEBUG 2896 --- [    Test worker] org.hibernate.SQL                        : select pd1_0.publishing_day_id,pd1_0.created_at,pd1_0.day,pd1_0.updated_at from publishing_day pd1_0 where pd1_0.day=?
Hibernate: select pd1_0.publishing_day_id,pd1_0.created_at,pd1_0.day,pd1_0.updated_at from publishing_day pd1_0 where pd1_0.day=?
2024-03-29T17:51:08.056+09:00 DEBUG 2896 --- [    Test worker] org.hibernate.SQL                        : insert into webtoon_publishing_day (created_at,publishing_day_id,updated_at,webtoon_id) values (?,?,?,?)
Hibernate: insert into webtoon_publishing_day (created_at,publishing_day_id,updated_at,webtoon_id) values (?,?,?,?)
중간에서 만나
2024-03-29T17:51:08.065+09:00 DEBUG 2896 --- [    Test worker] org.hibernate.SQL                        : insert into webtoon (created_at,description,no_youth,publication_status,thumbnail,title,updated_at) values (?,?,?,?,?,?,?)
Hibernate: insert into webtoon (created_at,description,no_youth,publication_status,thumbnail,title,updated_at) values (?,?,?,?,?,?,?)
2024-03-29T17:51:08.076+09:00 DEBUG 2896 --- [    Test worker] org.hibernate.SQL                        : select pd1_0.publishing_day_id,pd1_0.created_at,pd1_0.day,pd1_0.updated_at from publishing_day pd1_0 where pd1_0.day=?
Hibernate: select pd1_0.publishing_day_id,pd1_0.created_at,pd1_0.day,pd1_0.updated_at from publishing_day pd1_0 where pd1_0.day=?
2024-03-29T17:51:08.081+09:00 DEBUG 2896 --- [    Test worker] org.hibernate.SQL                        : insert into webtoon_publishing_day (created_at,publishing_day_id,updated_at,webtoon_id) values (?,?,?,?)
Hibernate: insert into webtoon_publishing_day (created_at,publishing_day_id,updated_at,webtoon_id) values (?,?,?,?)
기묘한 만화
2024-03-29T17:51:08.090+09:00 DEBUG 2896 --- [    Test worker] org.hibernate.SQL                        : insert into webtoon (created_at,description,no_youth,publication_status,thumbnail,title,updated_at) values (?,?,?,?,?,?,?)
Hibernate: insert into webtoon (created_at,description,no_youth,publication_status,thumbnail,title,updated_at) values (?,?,?,?,?,?,?)
2024-03-29T17:51:08.098+09:00 DEBUG 2896 --- [    Test worker] org.hibernate.SQL                        : select pd1_0.publishing_day_id,pd1_0.created_at,pd1_0.day,pd1_0.updated_at from publishing_day pd1_0 where pd1_0.day=?
Hibernate: select pd1_0.publishing_day_id,pd1_0.created_at,pd1_0.day,pd1_0.updated_at from publishing_day pd1_0 where pd1_0.day=?
2024-03-29T17:51:08.101+09:00 DEBUG 2896 --- [    Test worker] org.hibernate.SQL                        : insert into webtoon_publishing_day (created_at,publishing_day_id,updated_at,webtoon_id) values (?,?,?,?)
Hibernate: insert into webtoon_publishing_day (created_at,publishing_day_id,updated_at,webtoon_id) values (?,?,?,?)
남사친의 법칙
2024-03-29T17:51:08.108+09:00 DEBUG 2896 --- [    Test worker] org.hibernate.SQL                        : insert into webtoon (created_at,description,no_youth,publication_status,thumbnail,title,updated_at) values (?,?,?,?,?,?,?)
Hibernate: insert into webtoon (created_at,description,no_youth,publication_status,thumbnail,title,updated_at) values (?,?,?,?,?,?,?)
2024-03-29T17:51:08.117+09:00 DEBUG 2896 --- [    Test worker] org.hibernate.SQL                        : select pd1_0.publishing_day_id,pd1_0.created_at,pd1_0.day,pd1_0.updated_at from publishing_day pd1_0 where pd1_0.day=?
Hibernate: select pd1_0.publishing_day_id,pd1_0.created_at,pd1_0.day,pd1_0.updated_at from publishing_day pd1_0 where pd1_0.day=?
2024-03-29T17:51:08.120+09:00 DEBUG 2896 --- [    Test worker] org.hibernate.SQL                        : insert into webtoon_publishing_day (created_at,publishing_day_id,updated_at,webtoon_id) values (?,?,?,?)
Hibernate: insert into webtoon_publishing_day (created_at,publishing_day_id,updated_at,webtoon_id) values (?,?,?,?)
악의 등교
2024-03-29T17:51:08.128+09:00 DEBUG 2896 --- [    Test worker] org.hibernate.SQL                        : insert into webtoon (created_at,description,no_youth,publication_status,thumbnail,title,updated_at) values (?,?,?,?,?,?,?)
Hibernate: insert into webtoon (created_at,description,no_youth,publication_status,thumbnail,title,updated_at) values (?,?,?,?,?,?,?)
2024-03-29T17:51:08.136+09:00 DEBUG 2896 --- [    Test worker] org.hibernate.SQL                        : select pd1_0.publishing_day_id,pd1_0.created_at,pd1_0.day,pd1_0.updated_at from publishing_day pd1_0 where pd1_0.day=?
Hibernate: select pd1_0.publishing_day_id,pd1_0.created_at,pd1_0.day,pd1_0.updated_at from publishing_day pd1_0 where pd1_0.day=?
2024-03-29T17:51:08.141+09:00 DEBUG 2896 --- [    Test worker] org.hibernate.SQL                        : insert into webtoon_publishing_day (created_at,publishing_day_id,updated_at,webtoon_id) values (?,?,?,?)
Hibernate: insert into webtoon_publishing_day (created_at,publishing_day_id,updated_at,webtoon_id) values (?,?,?,?)
쓰레기는 쓰레기통에!
2024-03-29T17:51:08.149+09:00 DEBUG 2896 --- [    Test worker] org.hibernate.SQL                        : insert into webtoon (created_at,description,no_youth,publication_status,thumbnail,title,updated_at) values (?,?,?,?,?,?,?)
Hibernate: insert into webtoon (created_at,description,no_youth,publication_status,thumbnail,title,updated_at) values (?,?,?,?,?,?,?)
2024-03-29T17:51:08.158+09:00 DEBUG 2896 --- [    Test worker] org.hibernate.SQL                        : select pd1_0.publishing_day_id,pd1_0.created_at,pd1_0.day,pd1_0.updated_at from publishing_day pd1_0 where pd1_0.day=?
Hibernate: select pd1_0.publishing_day_id,pd1_0.created_at,pd1_0.day,pd1_0.updated_at from publishing_day pd1_0 where pd1_0.day=?
2024-03-29T17:51:08.161+09:00 DEBUG 2896 --- [    Test worker] org.hibernate.SQL                        : insert into webtoon_publishing_day (created_at,publishing_day_id,updated_at,webtoon_id) values (?,?,?,?)
Hibernate: insert into webtoon_publishing_day (created_at,publishing_day_id,updated_at,webtoon_id) values (?,?,?,?)
어느 마법사의 식당
2024-03-29T17:51:08.169+09:00 DEBUG 2896 --- [    Test worker] org.hibernate.SQL                        : insert into webtoon (created_at,description,no_youth,publication_status,thumbnail,title,updated_at) values (?,?,?,?,?,?,?)
Hibernate: insert into webtoon (created_at,description,no_youth,publication_status,thumbnail,title,updated_at) values (?,?,?,?,?,?,?)
2024-03-29T17:51:08.179+09:00 DEBUG 2896 --- [    Test worker] org.hibernate.SQL                        : select pd1_0.publishing_day_id,pd1_0.created_at,pd1_0.day,pd1_0.updated_at from publishing_day pd1_0 where pd1_0.day=?
Hibernate: select pd1_0.publishing_day_id,pd1_0.created_at,pd1_0.day,pd1_0.updated_at from publishing_day pd1_0 where pd1_0.day=?
2024-03-29T17:51:08.182+09:00 DEBUG 2896 --- [    Test worker] org.hibernate.SQL                        : insert into webtoon_publishing_day (created_at,publishing_day_id,updated_at,webtoon_id) values (?,?,?,?)
Hibernate: insert into webtoon_publishing_day (created_at,publishing_day_id,updated_at,webtoon_id) values (?,?,?,?)
사상최강
2024-03-29T17:51:08.192+09:00 DEBUG 2896 --- [    Test worker] org.hibernate.SQL                        : insert into webtoon (created_at,description,no_youth,publication_status,thumbnail,title,updated_at) values (?,?,?,?,?,?,?)
Hibernate: insert into webtoon (created_at,description,no_youth,publication_status,thumbnail,title,updated_at) values (?,?,?,?,?,?,?)
2024-03-29T17:51:08.202+09:00 DEBUG 2896 --- [    Test worker] org.hibernate.SQL                        : select pd1_0.publishing_day_id,pd1_0.created_at,pd1_0.day,pd1_0.updated_at from publishing_day pd1_0 where pd1_0.day=?
Hibernate: select pd1_0.publishing_day_id,pd1_0.created_at,pd1_0.day,pd1_0.updated_at from publishing_day pd1_0 where pd1_0.day=?
2024-03-29T17:51:08.205+09:00 DEBUG 2896 --- [    Test worker] org.hibernate.SQL                        : insert into webtoon_publishing_day (created_at,publishing_day_id,updated_at,webtoon_id) values (?,?,?,?)
Hibernate: insert into webtoon_publishing_day (created_at,publishing_day_id,updated_at,webtoon_id) values (?,?,?,?)
인과관계
2024-03-29T17:51:08.214+09:00 DEBUG 2896 --- [    Test worker] org.hibernate.SQL                        : insert into webtoon (created_at,description,no_youth,publication_status,thumbnail,title,updated_at) values (?,?,?,?,?,?,?)
Hibernate: insert into webtoon (created_at,description,no_youth,publication_status,thumbnail,title,updated_at) values (?,?,?,?,?,?,?)
2024-03-29T17:51:08.224+09:00 DEBUG 2896 --- [    Test worker] org.hibernate.SQL                        : select pd1_0.publishing_day_id,pd1_0.created_at,pd1_0.day,pd1_0.updated_at from publishing_day pd1_0 where pd1_0.day=?
Hibernate: select pd1_0.publishing_day_id,pd1_0.created_at,pd1_0.day,pd1_0.updated_at from publishing_day pd1_0 where pd1_0.day=?
2024-03-29T17:51:08.228+09:00 DEBUG 2896 --- [    Test worker] org.hibernate.SQL                        : insert into webtoon_publishing_day (created_at,publishing_day_id,updated_at,webtoon_id) values (?,?,?,?)
Hibernate: insert into webtoon_publishing_day (created_at,publishing_day_id,updated_at,webtoon_id) values (?,?,?,?)
마님이네 미국 시골집 이야기
2024-03-29T17:51:08.237+09:00 DEBUG 2896 --- [    Test worker] org.hibernate.SQL                        : insert into webtoon (created_at,description,no_youth,publication_status,thumbnail,title,updated_at) values (?,?,?,?,?,?,?)
Hibernate: insert into webtoon (created_at,description,no_youth,publication_status,thumbnail,title,updated_at) values (?,?,?,?,?,?,?)
2024-03-29T17:51:08.248+09:00 DEBUG 2896 --- [    Test worker] org.hibernate.SQL                        : select pd1_0.publishing_day_id,pd1_0.created_at,pd1_0.day,pd1_0.updated_at from publishing_day pd1_0 where pd1_0.day=?
Hibernate: select pd1_0.publishing_day_id,pd1_0.created_at,pd1_0.day,pd1_0.updated_at from publishing_day pd1_0 where pd1_0.day=?
2024-03-29T17:51:08.252+09:00 DEBUG 2896 --- [    Test worker] org.hibernate.SQL                        : insert into webtoon_publishing_day (created_at,publishing_day_id,updated_at,webtoon_id) values (?,?,?,?)
Hibernate: insert into webtoon_publishing_day (created_at,publishing_day_id,updated_at,webtoon_id) values (?,?,?,?)
어린 상사
2024-03-29T17:51:08.261+09:00 DEBUG 2896 --- [    Test worker] org.hibernate.SQL                        : insert into webtoon (created_at,description,no_youth,publication_status,thumbnail,title,updated_at) values (?,?,?,?,?,?,?)
Hibernate: insert into webtoon (created_at,description,no_youth,publication_status,thumbnail,title,updated_at) values (?,?,?,?,?,?,?)
2024-03-29T17:51:08.270+09:00 DEBUG 2896 --- [    Test worker] org.hibernate.SQL                        : select pd1_0.publishing_day_id,pd1_0.created_at,pd1_0.day,pd1_0.updated_at from publishing_day pd1_0 where pd1_0.day=?
Hibernate: select pd1_0.publishing_day_id,pd1_0.created_at,pd1_0.day,pd1_0.updated_at from publishing_day pd1_0 where pd1_0.day=?
2024-03-29T17:51:08.273+09:00 DEBUG 2896 --- [    Test worker] org.hibernate.SQL                        : insert into webtoon_publishing_day (created_at,publishing_day_id,updated_at,webtoon_id) values (?,?,?,?)
Hibernate: insert into webtoon_publishing_day (created_at,publishing_day_id,updated_at,webtoon_id) values (?,?,?,?)
"안녕
2024-03-29T17:51:08.281+09:00 DEBUG 2896 --- [    Test worker] org.hibernate.SQL                        : insert into webtoon (created_at,description,no_youth,publication_status,thumbnail,title,updated_at) values (?,?,?,?,?,?,?)
Hibernate: insert into webtoon (created_at,description,no_youth,publication_status,thumbnail,title,updated_at) values (?,?,?,?,?,?,?)
2024-03-29T17:51:08.291+09:00 DEBUG 2896 --- [    Test worker] org.hibernate.SQL                        : select pd1_0.publishing_day_id,pd1_0.created_at,pd1_0.day,pd1_0.updated_at from publishing_day pd1_0 where pd1_0.day=?
Hibernate: select pd1_0.publishing_day_id,pd1_0.created_at,pd1_0.day,pd1_0.updated_at from publishing_day pd1_0 where pd1_0.day=?
2024-03-29T17:51:08.294+09:00 DEBUG 2896 --- [    Test worker] org.hibernate.SQL                        : insert into webtoon_publishing_day (created_at,publishing_day_id,updated_at,webtoon_id) values (?,?,?,?)
Hibernate: insert into webtoon_publishing_day (created_at,publishing_day_id,updated_at,webtoon_id) values (?,?,?,?)
나의 신은 욕망꾸러기
2024-03-29T17:51:08.304+09:00 DEBUG 2896 --- [    Test worker] org.hibernate.SQL                        : insert into webtoon (created_at,description,no_youth,publication_status,thumbnail,title,updated_at) values (?,?,?,?,?,?,?)
Hibernate: insert into webtoon (created_at,description,no_youth,publication_status,thumbnail,title,updated_at) values (?,?,?,?,?,?,?)
2024-03-29T17:51:08.314+09:00 DEBUG 2896 --- [    Test worker] org.hibernate.SQL                        : select pd1_0.publishing_day_id,pd1_0.created_at,pd1_0.day,pd1_0.updated_at from publishing_day pd1_0 where pd1_0.day=?
Hibernate: select pd1_0.publishing_day_id,pd1_0.created_at,pd1_0.day,pd1_0.updated_at from publishing_day pd1_0 where pd1_0.day=?
2024-03-29T17:51:08.318+09:00 DEBUG 2896 --- [    Test worker] org.hibernate.SQL                        : insert into webtoon_publishing_day (created_at,publishing_day_id,updated_at,webtoon_id) values (?,?,?,?)
Hibernate: insert into webtoon_publishing_day (created_at,publishing_day_id,updated_at,webtoon_id) values (?,?,?,?)
여명의 등불
2024-03-29T17:51:08.330+09:00 DEBUG 2896 --- [    Test worker] org.hibernate.SQL                        : insert into webtoon (created_at,description,no_youth,publication_status,thumbnail,title,updated_at) values (?,?,?,?,?,?,?)
Hibernate: insert into webtoon (created_at,description,no_youth,publication_status,thumbnail,title,updated_at) values (?,?,?,?,?,?,?)
2024-03-29T17:51:08.339+09:00 DEBUG 2896 --- [    Test worker] org.hibernate.SQL                        : select pd1_0.publishing_day_id,pd1_0.created_at,pd1_0.day,pd1_0.updated_at from publishing_day pd1_0 where pd1_0.day=?
Hibernate: select pd1_0.publishing_day_id,pd1_0.created_at,pd1_0.day,pd1_0.updated_at from publishing_day pd1_0 where pd1_0.day=?
2024-03-29T17:51:08.343+09:00 DEBUG 2896 --- [    Test worker] org.hibernate.SQL                        : insert into webtoon_publishing_day (created_at,publishing_day_id,updated_at,webtoon_id) values (?,?,?,?)
Hibernate: insert into webtoon_publishing_day (created_at,publishing_day_id,updated_at,webtoon_id) values (?,?,?,?)
닥터앤닥터 병원일기
2024-03-29T17:51:08.351+09:00 DEBUG 2896 --- [    Test worker] org.hibernate.SQL                        : insert into webtoon (created_at,description,no_youth,publication_status,thumbnail,title,updated_at) values (?,?,?,?,?,?,?)
Hibernate: insert into webtoon (created_at,description,no_youth,publication_status,thumbnail,title,updated_at) values (?,?,?,?,?,?,?)
2024-03-29T17:51:08.358+09:00 DEBUG 2896 --- [    Test worker] org.hibernate.SQL                        : select pd1_0.publishing_day_id,pd1_0.created_at,pd1_0.day,pd1_0.updated_at from publishing_day pd1_0 where pd1_0.day=?
Hibernate: select pd1_0.publishing_day_id,pd1_0.created_at,pd1_0.day,pd1_0.updated_at from publishing_day pd1_0 where pd1_0.day=?
2024-03-29T17:51:08.362+09:00 DEBUG 2896 --- [    Test worker] org.hibernate.SQL                        : insert into webtoon_publishing_day (created_at,publishing_day_id,updated_at,webtoon_id) values (?,?,?,?)
Hibernate: insert into webtoon_publishing_day (created_at,publishing_day_id,updated_at,webtoon_id) values (?,?,?,?)
망치하르방
2024-03-29T17:51:08.369+09:00 DEBUG 2896 --- [    Test worker] org.hibernate.SQL                        : insert into webtoon (created_at,description,no_youth,publication_status,thumbnail,title,updated_at) values (?,?,?,?,?,?,?)
Hibernate: insert into webtoon (created_at,description,no_youth,publication_status,thumbnail,title,updated_at) values (?,?,?,?,?,?,?)
2024-03-29T17:51:08.378+09:00 DEBUG 2896 --- [    Test worker] org.hibernate.SQL                        : select pd1_0.publishing_day_id,pd1_0.created_at,pd1_0.day,pd1_0.updated_at from publishing_day pd1_0 where pd1_0.day=?
Hibernate: select pd1_0.publishing_day_id,pd1_0.created_at,pd1_0.day,pd1_0.updated_at from publishing_day pd1_0 where pd1_0.day=?
2024-03-29T17:51:08.381+09:00 DEBUG 2896 --- [    Test worker] org.hibernate.SQL                        : insert into webtoon_publishing_day (created_at,publishing_day_id,updated_at,webtoon_id) values (?,?,?,?)
Hibernate: insert into webtoon_publishing_day (created_at,publishing_day_id,updated_at,webtoon_id) values (?,?,?,?)
캐슬2:만인지상
2024-03-29T17:51:08.389+09:00 DEBUG 2896 --- [    Test worker] org.hibernate.SQL                        : insert into webtoon (created_at,description,no_youth,publication_status,thumbnail,title,updated_at) values (?,?,?,?,?,?,?)
Hibernate: insert into webtoon (created_at,description,no_youth,publication_status,thumbnail,title,updated_at) values (?,?,?,?,?,?,?)
2024-03-29T17:51:08.398+09:00 DEBUG 2896 --- [    Test worker] org.hibernate.SQL                        : select pd1_0.publishing_day_id,pd1_0.created_at,pd1_0.day,pd1_0.updated_at from publishing_day pd1_0 where pd1_0.day=?
Hibernate: select pd1_0.publishing_day_id,pd1_0.created_at,pd1_0.day,pd1_0.updated_at from publishing_day pd1_0 where pd1_0.day=?
2024-03-29T17:51:08.401+09:00 DEBUG 2896 --- [    Test worker] org.hibernate.SQL                        : insert into webtoon_publishing_day (created_at,publishing_day_id,updated_at,webtoon_id) values (?,?,?,?)
Hibernate: insert into webtoon_publishing_day (created_at,publishing_day_id,updated_at,webtoon_id) values (?,?,?,?)
귀비나리
2024-03-29T17:51:08.409+09:00 DEBUG 2896 --- [    Test worker] org.hibernate.SQL                        : insert into webtoon (created_at,description,no_youth,publication_status,thumbnail,title,updated_at) values (?,?,?,?,?,?,?)
Hibernate: insert into webtoon (created_at,description,no_youth,publication_status,thumbnail,title,updated_at) values (?,?,?,?,?,?,?)
2024-03-29T17:51:08.419+09:00 DEBUG 2896 --- [    Test worker] org.hibernate.SQL                        : select pd1_0.publishing_day_id,pd1_0.created_at,pd1_0.day,pd1_0.updated_at from publishing_day pd1_0 where pd1_0.day=?
Hibernate: select pd1_0.publishing_day_id,pd1_0.created_at,pd1_0.day,pd1_0.updated_at from publishing_day pd1_0 where pd1_0.day=?
2024-03-29T17:51:08.423+09:00 DEBUG 2896 --- [    Test worker] org.hibernate.SQL                        : insert into webtoon_publishing_day (created_at,publishing_day_id,updated_at,webtoon_id) values (?,?,?,?)
Hibernate: insert into webtoon_publishing_day (created_at,publishing_day_id,updated_at,webtoon_id) values (?,?,?,?)
판타지 여동생!
2024-03-29T17:51:08.431+09:00 DEBUG 2896 --- [    Test worker] org.hibernate.SQL                        : insert into webtoon (created_at,description,no_youth,publication_status,thumbnail,title,updated_at) values (?,?,?,?,?,?,?)
Hibernate: insert into webtoon (created_at,description,no_youth,publication_status,thumbnail,title,updated_at) values (?,?,?,?,?,?,?)
2024-03-29T17:51:08.441+09:00 DEBUG 2896 --- [    Test worker] org.hibernate.SQL                        : select pd1_0.publishing_day_id,pd1_0.created_at,pd1_0.day,pd1_0.updated_at from publishing_day pd1_0 where pd1_0.day=?
Hibernate: select pd1_0.publishing_day_id,pd1_0.created_at,pd1_0.day,pd1_0.updated_at from publishing_day pd1_0 where pd1_0.day=?
2024-03-29T17:51:08.445+09:00 DEBUG 2896 --- [    Test worker] org.hibernate.SQL                        : insert into webtoon_publishing_day (created_at,publishing_day_id,updated_at,webtoon_id) values (?,?,?,?)
Hibernate: insert into webtoon_publishing_day (created_at,publishing_day_id,updated_at,webtoon_id) values (?,?,?,?)
사천당가의 검신급 소가주가 되었다
2024-03-29T17:51:08.454+09:00 DEBUG 2896 --- [    Test worker] org.hibernate.SQL                        : insert into webtoon (created_at,description,no_youth,publication_status,thumbnail,title,updated_at) values (?,?,?,?,?,?,?)
Hibernate: insert into webtoon (created_at,description,no_youth,publication_status,thumbnail,title,updated_at) values (?,?,?,?,?,?,?)
2024-03-29T17:51:08.463+09:00 DEBUG 2896 --- [    Test worker] org.hibernate.SQL                        : select pd1_0.publishing_day_id,pd1_0.created_at,pd1_0.day,pd1_0.updated_at from publishing_day pd1_0 where pd1_0.day=?
Hibernate: select pd1_0.publishing_day_id,pd1_0.created_at,pd1_0.day,pd1_0.updated_at from publishing_day pd1_0 where pd1_0.day=?
2024-03-29T17:51:08.465+09:00 DEBUG 2896 --- [    Test worker] org.hibernate.SQL                        : insert into webtoon_publishing_day (created_at,publishing_day_id,updated_at,webtoon_id) values (?,?,?,?)
Hibernate: insert into webtoon_publishing_day (created_at,publishing_day_id,updated_at,webtoon_id) values (?,?,?,?)
언덕 위의 제임스
2024-03-29T17:51:08.475+09:00 DEBUG 2896 --- [    Test worker] org.hibernate.SQL                        : insert into webtoon (created_at,description,no_youth,publication_status,thumbnail,title,updated_at) values (?,?,?,?,?,?,?)
Hibernate: insert into webtoon (created_at,description,no_youth,publication_status,thumbnail,title,updated_at) values (?,?,?,?,?,?,?)
2024-03-29T17:51:08.483+09:00 DEBUG 2896 --- [    Test worker] org.hibernate.SQL                        : select pd1_0.publishing_day_id,pd1_0.created_at,pd1_0.day,pd1_0.updated_at from publishing_day pd1_0 where pd1_0.day=?
Hibernate: select pd1_0.publishing_day_id,pd1_0.created_at,pd1_0.day,pd1_0.updated_at from publishing_day pd1_0 where pd1_0.day=?
2024-03-29T17:51:08.487+09:00 DEBUG 2896 --- [    Test worker] org.hibernate.SQL                        : insert into webtoon_publishing_day (created_at,publishing_day_id,updated_at,webtoon_id) values (?,?,?,?)
Hibernate: insert into webtoon_publishing_day (created_at,publishing_day_id,updated_at,webtoon_id) values (?,?,?,?)
칼부림
2024-03-29T17:51:08.495+09:00 DEBUG 2896 --- [    Test worker] org.hibernate.SQL                        : insert into webtoon (created_at,description,no_youth,publication_status,thumbnail,title,updated_at) values (?,?,?,?,?,?,?)
Hibernate: insert into webtoon (created_at,description,no_youth,publication_status,thumbnail,title,updated_at) values (?,?,?,?,?,?,?)
2024-03-29T17:51:08.505+09:00 DEBUG 2896 --- [    Test worker] org.hibernate.SQL                        : select pd1_0.publishing_day_id,pd1_0.created_at,pd1_0.day,pd1_0.updated_at from publishing_day pd1_0 where pd1_0.day=?
Hibernate: select pd1_0.publishing_day_id,pd1_0.created_at,pd1_0.day,pd1_0.updated_at from publishing_day pd1_0 where pd1_0.day=?
2024-03-29T17:51:08.508+09:00 DEBUG 2896 --- [    Test worker] org.hibernate.SQL                        : insert into webtoon_publishing_day (created_at,publishing_day_id,updated_at,webtoon_id) values (?,?,?,?)
Hibernate: insert into webtoon_publishing_day (created_at,publishing_day_id,updated_at,webtoon_id) values (?,?,?,?)
뽀대작렬
2024-03-29T17:51:08.516+09:00 DEBUG 2896 --- [    Test worker] org.hibernate.SQL                        : insert into webtoon (created_at,description,no_youth,publication_status,thumbnail,title,updated_at) values (?,?,?,?,?,?,?)
Hibernate: insert into webtoon (created_at,description,no_youth,publication_status,thumbnail,title,updated_at) values (?,?,?,?,?,?,?)
2024-03-29T17:51:08.524+09:00 DEBUG 2896 --- [    Test worker] org.hibernate.SQL                        : select pd1_0.publishing_day_id,pd1_0.created_at,pd1_0.day,pd1_0.updated_at from publishing_day pd1_0 where pd1_0.day=?
Hibernate: select pd1_0.publishing_day_id,pd1_0.created_at,pd1_0.day,pd1_0.updated_at from publishing_day pd1_0 where pd1_0.day=?
2024-03-29T17:51:08.527+09:00 DEBUG 2896 --- [    Test worker] org.hibernate.SQL                        : insert into webtoon_publishing_day (created_at,publishing_day_id,updated_at,webtoon_id) values (?,?,?,?)
Hibernate: insert into webtoon_publishing_day (created_at,publishing_day_id,updated_at,webtoon_id) values (?,?,?,?)
두 번 사는 프로듀서
2024-03-29T17:51:08.534+09:00 DEBUG 2896 --- [    Test worker] org.hibernate.SQL                        : insert into webtoon (created_at,description,no_youth,publication_status,thumbnail,title,updated_at) values (?,?,?,?,?,?,?)
Hibernate: insert into webtoon (created_at,description,no_youth,publication_status,thumbnail,title,updated_at) values (?,?,?,?,?,?,?)
2024-03-29T17:51:08.542+09:00 DEBUG 2896 --- [    Test worker] org.hibernate.SQL                        : select pd1_0.publishing_day_id,pd1_0.created_at,pd1_0.day,pd1_0.updated_at from publishing_day pd1_0 where pd1_0.day=?
Hibernate: select pd1_0.publishing_day_id,pd1_0.created_at,pd1_0.day,pd1_0.updated_at from publishing_day pd1_0 where pd1_0.day=?
2024-03-29T17:51:08.545+09:00 DEBUG 2896 --- [    Test worker] org.hibernate.SQL                        : insert into webtoon_publishing_day (created_at,publishing_day_id,updated_at,webtoon_id) values (?,?,?,?)
Hibernate: insert into webtoon_publishing_day (created_at,publishing_day_id,updated_at,webtoon_id) values (?,?,?,?)
결혼 시뮬레이션
2024-03-29T17:51:08.552+09:00 DEBUG 2896 --- [    Test worker] org.hibernate.SQL                        : insert into webtoon (created_at,description,no_youth,publication_status,thumbnail,title,updated_at) values (?,?,?,?,?,?,?)
Hibernate: insert into webtoon (created_at,description,no_youth,publication_status,thumbnail,title,updated_at) values (?,?,?,?,?,?,?)
2024-03-29T17:51:08.562+09:00 DEBUG 2896 --- [    Test worker] org.hibernate.SQL                        : select pd1_0.publishing_day_id,pd1_0.created_at,pd1_0.day,pd1_0.updated_at from publishing_day pd1_0 where pd1_0.day=?
Hibernate: select pd1_0.publishing_day_id,pd1_0.created_at,pd1_0.day,pd1_0.updated_at from publishing_day pd1_0 where pd1_0.day=?
2024-03-29T17:51:08.564+09:00 DEBUG 2896 --- [    Test worker] org.hibernate.SQL                        : insert into webtoon_publishing_day (created_at,publishing_day_id,updated_at,webtoon_id) values (?,?,?,?)
Hibernate: insert into webtoon_publishing_day (created_at,publishing_day_id,updated_at,webtoon_id) values (?,?,?,?)
겨울 정원의 하와르
2024-03-29T17:51:08.571+09:00 DEBUG 2896 --- [    Test worker] org.hibernate.SQL                        : insert into webtoon (created_at,description,no_youth,publication_status,thumbnail,title,updated_at) values (?,?,?,?,?,?,?)
Hibernate: insert into webtoon (created_at,description,no_youth,publication_status,thumbnail,title,updated_at) values (?,?,?,?,?,?,?)
2024-03-29T17:51:08.578+09:00 DEBUG 2896 --- [    Test worker] org.hibernate.SQL                        : select pd1_0.publishing_day_id,pd1_0.created_at,pd1_0.day,pd1_0.updated_at from publishing_day pd1_0 where pd1_0.day=?
Hibernate: select pd1_0.publishing_day_id,pd1_0.created_at,pd1_0.day,pd1_0.updated_at from publishing_day pd1_0 where pd1_0.day=?
2024-03-29T17:51:08.581+09:00 DEBUG 2896 --- [    Test worker] org.hibernate.SQL                        : insert into webtoon_publishing_day (created_at,publishing_day_id,updated_at,webtoon_id) values (?,?,?,?)
Hibernate: insert into webtoon_publishing_day (created_at,publishing_day_id,updated_at,webtoon_id) values (?,?,?,?)
수요웹툰의 나강림
2024-03-29T17:51:08.589+09:00 DEBUG 2896 --- [    Test worker] org.hibernate.SQL                        : insert into webtoon (created_at,description,no_youth,publication_status,thumbnail,title,updated_at) values (?,?,?,?,?,?,?)
Hibernate: insert into webtoon (created_at,description,no_youth,publication_status,thumbnail,title,updated_at) values (?,?,?,?,?,?,?)
2024-03-29T17:51:08.598+09:00 DEBUG 2896 --- [    Test worker] org.hibernate.SQL                        : select pd1_0.publishing_day_id,pd1_0.created_at,pd1_0.day,pd1_0.updated_at from publishing_day pd1_0 where pd1_0.day=?
Hibernate: select pd1_0.publishing_day_id,pd1_0.created_at,pd1_0.day,pd1_0.updated_at from publishing_day pd1_0 where pd1_0.day=?
2024-03-29T17:51:08.602+09:00 DEBUG 2896 --- [    Test worker] org.hibernate.SQL                        : insert into webtoon_publishing_day (created_at,publishing_day_id,updated_at,webtoon_id) values (?,?,?,?)
Hibernate: insert into webtoon_publishing_day (created_at,publishing_day_id,updated_at,webtoon_id) values (?,?,?,?)
마침표의 유예기간
2024-03-29T17:51:08.609+09:00 DEBUG 2896 --- [    Test worker] org.hibernate.SQL                        : insert into webtoon (created_at,description,no_youth,publication_status,thumbnail,title,updated_at) values (?,?,?,?,?,?,?)
Hibernate: insert into webtoon (created_at,description,no_youth,publication_status,thumbnail,title,updated_at) values (?,?,?,?,?,?,?)
2024-03-29T17:51:08.618+09:00 DEBUG 2896 --- [    Test worker] org.hibernate.SQL                        : select pd1_0.publishing_day_id,pd1_0.created_at,pd1_0.day,pd1_0.updated_at from publishing_day pd1_0 where pd1_0.day=?
Hibernate: select pd1_0.publishing_day_id,pd1_0.created_at,pd1_0.day,pd1_0.updated_at from publishing_day pd1_0 where pd1_0.day=?
2024-03-29T17:51:08.621+09:00 DEBUG 2896 --- [    Test worker] org.hibernate.SQL                        : insert into webtoon_publishing_day (created_at,publishing_day_id,updated_at,webtoon_id) values (?,?,?,?)
Hibernate: insert into webtoon_publishing_day (created_at,publishing_day_id,updated_at,webtoon_id) values (?,?,?,?)
괴물공작의 딸
2024-03-29T17:51:08.629+09:00 DEBUG 2896 --- [    Test worker] org.hibernate.SQL                        : insert into webtoon (created_at,description,no_youth,publication_status,thumbnail,title,updated_at) values (?,?,?,?,?,?,?)
Hibernate: insert into webtoon (created_at,description,no_youth,publication_status,thumbnail,title,updated_at) values (?,?,?,?,?,?,?)
2024-03-29T17:51:08.638+09:00 DEBUG 2896 --- [    Test worker] org.hibernate.SQL                        : select pd1_0.publishing_day_id,pd1_0.created_at,pd1_0.day,pd1_0.updated_at from publishing_day pd1_0 where pd1_0.day=?
Hibernate: select pd1_0.publishing_day_id,pd1_0.created_at,pd1_0.day,pd1_0.updated_at from publishing_day pd1_0 where pd1_0.day=?
2024-03-29T17:51:08.642+09:00 DEBUG 2896 --- [    Test worker] org.hibernate.SQL                        : insert into webtoon_publishing_day (created_at,publishing_day_id,updated_at,webtoon_id) values (?,?,?,?)
Hibernate: insert into webtoon_publishing_day (created_at,publishing_day_id,updated_at,webtoon_id) values (?,?,?,?)
수인 보호소에서 남주를 입양해 버렸다
2024-03-29T17:51:08.650+09:00 DEBUG 2896 --- [    Test worker] org.hibernate.SQL                        : insert into webtoon (created_at,description,no_youth,publication_status,thumbnail,title,updated_at) values (?,?,?,?,?,?,?)
Hibernate: insert into webtoon (created_at,description,no_youth,publication_status,thumbnail,title,updated_at) values (?,?,?,?,?,?,?)
2024-03-29T17:51:08.658+09:00 DEBUG 2896 --- [    Test worker] org.hibernate.SQL                        : select pd1_0.publishing_day_id,pd1_0.created_at,pd1_0.day,pd1_0.updated_at from publishing_day pd1_0 where pd1_0.day=?
Hibernate: select pd1_0.publishing_day_id,pd1_0.created_at,pd1_0.day,pd1_0.updated_at from publishing_day pd1_0 where pd1_0.day=?
2024-03-29T17:51:08.662+09:00 DEBUG 2896 --- [    Test worker] org.hibernate.SQL                        : insert into webtoon_publishing_day (created_at,publishing_day_id,updated_at,webtoon_id) values (?,?,?,?)
Hibernate: insert into webtoon_publishing_day (created_at,publishing_day_id,updated_at,webtoon_id) values (?,?,?,?)
변방의 외노자
2024-03-29T17:51:08.670+09:00 DEBUG 2896 --- [    Test worker] org.hibernate.SQL                        : insert into webtoon (created_at,description,no_youth,publication_status,thumbnail,title,updated_at) values (?,?,?,?,?,?,?)
Hibernate: insert into webtoon (created_at,description,no_youth,publication_status,thumbnail,title,updated_at) values (?,?,?,?,?,?,?)
2024-03-29T17:51:08.680+09:00 DEBUG 2896 --- [    Test worker] org.hibernate.SQL                        : select pd1_0.publishing_day_id,pd1_0.created_at,pd1_0.day,pd1_0.updated_at from publishing_day pd1_0 where pd1_0.day=?
Hibernate: select pd1_0.publishing_day_id,pd1_0.created_at,pd1_0.day,pd1_0.updated_at from publishing_day pd1_0 where pd1_0.day=?
2024-03-29T17:51:08.684+09:00 DEBUG 2896 --- [    Test worker] org.hibernate.SQL                        : insert into webtoon_publishing_day (created_at,publishing_day_id,updated_at,webtoon_id) values (?,?,?,?)
Hibernate: insert into webtoon_publishing_day (created_at,publishing_day_id,updated_at,webtoon_id) values (?,?,?,?)
좀간
2024-03-29T17:51:08.691+09:00 DEBUG 2896 --- [    Test worker] org.hibernate.SQL                        : insert into webtoon (created_at,description,no_youth,publication_status,thumbnail,title,updated_at) values (?,?,?,?,?,?,?)
Hibernate: insert into webtoon (created_at,description,no_youth,publication_status,thumbnail,title,updated_at) values (?,?,?,?,?,?,?)
2024-03-29T17:51:08.702+09:00 DEBUG 2896 --- [    Test worker] org.hibernate.SQL                        : select pd1_0.publishing_day_id,pd1_0.created_at,pd1_0.day,pd1_0.updated_at from publishing_day pd1_0 where pd1_0.day=?
Hibernate: select pd1_0.publishing_day_id,pd1_0.created_at,pd1_0.day,pd1_0.updated_at from publishing_day pd1_0 where pd1_0.day=?
2024-03-29T17:51:08.705+09:00 DEBUG 2896 --- [    Test worker] org.hibernate.SQL                        : insert into webtoon_publishing_day (created_at,publishing_day_id,updated_at,webtoon_id) values (?,?,?,?)
Hibernate: insert into webtoon_publishing_day (created_at,publishing_day_id,updated_at,webtoon_id) values (?,?,?,?)
하렘의 남자들
2024-03-29T17:51:08.713+09:00 DEBUG 2896 --- [    Test worker] org.hibernate.SQL                        : insert into webtoon (created_at,description,no_youth,publication_status,thumbnail,title,updated_at) values (?,?,?,?,?,?,?)
Hibernate: insert into webtoon (created_at,description,no_youth,publication_status,thumbnail,title,updated_at) values (?,?,?,?,?,?,?)
2024-03-29T17:51:08.721+09:00 DEBUG 2896 --- [    Test worker] org.hibernate.SQL                        : select pd1_0.publishing_day_id,pd1_0.created_at,pd1_0.day,pd1_0.updated_at from publishing_day pd1_0 where pd1_0.day=?
Hibernate: select pd1_0.publishing_day_id,pd1_0.created_at,pd1_0.day,pd1_0.updated_at from publishing_day pd1_0 where pd1_0.day=?
2024-03-29T17:51:08.724+09:00 DEBUG 2896 --- [    Test worker] org.hibernate.SQL                        : insert into webtoon_publishing_day (created_at,publishing_day_id,updated_at,webtoon_id) values (?,?,?,?)
Hibernate: insert into webtoon_publishing_day (created_at,publishing_day_id,updated_at,webtoon_id) values (?,?,?,?)
돌아온 쿠쿠짱
2024-03-29T17:51:08.731+09:00 DEBUG 2896 --- [    Test worker] org.hibernate.SQL                        : insert into webtoon (created_at,description,no_youth,publication_status,thumbnail,title,updated_at) values (?,?,?,?,?,?,?)
Hibernate: insert into webtoon (created_at,description,no_youth,publication_status,thumbnail,title,updated_at) values (?,?,?,?,?,?,?)
2024-03-29T17:51:08.739+09:00 DEBUG 2896 --- [    Test worker] org.hibernate.SQL                        : select pd1_0.publishing_day_id,pd1_0.created_at,pd1_0.day,pd1_0.updated_at from publishing_day pd1_0 where pd1_0.day=?
Hibernate: select pd1_0.publishing_day_id,pd1_0.created_at,pd1_0.day,pd1_0.updated_at from publishing_day pd1_0 where pd1_0.day=?
2024-03-29T17:51:08.741+09:00 DEBUG 2896 --- [    Test worker] org.hibernate.SQL                        : insert into webtoon_publishing_day (created_at,publishing_day_id,updated_at,webtoon_id) values (?,?,?,?)
Hibernate: insert into webtoon_publishing_day (created_at,publishing_day_id,updated_at,webtoon_id) values (?,?,?,?)
에브리띵 이즈 파인
2024-03-29T17:51:08.750+09:00 DEBUG 2896 --- [    Test worker] org.hibernate.SQL                        : insert into webtoon (created_at,description,no_youth,publication_status,thumbnail,title,updated_at) values (?,?,?,?,?,?,?)
Hibernate: insert into webtoon (created_at,description,no_youth,publication_status,thumbnail,title,updated_at) values (?,?,?,?,?,?,?)
2024-03-29T17:51:08.757+09:00 DEBUG 2896 --- [    Test worker] org.hibernate.SQL                        : select pd1_0.publishing_day_id,pd1_0.created_at,pd1_0.day,pd1_0.updated_at from publishing_day pd1_0 where pd1_0.day=?
Hibernate: select pd1_0.publishing_day_id,pd1_0.created_at,pd1_0.day,pd1_0.updated_at from publishing_day pd1_0 where pd1_0.day=?
2024-03-29T17:51:08.761+09:00 DEBUG 2896 --- [    Test worker] org.hibernate.SQL                        : insert into webtoon_publishing_day (created_at,publishing_day_id,updated_at,webtoon_id) values (?,?,?,?)
Hibernate: insert into webtoon_publishing_day (created_at,publishing_day_id,updated_at,webtoon_id) values (?,?,?,?)
연애일기
2024-03-29T17:51:08.768+09:00 DEBUG 2896 --- [    Test worker] org.hibernate.SQL                        : insert into webtoon (created_at,description,no_youth,publication_status,thumbnail,title,updated_at) values (?,?,?,?,?,?,?)
Hibernate: insert into webtoon (created_at,description,no_youth,publication_status,thumbnail,title,updated_at) values (?,?,?,?,?,?,?)
2024-03-29T17:51:08.776+09:00 DEBUG 2896 --- [    Test worker] org.hibernate.SQL                        : select pd1_0.publishing_day_id,pd1_0.created_at,pd1_0.day,pd1_0.updated_at from publishing_day pd1_0 where pd1_0.day=?
Hibernate: select pd1_0.publishing_day_id,pd1_0.created_at,pd1_0.day,pd1_0.updated_at from publishing_day pd1_0 where pd1_0.day=?
2024-03-29T17:51:08.779+09:00 DEBUG 2896 --- [    Test worker] org.hibernate.SQL                        : insert into webtoon_publishing_day (created_at,publishing_day_id,updated_at,webtoon_id) values (?,?,?,?)
Hibernate: insert into webtoon_publishing_day (created_at,publishing_day_id,updated_at,webtoon_id) values (?,?,?,?)
강아지는 멍멍하고 짖지 않아!
2024-03-29T17:51:08.786+09:00 DEBUG 2896 --- [    Test worker] org.hibernate.SQL                        : insert into webtoon (created_at,description,no_youth,publication_status,thumbnail,title,updated_at) values (?,?,?,?,?,?,?)
Hibernate: insert into webtoon (created_at,description,no_youth,publication_status,thumbnail,title,updated_at) values (?,?,?,?,?,?,?)
2024-03-29T17:51:08.794+09:00 DEBUG 2896 --- [    Test worker] org.hibernate.SQL                        : select pd1_0.publishing_day_id,pd1_0.created_at,pd1_0.day,pd1_0.updated_at from publishing_day pd1_0 where pd1_0.day=?
Hibernate: select pd1_0.publishing_day_id,pd1_0.created_at,pd1_0.day,pd1_0.updated_at from publishing_day pd1_0 where pd1_0.day=?
2024-03-29T17:51:08.797+09:00 DEBUG 2896 --- [    Test worker] org.hibernate.SQL                        : insert into webtoon_publishing_day (created_at,publishing_day_id,updated_at,webtoon_id) values (?,?,?,?)
Hibernate: insert into webtoon_publishing_day (created_at,publishing_day_id,updated_at,webtoon_id) values (?,?,?,?)
나를 낳아줘
2024-03-29T17:51:08.805+09:00 DEBUG 2896 --- [    Test worker] org.hibernate.SQL                        : insert into webtoon (created_at,description,no_youth,publication_status,thumbnail,title,updated_at) values (?,?,?,?,?,?,?)
Hibernate: insert into webtoon (created_at,description,no_youth,publication_status,thumbnail,title,updated_at) values (?,?,?,?,?,?,?)
2024-03-29T17:51:08.813+09:00 DEBUG 2896 --- [    Test worker] org.hibernate.SQL                        : select pd1_0.publishing_day_id,pd1_0.created_at,pd1_0.day,pd1_0.updated_at from publishing_day pd1_0 where pd1_0.day=?
Hibernate: select pd1_0.publishing_day_id,pd1_0.created_at,pd1_0.day,pd1_0.updated_at from publishing_day pd1_0 where pd1_0.day=?
2024-03-29T17:51:08.816+09:00 DEBUG 2896 --- [    Test worker] org.hibernate.SQL                        : insert into webtoon_publishing_day (created_at,publishing_day_id,updated_at,webtoon_id) values (?,?,?,?)
Hibernate: insert into webtoon_publishing_day (created_at,publishing_day_id,updated_at,webtoon_id) values (?,?,?,?)
말숙이를 부탁해
2024-03-29T17:51:08.824+09:00 DEBUG 2896 --- [    Test worker] org.hibernate.SQL                        : insert into webtoon (created_at,description,no_youth,publication_status,thumbnail,title,updated_at) values (?,?,?,?,?,?,?)
Hibernate: insert into webtoon (created_at,description,no_youth,publication_status,thumbnail,title,updated_at) values (?,?,?,?,?,?,?)
2024-03-29T17:51:08.832+09:00 DEBUG 2896 --- [    Test worker] org.hibernate.SQL                        : select pd1_0.publishing_day_id,pd1_0.created_at,pd1_0.day,pd1_0.updated_at from publishing_day pd1_0 where pd1_0.day=?
Hibernate: select pd1_0.publishing_day_id,pd1_0.created_at,pd1_0.day,pd1_0.updated_at from publishing_day pd1_0 where pd1_0.day=?
2024-03-29T17:51:08.837+09:00 DEBUG 2896 --- [    Test worker] org.hibernate.SQL                        : insert into webtoon_publishing_day (created_at,publishing_day_id,updated_at,webtoon_id) values (?,?,?,?)
Hibernate: insert into webtoon_publishing_day (created_at,publishing_day_id,updated_at,webtoon_id) values (?,?,?,?)
신입은 낮져밤이
2024-03-29T17:51:08.844+09:00 DEBUG 2896 --- [    Test worker] org.hibernate.SQL                        : insert into webtoon (created_at,description,no_youth,publication_status,thumbnail,title,updated_at) values (?,?,?,?,?,?,?)
Hibernate: insert into webtoon (created_at,description,no_youth,publication_status,thumbnail,title,updated_at) values (?,?,?,?,?,?,?)
2024-03-29T17:51:08.852+09:00 DEBUG 2896 --- [    Test worker] org.hibernate.SQL                        : select pd1_0.publishing_day_id,pd1_0.created_at,pd1_0.day,pd1_0.updated_at from publishing_day pd1_0 where pd1_0.day=?
Hibernate: select pd1_0.publishing_day_id,pd1_0.created_at,pd1_0.day,pd1_0.updated_at from publishing_day pd1_0 where pd1_0.day=?
2024-03-29T17:51:08.855+09:00 DEBUG 2896 --- [    Test worker] org.hibernate.SQL                        : insert into webtoon_publishing_day (created_at,publishing_day_id,updated_at,webtoon_id) values (?,?,?,?)
Hibernate: insert into webtoon_publishing_day (created_at,publishing_day_id,updated_at,webtoon_id) values (?,?,?,?)
누가 나를 죽였을까
2024-03-29T17:51:08.863+09:00 DEBUG 2896 --- [    Test worker] org.hibernate.SQL                        : insert into webtoon (created_at,description,no_youth,publication_status,thumbnail,title,updated_at) values (?,?,?,?,?,?,?)
Hibernate: insert into webtoon (created_at,description,no_youth,publication_status,thumbnail,title,updated_at) values (?,?,?,?,?,?,?)
2024-03-29T17:51:08.873+09:00 DEBUG 2896 --- [    Test worker] org.hibernate.SQL                        : select pd1_0.publishing_day_id,pd1_0.created_at,pd1_0.day,pd1_0.updated_at from publishing_day pd1_0 where pd1_0.day=?
Hibernate: select pd1_0.publishing_day_id,pd1_0.created_at,pd1_0.day,pd1_0.updated_at from publishing_day pd1_0 where pd1_0.day=?
2024-03-29T17:51:08.876+09:00 DEBUG 2896 --- [    Test worker] org.hibernate.SQL                        : insert into webtoon_publishing_day (created_at,publishing_day_id,updated_at,webtoon_id) values (?,?,?,?)
Hibernate: insert into webtoon_publishing_day (created_at,publishing_day_id,updated_at,webtoon_id) values (?,?,?,?)
용한소녀
2024-03-29T17:51:08.885+09:00 DEBUG 2896 --- [    Test worker] org.hibernate.SQL                        : insert into webtoon (created_at,description,no_youth,publication_status,thumbnail,title,updated_at) values (?,?,?,?,?,?,?)
Hibernate: insert into webtoon (created_at,description,no_youth,publication_status,thumbnail,title,updated_at) values (?,?,?,?,?,?,?)
2024-03-29T17:51:08.893+09:00 DEBUG 2896 --- [    Test worker] org.hibernate.SQL                        : select pd1_0.publishing_day_id,pd1_0.created_at,pd1_0.day,pd1_0.updated_at from publishing_day pd1_0 where pd1_0.day=?
Hibernate: select pd1_0.publishing_day_id,pd1_0.created_at,pd1_0.day,pd1_0.updated_at from publishing_day pd1_0 where pd1_0.day=?
2024-03-29T17:51:08.896+09:00 DEBUG 2896 --- [    Test worker] org.hibernate.SQL                        : insert into webtoon_publishing_day (created_at,publishing_day_id,updated_at,webtoon_id) values (?,?,?,?)
Hibernate: insert into webtoon_publishing_day (created_at,publishing_day_id,updated_at,webtoon_id) values (?,?,?,?)
짝사랑은 결혼으로 끝나지 않는다
2024-03-29T17:51:08.905+09:00 DEBUG 2896 --- [    Test worker] org.hibernate.SQL                        : insert into webtoon (created_at,description,no_youth,publication_status,thumbnail,title,updated_at) values (?,?,?,?,?,?,?)
Hibernate: insert into webtoon (created_at,description,no_youth,publication_status,thumbnail,title,updated_at) values (?,?,?,?,?,?,?)
2024-03-29T17:51:08.914+09:00 DEBUG 2896 --- [    Test worker] org.hibernate.SQL                        : select pd1_0.publishing_day_id,pd1_0.created_at,pd1_0.day,pd1_0.updated_at from publishing_day pd1_0 where pd1_0.day=?
Hibernate: select pd1_0.publishing_day_id,pd1_0.created_at,pd1_0.day,pd1_0.updated_at from publishing_day pd1_0 where pd1_0.day=?
2024-03-29T17:51:08.918+09:00 DEBUG 2896 --- [    Test worker] org.hibernate.SQL                        : insert into webtoon_publishing_day (created_at,publishing_day_id,updated_at,webtoon_id) values (?,?,?,?)
Hibernate: insert into webtoon_publishing_day (created_at,publishing_day_id,updated_at,webtoon_id) values (?,?,?,?)
영웅&마왕&악당
2024-03-29T17:51:08.928+09:00 DEBUG 2896 --- [    Test worker] org.hibernate.SQL                        : insert into webtoon (created_at,description,no_youth,publication_status,thumbnail,title,updated_at) values (?,?,?,?,?,?,?)
Hibernate: insert into webtoon (created_at,description,no_youth,publication_status,thumbnail,title,updated_at) values (?,?,?,?,?,?,?)
2024-03-29T17:51:08.939+09:00 DEBUG 2896 --- [    Test worker] org.hibernate.SQL                        : select pd1_0.publishing_day_id,pd1_0.created_at,pd1_0.day,pd1_0.updated_at from publishing_day pd1_0 where pd1_0.day=?
Hibernate: select pd1_0.publishing_day_id,pd1_0.created_at,pd1_0.day,pd1_0.updated_at from publishing_day pd1_0 where pd1_0.day=?
2024-03-29T17:51:08.944+09:00 DEBUG 2896 --- [    Test worker] org.hibernate.SQL                        : insert into webtoon_publishing_day (created_at,publishing_day_id,updated_at,webtoon_id) values (?,?,?,?)
Hibernate: insert into webtoon_publishing_day (created_at,publishing_day_id,updated_at,webtoon_id) values (?,?,?,?)
선배는 나빠요!
2024-03-29T17:51:08.955+09:00 DEBUG 2896 --- [    Test worker] org.hibernate.SQL                        : insert into webtoon (created_at,description,no_youth,publication_status,thumbnail,title,updated_at) values (?,?,?,?,?,?,?)
Hibernate: insert into webtoon (created_at,description,no_youth,publication_status,thumbnail,title,updated_at) values (?,?,?,?,?,?,?)
2024-03-29T17:51:08.964+09:00 DEBUG 2896 --- [    Test worker] org.hibernate.SQL                        : select pd1_0.publishing_day_id,pd1_0.created_at,pd1_0.day,pd1_0.updated_at from publishing_day pd1_0 where pd1_0.day=?
Hibernate: select pd1_0.publishing_day_id,pd1_0.created_at,pd1_0.day,pd1_0.updated_at from publishing_day pd1_0 where pd1_0.day=?
2024-03-29T17:51:08.968+09:00 DEBUG 2896 --- [    Test worker] org.hibernate.SQL                        : insert into webtoon_publishing_day (created_at,publishing_day_id,updated_at,webtoon_id) values (?,?,?,?)
Hibernate: insert into webtoon_publishing_day (created_at,publishing_day_id,updated_at,webtoon_id) values (?,?,?,?)
두꺼비집
2024-03-29T17:51:08.974+09:00 DEBUG 2896 --- [    Test worker] org.hibernate.SQL                        : insert into webtoon (created_at,description,no_youth,publication_status,thumbnail,title,updated_at) values (?,?,?,?,?,?,?)
Hibernate: insert into webtoon (created_at,description,no_youth,publication_status,thumbnail,title,updated_at) values (?,?,?,?,?,?,?)
2024-03-29T17:51:08.981+09:00 DEBUG 2896 --- [    Test worker] org.hibernate.SQL                        : select pd1_0.publishing_day_id,pd1_0.created_at,pd1_0.day,pd1_0.updated_at from publishing_day pd1_0 where pd1_0.day=?
Hibernate: select pd1_0.publishing_day_id,pd1_0.created_at,pd1_0.day,pd1_0.updated_at from publishing_day pd1_0 where pd1_0.day=?
2024-03-29T17:51:08.984+09:00 DEBUG 2896 --- [    Test worker] org.hibernate.SQL                        : insert into webtoon_publishing_day (created_at,publishing_day_id,updated_at,webtoon_id) values (?,?,?,?)
Hibernate: insert into webtoon_publishing_day (created_at,publishing_day_id,updated_at,webtoon_id) values (?,?,?,?)
산타 스카우트
2024-03-29T17:51:08.992+09:00 DEBUG 2896 --- [    Test worker] org.hibernate.SQL                        : insert into webtoon (created_at,description,no_youth,publication_status,thumbnail,title,updated_at) values (?,?,?,?,?,?,?)
Hibernate: insert into webtoon (created_at,description,no_youth,publication_status,thumbnail,title,updated_at) values (?,?,?,?,?,?,?)
2024-03-29T17:51:09.000+09:00 DEBUG 2896 --- [    Test worker] org.hibernate.SQL                        : select pd1_0.publishing_day_id,pd1_0.created_at,pd1_0.day,pd1_0.updated_at from publishing_day pd1_0 where pd1_0.day=?
Hibernate: select pd1_0.publishing_day_id,pd1_0.created_at,pd1_0.day,pd1_0.updated_at from publishing_day pd1_0 where pd1_0.day=?
2024-03-29T17:51:09.003+09:00 DEBUG 2896 --- [    Test worker] org.hibernate.SQL                        : insert into webtoon_publishing_day (created_at,publishing_day_id,updated_at,webtoon_id) values (?,?,?,?)
Hibernate: insert into webtoon_publishing_day (created_at,publishing_day_id,updated_at,webtoon_id) values (?,?,?,?)
쇼윈도 탈출
2024-03-29T17:51:09.012+09:00 DEBUG 2896 --- [    Test worker] org.hibernate.SQL                        : insert into webtoon (created_at,description,no_youth,publication_status,thumbnail,title,updated_at) values (?,?,?,?,?,?,?)
Hibernate: insert into webtoon (created_at,description,no_youth,publication_status,thumbnail,title,updated_at) values (?,?,?,?,?,?,?)
2024-03-29T17:51:09.021+09:00 DEBUG 2896 --- [    Test worker] org.hibernate.SQL                        : select pd1_0.publishing_day_id,pd1_0.created_at,pd1_0.day,pd1_0.updated_at from publishing_day pd1_0 where pd1_0.day=?
Hibernate: select pd1_0.publishing_day_id,pd1_0.created_at,pd1_0.day,pd1_0.updated_at from publishing_day pd1_0 where pd1_0.day=?
2024-03-29T17:51:09.024+09:00 DEBUG 2896 --- [    Test worker] org.hibernate.SQL                        : insert into webtoon_publishing_day (created_at,publishing_day_id,updated_at,webtoon_id) values (?,?,?,?)
Hibernate: insert into webtoon_publishing_day (created_at,publishing_day_id,updated_at,webtoon_id) values (?,?,?,?)
미시령
2024-03-29T17:51:09.032+09:00 DEBUG 2896 --- [    Test worker] org.hibernate.SQL                        : insert into webtoon (created_at,description,no_youth,publication_status,thumbnail,title,updated_at) values (?,?,?,?,?,?,?)
Hibernate: insert into webtoon (created_at,description,no_youth,publication_status,thumbnail,title,updated_at) values (?,?,?,?,?,?,?)
2024-03-29T17:51:09.042+09:00 DEBUG 2896 --- [    Test worker] org.hibernate.SQL                        : select pd1_0.publishing_day_id,pd1_0.created_at,pd1_0.day,pd1_0.updated_at from publishing_day pd1_0 where pd1_0.day=?
Hibernate: select pd1_0.publishing_day_id,pd1_0.created_at,pd1_0.day,pd1_0.updated_at from publishing_day pd1_0 where pd1_0.day=?
2024-03-29T17:51:09.045+09:00 DEBUG 2896 --- [    Test worker] org.hibernate.SQL                        : insert into webtoon_publishing_day (created_at,publishing_day_id,updated_at,webtoon_id) values (?,?,?,?)
Hibernate: insert into webtoon_publishing_day (created_at,publishing_day_id,updated_at,webtoon_id) values (?,?,?,?)
더 베이비시터
2024-03-29T17:51:09.053+09:00 DEBUG 2896 --- [    Test worker] org.hibernate.SQL                        : insert into webtoon (created_at,description,no_youth,publication_status,thumbnail,title,updated_at) values (?,?,?,?,?,?,?)
Hibernate: insert into webtoon (created_at,description,no_youth,publication_status,thumbnail,title,updated_at) values (?,?,?,?,?,?,?)
2024-03-29T17:51:09.061+09:00 DEBUG 2896 --- [    Test worker] org.hibernate.SQL                        : select pd1_0.publishing_day_id,pd1_0.created_at,pd1_0.day,pd1_0.updated_at from publishing_day pd1_0 where pd1_0.day=?
Hibernate: select pd1_0.publishing_day_id,pd1_0.created_at,pd1_0.day,pd1_0.updated_at from publishing_day pd1_0 where pd1_0.day=?
2024-03-29T17:51:09.064+09:00 DEBUG 2896 --- [    Test worker] org.hibernate.SQL                        : insert into webtoon_publishing_day (created_at,publishing_day_id,updated_at,webtoon_id) values (?,?,?,?)
Hibernate: insert into webtoon_publishing_day (created_at,publishing_day_id,updated_at,webtoon_id) values (?,?,?,?)
그 남자의 은밀한 하루
2024-03-29T17:51:09.072+09:00 DEBUG 2896 --- [    Test worker] org.hibernate.SQL                        : insert into webtoon (created_at,description,no_youth,publication_status,thumbnail,title,updated_at) values (?,?,?,?,?,?,?)
Hibernate: insert into webtoon (created_at,description,no_youth,publication_status,thumbnail,title,updated_at) values (?,?,?,?,?,?,?)
2024-03-29T17:51:09.079+09:00 DEBUG 2896 --- [    Test worker] org.hibernate.SQL                        : select pd1_0.publishing_day_id,pd1_0.created_at,pd1_0.day,pd1_0.updated_at from publishing_day pd1_0 where pd1_0.day=?
Hibernate: select pd1_0.publishing_day_id,pd1_0.created_at,pd1_0.day,pd1_0.updated_at from publishing_day pd1_0 where pd1_0.day=?
2024-03-29T17:51:09.084+09:00 DEBUG 2896 --- [    Test worker] org.hibernate.SQL                        : insert into webtoon_publishing_day (created_at,publishing_day_id,updated_at,webtoon_id) values (?,?,?,?)
Hibernate: insert into webtoon_publishing_day (created_at,publishing_day_id,updated_at,webtoon_id) values (?,?,?,?)
로어 올림푸스
2024-03-29T17:51:09.092+09:00 DEBUG 2896 --- [    Test worker] org.hibernate.SQL                        : insert into webtoon (created_at,description,no_youth,publication_status,thumbnail,title,updated_at) values (?,?,?,?,?,?,?)
Hibernate: insert into webtoon (created_at,description,no_youth,publication_status,thumbnail,title,updated_at) values (?,?,?,?,?,?,?)
2024-03-29T17:51:09.102+09:00 DEBUG 2896 --- [    Test worker] org.hibernate.SQL                        : select pd1_0.publishing_day_id,pd1_0.created_at,pd1_0.day,pd1_0.updated_at from publishing_day pd1_0 where pd1_0.day=?
Hibernate: select pd1_0.publishing_day_id,pd1_0.created_at,pd1_0.day,pd1_0.updated_at from publishing_day pd1_0 where pd1_0.day=?
2024-03-29T17:51:09.106+09:00 DEBUG 2896 --- [    Test worker] org.hibernate.SQL                        : insert into webtoon_publishing_day (created_at,publishing_day_id,updated_at,webtoon_id) values (?,?,?,?)
Hibernate: insert into webtoon_publishing_day (created_at,publishing_day_id,updated_at,webtoon_id) values (?,?,?,?)
범상찮은 밤
2024-03-29T17:51:09.113+09:00 DEBUG 2896 --- [    Test worker] org.hibernate.SQL                        : insert into webtoon (created_at,description,no_youth,publication_status,thumbnail,title,updated_at) values (?,?,?,?,?,?,?)
Hibernate: insert into webtoon (created_at,description,no_youth,publication_status,thumbnail,title,updated_at) values (?,?,?,?,?,?,?)
2024-03-29T17:51:09.122+09:00 DEBUG 2896 --- [    Test worker] org.hibernate.SQL                        : select pd1_0.publishing_day_id,pd1_0.created_at,pd1_0.day,pd1_0.updated_at from publishing_day pd1_0 where pd1_0.day=?
Hibernate: select pd1_0.publishing_day_id,pd1_0.created_at,pd1_0.day,pd1_0.updated_at from publishing_day pd1_0 where pd1_0.day=?
2024-03-29T17:51:09.126+09:00 DEBUG 2896 --- [    Test worker] org.hibernate.SQL                        : insert into webtoon_publishing_day (created_at,publishing_day_id,updated_at,webtoon_id) values (?,?,?,?)
Hibernate: insert into webtoon_publishing_day (created_at,publishing_day_id,updated_at,webtoon_id) values (?,?,?,?)
멸종위기종인간
2024-03-29T17:51:09.132+09:00 DEBUG 2896 --- [    Test worker] org.hibernate.SQL                        : insert into webtoon (created_at,description,no_youth,publication_status,thumbnail,title,updated_at) values (?,?,?,?,?,?,?)
Hibernate: insert into webtoon (created_at,description,no_youth,publication_status,thumbnail,title,updated_at) values (?,?,?,?,?,?,?)
2024-03-29T17:51:09.140+09:00 DEBUG 2896 --- [    Test worker] org.hibernate.SQL                        : select pd1_0.publishing_day_id,pd1_0.created_at,pd1_0.day,pd1_0.updated_at from publishing_day pd1_0 where pd1_0.day=?
Hibernate: select pd1_0.publishing_day_id,pd1_0.created_at,pd1_0.day,pd1_0.updated_at from publishing_day pd1_0 where pd1_0.day=?
2024-03-29T17:51:09.144+09:00 DEBUG 2896 --- [    Test worker] org.hibernate.SQL                        : insert into webtoon_publishing_day (created_at,publishing_day_id,updated_at,webtoon_id) values (?,?,?,?)
Hibernate: insert into webtoon_publishing_day (created_at,publishing_day_id,updated_at,webtoon_id) values (?,?,?,?)
나랑 해요
2024-03-29T17:51:09.150+09:00 DEBUG 2896 --- [    Test worker] org.hibernate.SQL                        : insert into webtoon (created_at,description,no_youth,publication_status,thumbnail,title,updated_at) values (?,?,?,?,?,?,?)
Hibernate: insert into webtoon (created_at,description,no_youth,publication_status,thumbnail,title,updated_at) values (?,?,?,?,?,?,?)
2024-03-29T17:51:09.158+09:00 DEBUG 2896 --- [    Test worker] org.hibernate.SQL                        : select pd1_0.publishing_day_id,pd1_0.created_at,pd1_0.day,pd1_0.updated_at from publishing_day pd1_0 where pd1_0.day=?
Hibernate: select pd1_0.publishing_day_id,pd1_0.created_at,pd1_0.day,pd1_0.updated_at from publishing_day pd1_0 where pd1_0.day=?
2024-03-29T17:51:09.160+09:00 DEBUG 2896 --- [    Test worker] org.hibernate.SQL                        : insert into webtoon_publishing_day (created_at,publishing_day_id,updated_at,webtoon_id) values (?,?,?,?)
Hibernate: insert into webtoon_publishing_day (created_at,publishing_day_id,updated_at,webtoon_id) values (?,?,?,?)
고백하면 끝나는 만화
2024-03-29T17:51:09.169+09:00 DEBUG 2896 --- [    Test worker] org.hibernate.SQL                        : insert into webtoon (created_at,description,no_youth,publication_status,thumbnail,title,updated_at) values (?,?,?,?,?,?,?)
Hibernate: insert into webtoon (created_at,description,no_youth,publication_status,thumbnail,title,updated_at) values (?,?,?,?,?,?,?)
2024-03-29T17:51:09.176+09:00 DEBUG 2896 --- [    Test worker] org.hibernate.SQL                        : select pd1_0.publishing_day_id,pd1_0.created_at,pd1_0.day,pd1_0.updated_at from publishing_day pd1_0 where pd1_0.day=?
Hibernate: select pd1_0.publishing_day_id,pd1_0.created_at,pd1_0.day,pd1_0.updated_at from publishing_day pd1_0 where pd1_0.day=?
2024-03-29T17:51:09.179+09:00 DEBUG 2896 --- [    Test worker] org.hibernate.SQL                        : insert into webtoon_publishing_day (created_at,publishing_day_id,updated_at,webtoon_id) values (?,?,?,?)
Hibernate: insert into webtoon_publishing_day (created_at,publishing_day_id,updated_at,webtoon_id) values (?,?,?,?)
그때 그 채영민
2024-03-29T17:51:09.186+09:00 DEBUG 2896 --- [    Test worker] org.hibernate.SQL                        : insert into webtoon (created_at,description,no_youth,publication_status,thumbnail,title,updated_at) values (?,?,?,?,?,?,?)
Hibernate: insert into webtoon (created_at,description,no_youth,publication_status,thumbnail,title,updated_at) values (?,?,?,?,?,?,?)
2024-03-29T17:51:09.194+09:00 DEBUG 2896 --- [    Test worker] org.hibernate.SQL                        : select pd1_0.publishing_day_id,pd1_0.created_at,pd1_0.day,pd1_0.updated_at from publishing_day pd1_0 where pd1_0.day=?
Hibernate: select pd1_0.publishing_day_id,pd1_0.created_at,pd1_0.day,pd1_0.updated_at from publishing_day pd1_0 where pd1_0.day=?
2024-03-29T17:51:09.197+09:00 DEBUG 2896 --- [    Test worker] org.hibernate.SQL                        : insert into webtoon_publishing_day (created_at,publishing_day_id,updated_at,webtoon_id) values (?,?,?,?)
Hibernate: insert into webtoon_publishing_day (created_at,publishing_day_id,updated_at,webtoon_id) values (?,?,?,?)
어느 백작 영애의 이중생활
2024-03-29T17:51:09.204+09:00 DEBUG 2896 --- [    Test worker] org.hibernate.SQL                        : insert into webtoon (created_at,description,no_youth,publication_status,thumbnail,title,updated_at) values (?,?,?,?,?,?,?)
Hibernate: insert into webtoon (created_at,description,no_youth,publication_status,thumbnail,title,updated_at) values (?,?,?,?,?,?,?)
2024-03-29T17:51:09.213+09:00 DEBUG 2896 --- [    Test worker] org.hibernate.SQL                        : select pd1_0.publishing_day_id,pd1_0.created_at,pd1_0.day,pd1_0.updated_at from publishing_day pd1_0 where pd1_0.day=?
Hibernate: select pd1_0.publishing_day_id,pd1_0.created_at,pd1_0.day,pd1_0.updated_at from publishing_day pd1_0 where pd1_0.day=?
2024-03-29T17:51:09.216+09:00 DEBUG 2896 --- [    Test worker] org.hibernate.SQL                        : insert into webtoon_publishing_day (created_at,publishing_day_id,updated_at,webtoon_id) values (?,?,?,?)
Hibernate: insert into webtoon_publishing_day (created_at,publishing_day_id,updated_at,webtoon_id) values (?,?,?,?)
두 마리를 위한 뜰
2024-03-29T17:51:09.224+09:00 DEBUG 2896 --- [    Test worker] org.hibernate.SQL                        : insert into webtoon (created_at,description,no_youth,publication_status,thumbnail,title,updated_at) values (?,?,?,?,?,?,?)
Hibernate: insert into webtoon (created_at,description,no_youth,publication_status,thumbnail,title,updated_at) values (?,?,?,?,?,?,?)
2024-03-29T17:51:09.233+09:00 DEBUG 2896 --- [    Test worker] org.hibernate.SQL                        : select pd1_0.publishing_day_id,pd1_0.created_at,pd1_0.day,pd1_0.updated_at from publishing_day pd1_0 where pd1_0.day=?
Hibernate: select pd1_0.publishing_day_id,pd1_0.created_at,pd1_0.day,pd1_0.updated_at from publishing_day pd1_0 where pd1_0.day=?
2024-03-29T17:51:09.236+09:00 DEBUG 2896 --- [    Test worker] org.hibernate.SQL                        : insert into webtoon_publishing_day (created_at,publishing_day_id,updated_at,webtoon_id) values (?,?,?,?)
Hibernate: insert into webtoon_publishing_day (created_at,publishing_day_id,updated_at,webtoon_id) values (?,?,?,?)
사생돌
2024-03-29T17:51:09.245+09:00 DEBUG 2896 --- [    Test worker] org.hibernate.SQL                        : insert into webtoon (created_at,description,no_youth,publication_status,thumbnail,title,updated_at) values (?,?,?,?,?,?,?)
Hibernate: insert into webtoon (created_at,description,no_youth,publication_status,thumbnail,title,updated_at) values (?,?,?,?,?,?,?)
2024-03-29T17:51:09.254+09:00 DEBUG 2896 --- [    Test worker] org.hibernate.SQL                        : select pd1_0.publishing_day_id,pd1_0.created_at,pd1_0.day,pd1_0.updated_at from publishing_day pd1_0 where pd1_0.day=?
Hibernate: select pd1_0.publishing_day_id,pd1_0.created_at,pd1_0.day,pd1_0.updated_at from publishing_day pd1_0 where pd1_0.day=?
2024-03-29T17:51:09.257+09:00 DEBUG 2896 --- [    Test worker] org.hibernate.SQL                        : insert into webtoon_publishing_day (created_at,publishing_day_id,updated_at,webtoon_id) values (?,?,?,?)
Hibernate: insert into webtoon_publishing_day (created_at,publishing_day_id,updated_at,webtoon_id) values (?,?,?,?)
반짝반짝 작은 눈
2024-03-29T17:51:09.263+09:00 DEBUG 2896 --- [    Test worker] org.hibernate.SQL                        : insert into webtoon (created_at,description,no_youth,publication_status,thumbnail,title,updated_at) values (?,?,?,?,?,?,?)
Hibernate: insert into webtoon (created_at,description,no_youth,publication_status,thumbnail,title,updated_at) values (?,?,?,?,?,?,?)
2024-03-29T17:51:09.273+09:00 DEBUG 2896 --- [    Test worker] org.hibernate.SQL                        : select pd1_0.publishing_day_id,pd1_0.created_at,pd1_0.day,pd1_0.updated_at from publishing_day pd1_0 where pd1_0.day=?
Hibernate: select pd1_0.publishing_day_id,pd1_0.created_at,pd1_0.day,pd1_0.updated_at from publishing_day pd1_0 where pd1_0.day=?
2024-03-29T17:51:09.275+09:00 DEBUG 2896 --- [    Test worker] org.hibernate.SQL                        : insert into webtoon_publishing_day (created_at,publishing_day_id,updated_at,webtoon_id) values (?,?,?,?)
Hibernate: insert into webtoon_publishing_day (created_at,publishing_day_id,updated_at,webtoon_id) values (?,?,?,?)
"49번 남았습니다
2024-03-29T17:51:09.283+09:00 DEBUG 2896 --- [    Test worker] org.hibernate.SQL                        : insert into webtoon (created_at,description,no_youth,publication_status,thumbnail,title,updated_at) values (?,?,?,?,?,?,?)
Hibernate: insert into webtoon (created_at,description,no_youth,publication_status,thumbnail,title,updated_at) values (?,?,?,?,?,?,?)
2024-03-29T17:51:09.293+09:00 DEBUG 2896 --- [    Test worker] org.hibernate.SQL                        : select pd1_0.publishing_day_id,pd1_0.created_at,pd1_0.day,pd1_0.updated_at from publishing_day pd1_0 where pd1_0.day=?
Hibernate: select pd1_0.publishing_day_id,pd1_0.created_at,pd1_0.day,pd1_0.updated_at from publishing_day pd1_0 where pd1_0.day=?
2024-03-29T17:51:09.296+09:00 DEBUG 2896 --- [    Test worker] org.hibernate.SQL                        : insert into webtoon_publishing_day (created_at,publishing_day_id,updated_at,webtoon_id) values (?,?,?,?)
Hibernate: insert into webtoon_publishing_day (created_at,publishing_day_id,updated_at,webtoon_id) values (?,?,?,?)
나의 계절
2024-03-29T17:51:09.306+09:00 DEBUG 2896 --- [    Test worker] org.hibernate.SQL                        : insert into webtoon (created_at,description,no_youth,publication_status,thumbnail,title,updated_at) values (?,?,?,?,?,?,?)
Hibernate: insert into webtoon (created_at,description,no_youth,publication_status,thumbnail,title,updated_at) values (?,?,?,?,?,?,?)
2024-03-29T17:51:09.315+09:00 DEBUG 2896 --- [    Test worker] org.hibernate.SQL                        : select pd1_0.publishing_day_id,pd1_0.created_at,pd1_0.day,pd1_0.updated_at from publishing_day pd1_0 where pd1_0.day=?
Hibernate: select pd1_0.publishing_day_id,pd1_0.created_at,pd1_0.day,pd1_0.updated_at from publishing_day pd1_0 where pd1_0.day=?
2024-03-29T17:51:09.319+09:00 DEBUG 2896 --- [    Test worker] org.hibernate.SQL                        : insert into webtoon_publishing_day (created_at,publishing_day_id,updated_at,webtoon_id) values (?,?,?,?)
Hibernate: insert into webtoon_publishing_day (created_at,publishing_day_id,updated_at,webtoon_id) values (?,?,?,?)
히어로 더 맥시멈
2024-03-29T17:51:09.328+09:00 DEBUG 2896 --- [    Test worker] org.hibernate.SQL                        : insert into webtoon (created_at,description,no_youth,publication_status,thumbnail,title,updated_at) values (?,?,?,?,?,?,?)
Hibernate: insert into webtoon (created_at,description,no_youth,publication_status,thumbnail,title,updated_at) values (?,?,?,?,?,?,?)
2024-03-29T17:51:09.338+09:00 DEBUG 2896 --- [    Test worker] org.hibernate.SQL                        : select pd1_0.publishing_day_id,pd1_0.created_at,pd1_0.day,pd1_0.updated_at from publishing_day pd1_0 where pd1_0.day=?
Hibernate: select pd1_0.publishing_day_id,pd1_0.created_at,pd1_0.day,pd1_0.updated_at from publishing_day pd1_0 where pd1_0.day=?
2024-03-29T17:51:09.341+09:00 DEBUG 2896 --- [    Test worker] org.hibernate.SQL                        : insert into webtoon_publishing_day (created_at,publishing_day_id,updated_at,webtoon_id) values (?,?,?,?)
Hibernate: insert into webtoon_publishing_day (created_at,publishing_day_id,updated_at,webtoon_id) values (?,?,?,?)
이런 미친 엔딩
2024-03-29T17:51:09.349+09:00 DEBUG 2896 --- [    Test worker] org.hibernate.SQL                        : insert into webtoon (created_at,description,no_youth,publication_status,thumbnail,title,updated_at) values (?,?,?,?,?,?,?)
Hibernate: insert into webtoon (created_at,description,no_youth,publication_status,thumbnail,title,updated_at) values (?,?,?,?,?,?,?)
2024-03-29T17:51:09.357+09:00 DEBUG 2896 --- [    Test worker] org.hibernate.SQL                        : select pd1_0.publishing_day_id,pd1_0.created_at,pd1_0.day,pd1_0.updated_at from publishing_day pd1_0 where pd1_0.day=?
Hibernate: select pd1_0.publishing_day_id,pd1_0.created_at,pd1_0.day,pd1_0.updated_at from publishing_day pd1_0 where pd1_0.day=?
2024-03-29T17:51:09.360+09:00 DEBUG 2896 --- [    Test worker] org.hibernate.SQL                        : insert into webtoon_publishing_day (created_at,publishing_day_id,updated_at,webtoon_id) values (?,?,?,?)
Hibernate: insert into webtoon_publishing_day (created_at,publishing_day_id,updated_at,webtoon_id) values (?,?,?,?)
연애고수
2024-03-29T17:51:09.368+09:00 DEBUG 2896 --- [    Test worker] org.hibernate.SQL                        : insert into webtoon (created_at,description,no_youth,publication_status,thumbnail,title,updated_at) values (?,?,?,?,?,?,?)
Hibernate: insert into webtoon (created_at,description,no_youth,publication_status,thumbnail,title,updated_at) values (?,?,?,?,?,?,?)
2024-03-29T17:51:09.378+09:00 DEBUG 2896 --- [    Test worker] org.hibernate.SQL                        : select pd1_0.publishing_day_id,pd1_0.created_at,pd1_0.day,pd1_0.updated_at from publishing_day pd1_0 where pd1_0.day=?
Hibernate: select pd1_0.publishing_day_id,pd1_0.created_at,pd1_0.day,pd1_0.updated_at from publishing_day pd1_0 where pd1_0.day=?
2024-03-29T17:51:09.381+09:00 DEBUG 2896 --- [    Test worker] org.hibernate.SQL                        : insert into webtoon_publishing_day (created_at,publishing_day_id,updated_at,webtoon_id) values (?,?,?,?)
Hibernate: insert into webtoon_publishing_day (created_at,publishing_day_id,updated_at,webtoon_id) values (?,?,?,?)
우리의 연애일지
2024-03-29T17:51:09.389+09:00 DEBUG 2896 --- [    Test worker] org.hibernate.SQL                        : insert into webtoon (created_at,description,no_youth,publication_status,thumbnail,title,updated_at) values (?,?,?,?,?,?,?)
Hibernate: insert into webtoon (created_at,description,no_youth,publication_status,thumbnail,title,updated_at) values (?,?,?,?,?,?,?)
2024-03-29T17:51:09.398+09:00 DEBUG 2896 --- [    Test worker] org.hibernate.SQL                        : select pd1_0.publishing_day_id,pd1_0.created_at,pd1_0.day,pd1_0.updated_at from publishing_day pd1_0 where pd1_0.day=?
Hibernate: select pd1_0.publishing_day_id,pd1_0.created_at,pd1_0.day,pd1_0.updated_at from publishing_day pd1_0 where pd1_0.day=?
2024-03-29T17:51:09.402+09:00 DEBUG 2896 --- [    Test worker] org.hibernate.SQL                        : insert into webtoon_publishing_day (created_at,publishing_day_id,updated_at,webtoon_id) values (?,?,?,?)
Hibernate: insert into webtoon_publishing_day (created_at,publishing_day_id,updated_at,webtoon_id) values (?,?,?,?)
"사랑아
2024-03-29T17:51:09.410+09:00 DEBUG 2896 --- [    Test worker] org.hibernate.SQL                        : insert into webtoon (created_at,description,no_youth,publication_status,thumbnail,title,updated_at) values (?,?,?,?,?,?,?)
Hibernate: insert into webtoon (created_at,description,no_youth,publication_status,thumbnail,title,updated_at) values (?,?,?,?,?,?,?)
2024-03-29T17:51:09.419+09:00 DEBUG 2896 --- [    Test worker] org.hibernate.SQL                        : select pd1_0.publishing_day_id,pd1_0.created_at,pd1_0.day,pd1_0.updated_at from publishing_day pd1_0 where pd1_0.day=?
Hibernate: select pd1_0.publishing_day_id,pd1_0.created_at,pd1_0.day,pd1_0.updated_at from publishing_day pd1_0 where pd1_0.day=?
2024-03-29T17:51:09.423+09:00 DEBUG 2896 --- [    Test worker] org.hibernate.SQL                        : insert into webtoon_publishing_day (created_at,publishing_day_id,updated_at,webtoon_id) values (?,?,?,?)
Hibernate: insert into webtoon_publishing_day (created_at,publishing_day_id,updated_at,webtoon_id) values (?,?,?,?)
쌉초의 난
2024-03-29T17:51:09.430+09:00 DEBUG 2896 --- [    Test worker] org.hibernate.SQL                        : insert into webtoon (created_at,description,no_youth,publication_status,thumbnail,title,updated_at) values (?,?,?,?,?,?,?)
Hibernate: insert into webtoon (created_at,description,no_youth,publication_status,thumbnail,title,updated_at) values (?,?,?,?,?,?,?)
2024-03-29T17:51:09.438+09:00 DEBUG 2896 --- [    Test worker] org.hibernate.SQL                        : select pd1_0.publishing_day_id,pd1_0.created_at,pd1_0.day,pd1_0.updated_at from publishing_day pd1_0 where pd1_0.day=?
Hibernate: select pd1_0.publishing_day_id,pd1_0.created_at,pd1_0.day,pd1_0.updated_at from publishing_day pd1_0 where pd1_0.day=?
2024-03-29T17:51:09.443+09:00 DEBUG 2896 --- [    Test worker] org.hibernate.SQL                        : insert into webtoon_publishing_day (created_at,publishing_day_id,updated_at,webtoon_id) values (?,?,?,?)
Hibernate: insert into webtoon_publishing_day (created_at,publishing_day_id,updated_at,webtoon_id) values (?,?,?,?)
솔그린
2024-03-29T17:51:09.452+09:00 DEBUG 2896 --- [    Test worker] org.hibernate.SQL                        : insert into webtoon (created_at,description,no_youth,publication_status,thumbnail,title,updated_at) values (?,?,?,?,?,?,?)
Hibernate: insert into webtoon (created_at,description,no_youth,publication_status,thumbnail,title,updated_at) values (?,?,?,?,?,?,?)
2024-03-29T17:51:09.460+09:00 DEBUG 2896 --- [    Test worker] org.hibernate.SQL                        : select pd1_0.publishing_day_id,pd1_0.created_at,pd1_0.day,pd1_0.updated_at from publishing_day pd1_0 where pd1_0.day=?
Hibernate: select pd1_0.publishing_day_id,pd1_0.created_at,pd1_0.day,pd1_0.updated_at from publishing_day pd1_0 where pd1_0.day=?
2024-03-29T17:51:09.464+09:00 DEBUG 2896 --- [    Test worker] org.hibernate.SQL                        : insert into webtoon_publishing_day (created_at,publishing_day_id,updated_at,webtoon_id) values (?,?,?,?)
Hibernate: insert into webtoon_publishing_day (created_at,publishing_day_id,updated_at,webtoon_id) values (?,?,?,?)
수플레 팬 케이크
2024-03-29T17:51:09.473+09:00 DEBUG 2896 --- [    Test worker] org.hibernate.SQL                        : insert into webtoon (created_at,description,no_youth,publication_status,thumbnail,title,updated_at) values (?,?,?,?,?,?,?)
Hibernate: insert into webtoon (created_at,description,no_youth,publication_status,thumbnail,title,updated_at) values (?,?,?,?,?,?,?)
2024-03-29T17:51:09.480+09:00 DEBUG 2896 --- [    Test worker] org.hibernate.SQL                        : select pd1_0.publishing_day_id,pd1_0.created_at,pd1_0.day,pd1_0.updated_at from publishing_day pd1_0 where pd1_0.day=?
Hibernate: select pd1_0.publishing_day_id,pd1_0.created_at,pd1_0.day,pd1_0.updated_at from publishing_day pd1_0 where pd1_0.day=?
2024-03-29T17:51:09.489+09:00 DEBUG 2896 --- [    Test worker] org.hibernate.SQL                        : insert into webtoon_publishing_day (created_at,publishing_day_id,updated_at,webtoon_id) values (?,?,?,?)
Hibernate: insert into webtoon_publishing_day (created_at,publishing_day_id,updated_at,webtoon_id) values (?,?,?,?)
무직백수 계백순
2024-03-29T17:51:09.498+09:00 DEBUG 2896 --- [    Test worker] org.hibernate.SQL                        : insert into webtoon (created_at,description,no_youth,publication_status,thumbnail,title,updated_at) values (?,?,?,?,?,?,?)
Hibernate: insert into webtoon (created_at,description,no_youth,publication_status,thumbnail,title,updated_at) values (?,?,?,?,?,?,?)
2024-03-29T17:51:09.506+09:00 DEBUG 2896 --- [    Test worker] org.hibernate.SQL                        : select pd1_0.publishing_day_id,pd1_0.created_at,pd1_0.day,pd1_0.updated_at from publishing_day pd1_0 where pd1_0.day=?
Hibernate: select pd1_0.publishing_day_id,pd1_0.created_at,pd1_0.day,pd1_0.updated_at from publishing_day pd1_0 where pd1_0.day=?
2024-03-29T17:51:09.509+09:00 DEBUG 2896 --- [    Test worker] org.hibernate.SQL                        : insert into webtoon_publishing_day (created_at,publishing_day_id,updated_at,webtoon_id) values (?,?,?,?)
Hibernate: insert into webtoon_publishing_day (created_at,publishing_day_id,updated_at,webtoon_id) values (?,?,?,?)
입학용병
2024-03-29T17:51:09.519+09:00 DEBUG 2896 --- [    Test worker] org.hibernate.SQL                        : insert into webtoon (created_at,description,no_youth,publication_status,thumbnail,title,updated_at) values (?,?,?,?,?,?,?)
Hibernate: insert into webtoon (created_at,description,no_youth,publication_status,thumbnail,title,updated_at) values (?,?,?,?,?,?,?)
2024-03-29T17:51:09.526+09:00 DEBUG 2896 --- [    Test worker] org.hibernate.SQL                        : select pd1_0.publishing_day_id,pd1_0.created_at,pd1_0.day,pd1_0.updated_at from publishing_day pd1_0 where pd1_0.day=?
Hibernate: select pd1_0.publishing_day_id,pd1_0.created_at,pd1_0.day,pd1_0.updated_at from publishing_day pd1_0 where pd1_0.day=?
2024-03-29T17:51:09.529+09:00 DEBUG 2896 --- [    Test worker] org.hibernate.SQL                        : insert into webtoon_publishing_day (created_at,publishing_day_id,updated_at,webtoon_id) values (?,?,?,?)
Hibernate: insert into webtoon_publishing_day (created_at,publishing_day_id,updated_at,webtoon_id) values (?,?,?,?)
별이삼샵
2024-03-29T17:51:09.535+09:00 DEBUG 2896 --- [    Test worker] org.hibernate.SQL                        : insert into webtoon (created_at,description,no_youth,publication_status,thumbnail,title,updated_at) values (?,?,?,?,?,?,?)
Hibernate: insert into webtoon (created_at,description,no_youth,publication_status,thumbnail,title,updated_at) values (?,?,?,?,?,?,?)
2024-03-29T17:51:09.542+09:00 DEBUG 2896 --- [    Test worker] org.hibernate.SQL                        : select pd1_0.publishing_day_id,pd1_0.created_at,pd1_0.day,pd1_0.updated_at from publishing_day pd1_0 where pd1_0.day=?
Hibernate: select pd1_0.publishing_day_id,pd1_0.created_at,pd1_0.day,pd1_0.updated_at from publishing_day pd1_0 where pd1_0.day=?
2024-03-29T17:51:09.545+09:00 DEBUG 2896 --- [    Test worker] org.hibernate.SQL                        : insert into webtoon_publishing_day (created_at,publishing_day_id,updated_at,webtoon_id) values (?,?,?,?)
Hibernate: insert into webtoon_publishing_day (created_at,publishing_day_id,updated_at,webtoon_id) values (?,?,?,?)
시월드가 내게 집착한다
2024-03-29T17:51:09.558+09:00 DEBUG 2896 --- [    Test worker] org.hibernate.SQL                        : insert into webtoon (created_at,description,no_youth,publication_status,thumbnail,title,updated_at) values (?,?,?,?,?,?,?)
Hibernate: insert into webtoon (created_at,description,no_youth,publication_status,thumbnail,title,updated_at) values (?,?,?,?,?,?,?)
2024-03-29T17:51:09.565+09:00 DEBUG 2896 --- [    Test worker] org.hibernate.SQL                        : select pd1_0.publishing_day_id,pd1_0.created_at,pd1_0.day,pd1_0.updated_at from publishing_day pd1_0 where pd1_0.day=?
Hibernate: select pd1_0.publishing_day_id,pd1_0.created_at,pd1_0.day,pd1_0.updated_at from publishing_day pd1_0 where pd1_0.day=?
2024-03-29T17:51:09.568+09:00 DEBUG 2896 --- [    Test worker] org.hibernate.SQL                        : insert into webtoon_publishing_day (created_at,publishing_day_id,updated_at,webtoon_id) values (?,?,?,?)
Hibernate: insert into webtoon_publishing_day (created_at,publishing_day_id,updated_at,webtoon_id) values (?,?,?,?)
천화서고 대공자
2024-03-29T17:51:09.574+09:00 DEBUG 2896 --- [    Test worker] org.hibernate.SQL                        : insert into webtoon (created_at,description,no_youth,publication_status,thumbnail,title,updated_at) values (?,?,?,?,?,?,?)
Hibernate: insert into webtoon (created_at,description,no_youth,publication_status,thumbnail,title,updated_at) values (?,?,?,?,?,?,?)
2024-03-29T17:51:09.581+09:00 DEBUG 2896 --- [    Test worker] org.hibernate.SQL                        : select pd1_0.publishing_day_id,pd1_0.created_at,pd1_0.day,pd1_0.updated_at from publishing_day pd1_0 where pd1_0.day=?
Hibernate: select pd1_0.publishing_day_id,pd1_0.created_at,pd1_0.day,pd1_0.updated_at from publishing_day pd1_0 where pd1_0.day=?
2024-03-29T17:51:09.585+09:00 DEBUG 2896 --- [    Test worker] org.hibernate.SQL                        : insert into webtoon_publishing_day (created_at,publishing_day_id,updated_at,webtoon_id) values (?,?,?,?)
Hibernate: insert into webtoon_publishing_day (created_at,publishing_day_id,updated_at,webtoon_id) values (?,?,?,?)
기기괴괴2
2024-03-29T17:51:09.592+09:00 DEBUG 2896 --- [    Test worker] org.hibernate.SQL                        : insert into webtoon (created_at,description,no_youth,publication_status,thumbnail,title,updated_at) values (?,?,?,?,?,?,?)
Hibernate: insert into webtoon (created_at,description,no_youth,publication_status,thumbnail,title,updated_at) values (?,?,?,?,?,?,?)
2024-03-29T17:51:09.599+09:00 DEBUG 2896 --- [    Test worker] org.hibernate.SQL                        : select pd1_0.publishing_day_id,pd1_0.created_at,pd1_0.day,pd1_0.updated_at from publishing_day pd1_0 where pd1_0.day=?
Hibernate: select pd1_0.publishing_day_id,pd1_0.created_at,pd1_0.day,pd1_0.updated_at from publishing_day pd1_0 where pd1_0.day=?
2024-03-29T17:51:09.602+09:00 DEBUG 2896 --- [    Test worker] org.hibernate.SQL                        : insert into webtoon_publishing_day (created_at,publishing_day_id,updated_at,webtoon_id) values (?,?,?,?)
Hibernate: insert into webtoon_publishing_day (created_at,publishing_day_id,updated_at,webtoon_id) values (?,?,?,?)
나 혼자 특성빨로 무한 성장
2024-03-29T17:51:09.609+09:00 DEBUG 2896 --- [    Test worker] org.hibernate.SQL                        : insert into webtoon (created_at,description,no_youth,publication_status,thumbnail,title,updated_at) values (?,?,?,?,?,?,?)
Hibernate: insert into webtoon (created_at,description,no_youth,publication_status,thumbnail,title,updated_at) values (?,?,?,?,?,?,?)
2024-03-29T17:51:09.618+09:00 DEBUG 2896 --- [    Test worker] org.hibernate.SQL                        : select pd1_0.publishing_day_id,pd1_0.created_at,pd1_0.day,pd1_0.updated_at from publishing_day pd1_0 where pd1_0.day=?
Hibernate: select pd1_0.publishing_day_id,pd1_0.created_at,pd1_0.day,pd1_0.updated_at from publishing_day pd1_0 where pd1_0.day=?
2024-03-29T17:51:09.620+09:00 DEBUG 2896 --- [    Test worker] org.hibernate.SQL                        : insert into webtoon_publishing_day (created_at,publishing_day_id,updated_at,webtoon_id) values (?,?,?,?)
Hibernate: insert into webtoon_publishing_day (created_at,publishing_day_id,updated_at,webtoon_id) values (?,?,?,?)
하자인간
2024-03-29T17:51:09.627+09:00 DEBUG 2896 --- [    Test worker] org.hibernate.SQL                        : insert into webtoon (created_at,description,no_youth,publication_status,thumbnail,title,updated_at) values (?,?,?,?,?,?,?)
Hibernate: insert into webtoon (created_at,description,no_youth,publication_status,thumbnail,title,updated_at) values (?,?,?,?,?,?,?)
2024-03-29T17:51:09.637+09:00 DEBUG 2896 --- [    Test worker] org.hibernate.SQL                        : select pd1_0.publishing_day_id,pd1_0.created_at,pd1_0.day,pd1_0.updated_at from publishing_day pd1_0 where pd1_0.day=?
Hibernate: select pd1_0.publishing_day_id,pd1_0.created_at,pd1_0.day,pd1_0.updated_at from publishing_day pd1_0 where pd1_0.day=?
2024-03-29T17:51:09.640+09:00 DEBUG 2896 --- [    Test worker] org.hibernate.SQL                        : insert into webtoon_publishing_day (created_at,publishing_day_id,updated_at,webtoon_id) values (?,?,?,?)
Hibernate: insert into webtoon_publishing_day (created_at,publishing_day_id,updated_at,webtoon_id) values (?,?,?,?)
먹뀌싸
2024-03-29T17:51:09.648+09:00 DEBUG 2896 --- [    Test worker] org.hibernate.SQL                        : insert into webtoon (created_at,description,no_youth,publication_status,thumbnail,title,updated_at) values (?,?,?,?,?,?,?)
Hibernate: insert into webtoon (created_at,description,no_youth,publication_status,thumbnail,title,updated_at) values (?,?,?,?,?,?,?)
2024-03-29T17:51:09.657+09:00 DEBUG 2896 --- [    Test worker] org.hibernate.SQL                        : select pd1_0.publishing_day_id,pd1_0.created_at,pd1_0.day,pd1_0.updated_at from publishing_day pd1_0 where pd1_0.day=?
Hibernate: select pd1_0.publishing_day_id,pd1_0.created_at,pd1_0.day,pd1_0.updated_at from publishing_day pd1_0 where pd1_0.day=?
2024-03-29T17:51:09.661+09:00 DEBUG 2896 --- [    Test worker] org.hibernate.SQL                        : insert into webtoon_publishing_day (created_at,publishing_day_id,updated_at,webtoon_id) values (?,?,?,?)
Hibernate: insert into webtoon_publishing_day (created_at,publishing_day_id,updated_at,webtoon_id) values (?,?,?,?)
수희0(tngmlek0)
2024-03-29T17:51:09.669+09:00 DEBUG 2896 --- [    Test worker] org.hibernate.SQL                        : insert into webtoon (created_at,description,no_youth,publication_status,thumbnail,title,updated_at) values (?,?,?,?,?,?,?)
Hibernate: insert into webtoon (created_at,description,no_youth,publication_status,thumbnail,title,updated_at) values (?,?,?,?,?,?,?)
2024-03-29T17:51:09.679+09:00 DEBUG 2896 --- [    Test worker] org.hibernate.SQL                        : select pd1_0.publishing_day_id,pd1_0.created_at,pd1_0.day,pd1_0.updated_at from publishing_day pd1_0 where pd1_0.day=?
Hibernate: select pd1_0.publishing_day_id,pd1_0.created_at,pd1_0.day,pd1_0.updated_at from publishing_day pd1_0 where pd1_0.day=?
2024-03-29T17:51:09.683+09:00 DEBUG 2896 --- [    Test worker] org.hibernate.SQL                        : insert into webtoon_publishing_day (created_at,publishing_day_id,updated_at,webtoon_id) values (?,?,?,?)
Hibernate: insert into webtoon_publishing_day (created_at,publishing_day_id,updated_at,webtoon_id) values (?,?,?,?)
이발소 밑 게임가게
2024-03-29T17:51:09.692+09:00 DEBUG 2896 --- [    Test worker] org.hibernate.SQL                        : insert into webtoon (created_at,description,no_youth,publication_status,thumbnail,title,updated_at) values (?,?,?,?,?,?,?)
Hibernate: insert into webtoon (created_at,description,no_youth,publication_status,thumbnail,title,updated_at) values (?,?,?,?,?,?,?)
2024-03-29T17:51:09.704+09:00 DEBUG 2896 --- [    Test worker] org.hibernate.SQL                        : select pd1_0.publishing_day_id,pd1_0.created_at,pd1_0.day,pd1_0.updated_at from publishing_day pd1_0 where pd1_0.day=?
Hibernate: select pd1_0.publishing_day_id,pd1_0.created_at,pd1_0.day,pd1_0.updated_at from publishing_day pd1_0 where pd1_0.day=?
2024-03-29T17:51:09.708+09:00 DEBUG 2896 --- [    Test worker] org.hibernate.SQL                        : insert into webtoon_publishing_day (created_at,publishing_day_id,updated_at,webtoon_id) values (?,?,?,?)
Hibernate: insert into webtoon_publishing_day (created_at,publishing_day_id,updated_at,webtoon_id) values (?,?,?,?)
아카데미의 천재칼잡이
2024-03-29T17:51:09.718+09:00 DEBUG 2896 --- [    Test worker] org.hibernate.SQL                        : insert into webtoon (created_at,description,no_youth,publication_status,thumbnail,title,updated_at) values (?,?,?,?,?,?,?)
Hibernate: insert into webtoon (created_at,description,no_youth,publication_status,thumbnail,title,updated_at) values (?,?,?,?,?,?,?)
2024-03-29T17:51:09.728+09:00 DEBUG 2896 --- [    Test worker] org.hibernate.SQL                        : select pd1_0.publishing_day_id,pd1_0.created_at,pd1_0.day,pd1_0.updated_at from publishing_day pd1_0 where pd1_0.day=?
Hibernate: select pd1_0.publishing_day_id,pd1_0.created_at,pd1_0.day,pd1_0.updated_at from publishing_day pd1_0 where pd1_0.day=?
2024-03-29T17:51:09.731+09:00 DEBUG 2896 --- [    Test worker] org.hibernate.SQL                        : insert into webtoon_publishing_day (created_at,publishing_day_id,updated_at,webtoon_id) values (?,?,?,?)
Hibernate: insert into webtoon_publishing_day (created_at,publishing_day_id,updated_at,webtoon_id) values (?,?,?,?)
"고수
2024-03-29T17:51:09.739+09:00 DEBUG 2896 --- [    Test worker] org.hibernate.SQL                        : insert into webtoon (created_at,description,no_youth,publication_status,thumbnail,title,updated_at) values (?,?,?,?,?,?,?)
Hibernate: insert into webtoon (created_at,description,no_youth,publication_status,thumbnail,title,updated_at) values (?,?,?,?,?,?,?)
2024-03-29T17:51:09.747+09:00 DEBUG 2896 --- [    Test worker] org.hibernate.SQL                        : select pd1_0.publishing_day_id,pd1_0.created_at,pd1_0.day,pd1_0.updated_at from publishing_day pd1_0 where pd1_0.day=?
Hibernate: select pd1_0.publishing_day_id,pd1_0.created_at,pd1_0.day,pd1_0.updated_at from publishing_day pd1_0 where pd1_0.day=?
2024-03-29T17:51:09.751+09:00 DEBUG 2896 --- [    Test worker] org.hibernate.SQL                        : insert into webtoon_publishing_day (created_at,publishing_day_id,updated_at,webtoon_id) values (?,?,?,?)
Hibernate: insert into webtoon_publishing_day (created_at,publishing_day_id,updated_at,webtoon_id) values (?,?,?,?)
무능력자
2024-03-29T17:51:09.760+09:00 DEBUG 2896 --- [    Test worker] org.hibernate.SQL                        : insert into webtoon (created_at,description,no_youth,publication_status,thumbnail,title,updated_at) values (?,?,?,?,?,?,?)
Hibernate: insert into webtoon (created_at,description,no_youth,publication_status,thumbnail,title,updated_at) values (?,?,?,?,?,?,?)
2024-03-29T17:51:09.768+09:00 DEBUG 2896 --- [    Test worker] org.hibernate.SQL                        : select pd1_0.publishing_day_id,pd1_0.created_at,pd1_0.day,pd1_0.updated_at from publishing_day pd1_0 where pd1_0.day=?
Hibernate: select pd1_0.publishing_day_id,pd1_0.created_at,pd1_0.day,pd1_0.updated_at from publishing_day pd1_0 where pd1_0.day=?
2024-03-29T17:51:09.770+09:00 DEBUG 2896 --- [    Test worker] org.hibernate.SQL                        : insert into webtoon_publishing_day (created_at,publishing_day_id,updated_at,webtoon_id) values (?,?,?,?)
Hibernate: insert into webtoon_publishing_day (created_at,publishing_day_id,updated_at,webtoon_id) values (?,?,?,?)
분신으로 자동사냥
2024-03-29T17:51:09.778+09:00 DEBUG 2896 --- [    Test worker] org.hibernate.SQL                        : insert into webtoon (created_at,description,no_youth,publication_status,thumbnail,title,updated_at) values (?,?,?,?,?,?,?)
Hibernate: insert into webtoon (created_at,description,no_youth,publication_status,thumbnail,title,updated_at) values (?,?,?,?,?,?,?)
2024-03-29T17:51:09.785+09:00 DEBUG 2896 --- [    Test worker] org.hibernate.SQL                        : select pd1_0.publishing_day_id,pd1_0.created_at,pd1_0.day,pd1_0.updated_at from publishing_day pd1_0 where pd1_0.day=?
Hibernate: select pd1_0.publishing_day_id,pd1_0.created_at,pd1_0.day,pd1_0.updated_at from publishing_day pd1_0 where pd1_0.day=?
2024-03-29T17:51:09.788+09:00 DEBUG 2896 --- [    Test worker] org.hibernate.SQL                        : insert into webtoon_publishing_day (created_at,publishing_day_id,updated_at,webtoon_id) values (?,?,?,?)
Hibernate: insert into webtoon_publishing_day (created_at,publishing_day_id,updated_at,webtoon_id) values (?,?,?,?)
날 닮은 아이
2024-03-29T17:51:09.795+09:00 DEBUG 2896 --- [    Test worker] org.hibernate.SQL                        : insert into webtoon (created_at,description,no_youth,publication_status,thumbnail,title,updated_at) values (?,?,?,?,?,?,?)
Hibernate: insert into webtoon (created_at,description,no_youth,publication_status,thumbnail,title,updated_at) values (?,?,?,?,?,?,?)
2024-03-29T17:51:09.803+09:00 DEBUG 2896 --- [    Test worker] org.hibernate.SQL                        : select pd1_0.publishing_day_id,pd1_0.created_at,pd1_0.day,pd1_0.updated_at from publishing_day pd1_0 where pd1_0.day=?
Hibernate: select pd1_0.publishing_day_id,pd1_0.created_at,pd1_0.day,pd1_0.updated_at from publishing_day pd1_0 where pd1_0.day=?
2024-03-29T17:51:09.807+09:00 DEBUG 2896 --- [    Test worker] org.hibernate.SQL                        : insert into webtoon_publishing_day (created_at,publishing_day_id,updated_at,webtoon_id) values (?,?,?,?)
Hibernate: insert into webtoon_publishing_day (created_at,publishing_day_id,updated_at,webtoon_id) values (?,?,?,?)
부동산이 없는 자에게 치명적인
2024-03-29T17:51:09.817+09:00 DEBUG 2896 --- [    Test worker] org.hibernate.SQL                        : insert into webtoon (created_at,description,no_youth,publication_status,thumbnail,title,updated_at) values (?,?,?,?,?,?,?)
Hibernate: insert into webtoon (created_at,description,no_youth,publication_status,thumbnail,title,updated_at) values (?,?,?,?,?,?,?)
2024-03-29T17:51:09.826+09:00 DEBUG 2896 --- [    Test worker] org.hibernate.SQL                        : select pd1_0.publishing_day_id,pd1_0.created_at,pd1_0.day,pd1_0.updated_at from publishing_day pd1_0 where pd1_0.day=?
Hibernate: select pd1_0.publishing_day_id,pd1_0.created_at,pd1_0.day,pd1_0.updated_at from publishing_day pd1_0 where pd1_0.day=?
2024-03-29T17:51:09.830+09:00 DEBUG 2896 --- [    Test worker] org.hibernate.SQL                        : insert into webtoon_publishing_day (created_at,publishing_day_id,updated_at,webtoon_id) values (?,?,?,?)
Hibernate: insert into webtoon_publishing_day (created_at,publishing_day_id,updated_at,webtoon_id) values (?,?,?,?)
청춘계시록
2024-03-29T17:51:09.838+09:00 DEBUG 2896 --- [    Test worker] org.hibernate.SQL                        : insert into webtoon (created_at,description,no_youth,publication_status,thumbnail,title,updated_at) values (?,?,?,?,?,?,?)
Hibernate: insert into webtoon (created_at,description,no_youth,publication_status,thumbnail,title,updated_at) values (?,?,?,?,?,?,?)
2024-03-29T17:51:09.847+09:00 DEBUG 2896 --- [    Test worker] org.hibernate.SQL                        : select pd1_0.publishing_day_id,pd1_0.created_at,pd1_0.day,pd1_0.updated_at from publishing_day pd1_0 where pd1_0.day=?
Hibernate: select pd1_0.publishing_day_id,pd1_0.created_at,pd1_0.day,pd1_0.updated_at from publishing_day pd1_0 where pd1_0.day=?
2024-03-29T17:51:09.851+09:00 DEBUG 2896 --- [    Test worker] org.hibernate.SQL                        : insert into webtoon_publishing_day (created_at,publishing_day_id,updated_at,webtoon_id) values (?,?,?,?)
Hibernate: insert into webtoon_publishing_day (created_at,publishing_day_id,updated_at,webtoon_id) values (?,?,?,?)
아카데미에 위장취업당했다
2024-03-29T17:51:09.860+09:00 DEBUG 2896 --- [    Test worker] org.hibernate.SQL                        : insert into webtoon (created_at,description,no_youth,publication_status,thumbnail,title,updated_at) values (?,?,?,?,?,?,?)
Hibernate: insert into webtoon (created_at,description,no_youth,publication_status,thumbnail,title,updated_at) values (?,?,?,?,?,?,?)
2024-03-29T17:51:09.869+09:00 DEBUG 2896 --- [    Test worker] org.hibernate.SQL                        : select pd1_0.publishing_day_id,pd1_0.created_at,pd1_0.day,pd1_0.updated_at from publishing_day pd1_0 where pd1_0.day=?
Hibernate: select pd1_0.publishing_day_id,pd1_0.created_at,pd1_0.day,pd1_0.updated_at from publishing_day pd1_0 where pd1_0.day=?
2024-03-29T17:51:09.874+09:00 DEBUG 2896 --- [    Test worker] org.hibernate.SQL                        : insert into webtoon_publishing_day (created_at,publishing_day_id,updated_at,webtoon_id) values (?,?,?,?)
Hibernate: insert into webtoon_publishing_day (created_at,publishing_day_id,updated_at,webtoon_id) values (?,?,?,?)
폰투스 : 극야2
2024-03-29T17:51:09.884+09:00 DEBUG 2896 --- [    Test worker] org.hibernate.SQL                        : insert into webtoon (created_at,description,no_youth,publication_status,thumbnail,title,updated_at) values (?,?,?,?,?,?,?)
Hibernate: insert into webtoon (created_at,description,no_youth,publication_status,thumbnail,title,updated_at) values (?,?,?,?,?,?,?)
2024-03-29T17:51:09.893+09:00 DEBUG 2896 --- [    Test worker] org.hibernate.SQL                        : select pd1_0.publishing_day_id,pd1_0.created_at,pd1_0.day,pd1_0.updated_at from publishing_day pd1_0 where pd1_0.day=?
Hibernate: select pd1_0.publishing_day_id,pd1_0.created_at,pd1_0.day,pd1_0.updated_at from publishing_day pd1_0 where pd1_0.day=?
2024-03-29T17:51:09.896+09:00 DEBUG 2896 --- [    Test worker] org.hibernate.SQL                        : insert into webtoon_publishing_day (created_at,publishing_day_id,updated_at,webtoon_id) values (?,?,?,?)
Hibernate: insert into webtoon_publishing_day (created_at,publishing_day_id,updated_at,webtoon_id) values (?,?,?,?)
죽거나 혹은 사랑에 빠지거나
2024-03-29T17:51:09.904+09:00 DEBUG 2896 --- [    Test worker] org.hibernate.SQL                        : insert into webtoon (created_at,description,no_youth,publication_status,thumbnail,title,updated_at) values (?,?,?,?,?,?,?)
Hibernate: insert into webtoon (created_at,description,no_youth,publication_status,thumbnail,title,updated_at) values (?,?,?,?,?,?,?)
2024-03-29T17:51:09.912+09:00 DEBUG 2896 --- [    Test worker] org.hibernate.SQL                        : select pd1_0.publishing_day_id,pd1_0.created_at,pd1_0.day,pd1_0.updated_at from publishing_day pd1_0 where pd1_0.day=?
Hibernate: select pd1_0.publishing_day_id,pd1_0.created_at,pd1_0.day,pd1_0.updated_at from publishing_day pd1_0 where pd1_0.day=?
2024-03-29T17:51:09.916+09:00 DEBUG 2896 --- [    Test worker] org.hibernate.SQL                        : insert into webtoon_publishing_day (created_at,publishing_day_id,updated_at,webtoon_id) values (?,?,?,?)
Hibernate: insert into webtoon_publishing_day (created_at,publishing_day_id,updated_at,webtoon_id) values (?,?,?,?)
위닝샷!
2024-03-29T17:51:09.925+09:00 DEBUG 2896 --- [    Test worker] org.hibernate.SQL                        : insert into webtoon (created_at,description,no_youth,publication_status,thumbnail,title,updated_at) values (?,?,?,?,?,?,?)
Hibernate: insert into webtoon (created_at,description,no_youth,publication_status,thumbnail,title,updated_at) values (?,?,?,?,?,?,?)
2024-03-29T17:51:09.932+09:00 DEBUG 2896 --- [    Test worker] org.hibernate.SQL                        : select pd1_0.publishing_day_id,pd1_0.created_at,pd1_0.day,pd1_0.updated_at from publishing_day pd1_0 where pd1_0.day=?
Hibernate: select pd1_0.publishing_day_id,pd1_0.created_at,pd1_0.day,pd1_0.updated_at from publishing_day pd1_0 where pd1_0.day=?
2024-03-29T17:51:09.937+09:00 DEBUG 2896 --- [    Test worker] org.hibernate.SQL                        : insert into webtoon_publishing_day (created_at,publishing_day_id,updated_at,webtoon_id) values (?,?,?,?)
Hibernate: insert into webtoon_publishing_day (created_at,publishing_day_id,updated_at,webtoon_id) values (?,?,?,?)
혼자 다 해 먹는 천재 암살자
2024-03-29T17:51:09.943+09:00 DEBUG 2896 --- [    Test worker] org.hibernate.SQL                        : insert into webtoon (created_at,description,no_youth,publication_status,thumbnail,title,updated_at) values (?,?,?,?,?,?,?)
Hibernate: insert into webtoon (created_at,description,no_youth,publication_status,thumbnail,title,updated_at) values (?,?,?,?,?,?,?)
2024-03-29T17:51:09.950+09:00 DEBUG 2896 --- [    Test worker] org.hibernate.SQL                        : select pd1_0.publishing_day_id,pd1_0.created_at,pd1_0.day,pd1_0.updated_at from publishing_day pd1_0 where pd1_0.day=?
Hibernate: select pd1_0.publishing_day_id,pd1_0.created_at,pd1_0.day,pd1_0.updated_at from publishing_day pd1_0 where pd1_0.day=?
2024-03-29T17:51:09.954+09:00 DEBUG 2896 --- [    Test worker] org.hibernate.SQL                        : insert into webtoon_publishing_day (created_at,publishing_day_id,updated_at,webtoon_id) values (?,?,?,?)
Hibernate: insert into webtoon_publishing_day (created_at,publishing_day_id,updated_at,webtoon_id) values (?,?,?,?)
"그 머리 긴 선배
2024-03-29T17:51:09.960+09:00 DEBUG 2896 --- [    Test worker] org.hibernate.SQL                        : insert into webtoon (created_at,description,no_youth,publication_status,thumbnail,title,updated_at) values (?,?,?,?,?,?,?)
Hibernate: insert into webtoon (created_at,description,no_youth,publication_status,thumbnail,title,updated_at) values (?,?,?,?,?,?,?)
2024-03-29T17:51:09.967+09:00 DEBUG 2896 --- [    Test worker] org.hibernate.SQL                        : select pd1_0.publishing_day_id,pd1_0.created_at,pd1_0.day,pd1_0.updated_at from publishing_day pd1_0 where pd1_0.day=?
Hibernate: select pd1_0.publishing_day_id,pd1_0.created_at,pd1_0.day,pd1_0.updated_at from publishing_day pd1_0 where pd1_0.day=?
2024-03-29T17:51:09.969+09:00 DEBUG 2896 --- [    Test worker] org.hibernate.SQL                        : insert into webtoon_publishing_day (created_at,publishing_day_id,updated_at,webtoon_id) values (?,?,?,?)
Hibernate: insert into webtoon_publishing_day (created_at,publishing_day_id,updated_at,webtoon_id) values (?,?,?,?)
소녀재판
2024-03-29T17:51:09.975+09:00 DEBUG 2896 --- [    Test worker] org.hibernate.SQL                        : insert into webtoon (created_at,description,no_youth,publication_status,thumbnail,title,updated_at) values (?,?,?,?,?,?,?)
Hibernate: insert into webtoon (created_at,description,no_youth,publication_status,thumbnail,title,updated_at) values (?,?,?,?,?,?,?)
2024-03-29T17:51:09.983+09:00 DEBUG 2896 --- [    Test worker] org.hibernate.SQL                        : select pd1_0.publishing_day_id,pd1_0.created_at,pd1_0.day,pd1_0.updated_at from publishing_day pd1_0 where pd1_0.day=?
Hibernate: select pd1_0.publishing_day_id,pd1_0.created_at,pd1_0.day,pd1_0.updated_at from publishing_day pd1_0 where pd1_0.day=?
2024-03-29T17:51:09.986+09:00 DEBUG 2896 --- [    Test worker] org.hibernate.SQL                        : insert into webtoon_publishing_day (created_at,publishing_day_id,updated_at,webtoon_id) values (?,?,?,?)
Hibernate: insert into webtoon_publishing_day (created_at,publishing_day_id,updated_at,webtoon_id) values (?,?,?,?)
"안녕
2024-03-29T17:51:09.993+09:00 DEBUG 2896 --- [    Test worker] org.hibernate.SQL                        : insert into webtoon (created_at,description,no_youth,publication_status,thumbnail,title,updated_at) values (?,?,?,?,?,?,?)
Hibernate: insert into webtoon (created_at,description,no_youth,publication_status,thumbnail,title,updated_at) values (?,?,?,?,?,?,?)
2024-03-29T17:51:10.000+09:00 DEBUG 2896 --- [    Test worker] org.hibernate.SQL                        : select pd1_0.publishing_day_id,pd1_0.created_at,pd1_0.day,pd1_0.updated_at from publishing_day pd1_0 where pd1_0.day=?
Hibernate: select pd1_0.publishing_day_id,pd1_0.created_at,pd1_0.day,pd1_0.updated_at from publishing_day pd1_0 where pd1_0.day=?
2024-03-29T17:51:10.003+09:00 DEBUG 2896 --- [    Test worker] org.hibernate.SQL                        : insert into webtoon_publishing_day (created_at,publishing_day_id,updated_at,webtoon_id) values (?,?,?,?)
Hibernate: insert into webtoon_publishing_day (created_at,publishing_day_id,updated_at,webtoon_id) values (?,?,?,?)
내일
2024-03-29T17:51:10.012+09:00 DEBUG 2896 --- [    Test worker] org.hibernate.SQL                        : insert into webtoon (created_at,description,no_youth,publication_status,thumbnail,title,updated_at) values (?,?,?,?,?,?,?)
Hibernate: insert into webtoon (created_at,description,no_youth,publication_status,thumbnail,title,updated_at) values (?,?,?,?,?,?,?)
2024-03-29T17:51:10.020+09:00 DEBUG 2896 --- [    Test worker] org.hibernate.SQL                        : select pd1_0.publishing_day_id,pd1_0.created_at,pd1_0.day,pd1_0.updated_at from publishing_day pd1_0 where pd1_0.day=?
Hibernate: select pd1_0.publishing_day_id,pd1_0.created_at,pd1_0.day,pd1_0.updated_at from publishing_day pd1_0 where pd1_0.day=?
2024-03-29T17:51:10.023+09:00 DEBUG 2896 --- [    Test worker] org.hibernate.SQL                        : insert into webtoon_publishing_day (created_at,publishing_day_id,updated_at,webtoon_id) values (?,?,?,?)
Hibernate: insert into webtoon_publishing_day (created_at,publishing_day_id,updated_at,webtoon_id) values (?,?,?,?)
장풍전
2024-03-29T17:51:10.032+09:00 DEBUG 2896 --- [    Test worker] org.hibernate.SQL                        : insert into webtoon (created_at,description,no_youth,publication_status,thumbnail,title,updated_at) values (?,?,?,?,?,?,?)
Hibernate: insert into webtoon (created_at,description,no_youth,publication_status,thumbnail,title,updated_at) values (?,?,?,?,?,?,?)
2024-03-29T17:51:10.041+09:00 DEBUG 2896 --- [    Test worker] org.hibernate.SQL                        : select pd1_0.publishing_day_id,pd1_0.created_at,pd1_0.day,pd1_0.updated_at from publishing_day pd1_0 where pd1_0.day=?
Hibernate: select pd1_0.publishing_day_id,pd1_0.created_at,pd1_0.day,pd1_0.updated_at from publishing_day pd1_0 where pd1_0.day=?
2024-03-29T17:51:10.045+09:00 DEBUG 2896 --- [    Test worker] org.hibernate.SQL                        : insert into webtoon_publishing_day (created_at,publishing_day_id,updated_at,webtoon_id) values (?,?,?,?)
Hibernate: insert into webtoon_publishing_day (created_at,publishing_day_id,updated_at,webtoon_id) values (?,?,?,?)
마법스크롤 상인 지오
2024-03-29T17:51:10.053+09:00 DEBUG 2896 --- [    Test worker] org.hibernate.SQL                        : insert into webtoon (created_at,description,no_youth,publication_status,thumbnail,title,updated_at) values (?,?,?,?,?,?,?)
Hibernate: insert into webtoon (created_at,description,no_youth,publication_status,thumbnail,title,updated_at) values (?,?,?,?,?,?,?)
2024-03-29T17:51:10.061+09:00 DEBUG 2896 --- [    Test worker] org.hibernate.SQL                        : select pd1_0.publishing_day_id,pd1_0.created_at,pd1_0.day,pd1_0.updated_at from publishing_day pd1_0 where pd1_0.day=?
Hibernate: select pd1_0.publishing_day_id,pd1_0.created_at,pd1_0.day,pd1_0.updated_at from publishing_day pd1_0 where pd1_0.day=?
2024-03-29T17:51:10.066+09:00 DEBUG 2896 --- [    Test worker] org.hibernate.SQL                        : insert into webtoon_publishing_day (created_at,publishing_day_id,updated_at,webtoon_id) values (?,?,?,?)
Hibernate: insert into webtoon_publishing_day (created_at,publishing_day_id,updated_at,webtoon_id) values (?,?,?,?)
피폐물 남주의 엄마가 되었다
2024-03-29T17:51:10.075+09:00 DEBUG 2896 --- [    Test worker] org.hibernate.SQL                        : insert into webtoon (created_at,description,no_youth,publication_status,thumbnail,title,updated_at) values (?,?,?,?,?,?,?)
Hibernate: insert into webtoon (created_at,description,no_youth,publication_status,thumbnail,title,updated_at) values (?,?,?,?,?,?,?)
2024-03-29T17:51:10.084+09:00 DEBUG 2896 --- [    Test worker] org.hibernate.SQL                        : select pd1_0.publishing_day_id,pd1_0.created_at,pd1_0.day,pd1_0.updated_at from publishing_day pd1_0 where pd1_0.day=?
Hibernate: select pd1_0.publishing_day_id,pd1_0.created_at,pd1_0.day,pd1_0.updated_at from publishing_day pd1_0 where pd1_0.day=?
2024-03-29T17:51:10.087+09:00 DEBUG 2896 --- [    Test worker] org.hibernate.SQL                        : insert into webtoon_publishing_day (created_at,publishing_day_id,updated_at,webtoon_id) values (?,?,?,?)
Hibernate: insert into webtoon_publishing_day (created_at,publishing_day_id,updated_at,webtoon_id) values (?,?,?,?)
망돌의 사생
2024-03-29T17:51:10.096+09:00 DEBUG 2896 --- [    Test worker] org.hibernate.SQL                        : insert into webtoon (created_at,description,no_youth,publication_status,thumbnail,title,updated_at) values (?,?,?,?,?,?,?)
Hibernate: insert into webtoon (created_at,description,no_youth,publication_status,thumbnail,title,updated_at) values (?,?,?,?,?,?,?)
2024-03-29T17:51:10.105+09:00 DEBUG 2896 --- [    Test worker] org.hibernate.SQL                        : select pd1_0.publishing_day_id,pd1_0.created_at,pd1_0.day,pd1_0.updated_at from publishing_day pd1_0 where pd1_0.day=?
Hibernate: select pd1_0.publishing_day_id,pd1_0.created_at,pd1_0.day,pd1_0.updated_at from publishing_day pd1_0 where pd1_0.day=?
2024-03-29T17:51:10.109+09:00 DEBUG 2896 --- [    Test worker] org.hibernate.SQL                        : insert into webtoon_publishing_day (created_at,publishing_day_id,updated_at,webtoon_id) values (?,?,?,?)
Hibernate: insert into webtoon_publishing_day (created_at,publishing_day_id,updated_at,webtoon_id) values (?,?,?,?)
무진
2024-03-29T17:51:10.118+09:00 DEBUG 2896 --- [    Test worker] org.hibernate.SQL                        : insert into webtoon (created_at,description,no_youth,publication_status,thumbnail,title,updated_at) values (?,?,?,?,?,?,?)
Hibernate: insert into webtoon (created_at,description,no_youth,publication_status,thumbnail,title,updated_at) values (?,?,?,?,?,?,?)
2024-03-29T17:51:10.128+09:00 DEBUG 2896 --- [    Test worker] org.hibernate.SQL                        : select pd1_0.publishing_day_id,pd1_0.created_at,pd1_0.day,pd1_0.updated_at from publishing_day pd1_0 where pd1_0.day=?
Hibernate: select pd1_0.publishing_day_id,pd1_0.created_at,pd1_0.day,pd1_0.updated_at from publishing_day pd1_0 where pd1_0.day=?
2024-03-29T17:51:10.131+09:00 DEBUG 2896 --- [    Test worker] org.hibernate.SQL                        : insert into webtoon_publishing_day (created_at,publishing_day_id,updated_at,webtoon_id) values (?,?,?,?)
Hibernate: insert into webtoon_publishing_day (created_at,publishing_day_id,updated_at,webtoon_id) values (?,?,?,?)
홍끼의 메소포타미아 신화
2024-03-29T17:51:10.140+09:00 DEBUG 2896 --- [    Test worker] org.hibernate.SQL                        : insert into webtoon (created_at,description,no_youth,publication_status,thumbnail,title,updated_at) values (?,?,?,?,?,?,?)
Hibernate: insert into webtoon (created_at,description,no_youth,publication_status,thumbnail,title,updated_at) values (?,?,?,?,?,?,?)
2024-03-29T17:51:10.148+09:00 DEBUG 2896 --- [    Test worker] org.hibernate.SQL                        : select pd1_0.publishing_day_id,pd1_0.created_at,pd1_0.day,pd1_0.updated_at from publishing_day pd1_0 where pd1_0.day=?
Hibernate: select pd1_0.publishing_day_id,pd1_0.created_at,pd1_0.day,pd1_0.updated_at from publishing_day pd1_0 where pd1_0.day=?
2024-03-29T17:51:10.153+09:00 DEBUG 2896 --- [    Test worker] org.hibernate.SQL                        : insert into webtoon_publishing_day (created_at,publishing_day_id,updated_at,webtoon_id) values (?,?,?,?)
Hibernate: insert into webtoon_publishing_day (created_at,publishing_day_id,updated_at,webtoon_id) values (?,?,?,?)
환생좌
2024-03-29T17:51:10.159+09:00 DEBUG 2896 --- [    Test worker] org.hibernate.SQL                        : insert into webtoon (created_at,description,no_youth,publication_status,thumbnail,title,updated_at) values (?,?,?,?,?,?,?)
Hibernate: insert into webtoon (created_at,description,no_youth,publication_status,thumbnail,title,updated_at) values (?,?,?,?,?,?,?)
2024-03-29T17:51:10.166+09:00 DEBUG 2896 --- [    Test worker] org.hibernate.SQL                        : select pd1_0.publishing_day_id,pd1_0.created_at,pd1_0.day,pd1_0.updated_at from publishing_day pd1_0 where pd1_0.day=?
Hibernate: select pd1_0.publishing_day_id,pd1_0.created_at,pd1_0.day,pd1_0.updated_at from publishing_day pd1_0 where pd1_0.day=?
2024-03-29T17:51:10.170+09:00 DEBUG 2896 --- [    Test worker] org.hibernate.SQL                        : insert into webtoon_publishing_day (created_at,publishing_day_id,updated_at,webtoon_id) values (?,?,?,?)
Hibernate: insert into webtoon_publishing_day (created_at,publishing_day_id,updated_at,webtoon_id) values (?,?,?,?)
약빨이 신선함
2024-03-29T17:51:10.177+09:00 DEBUG 2896 --- [    Test worker] org.hibernate.SQL                        : insert into webtoon (created_at,description,no_youth,publication_status,thumbnail,title,updated_at) values (?,?,?,?,?,?,?)
Hibernate: insert into webtoon (created_at,description,no_youth,publication_status,thumbnail,title,updated_at) values (?,?,?,?,?,?,?)
2024-03-29T17:51:10.184+09:00 DEBUG 2896 --- [    Test worker] org.hibernate.SQL                        : select pd1_0.publishing_day_id,pd1_0.created_at,pd1_0.day,pd1_0.updated_at from publishing_day pd1_0 where pd1_0.day=?
Hibernate: select pd1_0.publishing_day_id,pd1_0.created_at,pd1_0.day,pd1_0.updated_at from publishing_day pd1_0 where pd1_0.day=?
2024-03-29T17:51:10.186+09:00 DEBUG 2896 --- [    Test worker] org.hibernate.SQL                        : insert into webtoon_publishing_day (created_at,publishing_day_id,updated_at,webtoon_id) values (?,?,?,?)
Hibernate: insert into webtoon_publishing_day (created_at,publishing_day_id,updated_at,webtoon_id) values (?,?,?,?)
무서운게 딱좋아!
2024-03-29T17:51:10.193+09:00 DEBUG 2896 --- [    Test worker] org.hibernate.SQL                        : insert into webtoon (created_at,description,no_youth,publication_status,thumbnail,title,updated_at) values (?,?,?,?,?,?,?)
Hibernate: insert into webtoon (created_at,description,no_youth,publication_status,thumbnail,title,updated_at) values (?,?,?,?,?,?,?)
2024-03-29T17:51:10.201+09:00 DEBUG 2896 --- [    Test worker] org.hibernate.SQL                        : select pd1_0.publishing_day_id,pd1_0.created_at,pd1_0.day,pd1_0.updated_at from publishing_day pd1_0 where pd1_0.day=?
Hibernate: select pd1_0.publishing_day_id,pd1_0.created_at,pd1_0.day,pd1_0.updated_at from publishing_day pd1_0 where pd1_0.day=?
2024-03-29T17:51:10.204+09:00 DEBUG 2896 --- [    Test worker] org.hibernate.SQL                        : insert into webtoon_publishing_day (created_at,publishing_day_id,updated_at,webtoon_id) values (?,?,?,?)
Hibernate: insert into webtoon_publishing_day (created_at,publishing_day_id,updated_at,webtoon_id) values (?,?,?,?)
칼끝에 입술
2024-03-29T17:51:10.210+09:00 DEBUG 2896 --- [    Test worker] org.hibernate.SQL                        : insert into webtoon (created_at,description,no_youth,publication_status,thumbnail,title,updated_at) values (?,?,?,?,?,?,?)
Hibernate: insert into webtoon (created_at,description,no_youth,publication_status,thumbnail,title,updated_at) values (?,?,?,?,?,?,?)
2024-03-29T17:51:10.219+09:00 DEBUG 2896 --- [    Test worker] org.hibernate.SQL                        : select pd1_0.publishing_day_id,pd1_0.created_at,pd1_0.day,pd1_0.updated_at from publishing_day pd1_0 where pd1_0.day=?
Hibernate: select pd1_0.publishing_day_id,pd1_0.created_at,pd1_0.day,pd1_0.updated_at from publishing_day pd1_0 where pd1_0.day=?
2024-03-29T17:51:10.222+09:00 DEBUG 2896 --- [    Test worker] org.hibernate.SQL                        : insert into webtoon_publishing_day (created_at,publishing_day_id,updated_at,webtoon_id) values (?,?,?,?)
Hibernate: insert into webtoon_publishing_day (created_at,publishing_day_id,updated_at,webtoon_id) values (?,?,?,?)
사랑받는 시집살이
2024-03-29T17:51:10.231+09:00 DEBUG 2896 --- [    Test worker] org.hibernate.SQL                        : insert into webtoon (created_at,description,no_youth,publication_status,thumbnail,title,updated_at) values (?,?,?,?,?,?,?)
Hibernate: insert into webtoon (created_at,description,no_youth,publication_status,thumbnail,title,updated_at) values (?,?,?,?,?,?,?)
2024-03-29T17:51:10.239+09:00 DEBUG 2896 --- [    Test worker] org.hibernate.SQL                        : select pd1_0.publishing_day_id,pd1_0.created_at,pd1_0.day,pd1_0.updated_at from publishing_day pd1_0 where pd1_0.day=?
Hibernate: select pd1_0.publishing_day_id,pd1_0.created_at,pd1_0.day,pd1_0.updated_at from publishing_day pd1_0 where pd1_0.day=?
2024-03-29T17:51:10.242+09:00 DEBUG 2896 --- [    Test worker] org.hibernate.SQL                        : insert into webtoon_publishing_day (created_at,publishing_day_id,updated_at,webtoon_id) values (?,?,?,?)
Hibernate: insert into webtoon_publishing_day (created_at,publishing_day_id,updated_at,webtoon_id) values (?,?,?,?)
경자 전성시대
2024-03-29T17:51:10.250+09:00 DEBUG 2896 --- [    Test worker] org.hibernate.SQL                        : insert into webtoon (created_at,description,no_youth,publication_status,thumbnail,title,updated_at) values (?,?,?,?,?,?,?)
Hibernate: insert into webtoon (created_at,description,no_youth,publication_status,thumbnail,title,updated_at) values (?,?,?,?,?,?,?)
2024-03-29T17:51:10.258+09:00 DEBUG 2896 --- [    Test worker] org.hibernate.SQL                        : select pd1_0.publishing_day_id,pd1_0.created_at,pd1_0.day,pd1_0.updated_at from publishing_day pd1_0 where pd1_0.day=?
Hibernate: select pd1_0.publishing_day_id,pd1_0.created_at,pd1_0.day,pd1_0.updated_at from publishing_day pd1_0 where pd1_0.day=?
2024-03-29T17:51:10.261+09:00 DEBUG 2896 --- [    Test worker] org.hibernate.SQL                        : insert into webtoon_publishing_day (created_at,publishing_day_id,updated_at,webtoon_id) values (?,?,?,?)
Hibernate: insert into webtoon_publishing_day (created_at,publishing_day_id,updated_at,webtoon_id) values (?,?,?,?)
허리케인 공주님
2024-03-29T17:51:10.269+09:00 DEBUG 2896 --- [    Test worker] org.hibernate.SQL                        : insert into webtoon (created_at,description,no_youth,publication_status,thumbnail,title,updated_at) values (?,?,?,?,?,?,?)
Hibernate: insert into webtoon (created_at,description,no_youth,publication_status,thumbnail,title,updated_at) values (?,?,?,?,?,?,?)
2024-03-29T17:51:10.277+09:00 DEBUG 2896 --- [    Test worker] org.hibernate.SQL                        : select pd1_0.publishing_day_id,pd1_0.created_at,pd1_0.day,pd1_0.updated_at from publishing_day pd1_0 where pd1_0.day=?
Hibernate: select pd1_0.publishing_day_id,pd1_0.created_at,pd1_0.day,pd1_0.updated_at from publishing_day pd1_0 where pd1_0.day=?
2024-03-29T17:51:10.282+09:00 DEBUG 2896 --- [    Test worker] org.hibernate.SQL                        : insert into webtoon_publishing_day (created_at,publishing_day_id,updated_at,webtoon_id) values (?,?,?,?)
Hibernate: insert into webtoon_publishing_day (created_at,publishing_day_id,updated_at,webtoon_id) values (?,?,?,?)
상사불상사
2024-03-29T17:51:10.290+09:00 DEBUG 2896 --- [    Test worker] org.hibernate.SQL                        : insert into webtoon (created_at,description,no_youth,publication_status,thumbnail,title,updated_at) values (?,?,?,?,?,?,?)
Hibernate: insert into webtoon (created_at,description,no_youth,publication_status,thumbnail,title,updated_at) values (?,?,?,?,?,?,?)
2024-03-29T17:51:10.299+09:00 DEBUG 2896 --- [    Test worker] org.hibernate.SQL                        : select pd1_0.publishing_day_id,pd1_0.created_at,pd1_0.day,pd1_0.updated_at from publishing_day pd1_0 where pd1_0.day=?
Hibernate: select pd1_0.publishing_day_id,pd1_0.created_at,pd1_0.day,pd1_0.updated_at from publishing_day pd1_0 where pd1_0.day=?
2024-03-29T17:51:10.303+09:00 DEBUG 2896 --- [    Test worker] org.hibernate.SQL                        : insert into webtoon_publishing_day (created_at,publishing_day_id,updated_at,webtoon_id) values (?,?,?,?)
Hibernate: insert into webtoon_publishing_day (created_at,publishing_day_id,updated_at,webtoon_id) values (?,?,?,?)
서과장은 산재처리 됐을까
2024-03-29T17:51:10.311+09:00 DEBUG 2896 --- [    Test worker] org.hibernate.SQL                        : insert into webtoon (created_at,description,no_youth,publication_status,thumbnail,title,updated_at) values (?,?,?,?,?,?,?)
Hibernate: insert into webtoon (created_at,description,no_youth,publication_status,thumbnail,title,updated_at) values (?,?,?,?,?,?,?)
2024-03-29T17:51:10.320+09:00 DEBUG 2896 --- [    Test worker] org.hibernate.SQL                        : select pd1_0.publishing_day_id,pd1_0.created_at,pd1_0.day,pd1_0.updated_at from publishing_day pd1_0 where pd1_0.day=?
Hibernate: select pd1_0.publishing_day_id,pd1_0.created_at,pd1_0.day,pd1_0.updated_at from publishing_day pd1_0 where pd1_0.day=?
2024-03-29T17:51:10.325+09:00 DEBUG 2896 --- [    Test worker] org.hibernate.SQL                        : insert into webtoon_publishing_day (created_at,publishing_day_id,updated_at,webtoon_id) values (?,?,?,?)
Hibernate: insert into webtoon_publishing_day (created_at,publishing_day_id,updated_at,webtoon_id) values (?,?,?,?)
이웃집 연하
2024-03-29T17:51:10.331+09:00 DEBUG 2896 --- [    Test worker] org.hibernate.SQL                        : insert into webtoon (created_at,description,no_youth,publication_status,thumbnail,title,updated_at) values (?,?,?,?,?,?,?)
Hibernate: insert into webtoon (created_at,description,no_youth,publication_status,thumbnail,title,updated_at) values (?,?,?,?,?,?,?)
2024-03-29T17:51:10.340+09:00 DEBUG 2896 --- [    Test worker] org.hibernate.SQL                        : select pd1_0.publishing_day_id,pd1_0.created_at,pd1_0.day,pd1_0.updated_at from publishing_day pd1_0 where pd1_0.day=?
Hibernate: select pd1_0.publishing_day_id,pd1_0.created_at,pd1_0.day,pd1_0.updated_at from publishing_day pd1_0 where pd1_0.day=?
2024-03-29T17:51:10.344+09:00 DEBUG 2896 --- [    Test worker] org.hibernate.SQL                        : insert into webtoon_publishing_day (created_at,publishing_day_id,updated_at,webtoon_id) values (?,?,?,?)
Hibernate: insert into webtoon_publishing_day (created_at,publishing_day_id,updated_at,webtoon_id) values (?,?,?,?)
용사보다 너무 강해서 힘을 숨김
2024-03-29T17:51:10.351+09:00 DEBUG 2896 --- [    Test worker] org.hibernate.SQL                        : insert into webtoon (created_at,description,no_youth,publication_status,thumbnail,title,updated_at) values (?,?,?,?,?,?,?)
Hibernate: insert into webtoon (created_at,description,no_youth,publication_status,thumbnail,title,updated_at) values (?,?,?,?,?,?,?)
2024-03-29T17:51:10.358+09:00 DEBUG 2896 --- [    Test worker] org.hibernate.SQL                        : select pd1_0.publishing_day_id,pd1_0.created_at,pd1_0.day,pd1_0.updated_at from publishing_day pd1_0 where pd1_0.day=?
Hibernate: select pd1_0.publishing_day_id,pd1_0.created_at,pd1_0.day,pd1_0.updated_at from publishing_day pd1_0 where pd1_0.day=?
2024-03-29T17:51:10.360+09:00 DEBUG 2896 --- [    Test worker] org.hibernate.SQL                        : insert into webtoon_publishing_day (created_at,publishing_day_id,updated_at,webtoon_id) values (?,?,?,?)
Hibernate: insert into webtoon_publishing_day (created_at,publishing_day_id,updated_at,webtoon_id) values (?,?,?,?)
오로지 너를 이기고 싶어
2024-03-29T17:51:10.367+09:00 DEBUG 2896 --- [    Test worker] org.hibernate.SQL                        : insert into webtoon (created_at,description,no_youth,publication_status,thumbnail,title,updated_at) values (?,?,?,?,?,?,?)
Hibernate: insert into webtoon (created_at,description,no_youth,publication_status,thumbnail,title,updated_at) values (?,?,?,?,?,?,?)
2024-03-29T17:51:10.375+09:00 DEBUG 2896 --- [    Test worker] org.hibernate.SQL                        : select pd1_0.publishing_day_id,pd1_0.created_at,pd1_0.day,pd1_0.updated_at from publishing_day pd1_0 where pd1_0.day=?
Hibernate: select pd1_0.publishing_day_id,pd1_0.created_at,pd1_0.day,pd1_0.updated_at from publishing_day pd1_0 where pd1_0.day=?
2024-03-29T17:51:10.377+09:00 DEBUG 2896 --- [    Test worker] org.hibernate.SQL                        : insert into webtoon_publishing_day (created_at,publishing_day_id,updated_at,webtoon_id) values (?,?,?,?)
Hibernate: insert into webtoon_publishing_day (created_at,publishing_day_id,updated_at,webtoon_id) values (?,?,?,?)
펀치드렁커드
2024-03-29T17:51:10.384+09:00 DEBUG 2896 --- [    Test worker] org.hibernate.SQL                        : insert into webtoon (created_at,description,no_youth,publication_status,thumbnail,title,updated_at) values (?,?,?,?,?,?,?)
Hibernate: insert into webtoon (created_at,description,no_youth,publication_status,thumbnail,title,updated_at) values (?,?,?,?,?,?,?)
2024-03-29T17:51:10.392+09:00 DEBUG 2896 --- [    Test worker] org.hibernate.SQL                        : select pd1_0.publishing_day_id,pd1_0.created_at,pd1_0.day,pd1_0.updated_at from publishing_day pd1_0 where pd1_0.day=?
Hibernate: select pd1_0.publishing_day_id,pd1_0.created_at,pd1_0.day,pd1_0.updated_at from publishing_day pd1_0 where pd1_0.day=?
2024-03-29T17:51:10.394+09:00 DEBUG 2896 --- [    Test worker] org.hibernate.SQL                        : insert into webtoon_publishing_day (created_at,publishing_day_id,updated_at,webtoon_id) values (?,?,?,?)
Hibernate: insert into webtoon_publishing_day (created_at,publishing_day_id,updated_at,webtoon_id) values (?,?,?,?)
망겜의 시체줍는 천재전사
2024-03-29T17:51:10.401+09:00 DEBUG 2896 --- [    Test worker] org.hibernate.SQL                        : insert into webtoon (created_at,description,no_youth,publication_status,thumbnail,title,updated_at) values (?,?,?,?,?,?,?)
Hibernate: insert into webtoon (created_at,description,no_youth,publication_status,thumbnail,title,updated_at) values (?,?,?,?,?,?,?)
2024-03-29T17:51:10.409+09:00 DEBUG 2896 --- [    Test worker] org.hibernate.SQL                        : select pd1_0.publishing_day_id,pd1_0.created_at,pd1_0.day,pd1_0.updated_at from publishing_day pd1_0 where pd1_0.day=?
Hibernate: select pd1_0.publishing_day_id,pd1_0.created_at,pd1_0.day,pd1_0.updated_at from publishing_day pd1_0 where pd1_0.day=?
2024-03-29T17:51:10.413+09:00 DEBUG 2896 --- [    Test worker] org.hibernate.SQL                        : insert into webtoon_publishing_day (created_at,publishing_day_id,updated_at,webtoon_id) values (?,?,?,?)
Hibernate: insert into webtoon_publishing_day (created_at,publishing_day_id,updated_at,webtoon_id) values (?,?,?,?)
연애일기
2024-03-29T17:51:10.420+09:00 DEBUG 2896 --- [    Test worker] org.hibernate.SQL                        : insert into webtoon (created_at,description,no_youth,publication_status,thumbnail,title,updated_at) values (?,?,?,?,?,?,?)
Hibernate: insert into webtoon (created_at,description,no_youth,publication_status,thumbnail,title,updated_at) values (?,?,?,?,?,?,?)
2024-03-29T17:51:10.429+09:00 DEBUG 2896 --- [    Test worker] org.hibernate.SQL                        : select pd1_0.publishing_day_id,pd1_0.created_at,pd1_0.day,pd1_0.updated_at from publishing_day pd1_0 where pd1_0.day=?
Hibernate: select pd1_0.publishing_day_id,pd1_0.created_at,pd1_0.day,pd1_0.updated_at from publishing_day pd1_0 where pd1_0.day=?
2024-03-29T17:51:10.433+09:00 DEBUG 2896 --- [    Test worker] org.hibernate.SQL                        : insert into webtoon_publishing_day (created_at,publishing_day_id,updated_at,webtoon_id) values (?,?,?,?)
Hibernate: insert into webtoon_publishing_day (created_at,publishing_day_id,updated_at,webtoon_id) values (?,?,?,?)
밤마다 남편이 바뀐다
2024-03-29T17:51:10.441+09:00 DEBUG 2896 --- [    Test worker] org.hibernate.SQL                        : insert into webtoon (created_at,description,no_youth,publication_status,thumbnail,title,updated_at) values (?,?,?,?,?,?,?)
Hibernate: insert into webtoon (created_at,description,no_youth,publication_status,thumbnail,title,updated_at) values (?,?,?,?,?,?,?)
2024-03-29T17:51:10.450+09:00 DEBUG 2896 --- [    Test worker] org.hibernate.SQL                        : select pd1_0.publishing_day_id,pd1_0.created_at,pd1_0.day,pd1_0.updated_at from publishing_day pd1_0 where pd1_0.day=?
Hibernate: select pd1_0.publishing_day_id,pd1_0.created_at,pd1_0.day,pd1_0.updated_at from publishing_day pd1_0 where pd1_0.day=?
2024-03-29T17:51:10.454+09:00 DEBUG 2896 --- [    Test worker] org.hibernate.SQL                        : insert into webtoon_publishing_day (created_at,publishing_day_id,updated_at,webtoon_id) values (?,?,?,?)
Hibernate: insert into webtoon_publishing_day (created_at,publishing_day_id,updated_at,webtoon_id) values (?,?,?,?)
찐한 고백
2024-03-29T17:51:10.462+09:00 DEBUG 2896 --- [    Test worker] org.hibernate.SQL                        : insert into webtoon (created_at,description,no_youth,publication_status,thumbnail,title,updated_at) values (?,?,?,?,?,?,?)
Hibernate: insert into webtoon (created_at,description,no_youth,publication_status,thumbnail,title,updated_at) values (?,?,?,?,?,?,?)
2024-03-29T17:51:10.471+09:00 DEBUG 2896 --- [    Test worker] org.hibernate.SQL                        : select pd1_0.publishing_day_id,pd1_0.created_at,pd1_0.day,pd1_0.updated_at from publishing_day pd1_0 where pd1_0.day=?
Hibernate: select pd1_0.publishing_day_id,pd1_0.created_at,pd1_0.day,pd1_0.updated_at from publishing_day pd1_0 where pd1_0.day=?
2024-03-29T17:51:10.474+09:00 DEBUG 2896 --- [    Test worker] org.hibernate.SQL                        : insert into webtoon_publishing_day (created_at,publishing_day_id,updated_at,webtoon_id) values (?,?,?,?)
Hibernate: insert into webtoon_publishing_day (created_at,publishing_day_id,updated_at,webtoon_id) values (?,?,?,?)
강아지는 멍멍하고 짖지 않아!
2024-03-29T17:51:10.482+09:00 DEBUG 2896 --- [    Test worker] org.hibernate.SQL                        : insert into webtoon (created_at,description,no_youth,publication_status,thumbnail,title,updated_at) values (?,?,?,?,?,?,?)
Hibernate: insert into webtoon (created_at,description,no_youth,publication_status,thumbnail,title,updated_at) values (?,?,?,?,?,?,?)
2024-03-29T17:51:10.491+09:00 DEBUG 2896 --- [    Test worker] org.hibernate.SQL                        : select pd1_0.publishing_day_id,pd1_0.created_at,pd1_0.day,pd1_0.updated_at from publishing_day pd1_0 where pd1_0.day=?
Hibernate: select pd1_0.publishing_day_id,pd1_0.created_at,pd1_0.day,pd1_0.updated_at from publishing_day pd1_0 where pd1_0.day=?
2024-03-29T17:51:10.495+09:00 DEBUG 2896 --- [    Test worker] org.hibernate.SQL                        : insert into webtoon_publishing_day (created_at,publishing_day_id,updated_at,webtoon_id) values (?,?,?,?)
Hibernate: insert into webtoon_publishing_day (created_at,publishing_day_id,updated_at,webtoon_id) values (?,?,?,?)
최고의 뿔소라
2024-03-29T17:51:10.503+09:00 DEBUG 2896 --- [    Test worker] org.hibernate.SQL                        : insert into webtoon (created_at,description,no_youth,publication_status,thumbnail,title,updated_at) values (?,?,?,?,?,?,?)
Hibernate: insert into webtoon (created_at,description,no_youth,publication_status,thumbnail,title,updated_at) values (?,?,?,?,?,?,?)
2024-03-29T17:51:10.512+09:00 DEBUG 2896 --- [    Test worker] org.hibernate.SQL                        : select pd1_0.publishing_day_id,pd1_0.created_at,pd1_0.day,pd1_0.updated_at from publishing_day pd1_0 where pd1_0.day=?
Hibernate: select pd1_0.publishing_day_id,pd1_0.created_at,pd1_0.day,pd1_0.updated_at from publishing_day pd1_0 where pd1_0.day=?
2024-03-29T17:51:10.514+09:00 DEBUG 2896 --- [    Test worker] org.hibernate.SQL                        : insert into webtoon_publishing_day (created_at,publishing_day_id,updated_at,webtoon_id) values (?,?,?,?)
Hibernate: insert into webtoon_publishing_day (created_at,publishing_day_id,updated_at,webtoon_id) values (?,?,?,?)
내게 종말은 게임이다
2024-03-29T17:51:10.522+09:00 DEBUG 2896 --- [    Test worker] org.hibernate.SQL                        : insert into webtoon (created_at,description,no_youth,publication_status,thumbnail,title,updated_at) values (?,?,?,?,?,?,?)
Hibernate: insert into webtoon (created_at,description,no_youth,publication_status,thumbnail,title,updated_at) values (?,?,?,?,?,?,?)
2024-03-29T17:51:10.530+09:00 DEBUG 2896 --- [    Test worker] org.hibernate.SQL                        : select pd1_0.publishing_day_id,pd1_0.created_at,pd1_0.day,pd1_0.updated_at from publishing_day pd1_0 where pd1_0.day=?
Hibernate: select pd1_0.publishing_day_id,pd1_0.created_at,pd1_0.day,pd1_0.updated_at from publishing_day pd1_0 where pd1_0.day=?
2024-03-29T17:51:10.535+09:00 DEBUG 2896 --- [    Test worker] org.hibernate.SQL                        : insert into webtoon_publishing_day (created_at,publishing_day_id,updated_at,webtoon_id) values (?,?,?,?)
Hibernate: insert into webtoon_publishing_day (created_at,publishing_day_id,updated_at,webtoon_id) values (?,?,?,?)
다크 판타지 속 성기사
2024-03-29T17:51:10.541+09:00 DEBUG 2896 --- [    Test worker] org.hibernate.SQL                        : insert into webtoon (created_at,description,no_youth,publication_status,thumbnail,title,updated_at) values (?,?,?,?,?,?,?)
Hibernate: insert into webtoon (created_at,description,no_youth,publication_status,thumbnail,title,updated_at) values (?,?,?,?,?,?,?)
2024-03-29T17:51:10.549+09:00 DEBUG 2896 --- [    Test worker] org.hibernate.SQL                        : select pd1_0.publishing_day_id,pd1_0.created_at,pd1_0.day,pd1_0.updated_at from publishing_day pd1_0 where pd1_0.day=?
Hibernate: select pd1_0.publishing_day_id,pd1_0.created_at,pd1_0.day,pd1_0.updated_at from publishing_day pd1_0 where pd1_0.day=?
2024-03-29T17:51:10.553+09:00 DEBUG 2896 --- [    Test worker] org.hibernate.SQL                        : insert into webtoon_publishing_day (created_at,publishing_day_id,updated_at,webtoon_id) values (?,?,?,?)
Hibernate: insert into webtoon_publishing_day (created_at,publishing_day_id,updated_at,webtoon_id) values (?,?,?,?)
오!단군
2024-03-29T17:51:10.559+09:00 DEBUG 2896 --- [    Test worker] org.hibernate.SQL                        : insert into webtoon (created_at,description,no_youth,publication_status,thumbnail,title,updated_at) values (?,?,?,?,?,?,?)
Hibernate: insert into webtoon (created_at,description,no_youth,publication_status,thumbnail,title,updated_at) values (?,?,?,?,?,?,?)
2024-03-29T17:51:10.566+09:00 DEBUG 2896 --- [    Test worker] org.hibernate.SQL                        : select pd1_0.publishing_day_id,pd1_0.created_at,pd1_0.day,pd1_0.updated_at from publishing_day pd1_0 where pd1_0.day=?
Hibernate: select pd1_0.publishing_day_id,pd1_0.created_at,pd1_0.day,pd1_0.updated_at from publishing_day pd1_0 where pd1_0.day=?
2024-03-29T17:51:10.569+09:00 DEBUG 2896 --- [    Test worker] org.hibernate.SQL                        : insert into webtoon_publishing_day (created_at,publishing_day_id,updated_at,webtoon_id) values (?,?,?,?)
Hibernate: insert into webtoon_publishing_day (created_at,publishing_day_id,updated_at,webtoon_id) values (?,?,?,?)
불완전 신데렐라물
2024-03-29T17:51:10.575+09:00 DEBUG 2896 --- [    Test worker] org.hibernate.SQL                        : insert into webtoon (created_at,description,no_youth,publication_status,thumbnail,title,updated_at) values (?,?,?,?,?,?,?)
Hibernate: insert into webtoon (created_at,description,no_youth,publication_status,thumbnail,title,updated_at) values (?,?,?,?,?,?,?)
2024-03-29T17:51:10.583+09:00 DEBUG 2896 --- [    Test worker] org.hibernate.SQL                        : select pd1_0.publishing_day_id,pd1_0.created_at,pd1_0.day,pd1_0.updated_at from publishing_day pd1_0 where pd1_0.day=?
Hibernate: select pd1_0.publishing_day_id,pd1_0.created_at,pd1_0.day,pd1_0.updated_at from publishing_day pd1_0 where pd1_0.day=?
2024-03-29T17:51:10.586+09:00 DEBUG 2896 --- [    Test worker] org.hibernate.SQL                        : insert into webtoon_publishing_day (created_at,publishing_day_id,updated_at,webtoon_id) values (?,?,?,?)
Hibernate: insert into webtoon_publishing_day (created_at,publishing_day_id,updated_at,webtoon_id) values (?,?,?,?)
팔문의 옥
2024-03-29T17:51:10.593+09:00 DEBUG 2896 --- [    Test worker] org.hibernate.SQL                        : insert into webtoon (created_at,description,no_youth,publication_status,thumbnail,title,updated_at) values (?,?,?,?,?,?,?)
Hibernate: insert into webtoon (created_at,description,no_youth,publication_status,thumbnail,title,updated_at) values (?,?,?,?,?,?,?)
2024-03-29T17:51:10.600+09:00 DEBUG 2896 --- [    Test worker] org.hibernate.SQL                        : select pd1_0.publishing_day_id,pd1_0.created_at,pd1_0.day,pd1_0.updated_at from publishing_day pd1_0 where pd1_0.day=?
Hibernate: select pd1_0.publishing_day_id,pd1_0.created_at,pd1_0.day,pd1_0.updated_at from publishing_day pd1_0 where pd1_0.day=?
2024-03-29T17:51:10.603+09:00 DEBUG 2896 --- [    Test worker] org.hibernate.SQL                        : insert into webtoon_publishing_day (created_at,publishing_day_id,updated_at,webtoon_id) values (?,?,?,?)
Hibernate: insert into webtoon_publishing_day (created_at,publishing_day_id,updated_at,webtoon_id) values (?,?,?,?)
홍 의관의 은밀한 비밀
2024-03-29T17:51:10.610+09:00 DEBUG 2896 --- [    Test worker] org.hibernate.SQL                        : insert into webtoon (created_at,description,no_youth,publication_status,thumbnail,title,updated_at) values (?,?,?,?,?,?,?)
Hibernate: insert into webtoon (created_at,description,no_youth,publication_status,thumbnail,title,updated_at) values (?,?,?,?,?,?,?)
2024-03-29T17:51:10.616+09:00 DEBUG 2896 --- [    Test worker] org.hibernate.SQL                        : select pd1_0.publishing_day_id,pd1_0.created_at,pd1_0.day,pd1_0.updated_at from publishing_day pd1_0 where pd1_0.day=?
Hibernate: select pd1_0.publishing_day_id,pd1_0.created_at,pd1_0.day,pd1_0.updated_at from publishing_day pd1_0 where pd1_0.day=?
2024-03-29T17:51:10.620+09:00 DEBUG 2896 --- [    Test worker] org.hibernate.SQL                        : insert into webtoon_publishing_day (created_at,publishing_day_id,updated_at,webtoon_id) values (?,?,?,?)
Hibernate: insert into webtoon_publishing_day (created_at,publishing_day_id,updated_at,webtoon_id) values (?,?,?,?)
여우애담
2024-03-29T17:51:10.627+09:00 DEBUG 2896 --- [    Test worker] org.hibernate.SQL                        : insert into webtoon (created_at,description,no_youth,publication_status,thumbnail,title,updated_at) values (?,?,?,?,?,?,?)
Hibernate: insert into webtoon (created_at,description,no_youth,publication_status,thumbnail,title,updated_at) values (?,?,?,?,?,?,?)
2024-03-29T17:51:10.635+09:00 DEBUG 2896 --- [    Test worker] org.hibernate.SQL                        : select pd1_0.publishing_day_id,pd1_0.created_at,pd1_0.day,pd1_0.updated_at from publishing_day pd1_0 where pd1_0.day=?
Hibernate: select pd1_0.publishing_day_id,pd1_0.created_at,pd1_0.day,pd1_0.updated_at from publishing_day pd1_0 where pd1_0.day=?
2024-03-29T17:51:10.638+09:00 DEBUG 2896 --- [    Test worker] org.hibernate.SQL                        : insert into webtoon_publishing_day (created_at,publishing_day_id,updated_at,webtoon_id) values (?,?,?,?)
Hibernate: insert into webtoon_publishing_day (created_at,publishing_day_id,updated_at,webtoon_id) values (?,?,?,?)
내곁엔 없을까
2024-03-29T17:51:10.645+09:00 DEBUG 2896 --- [    Test worker] org.hibernate.SQL                        : insert into webtoon (created_at,description,no_youth,publication_status,thumbnail,title,updated_at) values (?,?,?,?,?,?,?)
Hibernate: insert into webtoon (created_at,description,no_youth,publication_status,thumbnail,title,updated_at) values (?,?,?,?,?,?,?)
2024-03-29T17:51:10.654+09:00 DEBUG 2896 --- [    Test worker] org.hibernate.SQL                        : select pd1_0.publishing_day_id,pd1_0.created_at,pd1_0.day,pd1_0.updated_at from publishing_day pd1_0 where pd1_0.day=?
Hibernate: select pd1_0.publishing_day_id,pd1_0.created_at,pd1_0.day,pd1_0.updated_at from publishing_day pd1_0 where pd1_0.day=?
2024-03-29T17:51:10.658+09:00 DEBUG 2896 --- [    Test worker] org.hibernate.SQL                        : insert into webtoon_publishing_day (created_at,publishing_day_id,updated_at,webtoon_id) values (?,?,?,?)
Hibernate: insert into webtoon_publishing_day (created_at,publishing_day_id,updated_at,webtoon_id) values (?,?,?,?)
첫날밤만 세 번째
2024-03-29T17:51:10.665+09:00 DEBUG 2896 --- [    Test worker] org.hibernate.SQL                        : insert into webtoon (created_at,description,no_youth,publication_status,thumbnail,title,updated_at) values (?,?,?,?,?,?,?)
Hibernate: insert into webtoon (created_at,description,no_youth,publication_status,thumbnail,title,updated_at) values (?,?,?,?,?,?,?)
2024-03-29T17:51:10.674+09:00 DEBUG 2896 --- [    Test worker] org.hibernate.SQL                        : select pd1_0.publishing_day_id,pd1_0.created_at,pd1_0.day,pd1_0.updated_at from publishing_day pd1_0 where pd1_0.day=?
Hibernate: select pd1_0.publishing_day_id,pd1_0.created_at,pd1_0.day,pd1_0.updated_at from publishing_day pd1_0 where pd1_0.day=?
2024-03-29T17:51:10.678+09:00 DEBUG 2896 --- [    Test worker] org.hibernate.SQL                        : insert into webtoon_publishing_day (created_at,publishing_day_id,updated_at,webtoon_id) values (?,?,?,?)
Hibernate: insert into webtoon_publishing_day (created_at,publishing_day_id,updated_at,webtoon_id) values (?,?,?,?)
악녀는 조용히 살고싶을 뿐인데!
2024-03-29T17:51:10.685+09:00 DEBUG 2896 --- [    Test worker] org.hibernate.SQL                        : insert into webtoon (created_at,description,no_youth,publication_status,thumbnail,title,updated_at) values (?,?,?,?,?,?,?)
Hibernate: insert into webtoon (created_at,description,no_youth,publication_status,thumbnail,title,updated_at) values (?,?,?,?,?,?,?)
2024-03-29T17:51:10.694+09:00 DEBUG 2896 --- [    Test worker] org.hibernate.SQL                        : select pd1_0.publishing_day_id,pd1_0.created_at,pd1_0.day,pd1_0.updated_at from publishing_day pd1_0 where pd1_0.day=?
Hibernate: select pd1_0.publishing_day_id,pd1_0.created_at,pd1_0.day,pd1_0.updated_at from publishing_day pd1_0 where pd1_0.day=?
2024-03-29T17:51:10.698+09:00 DEBUG 2896 --- [    Test worker] org.hibernate.SQL                        : insert into webtoon_publishing_day (created_at,publishing_day_id,updated_at,webtoon_id) values (?,?,?,?)
Hibernate: insert into webtoon_publishing_day (created_at,publishing_day_id,updated_at,webtoon_id) values (?,?,?,?)
신혼부부 생활 백서
2024-03-29T17:51:10.707+09:00 DEBUG 2896 --- [    Test worker] org.hibernate.SQL                        : insert into webtoon (created_at,description,no_youth,publication_status,thumbnail,title,updated_at) values (?,?,?,?,?,?,?)
Hibernate: insert into webtoon (created_at,description,no_youth,publication_status,thumbnail,title,updated_at) values (?,?,?,?,?,?,?)
2024-03-29T17:51:10.714+09:00 DEBUG 2896 --- [    Test worker] org.hibernate.SQL                        : select pd1_0.publishing_day_id,pd1_0.created_at,pd1_0.day,pd1_0.updated_at from publishing_day pd1_0 where pd1_0.day=?
Hibernate: select pd1_0.publishing_day_id,pd1_0.created_at,pd1_0.day,pd1_0.updated_at from publishing_day pd1_0 where pd1_0.day=?
2024-03-29T17:51:10.718+09:00 DEBUG 2896 --- [    Test worker] org.hibernate.SQL                        : insert into webtoon_publishing_day (created_at,publishing_day_id,updated_at,webtoon_id) values (?,?,?,?)
Hibernate: insert into webtoon_publishing_day (created_at,publishing_day_id,updated_at,webtoon_id) values (?,?,?,?)
아무래도 결혼을 잘못한 것 같다
2024-03-29T17:51:10.726+09:00 DEBUG 2896 --- [    Test worker] org.hibernate.SQL                        : insert into webtoon (created_at,description,no_youth,publication_status,thumbnail,title,updated_at) values (?,?,?,?,?,?,?)
Hibernate: insert into webtoon (created_at,description,no_youth,publication_status,thumbnail,title,updated_at) values (?,?,?,?,?,?,?)
2024-03-29T17:51:10.735+09:00 DEBUG 2896 --- [    Test worker] org.hibernate.SQL                        : select pd1_0.publishing_day_id,pd1_0.created_at,pd1_0.day,pd1_0.updated_at from publishing_day pd1_0 where pd1_0.day=?
Hibernate: select pd1_0.publishing_day_id,pd1_0.created_at,pd1_0.day,pd1_0.updated_at from publishing_day pd1_0 where pd1_0.day=?
2024-03-29T17:51:10.739+09:00 DEBUG 2896 --- [    Test worker] org.hibernate.SQL                        : insert into webtoon_publishing_day (created_at,publishing_day_id,updated_at,webtoon_id) values (?,?,?,?)
Hibernate: insert into webtoon_publishing_day (created_at,publishing_day_id,updated_at,webtoon_id) values (?,?,?,?)
神장산범
2024-03-29T17:51:10.747+09:00 DEBUG 2896 --- [    Test worker] org.hibernate.SQL                        : insert into webtoon (created_at,description,no_youth,publication_status,thumbnail,title,updated_at) values (?,?,?,?,?,?,?)
Hibernate: insert into webtoon (created_at,description,no_youth,publication_status,thumbnail,title,updated_at) values (?,?,?,?,?,?,?)
2024-03-29T17:51:10.754+09:00 DEBUG 2896 --- [    Test worker] org.hibernate.SQL                        : select pd1_0.publishing_day_id,pd1_0.created_at,pd1_0.day,pd1_0.updated_at from publishing_day pd1_0 where pd1_0.day=?
Hibernate: select pd1_0.publishing_day_id,pd1_0.created_at,pd1_0.day,pd1_0.updated_at from publishing_day pd1_0 where pd1_0.day=?
2024-03-29T17:51:10.757+09:00 DEBUG 2896 --- [    Test worker] org.hibernate.SQL                        : insert into webtoon_publishing_day (created_at,publishing_day_id,updated_at,webtoon_id) values (?,?,?,?)
Hibernate: insert into webtoon_publishing_day (created_at,publishing_day_id,updated_at,webtoon_id) values (?,?,?,?)
마왕의 고백
2024-03-29T17:51:10.764+09:00 DEBUG 2896 --- [    Test worker] org.hibernate.SQL                        : insert into webtoon (created_at,description,no_youth,publication_status,thumbnail,title,updated_at) values (?,?,?,?,?,?,?)
Hibernate: insert into webtoon (created_at,description,no_youth,publication_status,thumbnail,title,updated_at) values (?,?,?,?,?,?,?)
2024-03-29T17:51:10.771+09:00 DEBUG 2896 --- [    Test worker] org.hibernate.SQL                        : select pd1_0.publishing_day_id,pd1_0.created_at,pd1_0.day,pd1_0.updated_at from publishing_day pd1_0 where pd1_0.day=?
Hibernate: select pd1_0.publishing_day_id,pd1_0.created_at,pd1_0.day,pd1_0.updated_at from publishing_day pd1_0 where pd1_0.day=?
2024-03-29T17:51:10.774+09:00 DEBUG 2896 --- [    Test worker] org.hibernate.SQL                        : insert into webtoon_publishing_day (created_at,publishing_day_id,updated_at,webtoon_id) values (?,?,?,?)
Hibernate: insert into webtoon_publishing_day (created_at,publishing_day_id,updated_at,webtoon_id) values (?,?,?,?)
여신님의 호랑이 공략법
2024-03-29T17:51:10.781+09:00 DEBUG 2896 --- [    Test worker] org.hibernate.SQL                        : insert into webtoon (created_at,description,no_youth,publication_status,thumbnail,title,updated_at) values (?,?,?,?,?,?,?)
Hibernate: insert into webtoon (created_at,description,no_youth,publication_status,thumbnail,title,updated_at) values (?,?,?,?,?,?,?)
2024-03-29T17:51:10.790+09:00 DEBUG 2896 --- [    Test worker] org.hibernate.SQL                        : select pd1_0.publishing_day_id,pd1_0.created_at,pd1_0.day,pd1_0.updated_at from publishing_day pd1_0 where pd1_0.day=?
Hibernate: select pd1_0.publishing_day_id,pd1_0.created_at,pd1_0.day,pd1_0.updated_at from publishing_day pd1_0 where pd1_0.day=?
2024-03-29T17:51:10.793+09:00 DEBUG 2896 --- [    Test worker] org.hibernate.SQL                        : insert into webtoon_publishing_day (created_at,publishing_day_id,updated_at,webtoon_id) values (?,?,?,?)
Hibernate: insert into webtoon_publishing_day (created_at,publishing_day_id,updated_at,webtoon_id) values (?,?,?,?)
사장님이 미쳤어요
2024-03-29T17:51:10.800+09:00 DEBUG 2896 --- [    Test worker] org.hibernate.SQL                        : insert into webtoon (created_at,description,no_youth,publication_status,thumbnail,title,updated_at) values (?,?,?,?,?,?,?)
Hibernate: insert into webtoon (created_at,description,no_youth,publication_status,thumbnail,title,updated_at) values (?,?,?,?,?,?,?)
2024-03-29T17:51:10.807+09:00 DEBUG 2896 --- [    Test worker] org.hibernate.SQL                        : select pd1_0.publishing_day_id,pd1_0.created_at,pd1_0.day,pd1_0.updated_at from publishing_day pd1_0 where pd1_0.day=?
Hibernate: select pd1_0.publishing_day_id,pd1_0.created_at,pd1_0.day,pd1_0.updated_at from publishing_day pd1_0 where pd1_0.day=?
2024-03-29T17:51:10.810+09:00 DEBUG 2896 --- [    Test worker] org.hibernate.SQL                        : insert into webtoon_publishing_day (created_at,publishing_day_id,updated_at,webtoon_id) values (?,?,?,?)
Hibernate: insert into webtoon_publishing_day (created_at,publishing_day_id,updated_at,webtoon_id) values (?,?,?,?)
미친 황제가 나를 안을 때
2024-03-29T17:51:10.816+09:00 DEBUG 2896 --- [    Test worker] org.hibernate.SQL                        : insert into webtoon (created_at,description,no_youth,publication_status,thumbnail,title,updated_at) values (?,?,?,?,?,?,?)
Hibernate: insert into webtoon (created_at,description,no_youth,publication_status,thumbnail,title,updated_at) values (?,?,?,?,?,?,?)
2024-03-29T17:51:10.825+09:00 DEBUG 2896 --- [    Test worker] org.hibernate.SQL                        : select pd1_0.publishing_day_id,pd1_0.created_at,pd1_0.day,pd1_0.updated_at from publishing_day pd1_0 where pd1_0.day=?
Hibernate: select pd1_0.publishing_day_id,pd1_0.created_at,pd1_0.day,pd1_0.updated_at from publishing_day pd1_0 where pd1_0.day=?
2024-03-29T17:51:10.827+09:00 DEBUG 2896 --- [    Test worker] org.hibernate.SQL                        : insert into webtoon_publishing_day (created_at,publishing_day_id,updated_at,webtoon_id) values (?,?,?,?)
Hibernate: insert into webtoon_publishing_day (created_at,publishing_day_id,updated_at,webtoon_id) values (?,?,?,?)
집착광공 집사전락
2024-03-29T17:51:10.834+09:00 DEBUG 2896 --- [    Test worker] org.hibernate.SQL                        : insert into webtoon (created_at,description,no_youth,publication_status,thumbnail,title,updated_at) values (?,?,?,?,?,?,?)
Hibernate: insert into webtoon (created_at,description,no_youth,publication_status,thumbnail,title,updated_at) values (?,?,?,?,?,?,?)
2024-03-29T17:51:10.842+09:00 DEBUG 2896 --- [    Test worker] org.hibernate.SQL                        : select pd1_0.publishing_day_id,pd1_0.created_at,pd1_0.day,pd1_0.updated_at from publishing_day pd1_0 where pd1_0.day=?
Hibernate: select pd1_0.publishing_day_id,pd1_0.created_at,pd1_0.day,pd1_0.updated_at from publishing_day pd1_0 where pd1_0.day=?
2024-03-29T17:51:10.845+09:00 DEBUG 2896 --- [    Test worker] org.hibernate.SQL                        : insert into webtoon_publishing_day (created_at,publishing_day_id,updated_at,webtoon_id) values (?,?,?,?)
Hibernate: insert into webtoon_publishing_day (created_at,publishing_day_id,updated_at,webtoon_id) values (?,?,?,?)
밤필드의 아이들 by DARK MOON
2024-03-29T17:51:10.854+09:00 DEBUG 2896 --- [    Test worker] org.hibernate.SQL                        : insert into webtoon (created_at,description,no_youth,publication_status,thumbnail,title,updated_at) values (?,?,?,?,?,?,?)
Hibernate: insert into webtoon (created_at,description,no_youth,publication_status,thumbnail,title,updated_at) values (?,?,?,?,?,?,?)
2024-03-29T17:51:10.863+09:00 DEBUG 2896 --- [    Test worker] org.hibernate.SQL                        : select pd1_0.publishing_day_id,pd1_0.created_at,pd1_0.day,pd1_0.updated_at from publishing_day pd1_0 where pd1_0.day=?
Hibernate: select pd1_0.publishing_day_id,pd1_0.created_at,pd1_0.day,pd1_0.updated_at from publishing_day pd1_0 where pd1_0.day=?
2024-03-29T17:51:10.866+09:00 DEBUG 2896 --- [    Test worker] org.hibernate.SQL                        : insert into webtoon_publishing_day (created_at,publishing_day_id,updated_at,webtoon_id) values (?,?,?,?)
Hibernate: insert into webtoon_publishing_day (created_at,publishing_day_id,updated_at,webtoon_id) values (?,?,?,?)
죽고 싶습니다
2024-03-29T17:51:10.875+09:00 DEBUG 2896 --- [    Test worker] org.hibernate.SQL                        : insert into webtoon (created_at,description,no_youth,publication_status,thumbnail,title,updated_at) values (?,?,?,?,?,?,?)
Hibernate: insert into webtoon (created_at,description,no_youth,publication_status,thumbnail,title,updated_at) values (?,?,?,?,?,?,?)
2024-03-29T17:51:10.884+09:00 DEBUG 2896 --- [    Test worker] org.hibernate.SQL                        : select pd1_0.publishing_day_id,pd1_0.created_at,pd1_0.day,pd1_0.updated_at from publishing_day pd1_0 where pd1_0.day=?
Hibernate: select pd1_0.publishing_day_id,pd1_0.created_at,pd1_0.day,pd1_0.updated_at from publishing_day pd1_0 where pd1_0.day=?
2024-03-29T17:51:10.888+09:00 DEBUG 2896 --- [    Test worker] org.hibernate.SQL                        : insert into webtoon_publishing_day (created_at,publishing_day_id,updated_at,webtoon_id) values (?,?,?,?)
Hibernate: insert into webtoon_publishing_day (created_at,publishing_day_id,updated_at,webtoon_id) values (?,?,?,?)
재벌의 품격
2024-03-29T17:51:10.896+09:00 DEBUG 2896 --- [    Test worker] org.hibernate.SQL                        : insert into webtoon (created_at,description,no_youth,publication_status,thumbnail,title,updated_at) values (?,?,?,?,?,?,?)
Hibernate: insert into webtoon (created_at,description,no_youth,publication_status,thumbnail,title,updated_at) values (?,?,?,?,?,?,?)
2024-03-29T17:51:10.906+09:00 DEBUG 2896 --- [    Test worker] org.hibernate.SQL                        : select pd1_0.publishing_day_id,pd1_0.created_at,pd1_0.day,pd1_0.updated_at from publishing_day pd1_0 where pd1_0.day=?
Hibernate: select pd1_0.publishing_day_id,pd1_0.created_at,pd1_0.day,pd1_0.updated_at from publishing_day pd1_0 where pd1_0.day=?
2024-03-29T17:51:10.910+09:00 DEBUG 2896 --- [    Test worker] org.hibernate.SQL                        : insert into webtoon_publishing_day (created_at,publishing_day_id,updated_at,webtoon_id) values (?,?,?,?)
Hibernate: insert into webtoon_publishing_day (created_at,publishing_day_id,updated_at,webtoon_id) values (?,?,?,?)
패션쇼
2024-03-29T17:51:10.918+09:00 DEBUG 2896 --- [    Test worker] org.hibernate.SQL                        : insert into webtoon (created_at,description,no_youth,publication_status,thumbnail,title,updated_at) values (?,?,?,?,?,?,?)
Hibernate: insert into webtoon (created_at,description,no_youth,publication_status,thumbnail,title,updated_at) values (?,?,?,?,?,?,?)
2024-03-29T17:51:10.929+09:00 DEBUG 2896 --- [    Test worker] org.hibernate.SQL                        : select pd1_0.publishing_day_id,pd1_0.created_at,pd1_0.day,pd1_0.updated_at from publishing_day pd1_0 where pd1_0.day=?
Hibernate: select pd1_0.publishing_day_id,pd1_0.created_at,pd1_0.day,pd1_0.updated_at from publishing_day pd1_0 where pd1_0.day=?
2024-03-29T17:51:10.932+09:00 DEBUG 2896 --- [    Test worker] org.hibernate.SQL                        : insert into webtoon_publishing_day (created_at,publishing_day_id,updated_at,webtoon_id) values (?,?,?,?)
Hibernate: insert into webtoon_publishing_day (created_at,publishing_day_id,updated_at,webtoon_id) values (?,?,?,?)
완벽한 파트너
2024-03-29T17:51:10.941+09:00 DEBUG 2896 --- [    Test worker] org.hibernate.SQL                        : insert into webtoon (created_at,description,no_youth,publication_status,thumbnail,title,updated_at) values (?,?,?,?,?,?,?)
Hibernate: insert into webtoon (created_at,description,no_youth,publication_status,thumbnail,title,updated_at) values (?,?,?,?,?,?,?)
2024-03-29T17:51:10.950+09:00 DEBUG 2896 --- [    Test worker] org.hibernate.SQL                        : select pd1_0.publishing_day_id,pd1_0.created_at,pd1_0.day,pd1_0.updated_at from publishing_day pd1_0 where pd1_0.day=?
Hibernate: select pd1_0.publishing_day_id,pd1_0.created_at,pd1_0.day,pd1_0.updated_at from publishing_day pd1_0 where pd1_0.day=?
2024-03-29T17:51:10.953+09:00 DEBUG 2896 --- [    Test worker] org.hibernate.SQL                        : insert into webtoon_publishing_day (created_at,publishing_day_id,updated_at,webtoon_id) values (?,?,?,?)
Hibernate: insert into webtoon_publishing_day (created_at,publishing_day_id,updated_at,webtoon_id) values (?,?,?,?)
아빠는 버츄얼 아이돌
2024-03-29T17:51:10.962+09:00 DEBUG 2896 --- [    Test worker] org.hibernate.SQL                        : insert into webtoon (created_at,description,no_youth,publication_status,thumbnail,title,updated_at) values (?,?,?,?,?,?,?)
Hibernate: insert into webtoon (created_at,description,no_youth,publication_status,thumbnail,title,updated_at) values (?,?,?,?,?,?,?)
2024-03-29T17:51:10.970+09:00 DEBUG 2896 --- [    Test worker] org.hibernate.SQL                        : select pd1_0.publishing_day_id,pd1_0.created_at,pd1_0.day,pd1_0.updated_at from publishing_day pd1_0 where pd1_0.day=?
Hibernate: select pd1_0.publishing_day_id,pd1_0.created_at,pd1_0.day,pd1_0.updated_at from publishing_day pd1_0 where pd1_0.day=?
2024-03-29T17:51:10.973+09:00 DEBUG 2896 --- [    Test worker] org.hibernate.SQL                        : insert into webtoon_publishing_day (created_at,publishing_day_id,updated_at,webtoon_id) values (?,?,?,?)
Hibernate: insert into webtoon_publishing_day (created_at,publishing_day_id,updated_at,webtoon_id) values (?,?,?,?)
추락한 곳은 낙원
2024-03-29T17:51:10.981+09:00 DEBUG 2896 --- [    Test worker] org.hibernate.SQL                        : insert into webtoon (created_at,description,no_youth,publication_status,thumbnail,title,updated_at) values (?,?,?,?,?,?,?)
Hibernate: insert into webtoon (created_at,description,no_youth,publication_status,thumbnail,title,updated_at) values (?,?,?,?,?,?,?)
2024-03-29T17:51:10.990+09:00 DEBUG 2896 --- [    Test worker] org.hibernate.SQL                        : select pd1_0.publishing_day_id,pd1_0.created_at,pd1_0.day,pd1_0.updated_at from publishing_day pd1_0 where pd1_0.day=?
Hibernate: select pd1_0.publishing_day_id,pd1_0.created_at,pd1_0.day,pd1_0.updated_at from publishing_day pd1_0 where pd1_0.day=?
2024-03-29T17:51:10.992+09:00 DEBUG 2896 --- [    Test worker] org.hibernate.SQL                        : insert into webtoon_publishing_day (created_at,publishing_day_id,updated_at,webtoon_id) values (?,?,?,?)
Hibernate: insert into webtoon_publishing_day (created_at,publishing_day_id,updated_at,webtoon_id) values (?,?,?,?)
키스는 자기 전에
2024-03-29T17:51:11.000+09:00 DEBUG 2896 --- [    Test worker] org.hibernate.SQL                        : insert into webtoon (created_at,description,no_youth,publication_status,thumbnail,title,updated_at) values (?,?,?,?,?,?,?)
Hibernate: insert into webtoon (created_at,description,no_youth,publication_status,thumbnail,title,updated_at) values (?,?,?,?,?,?,?)
2024-03-29T17:51:11.008+09:00 DEBUG 2896 --- [    Test worker] org.hibernate.SQL                        : select pd1_0.publishing_day_id,pd1_0.created_at,pd1_0.day,pd1_0.updated_at from publishing_day pd1_0 where pd1_0.day=?
Hibernate: select pd1_0.publishing_day_id,pd1_0.created_at,pd1_0.day,pd1_0.updated_at from publishing_day pd1_0 where pd1_0.day=?
2024-03-29T17:51:11.011+09:00 DEBUG 2896 --- [    Test worker] org.hibernate.SQL                        : insert into webtoon_publishing_day (created_at,publishing_day_id,updated_at,webtoon_id) values (?,?,?,?)
Hibernate: insert into webtoon_publishing_day (created_at,publishing_day_id,updated_at,webtoon_id) values (?,?,?,?)
데빌샷
2024-03-29T17:51:11.018+09:00 DEBUG 2896 --- [    Test worker] org.hibernate.SQL                        : insert into webtoon (created_at,description,no_youth,publication_status,thumbnail,title,updated_at) values (?,?,?,?,?,?,?)
Hibernate: insert into webtoon (created_at,description,no_youth,publication_status,thumbnail,title,updated_at) values (?,?,?,?,?,?,?)
2024-03-29T17:51:11.025+09:00 DEBUG 2896 --- [    Test worker] org.hibernate.SQL                        : select pd1_0.publishing_day_id,pd1_0.created_at,pd1_0.day,pd1_0.updated_at from publishing_day pd1_0 where pd1_0.day=?
Hibernate: select pd1_0.publishing_day_id,pd1_0.created_at,pd1_0.day,pd1_0.updated_at from publishing_day pd1_0 where pd1_0.day=?
2024-03-29T17:51:11.028+09:00 DEBUG 2896 --- [    Test worker] org.hibernate.SQL                        : insert into webtoon_publishing_day (created_at,publishing_day_id,updated_at,webtoon_id) values (?,?,?,?)
Hibernate: insert into webtoon_publishing_day (created_at,publishing_day_id,updated_at,webtoon_id) values (?,?,?,?)
갑!자기 건물주
2024-03-29T17:51:11.035+09:00 DEBUG 2896 --- [    Test worker] org.hibernate.SQL                        : insert into webtoon (created_at,description,no_youth,publication_status,thumbnail,title,updated_at) values (?,?,?,?,?,?,?)
Hibernate: insert into webtoon (created_at,description,no_youth,publication_status,thumbnail,title,updated_at) values (?,?,?,?,?,?,?)
2024-03-29T17:51:11.043+09:00 DEBUG 2896 --- [    Test worker] org.hibernate.SQL                        : select pd1_0.publishing_day_id,pd1_0.created_at,pd1_0.day,pd1_0.updated_at from publishing_day pd1_0 where pd1_0.day=?
Hibernate: select pd1_0.publishing_day_id,pd1_0.created_at,pd1_0.day,pd1_0.updated_at from publishing_day pd1_0 where pd1_0.day=?
2024-03-29T17:51:11.046+09:00 DEBUG 2896 --- [    Test worker] org.hibernate.SQL                        : insert into webtoon_publishing_day (created_at,publishing_day_id,updated_at,webtoon_id) values (?,?,?,?)
Hibernate: insert into webtoon_publishing_day (created_at,publishing_day_id,updated_at,webtoon_id) values (?,?,?,?)
백설을 위하여
2024-03-29T17:51:11.053+09:00 DEBUG 2896 --- [    Test worker] org.hibernate.SQL                        : insert into webtoon (created_at,description,no_youth,publication_status,thumbnail,title,updated_at) values (?,?,?,?,?,?,?)
Hibernate: insert into webtoon (created_at,description,no_youth,publication_status,thumbnail,title,updated_at) values (?,?,?,?,?,?,?)
2024-03-29T17:51:11.060+09:00 DEBUG 2896 --- [    Test worker] org.hibernate.SQL                        : select pd1_0.publishing_day_id,pd1_0.created_at,pd1_0.day,pd1_0.updated_at from publishing_day pd1_0 where pd1_0.day=?
Hibernate: select pd1_0.publishing_day_id,pd1_0.created_at,pd1_0.day,pd1_0.updated_at from publishing_day pd1_0 where pd1_0.day=?
2024-03-29T17:51:11.063+09:00 DEBUG 2896 --- [    Test worker] org.hibernate.SQL                        : insert into webtoon_publishing_day (created_at,publishing_day_id,updated_at,webtoon_id) values (?,?,?,?)
Hibernate: insert into webtoon_publishing_day (created_at,publishing_day_id,updated_at,webtoon_id) values (?,?,?,?)
킬링킬러
2024-03-29T17:51:11.071+09:00 DEBUG 2896 --- [    Test worker] org.hibernate.SQL                        : insert into webtoon (created_at,description,no_youth,publication_status,thumbnail,title,updated_at) values (?,?,?,?,?,?,?)
Hibernate: insert into webtoon (created_at,description,no_youth,publication_status,thumbnail,title,updated_at) values (?,?,?,?,?,?,?)
2024-03-29T17:51:11.079+09:00 DEBUG 2896 --- [    Test worker] org.hibernate.SQL                        : select pd1_0.publishing_day_id,pd1_0.created_at,pd1_0.day,pd1_0.updated_at from publishing_day pd1_0 where pd1_0.day=?
Hibernate: select pd1_0.publishing_day_id,pd1_0.created_at,pd1_0.day,pd1_0.updated_at from publishing_day pd1_0 where pd1_0.day=?
2024-03-29T17:51:11.082+09:00 DEBUG 2896 --- [    Test worker] org.hibernate.SQL                        : insert into webtoon_publishing_day (created_at,publishing_day_id,updated_at,webtoon_id) values (?,?,?,?)
Hibernate: insert into webtoon_publishing_day (created_at,publishing_day_id,updated_at,webtoon_id) values (?,?,?,?)
잿더미 황후
2024-03-29T17:51:11.090+09:00 DEBUG 2896 --- [    Test worker] org.hibernate.SQL                        : insert into webtoon (created_at,description,no_youth,publication_status,thumbnail,title,updated_at) values (?,?,?,?,?,?,?)
Hibernate: insert into webtoon (created_at,description,no_youth,publication_status,thumbnail,title,updated_at) values (?,?,?,?,?,?,?)
2024-03-29T17:51:11.097+09:00 DEBUG 2896 --- [    Test worker] org.hibernate.SQL                        : select pd1_0.publishing_day_id,pd1_0.created_at,pd1_0.day,pd1_0.updated_at from publishing_day pd1_0 where pd1_0.day=?
Hibernate: select pd1_0.publishing_day_id,pd1_0.created_at,pd1_0.day,pd1_0.updated_at from publishing_day pd1_0 where pd1_0.day=?
2024-03-29T17:51:11.101+09:00 DEBUG 2896 --- [    Test worker] org.hibernate.SQL                        : insert into webtoon_publishing_day (created_at,publishing_day_id,updated_at,webtoon_id) values (?,?,?,?)
Hibernate: insert into webtoon_publishing_day (created_at,publishing_day_id,updated_at,webtoon_id) values (?,?,?,?)
랑데뷰
2024-03-29T17:51:11.108+09:00 DEBUG 2896 --- [    Test worker] org.hibernate.SQL                        : insert into webtoon (created_at,description,no_youth,publication_status,thumbnail,title,updated_at) values (?,?,?,?,?,?,?)
Hibernate: insert into webtoon (created_at,description,no_youth,publication_status,thumbnail,title,updated_at) values (?,?,?,?,?,?,?)
2024-03-29T17:51:11.117+09:00 DEBUG 2896 --- [    Test worker] org.hibernate.SQL                        : select pd1_0.publishing_day_id,pd1_0.created_at,pd1_0.day,pd1_0.updated_at from publishing_day pd1_0 where pd1_0.day=?
Hibernate: select pd1_0.publishing_day_id,pd1_0.created_at,pd1_0.day,pd1_0.updated_at from publishing_day pd1_0 where pd1_0.day=?
2024-03-29T17:51:11.120+09:00 DEBUG 2896 --- [    Test worker] org.hibernate.SQL                        : insert into webtoon_publishing_day (created_at,publishing_day_id,updated_at,webtoon_id) values (?,?,?,?)
Hibernate: insert into webtoon_publishing_day (created_at,publishing_day_id,updated_at,webtoon_id) values (?,?,?,?)
숲속의 대표님
2024-03-29T17:51:11.127+09:00 DEBUG 2896 --- [    Test worker] org.hibernate.SQL                        : insert into webtoon (created_at,description,no_youth,publication_status,thumbnail,title,updated_at) values (?,?,?,?,?,?,?)
Hibernate: insert into webtoon (created_at,description,no_youth,publication_status,thumbnail,title,updated_at) values (?,?,?,?,?,?,?)
2024-03-29T17:51:11.136+09:00 DEBUG 2896 --- [    Test worker] org.hibernate.SQL                        : select pd1_0.publishing_day_id,pd1_0.created_at,pd1_0.day,pd1_0.updated_at from publishing_day pd1_0 where pd1_0.day=?
Hibernate: select pd1_0.publishing_day_id,pd1_0.created_at,pd1_0.day,pd1_0.updated_at from publishing_day pd1_0 where pd1_0.day=?
2024-03-29T17:51:11.139+09:00 DEBUG 2896 --- [    Test worker] org.hibernate.SQL                        : insert into webtoon_publishing_day (created_at,publishing_day_id,updated_at,webtoon_id) values (?,?,?,?)
Hibernate: insert into webtoon_publishing_day (created_at,publishing_day_id,updated_at,webtoon_id) values (?,?,?,?)
포크&나이프
2024-03-29T17:51:11.147+09:00 DEBUG 2896 --- [    Test worker] org.hibernate.SQL                        : insert into webtoon (created_at,description,no_youth,publication_status,thumbnail,title,updated_at) values (?,?,?,?,?,?,?)
Hibernate: insert into webtoon (created_at,description,no_youth,publication_status,thumbnail,title,updated_at) values (?,?,?,?,?,?,?)
2024-03-29T17:51:11.154+09:00 DEBUG 2896 --- [    Test worker] org.hibernate.SQL                        : select pd1_0.publishing_day_id,pd1_0.created_at,pd1_0.day,pd1_0.updated_at from publishing_day pd1_0 where pd1_0.day=?
Hibernate: select pd1_0.publishing_day_id,pd1_0.created_at,pd1_0.day,pd1_0.updated_at from publishing_day pd1_0 where pd1_0.day=?
2024-03-29T17:51:11.158+09:00 DEBUG 2896 --- [    Test worker] org.hibernate.SQL                        : insert into webtoon_publishing_day (created_at,publishing_day_id,updated_at,webtoon_id) values (?,?,?,?)
Hibernate: insert into webtoon_publishing_day (created_at,publishing_day_id,updated_at,webtoon_id) values (?,?,?,?)
주인공의 주식을 팝니다
2024-03-29T17:51:11.165+09:00 DEBUG 2896 --- [    Test worker] org.hibernate.SQL                        : insert into webtoon (created_at,description,no_youth,publication_status,thumbnail,title,updated_at) values (?,?,?,?,?,?,?)
Hibernate: insert into webtoon (created_at,description,no_youth,publication_status,thumbnail,title,updated_at) values (?,?,?,?,?,?,?)
2024-03-29T17:51:11.172+09:00 DEBUG 2896 --- [    Test worker] org.hibernate.SQL                        : select pd1_0.publishing_day_id,pd1_0.created_at,pd1_0.day,pd1_0.updated_at from publishing_day pd1_0 where pd1_0.day=?
Hibernate: select pd1_0.publishing_day_id,pd1_0.created_at,pd1_0.day,pd1_0.updated_at from publishing_day pd1_0 where pd1_0.day=?
2024-03-29T17:51:11.175+09:00 DEBUG 2896 --- [    Test worker] org.hibernate.SQL                        : insert into webtoon_publishing_day (created_at,publishing_day_id,updated_at,webtoon_id) values (?,?,?,?)
Hibernate: insert into webtoon_publishing_day (created_at,publishing_day_id,updated_at,webtoon_id) values (?,?,?,?)
손 잡은 사이
2024-03-29T17:51:11.183+09:00 DEBUG 2896 --- [    Test worker] org.hibernate.SQL                        : insert into webtoon (created_at,description,no_youth,publication_status,thumbnail,title,updated_at) values (?,?,?,?,?,?,?)
Hibernate: insert into webtoon (created_at,description,no_youth,publication_status,thumbnail,title,updated_at) values (?,?,?,?,?,?,?)
2024-03-29T17:51:11.189+09:00 DEBUG 2896 --- [    Test worker] org.hibernate.SQL                        : select pd1_0.publishing_day_id,pd1_0.created_at,pd1_0.day,pd1_0.updated_at from publishing_day pd1_0 where pd1_0.day=?
Hibernate: select pd1_0.publishing_day_id,pd1_0.created_at,pd1_0.day,pd1_0.updated_at from publishing_day pd1_0 where pd1_0.day=?
2024-03-29T17:51:11.194+09:00 DEBUG 2896 --- [    Test worker] org.hibernate.SQL                        : insert into webtoon_publishing_day (created_at,publishing_day_id,updated_at,webtoon_id) values (?,?,?,?)
Hibernate: insert into webtoon_publishing_day (created_at,publishing_day_id,updated_at,webtoon_id) values (?,?,?,?)
황금의 세계를 너에게
2024-03-29T17:51:11.201+09:00 DEBUG 2896 --- [    Test worker] org.hibernate.SQL                        : insert into webtoon (created_at,description,no_youth,publication_status,thumbnail,title,updated_at) values (?,?,?,?,?,?,?)
Hibernate: insert into webtoon (created_at,description,no_youth,publication_status,thumbnail,title,updated_at) values (?,?,?,?,?,?,?)
2024-03-29T17:51:11.209+09:00 DEBUG 2896 --- [    Test worker] org.hibernate.SQL                        : select pd1_0.publishing_day_id,pd1_0.created_at,pd1_0.day,pd1_0.updated_at from publishing_day pd1_0 where pd1_0.day=?
Hibernate: select pd1_0.publishing_day_id,pd1_0.created_at,pd1_0.day,pd1_0.updated_at from publishing_day pd1_0 where pd1_0.day=?
2024-03-29T17:51:11.213+09:00 DEBUG 2896 --- [    Test worker] org.hibernate.SQL                        : insert into webtoon_publishing_day (created_at,publishing_day_id,updated_at,webtoon_id) values (?,?,?,?)
Hibernate: insert into webtoon_publishing_day (created_at,publishing_day_id,updated_at,webtoon_id) values (?,?,?,?)
블러드 리벤저
2024-03-29T17:51:11.219+09:00 DEBUG 2896 --- [    Test worker] org.hibernate.SQL                        : insert into webtoon (created_at,description,no_youth,publication_status,thumbnail,title,updated_at) values (?,?,?,?,?,?,?)
Hibernate: insert into webtoon (created_at,description,no_youth,publication_status,thumbnail,title,updated_at) values (?,?,?,?,?,?,?)
2024-03-29T17:51:11.227+09:00 DEBUG 2896 --- [    Test worker] org.hibernate.SQL                        : select pd1_0.publishing_day_id,pd1_0.created_at,pd1_0.day,pd1_0.updated_at from publishing_day pd1_0 where pd1_0.day=?
Hibernate: select pd1_0.publishing_day_id,pd1_0.created_at,pd1_0.day,pd1_0.updated_at from publishing_day pd1_0 where pd1_0.day=?
2024-03-29T17:51:11.230+09:00 DEBUG 2896 --- [    Test worker] org.hibernate.SQL                        : insert into webtoon_publishing_day (created_at,publishing_day_id,updated_at,webtoon_id) values (?,?,?,?)
Hibernate: insert into webtoon_publishing_day (created_at,publishing_day_id,updated_at,webtoon_id) values (?,?,?,?)
마섹남 - 마술하는 섹시한 남자
2024-03-29T17:51:11.237+09:00 DEBUG 2896 --- [    Test worker] org.hibernate.SQL                        : insert into webtoon (created_at,description,no_youth,publication_status,thumbnail,title,updated_at) values (?,?,?,?,?,?,?)
Hibernate: insert into webtoon (created_at,description,no_youth,publication_status,thumbnail,title,updated_at) values (?,?,?,?,?,?,?)
2024-03-29T17:51:11.246+09:00 DEBUG 2896 --- [    Test worker] org.hibernate.SQL                        : select pd1_0.publishing_day_id,pd1_0.created_at,pd1_0.day,pd1_0.updated_at from publishing_day pd1_0 where pd1_0.day=?
Hibernate: select pd1_0.publishing_day_id,pd1_0.created_at,pd1_0.day,pd1_0.updated_at from publishing_day pd1_0 where pd1_0.day=?
2024-03-29T17:51:11.249+09:00 DEBUG 2896 --- [    Test worker] org.hibernate.SQL                        : insert into webtoon_publishing_day (created_at,publishing_day_id,updated_at,webtoon_id) values (?,?,?,?)
Hibernate: insert into webtoon_publishing_day (created_at,publishing_day_id,updated_at,webtoon_id) values (?,?,?,?)
망돌리부트
2024-03-29T17:51:11.257+09:00 DEBUG 2896 --- [    Test worker] org.hibernate.SQL                        : insert into webtoon (created_at,description,no_youth,publication_status,thumbnail,title,updated_at) values (?,?,?,?,?,?,?)
Hibernate: insert into webtoon (created_at,description,no_youth,publication_status,thumbnail,title,updated_at) values (?,?,?,?,?,?,?)
2024-03-29T17:51:11.265+09:00 DEBUG 2896 --- [    Test worker] org.hibernate.SQL                        : select pd1_0.publishing_day_id,pd1_0.created_at,pd1_0.day,pd1_0.updated_at from publishing_day pd1_0 where pd1_0.day=?
Hibernate: select pd1_0.publishing_day_id,pd1_0.created_at,pd1_0.day,pd1_0.updated_at from publishing_day pd1_0 where pd1_0.day=?
2024-03-29T17:51:11.270+09:00 DEBUG 2896 --- [    Test worker] org.hibernate.SQL                        : insert into webtoon_publishing_day (created_at,publishing_day_id,updated_at,webtoon_id) values (?,?,?,?)
Hibernate: insert into webtoon_publishing_day (created_at,publishing_day_id,updated_at,webtoon_id) values (?,?,?,?)
노래 못 하는 남자
2024-03-29T17:51:11.278+09:00 DEBUG 2896 --- [    Test worker] org.hibernate.SQL                        : insert into webtoon (created_at,description,no_youth,publication_status,thumbnail,title,updated_at) values (?,?,?,?,?,?,?)
Hibernate: insert into webtoon (created_at,description,no_youth,publication_status,thumbnail,title,updated_at) values (?,?,?,?,?,?,?)
2024-03-29T17:51:11.286+09:00 DEBUG 2896 --- [    Test worker] org.hibernate.SQL                        : select pd1_0.publishing_day_id,pd1_0.created_at,pd1_0.day,pd1_0.updated_at from publishing_day pd1_0 where pd1_0.day=?
Hibernate: select pd1_0.publishing_day_id,pd1_0.created_at,pd1_0.day,pd1_0.updated_at from publishing_day pd1_0 where pd1_0.day=?
2024-03-29T17:51:11.290+09:00 DEBUG 2896 --- [    Test worker] org.hibernate.SQL                        : insert into webtoon_publishing_day (created_at,publishing_day_id,updated_at,webtoon_id) values (?,?,?,?)
Hibernate: insert into webtoon_publishing_day (created_at,publishing_day_id,updated_at,webtoon_id) values (?,?,?,?)
급발진 로맨스
2024-03-29T17:51:11.297+09:00 DEBUG 2896 --- [    Test worker] org.hibernate.SQL                        : insert into webtoon (created_at,description,no_youth,publication_status,thumbnail,title,updated_at) values (?,?,?,?,?,?,?)
Hibernate: insert into webtoon (created_at,description,no_youth,publication_status,thumbnail,title,updated_at) values (?,?,?,?,?,?,?)
2024-03-29T17:51:11.305+09:00 DEBUG 2896 --- [    Test worker] org.hibernate.SQL                        : select pd1_0.publishing_day_id,pd1_0.created_at,pd1_0.day,pd1_0.updated_at from publishing_day pd1_0 where pd1_0.day=?
Hibernate: select pd1_0.publishing_day_id,pd1_0.created_at,pd1_0.day,pd1_0.updated_at from publishing_day pd1_0 where pd1_0.day=?
2024-03-29T17:51:11.308+09:00 DEBUG 2896 --- [    Test worker] org.hibernate.SQL                        : insert into webtoon_publishing_day (created_at,publishing_day_id,updated_at,webtoon_id) values (?,?,?,?)
Hibernate: insert into webtoon_publishing_day (created_at,publishing_day_id,updated_at,webtoon_id) values (?,?,?,?)
내가 만든 이세계
2024-03-29T17:51:11.316+09:00 DEBUG 2896 --- [    Test worker] org.hibernate.SQL                        : insert into webtoon (created_at,description,no_youth,publication_status,thumbnail,title,updated_at) values (?,?,?,?,?,?,?)
Hibernate: insert into webtoon (created_at,description,no_youth,publication_status,thumbnail,title,updated_at) values (?,?,?,?,?,?,?)
2024-03-29T17:51:11.326+09:00 DEBUG 2896 --- [    Test worker] org.hibernate.SQL                        : select pd1_0.publishing_day_id,pd1_0.created_at,pd1_0.day,pd1_0.updated_at from publishing_day pd1_0 where pd1_0.day=?
Hibernate: select pd1_0.publishing_day_id,pd1_0.created_at,pd1_0.day,pd1_0.updated_at from publishing_day pd1_0 where pd1_0.day=?
2024-03-29T17:51:11.330+09:00 DEBUG 2896 --- [    Test worker] org.hibernate.SQL                        : insert into webtoon_publishing_day (created_at,publishing_day_id,updated_at,webtoon_id) values (?,?,?,?)
Hibernate: insert into webtoon_publishing_day (created_at,publishing_day_id,updated_at,webtoon_id) values (?,?,?,?)
프린키피아
2024-03-29T17:51:11.338+09:00 DEBUG 2896 --- [    Test worker] org.hibernate.SQL                        : insert into webtoon (created_at,description,no_youth,publication_status,thumbnail,title,updated_at) values (?,?,?,?,?,?,?)
Hibernate: insert into webtoon (created_at,description,no_youth,publication_status,thumbnail,title,updated_at) values (?,?,?,?,?,?,?)
2024-03-29T17:51:11.346+09:00 DEBUG 2896 --- [    Test worker] org.hibernate.SQL                        : select pd1_0.publishing_day_id,pd1_0.created_at,pd1_0.day,pd1_0.updated_at from publishing_day pd1_0 where pd1_0.day=?
Hibernate: select pd1_0.publishing_day_id,pd1_0.created_at,pd1_0.day,pd1_0.updated_at from publishing_day pd1_0 where pd1_0.day=?
2024-03-29T17:51:11.349+09:00 DEBUG 2896 --- [    Test worker] org.hibernate.SQL                        : insert into webtoon_publishing_day (created_at,publishing_day_id,updated_at,webtoon_id) values (?,?,?,?)
Hibernate: insert into webtoon_publishing_day (created_at,publishing_day_id,updated_at,webtoon_id) values (?,?,?,?)
참교육
2024-03-29T17:51:11.356+09:00 DEBUG 2896 --- [    Test worker] org.hibernate.SQL                        : insert into webtoon (created_at,description,no_youth,publication_status,thumbnail,title,updated_at) values (?,?,?,?,?,?,?)
Hibernate: insert into webtoon (created_at,description,no_youth,publication_status,thumbnail,title,updated_at) values (?,?,?,?,?,?,?)
2024-03-29T17:51:11.364+09:00 DEBUG 2896 --- [    Test worker] org.hibernate.SQL                        : select pd1_0.publishing_day_id,pd1_0.created_at,pd1_0.day,pd1_0.updated_at from publishing_day pd1_0 where pd1_0.day=?
Hibernate: select pd1_0.publishing_day_id,pd1_0.created_at,pd1_0.day,pd1_0.updated_at from publishing_day pd1_0 where pd1_0.day=?
2024-03-29T17:51:11.367+09:00 DEBUG 2896 --- [    Test worker] org.hibernate.SQL                        : insert into webtoon_publishing_day (created_at,publishing_day_id,updated_at,webtoon_id) values (?,?,?,?)
Hibernate: insert into webtoon_publishing_day (created_at,publishing_day_id,updated_at,webtoon_id) values (?,?,?,?)
뷰티풀 군바리
2024-03-29T17:51:11.374+09:00 DEBUG 2896 --- [    Test worker] org.hibernate.SQL                        : insert into webtoon (created_at,description,no_youth,publication_status,thumbnail,title,updated_at) values (?,?,?,?,?,?,?)
Hibernate: insert into webtoon (created_at,description,no_youth,publication_status,thumbnail,title,updated_at) values (?,?,?,?,?,?,?)
2024-03-29T17:51:11.381+09:00 DEBUG 2896 --- [    Test worker] org.hibernate.SQL                        : select pd1_0.publishing_day_id,pd1_0.created_at,pd1_0.day,pd1_0.updated_at from publishing_day pd1_0 where pd1_0.day=?
Hibernate: select pd1_0.publishing_day_id,pd1_0.created_at,pd1_0.day,pd1_0.updated_at from publishing_day pd1_0 where pd1_0.day=?
2024-03-29T17:51:11.384+09:00 DEBUG 2896 --- [    Test worker] org.hibernate.SQL                        : insert into webtoon_publishing_day (created_at,publishing_day_id,updated_at,webtoon_id) values (?,?,?,?)
Hibernate: insert into webtoon_publishing_day (created_at,publishing_day_id,updated_at,webtoon_id) values (?,?,?,?)
백수세끼
2024-03-29T17:51:11.391+09:00 DEBUG 2896 --- [    Test worker] org.hibernate.SQL                        : insert into webtoon (created_at,description,no_youth,publication_status,thumbnail,title,updated_at) values (?,?,?,?,?,?,?)
Hibernate: insert into webtoon (created_at,description,no_youth,publication_status,thumbnail,title,updated_at) values (?,?,?,?,?,?,?)
2024-03-29T17:51:11.400+09:00 DEBUG 2896 --- [    Test worker] org.hibernate.SQL                        : select pd1_0.publishing_day_id,pd1_0.created_at,pd1_0.day,pd1_0.updated_at from publishing_day pd1_0 where pd1_0.day=?
Hibernate: select pd1_0.publishing_day_id,pd1_0.created_at,pd1_0.day,pd1_0.updated_at from publishing_day pd1_0 where pd1_0.day=?
2024-03-29T17:51:11.403+09:00 DEBUG 2896 --- [    Test worker] org.hibernate.SQL                        : insert into webtoon_publishing_day (created_at,publishing_day_id,updated_at,webtoon_id) values (?,?,?,?)
Hibernate: insert into webtoon_publishing_day (created_at,publishing_day_id,updated_at,webtoon_id) values (?,?,?,?)
신의 탑
2024-03-29T17:51:11.409+09:00 DEBUG 2896 --- [    Test worker] org.hibernate.SQL                        : insert into webtoon (created_at,description,no_youth,publication_status,thumbnail,title,updated_at) values (?,?,?,?,?,?,?)
Hibernate: insert into webtoon (created_at,description,no_youth,publication_status,thumbnail,title,updated_at) values (?,?,?,?,?,?,?)
2024-03-29T17:51:11.417+09:00 DEBUG 2896 --- [    Test worker] org.hibernate.SQL                        : select pd1_0.publishing_day_id,pd1_0.created_at,pd1_0.day,pd1_0.updated_at from publishing_day pd1_0 where pd1_0.day=?
Hibernate: select pd1_0.publishing_day_id,pd1_0.created_at,pd1_0.day,pd1_0.updated_at from publishing_day pd1_0 where pd1_0.day=?
2024-03-29T17:51:11.420+09:00 DEBUG 2896 --- [    Test worker] org.hibernate.SQL                        : insert into webtoon_publishing_day (created_at,publishing_day_id,updated_at,webtoon_id) values (?,?,?,?)
Hibernate: insert into webtoon_publishing_day (created_at,publishing_day_id,updated_at,webtoon_id) values (?,?,?,?)
왕과의 야행
2024-03-29T17:51:11.427+09:00 DEBUG 2896 --- [    Test worker] org.hibernate.SQL                        : insert into webtoon (created_at,description,no_youth,publication_status,thumbnail,title,updated_at) values (?,?,?,?,?,?,?)
Hibernate: insert into webtoon (created_at,description,no_youth,publication_status,thumbnail,title,updated_at) values (?,?,?,?,?,?,?)
2024-03-29T17:51:11.437+09:00 DEBUG 2896 --- [    Test worker] org.hibernate.SQL                        : select pd1_0.publishing_day_id,pd1_0.created_at,pd1_0.day,pd1_0.updated_at from publishing_day pd1_0 where pd1_0.day=?
Hibernate: select pd1_0.publishing_day_id,pd1_0.created_at,pd1_0.day,pd1_0.updated_at from publishing_day pd1_0 where pd1_0.day=?
2024-03-29T17:51:11.442+09:00 DEBUG 2896 --- [    Test worker] org.hibernate.SQL                        : insert into webtoon_publishing_day (created_at,publishing_day_id,updated_at,webtoon_id) values (?,?,?,?)
Hibernate: insert into webtoon_publishing_day (created_at,publishing_day_id,updated_at,webtoon_id) values (?,?,?,?)
퀘스트지상주의
2024-03-29T17:51:11.451+09:00 DEBUG 2896 --- [    Test worker] org.hibernate.SQL                        : insert into webtoon (created_at,description,no_youth,publication_status,thumbnail,title,updated_at) values (?,?,?,?,?,?,?)
Hibernate: insert into webtoon (created_at,description,no_youth,publication_status,thumbnail,title,updated_at) values (?,?,?,?,?,?,?)
2024-03-29T17:51:11.463+09:00 DEBUG 2896 --- [    Test worker] org.hibernate.SQL                        : select pd1_0.publishing_day_id,pd1_0.created_at,pd1_0.day,pd1_0.updated_at from publishing_day pd1_0 where pd1_0.day=?
Hibernate: select pd1_0.publishing_day_id,pd1_0.created_at,pd1_0.day,pd1_0.updated_at from publishing_day pd1_0 where pd1_0.day=?
2024-03-29T17:51:11.467+09:00 DEBUG 2896 --- [    Test worker] org.hibernate.SQL                        : insert into webtoon_publishing_day (created_at,publishing_day_id,updated_at,webtoon_id) values (?,?,?,?)
Hibernate: insert into webtoon_publishing_day (created_at,publishing_day_id,updated_at,webtoon_id) values (?,?,?,?)
장씨세가 호위무사
2024-03-29T17:51:11.478+09:00 DEBUG 2896 --- [    Test worker] org.hibernate.SQL                        : insert into webtoon (created_at,description,no_youth,publication_status,thumbnail,title,updated_at) values (?,?,?,?,?,?,?)
Hibernate: insert into webtoon (created_at,description,no_youth,publication_status,thumbnail,title,updated_at) values (?,?,?,?,?,?,?)
2024-03-29T17:51:11.487+09:00 DEBUG 2896 --- [    Test worker] org.hibernate.SQL                        : select pd1_0.publishing_day_id,pd1_0.created_at,pd1_0.day,pd1_0.updated_at from publishing_day pd1_0 where pd1_0.day=?
Hibernate: select pd1_0.publishing_day_id,pd1_0.created_at,pd1_0.day,pd1_0.updated_at from publishing_day pd1_0 where pd1_0.day=?
2024-03-29T17:51:11.490+09:00 DEBUG 2896 --- [    Test worker] org.hibernate.SQL                        : insert into webtoon_publishing_day (created_at,publishing_day_id,updated_at,webtoon_id) values (?,?,?,?)
Hibernate: insert into webtoon_publishing_day (created_at,publishing_day_id,updated_at,webtoon_id) values (?,?,?,?)
윈드브레이커
2024-03-29T17:51:11.499+09:00 DEBUG 2896 --- [    Test worker] org.hibernate.SQL                        : insert into webtoon (created_at,description,no_youth,publication_status,thumbnail,title,updated_at) values (?,?,?,?,?,?,?)
Hibernate: insert into webtoon (created_at,description,no_youth,publication_status,thumbnail,title,updated_at) values (?,?,?,?,?,?,?)
2024-03-29T17:51:11.509+09:00 DEBUG 2896 --- [    Test worker] org.hibernate.SQL                        : select pd1_0.publishing_day_id,pd1_0.created_at,pd1_0.day,pd1_0.updated_at from publishing_day pd1_0 where pd1_0.day=?
Hibernate: select pd1_0.publishing_day_id,pd1_0.created_at,pd1_0.day,pd1_0.updated_at from publishing_day pd1_0 where pd1_0.day=?
2024-03-29T17:51:11.512+09:00 DEBUG 2896 --- [    Test worker] org.hibernate.SQL                        : insert into webtoon_publishing_day (created_at,publishing_day_id,updated_at,webtoon_id) values (?,?,?,?)
Hibernate: insert into webtoon_publishing_day (created_at,publishing_day_id,updated_at,webtoon_id) values (?,?,?,?)
소녀의 세계
2024-03-29T17:51:11.521+09:00 DEBUG 2896 --- [    Test worker] org.hibernate.SQL                        : insert into webtoon (created_at,description,no_youth,publication_status,thumbnail,title,updated_at) values (?,?,?,?,?,?,?)
Hibernate: insert into webtoon (created_at,description,no_youth,publication_status,thumbnail,title,updated_at) values (?,?,?,?,?,?,?)
2024-03-29T17:51:11.530+09:00 DEBUG 2896 --- [    Test worker] org.hibernate.SQL                        : select pd1_0.publishing_day_id,pd1_0.created_at,pd1_0.day,pd1_0.updated_at from publishing_day pd1_0 where pd1_0.day=?
Hibernate: select pd1_0.publishing_day_id,pd1_0.created_at,pd1_0.day,pd1_0.updated_at from publishing_day pd1_0 where pd1_0.day=?
2024-03-29T17:51:11.533+09:00 DEBUG 2896 --- [    Test worker] org.hibernate.SQL                        : insert into webtoon_publishing_day (created_at,publishing_day_id,updated_at,webtoon_id) values (?,?,?,?)
Hibernate: insert into webtoon_publishing_day (created_at,publishing_day_id,updated_at,webtoon_id) values (?,?,?,?)
신화급 귀속 아이템을 손에 넣었다
2024-03-29T17:51:11.541+09:00 DEBUG 2896 --- [    Test worker] org.hibernate.SQL                        : insert into webtoon (created_at,description,no_youth,publication_status,thumbnail,title,updated_at) values (?,?,?,?,?,?,?)
Hibernate: insert into webtoon (created_at,description,no_youth,publication_status,thumbnail,title,updated_at) values (?,?,?,?,?,?,?)
2024-03-29T17:51:11.551+09:00 DEBUG 2896 --- [    Test worker] org.hibernate.SQL                        : select pd1_0.publishing_day_id,pd1_0.created_at,pd1_0.day,pd1_0.updated_at from publishing_day pd1_0 where pd1_0.day=?
Hibernate: select pd1_0.publishing_day_id,pd1_0.created_at,pd1_0.day,pd1_0.updated_at from publishing_day pd1_0 where pd1_0.day=?
2024-03-29T17:51:11.554+09:00 DEBUG 2896 --- [    Test worker] org.hibernate.SQL                        : insert into webtoon_publishing_day (created_at,publishing_day_id,updated_at,webtoon_id) values (?,?,?,?)
Hibernate: insert into webtoon_publishing_day (created_at,publishing_day_id,updated_at,webtoon_id) values (?,?,?,?)
버림받은 왕녀의 은밀한 침실
2024-03-29T17:51:11.563+09:00 DEBUG 2896 --- [    Test worker] org.hibernate.SQL                        : insert into webtoon (created_at,description,no_youth,publication_status,thumbnail,title,updated_at) values (?,?,?,?,?,?,?)
Hibernate: insert into webtoon (created_at,description,no_youth,publication_status,thumbnail,title,updated_at) values (?,?,?,?,?,?,?)
2024-03-29T17:51:11.574+09:00 DEBUG 2896 --- [    Test worker] org.hibernate.SQL                        : select pd1_0.publishing_day_id,pd1_0.created_at,pd1_0.day,pd1_0.updated_at from publishing_day pd1_0 where pd1_0.day=?
Hibernate: select pd1_0.publishing_day_id,pd1_0.created_at,pd1_0.day,pd1_0.updated_at from publishing_day pd1_0 where pd1_0.day=?
2024-03-29T17:51:11.579+09:00 DEBUG 2896 --- [    Test worker] org.hibernate.SQL                        : insert into webtoon_publishing_day (created_at,publishing_day_id,updated_at,webtoon_id) values (?,?,?,?)
Hibernate: insert into webtoon_publishing_day (created_at,publishing_day_id,updated_at,webtoon_id) values (?,?,?,?)
팔이피플
2024-03-29T17:51:11.588+09:00 DEBUG 2896 --- [    Test worker] org.hibernate.SQL                        : insert into webtoon (created_at,description,no_youth,publication_status,thumbnail,title,updated_at) values (?,?,?,?,?,?,?)
Hibernate: insert into webtoon (created_at,description,no_youth,publication_status,thumbnail,title,updated_at) values (?,?,?,?,?,?,?)
2024-03-29T17:51:11.599+09:00 DEBUG 2896 --- [    Test worker] org.hibernate.SQL                        : select pd1_0.publishing_day_id,pd1_0.created_at,pd1_0.day,pd1_0.updated_at from publishing_day pd1_0 where pd1_0.day=?
Hibernate: select pd1_0.publishing_day_id,pd1_0.created_at,pd1_0.day,pd1_0.updated_at from publishing_day pd1_0 where pd1_0.day=?
2024-03-29T17:51:11.602+09:00 DEBUG 2896 --- [    Test worker] org.hibernate.SQL                        : insert into webtoon_publishing_day (created_at,publishing_day_id,updated_at,webtoon_id) values (?,?,?,?)
Hibernate: insert into webtoon_publishing_day (created_at,publishing_day_id,updated_at,webtoon_id) values (?,?,?,?)
절대검감
2024-03-29T17:51:11.611+09:00 DEBUG 2896 --- [    Test worker] org.hibernate.SQL                        : insert into webtoon (created_at,description,no_youth,publication_status,thumbnail,title,updated_at) values (?,?,?,?,?,?,?)
Hibernate: insert into webtoon (created_at,description,no_youth,publication_status,thumbnail,title,updated_at) values (?,?,?,?,?,?,?)
2024-03-29T17:51:11.619+09:00 DEBUG 2896 --- [    Test worker] org.hibernate.SQL                        : select pd1_0.publishing_day_id,pd1_0.created_at,pd1_0.day,pd1_0.updated_at from publishing_day pd1_0 where pd1_0.day=?
Hibernate: select pd1_0.publishing_day_id,pd1_0.created_at,pd1_0.day,pd1_0.updated_at from publishing_day pd1_0 where pd1_0.day=?
2024-03-29T17:51:11.622+09:00 DEBUG 2896 --- [    Test worker] org.hibernate.SQL                        : insert into webtoon_publishing_day (created_at,publishing_day_id,updated_at,webtoon_id) values (?,?,?,?)
Hibernate: insert into webtoon_publishing_day (created_at,publishing_day_id,updated_at,webtoon_id) values (?,?,?,?)
별난식당
2024-03-29T17:51:11.632+09:00 DEBUG 2896 --- [    Test worker] org.hibernate.SQL                        : insert into webtoon (created_at,description,no_youth,publication_status,thumbnail,title,updated_at) values (?,?,?,?,?,?,?)
Hibernate: insert into webtoon (created_at,description,no_youth,publication_status,thumbnail,title,updated_at) values (?,?,?,?,?,?,?)
2024-03-29T17:51:11.640+09:00 DEBUG 2896 --- [    Test worker] org.hibernate.SQL                        : select pd1_0.publishing_day_id,pd1_0.created_at,pd1_0.day,pd1_0.updated_at from publishing_day pd1_0 where pd1_0.day=?
Hibernate: select pd1_0.publishing_day_id,pd1_0.created_at,pd1_0.day,pd1_0.updated_at from publishing_day pd1_0 where pd1_0.day=?
2024-03-29T17:51:11.643+09:00 DEBUG 2896 --- [    Test worker] org.hibernate.SQL                        : insert into webtoon_publishing_day (created_at,publishing_day_id,updated_at,webtoon_id) values (?,?,?,?)
Hibernate: insert into webtoon_publishing_day (created_at,publishing_day_id,updated_at,webtoon_id) values (?,?,?,?)
여고생이 신인데 나만 괴롭힘
2024-03-29T17:51:11.651+09:00 DEBUG 2896 --- [    Test worker] org.hibernate.SQL                        : insert into webtoon (created_at,description,no_youth,publication_status,thumbnail,title,updated_at) values (?,?,?,?,?,?,?)
Hibernate: insert into webtoon (created_at,description,no_youth,publication_status,thumbnail,title,updated_at) values (?,?,?,?,?,?,?)
2024-03-29T17:51:11.659+09:00 DEBUG 2896 --- [    Test worker] org.hibernate.SQL                        : select pd1_0.publishing_day_id,pd1_0.created_at,pd1_0.day,pd1_0.updated_at from publishing_day pd1_0 where pd1_0.day=?
Hibernate: select pd1_0.publishing_day_id,pd1_0.created_at,pd1_0.day,pd1_0.updated_at from publishing_day pd1_0 where pd1_0.day=?
2024-03-29T17:51:11.663+09:00 DEBUG 2896 --- [    Test worker] org.hibernate.SQL                        : insert into webtoon_publishing_day (created_at,publishing_day_id,updated_at,webtoon_id) values (?,?,?,?)
Hibernate: insert into webtoon_publishing_day (created_at,publishing_day_id,updated_at,webtoon_id) values (?,?,?,?)
우아한 욕망
2024-03-29T17:51:11.671+09:00 DEBUG 2896 --- [    Test worker] org.hibernate.SQL                        : insert into webtoon (created_at,description,no_youth,publication_status,thumbnail,title,updated_at) values (?,?,?,?,?,?,?)
Hibernate: insert into webtoon (created_at,description,no_youth,publication_status,thumbnail,title,updated_at) values (?,?,?,?,?,?,?)
2024-03-29T17:51:11.681+09:00 DEBUG 2896 --- [    Test worker] org.hibernate.SQL                        : select pd1_0.publishing_day_id,pd1_0.created_at,pd1_0.day,pd1_0.updated_at from publishing_day pd1_0 where pd1_0.day=?
Hibernate: select pd1_0.publishing_day_id,pd1_0.created_at,pd1_0.day,pd1_0.updated_at from publishing_day pd1_0 where pd1_0.day=?
2024-03-29T17:51:11.684+09:00 DEBUG 2896 --- [    Test worker] org.hibernate.SQL                        : insert into webtoon_publishing_day (created_at,publishing_day_id,updated_at,webtoon_id) values (?,?,?,?)
Hibernate: insert into webtoon_publishing_day (created_at,publishing_day_id,updated_at,webtoon_id) values (?,?,?,?)
회귀한 공작가의 막내도련님은 암살자
2024-03-29T17:51:11.691+09:00 DEBUG 2896 --- [    Test worker] org.hibernate.SQL                        : insert into webtoon (created_at,description,no_youth,publication_status,thumbnail,title,updated_at) values (?,?,?,?,?,?,?)
Hibernate: insert into webtoon (created_at,description,no_youth,publication_status,thumbnail,title,updated_at) values (?,?,?,?,?,?,?)
2024-03-29T17:51:11.701+09:00 DEBUG 2896 --- [    Test worker] org.hibernate.SQL                        : select pd1_0.publishing_day_id,pd1_0.created_at,pd1_0.day,pd1_0.updated_at from publishing_day pd1_0 where pd1_0.day=?
Hibernate: select pd1_0.publishing_day_id,pd1_0.created_at,pd1_0.day,pd1_0.updated_at from publishing_day pd1_0 where pd1_0.day=?
2024-03-29T17:51:11.703+09:00 DEBUG 2896 --- [    Test worker] org.hibernate.SQL                        : insert into webtoon_publishing_day (created_at,publishing_day_id,updated_at,webtoon_id) values (?,?,?,?)
Hibernate: insert into webtoon_publishing_day (created_at,publishing_day_id,updated_at,webtoon_id) values (?,?,?,?)
환생천마
2024-03-29T17:51:11.711+09:00 DEBUG 2896 --- [    Test worker] org.hibernate.SQL                        : insert into webtoon (created_at,description,no_youth,publication_status,thumbnail,title,updated_at) values (?,?,?,?,?,?,?)
Hibernate: insert into webtoon (created_at,description,no_youth,publication_status,thumbnail,title,updated_at) values (?,?,?,?,?,?,?)
2024-03-29T17:51:11.719+09:00 DEBUG 2896 --- [    Test worker] org.hibernate.SQL                        : select pd1_0.publishing_day_id,pd1_0.created_at,pd1_0.day,pd1_0.updated_at from publishing_day pd1_0 where pd1_0.day=?
Hibernate: select pd1_0.publishing_day_id,pd1_0.created_at,pd1_0.day,pd1_0.updated_at from publishing_day pd1_0 where pd1_0.day=?
2024-03-29T17:51:11.722+09:00 DEBUG 2896 --- [    Test worker] org.hibernate.SQL                        : insert into webtoon_publishing_day (created_at,publishing_day_id,updated_at,webtoon_id) values (?,?,?,?)
Hibernate: insert into webtoon_publishing_day (created_at,publishing_day_id,updated_at,webtoon_id) values (?,?,?,?)
어린이집 다니는 구나
2024-03-29T17:51:11.728+09:00 DEBUG 2896 --- [    Test worker] org.hibernate.SQL                        : insert into webtoon (created_at,description,no_youth,publication_status,thumbnail,title,updated_at) values (?,?,?,?,?,?,?)
Hibernate: insert into webtoon (created_at,description,no_youth,publication_status,thumbnail,title,updated_at) values (?,?,?,?,?,?,?)
2024-03-29T17:51:11.737+09:00 DEBUG 2896 --- [    Test worker] org.hibernate.SQL                        : select pd1_0.publishing_day_id,pd1_0.created_at,pd1_0.day,pd1_0.updated_at from publishing_day pd1_0 where pd1_0.day=?
Hibernate: select pd1_0.publishing_day_id,pd1_0.created_at,pd1_0.day,pd1_0.updated_at from publishing_day pd1_0 where pd1_0.day=?
2024-03-29T17:51:11.740+09:00 DEBUG 2896 --- [    Test worker] org.hibernate.SQL                        : insert into webtoon_publishing_day (created_at,publishing_day_id,updated_at,webtoon_id) values (?,?,?,?)
Hibernate: insert into webtoon_publishing_day (created_at,publishing_day_id,updated_at,webtoon_id) values (?,?,?,?)
귀촌리
2024-03-29T17:51:11.749+09:00 DEBUG 2896 --- [    Test worker] org.hibernate.SQL                        : insert into webtoon (created_at,description,no_youth,publication_status,thumbnail,title,updated_at) values (?,?,?,?,?,?,?)
Hibernate: insert into webtoon (created_at,description,no_youth,publication_status,thumbnail,title,updated_at) values (?,?,?,?,?,?,?)
2024-03-29T17:51:11.757+09:00 DEBUG 2896 --- [    Test worker] org.hibernate.SQL                        : select pd1_0.publishing_day_id,pd1_0.created_at,pd1_0.day,pd1_0.updated_at from publishing_day pd1_0 where pd1_0.day=?
Hibernate: select pd1_0.publishing_day_id,pd1_0.created_at,pd1_0.day,pd1_0.updated_at from publishing_day pd1_0 where pd1_0.day=?
2024-03-29T17:51:11.760+09:00 DEBUG 2896 --- [    Test worker] org.hibernate.SQL                        : insert into webtoon_publishing_day (created_at,publishing_day_id,updated_at,webtoon_id) values (?,?,?,?)
Hibernate: insert into webtoon_publishing_day (created_at,publishing_day_id,updated_at,webtoon_id) values (?,?,?,?)
만렙돌파
2024-03-29T17:51:11.766+09:00 DEBUG 2896 --- [    Test worker] org.hibernate.SQL                        : insert into webtoon (created_at,description,no_youth,publication_status,thumbnail,title,updated_at) values (?,?,?,?,?,?,?)
Hibernate: insert into webtoon (created_at,description,no_youth,publication_status,thumbnail,title,updated_at) values (?,?,?,?,?,?,?)
2024-03-29T17:51:11.773+09:00 DEBUG 2896 --- [    Test worker] org.hibernate.SQL                        : select pd1_0.publishing_day_id,pd1_0.created_at,pd1_0.day,pd1_0.updated_at from publishing_day pd1_0 where pd1_0.day=?
Hibernate: select pd1_0.publishing_day_id,pd1_0.created_at,pd1_0.day,pd1_0.updated_at from publishing_day pd1_0 where pd1_0.day=?
2024-03-29T17:51:11.776+09:00 DEBUG 2896 --- [    Test worker] org.hibernate.SQL                        : insert into webtoon_publishing_day (created_at,publishing_day_id,updated_at,webtoon_id) values (?,?,?,?)
Hibernate: insert into webtoon_publishing_day (created_at,publishing_day_id,updated_at,webtoon_id) values (?,?,?,?)
마왕을 그만둔 이유
2024-03-29T17:51:11.783+09:00 DEBUG 2896 --- [    Test worker] org.hibernate.SQL                        : insert into webtoon (created_at,description,no_youth,publication_status,thumbnail,title,updated_at) values (?,?,?,?,?,?,?)
Hibernate: insert into webtoon (created_at,description,no_youth,publication_status,thumbnail,title,updated_at) values (?,?,?,?,?,?,?)
2024-03-29T17:51:11.791+09:00 DEBUG 2896 --- [    Test worker] org.hibernate.SQL                        : select pd1_0.publishing_day_id,pd1_0.created_at,pd1_0.day,pd1_0.updated_at from publishing_day pd1_0 where pd1_0.day=?
Hibernate: select pd1_0.publishing_day_id,pd1_0.created_at,pd1_0.day,pd1_0.updated_at from publishing_day pd1_0 where pd1_0.day=?
2024-03-29T17:51:11.794+09:00 DEBUG 2896 --- [    Test worker] org.hibernate.SQL                        : insert into webtoon_publishing_day (created_at,publishing_day_id,updated_at,webtoon_id) values (?,?,?,?)
Hibernate: insert into webtoon_publishing_day (created_at,publishing_day_id,updated_at,webtoon_id) values (?,?,?,?)
진주
2024-03-29T17:51:11.799+09:00 DEBUG 2896 --- [    Test worker] org.hibernate.SQL                        : insert into webtoon (created_at,description,no_youth,publication_status,thumbnail,title,updated_at) values (?,?,?,?,?,?,?)
Hibernate: insert into webtoon (created_at,description,no_youth,publication_status,thumbnail,title,updated_at) values (?,?,?,?,?,?,?)
2024-03-29T17:51:11.805+09:00 DEBUG 2896 --- [    Test worker] org.hibernate.SQL                        : select pd1_0.publishing_day_id,pd1_0.created_at,pd1_0.day,pd1_0.updated_at from publishing_day pd1_0 where pd1_0.day=?
Hibernate: select pd1_0.publishing_day_id,pd1_0.created_at,pd1_0.day,pd1_0.updated_at from publishing_day pd1_0 where pd1_0.day=?
2024-03-29T17:51:11.807+09:00 DEBUG 2896 --- [    Test worker] org.hibernate.SQL                        : insert into webtoon_publishing_day (created_at,publishing_day_id,updated_at,webtoon_id) values (?,?,?,?)
Hibernate: insert into webtoon_publishing_day (created_at,publishing_day_id,updated_at,webtoon_id) values (?,?,?,?)
북부 공작님을 유혹하겠습니다
2024-03-29T17:51:11.812+09:00 DEBUG 2896 --- [    Test worker] org.hibernate.SQL                        : insert into webtoon (created_at,description,no_youth,publication_status,thumbnail,title,updated_at) values (?,?,?,?,?,?,?)
Hibernate: insert into webtoon (created_at,description,no_youth,publication_status,thumbnail,title,updated_at) values (?,?,?,?,?,?,?)
2024-03-29T17:51:11.818+09:00 DEBUG 2896 --- [    Test worker] org.hibernate.SQL                        : select pd1_0.publishing_day_id,pd1_0.created_at,pd1_0.day,pd1_0.updated_at from publishing_day pd1_0 where pd1_0.day=?
Hibernate: select pd1_0.publishing_day_id,pd1_0.created_at,pd1_0.day,pd1_0.updated_at from publishing_day pd1_0 where pd1_0.day=?
2024-03-29T17:51:11.820+09:00 DEBUG 2896 --- [    Test worker] org.hibernate.SQL                        : insert into webtoon_publishing_day (created_at,publishing_day_id,updated_at,webtoon_id) values (?,?,?,?)
Hibernate: insert into webtoon_publishing_day (created_at,publishing_day_id,updated_at,webtoon_id) values (?,?,?,?)
개같이 탈출
2024-03-29T17:51:11.825+09:00 DEBUG 2896 --- [    Test worker] org.hibernate.SQL                        : insert into webtoon (created_at,description,no_youth,publication_status,thumbnail,title,updated_at) values (?,?,?,?,?,?,?)
Hibernate: insert into webtoon (created_at,description,no_youth,publication_status,thumbnail,title,updated_at) values (?,?,?,?,?,?,?)
2024-03-29T17:51:11.830+09:00 DEBUG 2896 --- [    Test worker] org.hibernate.SQL                        : select pd1_0.publishing_day_id,pd1_0.created_at,pd1_0.day,pd1_0.updated_at from publishing_day pd1_0 where pd1_0.day=?
Hibernate: select pd1_0.publishing_day_id,pd1_0.created_at,pd1_0.day,pd1_0.updated_at from publishing_day pd1_0 where pd1_0.day=?
2024-03-29T17:51:11.832+09:00 DEBUG 2896 --- [    Test worker] org.hibernate.SQL                        : insert into webtoon_publishing_day (created_at,publishing_day_id,updated_at,webtoon_id) values (?,?,?,?)
Hibernate: insert into webtoon_publishing_day (created_at,publishing_day_id,updated_at,webtoon_id) values (?,?,?,?)
악당 가족이 독립을 반대한다
2024-03-29T17:51:11.836+09:00 DEBUG 2896 --- [    Test worker] org.hibernate.SQL                        : insert into webtoon (created_at,description,no_youth,publication_status,thumbnail,title,updated_at) values (?,?,?,?,?,?,?)
Hibernate: insert into webtoon (created_at,description,no_youth,publication_status,thumbnail,title,updated_at) values (?,?,?,?,?,?,?)
2024-03-29T17:51:11.842+09:00 DEBUG 2896 --- [    Test worker] org.hibernate.SQL                        : select pd1_0.publishing_day_id,pd1_0.created_at,pd1_0.day,pd1_0.updated_at from publishing_day pd1_0 where pd1_0.day=?
Hibernate: select pd1_0.publishing_day_id,pd1_0.created_at,pd1_0.day,pd1_0.updated_at from publishing_day pd1_0 where pd1_0.day=?
2024-03-29T17:51:11.844+09:00 DEBUG 2896 --- [    Test worker] org.hibernate.SQL                        : insert into webtoon_publishing_day (created_at,publishing_day_id,updated_at,webtoon_id) values (?,?,?,?)
Hibernate: insert into webtoon_publishing_day (created_at,publishing_day_id,updated_at,webtoon_id) values (?,?,?,?)
인섹터
2024-03-29T17:51:11.849+09:00 DEBUG 2896 --- [    Test worker] org.hibernate.SQL                        : insert into webtoon (created_at,description,no_youth,publication_status,thumbnail,title,updated_at) values (?,?,?,?,?,?,?)
Hibernate: insert into webtoon (created_at,description,no_youth,publication_status,thumbnail,title,updated_at) values (?,?,?,?,?,?,?)
2024-03-29T17:51:11.857+09:00 DEBUG 2896 --- [    Test worker] org.hibernate.SQL                        : select pd1_0.publishing_day_id,pd1_0.created_at,pd1_0.day,pd1_0.updated_at from publishing_day pd1_0 where pd1_0.day=?
Hibernate: select pd1_0.publishing_day_id,pd1_0.created_at,pd1_0.day,pd1_0.updated_at from publishing_day pd1_0 where pd1_0.day=?
2024-03-29T17:51:11.859+09:00 DEBUG 2896 --- [    Test worker] org.hibernate.SQL                        : insert into webtoon_publishing_day (created_at,publishing_day_id,updated_at,webtoon_id) values (?,?,?,?)
Hibernate: insert into webtoon_publishing_day (created_at,publishing_day_id,updated_at,webtoon_id) values (?,?,?,?)
히어로메이커
2024-03-29T17:51:11.866+09:00 DEBUG 2896 --- [    Test worker] org.hibernate.SQL                        : insert into webtoon (created_at,description,no_youth,publication_status,thumbnail,title,updated_at) values (?,?,?,?,?,?,?)
Hibernate: insert into webtoon (created_at,description,no_youth,publication_status,thumbnail,title,updated_at) values (?,?,?,?,?,?,?)
2024-03-29T17:51:11.874+09:00 DEBUG 2896 --- [    Test worker] org.hibernate.SQL                        : select pd1_0.publishing_day_id,pd1_0.created_at,pd1_0.day,pd1_0.updated_at from publishing_day pd1_0 where pd1_0.day=?
Hibernate: select pd1_0.publishing_day_id,pd1_0.created_at,pd1_0.day,pd1_0.updated_at from publishing_day pd1_0 where pd1_0.day=?
2024-03-29T17:51:11.881+09:00 DEBUG 2896 --- [    Test worker] org.hibernate.SQL                        : insert into webtoon_publishing_day (created_at,publishing_day_id,updated_at,webtoon_id) values (?,?,?,?)
Hibernate: insert into webtoon_publishing_day (created_at,publishing_day_id,updated_at,webtoon_id) values (?,?,?,?)
녹빛자정의 연인
2024-03-29T17:51:11.889+09:00 DEBUG 2896 --- [    Test worker] org.hibernate.SQL                        : insert into webtoon (created_at,description,no_youth,publication_status,thumbnail,title,updated_at) values (?,?,?,?,?,?,?)
Hibernate: insert into webtoon (created_at,description,no_youth,publication_status,thumbnail,title,updated_at) values (?,?,?,?,?,?,?)
2024-03-29T17:51:11.898+09:00 DEBUG 2896 --- [    Test worker] org.hibernate.SQL                        : select pd1_0.publishing_day_id,pd1_0.created_at,pd1_0.day,pd1_0.updated_at from publishing_day pd1_0 where pd1_0.day=?
Hibernate: select pd1_0.publishing_day_id,pd1_0.created_at,pd1_0.day,pd1_0.updated_at from publishing_day pd1_0 where pd1_0.day=?
2024-03-29T17:51:11.902+09:00 DEBUG 2896 --- [    Test worker] org.hibernate.SQL                        : insert into webtoon_publishing_day (created_at,publishing_day_id,updated_at,webtoon_id) values (?,?,?,?)
Hibernate: insert into webtoon_publishing_day (created_at,publishing_day_id,updated_at,webtoon_id) values (?,?,?,?)
제왕
2024-03-29T17:51:11.909+09:00 DEBUG 2896 --- [    Test worker] org.hibernate.SQL                        : insert into webtoon (created_at,description,no_youth,publication_status,thumbnail,title,updated_at) values (?,?,?,?,?,?,?)
Hibernate: insert into webtoon (created_at,description,no_youth,publication_status,thumbnail,title,updated_at) values (?,?,?,?,?,?,?)
2024-03-29T17:51:11.918+09:00 DEBUG 2896 --- [    Test worker] org.hibernate.SQL                        : select pd1_0.publishing_day_id,pd1_0.created_at,pd1_0.day,pd1_0.updated_at from publishing_day pd1_0 where pd1_0.day=?
Hibernate: select pd1_0.publishing_day_id,pd1_0.created_at,pd1_0.day,pd1_0.updated_at from publishing_day pd1_0 where pd1_0.day=?
2024-03-29T17:51:11.920+09:00 DEBUG 2896 --- [    Test worker] org.hibernate.SQL                        : insert into webtoon_publishing_day (created_at,publishing_day_id,updated_at,webtoon_id) values (?,?,?,?)
Hibernate: insert into webtoon_publishing_day (created_at,publishing_day_id,updated_at,webtoon_id) values (?,?,?,?)
리턴 투 플레이어
2024-03-29T17:51:11.928+09:00 DEBUG 2896 --- [    Test worker] org.hibernate.SQL                        : insert into webtoon (created_at,description,no_youth,publication_status,thumbnail,title,updated_at) values (?,?,?,?,?,?,?)
Hibernate: insert into webtoon (created_at,description,no_youth,publication_status,thumbnail,title,updated_at) values (?,?,?,?,?,?,?)
2024-03-29T17:51:11.937+09:00 DEBUG 2896 --- [    Test worker] org.hibernate.SQL                        : select pd1_0.publishing_day_id,pd1_0.created_at,pd1_0.day,pd1_0.updated_at from publishing_day pd1_0 where pd1_0.day=?
Hibernate: select pd1_0.publishing_day_id,pd1_0.created_at,pd1_0.day,pd1_0.updated_at from publishing_day pd1_0 where pd1_0.day=?
2024-03-29T17:51:11.939+09:00 DEBUG 2896 --- [    Test worker] org.hibernate.SQL                        : insert into webtoon_publishing_day (created_at,publishing_day_id,updated_at,webtoon_id) values (?,?,?,?)
Hibernate: insert into webtoon_publishing_day (created_at,publishing_day_id,updated_at,webtoon_id) values (?,?,?,?)
더블클릭
2024-03-29T17:51:11.947+09:00 DEBUG 2896 --- [    Test worker] org.hibernate.SQL                        : insert into webtoon (created_at,description,no_youth,publication_status,thumbnail,title,updated_at) values (?,?,?,?,?,?,?)
Hibernate: insert into webtoon (created_at,description,no_youth,publication_status,thumbnail,title,updated_at) values (?,?,?,?,?,?,?)
2024-03-29T17:51:11.956+09:00 DEBUG 2896 --- [    Test worker] org.hibernate.SQL                        : select pd1_0.publishing_day_id,pd1_0.created_at,pd1_0.day,pd1_0.updated_at from publishing_day pd1_0 where pd1_0.day=?
Hibernate: select pd1_0.publishing_day_id,pd1_0.created_at,pd1_0.day,pd1_0.updated_at from publishing_day pd1_0 where pd1_0.day=?
2024-03-29T17:51:11.958+09:00 DEBUG 2896 --- [    Test worker] org.hibernate.SQL                        : insert into webtoon_publishing_day (created_at,publishing_day_id,updated_at,webtoon_id) values (?,?,?,?)
Hibernate: insert into webtoon_publishing_day (created_at,publishing_day_id,updated_at,webtoon_id) values (?,?,?,?)
영업 천재가 되었다
2024-03-29T17:51:11.967+09:00 DEBUG 2896 --- [    Test worker] org.hibernate.SQL                        : insert into webtoon (created_at,description,no_youth,publication_status,thumbnail,title,updated_at) values (?,?,?,?,?,?,?)
Hibernate: insert into webtoon (created_at,description,no_youth,publication_status,thumbnail,title,updated_at) values (?,?,?,?,?,?,?)
2024-03-29T17:51:11.975+09:00 DEBUG 2896 --- [    Test worker] org.hibernate.SQL                        : select pd1_0.publishing_day_id,pd1_0.created_at,pd1_0.day,pd1_0.updated_at from publishing_day pd1_0 where pd1_0.day=?
Hibernate: select pd1_0.publishing_day_id,pd1_0.created_at,pd1_0.day,pd1_0.updated_at from publishing_day pd1_0 where pd1_0.day=?
2024-03-29T17:51:11.977+09:00 DEBUG 2896 --- [    Test worker] org.hibernate.SQL                        : insert into webtoon_publishing_day (created_at,publishing_day_id,updated_at,webtoon_id) values (?,?,?,?)
Hibernate: insert into webtoon_publishing_day (created_at,publishing_day_id,updated_at,webtoon_id) values (?,?,?,?)
칼가는 소녀
2024-03-29T17:51:11.985+09:00 DEBUG 2896 --- [    Test worker] org.hibernate.SQL                        : insert into webtoon (created_at,description,no_youth,publication_status,thumbnail,title,updated_at) values (?,?,?,?,?,?,?)
Hibernate: insert into webtoon (created_at,description,no_youth,publication_status,thumbnail,title,updated_at) values (?,?,?,?,?,?,?)
2024-03-29T17:51:11.992+09:00 DEBUG 2896 --- [    Test worker] org.hibernate.SQL                        : select pd1_0.publishing_day_id,pd1_0.created_at,pd1_0.day,pd1_0.updated_at from publishing_day pd1_0 where pd1_0.day=?
Hibernate: select pd1_0.publishing_day_id,pd1_0.created_at,pd1_0.day,pd1_0.updated_at from publishing_day pd1_0 where pd1_0.day=?
2024-03-29T17:51:11.995+09:00 DEBUG 2896 --- [    Test worker] org.hibernate.SQL                        : insert into webtoon_publishing_day (created_at,publishing_day_id,updated_at,webtoon_id) values (?,?,?,?)
Hibernate: insert into webtoon_publishing_day (created_at,publishing_day_id,updated_at,webtoon_id) values (?,?,?,?)
미친 재능의 플레이어
2024-03-29T17:51:12.003+09:00 DEBUG 2896 --- [    Test worker] org.hibernate.SQL                        : insert into webtoon (created_at,description,no_youth,publication_status,thumbnail,title,updated_at) values (?,?,?,?,?,?,?)
Hibernate: insert into webtoon (created_at,description,no_youth,publication_status,thumbnail,title,updated_at) values (?,?,?,?,?,?,?)
2024-03-29T17:51:12.010+09:00 DEBUG 2896 --- [    Test worker] org.hibernate.SQL                        : select pd1_0.publishing_day_id,pd1_0.created_at,pd1_0.day,pd1_0.updated_at from publishing_day pd1_0 where pd1_0.day=?
Hibernate: select pd1_0.publishing_day_id,pd1_0.created_at,pd1_0.day,pd1_0.updated_at from publishing_day pd1_0 where pd1_0.day=?
2024-03-29T17:51:12.014+09:00 DEBUG 2896 --- [    Test worker] org.hibernate.SQL                        : insert into webtoon_publishing_day (created_at,publishing_day_id,updated_at,webtoon_id) values (?,?,?,?)
Hibernate: insert into webtoon_publishing_day (created_at,publishing_day_id,updated_at,webtoon_id) values (?,?,?,?)
좀비묵시록 82-08
2024-03-29T17:51:12.020+09:00 DEBUG 2896 --- [    Test worker] org.hibernate.SQL                        : insert into webtoon (created_at,description,no_youth,publication_status,thumbnail,title,updated_at) values (?,?,?,?,?,?,?)
Hibernate: insert into webtoon (created_at,description,no_youth,publication_status,thumbnail,title,updated_at) values (?,?,?,?,?,?,?)
2024-03-29T17:51:12.029+09:00 DEBUG 2896 --- [    Test worker] org.hibernate.SQL                        : select pd1_0.publishing_day_id,pd1_0.created_at,pd1_0.day,pd1_0.updated_at from publishing_day pd1_0 where pd1_0.day=?
Hibernate: select pd1_0.publishing_day_id,pd1_0.created_at,pd1_0.day,pd1_0.updated_at from publishing_day pd1_0 where pd1_0.day=?
2024-03-29T17:51:12.032+09:00 DEBUG 2896 --- [    Test worker] org.hibernate.SQL                        : insert into webtoon_publishing_day (created_at,publishing_day_id,updated_at,webtoon_id) values (?,?,?,?)
Hibernate: insert into webtoon_publishing_day (created_at,publishing_day_id,updated_at,webtoon_id) values (?,?,?,?)
결혼생활 그림일기
2024-03-29T17:51:12.040+09:00 DEBUG 2896 --- [    Test worker] org.hibernate.SQL                        : insert into webtoon (created_at,description,no_youth,publication_status,thumbnail,title,updated_at) values (?,?,?,?,?,?,?)
Hibernate: insert into webtoon (created_at,description,no_youth,publication_status,thumbnail,title,updated_at) values (?,?,?,?,?,?,?)
2024-03-29T17:51:12.048+09:00 DEBUG 2896 --- [    Test worker] org.hibernate.SQL                        : select pd1_0.publishing_day_id,pd1_0.created_at,pd1_0.day,pd1_0.updated_at from publishing_day pd1_0 where pd1_0.day=?
Hibernate: select pd1_0.publishing_day_id,pd1_0.created_at,pd1_0.day,pd1_0.updated_at from publishing_day pd1_0 where pd1_0.day=?
2024-03-29T17:51:12.051+09:00 DEBUG 2896 --- [    Test worker] org.hibernate.SQL                        : insert into webtoon_publishing_day (created_at,publishing_day_id,updated_at,webtoon_id) values (?,?,?,?)
Hibernate: insert into webtoon_publishing_day (created_at,publishing_day_id,updated_at,webtoon_id) values (?,?,?,?)
찔레꽃 그늘 아래
2024-03-29T17:51:12.059+09:00 DEBUG 2896 --- [    Test worker] org.hibernate.SQL                        : insert into webtoon (created_at,description,no_youth,publication_status,thumbnail,title,updated_at) values (?,?,?,?,?,?,?)
Hibernate: insert into webtoon (created_at,description,no_youth,publication_status,thumbnail,title,updated_at) values (?,?,?,?,?,?,?)
2024-03-29T17:51:12.067+09:00 DEBUG 2896 --- [    Test worker] org.hibernate.SQL                        : select pd1_0.publishing_day_id,pd1_0.created_at,pd1_0.day,pd1_0.updated_at from publishing_day pd1_0 where pd1_0.day=?
Hibernate: select pd1_0.publishing_day_id,pd1_0.created_at,pd1_0.day,pd1_0.updated_at from publishing_day pd1_0 where pd1_0.day=?
2024-03-29T17:51:12.070+09:00 DEBUG 2896 --- [    Test worker] org.hibernate.SQL                        : insert into webtoon_publishing_day (created_at,publishing_day_id,updated_at,webtoon_id) values (?,?,?,?)
Hibernate: insert into webtoon_publishing_day (created_at,publishing_day_id,updated_at,webtoon_id) values (?,?,?,?)
루루라라 우리네 인생
2024-03-29T17:51:12.078+09:00 DEBUG 2896 --- [    Test worker] org.hibernate.SQL                        : insert into webtoon (created_at,description,no_youth,publication_status,thumbnail,title,updated_at) values (?,?,?,?,?,?,?)
Hibernate: insert into webtoon (created_at,description,no_youth,publication_status,thumbnail,title,updated_at) values (?,?,?,?,?,?,?)
2024-03-29T17:51:12.087+09:00 DEBUG 2896 --- [    Test worker] org.hibernate.SQL                        : select pd1_0.publishing_day_id,pd1_0.created_at,pd1_0.day,pd1_0.updated_at from publishing_day pd1_0 where pd1_0.day=?
Hibernate: select pd1_0.publishing_day_id,pd1_0.created_at,pd1_0.day,pd1_0.updated_at from publishing_day pd1_0 where pd1_0.day=?
2024-03-29T17:51:12.099+09:00 DEBUG 2896 --- [    Test worker] org.hibernate.SQL                        : insert into webtoon_publishing_day (created_at,publishing_day_id,updated_at,webtoon_id) values (?,?,?,?)
Hibernate: insert into webtoon_publishing_day (created_at,publishing_day_id,updated_at,webtoon_id) values (?,?,?,?)
함부로 친절하지 말라
2024-03-29T17:51:12.107+09:00 DEBUG 2896 --- [    Test worker] org.hibernate.SQL                        : insert into webtoon (created_at,description,no_youth,publication_status,thumbnail,title,updated_at) values (?,?,?,?,?,?,?)
Hibernate: insert into webtoon (created_at,description,no_youth,publication_status,thumbnail,title,updated_at) values (?,?,?,?,?,?,?)
2024-03-29T17:51:12.117+09:00 DEBUG 2896 --- [    Test worker] org.hibernate.SQL                        : select pd1_0.publishing_day_id,pd1_0.created_at,pd1_0.day,pd1_0.updated_at from publishing_day pd1_0 where pd1_0.day=?
Hibernate: select pd1_0.publishing_day_id,pd1_0.created_at,pd1_0.day,pd1_0.updated_at from publishing_day pd1_0 where pd1_0.day=?
2024-03-29T17:51:12.121+09:00 DEBUG 2896 --- [    Test worker] org.hibernate.SQL                        : insert into webtoon_publishing_day (created_at,publishing_day_id,updated_at,webtoon_id) values (?,?,?,?)
Hibernate: insert into webtoon_publishing_day (created_at,publishing_day_id,updated_at,webtoon_id) values (?,?,?,?)
아슈타르테
2024-03-29T17:51:12.129+09:00 DEBUG 2896 --- [    Test worker] org.hibernate.SQL                        : insert into webtoon (created_at,description,no_youth,publication_status,thumbnail,title,updated_at) values (?,?,?,?,?,?,?)
Hibernate: insert into webtoon (created_at,description,no_youth,publication_status,thumbnail,title,updated_at) values (?,?,?,?,?,?,?)
2024-03-29T17:51:12.137+09:00 DEBUG 2896 --- [    Test worker] org.hibernate.SQL                        : select pd1_0.publishing_day_id,pd1_0.created_at,pd1_0.day,pd1_0.updated_at from publishing_day pd1_0 where pd1_0.day=?
Hibernate: select pd1_0.publishing_day_id,pd1_0.created_at,pd1_0.day,pd1_0.updated_at from publishing_day pd1_0 where pd1_0.day=?
2024-03-29T17:51:12.140+09:00 DEBUG 2896 --- [    Test worker] org.hibernate.SQL                        : insert into webtoon_publishing_day (created_at,publishing_day_id,updated_at,webtoon_id) values (?,?,?,?)
Hibernate: insert into webtoon_publishing_day (created_at,publishing_day_id,updated_at,webtoon_id) values (?,?,?,?)
"사랑
2024-03-29T17:51:12.149+09:00 DEBUG 2896 --- [    Test worker] org.hibernate.SQL                        : insert into webtoon (created_at,description,no_youth,publication_status,thumbnail,title,updated_at) values (?,?,?,?,?,?,?)
Hibernate: insert into webtoon (created_at,description,no_youth,publication_status,thumbnail,title,updated_at) values (?,?,?,?,?,?,?)
2024-03-29T17:51:12.157+09:00 DEBUG 2896 --- [    Test worker] org.hibernate.SQL                        : select pd1_0.publishing_day_id,pd1_0.created_at,pd1_0.day,pd1_0.updated_at from publishing_day pd1_0 where pd1_0.day=?
Hibernate: select pd1_0.publishing_day_id,pd1_0.created_at,pd1_0.day,pd1_0.updated_at from publishing_day pd1_0 where pd1_0.day=?
2024-03-29T17:51:12.160+09:00 DEBUG 2896 --- [    Test worker] org.hibernate.SQL                        : insert into webtoon_publishing_day (created_at,publishing_day_id,updated_at,webtoon_id) values (?,?,?,?)
Hibernate: insert into webtoon_publishing_day (created_at,publishing_day_id,updated_at,webtoon_id) values (?,?,?,?)
파운더
2024-03-29T17:51:12.168+09:00 DEBUG 2896 --- [    Test worker] org.hibernate.SQL                        : insert into webtoon (created_at,description,no_youth,publication_status,thumbnail,title,updated_at) values (?,?,?,?,?,?,?)
Hibernate: insert into webtoon (created_at,description,no_youth,publication_status,thumbnail,title,updated_at) values (?,?,?,?,?,?,?)
2024-03-29T17:51:12.177+09:00 DEBUG 2896 --- [    Test worker] org.hibernate.SQL                        : select pd1_0.publishing_day_id,pd1_0.created_at,pd1_0.day,pd1_0.updated_at from publishing_day pd1_0 where pd1_0.day=?
Hibernate: select pd1_0.publishing_day_id,pd1_0.created_at,pd1_0.day,pd1_0.updated_at from publishing_day pd1_0 where pd1_0.day=?
2024-03-29T17:51:12.181+09:00 DEBUG 2896 --- [    Test worker] org.hibernate.SQL                        : insert into webtoon_publishing_day (created_at,publishing_day_id,updated_at,webtoon_id) values (?,?,?,?)
Hibernate: insert into webtoon_publishing_day (created_at,publishing_day_id,updated_at,webtoon_id) values (?,?,?,?)
토마토가 돼라!
2024-03-29T17:51:12.188+09:00 DEBUG 2896 --- [    Test worker] org.hibernate.SQL                        : insert into webtoon (created_at,description,no_youth,publication_status,thumbnail,title,updated_at) values (?,?,?,?,?,?,?)
Hibernate: insert into webtoon (created_at,description,no_youth,publication_status,thumbnail,title,updated_at) values (?,?,?,?,?,?,?)
2024-03-29T17:51:12.196+09:00 DEBUG 2896 --- [    Test worker] org.hibernate.SQL                        : select pd1_0.publishing_day_id,pd1_0.created_at,pd1_0.day,pd1_0.updated_at from publishing_day pd1_0 where pd1_0.day=?
Hibernate: select pd1_0.publishing_day_id,pd1_0.created_at,pd1_0.day,pd1_0.updated_at from publishing_day pd1_0 where pd1_0.day=?
2024-03-29T17:51:12.199+09:00 DEBUG 2896 --- [    Test worker] org.hibernate.SQL                        : insert into webtoon_publishing_day (created_at,publishing_day_id,updated_at,webtoon_id) values (?,?,?,?)
Hibernate: insert into webtoon_publishing_day (created_at,publishing_day_id,updated_at,webtoon_id) values (?,?,?,?)
보스리턴
2024-03-29T17:51:12.206+09:00 DEBUG 2896 --- [    Test worker] org.hibernate.SQL                        : insert into webtoon (created_at,description,no_youth,publication_status,thumbnail,title,updated_at) values (?,?,?,?,?,?,?)
Hibernate: insert into webtoon (created_at,description,no_youth,publication_status,thumbnail,title,updated_at) values (?,?,?,?,?,?,?)
2024-03-29T17:51:12.214+09:00 DEBUG 2896 --- [    Test worker] org.hibernate.SQL                        : select pd1_0.publishing_day_id,pd1_0.created_at,pd1_0.day,pd1_0.updated_at from publishing_day pd1_0 where pd1_0.day=?
Hibernate: select pd1_0.publishing_day_id,pd1_0.created_at,pd1_0.day,pd1_0.updated_at from publishing_day pd1_0 where pd1_0.day=?
2024-03-29T17:51:12.217+09:00 DEBUG 2896 --- [    Test worker] org.hibernate.SQL                        : insert into webtoon_publishing_day (created_at,publishing_day_id,updated_at,webtoon_id) values (?,?,?,?)
Hibernate: insert into webtoon_publishing_day (created_at,publishing_day_id,updated_at,webtoon_id) values (?,?,?,?)
오빠집이 비어서
2024-03-29T17:51:12.224+09:00 DEBUG 2896 --- [    Test worker] org.hibernate.SQL                        : insert into webtoon (created_at,description,no_youth,publication_status,thumbnail,title,updated_at) values (?,?,?,?,?,?,?)
Hibernate: insert into webtoon (created_at,description,no_youth,publication_status,thumbnail,title,updated_at) values (?,?,?,?,?,?,?)
2024-03-29T17:51:12.232+09:00 DEBUG 2896 --- [    Test worker] org.hibernate.SQL                        : select pd1_0.publishing_day_id,pd1_0.created_at,pd1_0.day,pd1_0.updated_at from publishing_day pd1_0 where pd1_0.day=?
Hibernate: select pd1_0.publishing_day_id,pd1_0.created_at,pd1_0.day,pd1_0.updated_at from publishing_day pd1_0 where pd1_0.day=?
2024-03-29T17:51:12.235+09:00 DEBUG 2896 --- [    Test worker] org.hibernate.SQL                        : insert into webtoon_publishing_day (created_at,publishing_day_id,updated_at,webtoon_id) values (?,?,?,?)
Hibernate: insert into webtoon_publishing_day (created_at,publishing_day_id,updated_at,webtoon_id) values (?,?,?,?)
헬크래프트
2024-03-29T17:51:12.241+09:00 DEBUG 2896 --- [    Test worker] org.hibernate.SQL                        : insert into webtoon (created_at,description,no_youth,publication_status,thumbnail,title,updated_at) values (?,?,?,?,?,?,?)
Hibernate: insert into webtoon (created_at,description,no_youth,publication_status,thumbnail,title,updated_at) values (?,?,?,?,?,?,?)
2024-03-29T17:51:12.249+09:00 DEBUG 2896 --- [    Test worker] org.hibernate.SQL                        : select pd1_0.publishing_day_id,pd1_0.created_at,pd1_0.day,pd1_0.updated_at from publishing_day pd1_0 where pd1_0.day=?
Hibernate: select pd1_0.publishing_day_id,pd1_0.created_at,pd1_0.day,pd1_0.updated_at from publishing_day pd1_0 where pd1_0.day=?
2024-03-29T17:51:12.252+09:00 DEBUG 2896 --- [    Test worker] org.hibernate.SQL                        : insert into webtoon_publishing_day (created_at,publishing_day_id,updated_at,webtoon_id) values (?,?,?,?)
Hibernate: insert into webtoon_publishing_day (created_at,publishing_day_id,updated_at,webtoon_id) values (?,?,?,?)
막장 악녀
2024-03-29T17:51:12.260+09:00 DEBUG 2896 --- [    Test worker] org.hibernate.SQL                        : insert into webtoon (created_at,description,no_youth,publication_status,thumbnail,title,updated_at) values (?,?,?,?,?,?,?)
Hibernate: insert into webtoon (created_at,description,no_youth,publication_status,thumbnail,title,updated_at) values (?,?,?,?,?,?,?)
2024-03-29T17:51:12.269+09:00 DEBUG 2896 --- [    Test worker] org.hibernate.SQL                        : select pd1_0.publishing_day_id,pd1_0.created_at,pd1_0.day,pd1_0.updated_at from publishing_day pd1_0 where pd1_0.day=?
Hibernate: select pd1_0.publishing_day_id,pd1_0.created_at,pd1_0.day,pd1_0.updated_at from publishing_day pd1_0 where pd1_0.day=?
2024-03-29T17:51:12.272+09:00 DEBUG 2896 --- [    Test worker] org.hibernate.SQL                        : insert into webtoon_publishing_day (created_at,publishing_day_id,updated_at,webtoon_id) values (?,?,?,?)
Hibernate: insert into webtoon_publishing_day (created_at,publishing_day_id,updated_at,webtoon_id) values (?,?,?,?)
시한부의 아이까지 뺏으려 합니다
2024-03-29T17:51:12.283+09:00 DEBUG 2896 --- [    Test worker] org.hibernate.SQL                        : insert into webtoon (created_at,description,no_youth,publication_status,thumbnail,title,updated_at) values (?,?,?,?,?,?,?)
Hibernate: insert into webtoon (created_at,description,no_youth,publication_status,thumbnail,title,updated_at) values (?,?,?,?,?,?,?)
2024-03-29T17:51:12.293+09:00 DEBUG 2896 --- [    Test worker] org.hibernate.SQL                        : select pd1_0.publishing_day_id,pd1_0.created_at,pd1_0.day,pd1_0.updated_at from publishing_day pd1_0 where pd1_0.day=?
Hibernate: select pd1_0.publishing_day_id,pd1_0.created_at,pd1_0.day,pd1_0.updated_at from publishing_day pd1_0 where pd1_0.day=?
2024-03-29T17:51:12.296+09:00 DEBUG 2896 --- [    Test worker] org.hibernate.SQL                        : insert into webtoon_publishing_day (created_at,publishing_day_id,updated_at,webtoon_id) values (?,?,?,?)
Hibernate: insert into webtoon_publishing_day (created_at,publishing_day_id,updated_at,webtoon_id) values (?,?,?,?)
꿈의 기업
2024-03-29T17:51:12.305+09:00 DEBUG 2896 --- [    Test worker] org.hibernate.SQL                        : insert into webtoon (created_at,description,no_youth,publication_status,thumbnail,title,updated_at) values (?,?,?,?,?,?,?)
Hibernate: insert into webtoon (created_at,description,no_youth,publication_status,thumbnail,title,updated_at) values (?,?,?,?,?,?,?)
2024-03-29T17:51:12.314+09:00 DEBUG 2896 --- [    Test worker] org.hibernate.SQL                        : select pd1_0.publishing_day_id,pd1_0.created_at,pd1_0.day,pd1_0.updated_at from publishing_day pd1_0 where pd1_0.day=?
Hibernate: select pd1_0.publishing_day_id,pd1_0.created_at,pd1_0.day,pd1_0.updated_at from publishing_day pd1_0 where pd1_0.day=?
2024-03-29T17:51:12.317+09:00 DEBUG 2896 --- [    Test worker] org.hibernate.SQL                        : insert into webtoon_publishing_day (created_at,publishing_day_id,updated_at,webtoon_id) values (?,?,?,?)
Hibernate: insert into webtoon_publishing_day (created_at,publishing_day_id,updated_at,webtoon_id) values (?,?,?,?)
공녀님의 꽃밭에는 그들이 산다
2024-03-29T17:51:12.327+09:00 DEBUG 2896 --- [    Test worker] org.hibernate.SQL                        : insert into webtoon (created_at,description,no_youth,publication_status,thumbnail,title,updated_at) values (?,?,?,?,?,?,?)
Hibernate: insert into webtoon (created_at,description,no_youth,publication_status,thumbnail,title,updated_at) values (?,?,?,?,?,?,?)
2024-03-29T17:51:12.337+09:00 DEBUG 2896 --- [    Test worker] org.hibernate.SQL                        : select pd1_0.publishing_day_id,pd1_0.created_at,pd1_0.day,pd1_0.updated_at from publishing_day pd1_0 where pd1_0.day=?
Hibernate: select pd1_0.publishing_day_id,pd1_0.created_at,pd1_0.day,pd1_0.updated_at from publishing_day pd1_0 where pd1_0.day=?
2024-03-29T17:51:12.340+09:00 DEBUG 2896 --- [    Test worker] org.hibernate.SQL                        : insert into webtoon_publishing_day (created_at,publishing_day_id,updated_at,webtoon_id) values (?,?,?,?)
Hibernate: insert into webtoon_publishing_day (created_at,publishing_day_id,updated_at,webtoon_id) values (?,?,?,?)
내가 왜 킬러?!
2024-03-29T17:51:12.349+09:00 DEBUG 2896 --- [    Test worker] org.hibernate.SQL                        : insert into webtoon (created_at,description,no_youth,publication_status,thumbnail,title,updated_at) values (?,?,?,?,?,?,?)
Hibernate: insert into webtoon (created_at,description,no_youth,publication_status,thumbnail,title,updated_at) values (?,?,?,?,?,?,?)
2024-03-29T17:51:12.358+09:00 DEBUG 2896 --- [    Test worker] org.hibernate.SQL                        : select pd1_0.publishing_day_id,pd1_0.created_at,pd1_0.day,pd1_0.updated_at from publishing_day pd1_0 where pd1_0.day=?
Hibernate: select pd1_0.publishing_day_id,pd1_0.created_at,pd1_0.day,pd1_0.updated_at from publishing_day pd1_0 where pd1_0.day=?
2024-03-29T17:51:12.361+09:00 DEBUG 2896 --- [    Test worker] org.hibernate.SQL                        : insert into webtoon_publishing_day (created_at,publishing_day_id,updated_at,webtoon_id) values (?,?,?,?)
Hibernate: insert into webtoon_publishing_day (created_at,publishing_day_id,updated_at,webtoon_id) values (?,?,?,?)
악녀교실
2024-03-29T17:51:12.371+09:00 DEBUG 2896 --- [    Test worker] org.hibernate.SQL                        : insert into webtoon (created_at,description,no_youth,publication_status,thumbnail,title,updated_at) values (?,?,?,?,?,?,?)
Hibernate: insert into webtoon (created_at,description,no_youth,publication_status,thumbnail,title,updated_at) values (?,?,?,?,?,?,?)
2024-03-29T17:51:12.379+09:00 DEBUG 2896 --- [    Test worker] org.hibernate.SQL                        : select pd1_0.publishing_day_id,pd1_0.created_at,pd1_0.day,pd1_0.updated_at from publishing_day pd1_0 where pd1_0.day=?
Hibernate: select pd1_0.publishing_day_id,pd1_0.created_at,pd1_0.day,pd1_0.updated_at from publishing_day pd1_0 where pd1_0.day=?
2024-03-29T17:51:12.381+09:00 DEBUG 2896 --- [    Test worker] org.hibernate.SQL                        : insert into webtoon_publishing_day (created_at,publishing_day_id,updated_at,webtoon_id) values (?,?,?,?)
Hibernate: insert into webtoon_publishing_day (created_at,publishing_day_id,updated_at,webtoon_id) values (?,?,?,?)
제국 제일의 상속녀가 되었습니다
2024-03-29T17:51:12.390+09:00 DEBUG 2896 --- [    Test worker] org.hibernate.SQL                        : insert into webtoon (created_at,description,no_youth,publication_status,thumbnail,title,updated_at) values (?,?,?,?,?,?,?)
Hibernate: insert into webtoon (created_at,description,no_youth,publication_status,thumbnail,title,updated_at) values (?,?,?,?,?,?,?)
2024-03-29T17:51:12.399+09:00 DEBUG 2896 --- [    Test worker] org.hibernate.SQL                        : select pd1_0.publishing_day_id,pd1_0.created_at,pd1_0.day,pd1_0.updated_at from publishing_day pd1_0 where pd1_0.day=?
Hibernate: select pd1_0.publishing_day_id,pd1_0.created_at,pd1_0.day,pd1_0.updated_at from publishing_day pd1_0 where pd1_0.day=?
2024-03-29T17:51:12.402+09:00 DEBUG 2896 --- [    Test worker] org.hibernate.SQL                        : insert into webtoon_publishing_day (created_at,publishing_day_id,updated_at,webtoon_id) values (?,?,?,?)
Hibernate: insert into webtoon_publishing_day (created_at,publishing_day_id,updated_at,webtoon_id) values (?,?,?,?)
입술이 예쁜 남자
2024-03-29T17:51:12.410+09:00 DEBUG 2896 --- [    Test worker] org.hibernate.SQL                        : insert into webtoon (created_at,description,no_youth,publication_status,thumbnail,title,updated_at) values (?,?,?,?,?,?,?)
Hibernate: insert into webtoon (created_at,description,no_youth,publication_status,thumbnail,title,updated_at) values (?,?,?,?,?,?,?)
2024-03-29T17:51:12.418+09:00 DEBUG 2896 --- [    Test worker] org.hibernate.SQL                        : select pd1_0.publishing_day_id,pd1_0.created_at,pd1_0.day,pd1_0.updated_at from publishing_day pd1_0 where pd1_0.day=?
Hibernate: select pd1_0.publishing_day_id,pd1_0.created_at,pd1_0.day,pd1_0.updated_at from publishing_day pd1_0 where pd1_0.day=?
2024-03-29T17:51:12.421+09:00 DEBUG 2896 --- [    Test worker] org.hibernate.SQL                        : insert into webtoon_publishing_day (created_at,publishing_day_id,updated_at,webtoon_id) values (?,?,?,?)
Hibernate: insert into webtoon_publishing_day (created_at,publishing_day_id,updated_at,webtoon_id) values (?,?,?,?)
엘프
2024-03-29T17:51:12.428+09:00 DEBUG 2896 --- [    Test worker] org.hibernate.SQL                        : insert into webtoon (created_at,description,no_youth,publication_status,thumbnail,title,updated_at) values (?,?,?,?,?,?,?)
Hibernate: insert into webtoon (created_at,description,no_youth,publication_status,thumbnail,title,updated_at) values (?,?,?,?,?,?,?)
2024-03-29T17:51:12.437+09:00 DEBUG 2896 --- [    Test worker] org.hibernate.SQL                        : select pd1_0.publishing_day_id,pd1_0.created_at,pd1_0.day,pd1_0.updated_at from publishing_day pd1_0 where pd1_0.day=?
Hibernate: select pd1_0.publishing_day_id,pd1_0.created_at,pd1_0.day,pd1_0.updated_at from publishing_day pd1_0 where pd1_0.day=?
2024-03-29T17:51:12.440+09:00 DEBUG 2896 --- [    Test worker] org.hibernate.SQL                        : insert into webtoon_publishing_day (created_at,publishing_day_id,updated_at,webtoon_id) values (?,?,?,?)
Hibernate: insert into webtoon_publishing_day (created_at,publishing_day_id,updated_at,webtoon_id) values (?,?,?,?)
쥴리에타의 드레스 업
2024-03-29T17:51:12.447+09:00 DEBUG 2896 --- [    Test worker] org.hibernate.SQL                        : insert into webtoon (created_at,description,no_youth,publication_status,thumbnail,title,updated_at) values (?,?,?,?,?,?,?)
Hibernate: insert into webtoon (created_at,description,no_youth,publication_status,thumbnail,title,updated_at) values (?,?,?,?,?,?,?)
2024-03-29T17:51:12.455+09:00 DEBUG 2896 --- [    Test worker] org.hibernate.SQL                        : select pd1_0.publishing_day_id,pd1_0.created_at,pd1_0.day,pd1_0.updated_at from publishing_day pd1_0 where pd1_0.day=?
Hibernate: select pd1_0.publishing_day_id,pd1_0.created_at,pd1_0.day,pd1_0.updated_at from publishing_day pd1_0 where pd1_0.day=?
2024-03-29T17:51:12.458+09:00 DEBUG 2896 --- [    Test worker] org.hibernate.SQL                        : insert into webtoon_publishing_day (created_at,publishing_day_id,updated_at,webtoon_id) values (?,?,?,?)
Hibernate: insert into webtoon_publishing_day (created_at,publishing_day_id,updated_at,webtoon_id) values (?,?,?,?)
반려짐승
2024-03-29T17:51:12.466+09:00 DEBUG 2896 --- [    Test worker] org.hibernate.SQL                        : insert into webtoon (created_at,description,no_youth,publication_status,thumbnail,title,updated_at) values (?,?,?,?,?,?,?)
Hibernate: insert into webtoon (created_at,description,no_youth,publication_status,thumbnail,title,updated_at) values (?,?,?,?,?,?,?)
2024-03-29T17:51:12.474+09:00 DEBUG 2896 --- [    Test worker] org.hibernate.SQL                        : select pd1_0.publishing_day_id,pd1_0.created_at,pd1_0.day,pd1_0.updated_at from publishing_day pd1_0 where pd1_0.day=?
Hibernate: select pd1_0.publishing_day_id,pd1_0.created_at,pd1_0.day,pd1_0.updated_at from publishing_day pd1_0 where pd1_0.day=?
2024-03-29T17:51:12.478+09:00 DEBUG 2896 --- [    Test worker] org.hibernate.SQL                        : insert into webtoon_publishing_day (created_at,publishing_day_id,updated_at,webtoon_id) values (?,?,?,?)
Hibernate: insert into webtoon_publishing_day (created_at,publishing_day_id,updated_at,webtoon_id) values (?,?,?,?)
달로 만든 아이
2024-03-29T17:51:12.485+09:00 DEBUG 2896 --- [    Test worker] org.hibernate.SQL                        : insert into webtoon (created_at,description,no_youth,publication_status,thumbnail,title,updated_at) values (?,?,?,?,?,?,?)
Hibernate: insert into webtoon (created_at,description,no_youth,publication_status,thumbnail,title,updated_at) values (?,?,?,?,?,?,?)
2024-03-29T17:51:12.493+09:00 DEBUG 2896 --- [    Test worker] org.hibernate.SQL                        : select pd1_0.publishing_day_id,pd1_0.created_at,pd1_0.day,pd1_0.updated_at from publishing_day pd1_0 where pd1_0.day=?
Hibernate: select pd1_0.publishing_day_id,pd1_0.created_at,pd1_0.day,pd1_0.updated_at from publishing_day pd1_0 where pd1_0.day=?
2024-03-29T17:51:12.496+09:00 DEBUG 2896 --- [    Test worker] org.hibernate.SQL                        : insert into webtoon_publishing_day (created_at,publishing_day_id,updated_at,webtoon_id) values (?,?,?,?)
Hibernate: insert into webtoon_publishing_day (created_at,publishing_day_id,updated_at,webtoon_id) values (?,?,?,?)
사이다걸
2024-03-29T17:51:12.504+09:00 DEBUG 2896 --- [    Test worker] org.hibernate.SQL                        : insert into webtoon (created_at,description,no_youth,publication_status,thumbnail,title,updated_at) values (?,?,?,?,?,?,?)
Hibernate: insert into webtoon (created_at,description,no_youth,publication_status,thumbnail,title,updated_at) values (?,?,?,?,?,?,?)
2024-03-29T17:51:12.511+09:00 DEBUG 2896 --- [    Test worker] org.hibernate.SQL                        : select pd1_0.publishing_day_id,pd1_0.created_at,pd1_0.day,pd1_0.updated_at from publishing_day pd1_0 where pd1_0.day=?
Hibernate: select pd1_0.publishing_day_id,pd1_0.created_at,pd1_0.day,pd1_0.updated_at from publishing_day pd1_0 where pd1_0.day=?
2024-03-29T17:51:12.514+09:00 DEBUG 2896 --- [    Test worker] org.hibernate.SQL                        : insert into webtoon_publishing_day (created_at,publishing_day_id,updated_at,webtoon_id) values (?,?,?,?)
Hibernate: insert into webtoon_publishing_day (created_at,publishing_day_id,updated_at,webtoon_id) values (?,?,?,?)
영앤리치가 아니야!
2024-03-29T17:51:12.522+09:00 DEBUG 2896 --- [    Test worker] org.hibernate.SQL                        : insert into webtoon (created_at,description,no_youth,publication_status,thumbnail,title,updated_at) values (?,?,?,?,?,?,?)
Hibernate: insert into webtoon (created_at,description,no_youth,publication_status,thumbnail,title,updated_at) values (?,?,?,?,?,?,?)
2024-03-29T17:51:12.530+09:00 DEBUG 2896 --- [    Test worker] org.hibernate.SQL                        : select pd1_0.publishing_day_id,pd1_0.created_at,pd1_0.day,pd1_0.updated_at from publishing_day pd1_0 where pd1_0.day=?
Hibernate: select pd1_0.publishing_day_id,pd1_0.created_at,pd1_0.day,pd1_0.updated_at from publishing_day pd1_0 where pd1_0.day=?
2024-03-29T17:51:12.534+09:00 DEBUG 2896 --- [    Test worker] org.hibernate.SQL                        : insert into webtoon_publishing_day (created_at,publishing_day_id,updated_at,webtoon_id) values (?,?,?,?)
Hibernate: insert into webtoon_publishing_day (created_at,publishing_day_id,updated_at,webtoon_id) values (?,?,?,?)
두 번째 삶은 힐링라이프?
2024-03-29T17:51:12.540+09:00 DEBUG 2896 --- [    Test worker] org.hibernate.SQL                        : insert into webtoon (created_at,description,no_youth,publication_status,thumbnail,title,updated_at) values (?,?,?,?,?,?,?)
Hibernate: insert into webtoon (created_at,description,no_youth,publication_status,thumbnail,title,updated_at) values (?,?,?,?,?,?,?)
2024-03-29T17:51:12.551+09:00 DEBUG 2896 --- [    Test worker] org.hibernate.SQL                        : select pd1_0.publishing_day_id,pd1_0.created_at,pd1_0.day,pd1_0.updated_at from publishing_day pd1_0 where pd1_0.day=?
Hibernate: select pd1_0.publishing_day_id,pd1_0.created_at,pd1_0.day,pd1_0.updated_at from publishing_day pd1_0 where pd1_0.day=?
2024-03-29T17:51:12.555+09:00 DEBUG 2896 --- [    Test worker] org.hibernate.SQL                        : insert into webtoon_publishing_day (created_at,publishing_day_id,updated_at,webtoon_id) values (?,?,?,?)
Hibernate: insert into webtoon_publishing_day (created_at,publishing_day_id,updated_at,webtoon_id) values (?,?,?,?)
백호랑
2024-03-29T17:51:12.566+09:00 DEBUG 2896 --- [    Test worker] org.hibernate.SQL                        : insert into webtoon (created_at,description,no_youth,publication_status,thumbnail,title,updated_at) values (?,?,?,?,?,?,?)
Hibernate: insert into webtoon (created_at,description,no_youth,publication_status,thumbnail,title,updated_at) values (?,?,?,?,?,?,?)
2024-03-29T17:51:12.579+09:00 DEBUG 2896 --- [    Test worker] org.hibernate.SQL                        : select pd1_0.publishing_day_id,pd1_0.created_at,pd1_0.day,pd1_0.updated_at from publishing_day pd1_0 where pd1_0.day=?
Hibernate: select pd1_0.publishing_day_id,pd1_0.created_at,pd1_0.day,pd1_0.updated_at from publishing_day pd1_0 where pd1_0.day=?
2024-03-29T17:51:12.582+09:00 DEBUG 2896 --- [    Test worker] org.hibernate.SQL                        : insert into webtoon_publishing_day (created_at,publishing_day_id,updated_at,webtoon_id) values (?,?,?,?)
Hibernate: insert into webtoon_publishing_day (created_at,publishing_day_id,updated_at,webtoon_id) values (?,?,?,?)
다육이는 잘 자란다
2024-03-29T17:51:12.591+09:00 DEBUG 2896 --- [    Test worker] org.hibernate.SQL                        : insert into webtoon (created_at,description,no_youth,publication_status,thumbnail,title,updated_at) values (?,?,?,?,?,?,?)
Hibernate: insert into webtoon (created_at,description,no_youth,publication_status,thumbnail,title,updated_at) values (?,?,?,?,?,?,?)
2024-03-29T17:51:12.597+09:00 DEBUG 2896 --- [    Test worker] org.hibernate.SQL                        : select pd1_0.publishing_day_id,pd1_0.created_at,pd1_0.day,pd1_0.updated_at from publishing_day pd1_0 where pd1_0.day=?
Hibernate: select pd1_0.publishing_day_id,pd1_0.created_at,pd1_0.day,pd1_0.updated_at from publishing_day pd1_0 where pd1_0.day=?
2024-03-29T17:51:12.600+09:00 DEBUG 2896 --- [    Test worker] org.hibernate.SQL                        : insert into webtoon_publishing_day (created_at,publishing_day_id,updated_at,webtoon_id) values (?,?,?,?)
Hibernate: insert into webtoon_publishing_day (created_at,publishing_day_id,updated_at,webtoon_id) values (?,?,?,?)
찌질하지만 로맨스는 하고 싶어
2024-03-29T17:51:12.609+09:00 DEBUG 2896 --- [    Test worker] org.hibernate.SQL                        : insert into webtoon (created_at,description,no_youth,publication_status,thumbnail,title,updated_at) values (?,?,?,?,?,?,?)
Hibernate: insert into webtoon (created_at,description,no_youth,publication_status,thumbnail,title,updated_at) values (?,?,?,?,?,?,?)
2024-03-29T17:51:12.617+09:00 DEBUG 2896 --- [    Test worker] org.hibernate.SQL                        : select pd1_0.publishing_day_id,pd1_0.created_at,pd1_0.day,pd1_0.updated_at from publishing_day pd1_0 where pd1_0.day=?
Hibernate: select pd1_0.publishing_day_id,pd1_0.created_at,pd1_0.day,pd1_0.updated_at from publishing_day pd1_0 where pd1_0.day=?
2024-03-29T17:51:12.619+09:00 DEBUG 2896 --- [    Test worker] org.hibernate.SQL                        : insert into webtoon_publishing_day (created_at,publishing_day_id,updated_at,webtoon_id) values (?,?,?,?)
Hibernate: insert into webtoon_publishing_day (created_at,publishing_day_id,updated_at,webtoon_id) values (?,?,?,?)
"집사
2024-03-29T17:51:12.626+09:00 DEBUG 2896 --- [    Test worker] org.hibernate.SQL                        : insert into webtoon (created_at,description,no_youth,publication_status,thumbnail,title,updated_at) values (?,?,?,?,?,?,?)
Hibernate: insert into webtoon (created_at,description,no_youth,publication_status,thumbnail,title,updated_at) values (?,?,?,?,?,?,?)
2024-03-29T17:51:12.633+09:00 DEBUG 2896 --- [    Test worker] org.hibernate.SQL                        : select pd1_0.publishing_day_id,pd1_0.created_at,pd1_0.day,pd1_0.updated_at from publishing_day pd1_0 where pd1_0.day=?
Hibernate: select pd1_0.publishing_day_id,pd1_0.created_at,pd1_0.day,pd1_0.updated_at from publishing_day pd1_0 where pd1_0.day=?
2024-03-29T17:51:12.636+09:00 DEBUG 2896 --- [    Test worker] org.hibernate.SQL                        : insert into webtoon_publishing_day (created_at,publishing_day_id,updated_at,webtoon_id) values (?,?,?,?)
Hibernate: insert into webtoon_publishing_day (created_at,publishing_day_id,updated_at,webtoon_id) values (?,?,?,?)
마이너스의 손
2024-03-29T17:51:12.643+09:00 DEBUG 2896 --- [    Test worker] org.hibernate.SQL                        : insert into webtoon (created_at,description,no_youth,publication_status,thumbnail,title,updated_at) values (?,?,?,?,?,?,?)
Hibernate: insert into webtoon (created_at,description,no_youth,publication_status,thumbnail,title,updated_at) values (?,?,?,?,?,?,?)
2024-03-29T17:51:12.652+09:00 DEBUG 2896 --- [    Test worker] org.hibernate.SQL                        : select pd1_0.publishing_day_id,pd1_0.created_at,pd1_0.day,pd1_0.updated_at from publishing_day pd1_0 where pd1_0.day=?
Hibernate: select pd1_0.publishing_day_id,pd1_0.created_at,pd1_0.day,pd1_0.updated_at from publishing_day pd1_0 where pd1_0.day=?
2024-03-29T17:51:12.655+09:00 DEBUG 2896 --- [    Test worker] org.hibernate.SQL                        : insert into webtoon_publishing_day (created_at,publishing_day_id,updated_at,webtoon_id) values (?,?,?,?)
Hibernate: insert into webtoon_publishing_day (created_at,publishing_day_id,updated_at,webtoon_id) values (?,?,?,?)
학식의 꿈
2024-03-29T17:51:12.663+09:00 DEBUG 2896 --- [    Test worker] org.hibernate.SQL                        : insert into webtoon (created_at,description,no_youth,publication_status,thumbnail,title,updated_at) values (?,?,?,?,?,?,?)
Hibernate: insert into webtoon (created_at,description,no_youth,publication_status,thumbnail,title,updated_at) values (?,?,?,?,?,?,?)
2024-03-29T17:51:12.672+09:00 DEBUG 2896 --- [    Test worker] org.hibernate.SQL                        : select pd1_0.publishing_day_id,pd1_0.created_at,pd1_0.day,pd1_0.updated_at from publishing_day pd1_0 where pd1_0.day=?
Hibernate: select pd1_0.publishing_day_id,pd1_0.created_at,pd1_0.day,pd1_0.updated_at from publishing_day pd1_0 where pd1_0.day=?
2024-03-29T17:51:12.675+09:00 DEBUG 2896 --- [    Test worker] org.hibernate.SQL                        : insert into webtoon_publishing_day (created_at,publishing_day_id,updated_at,webtoon_id) values (?,?,?,?)
Hibernate: insert into webtoon_publishing_day (created_at,publishing_day_id,updated_at,webtoon_id) values (?,?,?,?)
최후의 금빛아이
2024-03-29T17:51:12.685+09:00 DEBUG 2896 --- [    Test worker] org.hibernate.SQL                        : insert into webtoon (created_at,description,no_youth,publication_status,thumbnail,title,updated_at) values (?,?,?,?,?,?,?)
Hibernate: insert into webtoon (created_at,description,no_youth,publication_status,thumbnail,title,updated_at) values (?,?,?,?,?,?,?)
2024-03-29T17:51:12.694+09:00 DEBUG 2896 --- [    Test worker] org.hibernate.SQL                        : select pd1_0.publishing_day_id,pd1_0.created_at,pd1_0.day,pd1_0.updated_at from publishing_day pd1_0 where pd1_0.day=?
Hibernate: select pd1_0.publishing_day_id,pd1_0.created_at,pd1_0.day,pd1_0.updated_at from publishing_day pd1_0 where pd1_0.day=?
2024-03-29T17:51:12.698+09:00 DEBUG 2896 --- [    Test worker] org.hibernate.SQL                        : insert into webtoon_publishing_day (created_at,publishing_day_id,updated_at,webtoon_id) values (?,?,?,?)
Hibernate: insert into webtoon_publishing_day (created_at,publishing_day_id,updated_at,webtoon_id) values (?,?,?,?)
고백어택
2024-03-29T17:51:12.707+09:00 DEBUG 2896 --- [    Test worker] org.hibernate.SQL                        : insert into webtoon (created_at,description,no_youth,publication_status,thumbnail,title,updated_at) values (?,?,?,?,?,?,?)
Hibernate: insert into webtoon (created_at,description,no_youth,publication_status,thumbnail,title,updated_at) values (?,?,?,?,?,?,?)
2024-03-29T17:51:12.716+09:00 DEBUG 2896 --- [    Test worker] org.hibernate.SQL                        : select pd1_0.publishing_day_id,pd1_0.created_at,pd1_0.day,pd1_0.updated_at from publishing_day pd1_0 where pd1_0.day=?
Hibernate: select pd1_0.publishing_day_id,pd1_0.created_at,pd1_0.day,pd1_0.updated_at from publishing_day pd1_0 where pd1_0.day=?
2024-03-29T17:51:12.719+09:00 DEBUG 2896 --- [    Test worker] org.hibernate.SQL                        : insert into webtoon_publishing_day (created_at,publishing_day_id,updated_at,webtoon_id) values (?,?,?,?)
Hibernate: insert into webtoon_publishing_day (created_at,publishing_day_id,updated_at,webtoon_id) values (?,?,?,?)
어쌔신 크리드 - 잊혀진 사원
2024-03-29T17:51:12.728+09:00 DEBUG 2896 --- [    Test worker] org.hibernate.SQL                        : insert into webtoon (created_at,description,no_youth,publication_status,thumbnail,title,updated_at) values (?,?,?,?,?,?,?)
Hibernate: insert into webtoon (created_at,description,no_youth,publication_status,thumbnail,title,updated_at) values (?,?,?,?,?,?,?)
2024-03-29T17:51:12.737+09:00 DEBUG 2896 --- [    Test worker] org.hibernate.SQL                        : select pd1_0.publishing_day_id,pd1_0.created_at,pd1_0.day,pd1_0.updated_at from publishing_day pd1_0 where pd1_0.day=?
Hibernate: select pd1_0.publishing_day_id,pd1_0.created_at,pd1_0.day,pd1_0.updated_at from publishing_day pd1_0 where pd1_0.day=?
2024-03-29T17:51:12.740+09:00 DEBUG 2896 --- [    Test worker] org.hibernate.SQL                        : insert into webtoon_publishing_day (created_at,publishing_day_id,updated_at,webtoon_id) values (?,?,?,?)
Hibernate: insert into webtoon_publishing_day (created_at,publishing_day_id,updated_at,webtoon_id) values (?,?,?,?)
선빵필승!
2024-03-29T17:51:12.749+09:00 DEBUG 2896 --- [    Test worker] org.hibernate.SQL                        : insert into webtoon (created_at,description,no_youth,publication_status,thumbnail,title,updated_at) values (?,?,?,?,?,?,?)
Hibernate: insert into webtoon (created_at,description,no_youth,publication_status,thumbnail,title,updated_at) values (?,?,?,?,?,?,?)
2024-03-29T17:51:12.758+09:00 DEBUG 2896 --- [    Test worker] org.hibernate.SQL                        : select pd1_0.publishing_day_id,pd1_0.created_at,pd1_0.day,pd1_0.updated_at from publishing_day pd1_0 where pd1_0.day=?
Hibernate: select pd1_0.publishing_day_id,pd1_0.created_at,pd1_0.day,pd1_0.updated_at from publishing_day pd1_0 where pd1_0.day=?
2024-03-29T17:51:12.761+09:00 DEBUG 2896 --- [    Test worker] org.hibernate.SQL                        : insert into webtoon_publishing_day (created_at,publishing_day_id,updated_at,webtoon_id) values (?,?,?,?)
Hibernate: insert into webtoon_publishing_day (created_at,publishing_day_id,updated_at,webtoon_id) values (?,?,?,?)
컨트롤X
2024-03-29T17:51:12.770+09:00 DEBUG 2896 --- [    Test worker] org.hibernate.SQL                        : insert into webtoon (created_at,description,no_youth,publication_status,thumbnail,title,updated_at) values (?,?,?,?,?,?,?)
Hibernate: insert into webtoon (created_at,description,no_youth,publication_status,thumbnail,title,updated_at) values (?,?,?,?,?,?,?)
2024-03-29T17:51:12.779+09:00 DEBUG 2896 --- [    Test worker] org.hibernate.SQL                        : select pd1_0.publishing_day_id,pd1_0.created_at,pd1_0.day,pd1_0.updated_at from publishing_day pd1_0 where pd1_0.day=?
Hibernate: select pd1_0.publishing_day_id,pd1_0.created_at,pd1_0.day,pd1_0.updated_at from publishing_day pd1_0 where pd1_0.day=?
2024-03-29T17:51:12.783+09:00 DEBUG 2896 --- [    Test worker] org.hibernate.SQL                        : insert into webtoon_publishing_day (created_at,publishing_day_id,updated_at,webtoon_id) values (?,?,?,?)
Hibernate: insert into webtoon_publishing_day (created_at,publishing_day_id,updated_at,webtoon_id) values (?,?,?,?)
모스크바의 여명
2024-03-29T17:51:12.791+09:00 DEBUG 2896 --- [    Test worker] org.hibernate.SQL                        : insert into webtoon (created_at,description,no_youth,publication_status,thumbnail,title,updated_at) values (?,?,?,?,?,?,?)
Hibernate: insert into webtoon (created_at,description,no_youth,publication_status,thumbnail,title,updated_at) values (?,?,?,?,?,?,?)
2024-03-29T17:51:12.800+09:00 DEBUG 2896 --- [    Test worker] org.hibernate.SQL                        : select pd1_0.publishing_day_id,pd1_0.created_at,pd1_0.day,pd1_0.updated_at from publishing_day pd1_0 where pd1_0.day=?
Hibernate: select pd1_0.publishing_day_id,pd1_0.created_at,pd1_0.day,pd1_0.updated_at from publishing_day pd1_0 where pd1_0.day=?
2024-03-29T17:51:12.803+09:00 DEBUG 2896 --- [    Test worker] org.hibernate.SQL                        : insert into webtoon_publishing_day (created_at,publishing_day_id,updated_at,webtoon_id) values (?,?,?,?)
Hibernate: insert into webtoon_publishing_day (created_at,publishing_day_id,updated_at,webtoon_id) values (?,?,?,?)
날 먹는 건 금지양!
2024-03-29T17:51:12.810+09:00 DEBUG 2896 --- [    Test worker] org.hibernate.SQL                        : insert into webtoon (created_at,description,no_youth,publication_status,thumbnail,title,updated_at) values (?,?,?,?,?,?,?)
Hibernate: insert into webtoon (created_at,description,no_youth,publication_status,thumbnail,title,updated_at) values (?,?,?,?,?,?,?)
2024-03-29T17:51:12.817+09:00 DEBUG 2896 --- [    Test worker] org.hibernate.SQL                        : select pd1_0.publishing_day_id,pd1_0.created_at,pd1_0.day,pd1_0.updated_at from publishing_day pd1_0 where pd1_0.day=?
Hibernate: select pd1_0.publishing_day_id,pd1_0.created_at,pd1_0.day,pd1_0.updated_at from publishing_day pd1_0 where pd1_0.day=?
2024-03-29T17:51:12.820+09:00 DEBUG 2896 --- [    Test worker] org.hibernate.SQL                        : insert into webtoon_publishing_day (created_at,publishing_day_id,updated_at,webtoon_id) values (?,?,?,?)
Hibernate: insert into webtoon_publishing_day (created_at,publishing_day_id,updated_at,webtoon_id) values (?,?,?,?)
포스트 팬데믹
2024-03-29T17:51:12.828+09:00 DEBUG 2896 --- [    Test worker] org.hibernate.SQL                        : insert into webtoon (created_at,description,no_youth,publication_status,thumbnail,title,updated_at) values (?,?,?,?,?,?,?)
Hibernate: insert into webtoon (created_at,description,no_youth,publication_status,thumbnail,title,updated_at) values (?,?,?,?,?,?,?)
2024-03-29T17:51:12.836+09:00 DEBUG 2896 --- [    Test worker] org.hibernate.SQL                        : select pd1_0.publishing_day_id,pd1_0.created_at,pd1_0.day,pd1_0.updated_at from publishing_day pd1_0 where pd1_0.day=?
Hibernate: select pd1_0.publishing_day_id,pd1_0.created_at,pd1_0.day,pd1_0.updated_at from publishing_day pd1_0 where pd1_0.day=?
2024-03-29T17:51:12.839+09:00 DEBUG 2896 --- [    Test worker] org.hibernate.SQL                        : insert into webtoon_publishing_day (created_at,publishing_day_id,updated_at,webtoon_id) values (?,?,?,?)
Hibernate: insert into webtoon_publishing_day (created_at,publishing_day_id,updated_at,webtoon_id) values (?,?,?,?)
프로페서
2024-03-29T17:51:12.846+09:00 DEBUG 2896 --- [    Test worker] org.hibernate.SQL                        : insert into webtoon (created_at,description,no_youth,publication_status,thumbnail,title,updated_at) values (?,?,?,?,?,?,?)
Hibernate: insert into webtoon (created_at,description,no_youth,publication_status,thumbnail,title,updated_at) values (?,?,?,?,?,?,?)
2024-03-29T17:51:12.853+09:00 DEBUG 2896 --- [    Test worker] org.hibernate.SQL                        : select pd1_0.publishing_day_id,pd1_0.created_at,pd1_0.day,pd1_0.updated_at from publishing_day pd1_0 where pd1_0.day=?
Hibernate: select pd1_0.publishing_day_id,pd1_0.created_at,pd1_0.day,pd1_0.updated_at from publishing_day pd1_0 where pd1_0.day=?
2024-03-29T17:51:12.856+09:00 DEBUG 2896 --- [    Test worker] org.hibernate.SQL                        : insert into webtoon_publishing_day (created_at,publishing_day_id,updated_at,webtoon_id) values (?,?,?,?)
Hibernate: insert into webtoon_publishing_day (created_at,publishing_day_id,updated_at,webtoon_id) values (?,?,?,?)
역주행!
2024-03-29T17:51:12.863+09:00 DEBUG 2896 --- [    Test worker] org.hibernate.SQL                        : insert into webtoon (created_at,description,no_youth,publication_status,thumbnail,title,updated_at) values (?,?,?,?,?,?,?)
Hibernate: insert into webtoon (created_at,description,no_youth,publication_status,thumbnail,title,updated_at) values (?,?,?,?,?,?,?)
2024-03-29T17:51:12.871+09:00 DEBUG 2896 --- [    Test worker] org.hibernate.SQL                        : select pd1_0.publishing_day_id,pd1_0.created_at,pd1_0.day,pd1_0.updated_at from publishing_day pd1_0 where pd1_0.day=?
Hibernate: select pd1_0.publishing_day_id,pd1_0.created_at,pd1_0.day,pd1_0.updated_at from publishing_day pd1_0 where pd1_0.day=?
2024-03-29T17:51:12.875+09:00 DEBUG 2896 --- [    Test worker] org.hibernate.SQL                        : insert into webtoon_publishing_day (created_at,publishing_day_id,updated_at,webtoon_id) values (?,?,?,?)
Hibernate: insert into webtoon_publishing_day (created_at,publishing_day_id,updated_at,webtoon_id) values (?,?,?,?)
나의 보이소프렌드
2024-03-29T17:51:12.882+09:00 DEBUG 2896 --- [    Test worker] org.hibernate.SQL                        : insert into webtoon (created_at,description,no_youth,publication_status,thumbnail,title,updated_at) values (?,?,?,?,?,?,?)
Hibernate: insert into webtoon (created_at,description,no_youth,publication_status,thumbnail,title,updated_at) values (?,?,?,?,?,?,?)
2024-03-29T17:51:12.890+09:00 DEBUG 2896 --- [    Test worker] org.hibernate.SQL                        : select pd1_0.publishing_day_id,pd1_0.created_at,pd1_0.day,pd1_0.updated_at from publishing_day pd1_0 where pd1_0.day=?
Hibernate: select pd1_0.publishing_day_id,pd1_0.created_at,pd1_0.day,pd1_0.updated_at from publishing_day pd1_0 where pd1_0.day=?
2024-03-29T17:51:12.894+09:00 DEBUG 2896 --- [    Test worker] org.hibernate.SQL                        : insert into webtoon_publishing_day (created_at,publishing_day_id,updated_at,webtoon_id) values (?,?,?,?)
Hibernate: insert into webtoon_publishing_day (created_at,publishing_day_id,updated_at,webtoon_id) values (?,?,?,?)
주작연애
2024-03-29T17:51:12.901+09:00 DEBUG 2896 --- [    Test worker] org.hibernate.SQL                        : insert into webtoon (created_at,description,no_youth,publication_status,thumbnail,title,updated_at) values (?,?,?,?,?,?,?)
Hibernate: insert into webtoon (created_at,description,no_youth,publication_status,thumbnail,title,updated_at) values (?,?,?,?,?,?,?)
2024-03-29T17:51:12.910+09:00 DEBUG 2896 --- [    Test worker] org.hibernate.SQL                        : select pd1_0.publishing_day_id,pd1_0.created_at,pd1_0.day,pd1_0.updated_at from publishing_day pd1_0 where pd1_0.day=?
Hibernate: select pd1_0.publishing_day_id,pd1_0.created_at,pd1_0.day,pd1_0.updated_at from publishing_day pd1_0 where pd1_0.day=?
2024-03-29T17:51:12.913+09:00 DEBUG 2896 --- [    Test worker] org.hibernate.SQL                        : insert into webtoon_publishing_day (created_at,publishing_day_id,updated_at,webtoon_id) values (?,?,?,?)
Hibernate: insert into webtoon_publishing_day (created_at,publishing_day_id,updated_at,webtoon_id) values (?,?,?,?)
처음을 줄게!
2024-03-29T17:51:12.919+09:00 DEBUG 2896 --- [    Test worker] org.hibernate.SQL                        : insert into webtoon (created_at,description,no_youth,publication_status,thumbnail,title,updated_at) values (?,?,?,?,?,?,?)
Hibernate: insert into webtoon (created_at,description,no_youth,publication_status,thumbnail,title,updated_at) values (?,?,?,?,?,?,?)
2024-03-29T17:51:12.928+09:00 DEBUG 2896 --- [    Test worker] org.hibernate.SQL                        : select pd1_0.publishing_day_id,pd1_0.created_at,pd1_0.day,pd1_0.updated_at from publishing_day pd1_0 where pd1_0.day=?
Hibernate: select pd1_0.publishing_day_id,pd1_0.created_at,pd1_0.day,pd1_0.updated_at from publishing_day pd1_0 where pd1_0.day=?
2024-03-29T17:51:12.931+09:00 DEBUG 2896 --- [    Test worker] org.hibernate.SQL                        : insert into webtoon_publishing_day (created_at,publishing_day_id,updated_at,webtoon_id) values (?,?,?,?)
Hibernate: insert into webtoon_publishing_day (created_at,publishing_day_id,updated_at,webtoon_id) values (?,?,?,?)
티엔다비스 - 완벽한 구원을 위하여
2024-03-29T17:51:12.940+09:00 DEBUG 2896 --- [    Test worker] org.hibernate.SQL                        : insert into webtoon (created_at,description,no_youth,publication_status,thumbnail,title,updated_at) values (?,?,?,?,?,?,?)
Hibernate: insert into webtoon (created_at,description,no_youth,publication_status,thumbnail,title,updated_at) values (?,?,?,?,?,?,?)
2024-03-29T17:51:12.949+09:00 DEBUG 2896 --- [    Test worker] org.hibernate.SQL                        : select pd1_0.publishing_day_id,pd1_0.created_at,pd1_0.day,pd1_0.updated_at from publishing_day pd1_0 where pd1_0.day=?
Hibernate: select pd1_0.publishing_day_id,pd1_0.created_at,pd1_0.day,pd1_0.updated_at from publishing_day pd1_0 where pd1_0.day=?
2024-03-29T17:51:12.952+09:00 DEBUG 2896 --- [    Test worker] org.hibernate.SQL                        : insert into webtoon_publishing_day (created_at,publishing_day_id,updated_at,webtoon_id) values (?,?,?,?)
Hibernate: insert into webtoon_publishing_day (created_at,publishing_day_id,updated_at,webtoon_id) values (?,?,?,?)
오늘의 일기예보
2024-03-29T17:51:12.959+09:00 DEBUG 2896 --- [    Test worker] org.hibernate.SQL                        : insert into webtoon (created_at,description,no_youth,publication_status,thumbnail,title,updated_at) values (?,?,?,?,?,?,?)
Hibernate: insert into webtoon (created_at,description,no_youth,publication_status,thumbnail,title,updated_at) values (?,?,?,?,?,?,?)
2024-03-29T17:51:12.969+09:00 DEBUG 2896 --- [    Test worker] org.hibernate.SQL                        : select pd1_0.publishing_day_id,pd1_0.created_at,pd1_0.day,pd1_0.updated_at from publishing_day pd1_0 where pd1_0.day=?
Hibernate: select pd1_0.publishing_day_id,pd1_0.created_at,pd1_0.day,pd1_0.updated_at from publishing_day pd1_0 where pd1_0.day=?
2024-03-29T17:51:12.972+09:00 DEBUG 2896 --- [    Test worker] org.hibernate.SQL                        : insert into webtoon_publishing_day (created_at,publishing_day_id,updated_at,webtoon_id) values (?,?,?,?)
Hibernate: insert into webtoon_publishing_day (created_at,publishing_day_id,updated_at,webtoon_id) values (?,?,?,?)
버그이터
2024-03-29T17:51:12.980+09:00 DEBUG 2896 --- [    Test worker] org.hibernate.SQL                        : insert into webtoon (created_at,description,no_youth,publication_status,thumbnail,title,updated_at) values (?,?,?,?,?,?,?)
Hibernate: insert into webtoon (created_at,description,no_youth,publication_status,thumbnail,title,updated_at) values (?,?,?,?,?,?,?)
2024-03-29T17:51:12.988+09:00 DEBUG 2896 --- [    Test worker] org.hibernate.SQL                        : select pd1_0.publishing_day_id,pd1_0.created_at,pd1_0.day,pd1_0.updated_at from publishing_day pd1_0 where pd1_0.day=?
Hibernate: select pd1_0.publishing_day_id,pd1_0.created_at,pd1_0.day,pd1_0.updated_at from publishing_day pd1_0 where pd1_0.day=?
2024-03-29T17:51:12.991+09:00 DEBUG 2896 --- [    Test worker] org.hibernate.SQL                        : insert into webtoon_publishing_day (created_at,publishing_day_id,updated_at,webtoon_id) values (?,?,?,?)
Hibernate: insert into webtoon_publishing_day (created_at,publishing_day_id,updated_at,webtoon_id) values (?,?,?,?)
러브 똘츄얼리
2024-03-29T17:51:12.998+09:00 DEBUG 2896 --- [    Test worker] org.hibernate.SQL                        : insert into webtoon (created_at,description,no_youth,publication_status,thumbnail,title,updated_at) values (?,?,?,?,?,?,?)
Hibernate: insert into webtoon (created_at,description,no_youth,publication_status,thumbnail,title,updated_at) values (?,?,?,?,?,?,?)
2024-03-29T17:51:13.006+09:00 DEBUG 2896 --- [    Test worker] org.hibernate.SQL                        : select pd1_0.publishing_day_id,pd1_0.created_at,pd1_0.day,pd1_0.updated_at from publishing_day pd1_0 where pd1_0.day=?
Hibernate: select pd1_0.publishing_day_id,pd1_0.created_at,pd1_0.day,pd1_0.updated_at from publishing_day pd1_0 where pd1_0.day=?
2024-03-29T17:51:13.009+09:00 DEBUG 2896 --- [    Test worker] org.hibernate.SQL                        : insert into webtoon_publishing_day (created_at,publishing_day_id,updated_at,webtoon_id) values (?,?,?,?)
Hibernate: insert into webtoon_publishing_day (created_at,publishing_day_id,updated_at,webtoon_id) values (?,?,?,?)
악취해결사
2024-03-29T17:51:13.016+09:00 DEBUG 2896 --- [    Test worker] org.hibernate.SQL                        : insert into webtoon (created_at,description,no_youth,publication_status,thumbnail,title,updated_at) values (?,?,?,?,?,?,?)
Hibernate: insert into webtoon (created_at,description,no_youth,publication_status,thumbnail,title,updated_at) values (?,?,?,?,?,?,?)
2024-03-29T17:51:13.024+09:00 DEBUG 2896 --- [    Test worker] org.hibernate.SQL                        : select pd1_0.publishing_day_id,pd1_0.created_at,pd1_0.day,pd1_0.updated_at from publishing_day pd1_0 where pd1_0.day=?
Hibernate: select pd1_0.publishing_day_id,pd1_0.created_at,pd1_0.day,pd1_0.updated_at from publishing_day pd1_0 where pd1_0.day=?
2024-03-29T17:51:13.026+09:00 DEBUG 2896 --- [    Test worker] org.hibernate.SQL                        : insert into webtoon_publishing_day (created_at,publishing_day_id,updated_at,webtoon_id) values (?,?,?,?)
Hibernate: insert into webtoon_publishing_day (created_at,publishing_day_id,updated_at,webtoon_id) values (?,?,?,?)
어느날 짝남에게 공작님이 빙의했다
2024-03-29T17:51:13.033+09:00 DEBUG 2896 --- [    Test worker] org.hibernate.SQL                        : insert into webtoon (created_at,description,no_youth,publication_status,thumbnail,title,updated_at) values (?,?,?,?,?,?,?)
Hibernate: insert into webtoon (created_at,description,no_youth,publication_status,thumbnail,title,updated_at) values (?,?,?,?,?,?,?)
2024-03-29T17:51:13.040+09:00 DEBUG 2896 --- [    Test worker] org.hibernate.SQL                        : select pd1_0.publishing_day_id,pd1_0.created_at,pd1_0.day,pd1_0.updated_at from publishing_day pd1_0 where pd1_0.day=?
Hibernate: select pd1_0.publishing_day_id,pd1_0.created_at,pd1_0.day,pd1_0.updated_at from publishing_day pd1_0 where pd1_0.day=?
2024-03-29T17:51:13.043+09:00 DEBUG 2896 --- [    Test worker] org.hibernate.SQL                        : insert into webtoon_publishing_day (created_at,publishing_day_id,updated_at,webtoon_id) values (?,?,?,?)
Hibernate: insert into webtoon_publishing_day (created_at,publishing_day_id,updated_at,webtoon_id) values (?,?,?,?)
트리거
2024-03-29T17:51:13.050+09:00 DEBUG 2896 --- [    Test worker] org.hibernate.SQL                        : insert into webtoon (created_at,description,no_youth,publication_status,thumbnail,title,updated_at) values (?,?,?,?,?,?,?)
Hibernate: insert into webtoon (created_at,description,no_youth,publication_status,thumbnail,title,updated_at) values (?,?,?,?,?,?,?)
2024-03-29T17:51:13.057+09:00 DEBUG 2896 --- [    Test worker] org.hibernate.SQL                        : select pd1_0.publishing_day_id,pd1_0.created_at,pd1_0.day,pd1_0.updated_at from publishing_day pd1_0 where pd1_0.day=?
Hibernate: select pd1_0.publishing_day_id,pd1_0.created_at,pd1_0.day,pd1_0.updated_at from publishing_day pd1_0 where pd1_0.day=?
2024-03-29T17:51:13.060+09:00 DEBUG 2896 --- [    Test worker] org.hibernate.SQL                        : insert into webtoon_publishing_day (created_at,publishing_day_id,updated_at,webtoon_id) values (?,?,?,?)
Hibernate: insert into webtoon_publishing_day (created_at,publishing_day_id,updated_at,webtoon_id) values (?,?,?,?)
나노마신
2024-03-29T17:51:13.068+09:00 DEBUG 2896 --- [    Test worker] org.hibernate.SQL                        : insert into webtoon (created_at,description,no_youth,publication_status,thumbnail,title,updated_at) values (?,?,?,?,?,?,?)
Hibernate: insert into webtoon (created_at,description,no_youth,publication_status,thumbnail,title,updated_at) values (?,?,?,?,?,?,?)
2024-03-29T17:51:13.075+09:00 DEBUG 2896 --- [    Test worker] org.hibernate.SQL                        : select pd1_0.publishing_day_id,pd1_0.created_at,pd1_0.day,pd1_0.updated_at from publishing_day pd1_0 where pd1_0.day=?
Hibernate: select pd1_0.publishing_day_id,pd1_0.created_at,pd1_0.day,pd1_0.updated_at from publishing_day pd1_0 where pd1_0.day=?
2024-03-29T17:51:13.078+09:00 DEBUG 2896 --- [    Test worker] org.hibernate.SQL                        : insert into webtoon_publishing_day (created_at,publishing_day_id,updated_at,webtoon_id) values (?,?,?,?)
Hibernate: insert into webtoon_publishing_day (created_at,publishing_day_id,updated_at,webtoon_id) values (?,?,?,?)
촉법소년
2024-03-29T17:51:13.086+09:00 DEBUG 2896 --- [    Test worker] org.hibernate.SQL                        : insert into webtoon (created_at,description,no_youth,publication_status,thumbnail,title,updated_at) values (?,?,?,?,?,?,?)
Hibernate: insert into webtoon (created_at,description,no_youth,publication_status,thumbnail,title,updated_at) values (?,?,?,?,?,?,?)
2024-03-29T17:51:13.094+09:00 DEBUG 2896 --- [    Test worker] org.hibernate.SQL                        : select pd1_0.publishing_day_id,pd1_0.created_at,pd1_0.day,pd1_0.updated_at from publishing_day pd1_0 where pd1_0.day=?
Hibernate: select pd1_0.publishing_day_id,pd1_0.created_at,pd1_0.day,pd1_0.updated_at from publishing_day pd1_0 where pd1_0.day=?
2024-03-29T17:51:13.098+09:00 DEBUG 2896 --- [    Test worker] org.hibernate.SQL                        : insert into webtoon_publishing_day (created_at,publishing_day_id,updated_at,webtoon_id) values (?,?,?,?)
Hibernate: insert into webtoon_publishing_day (created_at,publishing_day_id,updated_at,webtoon_id) values (?,?,?,?)
재벌집 막내아들
2024-03-29T17:51:13.106+09:00 DEBUG 2896 --- [    Test worker] org.hibernate.SQL                        : insert into webtoon (created_at,description,no_youth,publication_status,thumbnail,title,updated_at) values (?,?,?,?,?,?,?)
Hibernate: insert into webtoon (created_at,description,no_youth,publication_status,thumbnail,title,updated_at) values (?,?,?,?,?,?,?)
2024-03-29T17:51:13.114+09:00 DEBUG 2896 --- [    Test worker] org.hibernate.SQL                        : select pd1_0.publishing_day_id,pd1_0.created_at,pd1_0.day,pd1_0.updated_at from publishing_day pd1_0 where pd1_0.day=?
Hibernate: select pd1_0.publishing_day_id,pd1_0.created_at,pd1_0.day,pd1_0.updated_at from publishing_day pd1_0 where pd1_0.day=?
2024-03-29T17:51:13.119+09:00 DEBUG 2896 --- [    Test worker] org.hibernate.SQL                        : insert into webtoon_publishing_day (created_at,publishing_day_id,updated_at,webtoon_id) values (?,?,?,?)
Hibernate: insert into webtoon_publishing_day (created_at,publishing_day_id,updated_at,webtoon_id) values (?,?,?,?)
순결을 그대에게
2024-03-29T17:51:13.129+09:00 DEBUG 2896 --- [    Test worker] org.hibernate.SQL                        : insert into webtoon (created_at,description,no_youth,publication_status,thumbnail,title,updated_at) values (?,?,?,?,?,?,?)
Hibernate: insert into webtoon (created_at,description,no_youth,publication_status,thumbnail,title,updated_at) values (?,?,?,?,?,?,?)
2024-03-29T17:51:13.139+09:00 DEBUG 2896 --- [    Test worker] org.hibernate.SQL                        : select pd1_0.publishing_day_id,pd1_0.created_at,pd1_0.day,pd1_0.updated_at from publishing_day pd1_0 where pd1_0.day=?
Hibernate: select pd1_0.publishing_day_id,pd1_0.created_at,pd1_0.day,pd1_0.updated_at from publishing_day pd1_0 where pd1_0.day=?
2024-03-29T17:51:13.142+09:00 DEBUG 2896 --- [    Test worker] org.hibernate.SQL                        : insert into webtoon_publishing_day (created_at,publishing_day_id,updated_at,webtoon_id) values (?,?,?,?)
Hibernate: insert into webtoon_publishing_day (created_at,publishing_day_id,updated_at,webtoon_id) values (?,?,?,?)
천마육성
2024-03-29T17:51:13.151+09:00 DEBUG 2896 --- [    Test worker] org.hibernate.SQL                        : insert into webtoon (created_at,description,no_youth,publication_status,thumbnail,title,updated_at) values (?,?,?,?,?,?,?)
Hibernate: insert into webtoon (created_at,description,no_youth,publication_status,thumbnail,title,updated_at) values (?,?,?,?,?,?,?)
2024-03-29T17:51:13.160+09:00 DEBUG 2896 --- [    Test worker] org.hibernate.SQL                        : select pd1_0.publishing_day_id,pd1_0.created_at,pd1_0.day,pd1_0.updated_at from publishing_day pd1_0 where pd1_0.day=?
Hibernate: select pd1_0.publishing_day_id,pd1_0.created_at,pd1_0.day,pd1_0.updated_at from publishing_day pd1_0 where pd1_0.day=?
2024-03-29T17:51:13.163+09:00 DEBUG 2896 --- [    Test worker] org.hibernate.SQL                        : insert into webtoon_publishing_day (created_at,publishing_day_id,updated_at,webtoon_id) values (?,?,?,?)
Hibernate: insert into webtoon_publishing_day (created_at,publishing_day_id,updated_at,webtoon_id) values (?,?,?,?)
할배무사와 지존 손녀
2024-03-29T17:51:13.171+09:00 DEBUG 2896 --- [    Test worker] org.hibernate.SQL                        : insert into webtoon (created_at,description,no_youth,publication_status,thumbnail,title,updated_at) values (?,?,?,?,?,?,?)
Hibernate: insert into webtoon (created_at,description,no_youth,publication_status,thumbnail,title,updated_at) values (?,?,?,?,?,?,?)
2024-03-29T17:51:13.180+09:00 DEBUG 2896 --- [    Test worker] org.hibernate.SQL                        : select pd1_0.publishing_day_id,pd1_0.created_at,pd1_0.day,pd1_0.updated_at from publishing_day pd1_0 where pd1_0.day=?
Hibernate: select pd1_0.publishing_day_id,pd1_0.created_at,pd1_0.day,pd1_0.updated_at from publishing_day pd1_0 where pd1_0.day=?
2024-03-29T17:51:13.183+09:00 DEBUG 2896 --- [    Test worker] org.hibernate.SQL                        : insert into webtoon_publishing_day (created_at,publishing_day_id,updated_at,webtoon_id) values (?,?,?,?)
Hibernate: insert into webtoon_publishing_day (created_at,publishing_day_id,updated_at,webtoon_id) values (?,?,?,?)
뮤즈 온 유명
2024-03-29T17:51:13.190+09:00 DEBUG 2896 --- [    Test worker] org.hibernate.SQL                        : insert into webtoon (created_at,description,no_youth,publication_status,thumbnail,title,updated_at) values (?,?,?,?,?,?,?)
Hibernate: insert into webtoon (created_at,description,no_youth,publication_status,thumbnail,title,updated_at) values (?,?,?,?,?,?,?)
2024-03-29T17:51:13.199+09:00 DEBUG 2896 --- [    Test worker] org.hibernate.SQL                        : select pd1_0.publishing_day_id,pd1_0.created_at,pd1_0.day,pd1_0.updated_at from publishing_day pd1_0 where pd1_0.day=?
Hibernate: select pd1_0.publishing_day_id,pd1_0.created_at,pd1_0.day,pd1_0.updated_at from publishing_day pd1_0 where pd1_0.day=?
2024-03-29T17:51:13.202+09:00 DEBUG 2896 --- [    Test worker] org.hibernate.SQL                        : insert into webtoon_publishing_day (created_at,publishing_day_id,updated_at,webtoon_id) values (?,?,?,?)
Hibernate: insert into webtoon_publishing_day (created_at,publishing_day_id,updated_at,webtoon_id) values (?,?,?,?)
회귀한 천재 헌터의 슬기로운 청소생활
2024-03-29T17:51:13.209+09:00 DEBUG 2896 --- [    Test worker] org.hibernate.SQL                        : insert into webtoon (created_at,description,no_youth,publication_status,thumbnail,title,updated_at) values (?,?,?,?,?,?,?)
Hibernate: insert into webtoon (created_at,description,no_youth,publication_status,thumbnail,title,updated_at) values (?,?,?,?,?,?,?)
2024-03-29T17:51:13.217+09:00 DEBUG 2896 --- [    Test worker] org.hibernate.SQL                        : select pd1_0.publishing_day_id,pd1_0.created_at,pd1_0.day,pd1_0.updated_at from publishing_day pd1_0 where pd1_0.day=?
Hibernate: select pd1_0.publishing_day_id,pd1_0.created_at,pd1_0.day,pd1_0.updated_at from publishing_day pd1_0 where pd1_0.day=?
2024-03-29T17:51:13.219+09:00 DEBUG 2896 --- [    Test worker] org.hibernate.SQL                        : insert into webtoon_publishing_day (created_at,publishing_day_id,updated_at,webtoon_id) values (?,?,?,?)
Hibernate: insert into webtoon_publishing_day (created_at,publishing_day_id,updated_at,webtoon_id) values (?,?,?,?)
마도귀환록
2024-03-29T17:51:13.226+09:00 DEBUG 2896 --- [    Test worker] org.hibernate.SQL                        : insert into webtoon (created_at,description,no_youth,publication_status,thumbnail,title,updated_at) values (?,?,?,?,?,?,?)
Hibernate: insert into webtoon (created_at,description,no_youth,publication_status,thumbnail,title,updated_at) values (?,?,?,?,?,?,?)
2024-03-29T17:51:13.233+09:00 DEBUG 2896 --- [    Test worker] org.hibernate.SQL                        : select pd1_0.publishing_day_id,pd1_0.created_at,pd1_0.day,pd1_0.updated_at from publishing_day pd1_0 where pd1_0.day=?
Hibernate: select pd1_0.publishing_day_id,pd1_0.created_at,pd1_0.day,pd1_0.updated_at from publishing_day pd1_0 where pd1_0.day=?
2024-03-29T17:51:13.236+09:00 DEBUG 2896 --- [    Test worker] org.hibernate.SQL                        : insert into webtoon_publishing_day (created_at,publishing_day_id,updated_at,webtoon_id) values (?,?,?,?)
Hibernate: insert into webtoon_publishing_day (created_at,publishing_day_id,updated_at,webtoon_id) values (?,?,?,?)
정글쥬스
2024-03-29T17:51:13.242+09:00 DEBUG 2896 --- [    Test worker] org.hibernate.SQL                        : insert into webtoon (created_at,description,no_youth,publication_status,thumbnail,title,updated_at) values (?,?,?,?,?,?,?)
Hibernate: insert into webtoon (created_at,description,no_youth,publication_status,thumbnail,title,updated_at) values (?,?,?,?,?,?,?)
2024-03-29T17:51:13.251+09:00 DEBUG 2896 --- [    Test worker] org.hibernate.SQL                        : select pd1_0.publishing_day_id,pd1_0.created_at,pd1_0.day,pd1_0.updated_at from publishing_day pd1_0 where pd1_0.day=?
Hibernate: select pd1_0.publishing_day_id,pd1_0.created_at,pd1_0.day,pd1_0.updated_at from publishing_day pd1_0 where pd1_0.day=?
2024-03-29T17:51:13.253+09:00 DEBUG 2896 --- [    Test worker] org.hibernate.SQL                        : insert into webtoon_publishing_day (created_at,publishing_day_id,updated_at,webtoon_id) values (?,?,?,?)
Hibernate: insert into webtoon_publishing_day (created_at,publishing_day_id,updated_at,webtoon_id) values (?,?,?,?)
나 혼자 네크로맨서
2024-03-29T17:51:13.261+09:00 DEBUG 2896 --- [    Test worker] org.hibernate.SQL                        : insert into webtoon (created_at,description,no_youth,publication_status,thumbnail,title,updated_at) values (?,?,?,?,?,?,?)
Hibernate: insert into webtoon (created_at,description,no_youth,publication_status,thumbnail,title,updated_at) values (?,?,?,?,?,?,?)
2024-03-29T17:51:13.268+09:00 DEBUG 2896 --- [    Test worker] org.hibernate.SQL                        : select pd1_0.publishing_day_id,pd1_0.created_at,pd1_0.day,pd1_0.updated_at from publishing_day pd1_0 where pd1_0.day=?
Hibernate: select pd1_0.publishing_day_id,pd1_0.created_at,pd1_0.day,pd1_0.updated_at from publishing_day pd1_0 where pd1_0.day=?
2024-03-29T17:51:13.271+09:00 DEBUG 2896 --- [    Test worker] org.hibernate.SQL                        : insert into webtoon_publishing_day (created_at,publishing_day_id,updated_at,webtoon_id) values (?,?,?,?)
Hibernate: insert into webtoon_publishing_day (created_at,publishing_day_id,updated_at,webtoon_id) values (?,?,?,?)
사내연애 사절!
2024-03-29T17:51:13.278+09:00 DEBUG 2896 --- [    Test worker] org.hibernate.SQL                        : insert into webtoon (created_at,description,no_youth,publication_status,thumbnail,title,updated_at) values (?,?,?,?,?,?,?)
Hibernate: insert into webtoon (created_at,description,no_youth,publication_status,thumbnail,title,updated_at) values (?,?,?,?,?,?,?)
2024-03-29T17:51:13.288+09:00 DEBUG 2896 --- [    Test worker] org.hibernate.SQL                        : select pd1_0.publishing_day_id,pd1_0.created_at,pd1_0.day,pd1_0.updated_at from publishing_day pd1_0 where pd1_0.day=?
Hibernate: select pd1_0.publishing_day_id,pd1_0.created_at,pd1_0.day,pd1_0.updated_at from publishing_day pd1_0 where pd1_0.day=?
2024-03-29T17:51:13.292+09:00 DEBUG 2896 --- [    Test worker] org.hibernate.SQL                        : insert into webtoon_publishing_day (created_at,publishing_day_id,updated_at,webtoon_id) values (?,?,?,?)
Hibernate: insert into webtoon_publishing_day (created_at,publishing_day_id,updated_at,webtoon_id) values (?,?,?,?)
버려진 나의 최애를 위하여
2024-03-29T17:51:13.300+09:00 DEBUG 2896 --- [    Test worker] org.hibernate.SQL                        : insert into webtoon (created_at,description,no_youth,publication_status,thumbnail,title,updated_at) values (?,?,?,?,?,?,?)
Hibernate: insert into webtoon (created_at,description,no_youth,publication_status,thumbnail,title,updated_at) values (?,?,?,?,?,?,?)
2024-03-29T17:51:13.310+09:00 DEBUG 2896 --- [    Test worker] org.hibernate.SQL                        : select pd1_0.publishing_day_id,pd1_0.created_at,pd1_0.day,pd1_0.updated_at from publishing_day pd1_0 where pd1_0.day=?
Hibernate: select pd1_0.publishing_day_id,pd1_0.created_at,pd1_0.day,pd1_0.updated_at from publishing_day pd1_0 where pd1_0.day=?
2024-03-29T17:51:13.313+09:00 DEBUG 2896 --- [    Test worker] org.hibernate.SQL                        : insert into webtoon_publishing_day (created_at,publishing_day_id,updated_at,webtoon_id) values (?,?,?,?)
Hibernate: insert into webtoon_publishing_day (created_at,publishing_day_id,updated_at,webtoon_id) values (?,?,?,?)
게임 속 바바리안으로 살아남기
2024-03-29T17:51:13.321+09:00 DEBUG 2896 --- [    Test worker] org.hibernate.SQL                        : insert into webtoon (created_at,description,no_youth,publication_status,thumbnail,title,updated_at) values (?,?,?,?,?,?,?)
Hibernate: insert into webtoon (created_at,description,no_youth,publication_status,thumbnail,title,updated_at) values (?,?,?,?,?,?,?)
2024-03-29T17:51:13.332+09:00 DEBUG 2896 --- [    Test worker] org.hibernate.SQL                        : select pd1_0.publishing_day_id,pd1_0.created_at,pd1_0.day,pd1_0.updated_at from publishing_day pd1_0 where pd1_0.day=?
Hibernate: select pd1_0.publishing_day_id,pd1_0.created_at,pd1_0.day,pd1_0.updated_at from publishing_day pd1_0 where pd1_0.day=?
2024-03-29T17:51:13.336+09:00 DEBUG 2896 --- [    Test worker] org.hibernate.SQL                        : insert into webtoon_publishing_day (created_at,publishing_day_id,updated_at,webtoon_id) values (?,?,?,?)
Hibernate: insert into webtoon_publishing_day (created_at,publishing_day_id,updated_at,webtoon_id) values (?,?,?,?)
흔한햄
2024-03-29T17:51:13.345+09:00 DEBUG 2896 --- [    Test worker] org.hibernate.SQL                        : insert into webtoon (created_at,description,no_youth,publication_status,thumbnail,title,updated_at) values (?,?,?,?,?,?,?)
Hibernate: insert into webtoon (created_at,description,no_youth,publication_status,thumbnail,title,updated_at) values (?,?,?,?,?,?,?)
2024-03-29T17:51:13.354+09:00 DEBUG 2896 --- [    Test worker] org.hibernate.SQL                        : select pd1_0.publishing_day_id,pd1_0.created_at,pd1_0.day,pd1_0.updated_at from publishing_day pd1_0 where pd1_0.day=?
Hibernate: select pd1_0.publishing_day_id,pd1_0.created_at,pd1_0.day,pd1_0.updated_at from publishing_day pd1_0 where pd1_0.day=?
2024-03-29T17:51:13.357+09:00 DEBUG 2896 --- [    Test worker] org.hibernate.SQL                        : insert into webtoon_publishing_day (created_at,publishing_day_id,updated_at,webtoon_id) values (?,?,?,?)
Hibernate: insert into webtoon_publishing_day (created_at,publishing_day_id,updated_at,webtoon_id) values (?,?,?,?)
내향남녀
2024-03-29T17:51:13.367+09:00 DEBUG 2896 --- [    Test worker] org.hibernate.SQL                        : insert into webtoon (created_at,description,no_youth,publication_status,thumbnail,title,updated_at) values (?,?,?,?,?,?,?)
Hibernate: insert into webtoon (created_at,description,no_youth,publication_status,thumbnail,title,updated_at) values (?,?,?,?,?,?,?)
2024-03-29T17:51:13.375+09:00 DEBUG 2896 --- [    Test worker] org.hibernate.SQL                        : select pd1_0.publishing_day_id,pd1_0.created_at,pd1_0.day,pd1_0.updated_at from publishing_day pd1_0 where pd1_0.day=?
Hibernate: select pd1_0.publishing_day_id,pd1_0.created_at,pd1_0.day,pd1_0.updated_at from publishing_day pd1_0 where pd1_0.day=?
2024-03-29T17:51:13.378+09:00 DEBUG 2896 --- [    Test worker] org.hibernate.SQL                        : insert into webtoon_publishing_day (created_at,publishing_day_id,updated_at,webtoon_id) values (?,?,?,?)
Hibernate: insert into webtoon_publishing_day (created_at,publishing_day_id,updated_at,webtoon_id) values (?,?,?,?)
현실퀘스트
2024-03-29T17:51:13.387+09:00 DEBUG 2896 --- [    Test worker] org.hibernate.SQL                        : insert into webtoon (created_at,description,no_youth,publication_status,thumbnail,title,updated_at) values (?,?,?,?,?,?,?)
Hibernate: insert into webtoon (created_at,description,no_youth,publication_status,thumbnail,title,updated_at) values (?,?,?,?,?,?,?)
2024-03-29T17:51:13.395+09:00 DEBUG 2896 --- [    Test worker] org.hibernate.SQL                        : select pd1_0.publishing_day_id,pd1_0.created_at,pd1_0.day,pd1_0.updated_at from publishing_day pd1_0 where pd1_0.day=?
Hibernate: select pd1_0.publishing_day_id,pd1_0.created_at,pd1_0.day,pd1_0.updated_at from publishing_day pd1_0 where pd1_0.day=?
2024-03-29T17:51:13.398+09:00 DEBUG 2896 --- [    Test worker] org.hibernate.SQL                        : insert into webtoon_publishing_day (created_at,publishing_day_id,updated_at,webtoon_id) values (?,?,?,?)
Hibernate: insert into webtoon_publishing_day (created_at,publishing_day_id,updated_at,webtoon_id) values (?,?,?,?)
개구리 인간
2024-03-29T17:51:13.405+09:00 DEBUG 2896 --- [    Test worker] org.hibernate.SQL                        : insert into webtoon (created_at,description,no_youth,publication_status,thumbnail,title,updated_at) values (?,?,?,?,?,?,?)
Hibernate: insert into webtoon (created_at,description,no_youth,publication_status,thumbnail,title,updated_at) values (?,?,?,?,?,?,?)
2024-03-29T17:51:13.413+09:00 DEBUG 2896 --- [    Test worker] org.hibernate.SQL                        : select pd1_0.publishing_day_id,pd1_0.created_at,pd1_0.day,pd1_0.updated_at from publishing_day pd1_0 where pd1_0.day=?
Hibernate: select pd1_0.publishing_day_id,pd1_0.created_at,pd1_0.day,pd1_0.updated_at from publishing_day pd1_0 where pd1_0.day=?
2024-03-29T17:51:13.417+09:00 DEBUG 2896 --- [    Test worker] org.hibernate.SQL                        : insert into webtoon_publishing_day (created_at,publishing_day_id,updated_at,webtoon_id) values (?,?,?,?)
Hibernate: insert into webtoon_publishing_day (created_at,publishing_day_id,updated_at,webtoon_id) values (?,?,?,?)
네이처맨
2024-03-29T17:51:13.425+09:00 DEBUG 2896 --- [    Test worker] org.hibernate.SQL                        : insert into webtoon (created_at,description,no_youth,publication_status,thumbnail,title,updated_at) values (?,?,?,?,?,?,?)
Hibernate: insert into webtoon (created_at,description,no_youth,publication_status,thumbnail,title,updated_at) values (?,?,?,?,?,?,?)
2024-03-29T17:51:13.433+09:00 DEBUG 2896 --- [    Test worker] org.hibernate.SQL                        : select pd1_0.publishing_day_id,pd1_0.created_at,pd1_0.day,pd1_0.updated_at from publishing_day pd1_0 where pd1_0.day=?
Hibernate: select pd1_0.publishing_day_id,pd1_0.created_at,pd1_0.day,pd1_0.updated_at from publishing_day pd1_0 where pd1_0.day=?
2024-03-29T17:51:13.438+09:00 DEBUG 2896 --- [    Test worker] org.hibernate.SQL                        : insert into webtoon_publishing_day (created_at,publishing_day_id,updated_at,webtoon_id) values (?,?,?,?)
Hibernate: insert into webtoon_publishing_day (created_at,publishing_day_id,updated_at,webtoon_id) values (?,?,?,?)
가족같은 XX
2024-03-29T17:51:13.446+09:00 DEBUG 2896 --- [    Test worker] org.hibernate.SQL                        : insert into webtoon (created_at,description,no_youth,publication_status,thumbnail,title,updated_at) values (?,?,?,?,?,?,?)
Hibernate: insert into webtoon (created_at,description,no_youth,publication_status,thumbnail,title,updated_at) values (?,?,?,?,?,?,?)
2024-03-29T17:51:13.456+09:00 DEBUG 2896 --- [    Test worker] org.hibernate.SQL                        : select pd1_0.publishing_day_id,pd1_0.created_at,pd1_0.day,pd1_0.updated_at from publishing_day pd1_0 where pd1_0.day=?
Hibernate: select pd1_0.publishing_day_id,pd1_0.created_at,pd1_0.day,pd1_0.updated_at from publishing_day pd1_0 where pd1_0.day=?
2024-03-29T17:51:13.459+09:00 DEBUG 2896 --- [    Test worker] org.hibernate.SQL                        : insert into webtoon_publishing_day (created_at,publishing_day_id,updated_at,webtoon_id) values (?,?,?,?)
Hibernate: insert into webtoon_publishing_day (created_at,publishing_day_id,updated_at,webtoon_id) values (?,?,?,?)
룸비니
2024-03-29T17:51:13.468+09:00 DEBUG 2896 --- [    Test worker] org.hibernate.SQL                        : insert into webtoon (created_at,description,no_youth,publication_status,thumbnail,title,updated_at) values (?,?,?,?,?,?,?)
Hibernate: insert into webtoon (created_at,description,no_youth,publication_status,thumbnail,title,updated_at) values (?,?,?,?,?,?,?)
2024-03-29T17:51:13.477+09:00 DEBUG 2896 --- [    Test worker] org.hibernate.SQL                        : select pd1_0.publishing_day_id,pd1_0.created_at,pd1_0.day,pd1_0.updated_at from publishing_day pd1_0 where pd1_0.day=?
Hibernate: select pd1_0.publishing_day_id,pd1_0.created_at,pd1_0.day,pd1_0.updated_at from publishing_day pd1_0 where pd1_0.day=?
2024-03-29T17:51:13.481+09:00 DEBUG 2896 --- [    Test worker] org.hibernate.SQL                        : insert into webtoon_publishing_day (created_at,publishing_day_id,updated_at,webtoon_id) values (?,?,?,?)
Hibernate: insert into webtoon_publishing_day (created_at,publishing_day_id,updated_at,webtoon_id) values (?,?,?,?)
소꿉친구 컴플렉스
2024-03-29T17:51:13.489+09:00 DEBUG 2896 --- [    Test worker] org.hibernate.SQL                        : insert into webtoon (created_at,description,no_youth,publication_status,thumbnail,title,updated_at) values (?,?,?,?,?,?,?)
Hibernate: insert into webtoon (created_at,description,no_youth,publication_status,thumbnail,title,updated_at) values (?,?,?,?,?,?,?)
2024-03-29T17:51:13.498+09:00 DEBUG 2896 --- [    Test worker] org.hibernate.SQL                        : select pd1_0.publishing_day_id,pd1_0.created_at,pd1_0.day,pd1_0.updated_at from publishing_day pd1_0 where pd1_0.day=?
Hibernate: select pd1_0.publishing_day_id,pd1_0.created_at,pd1_0.day,pd1_0.updated_at from publishing_day pd1_0 where pd1_0.day=?
2024-03-29T17:51:13.502+09:00 DEBUG 2896 --- [    Test worker] org.hibernate.SQL                        : insert into webtoon_publishing_day (created_at,publishing_day_id,updated_at,webtoon_id) values (?,?,?,?)
Hibernate: insert into webtoon_publishing_day (created_at,publishing_day_id,updated_at,webtoon_id) values (?,?,?,?)
비서 일탈
2024-03-29T17:51:13.509+09:00 DEBUG 2896 --- [    Test worker] org.hibernate.SQL                        : insert into webtoon (created_at,description,no_youth,publication_status,thumbnail,title,updated_at) values (?,?,?,?,?,?,?)
Hibernate: insert into webtoon (created_at,description,no_youth,publication_status,thumbnail,title,updated_at) values (?,?,?,?,?,?,?)
2024-03-29T17:51:13.517+09:00 DEBUG 2896 --- [    Test worker] org.hibernate.SQL                        : select pd1_0.publishing_day_id,pd1_0.created_at,pd1_0.day,pd1_0.updated_at from publishing_day pd1_0 where pd1_0.day=?
Hibernate: select pd1_0.publishing_day_id,pd1_0.created_at,pd1_0.day,pd1_0.updated_at from publishing_day pd1_0 where pd1_0.day=?
2024-03-29T17:51:13.520+09:00 DEBUG 2896 --- [    Test worker] org.hibernate.SQL                        : insert into webtoon_publishing_day (created_at,publishing_day_id,updated_at,webtoon_id) values (?,?,?,?)
Hibernate: insert into webtoon_publishing_day (created_at,publishing_day_id,updated_at,webtoon_id) values (?,?,?,?)
첫날밤을 보낸 그 악녀를 찾습니다
2024-03-29T17:51:13.528+09:00 DEBUG 2896 --- [    Test worker] org.hibernate.SQL                        : insert into webtoon (created_at,description,no_youth,publication_status,thumbnail,title,updated_at) values (?,?,?,?,?,?,?)
Hibernate: insert into webtoon (created_at,description,no_youth,publication_status,thumbnail,title,updated_at) values (?,?,?,?,?,?,?)
2024-03-29T17:51:13.536+09:00 DEBUG 2896 --- [    Test worker] org.hibernate.SQL                        : select pd1_0.publishing_day_id,pd1_0.created_at,pd1_0.day,pd1_0.updated_at from publishing_day pd1_0 where pd1_0.day=?
Hibernate: select pd1_0.publishing_day_id,pd1_0.created_at,pd1_0.day,pd1_0.updated_at from publishing_day pd1_0 where pd1_0.day=?
2024-03-29T17:51:13.539+09:00 DEBUG 2896 --- [    Test worker] org.hibernate.SQL                        : insert into webtoon_publishing_day (created_at,publishing_day_id,updated_at,webtoon_id) values (?,?,?,?)
Hibernate: insert into webtoon_publishing_day (created_at,publishing_day_id,updated_at,webtoon_id) values (?,?,?,?)
VS
2024-03-29T17:51:13.546+09:00 DEBUG 2896 --- [    Test worker] org.hibernate.SQL                        : insert into webtoon (created_at,description,no_youth,publication_status,thumbnail,title,updated_at) values (?,?,?,?,?,?,?)
Hibernate: insert into webtoon (created_at,description,no_youth,publication_status,thumbnail,title,updated_at) values (?,?,?,?,?,?,?)
2024-03-29T17:51:13.554+09:00 DEBUG 2896 --- [    Test worker] org.hibernate.SQL                        : select pd1_0.publishing_day_id,pd1_0.created_at,pd1_0.day,pd1_0.updated_at from publishing_day pd1_0 where pd1_0.day=?
Hibernate: select pd1_0.publishing_day_id,pd1_0.created_at,pd1_0.day,pd1_0.updated_at from publishing_day pd1_0 where pd1_0.day=?
2024-03-29T17:51:13.556+09:00 DEBUG 2896 --- [    Test worker] org.hibernate.SQL                        : insert into webtoon_publishing_day (created_at,publishing_day_id,updated_at,webtoon_id) values (?,?,?,?)
Hibernate: insert into webtoon_publishing_day (created_at,publishing_day_id,updated_at,webtoon_id) values (?,?,?,?)
순수한 동거생활
2024-03-29T17:51:13.564+09:00 DEBUG 2896 --- [    Test worker] org.hibernate.SQL                        : insert into webtoon (created_at,description,no_youth,publication_status,thumbnail,title,updated_at) values (?,?,?,?,?,?,?)
Hibernate: insert into webtoon (created_at,description,no_youth,publication_status,thumbnail,title,updated_at) values (?,?,?,?,?,?,?)
2024-03-29T17:51:13.573+09:00 DEBUG 2896 --- [    Test worker] org.hibernate.SQL                        : select pd1_0.publishing_day_id,pd1_0.created_at,pd1_0.day,pd1_0.updated_at from publishing_day pd1_0 where pd1_0.day=?
Hibernate: select pd1_0.publishing_day_id,pd1_0.created_at,pd1_0.day,pd1_0.updated_at from publishing_day pd1_0 where pd1_0.day=?
2024-03-29T17:51:13.576+09:00 DEBUG 2896 --- [    Test worker] org.hibernate.SQL                        : insert into webtoon_publishing_day (created_at,publishing_day_id,updated_at,webtoon_id) values (?,?,?,?)
Hibernate: insert into webtoon_publishing_day (created_at,publishing_day_id,updated_at,webtoon_id) values (?,?,?,?)
시한부 천재 암흑기사
2024-03-29T17:51:13.586+09:00 DEBUG 2896 --- [    Test worker] org.hibernate.SQL                        : insert into webtoon (created_at,description,no_youth,publication_status,thumbnail,title,updated_at) values (?,?,?,?,?,?,?)
Hibernate: insert into webtoon (created_at,description,no_youth,publication_status,thumbnail,title,updated_at) values (?,?,?,?,?,?,?)
2024-03-29T17:51:13.593+09:00 DEBUG 2896 --- [    Test worker] org.hibernate.SQL                        : select pd1_0.publishing_day_id,pd1_0.created_at,pd1_0.day,pd1_0.updated_at from publishing_day pd1_0 where pd1_0.day=?
Hibernate: select pd1_0.publishing_day_id,pd1_0.created_at,pd1_0.day,pd1_0.updated_at from publishing_day pd1_0 where pd1_0.day=?
2024-03-29T17:51:13.596+09:00 DEBUG 2896 --- [    Test worker] org.hibernate.SQL                        : insert into webtoon_publishing_day (created_at,publishing_day_id,updated_at,webtoon_id) values (?,?,?,?)
Hibernate: insert into webtoon_publishing_day (created_at,publishing_day_id,updated_at,webtoon_id) values (?,?,?,?)
보스였음
2024-03-29T17:51:13.603+09:00 DEBUG 2896 --- [    Test worker] org.hibernate.SQL                        : insert into webtoon (created_at,description,no_youth,publication_status,thumbnail,title,updated_at) values (?,?,?,?,?,?,?)
Hibernate: insert into webtoon (created_at,description,no_youth,publication_status,thumbnail,title,updated_at) values (?,?,?,?,?,?,?)
2024-03-29T17:51:13.610+09:00 DEBUG 2896 --- [    Test worker] org.hibernate.SQL                        : select pd1_0.publishing_day_id,pd1_0.created_at,pd1_0.day,pd1_0.updated_at from publishing_day pd1_0 where pd1_0.day=?
Hibernate: select pd1_0.publishing_day_id,pd1_0.created_at,pd1_0.day,pd1_0.updated_at from publishing_day pd1_0 where pd1_0.day=?
2024-03-29T17:51:13.612+09:00 DEBUG 2896 --- [    Test worker] org.hibernate.SQL                        : insert into webtoon_publishing_day (created_at,publishing_day_id,updated_at,webtoon_id) values (?,?,?,?)
Hibernate: insert into webtoon_publishing_day (created_at,publishing_day_id,updated_at,webtoon_id) values (?,?,?,?)
최강전설 강해효
2024-03-29T17:51:13.619+09:00 DEBUG 2896 --- [    Test worker] org.hibernate.SQL                        : insert into webtoon (created_at,description,no_youth,publication_status,thumbnail,title,updated_at) values (?,?,?,?,?,?,?)
Hibernate: insert into webtoon (created_at,description,no_youth,publication_status,thumbnail,title,updated_at) values (?,?,?,?,?,?,?)
2024-03-29T17:51:13.626+09:00 DEBUG 2896 --- [    Test worker] org.hibernate.SQL                        : select pd1_0.publishing_day_id,pd1_0.created_at,pd1_0.day,pd1_0.updated_at from publishing_day pd1_0 where pd1_0.day=?
Hibernate: select pd1_0.publishing_day_id,pd1_0.created_at,pd1_0.day,pd1_0.updated_at from publishing_day pd1_0 where pd1_0.day=?
2024-03-29T17:51:13.628+09:00 DEBUG 2896 --- [    Test worker] org.hibernate.SQL                        : insert into webtoon_publishing_day (created_at,publishing_day_id,updated_at,webtoon_id) values (?,?,?,?)
Hibernate: insert into webtoon_publishing_day (created_at,publishing_day_id,updated_at,webtoon_id) values (?,?,?,?)
규격 외 혈통 천재
2024-03-29T17:51:13.634+09:00 DEBUG 2896 --- [    Test worker] org.hibernate.SQL                        : insert into webtoon (created_at,description,no_youth,publication_status,thumbnail,title,updated_at) values (?,?,?,?,?,?,?)
Hibernate: insert into webtoon (created_at,description,no_youth,publication_status,thumbnail,title,updated_at) values (?,?,?,?,?,?,?)
2024-03-29T17:51:13.642+09:00 DEBUG 2896 --- [    Test worker] org.hibernate.SQL                        : select pd1_0.publishing_day_id,pd1_0.created_at,pd1_0.day,pd1_0.updated_at from publishing_day pd1_0 where pd1_0.day=?
Hibernate: select pd1_0.publishing_day_id,pd1_0.created_at,pd1_0.day,pd1_0.updated_at from publishing_day pd1_0 where pd1_0.day=?
2024-03-29T17:51:13.645+09:00 DEBUG 2896 --- [    Test worker] org.hibernate.SQL                        : insert into webtoon_publishing_day (created_at,publishing_day_id,updated_at,webtoon_id) values (?,?,?,?)
Hibernate: insert into webtoon_publishing_day (created_at,publishing_day_id,updated_at,webtoon_id) values (?,?,?,?)
마왕까지 한 걸음
2024-03-29T17:51:13.653+09:00 DEBUG 2896 --- [    Test worker] org.hibernate.SQL                        : insert into webtoon (created_at,description,no_youth,publication_status,thumbnail,title,updated_at) values (?,?,?,?,?,?,?)
Hibernate: insert into webtoon (created_at,description,no_youth,publication_status,thumbnail,title,updated_at) values (?,?,?,?,?,?,?)
2024-03-29T17:51:13.661+09:00 DEBUG 2896 --- [    Test worker] org.hibernate.SQL                        : select pd1_0.publishing_day_id,pd1_0.created_at,pd1_0.day,pd1_0.updated_at from publishing_day pd1_0 where pd1_0.day=?
Hibernate: select pd1_0.publishing_day_id,pd1_0.created_at,pd1_0.day,pd1_0.updated_at from publishing_day pd1_0 where pd1_0.day=?
2024-03-29T17:51:13.663+09:00 DEBUG 2896 --- [    Test worker] org.hibernate.SQL                        : insert into webtoon_publishing_day (created_at,publishing_day_id,updated_at,webtoon_id) values (?,?,?,?)
Hibernate: insert into webtoon_publishing_day (created_at,publishing_day_id,updated_at,webtoon_id) values (?,?,?,?)
불편한 관계
2024-03-29T17:51:13.670+09:00 DEBUG 2896 --- [    Test worker] org.hibernate.SQL                        : insert into webtoon (created_at,description,no_youth,publication_status,thumbnail,title,updated_at) values (?,?,?,?,?,?,?)
Hibernate: insert into webtoon (created_at,description,no_youth,publication_status,thumbnail,title,updated_at) values (?,?,?,?,?,?,?)
2024-03-29T17:51:13.678+09:00 DEBUG 2896 --- [    Test worker] org.hibernate.SQL                        : select pd1_0.publishing_day_id,pd1_0.created_at,pd1_0.day,pd1_0.updated_at from publishing_day pd1_0 where pd1_0.day=?
Hibernate: select pd1_0.publishing_day_id,pd1_0.created_at,pd1_0.day,pd1_0.updated_at from publishing_day pd1_0 where pd1_0.day=?
2024-03-29T17:51:13.681+09:00 DEBUG 2896 --- [    Test worker] org.hibernate.SQL                        : insert into webtoon_publishing_day (created_at,publishing_day_id,updated_at,webtoon_id) values (?,?,?,?)
Hibernate: insert into webtoon_publishing_day (created_at,publishing_day_id,updated_at,webtoon_id) values (?,?,?,?)
오만의 시대
2024-03-29T17:51:13.689+09:00 DEBUG 2896 --- [    Test worker] org.hibernate.SQL                        : insert into webtoon (created_at,description,no_youth,publication_status,thumbnail,title,updated_at) values (?,?,?,?,?,?,?)
Hibernate: insert into webtoon (created_at,description,no_youth,publication_status,thumbnail,title,updated_at) values (?,?,?,?,?,?,?)
2024-03-29T17:51:13.699+09:00 DEBUG 2896 --- [    Test worker] org.hibernate.SQL                        : select pd1_0.publishing_day_id,pd1_0.created_at,pd1_0.day,pd1_0.updated_at from publishing_day pd1_0 where pd1_0.day=?
Hibernate: select pd1_0.publishing_day_id,pd1_0.created_at,pd1_0.day,pd1_0.updated_at from publishing_day pd1_0 where pd1_0.day=?
2024-03-29T17:51:13.702+09:00 DEBUG 2896 --- [    Test worker] org.hibernate.SQL                        : insert into webtoon_publishing_day (created_at,publishing_day_id,updated_at,webtoon_id) values (?,?,?,?)
Hibernate: insert into webtoon_publishing_day (created_at,publishing_day_id,updated_at,webtoon_id) values (?,?,?,?)
일립예고 학생들
2024-03-29T17:51:13.711+09:00 DEBUG 2896 --- [    Test worker] org.hibernate.SQL                        : insert into webtoon (created_at,description,no_youth,publication_status,thumbnail,title,updated_at) values (?,?,?,?,?,?,?)
Hibernate: insert into webtoon (created_at,description,no_youth,publication_status,thumbnail,title,updated_at) values (?,?,?,?,?,?,?)
2024-03-29T17:51:13.722+09:00 DEBUG 2896 --- [    Test worker] org.hibernate.SQL                        : select pd1_0.publishing_day_id,pd1_0.created_at,pd1_0.day,pd1_0.updated_at from publishing_day pd1_0 where pd1_0.day=?
Hibernate: select pd1_0.publishing_day_id,pd1_0.created_at,pd1_0.day,pd1_0.updated_at from publishing_day pd1_0 where pd1_0.day=?
2024-03-29T17:51:13.725+09:00 DEBUG 2896 --- [    Test worker] org.hibernate.SQL                        : insert into webtoon_publishing_day (created_at,publishing_day_id,updated_at,webtoon_id) values (?,?,?,?)
Hibernate: insert into webtoon_publishing_day (created_at,publishing_day_id,updated_at,webtoon_id) values (?,?,?,?)
게임 최강 트롤러
2024-03-29T17:51:13.735+09:00 DEBUG 2896 --- [    Test worker] org.hibernate.SQL                        : insert into webtoon (created_at,description,no_youth,publication_status,thumbnail,title,updated_at) values (?,?,?,?,?,?,?)
Hibernate: insert into webtoon (created_at,description,no_youth,publication_status,thumbnail,title,updated_at) values (?,?,?,?,?,?,?)
2024-03-29T17:51:13.744+09:00 DEBUG 2896 --- [    Test worker] org.hibernate.SQL                        : select pd1_0.publishing_day_id,pd1_0.created_at,pd1_0.day,pd1_0.updated_at from publishing_day pd1_0 where pd1_0.day=?
Hibernate: select pd1_0.publishing_day_id,pd1_0.created_at,pd1_0.day,pd1_0.updated_at from publishing_day pd1_0 where pd1_0.day=?
2024-03-29T17:51:13.747+09:00 DEBUG 2896 --- [    Test worker] org.hibernate.SQL                        : insert into webtoon_publishing_day (created_at,publishing_day_id,updated_at,webtoon_id) values (?,?,?,?)
Hibernate: insert into webtoon_publishing_day (created_at,publishing_day_id,updated_at,webtoon_id) values (?,?,?,?)
두 번째 딸로 태어났습니다
2024-03-29T17:51:13.756+09:00 DEBUG 2896 --- [    Test worker] org.hibernate.SQL                        : insert into webtoon (created_at,description,no_youth,publication_status,thumbnail,title,updated_at) values (?,?,?,?,?,?,?)
Hibernate: insert into webtoon (created_at,description,no_youth,publication_status,thumbnail,title,updated_at) values (?,?,?,?,?,?,?)
2024-03-29T17:51:13.764+09:00 DEBUG 2896 --- [    Test worker] org.hibernate.SQL                        : select pd1_0.publishing_day_id,pd1_0.created_at,pd1_0.day,pd1_0.updated_at from publishing_day pd1_0 where pd1_0.day=?
Hibernate: select pd1_0.publishing_day_id,pd1_0.created_at,pd1_0.day,pd1_0.updated_at from publishing_day pd1_0 where pd1_0.day=?
2024-03-29T17:51:13.768+09:00 DEBUG 2896 --- [    Test worker] org.hibernate.SQL                        : insert into webtoon_publishing_day (created_at,publishing_day_id,updated_at,webtoon_id) values (?,?,?,?)
Hibernate: insert into webtoon_publishing_day (created_at,publishing_day_id,updated_at,webtoon_id) values (?,?,?,?)
피부과 만렙남
2024-03-29T17:51:13.775+09:00 DEBUG 2896 --- [    Test worker] org.hibernate.SQL                        : insert into webtoon (created_at,description,no_youth,publication_status,thumbnail,title,updated_at) values (?,?,?,?,?,?,?)
Hibernate: insert into webtoon (created_at,description,no_youth,publication_status,thumbnail,title,updated_at) values (?,?,?,?,?,?,?)
2024-03-29T17:51:13.785+09:00 DEBUG 2896 --- [    Test worker] org.hibernate.SQL                        : select pd1_0.publishing_day_id,pd1_0.created_at,pd1_0.day,pd1_0.updated_at from publishing_day pd1_0 where pd1_0.day=?
Hibernate: select pd1_0.publishing_day_id,pd1_0.created_at,pd1_0.day,pd1_0.updated_at from publishing_day pd1_0 where pd1_0.day=?
2024-03-29T17:51:13.788+09:00 DEBUG 2896 --- [    Test worker] org.hibernate.SQL                        : insert into webtoon_publishing_day (created_at,publishing_day_id,updated_at,webtoon_id) values (?,?,?,?)
Hibernate: insert into webtoon_publishing_day (created_at,publishing_day_id,updated_at,webtoon_id) values (?,?,?,?)
꽃만 키우는데 너무강함
2024-03-29T17:51:13.795+09:00 DEBUG 2896 --- [    Test worker] org.hibernate.SQL                        : insert into webtoon (created_at,description,no_youth,publication_status,thumbnail,title,updated_at) values (?,?,?,?,?,?,?)
Hibernate: insert into webtoon (created_at,description,no_youth,publication_status,thumbnail,title,updated_at) values (?,?,?,?,?,?,?)
2024-03-29T17:51:13.804+09:00 DEBUG 2896 --- [    Test worker] org.hibernate.SQL                        : select pd1_0.publishing_day_id,pd1_0.created_at,pd1_0.day,pd1_0.updated_at from publishing_day pd1_0 where pd1_0.day=?
Hibernate: select pd1_0.publishing_day_id,pd1_0.created_at,pd1_0.day,pd1_0.updated_at from publishing_day pd1_0 where pd1_0.day=?
2024-03-29T17:51:13.808+09:00 DEBUG 2896 --- [    Test worker] org.hibernate.SQL                        : insert into webtoon_publishing_day (created_at,publishing_day_id,updated_at,webtoon_id) values (?,?,?,?)
Hibernate: insert into webtoon_publishing_day (created_at,publishing_day_id,updated_at,webtoon_id) values (?,?,?,?)
마법사랑해
2024-03-29T17:51:13.815+09:00 DEBUG 2896 --- [    Test worker] org.hibernate.SQL                        : insert into webtoon (created_at,description,no_youth,publication_status,thumbnail,title,updated_at) values (?,?,?,?,?,?,?)
Hibernate: insert into webtoon (created_at,description,no_youth,publication_status,thumbnail,title,updated_at) values (?,?,?,?,?,?,?)
2024-03-29T17:51:13.822+09:00 DEBUG 2896 --- [    Test worker] org.hibernate.SQL                        : select pd1_0.publishing_day_id,pd1_0.created_at,pd1_0.day,pd1_0.updated_at from publishing_day pd1_0 where pd1_0.day=?
Hibernate: select pd1_0.publishing_day_id,pd1_0.created_at,pd1_0.day,pd1_0.updated_at from publishing_day pd1_0 where pd1_0.day=?
2024-03-29T17:51:13.825+09:00 DEBUG 2896 --- [    Test worker] org.hibernate.SQL                        : insert into webtoon_publishing_day (created_at,publishing_day_id,updated_at,webtoon_id) values (?,?,?,?)
Hibernate: insert into webtoon_publishing_day (created_at,publishing_day_id,updated_at,webtoon_id) values (?,?,?,?)
루루라라 우리네 인생
2024-03-29T17:51:13.832+09:00 DEBUG 2896 --- [    Test worker] org.hibernate.SQL                        : insert into webtoon (created_at,description,no_youth,publication_status,thumbnail,title,updated_at) values (?,?,?,?,?,?,?)
Hibernate: insert into webtoon (created_at,description,no_youth,publication_status,thumbnail,title,updated_at) values (?,?,?,?,?,?,?)
2024-03-29T17:51:13.840+09:00 DEBUG 2896 --- [    Test worker] org.hibernate.SQL                        : select pd1_0.publishing_day_id,pd1_0.created_at,pd1_0.day,pd1_0.updated_at from publishing_day pd1_0 where pd1_0.day=?
Hibernate: select pd1_0.publishing_day_id,pd1_0.created_at,pd1_0.day,pd1_0.updated_at from publishing_day pd1_0 where pd1_0.day=?
2024-03-29T17:51:13.843+09:00 DEBUG 2896 --- [    Test worker] org.hibernate.SQL                        : insert into webtoon_publishing_day (created_at,publishing_day_id,updated_at,webtoon_id) values (?,?,?,?)
Hibernate: insert into webtoon_publishing_day (created_at,publishing_day_id,updated_at,webtoon_id) values (?,?,?,?)
서울밤피어
2024-03-29T17:51:13.850+09:00 DEBUG 2896 --- [    Test worker] org.hibernate.SQL                        : insert into webtoon (created_at,description,no_youth,publication_status,thumbnail,title,updated_at) values (?,?,?,?,?,?,?)
Hibernate: insert into webtoon (created_at,description,no_youth,publication_status,thumbnail,title,updated_at) values (?,?,?,?,?,?,?)
2024-03-29T17:51:13.857+09:00 DEBUG 2896 --- [    Test worker] org.hibernate.SQL                        : select pd1_0.publishing_day_id,pd1_0.created_at,pd1_0.day,pd1_0.updated_at from publishing_day pd1_0 where pd1_0.day=?
Hibernate: select pd1_0.publishing_day_id,pd1_0.created_at,pd1_0.day,pd1_0.updated_at from publishing_day pd1_0 where pd1_0.day=?
2024-03-29T17:51:13.860+09:00 DEBUG 2896 --- [    Test worker] org.hibernate.SQL                        : insert into webtoon_publishing_day (created_at,publishing_day_id,updated_at,webtoon_id) values (?,?,?,?)
Hibernate: insert into webtoon_publishing_day (created_at,publishing_day_id,updated_at,webtoon_id) values (?,?,?,?)
"오
2024-03-29T17:51:13.866+09:00 DEBUG 2896 --- [    Test worker] org.hibernate.SQL                        : insert into webtoon (created_at,description,no_youth,publication_status,thumbnail,title,updated_at) values (?,?,?,?,?,?,?)
Hibernate: insert into webtoon (created_at,description,no_youth,publication_status,thumbnail,title,updated_at) values (?,?,?,?,?,?,?)
2024-03-29T17:51:13.874+09:00 DEBUG 2896 --- [    Test worker] org.hibernate.SQL                        : select pd1_0.publishing_day_id,pd1_0.created_at,pd1_0.day,pd1_0.updated_at from publishing_day pd1_0 where pd1_0.day=?
Hibernate: select pd1_0.publishing_day_id,pd1_0.created_at,pd1_0.day,pd1_0.updated_at from publishing_day pd1_0 where pd1_0.day=?
2024-03-29T17:51:13.876+09:00 DEBUG 2896 --- [    Test worker] org.hibernate.SQL                        : insert into webtoon_publishing_day (created_at,publishing_day_id,updated_at,webtoon_id) values (?,?,?,?)
Hibernate: insert into webtoon_publishing_day (created_at,publishing_day_id,updated_at,webtoon_id) values (?,?,?,?)
미리보기
2024-03-29T17:51:13.884+09:00 DEBUG 2896 --- [    Test worker] org.hibernate.SQL                        : insert into webtoon (created_at,description,no_youth,publication_status,thumbnail,title,updated_at) values (?,?,?,?,?,?,?)
Hibernate: insert into webtoon (created_at,description,no_youth,publication_status,thumbnail,title,updated_at) values (?,?,?,?,?,?,?)
2024-03-29T17:51:13.892+09:00 DEBUG 2896 --- [    Test worker] org.hibernate.SQL                        : select pd1_0.publishing_day_id,pd1_0.created_at,pd1_0.day,pd1_0.updated_at from publishing_day pd1_0 where pd1_0.day=?
Hibernate: select pd1_0.publishing_day_id,pd1_0.created_at,pd1_0.day,pd1_0.updated_at from publishing_day pd1_0 where pd1_0.day=?
2024-03-29T17:51:13.895+09:00 DEBUG 2896 --- [    Test worker] org.hibernate.SQL                        : insert into webtoon_publishing_day (created_at,publishing_day_id,updated_at,webtoon_id) values (?,?,?,?)
Hibernate: insert into webtoon_publishing_day (created_at,publishing_day_id,updated_at,webtoon_id) values (?,?,?,?)
관계중독
2024-03-29T17:51:13.902+09:00 DEBUG 2896 --- [    Test worker] org.hibernate.SQL                        : insert into webtoon (created_at,description,no_youth,publication_status,thumbnail,title,updated_at) values (?,?,?,?,?,?,?)
Hibernate: insert into webtoon (created_at,description,no_youth,publication_status,thumbnail,title,updated_at) values (?,?,?,?,?,?,?)
2024-03-29T17:51:13.910+09:00 DEBUG 2896 --- [    Test worker] org.hibernate.SQL                        : select pd1_0.publishing_day_id,pd1_0.created_at,pd1_0.day,pd1_0.updated_at from publishing_day pd1_0 where pd1_0.day=?
Hibernate: select pd1_0.publishing_day_id,pd1_0.created_at,pd1_0.day,pd1_0.updated_at from publishing_day pd1_0 where pd1_0.day=?
2024-03-29T17:51:13.913+09:00 DEBUG 2896 --- [    Test worker] org.hibernate.SQL                        : insert into webtoon_publishing_day (created_at,publishing_day_id,updated_at,webtoon_id) values (?,?,?,?)
Hibernate: insert into webtoon_publishing_day (created_at,publishing_day_id,updated_at,webtoon_id) values (?,?,?,?)
SPT - 박쥐의 시간
2024-03-29T17:51:13.920+09:00 DEBUG 2896 --- [    Test worker] org.hibernate.SQL                        : insert into webtoon (created_at,description,no_youth,publication_status,thumbnail,title,updated_at) values (?,?,?,?,?,?,?)
Hibernate: insert into webtoon (created_at,description,no_youth,publication_status,thumbnail,title,updated_at) values (?,?,?,?,?,?,?)
2024-03-29T17:51:13.936+09:00 DEBUG 2896 --- [    Test worker] org.hibernate.SQL                        : select pd1_0.publishing_day_id,pd1_0.created_at,pd1_0.day,pd1_0.updated_at from publishing_day pd1_0 where pd1_0.day=?
Hibernate: select pd1_0.publishing_day_id,pd1_0.created_at,pd1_0.day,pd1_0.updated_at from publishing_day pd1_0 where pd1_0.day=?
2024-03-29T17:51:13.940+09:00 DEBUG 2896 --- [    Test worker] org.hibernate.SQL                        : insert into webtoon_publishing_day (created_at,publishing_day_id,updated_at,webtoon_id) values (?,?,?,?)
Hibernate: insert into webtoon_publishing_day (created_at,publishing_day_id,updated_at,webtoon_id) values (?,?,?,?)
썩은 핑크의 법칙
2024-03-29T17:51:13.950+09:00 DEBUG 2896 --- [    Test worker] org.hibernate.SQL                        : insert into webtoon (created_at,description,no_youth,publication_status,thumbnail,title,updated_at) values (?,?,?,?,?,?,?)
Hibernate: insert into webtoon (created_at,description,no_youth,publication_status,thumbnail,title,updated_at) values (?,?,?,?,?,?,?)
2024-03-29T17:51:13.960+09:00 DEBUG 2896 --- [    Test worker] org.hibernate.SQL                        : select pd1_0.publishing_day_id,pd1_0.created_at,pd1_0.day,pd1_0.updated_at from publishing_day pd1_0 where pd1_0.day=?
Hibernate: select pd1_0.publishing_day_id,pd1_0.created_at,pd1_0.day,pd1_0.updated_at from publishing_day pd1_0 where pd1_0.day=?
2024-03-29T17:51:13.963+09:00 DEBUG 2896 --- [    Test worker] org.hibernate.SQL                        : insert into webtoon_publishing_day (created_at,publishing_day_id,updated_at,webtoon_id) values (?,?,?,?)
Hibernate: insert into webtoon_publishing_day (created_at,publishing_day_id,updated_at,webtoon_id) values (?,?,?,?)
웨폰 크리에이터
2024-03-29T17:51:13.973+09:00 DEBUG 2896 --- [    Test worker] org.hibernate.SQL                        : insert into webtoon (created_at,description,no_youth,publication_status,thumbnail,title,updated_at) values (?,?,?,?,?,?,?)
Hibernate: insert into webtoon (created_at,description,no_youth,publication_status,thumbnail,title,updated_at) values (?,?,?,?,?,?,?)
2024-03-29T17:51:13.983+09:00 DEBUG 2896 --- [    Test worker] org.hibernate.SQL                        : select pd1_0.publishing_day_id,pd1_0.created_at,pd1_0.day,pd1_0.updated_at from publishing_day pd1_0 where pd1_0.day=?
Hibernate: select pd1_0.publishing_day_id,pd1_0.created_at,pd1_0.day,pd1_0.updated_at from publishing_day pd1_0 where pd1_0.day=?
2024-03-29T17:51:13.986+09:00 DEBUG 2896 --- [    Test worker] org.hibernate.SQL                        : insert into webtoon_publishing_day (created_at,publishing_day_id,updated_at,webtoon_id) values (?,?,?,?)
Hibernate: insert into webtoon_publishing_day (created_at,publishing_day_id,updated_at,webtoon_id) values (?,?,?,?)
"이러면 안 돼요
2024-03-29T17:51:13.994+09:00 DEBUG 2896 --- [    Test worker] org.hibernate.SQL                        : insert into webtoon (created_at,description,no_youth,publication_status,thumbnail,title,updated_at) values (?,?,?,?,?,?,?)
Hibernate: insert into webtoon (created_at,description,no_youth,publication_status,thumbnail,title,updated_at) values (?,?,?,?,?,?,?)
2024-03-29T17:51:14.001+09:00 DEBUG 2896 --- [    Test worker] org.hibernate.SQL                        : select pd1_0.publishing_day_id,pd1_0.created_at,pd1_0.day,pd1_0.updated_at from publishing_day pd1_0 where pd1_0.day=?
Hibernate: select pd1_0.publishing_day_id,pd1_0.created_at,pd1_0.day,pd1_0.updated_at from publishing_day pd1_0 where pd1_0.day=?
2024-03-29T17:51:14.004+09:00 DEBUG 2896 --- [    Test worker] org.hibernate.SQL                        : insert into webtoon_publishing_day (created_at,publishing_day_id,updated_at,webtoon_id) values (?,?,?,?)
Hibernate: insert into webtoon_publishing_day (created_at,publishing_day_id,updated_at,webtoon_id) values (?,?,?,?)
히든클래스 중력자로 최강을 노린다
2024-03-29T17:51:14.010+09:00 DEBUG 2896 --- [    Test worker] org.hibernate.SQL                        : insert into webtoon (created_at,description,no_youth,publication_status,thumbnail,title,updated_at) values (?,?,?,?,?,?,?)
Hibernate: insert into webtoon (created_at,description,no_youth,publication_status,thumbnail,title,updated_at) values (?,?,?,?,?,?,?)
2024-03-29T17:51:14.018+09:00 DEBUG 2896 --- [    Test worker] org.hibernate.SQL                        : select pd1_0.publishing_day_id,pd1_0.created_at,pd1_0.day,pd1_0.updated_at from publishing_day pd1_0 where pd1_0.day=?
Hibernate: select pd1_0.publishing_day_id,pd1_0.created_at,pd1_0.day,pd1_0.updated_at from publishing_day pd1_0 where pd1_0.day=?
2024-03-29T17:51:14.021+09:00 DEBUG 2896 --- [    Test worker] org.hibernate.SQL                        : insert into webtoon_publishing_day (created_at,publishing_day_id,updated_at,webtoon_id) values (?,?,?,?)
Hibernate: insert into webtoon_publishing_day (created_at,publishing_day_id,updated_at,webtoon_id) values (?,?,?,?)
만물의 영장
2024-03-29T17:51:14.027+09:00 DEBUG 2896 --- [    Test worker] org.hibernate.SQL                        : insert into webtoon (created_at,description,no_youth,publication_status,thumbnail,title,updated_at) values (?,?,?,?,?,?,?)
Hibernate: insert into webtoon (created_at,description,no_youth,publication_status,thumbnail,title,updated_at) values (?,?,?,?,?,?,?)
2024-03-29T17:51:14.034+09:00 DEBUG 2896 --- [    Test worker] org.hibernate.SQL                        : select pd1_0.publishing_day_id,pd1_0.created_at,pd1_0.day,pd1_0.updated_at from publishing_day pd1_0 where pd1_0.day=?
Hibernate: select pd1_0.publishing_day_id,pd1_0.created_at,pd1_0.day,pd1_0.updated_at from publishing_day pd1_0 where pd1_0.day=?
2024-03-29T17:51:14.037+09:00 DEBUG 2896 --- [    Test worker] org.hibernate.SQL                        : insert into webtoon_publishing_day (created_at,publishing_day_id,updated_at,webtoon_id) values (?,?,?,?)
Hibernate: insert into webtoon_publishing_day (created_at,publishing_day_id,updated_at,webtoon_id) values (?,?,?,?)
돈내놔
2024-03-29T17:51:14.044+09:00 DEBUG 2896 --- [    Test worker] org.hibernate.SQL                        : insert into webtoon (created_at,description,no_youth,publication_status,thumbnail,title,updated_at) values (?,?,?,?,?,?,?)
Hibernate: insert into webtoon (created_at,description,no_youth,publication_status,thumbnail,title,updated_at) values (?,?,?,?,?,?,?)
2024-03-29T17:51:14.051+09:00 DEBUG 2896 --- [    Test worker] org.hibernate.SQL                        : select pd1_0.publishing_day_id,pd1_0.created_at,pd1_0.day,pd1_0.updated_at from publishing_day pd1_0 where pd1_0.day=?
Hibernate: select pd1_0.publishing_day_id,pd1_0.created_at,pd1_0.day,pd1_0.updated_at from publishing_day pd1_0 where pd1_0.day=?
2024-03-29T17:51:14.054+09:00 DEBUG 2896 --- [    Test worker] org.hibernate.SQL                        : insert into webtoon_publishing_day (created_at,publishing_day_id,updated_at,webtoon_id) values (?,?,?,?)
Hibernate: insert into webtoon_publishing_day (created_at,publishing_day_id,updated_at,webtoon_id) values (?,?,?,?)
이상한 변호사 우영우
2024-03-29T17:51:14.060+09:00 DEBUG 2896 --- [    Test worker] org.hibernate.SQL                        : insert into webtoon (created_at,description,no_youth,publication_status,thumbnail,title,updated_at) values (?,?,?,?,?,?,?)
Hibernate: insert into webtoon (created_at,description,no_youth,publication_status,thumbnail,title,updated_at) values (?,?,?,?,?,?,?)
2024-03-29T17:51:14.066+09:00 DEBUG 2896 --- [    Test worker] org.hibernate.SQL                        : select pd1_0.publishing_day_id,pd1_0.created_at,pd1_0.day,pd1_0.updated_at from publishing_day pd1_0 where pd1_0.day=?
Hibernate: select pd1_0.publishing_day_id,pd1_0.created_at,pd1_0.day,pd1_0.updated_at from publishing_day pd1_0 where pd1_0.day=?
2024-03-29T17:51:14.070+09:00 DEBUG 2896 --- [    Test worker] org.hibernate.SQL                        : insert into webtoon_publishing_day (created_at,publishing_day_id,updated_at,webtoon_id) values (?,?,?,?)
Hibernate: insert into webtoon_publishing_day (created_at,publishing_day_id,updated_at,webtoon_id) values (?,?,?,?)
당신의 그림자를 그만두었을 때
2024-03-29T17:51:14.076+09:00 DEBUG 2896 --- [    Test worker] org.hibernate.SQL                        : insert into webtoon (created_at,description,no_youth,publication_status,thumbnail,title,updated_at) values (?,?,?,?,?,?,?)
Hibernate: insert into webtoon (created_at,description,no_youth,publication_status,thumbnail,title,updated_at) values (?,?,?,?,?,?,?)
2024-03-29T17:51:14.083+09:00 DEBUG 2896 --- [    Test worker] org.hibernate.SQL                        : select pd1_0.publishing_day_id,pd1_0.created_at,pd1_0.day,pd1_0.updated_at from publishing_day pd1_0 where pd1_0.day=?
Hibernate: select pd1_0.publishing_day_id,pd1_0.created_at,pd1_0.day,pd1_0.updated_at from publishing_day pd1_0 where pd1_0.day=?
2024-03-29T17:51:14.086+09:00 DEBUG 2896 --- [    Test worker] org.hibernate.SQL                        : insert into webtoon_publishing_day (created_at,publishing_day_id,updated_at,webtoon_id) values (?,?,?,?)
Hibernate: insert into webtoon_publishing_day (created_at,publishing_day_id,updated_at,webtoon_id) values (?,?,?,?)
2차전직 스킵용사
2024-03-29T17:51:14.092+09:00 DEBUG 2896 --- [    Test worker] org.hibernate.SQL                        : insert into webtoon (created_at,description,no_youth,publication_status,thumbnail,title,updated_at) values (?,?,?,?,?,?,?)
Hibernate: insert into webtoon (created_at,description,no_youth,publication_status,thumbnail,title,updated_at) values (?,?,?,?,?,?,?)
2024-03-29T17:51:14.100+09:00 DEBUG 2896 --- [    Test worker] org.hibernate.SQL                        : select pd1_0.publishing_day_id,pd1_0.created_at,pd1_0.day,pd1_0.updated_at from publishing_day pd1_0 where pd1_0.day=?
Hibernate: select pd1_0.publishing_day_id,pd1_0.created_at,pd1_0.day,pd1_0.updated_at from publishing_day pd1_0 where pd1_0.day=?
2024-03-29T17:51:14.102+09:00 DEBUG 2896 --- [    Test worker] org.hibernate.SQL                        : insert into webtoon_publishing_day (created_at,publishing_day_id,updated_at,webtoon_id) values (?,?,?,?)
Hibernate: insert into webtoon_publishing_day (created_at,publishing_day_id,updated_at,webtoon_id) values (?,?,?,?)
삼이는 재생한다
2024-03-29T17:51:14.110+09:00 DEBUG 2896 --- [    Test worker] org.hibernate.SQL                        : insert into webtoon (created_at,description,no_youth,publication_status,thumbnail,title,updated_at) values (?,?,?,?,?,?,?)
Hibernate: insert into webtoon (created_at,description,no_youth,publication_status,thumbnail,title,updated_at) values (?,?,?,?,?,?,?)
2024-03-29T17:51:14.119+09:00 DEBUG 2896 --- [    Test worker] org.hibernate.SQL                        : select pd1_0.publishing_day_id,pd1_0.created_at,pd1_0.day,pd1_0.updated_at from publishing_day pd1_0 where pd1_0.day=?
Hibernate: select pd1_0.publishing_day_id,pd1_0.created_at,pd1_0.day,pd1_0.updated_at from publishing_day pd1_0 where pd1_0.day=?
2024-03-29T17:51:14.122+09:00 DEBUG 2896 --- [    Test worker] org.hibernate.SQL                        : insert into webtoon_publishing_day (created_at,publishing_day_id,updated_at,webtoon_id) values (?,?,?,?)
Hibernate: insert into webtoon_publishing_day (created_at,publishing_day_id,updated_at,webtoon_id) values (?,?,?,?)
이세계 탈출
2024-03-29T17:51:14.129+09:00 DEBUG 2896 --- [    Test worker] org.hibernate.SQL                        : insert into webtoon (created_at,description,no_youth,publication_status,thumbnail,title,updated_at) values (?,?,?,?,?,?,?)
Hibernate: insert into webtoon (created_at,description,no_youth,publication_status,thumbnail,title,updated_at) values (?,?,?,?,?,?,?)
2024-03-29T17:51:14.137+09:00 DEBUG 2896 --- [    Test worker] org.hibernate.SQL                        : select pd1_0.publishing_day_id,pd1_0.created_at,pd1_0.day,pd1_0.updated_at from publishing_day pd1_0 where pd1_0.day=?
Hibernate: select pd1_0.publishing_day_id,pd1_0.created_at,pd1_0.day,pd1_0.updated_at from publishing_day pd1_0 where pd1_0.day=?
2024-03-29T17:51:14.140+09:00 DEBUG 2896 --- [    Test worker] org.hibernate.SQL                        : insert into webtoon_publishing_day (created_at,publishing_day_id,updated_at,webtoon_id) values (?,?,?,?)
Hibernate: insert into webtoon_publishing_day (created_at,publishing_day_id,updated_at,webtoon_id) values (?,?,?,?)
쌍둥이 영애가 남장을 하는 이유
2024-03-29T17:51:14.147+09:00 DEBUG 2896 --- [    Test worker] org.hibernate.SQL                        : insert into webtoon (created_at,description,no_youth,publication_status,thumbnail,title,updated_at) values (?,?,?,?,?,?,?)
Hibernate: insert into webtoon (created_at,description,no_youth,publication_status,thumbnail,title,updated_at) values (?,?,?,?,?,?,?)
2024-03-29T17:51:14.156+09:00 DEBUG 2896 --- [    Test worker] org.hibernate.SQL                        : select pd1_0.publishing_day_id,pd1_0.created_at,pd1_0.day,pd1_0.updated_at from publishing_day pd1_0 where pd1_0.day=?
Hibernate: select pd1_0.publishing_day_id,pd1_0.created_at,pd1_0.day,pd1_0.updated_at from publishing_day pd1_0 where pd1_0.day=?
2024-03-29T17:51:14.159+09:00 DEBUG 2896 --- [    Test worker] org.hibernate.SQL                        : insert into webtoon_publishing_day (created_at,publishing_day_id,updated_at,webtoon_id) values (?,?,?,?)
Hibernate: insert into webtoon_publishing_day (created_at,publishing_day_id,updated_at,webtoon_id) values (?,?,?,?)
그 악룡은 무엇을 위해 사는가
2024-03-29T17:51:14.167+09:00 DEBUG 2896 --- [    Test worker] org.hibernate.SQL                        : insert into webtoon (created_at,description,no_youth,publication_status,thumbnail,title,updated_at) values (?,?,?,?,?,?,?)
Hibernate: insert into webtoon (created_at,description,no_youth,publication_status,thumbnail,title,updated_at) values (?,?,?,?,?,?,?)
2024-03-29T17:51:14.176+09:00 DEBUG 2896 --- [    Test worker] org.hibernate.SQL                        : select pd1_0.publishing_day_id,pd1_0.created_at,pd1_0.day,pd1_0.updated_at from publishing_day pd1_0 where pd1_0.day=?
Hibernate: select pd1_0.publishing_day_id,pd1_0.created_at,pd1_0.day,pd1_0.updated_at from publishing_day pd1_0 where pd1_0.day=?
2024-03-29T17:51:14.179+09:00 DEBUG 2896 --- [    Test worker] org.hibernate.SQL                        : insert into webtoon_publishing_day (created_at,publishing_day_id,updated_at,webtoon_id) values (?,?,?,?)
Hibernate: insert into webtoon_publishing_day (created_at,publishing_day_id,updated_at,webtoon_id) values (?,?,?,?)
내가 사랑한 물고기
2024-03-29T17:51:14.188+09:00 DEBUG 2896 --- [    Test worker] org.hibernate.SQL                        : insert into webtoon (created_at,description,no_youth,publication_status,thumbnail,title,updated_at) values (?,?,?,?,?,?,?)
Hibernate: insert into webtoon (created_at,description,no_youth,publication_status,thumbnail,title,updated_at) values (?,?,?,?,?,?,?)
2024-03-29T17:51:14.197+09:00 DEBUG 2896 --- [    Test worker] org.hibernate.SQL                        : select pd1_0.publishing_day_id,pd1_0.created_at,pd1_0.day,pd1_0.updated_at from publishing_day pd1_0 where pd1_0.day=?
Hibernate: select pd1_0.publishing_day_id,pd1_0.created_at,pd1_0.day,pd1_0.updated_at from publishing_day pd1_0 where pd1_0.day=?
2024-03-29T17:51:14.201+09:00 DEBUG 2896 --- [    Test worker] org.hibernate.SQL                        : insert into webtoon_publishing_day (created_at,publishing_day_id,updated_at,webtoon_id) values (?,?,?,?)
Hibernate: insert into webtoon_publishing_day (created_at,publishing_day_id,updated_at,webtoon_id) values (?,?,?,?)
흑막 여주가 날 새엄마로 만들려고 해
2024-03-29T17:51:14.209+09:00 DEBUG 2896 --- [    Test worker] org.hibernate.SQL                        : insert into webtoon (created_at,description,no_youth,publication_status,thumbnail,title,updated_at) values (?,?,?,?,?,?,?)
Hibernate: insert into webtoon (created_at,description,no_youth,publication_status,thumbnail,title,updated_at) values (?,?,?,?,?,?,?)
2024-03-29T17:51:14.217+09:00 DEBUG 2896 --- [    Test worker] org.hibernate.SQL                        : select pd1_0.publishing_day_id,pd1_0.created_at,pd1_0.day,pd1_0.updated_at from publishing_day pd1_0 where pd1_0.day=?
Hibernate: select pd1_0.publishing_day_id,pd1_0.created_at,pd1_0.day,pd1_0.updated_at from publishing_day pd1_0 where pd1_0.day=?
2024-03-29T17:51:14.221+09:00 DEBUG 2896 --- [    Test worker] org.hibernate.SQL                        : insert into webtoon_publishing_day (created_at,publishing_day_id,updated_at,webtoon_id) values (?,?,?,?)
Hibernate: insert into webtoon_publishing_day (created_at,publishing_day_id,updated_at,webtoon_id) values (?,?,?,?)
쿠베라
2024-03-29T17:51:14.228+09:00 DEBUG 2896 --- [    Test worker] org.hibernate.SQL                        : insert into webtoon (created_at,description,no_youth,publication_status,thumbnail,title,updated_at) values (?,?,?,?,?,?,?)
Hibernate: insert into webtoon (created_at,description,no_youth,publication_status,thumbnail,title,updated_at) values (?,?,?,?,?,?,?)
2024-03-29T17:51:14.235+09:00 DEBUG 2896 --- [    Test worker] org.hibernate.SQL                        : select pd1_0.publishing_day_id,pd1_0.created_at,pd1_0.day,pd1_0.updated_at from publishing_day pd1_0 where pd1_0.day=?
Hibernate: select pd1_0.publishing_day_id,pd1_0.created_at,pd1_0.day,pd1_0.updated_at from publishing_day pd1_0 where pd1_0.day=?
2024-03-29T17:51:14.237+09:00 DEBUG 2896 --- [    Test worker] org.hibernate.SQL                        : insert into webtoon_publishing_day (created_at,publishing_day_id,updated_at,webtoon_id) values (?,?,?,?)
Hibernate: insert into webtoon_publishing_day (created_at,publishing_day_id,updated_at,webtoon_id) values (?,?,?,?)
영광의 해일로
2024-03-29T17:51:14.244+09:00 DEBUG 2896 --- [    Test worker] org.hibernate.SQL                        : insert into webtoon (created_at,description,no_youth,publication_status,thumbnail,title,updated_at) values (?,?,?,?,?,?,?)
Hibernate: insert into webtoon (created_at,description,no_youth,publication_status,thumbnail,title,updated_at) values (?,?,?,?,?,?,?)
2024-03-29T17:51:14.251+09:00 DEBUG 2896 --- [    Test worker] org.hibernate.SQL                        : select pd1_0.publishing_day_id,pd1_0.created_at,pd1_0.day,pd1_0.updated_at from publishing_day pd1_0 where pd1_0.day=?
Hibernate: select pd1_0.publishing_day_id,pd1_0.created_at,pd1_0.day,pd1_0.updated_at from publishing_day pd1_0 where pd1_0.day=?
2024-03-29T17:51:14.253+09:00 DEBUG 2896 --- [    Test worker] org.hibernate.SQL                        : insert into webtoon_publishing_day (created_at,publishing_day_id,updated_at,webtoon_id) values (?,?,?,?)
Hibernate: insert into webtoon_publishing_day (created_at,publishing_day_id,updated_at,webtoon_id) values (?,?,?,?)
35cm
2024-03-29T17:51:14.259+09:00 DEBUG 2896 --- [    Test worker] org.hibernate.SQL                        : insert into webtoon (created_at,description,no_youth,publication_status,thumbnail,title,updated_at) values (?,?,?,?,?,?,?)
Hibernate: insert into webtoon (created_at,description,no_youth,publication_status,thumbnail,title,updated_at) values (?,?,?,?,?,?,?)
2024-03-29T17:51:14.266+09:00 DEBUG 2896 --- [    Test worker] org.hibernate.SQL                        : select pd1_0.publishing_day_id,pd1_0.created_at,pd1_0.day,pd1_0.updated_at from publishing_day pd1_0 where pd1_0.day=?
Hibernate: select pd1_0.publishing_day_id,pd1_0.created_at,pd1_0.day,pd1_0.updated_at from publishing_day pd1_0 where pd1_0.day=?
2024-03-29T17:51:14.270+09:00 DEBUG 2896 --- [    Test worker] org.hibernate.SQL                        : insert into webtoon_publishing_day (created_at,publishing_day_id,updated_at,webtoon_id) values (?,?,?,?)
Hibernate: insert into webtoon_publishing_day (created_at,publishing_day_id,updated_at,webtoon_id) values (?,?,?,?)
너와 XX
2024-03-29T17:51:14.277+09:00 DEBUG 2896 --- [    Test worker] org.hibernate.SQL                        : insert into webtoon (created_at,description,no_youth,publication_status,thumbnail,title,updated_at) values (?,?,?,?,?,?,?)
Hibernate: insert into webtoon (created_at,description,no_youth,publication_status,thumbnail,title,updated_at) values (?,?,?,?,?,?,?)
2024-03-29T17:51:14.284+09:00 DEBUG 2896 --- [    Test worker] org.hibernate.SQL                        : select pd1_0.publishing_day_id,pd1_0.created_at,pd1_0.day,pd1_0.updated_at from publishing_day pd1_0 where pd1_0.day=?
Hibernate: select pd1_0.publishing_day_id,pd1_0.created_at,pd1_0.day,pd1_0.updated_at from publishing_day pd1_0 where pd1_0.day=?
2024-03-29T17:51:14.287+09:00 DEBUG 2896 --- [    Test worker] org.hibernate.SQL                        : insert into webtoon_publishing_day (created_at,publishing_day_id,updated_at,webtoon_id) values (?,?,?,?)
Hibernate: insert into webtoon_publishing_day (created_at,publishing_day_id,updated_at,webtoon_id) values (?,?,?,?)
베니루 BAENIRU
2024-03-29T17:51:14.294+09:00 DEBUG 2896 --- [    Test worker] org.hibernate.SQL                        : insert into webtoon (created_at,description,no_youth,publication_status,thumbnail,title,updated_at) values (?,?,?,?,?,?,?)
Hibernate: insert into webtoon (created_at,description,no_youth,publication_status,thumbnail,title,updated_at) values (?,?,?,?,?,?,?)
2024-03-29T17:51:14.302+09:00 DEBUG 2896 --- [    Test worker] org.hibernate.SQL                        : select pd1_0.publishing_day_id,pd1_0.created_at,pd1_0.day,pd1_0.updated_at from publishing_day pd1_0 where pd1_0.day=?
Hibernate: select pd1_0.publishing_day_id,pd1_0.created_at,pd1_0.day,pd1_0.updated_at from publishing_day pd1_0 where pd1_0.day=?
2024-03-29T17:51:14.305+09:00 DEBUG 2896 --- [    Test worker] org.hibernate.SQL                        : insert into webtoon_publishing_day (created_at,publishing_day_id,updated_at,webtoon_id) values (?,?,?,?)
Hibernate: insert into webtoon_publishing_day (created_at,publishing_day_id,updated_at,webtoon_id) values (?,?,?,?)
따개비
2024-03-29T17:51:14.311+09:00 DEBUG 2896 --- [    Test worker] org.hibernate.SQL                        : insert into webtoon (created_at,description,no_youth,publication_status,thumbnail,title,updated_at) values (?,?,?,?,?,?,?)
Hibernate: insert into webtoon (created_at,description,no_youth,publication_status,thumbnail,title,updated_at) values (?,?,?,?,?,?,?)
2024-03-29T17:51:14.320+09:00 DEBUG 2896 --- [    Test worker] org.hibernate.SQL                        : select pd1_0.publishing_day_id,pd1_0.created_at,pd1_0.day,pd1_0.updated_at from publishing_day pd1_0 where pd1_0.day=?
Hibernate: select pd1_0.publishing_day_id,pd1_0.created_at,pd1_0.day,pd1_0.updated_at from publishing_day pd1_0 where pd1_0.day=?
2024-03-29T17:51:14.322+09:00 DEBUG 2896 --- [    Test worker] org.hibernate.SQL                        : insert into webtoon_publishing_day (created_at,publishing_day_id,updated_at,webtoon_id) values (?,?,?,?)
Hibernate: insert into webtoon_publishing_day (created_at,publishing_day_id,updated_at,webtoon_id) values (?,?,?,?)
학생만 하면 안 될까요?
2024-03-29T17:51:14.329+09:00 DEBUG 2896 --- [    Test worker] org.hibernate.SQL                        : insert into webtoon (created_at,description,no_youth,publication_status,thumbnail,title,updated_at) values (?,?,?,?,?,?,?)
Hibernate: insert into webtoon (created_at,description,no_youth,publication_status,thumbnail,title,updated_at) values (?,?,?,?,?,?,?)
2024-03-29T17:51:14.338+09:00 DEBUG 2896 --- [    Test worker] org.hibernate.SQL                        : select pd1_0.publishing_day_id,pd1_0.created_at,pd1_0.day,pd1_0.updated_at from publishing_day pd1_0 where pd1_0.day=?
Hibernate: select pd1_0.publishing_day_id,pd1_0.created_at,pd1_0.day,pd1_0.updated_at from publishing_day pd1_0 where pd1_0.day=?
2024-03-29T17:51:14.341+09:00 DEBUG 2896 --- [    Test worker] org.hibernate.SQL                        : insert into webtoon_publishing_day (created_at,publishing_day_id,updated_at,webtoon_id) values (?,?,?,?)
Hibernate: insert into webtoon_publishing_day (created_at,publishing_day_id,updated_at,webtoon_id) values (?,?,?,?)
황제사냥
2024-03-29T17:51:14.350+09:00 DEBUG 2896 --- [    Test worker] org.hibernate.SQL                        : insert into webtoon (created_at,description,no_youth,publication_status,thumbnail,title,updated_at) values (?,?,?,?,?,?,?)
Hibernate: insert into webtoon (created_at,description,no_youth,publication_status,thumbnail,title,updated_at) values (?,?,?,?,?,?,?)
2024-03-29T17:51:14.360+09:00 DEBUG 2896 --- [    Test worker] org.hibernate.SQL                        : select pd1_0.publishing_day_id,pd1_0.created_at,pd1_0.day,pd1_0.updated_at from publishing_day pd1_0 where pd1_0.day=?
Hibernate: select pd1_0.publishing_day_id,pd1_0.created_at,pd1_0.day,pd1_0.updated_at from publishing_day pd1_0 where pd1_0.day=?
2024-03-29T17:51:14.364+09:00 DEBUG 2896 --- [    Test worker] org.hibernate.SQL                        : insert into webtoon_publishing_day (created_at,publishing_day_id,updated_at,webtoon_id) values (?,?,?,?)
Hibernate: insert into webtoon_publishing_day (created_at,publishing_day_id,updated_at,webtoon_id) values (?,?,?,?)
더티드레스
2024-03-29T17:51:14.374+09:00 DEBUG 2896 --- [    Test worker] org.hibernate.SQL                        : insert into webtoon (created_at,description,no_youth,publication_status,thumbnail,title,updated_at) values (?,?,?,?,?,?,?)
Hibernate: insert into webtoon (created_at,description,no_youth,publication_status,thumbnail,title,updated_at) values (?,?,?,?,?,?,?)
2024-03-29T17:51:14.384+09:00 DEBUG 2896 --- [    Test worker] org.hibernate.SQL                        : select pd1_0.publishing_day_id,pd1_0.created_at,pd1_0.day,pd1_0.updated_at from publishing_day pd1_0 where pd1_0.day=?
Hibernate: select pd1_0.publishing_day_id,pd1_0.created_at,pd1_0.day,pd1_0.updated_at from publishing_day pd1_0 where pd1_0.day=?
2024-03-29T17:51:14.387+09:00 DEBUG 2896 --- [    Test worker] org.hibernate.SQL                        : insert into webtoon_publishing_day (created_at,publishing_day_id,updated_at,webtoon_id) values (?,?,?,?)
Hibernate: insert into webtoon_publishing_day (created_at,publishing_day_id,updated_at,webtoon_id) values (?,?,?,?)
카루나
2024-03-29T17:51:14.395+09:00 DEBUG 2896 --- [    Test worker] org.hibernate.SQL                        : insert into webtoon (created_at,description,no_youth,publication_status,thumbnail,title,updated_at) values (?,?,?,?,?,?,?)
Hibernate: insert into webtoon (created_at,description,no_youth,publication_status,thumbnail,title,updated_at) values (?,?,?,?,?,?,?)
2024-03-29T17:51:14.405+09:00 DEBUG 2896 --- [    Test worker] org.hibernate.SQL                        : select pd1_0.publishing_day_id,pd1_0.created_at,pd1_0.day,pd1_0.updated_at from publishing_day pd1_0 where pd1_0.day=?
Hibernate: select pd1_0.publishing_day_id,pd1_0.created_at,pd1_0.day,pd1_0.updated_at from publishing_day pd1_0 where pd1_0.day=?
2024-03-29T17:51:14.407+09:00 DEBUG 2896 --- [    Test worker] org.hibernate.SQL                        : insert into webtoon_publishing_day (created_at,publishing_day_id,updated_at,webtoon_id) values (?,?,?,?)
Hibernate: insert into webtoon_publishing_day (created_at,publishing_day_id,updated_at,webtoon_id) values (?,?,?,?)
보물과 괴물의 도시
2024-03-29T17:51:14.414+09:00 DEBUG 2896 --- [    Test worker] org.hibernate.SQL                        : insert into webtoon (created_at,description,no_youth,publication_status,thumbnail,title,updated_at) values (?,?,?,?,?,?,?)
Hibernate: insert into webtoon (created_at,description,no_youth,publication_status,thumbnail,title,updated_at) values (?,?,?,?,?,?,?)
2024-03-29T17:51:14.423+09:00 DEBUG 2896 --- [    Test worker] org.hibernate.SQL                        : select pd1_0.publishing_day_id,pd1_0.created_at,pd1_0.day,pd1_0.updated_at from publishing_day pd1_0 where pd1_0.day=?
Hibernate: select pd1_0.publishing_day_id,pd1_0.created_at,pd1_0.day,pd1_0.updated_at from publishing_day pd1_0 where pd1_0.day=?
2024-03-29T17:51:14.425+09:00 DEBUG 2896 --- [    Test worker] org.hibernate.SQL                        : insert into webtoon_publishing_day (created_at,publishing_day_id,updated_at,webtoon_id) values (?,?,?,?)
Hibernate: insert into webtoon_publishing_day (created_at,publishing_day_id,updated_at,webtoon_id) values (?,?,?,?)
여친을 찾아서
2024-03-29T17:51:14.433+09:00 DEBUG 2896 --- [    Test worker] org.hibernate.SQL                        : insert into webtoon (created_at,description,no_youth,publication_status,thumbnail,title,updated_at) values (?,?,?,?,?,?,?)
Hibernate: insert into webtoon (created_at,description,no_youth,publication_status,thumbnail,title,updated_at) values (?,?,?,?,?,?,?)
2024-03-29T17:51:14.446+09:00 DEBUG 2896 --- [    Test worker] org.hibernate.SQL                        : select pd1_0.publishing_day_id,pd1_0.created_at,pd1_0.day,pd1_0.updated_at from publishing_day pd1_0 where pd1_0.day=?
Hibernate: select pd1_0.publishing_day_id,pd1_0.created_at,pd1_0.day,pd1_0.updated_at from publishing_day pd1_0 where pd1_0.day=?
2024-03-29T17:51:14.449+09:00 DEBUG 2896 --- [    Test worker] org.hibernate.SQL                        : insert into webtoon_publishing_day (created_at,publishing_day_id,updated_at,webtoon_id) values (?,?,?,?)
Hibernate: insert into webtoon_publishing_day (created_at,publishing_day_id,updated_at,webtoon_id) values (?,?,?,?)
유월의 소한
2024-03-29T17:51:14.458+09:00 DEBUG 2896 --- [    Test worker] org.hibernate.SQL                        : insert into webtoon (created_at,description,no_youth,publication_status,thumbnail,title,updated_at) values (?,?,?,?,?,?,?)
Hibernate: insert into webtoon (created_at,description,no_youth,publication_status,thumbnail,title,updated_at) values (?,?,?,?,?,?,?)
2024-03-29T17:51:14.465+09:00 DEBUG 2896 --- [    Test worker] org.hibernate.SQL                        : select pd1_0.publishing_day_id,pd1_0.created_at,pd1_0.day,pd1_0.updated_at from publishing_day pd1_0 where pd1_0.day=?
Hibernate: select pd1_0.publishing_day_id,pd1_0.created_at,pd1_0.day,pd1_0.updated_at from publishing_day pd1_0 where pd1_0.day=?
2024-03-29T17:51:14.468+09:00 DEBUG 2896 --- [    Test worker] org.hibernate.SQL                        : insert into webtoon_publishing_day (created_at,publishing_day_id,updated_at,webtoon_id) values (?,?,?,?)
Hibernate: insert into webtoon_publishing_day (created_at,publishing_day_id,updated_at,webtoon_id) values (?,?,?,?)
일진만화에서 살아남기
2024-03-29T17:51:14.477+09:00 DEBUG 2896 --- [    Test worker] org.hibernate.SQL                        : insert into webtoon (created_at,description,no_youth,publication_status,thumbnail,title,updated_at) values (?,?,?,?,?,?,?)
Hibernate: insert into webtoon (created_at,description,no_youth,publication_status,thumbnail,title,updated_at) values (?,?,?,?,?,?,?)
2024-03-29T17:51:14.486+09:00 DEBUG 2896 --- [    Test worker] org.hibernate.SQL                        : select pd1_0.publishing_day_id,pd1_0.created_at,pd1_0.day,pd1_0.updated_at from publishing_day pd1_0 where pd1_0.day=?
Hibernate: select pd1_0.publishing_day_id,pd1_0.created_at,pd1_0.day,pd1_0.updated_at from publishing_day pd1_0 where pd1_0.day=?
2024-03-29T17:51:14.488+09:00 DEBUG 2896 --- [    Test worker] org.hibernate.SQL                        : insert into webtoon_publishing_day (created_at,publishing_day_id,updated_at,webtoon_id) values (?,?,?,?)
Hibernate: insert into webtoon_publishing_day (created_at,publishing_day_id,updated_at,webtoon_id) values (?,?,?,?)
"첫사랑
2024-03-29T17:51:14.496+09:00 DEBUG 2896 --- [    Test worker] org.hibernate.SQL                        : insert into webtoon (created_at,description,no_youth,publication_status,thumbnail,title,updated_at) values (?,?,?,?,?,?,?)
Hibernate: insert into webtoon (created_at,description,no_youth,publication_status,thumbnail,title,updated_at) values (?,?,?,?,?,?,?)
2024-03-29T17:51:14.509+09:00 DEBUG 2896 --- [    Test worker] org.hibernate.SQL                        : select pd1_0.publishing_day_id,pd1_0.created_at,pd1_0.day,pd1_0.updated_at from publishing_day pd1_0 where pd1_0.day=?
Hibernate: select pd1_0.publishing_day_id,pd1_0.created_at,pd1_0.day,pd1_0.updated_at from publishing_day pd1_0 where pd1_0.day=?
2024-03-29T17:51:14.512+09:00 DEBUG 2896 --- [    Test worker] org.hibernate.SQL                        : insert into webtoon_publishing_day (created_at,publishing_day_id,updated_at,webtoon_id) values (?,?,?,?)
Hibernate: insert into webtoon_publishing_day (created_at,publishing_day_id,updated_at,webtoon_id) values (?,?,?,?)
사랑하는 여배우들
2024-03-29T17:51:14.521+09:00 DEBUG 2896 --- [    Test worker] org.hibernate.SQL                        : insert into webtoon (created_at,description,no_youth,publication_status,thumbnail,title,updated_at) values (?,?,?,?,?,?,?)
Hibernate: insert into webtoon (created_at,description,no_youth,publication_status,thumbnail,title,updated_at) values (?,?,?,?,?,?,?)
2024-03-29T17:51:14.529+09:00 DEBUG 2896 --- [    Test worker] org.hibernate.SQL                        : select pd1_0.publishing_day_id,pd1_0.created_at,pd1_0.day,pd1_0.updated_at from publishing_day pd1_0 where pd1_0.day=?
Hibernate: select pd1_0.publishing_day_id,pd1_0.created_at,pd1_0.day,pd1_0.updated_at from publishing_day pd1_0 where pd1_0.day=?
2024-03-29T17:51:14.532+09:00 DEBUG 2896 --- [    Test worker] org.hibernate.SQL                        : insert into webtoon_publishing_day (created_at,publishing_day_id,updated_at,webtoon_id) values (?,?,?,?)
Hibernate: insert into webtoon_publishing_day (created_at,publishing_day_id,updated_at,webtoon_id) values (?,?,?,?)
권리행사자
2024-03-29T17:51:14.538+09:00 DEBUG 2896 --- [    Test worker] org.hibernate.SQL                        : insert into webtoon (created_at,description,no_youth,publication_status,thumbnail,title,updated_at) values (?,?,?,?,?,?,?)
Hibernate: insert into webtoon (created_at,description,no_youth,publication_status,thumbnail,title,updated_at) values (?,?,?,?,?,?,?)
2024-03-29T17:51:14.547+09:00 DEBUG 2896 --- [    Test worker] org.hibernate.SQL                        : select pd1_0.publishing_day_id,pd1_0.created_at,pd1_0.day,pd1_0.updated_at from publishing_day pd1_0 where pd1_0.day=?
Hibernate: select pd1_0.publishing_day_id,pd1_0.created_at,pd1_0.day,pd1_0.updated_at from publishing_day pd1_0 where pd1_0.day=?
2024-03-29T17:51:14.550+09:00 DEBUG 2896 --- [    Test worker] org.hibernate.SQL                        : insert into webtoon_publishing_day (created_at,publishing_day_id,updated_at,webtoon_id) values (?,?,?,?)
Hibernate: insert into webtoon_publishing_day (created_at,publishing_day_id,updated_at,webtoon_id) values (?,?,?,?)
괴물의 바다
2024-03-29T17:51:14.557+09:00 DEBUG 2896 --- [    Test worker] org.hibernate.SQL                        : insert into webtoon (created_at,description,no_youth,publication_status,thumbnail,title,updated_at) values (?,?,?,?,?,?,?)
Hibernate: insert into webtoon (created_at,description,no_youth,publication_status,thumbnail,title,updated_at) values (?,?,?,?,?,?,?)
2024-03-29T17:51:14.565+09:00 DEBUG 2896 --- [    Test worker] org.hibernate.SQL                        : select pd1_0.publishing_day_id,pd1_0.created_at,pd1_0.day,pd1_0.updated_at from publishing_day pd1_0 where pd1_0.day=?
Hibernate: select pd1_0.publishing_day_id,pd1_0.created_at,pd1_0.day,pd1_0.updated_at from publishing_day pd1_0 where pd1_0.day=?
2024-03-29T17:51:14.568+09:00 DEBUG 2896 --- [    Test worker] org.hibernate.SQL                        : insert into webtoon_publishing_day (created_at,publishing_day_id,updated_at,webtoon_id) values (?,?,?,?)
Hibernate: insert into webtoon_publishing_day (created_at,publishing_day_id,updated_at,webtoon_id) values (?,?,?,?)
"엔딩
2024-03-29T17:51:14.575+09:00 DEBUG 2896 --- [    Test worker] org.hibernate.SQL                        : insert into webtoon (created_at,description,no_youth,publication_status,thumbnail,title,updated_at) values (?,?,?,?,?,?,?)
Hibernate: insert into webtoon (created_at,description,no_youth,publication_status,thumbnail,title,updated_at) values (?,?,?,?,?,?,?)
2024-03-29T17:51:14.584+09:00 DEBUG 2896 --- [    Test worker] org.hibernate.SQL                        : select pd1_0.publishing_day_id,pd1_0.created_at,pd1_0.day,pd1_0.updated_at from publishing_day pd1_0 where pd1_0.day=?
Hibernate: select pd1_0.publishing_day_id,pd1_0.created_at,pd1_0.day,pd1_0.updated_at from publishing_day pd1_0 where pd1_0.day=?
2024-03-29T17:51:14.587+09:00 DEBUG 2896 --- [    Test worker] org.hibernate.SQL                        : insert into webtoon_publishing_day (created_at,publishing_day_id,updated_at,webtoon_id) values (?,?,?,?)
Hibernate: insert into webtoon_publishing_day (created_at,publishing_day_id,updated_at,webtoon_id) values (?,?,?,?)
잘못된 연애
2024-03-29T17:51:14.595+09:00 DEBUG 2896 --- [    Test worker] org.hibernate.SQL                        : insert into webtoon (created_at,description,no_youth,publication_status,thumbnail,title,updated_at) values (?,?,?,?,?,?,?)
Hibernate: insert into webtoon (created_at,description,no_youth,publication_status,thumbnail,title,updated_at) values (?,?,?,?,?,?,?)
2024-03-29T17:51:14.604+09:00 DEBUG 2896 --- [    Test worker] org.hibernate.SQL                        : select pd1_0.publishing_day_id,pd1_0.created_at,pd1_0.day,pd1_0.updated_at from publishing_day pd1_0 where pd1_0.day=?
Hibernate: select pd1_0.publishing_day_id,pd1_0.created_at,pd1_0.day,pd1_0.updated_at from publishing_day pd1_0 where pd1_0.day=?
2024-03-29T17:51:14.607+09:00 DEBUG 2896 --- [    Test worker] org.hibernate.SQL                        : insert into webtoon_publishing_day (created_at,publishing_day_id,updated_at,webtoon_id) values (?,?,?,?)
Hibernate: insert into webtoon_publishing_day (created_at,publishing_day_id,updated_at,webtoon_id) values (?,?,?,?)
올빼미와 여름 하늘
2024-03-29T17:51:14.614+09:00 DEBUG 2896 --- [    Test worker] org.hibernate.SQL                        : insert into webtoon (created_at,description,no_youth,publication_status,thumbnail,title,updated_at) values (?,?,?,?,?,?,?)
Hibernate: insert into webtoon (created_at,description,no_youth,publication_status,thumbnail,title,updated_at) values (?,?,?,?,?,?,?)
2024-03-29T17:51:14.622+09:00 DEBUG 2896 --- [    Test worker] org.hibernate.SQL                        : select pd1_0.publishing_day_id,pd1_0.created_at,pd1_0.day,pd1_0.updated_at from publishing_day pd1_0 where pd1_0.day=?
Hibernate: select pd1_0.publishing_day_id,pd1_0.created_at,pd1_0.day,pd1_0.updated_at from publishing_day pd1_0 where pd1_0.day=?
2024-03-29T17:51:14.625+09:00 DEBUG 2896 --- [    Test worker] org.hibernate.SQL                        : insert into webtoon_publishing_day (created_at,publishing_day_id,updated_at,webtoon_id) values (?,?,?,?)
Hibernate: insert into webtoon_publishing_day (created_at,publishing_day_id,updated_at,webtoon_id) values (?,?,?,?)
미라주
2024-03-29T17:51:14.632+09:00 DEBUG 2896 --- [    Test worker] org.hibernate.SQL                        : insert into webtoon (created_at,description,no_youth,publication_status,thumbnail,title,updated_at) values (?,?,?,?,?,?,?)
Hibernate: insert into webtoon (created_at,description,no_youth,publication_status,thumbnail,title,updated_at) values (?,?,?,?,?,?,?)
2024-03-29T17:51:14.640+09:00 DEBUG 2896 --- [    Test worker] org.hibernate.SQL                        : select pd1_0.publishing_day_id,pd1_0.created_at,pd1_0.day,pd1_0.updated_at from publishing_day pd1_0 where pd1_0.day=?
Hibernate: select pd1_0.publishing_day_id,pd1_0.created_at,pd1_0.day,pd1_0.updated_at from publishing_day pd1_0 where pd1_0.day=?
2024-03-29T17:51:14.643+09:00 DEBUG 2896 --- [    Test worker] org.hibernate.SQL                        : insert into webtoon_publishing_day (created_at,publishing_day_id,updated_at,webtoon_id) values (?,?,?,?)
Hibernate: insert into webtoon_publishing_day (created_at,publishing_day_id,updated_at,webtoon_id) values (?,?,?,?)
사기 친 공작님을 유혹해버렸다
2024-03-29T17:51:14.651+09:00 DEBUG 2896 --- [    Test worker] org.hibernate.SQL                        : insert into webtoon (created_at,description,no_youth,publication_status,thumbnail,title,updated_at) values (?,?,?,?,?,?,?)
Hibernate: insert into webtoon (created_at,description,no_youth,publication_status,thumbnail,title,updated_at) values (?,?,?,?,?,?,?)
2024-03-29T17:51:14.660+09:00 DEBUG 2896 --- [    Test worker] org.hibernate.SQL                        : select pd1_0.publishing_day_id,pd1_0.created_at,pd1_0.day,pd1_0.updated_at from publishing_day pd1_0 where pd1_0.day=?
Hibernate: select pd1_0.publishing_day_id,pd1_0.created_at,pd1_0.day,pd1_0.updated_at from publishing_day pd1_0 where pd1_0.day=?
2024-03-29T17:51:14.663+09:00 DEBUG 2896 --- [    Test worker] org.hibernate.SQL                        : insert into webtoon_publishing_day (created_at,publishing_day_id,updated_at,webtoon_id) values (?,?,?,?)
Hibernate: insert into webtoon_publishing_day (created_at,publishing_day_id,updated_at,webtoon_id) values (?,?,?,?)
좋아? 죽어!
2024-03-29T17:51:14.670+09:00 DEBUG 2896 --- [    Test worker] org.hibernate.SQL                        : insert into webtoon (created_at,description,no_youth,publication_status,thumbnail,title,updated_at) values (?,?,?,?,?,?,?)
Hibernate: insert into webtoon (created_at,description,no_youth,publication_status,thumbnail,title,updated_at) values (?,?,?,?,?,?,?)
2024-03-29T17:51:14.679+09:00 DEBUG 2896 --- [    Test worker] org.hibernate.SQL                        : select pd1_0.publishing_day_id,pd1_0.created_at,pd1_0.day,pd1_0.updated_at from publishing_day pd1_0 where pd1_0.day=?
Hibernate: select pd1_0.publishing_day_id,pd1_0.created_at,pd1_0.day,pd1_0.updated_at from publishing_day pd1_0 where pd1_0.day=?
2024-03-29T17:51:14.682+09:00 DEBUG 2896 --- [    Test worker] org.hibernate.SQL                        : insert into webtoon_publishing_day (created_at,publishing_day_id,updated_at,webtoon_id) values (?,?,?,?)
Hibernate: insert into webtoon_publishing_day (created_at,publishing_day_id,updated_at,webtoon_id) values (?,?,?,?)
김부장
2024-03-29T17:51:14.689+09:00 DEBUG 2896 --- [    Test worker] org.hibernate.SQL                        : insert into webtoon (created_at,description,no_youth,publication_status,thumbnail,title,updated_at) values (?,?,?,?,?,?,?)
Hibernate: insert into webtoon (created_at,description,no_youth,publication_status,thumbnail,title,updated_at) values (?,?,?,?,?,?,?)
2024-03-29T17:51:14.696+09:00 DEBUG 2896 --- [    Test worker] org.hibernate.SQL                        : select pd1_0.publishing_day_id,pd1_0.created_at,pd1_0.day,pd1_0.updated_at from publishing_day pd1_0 where pd1_0.day=?
Hibernate: select pd1_0.publishing_day_id,pd1_0.created_at,pd1_0.day,pd1_0.updated_at from publishing_day pd1_0 where pd1_0.day=?
2024-03-29T17:51:14.699+09:00 DEBUG 2896 --- [    Test worker] org.hibernate.SQL                        : insert into webtoon_publishing_day (created_at,publishing_day_id,updated_at,webtoon_id) values (?,?,?,?)
Hibernate: insert into webtoon_publishing_day (created_at,publishing_day_id,updated_at,webtoon_id) values (?,?,?,?)
마음의소리2
2024-03-29T17:51:14.707+09:00 DEBUG 2896 --- [    Test worker] org.hibernate.SQL                        : insert into webtoon (created_at,description,no_youth,publication_status,thumbnail,title,updated_at) values (?,?,?,?,?,?,?)
Hibernate: insert into webtoon (created_at,description,no_youth,publication_status,thumbnail,title,updated_at) values (?,?,?,?,?,?,?)
2024-03-29T17:51:14.715+09:00 DEBUG 2896 --- [    Test worker] org.hibernate.SQL                        : select pd1_0.publishing_day_id,pd1_0.created_at,pd1_0.day,pd1_0.updated_at from publishing_day pd1_0 where pd1_0.day=?
Hibernate: select pd1_0.publishing_day_id,pd1_0.created_at,pd1_0.day,pd1_0.updated_at from publishing_day pd1_0 where pd1_0.day=?
2024-03-29T17:51:14.718+09:00 DEBUG 2896 --- [    Test worker] org.hibernate.SQL                        : insert into webtoon_publishing_day (created_at,publishing_day_id,updated_at,webtoon_id) values (?,?,?,?)
Hibernate: insert into webtoon_publishing_day (created_at,publishing_day_id,updated_at,webtoon_id) values (?,?,?,?)
서울 자가에 대기업 다니는 김 부장 이야기
2024-03-29T17:51:14.725+09:00 DEBUG 2896 --- [    Test worker] org.hibernate.SQL                        : insert into webtoon (created_at,description,no_youth,publication_status,thumbnail,title,updated_at) values (?,?,?,?,?,?,?)
Hibernate: insert into webtoon (created_at,description,no_youth,publication_status,thumbnail,title,updated_at) values (?,?,?,?,?,?,?)
2024-03-29T17:51:14.734+09:00 DEBUG 2896 --- [    Test worker] org.hibernate.SQL                        : select pd1_0.publishing_day_id,pd1_0.created_at,pd1_0.day,pd1_0.updated_at from publishing_day pd1_0 where pd1_0.day=?
Hibernate: select pd1_0.publishing_day_id,pd1_0.created_at,pd1_0.day,pd1_0.updated_at from publishing_day pd1_0 where pd1_0.day=?
2024-03-29T17:51:14.737+09:00 DEBUG 2896 --- [    Test worker] org.hibernate.SQL                        : insert into webtoon_publishing_day (created_at,publishing_day_id,updated_at,webtoon_id) values (?,?,?,?)
Hibernate: insert into webtoon_publishing_day (created_at,publishing_day_id,updated_at,webtoon_id) values (?,?,?,?)
내가 키운 S급들
2024-03-29T17:51:14.744+09:00 DEBUG 2896 --- [    Test worker] org.hibernate.SQL                        : insert into webtoon (created_at,description,no_youth,publication_status,thumbnail,title,updated_at) values (?,?,?,?,?,?,?)
Hibernate: insert into webtoon (created_at,description,no_youth,publication_status,thumbnail,title,updated_at) values (?,?,?,?,?,?,?)
2024-03-29T17:51:14.751+09:00 DEBUG 2896 --- [    Test worker] org.hibernate.SQL                        : select pd1_0.publishing_day_id,pd1_0.created_at,pd1_0.day,pd1_0.updated_at from publishing_day pd1_0 where pd1_0.day=?
Hibernate: select pd1_0.publishing_day_id,pd1_0.created_at,pd1_0.day,pd1_0.updated_at from publishing_day pd1_0 where pd1_0.day=?
2024-03-29T17:51:14.754+09:00 DEBUG 2896 --- [    Test worker] org.hibernate.SQL                        : insert into webtoon_publishing_day (created_at,publishing_day_id,updated_at,webtoon_id) values (?,?,?,?)
Hibernate: insert into webtoon_publishing_day (created_at,publishing_day_id,updated_at,webtoon_id) values (?,?,?,?)
마루는 강쥐
2024-03-29T17:51:14.763+09:00 DEBUG 2896 --- [    Test worker] org.hibernate.SQL                        : insert into webtoon (created_at,description,no_youth,publication_status,thumbnail,title,updated_at) values (?,?,?,?,?,?,?)
Hibernate: insert into webtoon (created_at,description,no_youth,publication_status,thumbnail,title,updated_at) values (?,?,?,?,?,?,?)
2024-03-29T17:51:14.772+09:00 DEBUG 2896 --- [    Test worker] org.hibernate.SQL                        : select pd1_0.publishing_day_id,pd1_0.created_at,pd1_0.day,pd1_0.updated_at from publishing_day pd1_0 where pd1_0.day=?
Hibernate: select pd1_0.publishing_day_id,pd1_0.created_at,pd1_0.day,pd1_0.updated_at from publishing_day pd1_0 where pd1_0.day=?
2024-03-29T17:51:14.776+09:00 DEBUG 2896 --- [    Test worker] org.hibernate.SQL                        : insert into webtoon_publishing_day (created_at,publishing_day_id,updated_at,webtoon_id) values (?,?,?,?)
Hibernate: insert into webtoon_publishing_day (created_at,publishing_day_id,updated_at,webtoon_id) values (?,?,?,?)
사신소년
2024-03-29T17:51:14.784+09:00 DEBUG 2896 --- [    Test worker] org.hibernate.SQL                        : insert into webtoon (created_at,description,no_youth,publication_status,thumbnail,title,updated_at) values (?,?,?,?,?,?,?)
Hibernate: insert into webtoon (created_at,description,no_youth,publication_status,thumbnail,title,updated_at) values (?,?,?,?,?,?,?)
2024-03-29T17:51:14.792+09:00 DEBUG 2896 --- [    Test worker] org.hibernate.SQL                        : select pd1_0.publishing_day_id,pd1_0.created_at,pd1_0.day,pd1_0.updated_at from publishing_day pd1_0 where pd1_0.day=?
Hibernate: select pd1_0.publishing_day_id,pd1_0.created_at,pd1_0.day,pd1_0.updated_at from publishing_day pd1_0 where pd1_0.day=?
2024-03-29T17:51:14.795+09:00 DEBUG 2896 --- [    Test worker] org.hibernate.SQL                        : insert into webtoon_publishing_day (created_at,publishing_day_id,updated_at,webtoon_id) values (?,?,?,?)
Hibernate: insert into webtoon_publishing_day (created_at,publishing_day_id,updated_at,webtoon_id) values (?,?,?,?)
멸망 이후의 세계
2024-03-29T17:51:14.803+09:00 DEBUG 2896 --- [    Test worker] org.hibernate.SQL                        : insert into webtoon (created_at,description,no_youth,publication_status,thumbnail,title,updated_at) values (?,?,?,?,?,?,?)
Hibernate: insert into webtoon (created_at,description,no_youth,publication_status,thumbnail,title,updated_at) values (?,?,?,?,?,?,?)
2024-03-29T17:51:14.810+09:00 DEBUG 2896 --- [    Test worker] org.hibernate.SQL                        : select pd1_0.publishing_day_id,pd1_0.created_at,pd1_0.day,pd1_0.updated_at from publishing_day pd1_0 where pd1_0.day=?
Hibernate: select pd1_0.publishing_day_id,pd1_0.created_at,pd1_0.day,pd1_0.updated_at from publishing_day pd1_0 where pd1_0.day=?
2024-03-29T17:51:14.812+09:00 DEBUG 2896 --- [    Test worker] org.hibernate.SQL                        : insert into webtoon_publishing_day (created_at,publishing_day_id,updated_at,webtoon_id) values (?,?,?,?)
Hibernate: insert into webtoon_publishing_day (created_at,publishing_day_id,updated_at,webtoon_id) values (?,?,?,?)
괴력 난신
2024-03-29T17:51:14.818+09:00 DEBUG 2896 --- [    Test worker] org.hibernate.SQL                        : insert into webtoon (created_at,description,no_youth,publication_status,thumbnail,title,updated_at) values (?,?,?,?,?,?,?)
Hibernate: insert into webtoon (created_at,description,no_youth,publication_status,thumbnail,title,updated_at) values (?,?,?,?,?,?,?)
2024-03-29T17:51:14.825+09:00 DEBUG 2896 --- [    Test worker] org.hibernate.SQL                        : select pd1_0.publishing_day_id,pd1_0.created_at,pd1_0.day,pd1_0.updated_at from publishing_day pd1_0 where pd1_0.day=?
Hibernate: select pd1_0.publishing_day_id,pd1_0.created_at,pd1_0.day,pd1_0.updated_at from publishing_day pd1_0 where pd1_0.day=?
2024-03-29T17:51:14.827+09:00 DEBUG 2896 --- [    Test worker] org.hibernate.SQL                        : insert into webtoon_publishing_day (created_at,publishing_day_id,updated_at,webtoon_id) values (?,?,?,?)
Hibernate: insert into webtoon_publishing_day (created_at,publishing_day_id,updated_at,webtoon_id) values (?,?,?,?)
한림체육관
2024-03-29T17:51:14.834+09:00 DEBUG 2896 --- [    Test worker] org.hibernate.SQL                        : insert into webtoon (created_at,description,no_youth,publication_status,thumbnail,title,updated_at) values (?,?,?,?,?,?,?)
Hibernate: insert into webtoon (created_at,description,no_youth,publication_status,thumbnail,title,updated_at) values (?,?,?,?,?,?,?)
2024-03-29T17:51:14.840+09:00 DEBUG 2896 --- [    Test worker] org.hibernate.SQL                        : select pd1_0.publishing_day_id,pd1_0.created_at,pd1_0.day,pd1_0.updated_at from publishing_day pd1_0 where pd1_0.day=?
Hibernate: select pd1_0.publishing_day_id,pd1_0.created_at,pd1_0.day,pd1_0.updated_at from publishing_day pd1_0 where pd1_0.day=?
2024-03-29T17:51:14.843+09:00 DEBUG 2896 --- [    Test worker] org.hibernate.SQL                        : insert into webtoon_publishing_day (created_at,publishing_day_id,updated_at,webtoon_id) values (?,?,?,?)
Hibernate: insert into webtoon_publishing_day (created_at,publishing_day_id,updated_at,webtoon_id) values (?,?,?,?)
천마는 평범하게 살 수 없다
2024-03-29T17:51:14.849+09:00 DEBUG 2896 --- [    Test worker] org.hibernate.SQL                        : insert into webtoon (created_at,description,no_youth,publication_status,thumbnail,title,updated_at) values (?,?,?,?,?,?,?)
Hibernate: insert into webtoon (created_at,description,no_youth,publication_status,thumbnail,title,updated_at) values (?,?,?,?,?,?,?)
2024-03-29T17:51:14.855+09:00 DEBUG 2896 --- [    Test worker] org.hibernate.SQL                        : select pd1_0.publishing_day_id,pd1_0.created_at,pd1_0.day,pd1_0.updated_at from publishing_day pd1_0 where pd1_0.day=?
Hibernate: select pd1_0.publishing_day_id,pd1_0.created_at,pd1_0.day,pd1_0.updated_at from publishing_day pd1_0 where pd1_0.day=?
2024-03-29T17:51:14.857+09:00 DEBUG 2896 --- [    Test worker] org.hibernate.SQL                        : insert into webtoon_publishing_day (created_at,publishing_day_id,updated_at,webtoon_id) values (?,?,?,?)
Hibernate: insert into webtoon_publishing_day (created_at,publishing_day_id,updated_at,webtoon_id) values (?,?,?,?)
유부 감자
2024-03-29T17:51:14.863+09:00 DEBUG 2896 --- [    Test worker] org.hibernate.SQL                        : insert into webtoon (created_at,description,no_youth,publication_status,thumbnail,title,updated_at) values (?,?,?,?,?,?,?)
Hibernate: insert into webtoon (created_at,description,no_youth,publication_status,thumbnail,title,updated_at) values (?,?,?,?,?,?,?)
2024-03-29T17:51:14.871+09:00 DEBUG 2896 --- [    Test worker] org.hibernate.SQL                        : select pd1_0.publishing_day_id,pd1_0.created_at,pd1_0.day,pd1_0.updated_at from publishing_day pd1_0 where pd1_0.day=?
Hibernate: select pd1_0.publishing_day_id,pd1_0.created_at,pd1_0.day,pd1_0.updated_at from publishing_day pd1_0 where pd1_0.day=?
2024-03-29T17:51:14.873+09:00 DEBUG 2896 --- [    Test worker] org.hibernate.SQL                        : insert into webtoon_publishing_day (created_at,publishing_day_id,updated_at,webtoon_id) values (?,?,?,?)
Hibernate: insert into webtoon_publishing_day (created_at,publishing_day_id,updated_at,webtoon_id) values (?,?,?,?)
하루만 네가 되고 싶어
2024-03-29T17:51:14.878+09:00 DEBUG 2896 --- [    Test worker] org.hibernate.SQL                        : insert into webtoon (created_at,description,no_youth,publication_status,thumbnail,title,updated_at) values (?,?,?,?,?,?,?)
Hibernate: insert into webtoon (created_at,description,no_youth,publication_status,thumbnail,title,updated_at) values (?,?,?,?,?,?,?)
2024-03-29T17:51:14.884+09:00 DEBUG 2896 --- [    Test worker] org.hibernate.SQL                        : select pd1_0.publishing_day_id,pd1_0.created_at,pd1_0.day,pd1_0.updated_at from publishing_day pd1_0 where pd1_0.day=?
Hibernate: select pd1_0.publishing_day_id,pd1_0.created_at,pd1_0.day,pd1_0.updated_at from publishing_day pd1_0 where pd1_0.day=?
2024-03-29T17:51:14.887+09:00 DEBUG 2896 --- [    Test worker] org.hibernate.SQL                        : insert into webtoon_publishing_day (created_at,publishing_day_id,updated_at,webtoon_id) values (?,?,?,?)
Hibernate: insert into webtoon_publishing_day (created_at,publishing_day_id,updated_at,webtoon_id) values (?,?,?,?)
욕망일기Deep
2024-03-29T17:51:14.894+09:00 DEBUG 2896 --- [    Test worker] org.hibernate.SQL                        : insert into webtoon (created_at,description,no_youth,publication_status,thumbnail,title,updated_at) values (?,?,?,?,?,?,?)
Hibernate: insert into webtoon (created_at,description,no_youth,publication_status,thumbnail,title,updated_at) values (?,?,?,?,?,?,?)
2024-03-29T17:51:14.900+09:00 DEBUG 2896 --- [    Test worker] org.hibernate.SQL                        : select pd1_0.publishing_day_id,pd1_0.created_at,pd1_0.day,pd1_0.updated_at from publishing_day pd1_0 where pd1_0.day=?
Hibernate: select pd1_0.publishing_day_id,pd1_0.created_at,pd1_0.day,pd1_0.updated_at from publishing_day pd1_0 where pd1_0.day=?
2024-03-29T17:51:14.902+09:00 DEBUG 2896 --- [    Test worker] org.hibernate.SQL                        : insert into webtoon_publishing_day (created_at,publishing_day_id,updated_at,webtoon_id) values (?,?,?,?)
Hibernate: insert into webtoon_publishing_day (created_at,publishing_day_id,updated_at,webtoon_id) values (?,?,?,?)
궤짝
2024-03-29T17:51:14.908+09:00 DEBUG 2896 --- [    Test worker] org.hibernate.SQL                        : insert into webtoon (created_at,description,no_youth,publication_status,thumbnail,title,updated_at) values (?,?,?,?,?,?,?)
Hibernate: insert into webtoon (created_at,description,no_youth,publication_status,thumbnail,title,updated_at) values (?,?,?,?,?,?,?)
2024-03-29T17:51:14.916+09:00 DEBUG 2896 --- [    Test worker] org.hibernate.SQL                        : select pd1_0.publishing_day_id,pd1_0.created_at,pd1_0.day,pd1_0.updated_at from publishing_day pd1_0 where pd1_0.day=?
Hibernate: select pd1_0.publishing_day_id,pd1_0.created_at,pd1_0.day,pd1_0.updated_at from publishing_day pd1_0 where pd1_0.day=?
2024-03-29T17:51:14.919+09:00 DEBUG 2896 --- [    Test worker] org.hibernate.SQL                        : insert into webtoon_publishing_day (created_at,publishing_day_id,updated_at,webtoon_id) values (?,?,?,?)
Hibernate: insert into webtoon_publishing_day (created_at,publishing_day_id,updated_at,webtoon_id) values (?,?,?,?)
이섭의 연애
2024-03-29T17:51:14.926+09:00 DEBUG 2896 --- [    Test worker] org.hibernate.SQL                        : insert into webtoon (created_at,description,no_youth,publication_status,thumbnail,title,updated_at) values (?,?,?,?,?,?,?)
Hibernate: insert into webtoon (created_at,description,no_youth,publication_status,thumbnail,title,updated_at) values (?,?,?,?,?,?,?)
2024-03-29T17:51:14.933+09:00 DEBUG 2896 --- [    Test worker] org.hibernate.SQL                        : select pd1_0.publishing_day_id,pd1_0.created_at,pd1_0.day,pd1_0.updated_at from publishing_day pd1_0 where pd1_0.day=?
Hibernate: select pd1_0.publishing_day_id,pd1_0.created_at,pd1_0.day,pd1_0.updated_at from publishing_day pd1_0 where pd1_0.day=?
2024-03-29T17:51:14.935+09:00 DEBUG 2896 --- [    Test worker] org.hibernate.SQL                        : insert into webtoon_publishing_day (created_at,publishing_day_id,updated_at,webtoon_id) values (?,?,?,?)
Hibernate: insert into webtoon_publishing_day (created_at,publishing_day_id,updated_at,webtoon_id) values (?,?,?,?)
집이 없어
2024-03-29T17:51:14.942+09:00 DEBUG 2896 --- [    Test worker] org.hibernate.SQL                        : insert into webtoon (created_at,description,no_youth,publication_status,thumbnail,title,updated_at) values (?,?,?,?,?,?,?)
Hibernate: insert into webtoon (created_at,description,no_youth,publication_status,thumbnail,title,updated_at) values (?,?,?,?,?,?,?)
2024-03-29T17:51:14.949+09:00 DEBUG 2896 --- [    Test worker] org.hibernate.SQL                        : select pd1_0.publishing_day_id,pd1_0.created_at,pd1_0.day,pd1_0.updated_at from publishing_day pd1_0 where pd1_0.day=?
Hibernate: select pd1_0.publishing_day_id,pd1_0.created_at,pd1_0.day,pd1_0.updated_at from publishing_day pd1_0 where pd1_0.day=?
2024-03-29T17:51:14.953+09:00 DEBUG 2896 --- [    Test worker] org.hibernate.SQL                        : insert into webtoon_publishing_day (created_at,publishing_day_id,updated_at,webtoon_id) values (?,?,?,?)
Hibernate: insert into webtoon_publishing_day (created_at,publishing_day_id,updated_at,webtoon_id) values (?,?,?,?)
유사연애
2024-03-29T17:51:14.958+09:00 DEBUG 2896 --- [    Test worker] org.hibernate.SQL                        : insert into webtoon (created_at,description,no_youth,publication_status,thumbnail,title,updated_at) values (?,?,?,?,?,?,?)
Hibernate: insert into webtoon (created_at,description,no_youth,publication_status,thumbnail,title,updated_at) values (?,?,?,?,?,?,?)
2024-03-29T17:51:14.966+09:00 DEBUG 2896 --- [    Test worker] org.hibernate.SQL                        : select pd1_0.publishing_day_id,pd1_0.created_at,pd1_0.day,pd1_0.updated_at from publishing_day pd1_0 where pd1_0.day=?
Hibernate: select pd1_0.publishing_day_id,pd1_0.created_at,pd1_0.day,pd1_0.updated_at from publishing_day pd1_0 where pd1_0.day=?
2024-03-29T17:51:14.968+09:00 DEBUG 2896 --- [    Test worker] org.hibernate.SQL                        : insert into webtoon_publishing_day (created_at,publishing_day_id,updated_at,webtoon_id) values (?,?,?,?)
Hibernate: insert into webtoon_publishing_day (created_at,publishing_day_id,updated_at,webtoon_id) values (?,?,?,?)
성검전설
2024-03-29T17:51:14.975+09:00 DEBUG 2896 --- [    Test worker] org.hibernate.SQL                        : insert into webtoon (created_at,description,no_youth,publication_status,thumbnail,title,updated_at) values (?,?,?,?,?,?,?)
Hibernate: insert into webtoon (created_at,description,no_youth,publication_status,thumbnail,title,updated_at) values (?,?,?,?,?,?,?)
2024-03-29T17:51:14.981+09:00 DEBUG 2896 --- [    Test worker] org.hibernate.SQL                        : select pd1_0.publishing_day_id,pd1_0.created_at,pd1_0.day,pd1_0.updated_at from publishing_day pd1_0 where pd1_0.day=?
Hibernate: select pd1_0.publishing_day_id,pd1_0.created_at,pd1_0.day,pd1_0.updated_at from publishing_day pd1_0 where pd1_0.day=?
2024-03-29T17:51:14.984+09:00 DEBUG 2896 --- [    Test worker] org.hibernate.SQL                        : insert into webtoon_publishing_day (created_at,publishing_day_id,updated_at,webtoon_id) values (?,?,?,?)
Hibernate: insert into webtoon_publishing_day (created_at,publishing_day_id,updated_at,webtoon_id) values (?,?,?,?)
신입사원 김철수
2024-03-29T17:51:14.990+09:00 DEBUG 2896 --- [    Test worker] org.hibernate.SQL                        : insert into webtoon (created_at,description,no_youth,publication_status,thumbnail,title,updated_at) values (?,?,?,?,?,?,?)
Hibernate: insert into webtoon (created_at,description,no_youth,publication_status,thumbnail,title,updated_at) values (?,?,?,?,?,?,?)
2024-03-29T17:51:14.998+09:00 DEBUG 2896 --- [    Test worker] org.hibernate.SQL                        : select pd1_0.publishing_day_id,pd1_0.created_at,pd1_0.day,pd1_0.updated_at from publishing_day pd1_0 where pd1_0.day=?
Hibernate: select pd1_0.publishing_day_id,pd1_0.created_at,pd1_0.day,pd1_0.updated_at from publishing_day pd1_0 where pd1_0.day=?
2024-03-29T17:51:15.001+09:00 DEBUG 2896 --- [    Test worker] org.hibernate.SQL                        : insert into webtoon_publishing_day (created_at,publishing_day_id,updated_at,webtoon_id) values (?,?,?,?)
Hibernate: insert into webtoon_publishing_day (created_at,publishing_day_id,updated_at,webtoon_id) values (?,?,?,?)
하북팽가 막내아들
2024-03-29T17:51:15.007+09:00 DEBUG 2896 --- [    Test worker] org.hibernate.SQL                        : insert into webtoon (created_at,description,no_youth,publication_status,thumbnail,title,updated_at) values (?,?,?,?,?,?,?)
Hibernate: insert into webtoon (created_at,description,no_youth,publication_status,thumbnail,title,updated_at) values (?,?,?,?,?,?,?)
2024-03-29T17:51:15.014+09:00 DEBUG 2896 --- [    Test worker] org.hibernate.SQL                        : select pd1_0.publishing_day_id,pd1_0.created_at,pd1_0.day,pd1_0.updated_at from publishing_day pd1_0 where pd1_0.day=?
Hibernate: select pd1_0.publishing_day_id,pd1_0.created_at,pd1_0.day,pd1_0.updated_at from publishing_day pd1_0 where pd1_0.day=?
2024-03-29T17:51:15.017+09:00 DEBUG 2896 --- [    Test worker] org.hibernate.SQL                        : insert into webtoon_publishing_day (created_at,publishing_day_id,updated_at,webtoon_id) values (?,?,?,?)
Hibernate: insert into webtoon_publishing_day (created_at,publishing_day_id,updated_at,webtoon_id) values (?,?,?,?)
초인의 게임
2024-03-29T17:51:15.023+09:00 DEBUG 2896 --- [    Test worker] org.hibernate.SQL                        : insert into webtoon (created_at,description,no_youth,publication_status,thumbnail,title,updated_at) values (?,?,?,?,?,?,?)
Hibernate: insert into webtoon (created_at,description,no_youth,publication_status,thumbnail,title,updated_at) values (?,?,?,?,?,?,?)
2024-03-29T17:51:15.032+09:00 DEBUG 2896 --- [    Test worker] org.hibernate.SQL                        : select pd1_0.publishing_day_id,pd1_0.created_at,pd1_0.day,pd1_0.updated_at from publishing_day pd1_0 where pd1_0.day=?
Hibernate: select pd1_0.publishing_day_id,pd1_0.created_at,pd1_0.day,pd1_0.updated_at from publishing_day pd1_0 where pd1_0.day=?
2024-03-29T17:51:15.034+09:00 DEBUG 2896 --- [    Test worker] org.hibernate.SQL                        : insert into webtoon_publishing_day (created_at,publishing_day_id,updated_at,webtoon_id) values (?,?,?,?)
Hibernate: insert into webtoon_publishing_day (created_at,publishing_day_id,updated_at,webtoon_id) values (?,?,?,?)
삼국지톡
2024-03-29T17:51:15.040+09:00 DEBUG 2896 --- [    Test worker] org.hibernate.SQL                        : insert into webtoon (created_at,description,no_youth,publication_status,thumbnail,title,updated_at) values (?,?,?,?,?,?,?)
Hibernate: insert into webtoon (created_at,description,no_youth,publication_status,thumbnail,title,updated_at) values (?,?,?,?,?,?,?)
2024-03-29T17:51:15.045+09:00 DEBUG 2896 --- [    Test worker] org.hibernate.SQL                        : select pd1_0.publishing_day_id,pd1_0.created_at,pd1_0.day,pd1_0.updated_at from publishing_day pd1_0 where pd1_0.day=?
Hibernate: select pd1_0.publishing_day_id,pd1_0.created_at,pd1_0.day,pd1_0.updated_at from publishing_day pd1_0 where pd1_0.day=?
2024-03-29T17:51:15.048+09:00 DEBUG 2896 --- [    Test worker] org.hibernate.SQL                        : insert into webtoon_publishing_day (created_at,publishing_day_id,updated_at,webtoon_id) values (?,?,?,?)
Hibernate: insert into webtoon_publishing_day (created_at,publishing_day_id,updated_at,webtoon_id) values (?,?,?,?)
사변괴담
2024-03-29T17:51:15.055+09:00 DEBUG 2896 --- [    Test worker] org.hibernate.SQL                        : insert into webtoon (created_at,description,no_youth,publication_status,thumbnail,title,updated_at) values (?,?,?,?,?,?,?)
Hibernate: insert into webtoon (created_at,description,no_youth,publication_status,thumbnail,title,updated_at) values (?,?,?,?,?,?,?)
2024-03-29T17:51:15.062+09:00 DEBUG 2896 --- [    Test worker] org.hibernate.SQL                        : select pd1_0.publishing_day_id,pd1_0.created_at,pd1_0.day,pd1_0.updated_at from publishing_day pd1_0 where pd1_0.day=?
Hibernate: select pd1_0.publishing_day_id,pd1_0.created_at,pd1_0.day,pd1_0.updated_at from publishing_day pd1_0 where pd1_0.day=?
2024-03-29T17:51:15.065+09:00 DEBUG 2896 --- [    Test worker] org.hibernate.SQL                        : insert into webtoon_publishing_day (created_at,publishing_day_id,updated_at,webtoon_id) values (?,?,?,?)
Hibernate: insert into webtoon_publishing_day (created_at,publishing_day_id,updated_at,webtoon_id) values (?,?,?,?)
백씨세가 시한부 공자
2024-03-29T17:51:15.070+09:00 DEBUG 2896 --- [    Test worker] org.hibernate.SQL                        : insert into webtoon (created_at,description,no_youth,publication_status,thumbnail,title,updated_at) values (?,?,?,?,?,?,?)
Hibernate: insert into webtoon (created_at,description,no_youth,publication_status,thumbnail,title,updated_at) values (?,?,?,?,?,?,?)
2024-03-29T17:51:15.078+09:00 DEBUG 2896 --- [    Test worker] org.hibernate.SQL                        : select pd1_0.publishing_day_id,pd1_0.created_at,pd1_0.day,pd1_0.updated_at from publishing_day pd1_0 where pd1_0.day=?
Hibernate: select pd1_0.publishing_day_id,pd1_0.created_at,pd1_0.day,pd1_0.updated_at from publishing_day pd1_0 where pd1_0.day=?
2024-03-29T17:51:15.080+09:00 DEBUG 2896 --- [    Test worker] org.hibernate.SQL                        : insert into webtoon_publishing_day (created_at,publishing_day_id,updated_at,webtoon_id) values (?,?,?,?)
Hibernate: insert into webtoon_publishing_day (created_at,publishing_day_id,updated_at,webtoon_id) values (?,?,?,?)
포 더 퀸덤
2024-03-29T17:51:15.086+09:00 DEBUG 2896 --- [    Test worker] org.hibernate.SQL                        : insert into webtoon (created_at,description,no_youth,publication_status,thumbnail,title,updated_at) values (?,?,?,?,?,?,?)
Hibernate: insert into webtoon (created_at,description,no_youth,publication_status,thumbnail,title,updated_at) values (?,?,?,?,?,?,?)
2024-03-29T17:51:15.091+09:00 DEBUG 2896 --- [    Test worker] org.hibernate.SQL                        : select pd1_0.publishing_day_id,pd1_0.created_at,pd1_0.day,pd1_0.updated_at from publishing_day pd1_0 where pd1_0.day=?
Hibernate: select pd1_0.publishing_day_id,pd1_0.created_at,pd1_0.day,pd1_0.updated_at from publishing_day pd1_0 where pd1_0.day=?
2024-03-29T17:51:15.094+09:00 DEBUG 2896 --- [    Test worker] org.hibernate.SQL                        : insert into webtoon_publishing_day (created_at,publishing_day_id,updated_at,webtoon_id) values (?,?,?,?)
Hibernate: insert into webtoon_publishing_day (created_at,publishing_day_id,updated_at,webtoon_id) values (?,?,?,?)
도태교실
2024-03-29T17:51:15.102+09:00 DEBUG 2896 --- [    Test worker] org.hibernate.SQL                        : insert into webtoon (created_at,description,no_youth,publication_status,thumbnail,title,updated_at) values (?,?,?,?,?,?,?)
Hibernate: insert into webtoon (created_at,description,no_youth,publication_status,thumbnail,title,updated_at) values (?,?,?,?,?,?,?)
2024-03-29T17:51:15.108+09:00 DEBUG 2896 --- [    Test worker] org.hibernate.SQL                        : select pd1_0.publishing_day_id,pd1_0.created_at,pd1_0.day,pd1_0.updated_at from publishing_day pd1_0 where pd1_0.day=?
Hibernate: select pd1_0.publishing_day_id,pd1_0.created_at,pd1_0.day,pd1_0.updated_at from publishing_day pd1_0 where pd1_0.day=?
2024-03-29T17:51:15.110+09:00 DEBUG 2896 --- [    Test worker] org.hibernate.SQL                        : insert into webtoon_publishing_day (created_at,publishing_day_id,updated_at,webtoon_id) values (?,?,?,?)
Hibernate: insert into webtoon_publishing_day (created_at,publishing_day_id,updated_at,webtoon_id) values (?,?,?,?)
저 그런 인재 아닙니다
2024-03-29T17:51:15.118+09:00 DEBUG 2896 --- [    Test worker] org.hibernate.SQL                        : insert into webtoon (created_at,description,no_youth,publication_status,thumbnail,title,updated_at) values (?,?,?,?,?,?,?)
Hibernate: insert into webtoon (created_at,description,no_youth,publication_status,thumbnail,title,updated_at) values (?,?,?,?,?,?,?)
2024-03-29T17:51:15.125+09:00 DEBUG 2896 --- [    Test worker] org.hibernate.SQL                        : select pd1_0.publishing_day_id,pd1_0.created_at,pd1_0.day,pd1_0.updated_at from publishing_day pd1_0 where pd1_0.day=?
Hibernate: select pd1_0.publishing_day_id,pd1_0.created_at,pd1_0.day,pd1_0.updated_at from publishing_day pd1_0 where pd1_0.day=?
2024-03-29T17:51:15.128+09:00 DEBUG 2896 --- [    Test worker] org.hibernate.SQL                        : insert into webtoon_publishing_day (created_at,publishing_day_id,updated_at,webtoon_id) values (?,?,?,?)
Hibernate: insert into webtoon_publishing_day (created_at,publishing_day_id,updated_at,webtoon_id) values (?,?,?,?)
놓지마 정신줄 시즌3
2024-03-29T17:51:15.134+09:00 DEBUG 2896 --- [    Test worker] org.hibernate.SQL                        : insert into webtoon (created_at,description,no_youth,publication_status,thumbnail,title,updated_at) values (?,?,?,?,?,?,?)
Hibernate: insert into webtoon (created_at,description,no_youth,publication_status,thumbnail,title,updated_at) values (?,?,?,?,?,?,?)
2024-03-29T17:51:15.142+09:00 DEBUG 2896 --- [    Test worker] org.hibernate.SQL                        : select pd1_0.publishing_day_id,pd1_0.created_at,pd1_0.day,pd1_0.updated_at from publishing_day pd1_0 where pd1_0.day=?
Hibernate: select pd1_0.publishing_day_id,pd1_0.created_at,pd1_0.day,pd1_0.updated_at from publishing_day pd1_0 where pd1_0.day=?
2024-03-29T17:51:15.145+09:00 DEBUG 2896 --- [    Test worker] org.hibernate.SQL                        : insert into webtoon_publishing_day (created_at,publishing_day_id,updated_at,webtoon_id) values (?,?,?,?)
Hibernate: insert into webtoon_publishing_day (created_at,publishing_day_id,updated_at,webtoon_id) values (?,?,?,?)
염라강림
2024-03-29T17:51:15.152+09:00 DEBUG 2896 --- [    Test worker] org.hibernate.SQL                        : insert into webtoon (created_at,description,no_youth,publication_status,thumbnail,title,updated_at) values (?,?,?,?,?,?,?)
Hibernate: insert into webtoon (created_at,description,no_youth,publication_status,thumbnail,title,updated_at) values (?,?,?,?,?,?,?)
2024-03-29T17:51:15.158+09:00 DEBUG 2896 --- [    Test worker] org.hibernate.SQL                        : select pd1_0.publishing_day_id,pd1_0.created_at,pd1_0.day,pd1_0.updated_at from publishing_day pd1_0 where pd1_0.day=?
Hibernate: select pd1_0.publishing_day_id,pd1_0.created_at,pd1_0.day,pd1_0.updated_at from publishing_day pd1_0 where pd1_0.day=?
2024-03-29T17:51:15.161+09:00 DEBUG 2896 --- [    Test worker] org.hibernate.SQL                        : insert into webtoon_publishing_day (created_at,publishing_day_id,updated_at,webtoon_id) values (?,?,?,?)
Hibernate: insert into webtoon_publishing_day (created_at,publishing_day_id,updated_at,webtoon_id) values (?,?,?,?)
원주민 공포만화
2024-03-29T17:51:15.169+09:00 DEBUG 2896 --- [    Test worker] org.hibernate.SQL                        : insert into webtoon (created_at,description,no_youth,publication_status,thumbnail,title,updated_at) values (?,?,?,?,?,?,?)
Hibernate: insert into webtoon (created_at,description,no_youth,publication_status,thumbnail,title,updated_at) values (?,?,?,?,?,?,?)
2024-03-29T17:51:15.177+09:00 DEBUG 2896 --- [    Test worker] org.hibernate.SQL                        : select pd1_0.publishing_day_id,pd1_0.created_at,pd1_0.day,pd1_0.updated_at from publishing_day pd1_0 where pd1_0.day=?
Hibernate: select pd1_0.publishing_day_id,pd1_0.created_at,pd1_0.day,pd1_0.updated_at from publishing_day pd1_0 where pd1_0.day=?
2024-03-29T17:51:15.179+09:00 DEBUG 2896 --- [    Test worker] org.hibernate.SQL                        : insert into webtoon_publishing_day (created_at,publishing_day_id,updated_at,webtoon_id) values (?,?,?,?)
Hibernate: insert into webtoon_publishing_day (created_at,publishing_day_id,updated_at,webtoon_id) values (?,?,?,?)
우리 집 고양이 보고 갈래?
2024-03-29T17:51:15.188+09:00 DEBUG 2896 --- [    Test worker] org.hibernate.SQL                        : insert into webtoon (created_at,description,no_youth,publication_status,thumbnail,title,updated_at) values (?,?,?,?,?,?,?)
Hibernate: insert into webtoon (created_at,description,no_youth,publication_status,thumbnail,title,updated_at) values (?,?,?,?,?,?,?)
2024-03-29T17:51:15.195+09:00 DEBUG 2896 --- [    Test worker] org.hibernate.SQL                        : select pd1_0.publishing_day_id,pd1_0.created_at,pd1_0.day,pd1_0.updated_at from publishing_day pd1_0 where pd1_0.day=?
Hibernate: select pd1_0.publishing_day_id,pd1_0.created_at,pd1_0.day,pd1_0.updated_at from publishing_day pd1_0 where pd1_0.day=?
2024-03-29T17:51:15.200+09:00 DEBUG 2896 --- [    Test worker] org.hibernate.SQL                        : insert into webtoon_publishing_day (created_at,publishing_day_id,updated_at,webtoon_id) values (?,?,?,?)
Hibernate: insert into webtoon_publishing_day (created_at,publishing_day_id,updated_at,webtoon_id) values (?,?,?,?)
불 빌려드릴까요?
2024-03-29T17:51:15.207+09:00 DEBUG 2896 --- [    Test worker] org.hibernate.SQL                        : insert into webtoon (created_at,description,no_youth,publication_status,thumbnail,title,updated_at) values (?,?,?,?,?,?,?)
Hibernate: insert into webtoon (created_at,description,no_youth,publication_status,thumbnail,title,updated_at) values (?,?,?,?,?,?,?)
2024-03-29T17:51:15.214+09:00 DEBUG 2896 --- [    Test worker] org.hibernate.SQL                        : select pd1_0.publishing_day_id,pd1_0.created_at,pd1_0.day,pd1_0.updated_at from publishing_day pd1_0 where pd1_0.day=?
Hibernate: select pd1_0.publishing_day_id,pd1_0.created_at,pd1_0.day,pd1_0.updated_at from publishing_day pd1_0 where pd1_0.day=?
2024-03-29T17:51:15.218+09:00 DEBUG 2896 --- [    Test worker] org.hibernate.SQL                        : insert into webtoon_publishing_day (created_at,publishing_day_id,updated_at,webtoon_id) values (?,?,?,?)
Hibernate: insert into webtoon_publishing_day (created_at,publishing_day_id,updated_at,webtoon_id) values (?,?,?,?)
일홀도
2024-03-29T17:51:15.224+09:00 DEBUG 2896 --- [    Test worker] org.hibernate.SQL                        : insert into webtoon (created_at,description,no_youth,publication_status,thumbnail,title,updated_at) values (?,?,?,?,?,?,?)
Hibernate: insert into webtoon (created_at,description,no_youth,publication_status,thumbnail,title,updated_at) values (?,?,?,?,?,?,?)
2024-03-29T17:51:15.230+09:00 DEBUG 2896 --- [    Test worker] org.hibernate.SQL                        : select pd1_0.publishing_day_id,pd1_0.created_at,pd1_0.day,pd1_0.updated_at from publishing_day pd1_0 where pd1_0.day=?
Hibernate: select pd1_0.publishing_day_id,pd1_0.created_at,pd1_0.day,pd1_0.updated_at from publishing_day pd1_0 where pd1_0.day=?
2024-03-29T17:51:15.233+09:00 DEBUG 2896 --- [    Test worker] org.hibernate.SQL                        : insert into webtoon_publishing_day (created_at,publishing_day_id,updated_at,webtoon_id) values (?,?,?,?)
Hibernate: insert into webtoon_publishing_day (created_at,publishing_day_id,updated_at,webtoon_id) values (?,?,?,?)
사람의 탈
2024-03-29T17:51:15.239+09:00 DEBUG 2896 --- [    Test worker] org.hibernate.SQL                        : insert into webtoon (created_at,description,no_youth,publication_status,thumbnail,title,updated_at) values (?,?,?,?,?,?,?)
Hibernate: insert into webtoon (created_at,description,no_youth,publication_status,thumbnail,title,updated_at) values (?,?,?,?,?,?,?)
2024-03-29T17:51:15.247+09:00 DEBUG 2896 --- [    Test worker] org.hibernate.SQL                        : select pd1_0.publishing_day_id,pd1_0.created_at,pd1_0.day,pd1_0.updated_at from publishing_day pd1_0 where pd1_0.day=?
Hibernate: select pd1_0.publishing_day_id,pd1_0.created_at,pd1_0.day,pd1_0.updated_at from publishing_day pd1_0 where pd1_0.day=?
2024-03-29T17:51:15.250+09:00 DEBUG 2896 --- [    Test worker] org.hibernate.SQL                        : insert into webtoon_publishing_day (created_at,publishing_day_id,updated_at,webtoon_id) values (?,?,?,?)
Hibernate: insert into webtoon_publishing_day (created_at,publishing_day_id,updated_at,webtoon_id) values (?,?,?,?)
못 잡아먹어서 안달
2024-03-29T17:51:15.256+09:00 DEBUG 2896 --- [    Test worker] org.hibernate.SQL                        : insert into webtoon (created_at,description,no_youth,publication_status,thumbnail,title,updated_at) values (?,?,?,?,?,?,?)
Hibernate: insert into webtoon (created_at,description,no_youth,publication_status,thumbnail,title,updated_at) values (?,?,?,?,?,?,?)
2024-03-29T17:51:15.264+09:00 DEBUG 2896 --- [    Test worker] org.hibernate.SQL                        : select pd1_0.publishing_day_id,pd1_0.created_at,pd1_0.day,pd1_0.updated_at from publishing_day pd1_0 where pd1_0.day=?
Hibernate: select pd1_0.publishing_day_id,pd1_0.created_at,pd1_0.day,pd1_0.updated_at from publishing_day pd1_0 where pd1_0.day=?
2024-03-29T17:51:15.266+09:00 DEBUG 2896 --- [    Test worker] org.hibernate.SQL                        : insert into webtoon_publishing_day (created_at,publishing_day_id,updated_at,webtoon_id) values (?,?,?,?)
Hibernate: insert into webtoon_publishing_day (created_at,publishing_day_id,updated_at,webtoon_id) values (?,?,?,?)
시체기사 군터
2024-03-29T17:51:15.272+09:00 DEBUG 2896 --- [    Test worker] org.hibernate.SQL                        : insert into webtoon (created_at,description,no_youth,publication_status,thumbnail,title,updated_at) values (?,?,?,?,?,?,?)
Hibernate: insert into webtoon (created_at,description,no_youth,publication_status,thumbnail,title,updated_at) values (?,?,?,?,?,?,?)
2024-03-29T17:51:15.280+09:00 DEBUG 2896 --- [    Test worker] org.hibernate.SQL                        : select pd1_0.publishing_day_id,pd1_0.created_at,pd1_0.day,pd1_0.updated_at from publishing_day pd1_0 where pd1_0.day=?
Hibernate: select pd1_0.publishing_day_id,pd1_0.created_at,pd1_0.day,pd1_0.updated_at from publishing_day pd1_0 where pd1_0.day=?
2024-03-29T17:51:15.282+09:00 DEBUG 2896 --- [    Test worker] org.hibernate.SQL                        : insert into webtoon_publishing_day (created_at,publishing_day_id,updated_at,webtoon_id) values (?,?,?,?)
Hibernate: insert into webtoon_publishing_day (created_at,publishing_day_id,updated_at,webtoon_id) values (?,?,?,?)
피부과 만렙남
2024-03-29T17:51:15.289+09:00 DEBUG 2896 --- [    Test worker] org.hibernate.SQL                        : insert into webtoon (created_at,description,no_youth,publication_status,thumbnail,title,updated_at) values (?,?,?,?,?,?,?)
Hibernate: insert into webtoon (created_at,description,no_youth,publication_status,thumbnail,title,updated_at) values (?,?,?,?,?,?,?)
2024-03-29T17:51:15.297+09:00 DEBUG 2896 --- [    Test worker] org.hibernate.SQL                        : select pd1_0.publishing_day_id,pd1_0.created_at,pd1_0.day,pd1_0.updated_at from publishing_day pd1_0 where pd1_0.day=?
Hibernate: select pd1_0.publishing_day_id,pd1_0.created_at,pd1_0.day,pd1_0.updated_at from publishing_day pd1_0 where pd1_0.day=?
2024-03-29T17:51:15.299+09:00 DEBUG 2896 --- [    Test worker] org.hibernate.SQL                        : insert into webtoon_publishing_day (created_at,publishing_day_id,updated_at,webtoon_id) values (?,?,?,?)
Hibernate: insert into webtoon_publishing_day (created_at,publishing_day_id,updated_at,webtoon_id) values (?,?,?,?)
이상형
2024-03-29T17:51:15.307+09:00 DEBUG 2896 --- [    Test worker] org.hibernate.SQL                        : insert into webtoon (created_at,description,no_youth,publication_status,thumbnail,title,updated_at) values (?,?,?,?,?,?,?)
Hibernate: insert into webtoon (created_at,description,no_youth,publication_status,thumbnail,title,updated_at) values (?,?,?,?,?,?,?)
2024-03-29T17:51:15.316+09:00 DEBUG 2896 --- [    Test worker] org.hibernate.SQL                        : select pd1_0.publishing_day_id,pd1_0.created_at,pd1_0.day,pd1_0.updated_at from publishing_day pd1_0 where pd1_0.day=?
Hibernate: select pd1_0.publishing_day_id,pd1_0.created_at,pd1_0.day,pd1_0.updated_at from publishing_day pd1_0 where pd1_0.day=?
2024-03-29T17:51:15.319+09:00 DEBUG 2896 --- [    Test worker] org.hibernate.SQL                        : insert into webtoon_publishing_day (created_at,publishing_day_id,updated_at,webtoon_id) values (?,?,?,?)
Hibernate: insert into webtoon_publishing_day (created_at,publishing_day_id,updated_at,webtoon_id) values (?,?,?,?)
아카데미 플레이어를 죽였다
2024-03-29T17:51:15.327+09:00 DEBUG 2896 --- [    Test worker] org.hibernate.SQL                        : insert into webtoon (created_at,description,no_youth,publication_status,thumbnail,title,updated_at) values (?,?,?,?,?,?,?)
Hibernate: insert into webtoon (created_at,description,no_youth,publication_status,thumbnail,title,updated_at) values (?,?,?,?,?,?,?)
2024-03-29T17:51:15.335+09:00 DEBUG 2896 --- [    Test worker] org.hibernate.SQL                        : select pd1_0.publishing_day_id,pd1_0.created_at,pd1_0.day,pd1_0.updated_at from publishing_day pd1_0 where pd1_0.day=?
Hibernate: select pd1_0.publishing_day_id,pd1_0.created_at,pd1_0.day,pd1_0.updated_at from publishing_day pd1_0 where pd1_0.day=?
2024-03-29T17:51:15.338+09:00 DEBUG 2896 --- [    Test worker] org.hibernate.SQL                        : insert into webtoon_publishing_day (created_at,publishing_day_id,updated_at,webtoon_id) values (?,?,?,?)
Hibernate: insert into webtoon_publishing_day (created_at,publishing_day_id,updated_at,webtoon_id) values (?,?,?,?)
윌유메리미
2024-03-29T17:51:15.347+09:00 DEBUG 2896 --- [    Test worker] org.hibernate.SQL                        : insert into webtoon (created_at,description,no_youth,publication_status,thumbnail,title,updated_at) values (?,?,?,?,?,?,?)
Hibernate: insert into webtoon (created_at,description,no_youth,publication_status,thumbnail,title,updated_at) values (?,?,?,?,?,?,?)
2024-03-29T17:51:15.359+09:00 DEBUG 2896 --- [    Test worker] org.hibernate.SQL                        : select pd1_0.publishing_day_id,pd1_0.created_at,pd1_0.day,pd1_0.updated_at from publishing_day pd1_0 where pd1_0.day=?
Hibernate: select pd1_0.publishing_day_id,pd1_0.created_at,pd1_0.day,pd1_0.updated_at from publishing_day pd1_0 where pd1_0.day=?
2024-03-29T17:51:15.362+09:00 DEBUG 2896 --- [    Test worker] org.hibernate.SQL                        : insert into webtoon_publishing_day (created_at,publishing_day_id,updated_at,webtoon_id) values (?,?,?,?)
Hibernate: insert into webtoon_publishing_day (created_at,publishing_day_id,updated_at,webtoon_id) values (?,?,?,?)
랜덤채팅의 그녀!
2024-03-29T17:51:15.371+09:00 DEBUG 2896 --- [    Test worker] org.hibernate.SQL                        : insert into webtoon (created_at,description,no_youth,publication_status,thumbnail,title,updated_at) values (?,?,?,?,?,?,?)
Hibernate: insert into webtoon (created_at,description,no_youth,publication_status,thumbnail,title,updated_at) values (?,?,?,?,?,?,?)
2024-03-29T17:51:15.379+09:00 DEBUG 2896 --- [    Test worker] org.hibernate.SQL                        : select pd1_0.publishing_day_id,pd1_0.created_at,pd1_0.day,pd1_0.updated_at from publishing_day pd1_0 where pd1_0.day=?
Hibernate: select pd1_0.publishing_day_id,pd1_0.created_at,pd1_0.day,pd1_0.updated_at from publishing_day pd1_0 where pd1_0.day=?
2024-03-29T17:51:15.382+09:00 DEBUG 2896 --- [    Test worker] org.hibernate.SQL                        : insert into webtoon_publishing_day (created_at,publishing_day_id,updated_at,webtoon_id) values (?,?,?,?)
Hibernate: insert into webtoon_publishing_day (created_at,publishing_day_id,updated_at,webtoon_id) values (?,?,?,?)
내 남편의 정부에게
2024-03-29T17:51:15.390+09:00 DEBUG 2896 --- [    Test worker] org.hibernate.SQL                        : insert into webtoon (created_at,description,no_youth,publication_status,thumbnail,title,updated_at) values (?,?,?,?,?,?,?)
Hibernate: insert into webtoon (created_at,description,no_youth,publication_status,thumbnail,title,updated_at) values (?,?,?,?,?,?,?)
2024-03-29T17:51:15.398+09:00 DEBUG 2896 --- [    Test worker] org.hibernate.SQL                        : select pd1_0.publishing_day_id,pd1_0.created_at,pd1_0.day,pd1_0.updated_at from publishing_day pd1_0 where pd1_0.day=?
Hibernate: select pd1_0.publishing_day_id,pd1_0.created_at,pd1_0.day,pd1_0.updated_at from publishing_day pd1_0 where pd1_0.day=?
2024-03-29T17:51:15.401+09:00 DEBUG 2896 --- [    Test worker] org.hibernate.SQL                        : insert into webtoon_publishing_day (created_at,publishing_day_id,updated_at,webtoon_id) values (?,?,?,?)
Hibernate: insert into webtoon_publishing_day (created_at,publishing_day_id,updated_at,webtoon_id) values (?,?,?,?)
신과함께 돌아온 기사왕님
2024-03-29T17:51:15.407+09:00 DEBUG 2896 --- [    Test worker] org.hibernate.SQL                        : insert into webtoon (created_at,description,no_youth,publication_status,thumbnail,title,updated_at) values (?,?,?,?,?,?,?)
Hibernate: insert into webtoon (created_at,description,no_youth,publication_status,thumbnail,title,updated_at) values (?,?,?,?,?,?,?)
2024-03-29T17:51:15.417+09:00 DEBUG 2896 --- [    Test worker] org.hibernate.SQL                        : select pd1_0.publishing_day_id,pd1_0.created_at,pd1_0.day,pd1_0.updated_at from publishing_day pd1_0 where pd1_0.day=?
Hibernate: select pd1_0.publishing_day_id,pd1_0.created_at,pd1_0.day,pd1_0.updated_at from publishing_day pd1_0 where pd1_0.day=?
2024-03-29T17:51:15.419+09:00 DEBUG 2896 --- [    Test worker] org.hibernate.SQL                        : insert into webtoon_publishing_day (created_at,publishing_day_id,updated_at,webtoon_id) values (?,?,?,?)
Hibernate: insert into webtoon_publishing_day (created_at,publishing_day_id,updated_at,webtoon_id) values (?,?,?,?)
체탐자
2024-03-29T17:51:15.426+09:00 DEBUG 2896 --- [    Test worker] org.hibernate.SQL                        : insert into webtoon (created_at,description,no_youth,publication_status,thumbnail,title,updated_at) values (?,?,?,?,?,?,?)
Hibernate: insert into webtoon (created_at,description,no_youth,publication_status,thumbnail,title,updated_at) values (?,?,?,?,?,?,?)
2024-03-29T17:51:15.434+09:00 DEBUG 2896 --- [    Test worker] org.hibernate.SQL                        : select pd1_0.publishing_day_id,pd1_0.created_at,pd1_0.day,pd1_0.updated_at from publishing_day pd1_0 where pd1_0.day=?
Hibernate: select pd1_0.publishing_day_id,pd1_0.created_at,pd1_0.day,pd1_0.updated_at from publishing_day pd1_0 where pd1_0.day=?
2024-03-29T17:51:15.436+09:00 DEBUG 2896 --- [    Test worker] org.hibernate.SQL                        : insert into webtoon_publishing_day (created_at,publishing_day_id,updated_at,webtoon_id) values (?,?,?,?)
Hibernate: insert into webtoon_publishing_day (created_at,publishing_day_id,updated_at,webtoon_id) values (?,?,?,?)
연우의 순정
2024-03-29T17:51:15.444+09:00 DEBUG 2896 --- [    Test worker] org.hibernate.SQL                        : insert into webtoon (created_at,description,no_youth,publication_status,thumbnail,title,updated_at) values (?,?,?,?,?,?,?)
Hibernate: insert into webtoon (created_at,description,no_youth,publication_status,thumbnail,title,updated_at) values (?,?,?,?,?,?,?)
2024-03-29T17:51:15.450+09:00 DEBUG 2896 --- [    Test worker] org.hibernate.SQL                        : select pd1_0.publishing_day_id,pd1_0.created_at,pd1_0.day,pd1_0.updated_at from publishing_day pd1_0 where pd1_0.day=?
Hibernate: select pd1_0.publishing_day_id,pd1_0.created_at,pd1_0.day,pd1_0.updated_at from publishing_day pd1_0 where pd1_0.day=?
2024-03-29T17:51:15.453+09:00 DEBUG 2896 --- [    Test worker] org.hibernate.SQL                        : insert into webtoon_publishing_day (created_at,publishing_day_id,updated_at,webtoon_id) values (?,?,?,?)
Hibernate: insert into webtoon_publishing_day (created_at,publishing_day_id,updated_at,webtoon_id) values (?,?,?,?)
하우스키퍼
2024-03-29T17:51:15.460+09:00 DEBUG 2896 --- [    Test worker] org.hibernate.SQL                        : insert into webtoon (created_at,description,no_youth,publication_status,thumbnail,title,updated_at) values (?,?,?,?,?,?,?)
Hibernate: insert into webtoon (created_at,description,no_youth,publication_status,thumbnail,title,updated_at) values (?,?,?,?,?,?,?)
2024-03-29T17:51:15.466+09:00 DEBUG 2896 --- [    Test worker] org.hibernate.SQL                        : select pd1_0.publishing_day_id,pd1_0.created_at,pd1_0.day,pd1_0.updated_at from publishing_day pd1_0 where pd1_0.day=?
Hibernate: select pd1_0.publishing_day_id,pd1_0.created_at,pd1_0.day,pd1_0.updated_at from publishing_day pd1_0 where pd1_0.day=?
2024-03-29T17:51:15.470+09:00 DEBUG 2896 --- [    Test worker] org.hibernate.SQL                        : insert into webtoon_publishing_day (created_at,publishing_day_id,updated_at,webtoon_id) values (?,?,?,?)
Hibernate: insert into webtoon_publishing_day (created_at,publishing_day_id,updated_at,webtoon_id) values (?,?,?,?)
사리네 보석함
2024-03-29T17:51:15.475+09:00 DEBUG 2896 --- [    Test worker] org.hibernate.SQL                        : insert into webtoon (created_at,description,no_youth,publication_status,thumbnail,title,updated_at) values (?,?,?,?,?,?,?)
Hibernate: insert into webtoon (created_at,description,no_youth,publication_status,thumbnail,title,updated_at) values (?,?,?,?,?,?,?)
2024-03-29T17:51:15.482+09:00 DEBUG 2896 --- [    Test worker] org.hibernate.SQL                        : select pd1_0.publishing_day_id,pd1_0.created_at,pd1_0.day,pd1_0.updated_at from publishing_day pd1_0 where pd1_0.day=?
Hibernate: select pd1_0.publishing_day_id,pd1_0.created_at,pd1_0.day,pd1_0.updated_at from publishing_day pd1_0 where pd1_0.day=?
2024-03-29T17:51:15.485+09:00 DEBUG 2896 --- [    Test worker] org.hibernate.SQL                        : insert into webtoon_publishing_day (created_at,publishing_day_id,updated_at,webtoon_id) values (?,?,?,?)
Hibernate: insert into webtoon_publishing_day (created_at,publishing_day_id,updated_at,webtoon_id) values (?,?,?,?)
로잘린 보가트
2024-03-29T17:51:15.492+09:00 DEBUG 2896 --- [    Test worker] org.hibernate.SQL                        : insert into webtoon (created_at,description,no_youth,publication_status,thumbnail,title,updated_at) values (?,?,?,?,?,?,?)
Hibernate: insert into webtoon (created_at,description,no_youth,publication_status,thumbnail,title,updated_at) values (?,?,?,?,?,?,?)
2024-03-29T17:51:15.500+09:00 DEBUG 2896 --- [    Test worker] org.hibernate.SQL                        : select pd1_0.publishing_day_id,pd1_0.created_at,pd1_0.day,pd1_0.updated_at from publishing_day pd1_0 where pd1_0.day=?
Hibernate: select pd1_0.publishing_day_id,pd1_0.created_at,pd1_0.day,pd1_0.updated_at from publishing_day pd1_0 where pd1_0.day=?
2024-03-29T17:51:15.503+09:00 DEBUG 2896 --- [    Test worker] org.hibernate.SQL                        : insert into webtoon_publishing_day (created_at,publishing_day_id,updated_at,webtoon_id) values (?,?,?,?)
Hibernate: insert into webtoon_publishing_day (created_at,publishing_day_id,updated_at,webtoon_id) values (?,?,?,?)
오아뉴-멱살 한번 잡힙시다
2024-03-29T17:51:15.511+09:00 DEBUG 2896 --- [    Test worker] org.hibernate.SQL                        : insert into webtoon (created_at,description,no_youth,publication_status,thumbnail,title,updated_at) values (?,?,?,?,?,?,?)
Hibernate: insert into webtoon (created_at,description,no_youth,publication_status,thumbnail,title,updated_at) values (?,?,?,?,?,?,?)
2024-03-29T17:51:15.518+09:00 DEBUG 2896 --- [    Test worker] org.hibernate.SQL                        : select pd1_0.publishing_day_id,pd1_0.created_at,pd1_0.day,pd1_0.updated_at from publishing_day pd1_0 where pd1_0.day=?
Hibernate: select pd1_0.publishing_day_id,pd1_0.created_at,pd1_0.day,pd1_0.updated_at from publishing_day pd1_0 where pd1_0.day=?
2024-03-29T17:51:15.521+09:00 DEBUG 2896 --- [    Test worker] org.hibernate.SQL                        : insert into webtoon_publishing_day (created_at,publishing_day_id,updated_at,webtoon_id) values (?,?,?,?)
Hibernate: insert into webtoon_publishing_day (created_at,publishing_day_id,updated_at,webtoon_id) values (?,?,?,?)
약 파는 황태자
2024-03-29T17:51:15.528+09:00 DEBUG 2896 --- [    Test worker] org.hibernate.SQL                        : insert into webtoon (created_at,description,no_youth,publication_status,thumbnail,title,updated_at) values (?,?,?,?,?,?,?)
Hibernate: insert into webtoon (created_at,description,no_youth,publication_status,thumbnail,title,updated_at) values (?,?,?,?,?,?,?)
2024-03-29T17:51:15.536+09:00 DEBUG 2896 --- [    Test worker] org.hibernate.SQL                        : select pd1_0.publishing_day_id,pd1_0.created_at,pd1_0.day,pd1_0.updated_at from publishing_day pd1_0 where pd1_0.day=?
Hibernate: select pd1_0.publishing_day_id,pd1_0.created_at,pd1_0.day,pd1_0.updated_at from publishing_day pd1_0 where pd1_0.day=?
2024-03-29T17:51:15.539+09:00 DEBUG 2896 --- [    Test worker] org.hibernate.SQL                        : insert into webtoon_publishing_day (created_at,publishing_day_id,updated_at,webtoon_id) values (?,?,?,?)
Hibernate: insert into webtoon_publishing_day (created_at,publishing_day_id,updated_at,webtoon_id) values (?,?,?,?)
헥토파스칼
2024-03-29T17:51:15.547+09:00 DEBUG 2896 --- [    Test worker] org.hibernate.SQL                        : insert into webtoon (created_at,description,no_youth,publication_status,thumbnail,title,updated_at) values (?,?,?,?,?,?,?)
Hibernate: insert into webtoon (created_at,description,no_youth,publication_status,thumbnail,title,updated_at) values (?,?,?,?,?,?,?)
2024-03-29T17:51:15.557+09:00 DEBUG 2896 --- [    Test worker] org.hibernate.SQL                        : select pd1_0.publishing_day_id,pd1_0.created_at,pd1_0.day,pd1_0.updated_at from publishing_day pd1_0 where pd1_0.day=?
Hibernate: select pd1_0.publishing_day_id,pd1_0.created_at,pd1_0.day,pd1_0.updated_at from publishing_day pd1_0 where pd1_0.day=?
2024-03-29T17:51:15.559+09:00 DEBUG 2896 --- [    Test worker] org.hibernate.SQL                        : insert into webtoon_publishing_day (created_at,publishing_day_id,updated_at,webtoon_id) values (?,?,?,?)
Hibernate: insert into webtoon_publishing_day (created_at,publishing_day_id,updated_at,webtoon_id) values (?,?,?,?)
빌런투킬
2024-03-29T17:51:15.567+09:00 DEBUG 2896 --- [    Test worker] org.hibernate.SQL                        : insert into webtoon (created_at,description,no_youth,publication_status,thumbnail,title,updated_at) values (?,?,?,?,?,?,?)
Hibernate: insert into webtoon (created_at,description,no_youth,publication_status,thumbnail,title,updated_at) values (?,?,?,?,?,?,?)
2024-03-29T17:51:15.575+09:00 DEBUG 2896 --- [    Test worker] org.hibernate.SQL                        : select pd1_0.publishing_day_id,pd1_0.created_at,pd1_0.day,pd1_0.updated_at from publishing_day pd1_0 where pd1_0.day=?
Hibernate: select pd1_0.publishing_day_id,pd1_0.created_at,pd1_0.day,pd1_0.updated_at from publishing_day pd1_0 where pd1_0.day=?
2024-03-29T17:51:15.578+09:00 DEBUG 2896 --- [    Test worker] org.hibernate.SQL                        : insert into webtoon_publishing_day (created_at,publishing_day_id,updated_at,webtoon_id) values (?,?,?,?)
Hibernate: insert into webtoon_publishing_day (created_at,publishing_day_id,updated_at,webtoon_id) values (?,?,?,?)
은주의 방 2~3부
2024-03-29T17:51:15.587+09:00 DEBUG 2896 --- [    Test worker] org.hibernate.SQL                        : insert into webtoon (created_at,description,no_youth,publication_status,thumbnail,title,updated_at) values (?,?,?,?,?,?,?)
Hibernate: insert into webtoon (created_at,description,no_youth,publication_status,thumbnail,title,updated_at) values (?,?,?,?,?,?,?)
2024-03-29T17:51:15.594+09:00 DEBUG 2896 --- [    Test worker] org.hibernate.SQL                        : select pd1_0.publishing_day_id,pd1_0.created_at,pd1_0.day,pd1_0.updated_at from publishing_day pd1_0 where pd1_0.day=?
Hibernate: select pd1_0.publishing_day_id,pd1_0.created_at,pd1_0.day,pd1_0.updated_at from publishing_day pd1_0 where pd1_0.day=?
2024-03-29T17:51:15.597+09:00 DEBUG 2896 --- [    Test worker] org.hibernate.SQL                        : insert into webtoon_publishing_day (created_at,publishing_day_id,updated_at,webtoon_id) values (?,?,?,?)
Hibernate: insert into webtoon_publishing_day (created_at,publishing_day_id,updated_at,webtoon_id) values (?,?,?,?)
1331
2024-03-29T17:51:15.604+09:00 DEBUG 2896 --- [    Test worker] org.hibernate.SQL                        : insert into webtoon (created_at,description,no_youth,publication_status,thumbnail,title,updated_at) values (?,?,?,?,?,?,?)
Hibernate: insert into webtoon (created_at,description,no_youth,publication_status,thumbnail,title,updated_at) values (?,?,?,?,?,?,?)
2024-03-29T17:51:15.612+09:00 DEBUG 2896 --- [    Test worker] org.hibernate.SQL                        : select pd1_0.publishing_day_id,pd1_0.created_at,pd1_0.day,pd1_0.updated_at from publishing_day pd1_0 where pd1_0.day=?
Hibernate: select pd1_0.publishing_day_id,pd1_0.created_at,pd1_0.day,pd1_0.updated_at from publishing_day pd1_0 where pd1_0.day=?
2024-03-29T17:51:15.616+09:00 DEBUG 2896 --- [    Test worker] org.hibernate.SQL                        : insert into webtoon_publishing_day (created_at,publishing_day_id,updated_at,webtoon_id) values (?,?,?,?)
Hibernate: insert into webtoon_publishing_day (created_at,publishing_day_id,updated_at,webtoon_id) values (?,?,?,?)
개같은 아빠
2024-03-29T17:51:15.624+09:00 DEBUG 2896 --- [    Test worker] org.hibernate.SQL                        : insert into webtoon (created_at,description,no_youth,publication_status,thumbnail,title,updated_at) values (?,?,?,?,?,?,?)
Hibernate: insert into webtoon (created_at,description,no_youth,publication_status,thumbnail,title,updated_at) values (?,?,?,?,?,?,?)
2024-03-29T17:51:15.632+09:00 DEBUG 2896 --- [    Test worker] org.hibernate.SQL                        : select pd1_0.publishing_day_id,pd1_0.created_at,pd1_0.day,pd1_0.updated_at from publishing_day pd1_0 where pd1_0.day=?
Hibernate: select pd1_0.publishing_day_id,pd1_0.created_at,pd1_0.day,pd1_0.updated_at from publishing_day pd1_0 where pd1_0.day=?
2024-03-29T17:51:15.635+09:00 DEBUG 2896 --- [    Test worker] org.hibernate.SQL                        : insert into webtoon_publishing_day (created_at,publishing_day_id,updated_at,webtoon_id) values (?,?,?,?)
Hibernate: insert into webtoon_publishing_day (created_at,publishing_day_id,updated_at,webtoon_id) values (?,?,?,?)
왕게임
2024-03-29T17:51:15.642+09:00 DEBUG 2896 --- [    Test worker] org.hibernate.SQL                        : insert into webtoon (created_at,description,no_youth,publication_status,thumbnail,title,updated_at) values (?,?,?,?,?,?,?)
Hibernate: insert into webtoon (created_at,description,no_youth,publication_status,thumbnail,title,updated_at) values (?,?,?,?,?,?,?)
2024-03-29T17:51:15.650+09:00 DEBUG 2896 --- [    Test worker] org.hibernate.SQL                        : select pd1_0.publishing_day_id,pd1_0.created_at,pd1_0.day,pd1_0.updated_at from publishing_day pd1_0 where pd1_0.day=?
Hibernate: select pd1_0.publishing_day_id,pd1_0.created_at,pd1_0.day,pd1_0.updated_at from publishing_day pd1_0 where pd1_0.day=?
2024-03-29T17:51:15.653+09:00 DEBUG 2896 --- [    Test worker] org.hibernate.SQL                        : insert into webtoon_publishing_day (created_at,publishing_day_id,updated_at,webtoon_id) values (?,?,?,?)
Hibernate: insert into webtoon_publishing_day (created_at,publishing_day_id,updated_at,webtoon_id) values (?,?,?,?)
웅크
2024-03-29T17:51:15.659+09:00 DEBUG 2896 --- [    Test worker] org.hibernate.SQL                        : insert into webtoon (created_at,description,no_youth,publication_status,thumbnail,title,updated_at) values (?,?,?,?,?,?,?)
Hibernate: insert into webtoon (created_at,description,no_youth,publication_status,thumbnail,title,updated_at) values (?,?,?,?,?,?,?)
2024-03-29T17:51:15.666+09:00 DEBUG 2896 --- [    Test worker] org.hibernate.SQL                        : select pd1_0.publishing_day_id,pd1_0.created_at,pd1_0.day,pd1_0.updated_at from publishing_day pd1_0 where pd1_0.day=?
Hibernate: select pd1_0.publishing_day_id,pd1_0.created_at,pd1_0.day,pd1_0.updated_at from publishing_day pd1_0 where pd1_0.day=?
2024-03-29T17:51:15.669+09:00 DEBUG 2896 --- [    Test worker] org.hibernate.SQL                        : insert into webtoon_publishing_day (created_at,publishing_day_id,updated_at,webtoon_id) values (?,?,?,?)
Hibernate: insert into webtoon_publishing_day (created_at,publishing_day_id,updated_at,webtoon_id) values (?,?,?,?)
반대로 끌리는 사이
2024-03-29T17:51:15.676+09:00 DEBUG 2896 --- [    Test worker] org.hibernate.SQL                        : insert into webtoon (created_at,description,no_youth,publication_status,thumbnail,title,updated_at) values (?,?,?,?,?,?,?)
Hibernate: insert into webtoon (created_at,description,no_youth,publication_status,thumbnail,title,updated_at) values (?,?,?,?,?,?,?)
2024-03-29T17:51:15.684+09:00 DEBUG 2896 --- [    Test worker] org.hibernate.SQL                        : select pd1_0.publishing_day_id,pd1_0.created_at,pd1_0.day,pd1_0.updated_at from publishing_day pd1_0 where pd1_0.day=?
Hibernate: select pd1_0.publishing_day_id,pd1_0.created_at,pd1_0.day,pd1_0.updated_at from publishing_day pd1_0 where pd1_0.day=?
2024-03-29T17:51:15.687+09:00 DEBUG 2896 --- [    Test worker] org.hibernate.SQL                        : insert into webtoon_publishing_day (created_at,publishing_day_id,updated_at,webtoon_id) values (?,?,?,?)
Hibernate: insert into webtoon_publishing_day (created_at,publishing_day_id,updated_at,webtoon_id) values (?,?,?,?)
파도의 포말
2024-03-29T17:51:15.693+09:00 DEBUG 2896 --- [    Test worker] org.hibernate.SQL                        : insert into webtoon (created_at,description,no_youth,publication_status,thumbnail,title,updated_at) values (?,?,?,?,?,?,?)
Hibernate: insert into webtoon (created_at,description,no_youth,publication_status,thumbnail,title,updated_at) values (?,?,?,?,?,?,?)
2024-03-29T17:51:15.701+09:00 DEBUG 2896 --- [    Test worker] org.hibernate.SQL                        : select pd1_0.publishing_day_id,pd1_0.created_at,pd1_0.day,pd1_0.updated_at from publishing_day pd1_0 where pd1_0.day=?
Hibernate: select pd1_0.publishing_day_id,pd1_0.created_at,pd1_0.day,pd1_0.updated_at from publishing_day pd1_0 where pd1_0.day=?
2024-03-29T17:51:15.704+09:00 DEBUG 2896 --- [    Test worker] org.hibernate.SQL                        : insert into webtoon_publishing_day (created_at,publishing_day_id,updated_at,webtoon_id) values (?,?,?,?)
Hibernate: insert into webtoon_publishing_day (created_at,publishing_day_id,updated_at,webtoon_id) values (?,?,?,?)
에이머
2024-03-29T17:51:15.710+09:00 DEBUG 2896 --- [    Test worker] org.hibernate.SQL                        : insert into webtoon (created_at,description,no_youth,publication_status,thumbnail,title,updated_at) values (?,?,?,?,?,?,?)
Hibernate: insert into webtoon (created_at,description,no_youth,publication_status,thumbnail,title,updated_at) values (?,?,?,?,?,?,?)
2024-03-29T17:51:15.717+09:00 DEBUG 2896 --- [    Test worker] org.hibernate.SQL                        : select pd1_0.publishing_day_id,pd1_0.created_at,pd1_0.day,pd1_0.updated_at from publishing_day pd1_0 where pd1_0.day=?
Hibernate: select pd1_0.publishing_day_id,pd1_0.created_at,pd1_0.day,pd1_0.updated_at from publishing_day pd1_0 where pd1_0.day=?
2024-03-29T17:51:15.720+09:00 DEBUG 2896 --- [    Test worker] org.hibernate.SQL                        : insert into webtoon_publishing_day (created_at,publishing_day_id,updated_at,webtoon_id) values (?,?,?,?)
Hibernate: insert into webtoon_publishing_day (created_at,publishing_day_id,updated_at,webtoon_id) values (?,?,?,?)
올가미
2024-03-29T17:51:15.727+09:00 DEBUG 2896 --- [    Test worker] org.hibernate.SQL                        : insert into webtoon (created_at,description,no_youth,publication_status,thumbnail,title,updated_at) values (?,?,?,?,?,?,?)
Hibernate: insert into webtoon (created_at,description,no_youth,publication_status,thumbnail,title,updated_at) values (?,?,?,?,?,?,?)
2024-03-29T17:51:15.734+09:00 DEBUG 2896 --- [    Test worker] org.hibernate.SQL                        : select pd1_0.publishing_day_id,pd1_0.created_at,pd1_0.day,pd1_0.updated_at from publishing_day pd1_0 where pd1_0.day=?
Hibernate: select pd1_0.publishing_day_id,pd1_0.created_at,pd1_0.day,pd1_0.updated_at from publishing_day pd1_0 where pd1_0.day=?
2024-03-29T17:51:15.738+09:00 DEBUG 2896 --- [    Test worker] org.hibernate.SQL                        : insert into webtoon_publishing_day (created_at,publishing_day_id,updated_at,webtoon_id) values (?,?,?,?)
Hibernate: insert into webtoon_publishing_day (created_at,publishing_day_id,updated_at,webtoon_id) values (?,?,?,?)
뜻밖의 청혼
2024-03-29T17:51:15.746+09:00 DEBUG 2896 --- [    Test worker] org.hibernate.SQL                        : insert into webtoon (created_at,description,no_youth,publication_status,thumbnail,title,updated_at) values (?,?,?,?,?,?,?)
Hibernate: insert into webtoon (created_at,description,no_youth,publication_status,thumbnail,title,updated_at) values (?,?,?,?,?,?,?)
2024-03-29T17:51:15.755+09:00 DEBUG 2896 --- [    Test worker] org.hibernate.SQL                        : select pd1_0.publishing_day_id,pd1_0.created_at,pd1_0.day,pd1_0.updated_at from publishing_day pd1_0 where pd1_0.day=?
Hibernate: select pd1_0.publishing_day_id,pd1_0.created_at,pd1_0.day,pd1_0.updated_at from publishing_day pd1_0 where pd1_0.day=?
2024-03-29T17:51:15.757+09:00 DEBUG 2896 --- [    Test worker] org.hibernate.SQL                        : insert into webtoon_publishing_day (created_at,publishing_day_id,updated_at,webtoon_id) values (?,?,?,?)
Hibernate: insert into webtoon_publishing_day (created_at,publishing_day_id,updated_at,webtoon_id) values (?,?,?,?)
집착남주의 전부인이 되었습니다
2024-03-29T17:51:15.765+09:00 DEBUG 2896 --- [    Test worker] org.hibernate.SQL                        : insert into webtoon (created_at,description,no_youth,publication_status,thumbnail,title,updated_at) values (?,?,?,?,?,?,?)
Hibernate: insert into webtoon (created_at,description,no_youth,publication_status,thumbnail,title,updated_at) values (?,?,?,?,?,?,?)
2024-03-29T17:51:15.773+09:00 DEBUG 2896 --- [    Test worker] org.hibernate.SQL                        : select pd1_0.publishing_day_id,pd1_0.created_at,pd1_0.day,pd1_0.updated_at from publishing_day pd1_0 where pd1_0.day=?
Hibernate: select pd1_0.publishing_day_id,pd1_0.created_at,pd1_0.day,pd1_0.updated_at from publishing_day pd1_0 where pd1_0.day=?
2024-03-29T17:51:15.775+09:00 DEBUG 2896 --- [    Test worker] org.hibernate.SQL                        : insert into webtoon_publishing_day (created_at,publishing_day_id,updated_at,webtoon_id) values (?,?,?,?)
Hibernate: insert into webtoon_publishing_day (created_at,publishing_day_id,updated_at,webtoon_id) values (?,?,?,?)
그냥 선생님
2024-03-29T17:51:15.784+09:00 DEBUG 2896 --- [    Test worker] org.hibernate.SQL                        : insert into webtoon (created_at,description,no_youth,publication_status,thumbnail,title,updated_at) values (?,?,?,?,?,?,?)
Hibernate: insert into webtoon (created_at,description,no_youth,publication_status,thumbnail,title,updated_at) values (?,?,?,?,?,?,?)
2024-03-29T17:51:15.791+09:00 DEBUG 2896 --- [    Test worker] org.hibernate.SQL                        : select pd1_0.publishing_day_id,pd1_0.created_at,pd1_0.day,pd1_0.updated_at from publishing_day pd1_0 where pd1_0.day=?
Hibernate: select pd1_0.publishing_day_id,pd1_0.created_at,pd1_0.day,pd1_0.updated_at from publishing_day pd1_0 where pd1_0.day=?
2024-03-29T17:51:15.794+09:00 DEBUG 2896 --- [    Test worker] org.hibernate.SQL                        : insert into webtoon_publishing_day (created_at,publishing_day_id,updated_at,webtoon_id) values (?,?,?,?)
Hibernate: insert into webtoon_publishing_day (created_at,publishing_day_id,updated_at,webtoon_id) values (?,?,?,?)
맹수 사용 설명서
2024-03-29T17:51:15.801+09:00 DEBUG 2896 --- [    Test worker] org.hibernate.SQL                        : insert into webtoon (created_at,description,no_youth,publication_status,thumbnail,title,updated_at) values (?,?,?,?,?,?,?)
Hibernate: insert into webtoon (created_at,description,no_youth,publication_status,thumbnail,title,updated_at) values (?,?,?,?,?,?,?)
2024-03-29T17:51:15.809+09:00 DEBUG 2896 --- [    Test worker] org.hibernate.SQL                        : select pd1_0.publishing_day_id,pd1_0.created_at,pd1_0.day,pd1_0.updated_at from publishing_day pd1_0 where pd1_0.day=?
Hibernate: select pd1_0.publishing_day_id,pd1_0.created_at,pd1_0.day,pd1_0.updated_at from publishing_day pd1_0 where pd1_0.day=?
2024-03-29T17:51:15.812+09:00 DEBUG 2896 --- [    Test worker] org.hibernate.SQL                        : insert into webtoon_publishing_day (created_at,publishing_day_id,updated_at,webtoon_id) values (?,?,?,?)
Hibernate: insert into webtoon_publishing_day (created_at,publishing_day_id,updated_at,webtoon_id) values (?,?,?,?)
형사본색
2024-03-29T17:51:15.818+09:00 DEBUG 2896 --- [    Test worker] org.hibernate.SQL                        : insert into webtoon (created_at,description,no_youth,publication_status,thumbnail,title,updated_at) values (?,?,?,?,?,?,?)
Hibernate: insert into webtoon (created_at,description,no_youth,publication_status,thumbnail,title,updated_at) values (?,?,?,?,?,?,?)
2024-03-29T17:51:15.825+09:00 DEBUG 2896 --- [    Test worker] org.hibernate.SQL                        : select pd1_0.publishing_day_id,pd1_0.created_at,pd1_0.day,pd1_0.updated_at from publishing_day pd1_0 where pd1_0.day=?
Hibernate: select pd1_0.publishing_day_id,pd1_0.created_at,pd1_0.day,pd1_0.updated_at from publishing_day pd1_0 where pd1_0.day=?
2024-03-29T17:51:15.828+09:00 DEBUG 2896 --- [    Test worker] org.hibernate.SQL                        : insert into webtoon_publishing_day (created_at,publishing_day_id,updated_at,webtoon_id) values (?,?,?,?)
Hibernate: insert into webtoon_publishing_day (created_at,publishing_day_id,updated_at,webtoon_id) values (?,?,?,?)
해골협객
2024-03-29T17:51:15.834+09:00 DEBUG 2896 --- [    Test worker] org.hibernate.SQL                        : insert into webtoon (created_at,description,no_youth,publication_status,thumbnail,title,updated_at) values (?,?,?,?,?,?,?)
Hibernate: insert into webtoon (created_at,description,no_youth,publication_status,thumbnail,title,updated_at) values (?,?,?,?,?,?,?)
2024-03-29T17:51:15.840+09:00 DEBUG 2896 --- [    Test worker] org.hibernate.SQL                        : select pd1_0.publishing_day_id,pd1_0.created_at,pd1_0.day,pd1_0.updated_at from publishing_day pd1_0 where pd1_0.day=?
Hibernate: select pd1_0.publishing_day_id,pd1_0.created_at,pd1_0.day,pd1_0.updated_at from publishing_day pd1_0 where pd1_0.day=?
2024-03-29T17:51:15.843+09:00 DEBUG 2896 --- [    Test worker] org.hibernate.SQL                        : insert into webtoon_publishing_day (created_at,publishing_day_id,updated_at,webtoon_id) values (?,?,?,?)
Hibernate: insert into webtoon_publishing_day (created_at,publishing_day_id,updated_at,webtoon_id) values (?,?,?,?)
암호는 002!
2024-03-29T17:51:15.850+09:00 DEBUG 2896 --- [    Test worker] org.hibernate.SQL                        : insert into webtoon (created_at,description,no_youth,publication_status,thumbnail,title,updated_at) values (?,?,?,?,?,?,?)
Hibernate: insert into webtoon (created_at,description,no_youth,publication_status,thumbnail,title,updated_at) values (?,?,?,?,?,?,?)
2024-03-29T17:51:15.858+09:00 DEBUG 2896 --- [    Test worker] org.hibernate.SQL                        : select pd1_0.publishing_day_id,pd1_0.created_at,pd1_0.day,pd1_0.updated_at from publishing_day pd1_0 where pd1_0.day=?
Hibernate: select pd1_0.publishing_day_id,pd1_0.created_at,pd1_0.day,pd1_0.updated_at from publishing_day pd1_0 where pd1_0.day=?
2024-03-29T17:51:15.860+09:00 DEBUG 2896 --- [    Test worker] org.hibernate.SQL                        : insert into webtoon_publishing_day (created_at,publishing_day_id,updated_at,webtoon_id) values (?,?,?,?)
Hibernate: insert into webtoon_publishing_day (created_at,publishing_day_id,updated_at,webtoon_id) values (?,?,?,?)
빛나는 나나나나
2024-03-29T17:51:15.866+09:00 DEBUG 2896 --- [    Test worker] org.hibernate.SQL                        : insert into webtoon (created_at,description,no_youth,publication_status,thumbnail,title,updated_at) values (?,?,?,?,?,?,?)
Hibernate: insert into webtoon (created_at,description,no_youth,publication_status,thumbnail,title,updated_at) values (?,?,?,?,?,?,?)
2024-03-29T17:51:15.874+09:00 DEBUG 2896 --- [    Test worker] org.hibernate.SQL                        : select pd1_0.publishing_day_id,pd1_0.created_at,pd1_0.day,pd1_0.updated_at from publishing_day pd1_0 where pd1_0.day=?
Hibernate: select pd1_0.publishing_day_id,pd1_0.created_at,pd1_0.day,pd1_0.updated_at from publishing_day pd1_0 where pd1_0.day=?
2024-03-29T17:51:15.877+09:00 DEBUG 2896 --- [    Test worker] org.hibernate.SQL                        : insert into webtoon_publishing_day (created_at,publishing_day_id,updated_at,webtoon_id) values (?,?,?,?)
Hibernate: insert into webtoon_publishing_day (created_at,publishing_day_id,updated_at,webtoon_id) values (?,?,?,?)
흑역사 어게인
2024-03-29T17:51:15.883+09:00 DEBUG 2896 --- [    Test worker] org.hibernate.SQL                        : insert into webtoon (created_at,description,no_youth,publication_status,thumbnail,title,updated_at) values (?,?,?,?,?,?,?)
Hibernate: insert into webtoon (created_at,description,no_youth,publication_status,thumbnail,title,updated_at) values (?,?,?,?,?,?,?)
2024-03-29T17:51:15.890+09:00 DEBUG 2896 --- [    Test worker] org.hibernate.SQL                        : select pd1_0.publishing_day_id,pd1_0.created_at,pd1_0.day,pd1_0.updated_at from publishing_day pd1_0 where pd1_0.day=?
Hibernate: select pd1_0.publishing_day_id,pd1_0.created_at,pd1_0.day,pd1_0.updated_at from publishing_day pd1_0 where pd1_0.day=?
2024-03-29T17:51:15.892+09:00 DEBUG 2896 --- [    Test worker] org.hibernate.SQL                        : insert into webtoon_publishing_day (created_at,publishing_day_id,updated_at,webtoon_id) values (?,?,?,?)
Hibernate: insert into webtoon_publishing_day (created_at,publishing_day_id,updated_at,webtoon_id) values (?,?,?,?)
아이즈
2024-03-29T17:51:15.898+09:00 DEBUG 2896 --- [    Test worker] org.hibernate.SQL                        : insert into webtoon (created_at,description,no_youth,publication_status,thumbnail,title,updated_at) values (?,?,?,?,?,?,?)
Hibernate: insert into webtoon (created_at,description,no_youth,publication_status,thumbnail,title,updated_at) values (?,?,?,?,?,?,?)
2024-03-29T17:51:15.905+09:00 DEBUG 2896 --- [    Test worker] org.hibernate.SQL                        : select pd1_0.publishing_day_id,pd1_0.created_at,pd1_0.day,pd1_0.updated_at from publishing_day pd1_0 where pd1_0.day=?
Hibernate: select pd1_0.publishing_day_id,pd1_0.created_at,pd1_0.day,pd1_0.updated_at from publishing_day pd1_0 where pd1_0.day=?
2024-03-29T17:51:15.908+09:00 DEBUG 2896 --- [    Test worker] org.hibernate.SQL                        : insert into webtoon_publishing_day (created_at,publishing_day_id,updated_at,webtoon_id) values (?,?,?,?)
Hibernate: insert into webtoon_publishing_day (created_at,publishing_day_id,updated_at,webtoon_id) values (?,?,?,?)
무원야담
2024-03-29T17:51:15.916+09:00 DEBUG 2896 --- [    Test worker] org.hibernate.SQL                        : insert into webtoon (created_at,description,no_youth,publication_status,thumbnail,title,updated_at) values (?,?,?,?,?,?,?)
Hibernate: insert into webtoon (created_at,description,no_youth,publication_status,thumbnail,title,updated_at) values (?,?,?,?,?,?,?)
2024-03-29T17:51:15.923+09:00 DEBUG 2896 --- [    Test worker] org.hibernate.SQL                        : select pd1_0.publishing_day_id,pd1_0.created_at,pd1_0.day,pd1_0.updated_at from publishing_day pd1_0 where pd1_0.day=?
Hibernate: select pd1_0.publishing_day_id,pd1_0.created_at,pd1_0.day,pd1_0.updated_at from publishing_day pd1_0 where pd1_0.day=?
2024-03-29T17:51:15.926+09:00 DEBUG 2896 --- [    Test worker] org.hibernate.SQL                        : insert into webtoon_publishing_day (created_at,publishing_day_id,updated_at,webtoon_id) values (?,?,?,?)
Hibernate: insert into webtoon_publishing_day (created_at,publishing_day_id,updated_at,webtoon_id) values (?,?,?,?)
배드 엔딩 메이커
2024-03-29T17:51:15.933+09:00 DEBUG 2896 --- [    Test worker] org.hibernate.SQL                        : insert into webtoon (created_at,description,no_youth,publication_status,thumbnail,title,updated_at) values (?,?,?,?,?,?,?)
Hibernate: insert into webtoon (created_at,description,no_youth,publication_status,thumbnail,title,updated_at) values (?,?,?,?,?,?,?)
2024-03-29T17:51:15.941+09:00 DEBUG 2896 --- [    Test worker] org.hibernate.SQL                        : select pd1_0.publishing_day_id,pd1_0.created_at,pd1_0.day,pd1_0.updated_at from publishing_day pd1_0 where pd1_0.day=?
Hibernate: select pd1_0.publishing_day_id,pd1_0.created_at,pd1_0.day,pd1_0.updated_at from publishing_day pd1_0 where pd1_0.day=?
2024-03-29T17:51:15.944+09:00 DEBUG 2896 --- [    Test worker] org.hibernate.SQL                        : insert into webtoon_publishing_day (created_at,publishing_day_id,updated_at,webtoon_id) values (?,?,?,?)
Hibernate: insert into webtoon_publishing_day (created_at,publishing_day_id,updated_at,webtoon_id) values (?,?,?,?)
친애하는 연서
2024-03-29T17:51:15.950+09:00 DEBUG 2896 --- [    Test worker] org.hibernate.SQL                        : insert into webtoon (created_at,description,no_youth,publication_status,thumbnail,title,updated_at) values (?,?,?,?,?,?,?)
Hibernate: insert into webtoon (created_at,description,no_youth,publication_status,thumbnail,title,updated_at) values (?,?,?,?,?,?,?)
2024-03-29T17:51:15.959+09:00 DEBUG 2896 --- [    Test worker] org.hibernate.SQL                        : select pd1_0.publishing_day_id,pd1_0.created_at,pd1_0.day,pd1_0.updated_at from publishing_day pd1_0 where pd1_0.day=?
Hibernate: select pd1_0.publishing_day_id,pd1_0.created_at,pd1_0.day,pd1_0.updated_at from publishing_day pd1_0 where pd1_0.day=?
2024-03-29T17:51:15.962+09:00 DEBUG 2896 --- [    Test worker] org.hibernate.SQL                        : insert into webtoon_publishing_day (created_at,publishing_day_id,updated_at,webtoon_id) values (?,?,?,?)
Hibernate: insert into webtoon_publishing_day (created_at,publishing_day_id,updated_at,webtoon_id) values (?,?,?,?)
폭군의 심장을 쥐었다
2024-03-29T17:51:15.970+09:00 DEBUG 2896 --- [    Test worker] org.hibernate.SQL                        : insert into webtoon (created_at,description,no_youth,publication_status,thumbnail,title,updated_at) values (?,?,?,?,?,?,?)
Hibernate: insert into webtoon (created_at,description,no_youth,publication_status,thumbnail,title,updated_at) values (?,?,?,?,?,?,?)
2024-03-29T17:51:15.979+09:00 DEBUG 2896 --- [    Test worker] org.hibernate.SQL                        : select pd1_0.publishing_day_id,pd1_0.created_at,pd1_0.day,pd1_0.updated_at from publishing_day pd1_0 where pd1_0.day=?
Hibernate: select pd1_0.publishing_day_id,pd1_0.created_at,pd1_0.day,pd1_0.updated_at from publishing_day pd1_0 where pd1_0.day=?
2024-03-29T17:51:15.982+09:00 DEBUG 2896 --- [    Test worker] org.hibernate.SQL                        : insert into webtoon_publishing_day (created_at,publishing_day_id,updated_at,webtoon_id) values (?,?,?,?)
Hibernate: insert into webtoon_publishing_day (created_at,publishing_day_id,updated_at,webtoon_id) values (?,?,?,?)
환수왕
2024-03-29T17:51:15.989+09:00 DEBUG 2896 --- [    Test worker] org.hibernate.SQL                        : insert into webtoon (created_at,description,no_youth,publication_status,thumbnail,title,updated_at) values (?,?,?,?,?,?,?)
Hibernate: insert into webtoon (created_at,description,no_youth,publication_status,thumbnail,title,updated_at) values (?,?,?,?,?,?,?)
2024-03-29T17:51:15.996+09:00 DEBUG 2896 --- [    Test worker] org.hibernate.SQL                        : select pd1_0.publishing_day_id,pd1_0.created_at,pd1_0.day,pd1_0.updated_at from publishing_day pd1_0 where pd1_0.day=?
Hibernate: select pd1_0.publishing_day_id,pd1_0.created_at,pd1_0.day,pd1_0.updated_at from publishing_day pd1_0 where pd1_0.day=?
2024-03-29T17:51:16.000+09:00 DEBUG 2896 --- [    Test worker] org.hibernate.SQL                        : insert into webtoon_publishing_day (created_at,publishing_day_id,updated_at,webtoon_id) values (?,?,?,?)
Hibernate: insert into webtoon_publishing_day (created_at,publishing_day_id,updated_at,webtoon_id) values (?,?,?,?)
거짓말의 뉘앙스
2024-03-29T17:51:16.006+09:00 DEBUG 2896 --- [    Test worker] org.hibernate.SQL                        : insert into webtoon (created_at,description,no_youth,publication_status,thumbnail,title,updated_at) values (?,?,?,?,?,?,?)
Hibernate: insert into webtoon (created_at,description,no_youth,publication_status,thumbnail,title,updated_at) values (?,?,?,?,?,?,?)
2024-03-29T17:51:16.014+09:00 DEBUG 2896 --- [    Test worker] org.hibernate.SQL                        : select pd1_0.publishing_day_id,pd1_0.created_at,pd1_0.day,pd1_0.updated_at from publishing_day pd1_0 where pd1_0.day=?
Hibernate: select pd1_0.publishing_day_id,pd1_0.created_at,pd1_0.day,pd1_0.updated_at from publishing_day pd1_0 where pd1_0.day=?
2024-03-29T17:51:16.018+09:00 DEBUG 2896 --- [    Test worker] org.hibernate.SQL                        : insert into webtoon_publishing_day (created_at,publishing_day_id,updated_at,webtoon_id) values (?,?,?,?)
Hibernate: insert into webtoon_publishing_day (created_at,publishing_day_id,updated_at,webtoon_id) values (?,?,?,?)
랜덤타겟
2024-03-29T17:51:16.025+09:00 DEBUG 2896 --- [    Test worker] org.hibernate.SQL                        : insert into webtoon (created_at,description,no_youth,publication_status,thumbnail,title,updated_at) values (?,?,?,?,?,?,?)
Hibernate: insert into webtoon (created_at,description,no_youth,publication_status,thumbnail,title,updated_at) values (?,?,?,?,?,?,?)
2024-03-29T17:51:16.033+09:00 DEBUG 2896 --- [    Test worker] org.hibernate.SQL                        : select pd1_0.publishing_day_id,pd1_0.created_at,pd1_0.day,pd1_0.updated_at from publishing_day pd1_0 where pd1_0.day=?
Hibernate: select pd1_0.publishing_day_id,pd1_0.created_at,pd1_0.day,pd1_0.updated_at from publishing_day pd1_0 where pd1_0.day=?
2024-03-29T17:51:16.036+09:00 DEBUG 2896 --- [    Test worker] org.hibernate.SQL                        : insert into webtoon_publishing_day (created_at,publishing_day_id,updated_at,webtoon_id) values (?,?,?,?)
Hibernate: insert into webtoon_publishing_day (created_at,publishing_day_id,updated_at,webtoon_id) values (?,?,?,?)
미워할 거야
2024-03-29T17:51:16.042+09:00 DEBUG 2896 --- [    Test worker] org.hibernate.SQL                        : insert into webtoon (created_at,description,no_youth,publication_status,thumbnail,title,updated_at) values (?,?,?,?,?,?,?)
Hibernate: insert into webtoon (created_at,description,no_youth,publication_status,thumbnail,title,updated_at) values (?,?,?,?,?,?,?)
2024-03-29T17:51:16.048+09:00 DEBUG 2896 --- [    Test worker] org.hibernate.SQL                        : select pd1_0.publishing_day_id,pd1_0.created_at,pd1_0.day,pd1_0.updated_at from publishing_day pd1_0 where pd1_0.day=?
Hibernate: select pd1_0.publishing_day_id,pd1_0.created_at,pd1_0.day,pd1_0.updated_at from publishing_day pd1_0 where pd1_0.day=?
2024-03-29T17:51:16.051+09:00 DEBUG 2896 --- [    Test worker] org.hibernate.SQL                        : insert into webtoon_publishing_day (created_at,publishing_day_id,updated_at,webtoon_id) values (?,?,?,?)
Hibernate: insert into webtoon_publishing_day (created_at,publishing_day_id,updated_at,webtoon_id) values (?,?,?,?)
착한 여자 안선해
2024-03-29T17:51:16.057+09:00 DEBUG 2896 --- [    Test worker] org.hibernate.SQL                        : insert into webtoon (created_at,description,no_youth,publication_status,thumbnail,title,updated_at) values (?,?,?,?,?,?,?)
Hibernate: insert into webtoon (created_at,description,no_youth,publication_status,thumbnail,title,updated_at) values (?,?,?,?,?,?,?)
2024-03-29T17:51:16.064+09:00 DEBUG 2896 --- [    Test worker] org.hibernate.SQL                        : select pd1_0.publishing_day_id,pd1_0.created_at,pd1_0.day,pd1_0.updated_at from publishing_day pd1_0 where pd1_0.day=?
Hibernate: select pd1_0.publishing_day_id,pd1_0.created_at,pd1_0.day,pd1_0.updated_at from publishing_day pd1_0 where pd1_0.day=?
2024-03-29T17:51:16.066+09:00 DEBUG 2896 --- [    Test worker] org.hibernate.SQL                        : insert into webtoon_publishing_day (created_at,publishing_day_id,updated_at,webtoon_id) values (?,?,?,?)
Hibernate: insert into webtoon_publishing_day (created_at,publishing_day_id,updated_at,webtoon_id) values (?,?,?,?)
제로게임
2024-03-29T17:51:16.072+09:00 DEBUG 2896 --- [    Test worker] org.hibernate.SQL                        : insert into webtoon (created_at,description,no_youth,publication_status,thumbnail,title,updated_at) values (?,?,?,?,?,?,?)
Hibernate: insert into webtoon (created_at,description,no_youth,publication_status,thumbnail,title,updated_at) values (?,?,?,?,?,?,?)
2024-03-29T17:51:16.078+09:00 DEBUG 2896 --- [    Test worker] org.hibernate.SQL                        : select pd1_0.publishing_day_id,pd1_0.created_at,pd1_0.day,pd1_0.updated_at from publishing_day pd1_0 where pd1_0.day=?
Hibernate: select pd1_0.publishing_day_id,pd1_0.created_at,pd1_0.day,pd1_0.updated_at from publishing_day pd1_0 where pd1_0.day=?
2024-03-29T17:51:16.081+09:00 DEBUG 2896 --- [    Test worker] org.hibernate.SQL                        : insert into webtoon_publishing_day (created_at,publishing_day_id,updated_at,webtoon_id) values (?,?,?,?)
Hibernate: insert into webtoon_publishing_day (created_at,publishing_day_id,updated_at,webtoon_id) values (?,?,?,?)
주인님을 잡아먹는 방법
2024-03-29T17:51:16.088+09:00 DEBUG 2896 --- [    Test worker] org.hibernate.SQL                        : insert into webtoon (created_at,description,no_youth,publication_status,thumbnail,title,updated_at) values (?,?,?,?,?,?,?)
Hibernate: insert into webtoon (created_at,description,no_youth,publication_status,thumbnail,title,updated_at) values (?,?,?,?,?,?,?)
2024-03-29T17:51:16.093+09:00 DEBUG 2896 --- [    Test worker] org.hibernate.SQL                        : select pd1_0.publishing_day_id,pd1_0.created_at,pd1_0.day,pd1_0.updated_at from publishing_day pd1_0 where pd1_0.day=?
Hibernate: select pd1_0.publishing_day_id,pd1_0.created_at,pd1_0.day,pd1_0.updated_at from publishing_day pd1_0 where pd1_0.day=?
2024-03-29T17:51:16.095+09:00 DEBUG 2896 --- [    Test worker] org.hibernate.SQL                        : insert into webtoon_publishing_day (created_at,publishing_day_id,updated_at,webtoon_id) values (?,?,?,?)
Hibernate: insert into webtoon_publishing_day (created_at,publishing_day_id,updated_at,webtoon_id) values (?,?,?,?)
붉은 이정표
2024-03-29T17:51:16.102+09:00 DEBUG 2896 --- [    Test worker] org.hibernate.SQL                        : insert into webtoon (created_at,description,no_youth,publication_status,thumbnail,title,updated_at) values (?,?,?,?,?,?,?)
Hibernate: insert into webtoon (created_at,description,no_youth,publication_status,thumbnail,title,updated_at) values (?,?,?,?,?,?,?)
2024-03-29T17:51:16.109+09:00 DEBUG 2896 --- [    Test worker] org.hibernate.SQL                        : select pd1_0.publishing_day_id,pd1_0.created_at,pd1_0.day,pd1_0.updated_at from publishing_day pd1_0 where pd1_0.day=?
Hibernate: select pd1_0.publishing_day_id,pd1_0.created_at,pd1_0.day,pd1_0.updated_at from publishing_day pd1_0 where pd1_0.day=?
2024-03-29T17:51:16.112+09:00 DEBUG 2896 --- [    Test worker] org.hibernate.SQL                        : insert into webtoon_publishing_day (created_at,publishing_day_id,updated_at,webtoon_id) values (?,?,?,?)
Hibernate: insert into webtoon_publishing_day (created_at,publishing_day_id,updated_at,webtoon_id) values (?,?,?,?)
우투리: THE LEGACY
2024-03-29T17:51:16.119+09:00 DEBUG 2896 --- [    Test worker] org.hibernate.SQL                        : insert into webtoon (created_at,description,no_youth,publication_status,thumbnail,title,updated_at) values (?,?,?,?,?,?,?)
Hibernate: insert into webtoon (created_at,description,no_youth,publication_status,thumbnail,title,updated_at) values (?,?,?,?,?,?,?)
2024-03-29T17:51:16.126+09:00 DEBUG 2896 --- [    Test worker] org.hibernate.SQL                        : select pd1_0.publishing_day_id,pd1_0.created_at,pd1_0.day,pd1_0.updated_at from publishing_day pd1_0 where pd1_0.day=?
Hibernate: select pd1_0.publishing_day_id,pd1_0.created_at,pd1_0.day,pd1_0.updated_at from publishing_day pd1_0 where pd1_0.day=?
2024-03-29T17:51:16.129+09:00 DEBUG 2896 --- [    Test worker] org.hibernate.SQL                        : insert into webtoon_publishing_day (created_at,publishing_day_id,updated_at,webtoon_id) values (?,?,?,?)
Hibernate: insert into webtoon_publishing_day (created_at,publishing_day_id,updated_at,webtoon_id) values (?,?,?,?)
렌탈히어로
2024-03-29T17:51:16.136+09:00 DEBUG 2896 --- [    Test worker] org.hibernate.SQL                        : insert into webtoon (created_at,description,no_youth,publication_status,thumbnail,title,updated_at) values (?,?,?,?,?,?,?)
Hibernate: insert into webtoon (created_at,description,no_youth,publication_status,thumbnail,title,updated_at) values (?,?,?,?,?,?,?)
2024-03-29T17:51:16.144+09:00 DEBUG 2896 --- [    Test worker] org.hibernate.SQL                        : select pd1_0.publishing_day_id,pd1_0.created_at,pd1_0.day,pd1_0.updated_at from publishing_day pd1_0 where pd1_0.day=?
Hibernate: select pd1_0.publishing_day_id,pd1_0.created_at,pd1_0.day,pd1_0.updated_at from publishing_day pd1_0 where pd1_0.day=?
2024-03-29T17:51:16.147+09:00 DEBUG 2896 --- [    Test worker] org.hibernate.SQL                        : insert into webtoon_publishing_day (created_at,publishing_day_id,updated_at,webtoon_id) values (?,?,?,?)
Hibernate: insert into webtoon_publishing_day (created_at,publishing_day_id,updated_at,webtoon_id) values (?,?,?,?)
필리아로제 - 가시왕관의 예언
2024-03-29T17:51:16.153+09:00 DEBUG 2896 --- [    Test worker] org.hibernate.SQL                        : insert into webtoon (created_at,description,no_youth,publication_status,thumbnail,title,updated_at) values (?,?,?,?,?,?,?)
Hibernate: insert into webtoon (created_at,description,no_youth,publication_status,thumbnail,title,updated_at) values (?,?,?,?,?,?,?)
2024-03-29T17:51:16.161+09:00 DEBUG 2896 --- [    Test worker] org.hibernate.SQL                        : select pd1_0.publishing_day_id,pd1_0.created_at,pd1_0.day,pd1_0.updated_at from publishing_day pd1_0 where pd1_0.day=?
Hibernate: select pd1_0.publishing_day_id,pd1_0.created_at,pd1_0.day,pd1_0.updated_at from publishing_day pd1_0 where pd1_0.day=?
2024-03-29T17:51:16.163+09:00 DEBUG 2896 --- [    Test worker] org.hibernate.SQL                        : insert into webtoon_publishing_day (created_at,publishing_day_id,updated_at,webtoon_id) values (?,?,?,?)
Hibernate: insert into webtoon_publishing_day (created_at,publishing_day_id,updated_at,webtoon_id) values (?,?,?,?)
윗집 그 남자
2024-03-29T17:51:16.170+09:00 DEBUG 2896 --- [    Test worker] org.hibernate.SQL                        : insert into webtoon (created_at,description,no_youth,publication_status,thumbnail,title,updated_at) values (?,?,?,?,?,?,?)
Hibernate: insert into webtoon (created_at,description,no_youth,publication_status,thumbnail,title,updated_at) values (?,?,?,?,?,?,?)
2024-03-29T17:51:16.178+09:00 DEBUG 2896 --- [    Test worker] org.hibernate.SQL                        : select pd1_0.publishing_day_id,pd1_0.created_at,pd1_0.day,pd1_0.updated_at from publishing_day pd1_0 where pd1_0.day=?
Hibernate: select pd1_0.publishing_day_id,pd1_0.created_at,pd1_0.day,pd1_0.updated_at from publishing_day pd1_0 where pd1_0.day=?
2024-03-29T17:51:16.181+09:00 DEBUG 2896 --- [    Test worker] org.hibernate.SQL                        : insert into webtoon_publishing_day (created_at,publishing_day_id,updated_at,webtoon_id) values (?,?,?,?)
Hibernate: insert into webtoon_publishing_day (created_at,publishing_day_id,updated_at,webtoon_id) values (?,?,?,?)
원포인트
2024-03-29T17:51:16.187+09:00 DEBUG 2896 --- [    Test worker] org.hibernate.SQL                        : insert into webtoon (created_at,description,no_youth,publication_status,thumbnail,title,updated_at) values (?,?,?,?,?,?,?)
Hibernate: insert into webtoon (created_at,description,no_youth,publication_status,thumbnail,title,updated_at) values (?,?,?,?,?,?,?)
2024-03-29T17:51:16.194+09:00 DEBUG 2896 --- [    Test worker] org.hibernate.SQL                        : select pd1_0.publishing_day_id,pd1_0.created_at,pd1_0.day,pd1_0.updated_at from publishing_day pd1_0 where pd1_0.day=?
Hibernate: select pd1_0.publishing_day_id,pd1_0.created_at,pd1_0.day,pd1_0.updated_at from publishing_day pd1_0 where pd1_0.day=?
2024-03-29T17:51:16.197+09:00 DEBUG 2896 --- [    Test worker] org.hibernate.SQL                        : insert into webtoon_publishing_day (created_at,publishing_day_id,updated_at,webtoon_id) values (?,?,?,?)
Hibernate: insert into webtoon_publishing_day (created_at,publishing_day_id,updated_at,webtoon_id) values (?,?,?,?)
시한부 황후의 나쁜 짓
2024-03-29T17:51:16.205+09:00 DEBUG 2896 --- [    Test worker] org.hibernate.SQL                        : insert into webtoon (created_at,description,no_youth,publication_status,thumbnail,title,updated_at) values (?,?,?,?,?,?,?)
Hibernate: insert into webtoon (created_at,description,no_youth,publication_status,thumbnail,title,updated_at) values (?,?,?,?,?,?,?)
2024-03-29T17:51:16.214+09:00 DEBUG 2896 --- [    Test worker] org.hibernate.SQL                        : select pd1_0.publishing_day_id,pd1_0.created_at,pd1_0.day,pd1_0.updated_at from publishing_day pd1_0 where pd1_0.day=?
Hibernate: select pd1_0.publishing_day_id,pd1_0.created_at,pd1_0.day,pd1_0.updated_at from publishing_day pd1_0 where pd1_0.day=?
2024-03-29T17:51:16.218+09:00 DEBUG 2896 --- [    Test worker] org.hibernate.SQL                        : insert into webtoon_publishing_day (created_at,publishing_day_id,updated_at,webtoon_id) values (?,?,?,?)
Hibernate: insert into webtoon_publishing_day (created_at,publishing_day_id,updated_at,webtoon_id) values (?,?,?,?)
동경과 거짓말
2024-03-29T17:51:16.227+09:00 DEBUG 2896 --- [    Test worker] org.hibernate.SQL                        : insert into webtoon (created_at,description,no_youth,publication_status,thumbnail,title,updated_at) values (?,?,?,?,?,?,?)
Hibernate: insert into webtoon (created_at,description,no_youth,publication_status,thumbnail,title,updated_at) values (?,?,?,?,?,?,?)
2024-03-29T17:51:16.235+09:00 DEBUG 2896 --- [    Test worker] org.hibernate.SQL                        : select pd1_0.publishing_day_id,pd1_0.created_at,pd1_0.day,pd1_0.updated_at from publishing_day pd1_0 where pd1_0.day=?
Hibernate: select pd1_0.publishing_day_id,pd1_0.created_at,pd1_0.day,pd1_0.updated_at from publishing_day pd1_0 where pd1_0.day=?
2024-03-29T17:51:16.239+09:00 DEBUG 2896 --- [    Test worker] org.hibernate.SQL                        : insert into webtoon_publishing_day (created_at,publishing_day_id,updated_at,webtoon_id) values (?,?,?,?)
Hibernate: insert into webtoon_publishing_day (created_at,publishing_day_id,updated_at,webtoon_id) values (?,?,?,?)
자매의 사생활
2024-03-29T17:51:16.246+09:00 DEBUG 2896 --- [    Test worker] org.hibernate.SQL                        : insert into webtoon (created_at,description,no_youth,publication_status,thumbnail,title,updated_at) values (?,?,?,?,?,?,?)
Hibernate: insert into webtoon (created_at,description,no_youth,publication_status,thumbnail,title,updated_at) values (?,?,?,?,?,?,?)
2024-03-29T17:51:16.253+09:00 DEBUG 2896 --- [    Test worker] org.hibernate.SQL                        : select pd1_0.publishing_day_id,pd1_0.created_at,pd1_0.day,pd1_0.updated_at from publishing_day pd1_0 where pd1_0.day=?
Hibernate: select pd1_0.publishing_day_id,pd1_0.created_at,pd1_0.day,pd1_0.updated_at from publishing_day pd1_0 where pd1_0.day=?
2024-03-29T17:51:16.255+09:00 DEBUG 2896 --- [    Test worker] org.hibernate.SQL                        : insert into webtoon_publishing_day (created_at,publishing_day_id,updated_at,webtoon_id) values (?,?,?,?)
Hibernate: insert into webtoon_publishing_day (created_at,publishing_day_id,updated_at,webtoon_id) values (?,?,?,?)
돌격! 용마치킨
2024-03-29T17:51:16.261+09:00 DEBUG 2896 --- [    Test worker] org.hibernate.SQL                        : insert into webtoon (created_at,description,no_youth,publication_status,thumbnail,title,updated_at) values (?,?,?,?,?,?,?)
Hibernate: insert into webtoon (created_at,description,no_youth,publication_status,thumbnail,title,updated_at) values (?,?,?,?,?,?,?)
2024-03-29T17:51:16.267+09:00 DEBUG 2896 --- [    Test worker] org.hibernate.SQL                        : select pd1_0.publishing_day_id,pd1_0.created_at,pd1_0.day,pd1_0.updated_at from publishing_day pd1_0 where pd1_0.day=?
Hibernate: select pd1_0.publishing_day_id,pd1_0.created_at,pd1_0.day,pd1_0.updated_at from publishing_day pd1_0 where pd1_0.day=?
2024-03-29T17:51:16.271+09:00 DEBUG 2896 --- [    Test worker] org.hibernate.SQL                        : insert into webtoon_publishing_day (created_at,publishing_day_id,updated_at,webtoon_id) values (?,?,?,?)
Hibernate: insert into webtoon_publishing_day (created_at,publishing_day_id,updated_at,webtoon_id) values (?,?,?,?)
죽었던 너와 다시 시작하기
2024-03-29T17:51:16.277+09:00 DEBUG 2896 --- [    Test worker] org.hibernate.SQL                        : insert into webtoon (created_at,description,no_youth,publication_status,thumbnail,title,updated_at) values (?,?,?,?,?,?,?)
Hibernate: insert into webtoon (created_at,description,no_youth,publication_status,thumbnail,title,updated_at) values (?,?,?,?,?,?,?)
2024-03-29T17:51:16.284+09:00 DEBUG 2896 --- [    Test worker] org.hibernate.SQL                        : select pd1_0.publishing_day_id,pd1_0.created_at,pd1_0.day,pd1_0.updated_at from publishing_day pd1_0 where pd1_0.day=?
Hibernate: select pd1_0.publishing_day_id,pd1_0.created_at,pd1_0.day,pd1_0.updated_at from publishing_day pd1_0 where pd1_0.day=?
2024-03-29T17:51:16.286+09:00 DEBUG 2896 --- [    Test worker] org.hibernate.SQL                        : insert into webtoon_publishing_day (created_at,publishing_day_id,updated_at,webtoon_id) values (?,?,?,?)
Hibernate: insert into webtoon_publishing_day (created_at,publishing_day_id,updated_at,webtoon_id) values (?,?,?,?)
그 남학생에게 고백하지 마십시오
2024-03-29T17:51:16.291+09:00 DEBUG 2896 --- [    Test worker] org.hibernate.SQL                        : insert into webtoon (created_at,description,no_youth,publication_status,thumbnail,title,updated_at) values (?,?,?,?,?,?,?)
Hibernate: insert into webtoon (created_at,description,no_youth,publication_status,thumbnail,title,updated_at) values (?,?,?,?,?,?,?)
2024-03-29T17:51:16.298+09:00 DEBUG 2896 --- [    Test worker] org.hibernate.SQL                        : select pd1_0.publishing_day_id,pd1_0.created_at,pd1_0.day,pd1_0.updated_at from publishing_day pd1_0 where pd1_0.day=?
Hibernate: select pd1_0.publishing_day_id,pd1_0.created_at,pd1_0.day,pd1_0.updated_at from publishing_day pd1_0 where pd1_0.day=?
2024-03-29T17:51:16.300+09:00 DEBUG 2896 --- [    Test worker] org.hibernate.SQL                        : insert into webtoon_publishing_day (created_at,publishing_day_id,updated_at,webtoon_id) values (?,?,?,?)
Hibernate: insert into webtoon_publishing_day (created_at,publishing_day_id,updated_at,webtoon_id) values (?,?,?,?)
왕자님 짠내밥상
2024-03-29T17:51:16.307+09:00 DEBUG 2896 --- [    Test worker] org.hibernate.SQL                        : insert into webtoon (created_at,description,no_youth,publication_status,thumbnail,title,updated_at) values (?,?,?,?,?,?,?)
Hibernate: insert into webtoon (created_at,description,no_youth,publication_status,thumbnail,title,updated_at) values (?,?,?,?,?,?,?)
2024-03-29T17:51:16.312+09:00 DEBUG 2896 --- [    Test worker] org.hibernate.SQL                        : select pd1_0.publishing_day_id,pd1_0.created_at,pd1_0.day,pd1_0.updated_at from publishing_day pd1_0 where pd1_0.day=?
Hibernate: select pd1_0.publishing_day_id,pd1_0.created_at,pd1_0.day,pd1_0.updated_at from publishing_day pd1_0 where pd1_0.day=?
2024-03-29T17:51:16.314+09:00 DEBUG 2896 --- [    Test worker] org.hibernate.SQL                        : insert into webtoon_publishing_day (created_at,publishing_day_id,updated_at,webtoon_id) values (?,?,?,?)
Hibernate: insert into webtoon_publishing_day (created_at,publishing_day_id,updated_at,webtoon_id) values (?,?,?,?)
"아
2024-03-29T17:51:16.321+09:00 DEBUG 2896 --- [    Test worker] org.hibernate.SQL                        : insert into webtoon (created_at,description,no_youth,publication_status,thumbnail,title,updated_at) values (?,?,?,?,?,?,?)
Hibernate: insert into webtoon (created_at,description,no_youth,publication_status,thumbnail,title,updated_at) values (?,?,?,?,?,?,?)
2024-03-29T17:51:16.328+09:00 DEBUG 2896 --- [    Test worker] org.hibernate.SQL                        : select pd1_0.publishing_day_id,pd1_0.created_at,pd1_0.day,pd1_0.updated_at from publishing_day pd1_0 where pd1_0.day=?
Hibernate: select pd1_0.publishing_day_id,pd1_0.created_at,pd1_0.day,pd1_0.updated_at from publishing_day pd1_0 where pd1_0.day=?
2024-03-29T17:51:16.330+09:00 DEBUG 2896 --- [    Test worker] org.hibernate.SQL                        : insert into webtoon_publishing_day (created_at,publishing_day_id,updated_at,webtoon_id) values (?,?,?,?)
Hibernate: insert into webtoon_publishing_day (created_at,publishing_day_id,updated_at,webtoon_id) values (?,?,?,?)
대리게임
2024-03-29T17:51:16.337+09:00 DEBUG 2896 --- [    Test worker] org.hibernate.SQL                        : insert into webtoon (created_at,description,no_youth,publication_status,thumbnail,title,updated_at) values (?,?,?,?,?,?,?)
Hibernate: insert into webtoon (created_at,description,no_youth,publication_status,thumbnail,title,updated_at) values (?,?,?,?,?,?,?)
2024-03-29T17:51:16.344+09:00 DEBUG 2896 --- [    Test worker] org.hibernate.SQL                        : select pd1_0.publishing_day_id,pd1_0.created_at,pd1_0.day,pd1_0.updated_at from publishing_day pd1_0 where pd1_0.day=?
Hibernate: select pd1_0.publishing_day_id,pd1_0.created_at,pd1_0.day,pd1_0.updated_at from publishing_day pd1_0 where pd1_0.day=?
2024-03-29T17:51:16.348+09:00 DEBUG 2896 --- [    Test worker] org.hibernate.SQL                        : insert into webtoon_publishing_day (created_at,publishing_day_id,updated_at,webtoon_id) values (?,?,?,?)
Hibernate: insert into webtoon_publishing_day (created_at,publishing_day_id,updated_at,webtoon_id) values (?,?,?,?)
]]></system-out>
  <system-err><![CDATA[]]></system-err>
</testsuite>
