<?xml version="1.0" encoding="UTF-8"?>
<testsuite name="com.naver.service.FileServiceTest" tests="1" skipped="0" failures="0" errors="0" timestamp="2024-03-29T11:01:50" hostname="LAPTOP-6393BRM7" time="10.64">
  <properties/>
  <testcase name="readWebtoonCsv()" classname="com.naver.service.FileServiceTest" time="10.64"/>
  <system-out><![CDATA[20:01:43.435 [Test worker] INFO org.springframework.test.context.support.AnnotationConfigContextLoaderUtils -- Could not detect default configuration classes for test class [com.naver.service.FileServiceTest]: FileServiceTest does not declare any static, non-private, non-final, nested classes annotated with @Configuration.
20:01:43.602 [Test worker] INFO org.springframework.boot.test.context.SpringBootTestContextBootstrapper -- Found @SpringBootConfiguration com.naver.WebtoonApplication for test class com.naver.service.FileServiceTest

  .   ____          _            __ _ _
 /\\ / ___'_ __ _ _(_)_ __  __ _ \ \ \ \
( ( )\___ | '_ | '_| | '_ \/ _` | \ \ \ \
 \\/  ___)| |_)| | | | | || (_| |  ) ) ) )
  '  |____| .__|_| |_|_| |_\__, | / / / /
 =========|_|==============|___/=/_/_/_/
 :: Spring Boot ::                (v3.2.4)

2024-03-29T20:01:44.303+09:00  INFO 26924 --- [    Test worker] com.naver.service.FileServiceTest        : Starting FileServiceTest using Java 17.0.6 with PID 26924 (started by 김현재 in C:\ssafy_coding\webtoon)
2024-03-29T20:01:44.305+09:00  INFO 26924 --- [    Test worker] com.naver.service.FileServiceTest        : No active profile set, falling back to 1 default profile: "default"
2024-03-29T20:01:45.299+09:00  INFO 26924 --- [    Test worker] .s.d.r.c.RepositoryConfigurationDelegate : Bootstrapping Spring Data JPA repositories in DEFAULT mode.
2024-03-29T20:01:45.409+09:00  INFO 26924 --- [    Test worker] .s.d.r.c.RepositoryConfigurationDelegate : Finished Spring Data repository scanning in 96 ms. Found 5 JPA repository interfaces.
2024-03-29T20:01:46.145+09:00  INFO 26924 --- [    Test worker] o.hibernate.jpa.internal.util.LogHelper  : HHH000204: Processing PersistenceUnitInfo [name: default]
2024-03-29T20:01:46.232+09:00  INFO 26924 --- [    Test worker] org.hibernate.Version                    : HHH000412: Hibernate ORM core version 6.4.4.Final
2024-03-29T20:01:46.288+09:00  INFO 26924 --- [    Test worker] o.h.c.internal.RegionFactoryInitiator    : HHH000026: Second-level cache disabled
2024-03-29T20:01:46.660+09:00  INFO 26924 --- [    Test worker] o.s.o.j.p.SpringPersistenceUnitInfo      : No LoadTimeWeaver setup: ignoring JPA class transformer
2024-03-29T20:01:46.718+09:00  INFO 26924 --- [    Test worker] com.zaxxer.hikari.HikariDataSource       : HikariPool-1 - Starting...
2024-03-29T20:01:47.087+09:00  INFO 26924 --- [    Test worker] com.zaxxer.hikari.pool.HikariPool        : HikariPool-1 - Added connection com.mysql.cj.jdbc.ConnectionImpl@1c0e4262
2024-03-29T20:01:47.089+09:00  INFO 26924 --- [    Test worker] com.zaxxer.hikari.HikariDataSource       : HikariPool-1 - Start completed.
2024-03-29T20:01:47.151+09:00  WARN 26924 --- [    Test worker] org.hibernate.orm.deprecation            : HHH90000025: MySQLDialect does not need to be specified explicitly using 'hibernate.dialect' (remove the property setting and it will be selected by default)
2024-03-29T20:01:48.319+09:00  INFO 26924 --- [    Test worker] o.h.m.i.EntityInstantiatorPojoStandard   : HHH000182: No default (no-argument) constructor for class: com.naver.entity.HashTag (class must be instantiated by Interceptor)
2024-03-29T20:01:48.572+09:00  INFO 26924 --- [    Test worker] o.h.e.t.j.p.i.JtaPlatformInitiator       : HHH000489: No JTA platform available (set 'hibernate.transaction.jta.platform' to enable JTA platform integration)
2024-03-29T20:01:48.757+09:00  INFO 26924 --- [    Test worker] j.LocalContainerEntityManagerFactoryBean : Initialized JPA EntityManagerFactory for persistence unit 'default'
2024-03-29T20:01:49.243+09:00  INFO 26924 --- [    Test worker] o.s.d.j.r.query.QueryEnhancerFactory     : Hibernate is in classpath; If applicable, HQL parser will be used.
2024-03-29T20:01:49.958+09:00  WARN 26924 --- [    Test worker] JpaBaseConfiguration$JpaWebConfiguration : spring.jpa.open-in-view is enabled by default. Therefore, database queries may be performed during view rendering. Explicitly configure spring.jpa.open-in-view to disable this warning
2024-03-29T20:01:50.511+09:00  INFO 26924 --- [    Test worker] com.naver.service.FileServiceTest        : Started FileServiceTest in 6.617 seconds (process running for 8.267)
day
2024-03-29T20:01:51.318+09:00 DEBUG 26924 --- [    Test worker] org.hibernate.SQL                        : select pd1_0.publishing_day_id,pd1_0.created_at,pd1_0.day,pd1_0.updated_at from publishing_day pd1_0 where pd1_0.day=?
Hibernate: select pd1_0.publishing_day_id,pd1_0.created_at,pd1_0.day,pd1_0.updated_at from publishing_day pd1_0 where pd1_0.day=?
null
2024-03-29T20:01:51.355+09:00 DEBUG 26924 --- [    Test worker] org.hibernate.SQL                        : insert into webtoon (created_at,description,no_youth,publication_status,thumbnail,title,updated_at) values (?,?,?,?,?,?,?)
Hibernate: insert into webtoon (created_at,description,no_youth,publication_status,thumbnail,title,updated_at) values (?,?,?,?,?,?,?)
2024-03-29T20:01:51.394+09:00 DEBUG 26924 --- [    Test worker] org.hibernate.SQL                        : insert into webtoon_publishing_day (created_at,publishing_day_id,updated_at,webtoon_id) values (?,?,?,?)
Hibernate: insert into webtoon_publishing_day (created_at,publishing_day_id,updated_at,webtoon_id) values (?,?,?,?)
FRIDAY
2024-03-29T20:01:51.405+09:00 DEBUG 26924 --- [    Test worker] org.hibernate.SQL                        : select pd1_0.publishing_day_id,pd1_0.created_at,pd1_0.day,pd1_0.updated_at from publishing_day pd1_0 where pd1_0.day=?
Hibernate: select pd1_0.publishing_day_id,pd1_0.created_at,pd1_0.day,pd1_0.updated_at from publishing_day pd1_0 where pd1_0.day=?
PublishingDay{publishingDayId=5, createdAt=2024-03-29T19:55:41.069514, updatedAt=2024-03-29T19:55:41.069514, day='FRIDAY'}
2024-03-29T20:01:51.420+09:00 DEBUG 26924 --- [    Test worker] org.hibernate.SQL                        : insert into webtoon (created_at,description,no_youth,publication_status,thumbnail,title,updated_at) values (?,?,?,?,?,?,?)
Hibernate: insert into webtoon (created_at,description,no_youth,publication_status,thumbnail,title,updated_at) values (?,?,?,?,?,?,?)
2024-03-29T20:01:51.432+09:00 DEBUG 26924 --- [    Test worker] org.hibernate.SQL                        : insert into webtoon_publishing_day (created_at,publishing_day_id,updated_at,webtoon_id) values (?,?,?,?)
Hibernate: insert into webtoon_publishing_day (created_at,publishing_day_id,updated_at,webtoon_id) values (?,?,?,?)
FRIDAY
2024-03-29T20:01:51.443+09:00 DEBUG 26924 --- [    Test worker] org.hibernate.SQL                        : select pd1_0.publishing_day_id,pd1_0.created_at,pd1_0.day,pd1_0.updated_at from publishing_day pd1_0 where pd1_0.day=?
Hibernate: select pd1_0.publishing_day_id,pd1_0.created_at,pd1_0.day,pd1_0.updated_at from publishing_day pd1_0 where pd1_0.day=?
PublishingDay{publishingDayId=5, createdAt=2024-03-29T19:55:41.069514, updatedAt=2024-03-29T19:55:41.069514, day='FRIDAY'}
2024-03-29T20:01:51.450+09:00 DEBUG 26924 --- [    Test worker] org.hibernate.SQL                        : insert into webtoon (created_at,description,no_youth,publication_status,thumbnail,title,updated_at) values (?,?,?,?,?,?,?)
Hibernate: insert into webtoon (created_at,description,no_youth,publication_status,thumbnail,title,updated_at) values (?,?,?,?,?,?,?)
2024-03-29T20:01:51.459+09:00 DEBUG 26924 --- [    Test worker] org.hibernate.SQL                        : insert into webtoon_publishing_day (created_at,publishing_day_id,updated_at,webtoon_id) values (?,?,?,?)
Hibernate: insert into webtoon_publishing_day (created_at,publishing_day_id,updated_at,webtoon_id) values (?,?,?,?)
FRIDAY
2024-03-29T20:01:51.472+09:00 DEBUG 26924 --- [    Test worker] org.hibernate.SQL                        : select pd1_0.publishing_day_id,pd1_0.created_at,pd1_0.day,pd1_0.updated_at from publishing_day pd1_0 where pd1_0.day=?
Hibernate: select pd1_0.publishing_day_id,pd1_0.created_at,pd1_0.day,pd1_0.updated_at from publishing_day pd1_0 where pd1_0.day=?
PublishingDay{publishingDayId=5, createdAt=2024-03-29T19:55:41.069514, updatedAt=2024-03-29T19:55:41.069514, day='FRIDAY'}
2024-03-29T20:01:51.479+09:00 DEBUG 26924 --- [    Test worker] org.hibernate.SQL                        : insert into webtoon (created_at,description,no_youth,publication_status,thumbnail,title,updated_at) values (?,?,?,?,?,?,?)
Hibernate: insert into webtoon (created_at,description,no_youth,publication_status,thumbnail,title,updated_at) values (?,?,?,?,?,?,?)
2024-03-29T20:01:51.490+09:00 DEBUG 26924 --- [    Test worker] org.hibernate.SQL                        : insert into webtoon_publishing_day (created_at,publishing_day_id,updated_at,webtoon_id) values (?,?,?,?)
Hibernate: insert into webtoon_publishing_day (created_at,publishing_day_id,updated_at,webtoon_id) values (?,?,?,?)
FRIDAY
2024-03-29T20:01:51.499+09:00 DEBUG 26924 --- [    Test worker] org.hibernate.SQL                        : select pd1_0.publishing_day_id,pd1_0.created_at,pd1_0.day,pd1_0.updated_at from publishing_day pd1_0 where pd1_0.day=?
Hibernate: select pd1_0.publishing_day_id,pd1_0.created_at,pd1_0.day,pd1_0.updated_at from publishing_day pd1_0 where pd1_0.day=?
PublishingDay{publishingDayId=5, createdAt=2024-03-29T19:55:41.069514, updatedAt=2024-03-29T19:55:41.069514, day='FRIDAY'}
2024-03-29T20:01:51.505+09:00 DEBUG 26924 --- [    Test worker] org.hibernate.SQL                        : insert into webtoon (created_at,description,no_youth,publication_status,thumbnail,title,updated_at) values (?,?,?,?,?,?,?)
Hibernate: insert into webtoon (created_at,description,no_youth,publication_status,thumbnail,title,updated_at) values (?,?,?,?,?,?,?)
2024-03-29T20:01:51.516+09:00 DEBUG 26924 --- [    Test worker] org.hibernate.SQL                        : insert into webtoon_publishing_day (created_at,publishing_day_id,updated_at,webtoon_id) values (?,?,?,?)
Hibernate: insert into webtoon_publishing_day (created_at,publishing_day_id,updated_at,webtoon_id) values (?,?,?,?)
FRIDAY
2024-03-29T20:01:51.525+09:00 DEBUG 26924 --- [    Test worker] org.hibernate.SQL                        : select pd1_0.publishing_day_id,pd1_0.created_at,pd1_0.day,pd1_0.updated_at from publishing_day pd1_0 where pd1_0.day=?
Hibernate: select pd1_0.publishing_day_id,pd1_0.created_at,pd1_0.day,pd1_0.updated_at from publishing_day pd1_0 where pd1_0.day=?
PublishingDay{publishingDayId=5, createdAt=2024-03-29T19:55:41.069514, updatedAt=2024-03-29T19:55:41.069514, day='FRIDAY'}
2024-03-29T20:01:51.530+09:00 DEBUG 26924 --- [    Test worker] org.hibernate.SQL                        : insert into webtoon (created_at,description,no_youth,publication_status,thumbnail,title,updated_at) values (?,?,?,?,?,?,?)
Hibernate: insert into webtoon (created_at,description,no_youth,publication_status,thumbnail,title,updated_at) values (?,?,?,?,?,?,?)
2024-03-29T20:01:51.539+09:00 DEBUG 26924 --- [    Test worker] org.hibernate.SQL                        : insert into webtoon_publishing_day (created_at,publishing_day_id,updated_at,webtoon_id) values (?,?,?,?)
Hibernate: insert into webtoon_publishing_day (created_at,publishing_day_id,updated_at,webtoon_id) values (?,?,?,?)
FRIDAY
2024-03-29T20:01:51.547+09:00 DEBUG 26924 --- [    Test worker] org.hibernate.SQL                        : select pd1_0.publishing_day_id,pd1_0.created_at,pd1_0.day,pd1_0.updated_at from publishing_day pd1_0 where pd1_0.day=?
Hibernate: select pd1_0.publishing_day_id,pd1_0.created_at,pd1_0.day,pd1_0.updated_at from publishing_day pd1_0 where pd1_0.day=?
PublishingDay{publishingDayId=5, createdAt=2024-03-29T19:55:41.069514, updatedAt=2024-03-29T19:55:41.069514, day='FRIDAY'}
2024-03-29T20:01:51.551+09:00 DEBUG 26924 --- [    Test worker] org.hibernate.SQL                        : insert into webtoon (created_at,description,no_youth,publication_status,thumbnail,title,updated_at) values (?,?,?,?,?,?,?)
Hibernate: insert into webtoon (created_at,description,no_youth,publication_status,thumbnail,title,updated_at) values (?,?,?,?,?,?,?)
2024-03-29T20:01:51.559+09:00 DEBUG 26924 --- [    Test worker] org.hibernate.SQL                        : insert into webtoon_publishing_day (created_at,publishing_day_id,updated_at,webtoon_id) values (?,?,?,?)
Hibernate: insert into webtoon_publishing_day (created_at,publishing_day_id,updated_at,webtoon_id) values (?,?,?,?)
FRIDAY
2024-03-29T20:01:51.565+09:00 DEBUG 26924 --- [    Test worker] org.hibernate.SQL                        : select pd1_0.publishing_day_id,pd1_0.created_at,pd1_0.day,pd1_0.updated_at from publishing_day pd1_0 where pd1_0.day=?
Hibernate: select pd1_0.publishing_day_id,pd1_0.created_at,pd1_0.day,pd1_0.updated_at from publishing_day pd1_0 where pd1_0.day=?
PublishingDay{publishingDayId=5, createdAt=2024-03-29T19:55:41.069514, updatedAt=2024-03-29T19:55:41.069514, day='FRIDAY'}
2024-03-29T20:01:51.568+09:00 DEBUG 26924 --- [    Test worker] org.hibernate.SQL                        : insert into webtoon (created_at,description,no_youth,publication_status,thumbnail,title,updated_at) values (?,?,?,?,?,?,?)
Hibernate: insert into webtoon (created_at,description,no_youth,publication_status,thumbnail,title,updated_at) values (?,?,?,?,?,?,?)
2024-03-29T20:01:51.575+09:00 DEBUG 26924 --- [    Test worker] org.hibernate.SQL                        : insert into webtoon_publishing_day (created_at,publishing_day_id,updated_at,webtoon_id) values (?,?,?,?)
Hibernate: insert into webtoon_publishing_day (created_at,publishing_day_id,updated_at,webtoon_id) values (?,?,?,?)
FALSE
2024-03-29T20:01:51.581+09:00 DEBUG 26924 --- [    Test worker] org.hibernate.SQL                        : select pd1_0.publishing_day_id,pd1_0.created_at,pd1_0.day,pd1_0.updated_at from publishing_day pd1_0 where pd1_0.day=?
Hibernate: select pd1_0.publishing_day_id,pd1_0.created_at,pd1_0.day,pd1_0.updated_at from publishing_day pd1_0 where pd1_0.day=?
null
2024-03-29T20:01:51.585+09:00 DEBUG 26924 --- [    Test worker] org.hibernate.SQL                        : insert into webtoon (created_at,description,no_youth,publication_status,thumbnail,title,updated_at) values (?,?,?,?,?,?,?)
Hibernate: insert into webtoon (created_at,description,no_youth,publication_status,thumbnail,title,updated_at) values (?,?,?,?,?,?,?)
2024-03-29T20:01:51.591+09:00 DEBUG 26924 --- [    Test worker] org.hibernate.SQL                        : insert into webtoon_publishing_day (created_at,publishing_day_id,updated_at,webtoon_id) values (?,?,?,?)
Hibernate: insert into webtoon_publishing_day (created_at,publishing_day_id,updated_at,webtoon_id) values (?,?,?,?)
FRIDAY
2024-03-29T20:01:51.597+09:00 DEBUG 26924 --- [    Test worker] org.hibernate.SQL                        : select pd1_0.publishing_day_id,pd1_0.created_at,pd1_0.day,pd1_0.updated_at from publishing_day pd1_0 where pd1_0.day=?
Hibernate: select pd1_0.publishing_day_id,pd1_0.created_at,pd1_0.day,pd1_0.updated_at from publishing_day pd1_0 where pd1_0.day=?
PublishingDay{publishingDayId=5, createdAt=2024-03-29T19:55:41.069514, updatedAt=2024-03-29T19:55:41.069514, day='FRIDAY'}
2024-03-29T20:01:51.600+09:00 DEBUG 26924 --- [    Test worker] org.hibernate.SQL                        : insert into webtoon (created_at,description,no_youth,publication_status,thumbnail,title,updated_at) values (?,?,?,?,?,?,?)
Hibernate: insert into webtoon (created_at,description,no_youth,publication_status,thumbnail,title,updated_at) values (?,?,?,?,?,?,?)
2024-03-29T20:01:51.607+09:00 DEBUG 26924 --- [    Test worker] org.hibernate.SQL                        : insert into webtoon_publishing_day (created_at,publishing_day_id,updated_at,webtoon_id) values (?,?,?,?)
Hibernate: insert into webtoon_publishing_day (created_at,publishing_day_id,updated_at,webtoon_id) values (?,?,?,?)
FRIDAY
2024-03-29T20:01:51.613+09:00 DEBUG 26924 --- [    Test worker] org.hibernate.SQL                        : select pd1_0.publishing_day_id,pd1_0.created_at,pd1_0.day,pd1_0.updated_at from publishing_day pd1_0 where pd1_0.day=?
Hibernate: select pd1_0.publishing_day_id,pd1_0.created_at,pd1_0.day,pd1_0.updated_at from publishing_day pd1_0 where pd1_0.day=?
PublishingDay{publishingDayId=5, createdAt=2024-03-29T19:55:41.069514, updatedAt=2024-03-29T19:55:41.069514, day='FRIDAY'}
2024-03-29T20:01:51.617+09:00 DEBUG 26924 --- [    Test worker] org.hibernate.SQL                        : insert into webtoon (created_at,description,no_youth,publication_status,thumbnail,title,updated_at) values (?,?,?,?,?,?,?)
Hibernate: insert into webtoon (created_at,description,no_youth,publication_status,thumbnail,title,updated_at) values (?,?,?,?,?,?,?)
2024-03-29T20:01:51.624+09:00 DEBUG 26924 --- [    Test worker] org.hibernate.SQL                        : insert into webtoon_publishing_day (created_at,publishing_day_id,updated_at,webtoon_id) values (?,?,?,?)
Hibernate: insert into webtoon_publishing_day (created_at,publishing_day_id,updated_at,webtoon_id) values (?,?,?,?)
FRIDAY
2024-03-29T20:01:51.631+09:00 DEBUG 26924 --- [    Test worker] org.hibernate.SQL                        : select pd1_0.publishing_day_id,pd1_0.created_at,pd1_0.day,pd1_0.updated_at from publishing_day pd1_0 where pd1_0.day=?
Hibernate: select pd1_0.publishing_day_id,pd1_0.created_at,pd1_0.day,pd1_0.updated_at from publishing_day pd1_0 where pd1_0.day=?
PublishingDay{publishingDayId=5, createdAt=2024-03-29T19:55:41.069514, updatedAt=2024-03-29T19:55:41.069514, day='FRIDAY'}
2024-03-29T20:01:51.636+09:00 DEBUG 26924 --- [    Test worker] org.hibernate.SQL                        : insert into webtoon (created_at,description,no_youth,publication_status,thumbnail,title,updated_at) values (?,?,?,?,?,?,?)
Hibernate: insert into webtoon (created_at,description,no_youth,publication_status,thumbnail,title,updated_at) values (?,?,?,?,?,?,?)
2024-03-29T20:01:51.646+09:00 DEBUG 26924 --- [    Test worker] org.hibernate.SQL                        : insert into webtoon_publishing_day (created_at,publishing_day_id,updated_at,webtoon_id) values (?,?,?,?)
Hibernate: insert into webtoon_publishing_day (created_at,publishing_day_id,updated_at,webtoon_id) values (?,?,?,?)
FRIDAY
2024-03-29T20:01:51.654+09:00 DEBUG 26924 --- [    Test worker] org.hibernate.SQL                        : select pd1_0.publishing_day_id,pd1_0.created_at,pd1_0.day,pd1_0.updated_at from publishing_day pd1_0 where pd1_0.day=?
Hibernate: select pd1_0.publishing_day_id,pd1_0.created_at,pd1_0.day,pd1_0.updated_at from publishing_day pd1_0 where pd1_0.day=?
PublishingDay{publishingDayId=5, createdAt=2024-03-29T19:55:41.069514, updatedAt=2024-03-29T19:55:41.069514, day='FRIDAY'}
2024-03-29T20:01:51.658+09:00 DEBUG 26924 --- [    Test worker] org.hibernate.SQL                        : insert into webtoon (created_at,description,no_youth,publication_status,thumbnail,title,updated_at) values (?,?,?,?,?,?,?)
Hibernate: insert into webtoon (created_at,description,no_youth,publication_status,thumbnail,title,updated_at) values (?,?,?,?,?,?,?)
2024-03-29T20:01:51.669+09:00 DEBUG 26924 --- [    Test worker] org.hibernate.SQL                        : insert into webtoon_publishing_day (created_at,publishing_day_id,updated_at,webtoon_id) values (?,?,?,?)
Hibernate: insert into webtoon_publishing_day (created_at,publishing_day_id,updated_at,webtoon_id) values (?,?,?,?)
FRIDAY
2024-03-29T20:01:51.678+09:00 DEBUG 26924 --- [    Test worker] org.hibernate.SQL                        : select pd1_0.publishing_day_id,pd1_0.created_at,pd1_0.day,pd1_0.updated_at from publishing_day pd1_0 where pd1_0.day=?
Hibernate: select pd1_0.publishing_day_id,pd1_0.created_at,pd1_0.day,pd1_0.updated_at from publishing_day pd1_0 where pd1_0.day=?
PublishingDay{publishingDayId=5, createdAt=2024-03-29T19:55:41.069514, updatedAt=2024-03-29T19:55:41.069514, day='FRIDAY'}
2024-03-29T20:01:51.682+09:00 DEBUG 26924 --- [    Test worker] org.hibernate.SQL                        : insert into webtoon (created_at,description,no_youth,publication_status,thumbnail,title,updated_at) values (?,?,?,?,?,?,?)
Hibernate: insert into webtoon (created_at,description,no_youth,publication_status,thumbnail,title,updated_at) values (?,?,?,?,?,?,?)
2024-03-29T20:01:51.691+09:00 DEBUG 26924 --- [    Test worker] org.hibernate.SQL                        : insert into webtoon_publishing_day (created_at,publishing_day_id,updated_at,webtoon_id) values (?,?,?,?)
Hibernate: insert into webtoon_publishing_day (created_at,publishing_day_id,updated_at,webtoon_id) values (?,?,?,?)
FRIDAY
2024-03-29T20:01:51.700+09:00 DEBUG 26924 --- [    Test worker] org.hibernate.SQL                        : select pd1_0.publishing_day_id,pd1_0.created_at,pd1_0.day,pd1_0.updated_at from publishing_day pd1_0 where pd1_0.day=?
Hibernate: select pd1_0.publishing_day_id,pd1_0.created_at,pd1_0.day,pd1_0.updated_at from publishing_day pd1_0 where pd1_0.day=?
PublishingDay{publishingDayId=5, createdAt=2024-03-29T19:55:41.069514, updatedAt=2024-03-29T19:55:41.069514, day='FRIDAY'}
2024-03-29T20:01:51.704+09:00 DEBUG 26924 --- [    Test worker] org.hibernate.SQL                        : insert into webtoon (created_at,description,no_youth,publication_status,thumbnail,title,updated_at) values (?,?,?,?,?,?,?)
Hibernate: insert into webtoon (created_at,description,no_youth,publication_status,thumbnail,title,updated_at) values (?,?,?,?,?,?,?)
2024-03-29T20:01:51.715+09:00 DEBUG 26924 --- [    Test worker] org.hibernate.SQL                        : insert into webtoon_publishing_day (created_at,publishing_day_id,updated_at,webtoon_id) values (?,?,?,?)
Hibernate: insert into webtoon_publishing_day (created_at,publishing_day_id,updated_at,webtoon_id) values (?,?,?,?)
FRIDAY
2024-03-29T20:01:51.721+09:00 DEBUG 26924 --- [    Test worker] org.hibernate.SQL                        : select pd1_0.publishing_day_id,pd1_0.created_at,pd1_0.day,pd1_0.updated_at from publishing_day pd1_0 where pd1_0.day=?
Hibernate: select pd1_0.publishing_day_id,pd1_0.created_at,pd1_0.day,pd1_0.updated_at from publishing_day pd1_0 where pd1_0.day=?
PublishingDay{publishingDayId=5, createdAt=2024-03-29T19:55:41.069514, updatedAt=2024-03-29T19:55:41.069514, day='FRIDAY'}
2024-03-29T20:01:51.726+09:00 DEBUG 26924 --- [    Test worker] org.hibernate.SQL                        : insert into webtoon (created_at,description,no_youth,publication_status,thumbnail,title,updated_at) values (?,?,?,?,?,?,?)
Hibernate: insert into webtoon (created_at,description,no_youth,publication_status,thumbnail,title,updated_at) values (?,?,?,?,?,?,?)
2024-03-29T20:01:51.735+09:00 DEBUG 26924 --- [    Test worker] org.hibernate.SQL                        : insert into webtoon_publishing_day (created_at,publishing_day_id,updated_at,webtoon_id) values (?,?,?,?)
Hibernate: insert into webtoon_publishing_day (created_at,publishing_day_id,updated_at,webtoon_id) values (?,?,?,?)
FRIDAY
2024-03-29T20:01:51.742+09:00 DEBUG 26924 --- [    Test worker] org.hibernate.SQL                        : select pd1_0.publishing_day_id,pd1_0.created_at,pd1_0.day,pd1_0.updated_at from publishing_day pd1_0 where pd1_0.day=?
Hibernate: select pd1_0.publishing_day_id,pd1_0.created_at,pd1_0.day,pd1_0.updated_at from publishing_day pd1_0 where pd1_0.day=?
PublishingDay{publishingDayId=5, createdAt=2024-03-29T19:55:41.069514, updatedAt=2024-03-29T19:55:41.069514, day='FRIDAY'}
2024-03-29T20:01:51.748+09:00 DEBUG 26924 --- [    Test worker] org.hibernate.SQL                        : insert into webtoon (created_at,description,no_youth,publication_status,thumbnail,title,updated_at) values (?,?,?,?,?,?,?)
Hibernate: insert into webtoon (created_at,description,no_youth,publication_status,thumbnail,title,updated_at) values (?,?,?,?,?,?,?)
2024-03-29T20:01:51.755+09:00 DEBUG 26924 --- [    Test worker] org.hibernate.SQL                        : insert into webtoon_publishing_day (created_at,publishing_day_id,updated_at,webtoon_id) values (?,?,?,?)
Hibernate: insert into webtoon_publishing_day (created_at,publishing_day_id,updated_at,webtoon_id) values (?,?,?,?)
FRIDAY
2024-03-29T20:01:51.763+09:00 DEBUG 26924 --- [    Test worker] org.hibernate.SQL                        : select pd1_0.publishing_day_id,pd1_0.created_at,pd1_0.day,pd1_0.updated_at from publishing_day pd1_0 where pd1_0.day=?
Hibernate: select pd1_0.publishing_day_id,pd1_0.created_at,pd1_0.day,pd1_0.updated_at from publishing_day pd1_0 where pd1_0.day=?
PublishingDay{publishingDayId=5, createdAt=2024-03-29T19:55:41.069514, updatedAt=2024-03-29T19:55:41.069514, day='FRIDAY'}
2024-03-29T20:01:51.766+09:00 DEBUG 26924 --- [    Test worker] org.hibernate.SQL                        : insert into webtoon (created_at,description,no_youth,publication_status,thumbnail,title,updated_at) values (?,?,?,?,?,?,?)
Hibernate: insert into webtoon (created_at,description,no_youth,publication_status,thumbnail,title,updated_at) values (?,?,?,?,?,?,?)
2024-03-29T20:01:51.774+09:00 DEBUG 26924 --- [    Test worker] org.hibernate.SQL                        : insert into webtoon_publishing_day (created_at,publishing_day_id,updated_at,webtoon_id) values (?,?,?,?)
Hibernate: insert into webtoon_publishing_day (created_at,publishing_day_id,updated_at,webtoon_id) values (?,?,?,?)
FRIDAY
2024-03-29T20:01:51.781+09:00 DEBUG 26924 --- [    Test worker] org.hibernate.SQL                        : select pd1_0.publishing_day_id,pd1_0.created_at,pd1_0.day,pd1_0.updated_at from publishing_day pd1_0 where pd1_0.day=?
Hibernate: select pd1_0.publishing_day_id,pd1_0.created_at,pd1_0.day,pd1_0.updated_at from publishing_day pd1_0 where pd1_0.day=?
PublishingDay{publishingDayId=5, createdAt=2024-03-29T19:55:41.069514, updatedAt=2024-03-29T19:55:41.069514, day='FRIDAY'}
2024-03-29T20:01:51.785+09:00 DEBUG 26924 --- [    Test worker] org.hibernate.SQL                        : insert into webtoon (created_at,description,no_youth,publication_status,thumbnail,title,updated_at) values (?,?,?,?,?,?,?)
Hibernate: insert into webtoon (created_at,description,no_youth,publication_status,thumbnail,title,updated_at) values (?,?,?,?,?,?,?)
2024-03-29T20:01:51.794+09:00 DEBUG 26924 --- [    Test worker] org.hibernate.SQL                        : insert into webtoon_publishing_day (created_at,publishing_day_id,updated_at,webtoon_id) values (?,?,?,?)
Hibernate: insert into webtoon_publishing_day (created_at,publishing_day_id,updated_at,webtoon_id) values (?,?,?,?)
FRIDAY
2024-03-29T20:01:51.801+09:00 DEBUG 26924 --- [    Test worker] org.hibernate.SQL                        : select pd1_0.publishing_day_id,pd1_0.created_at,pd1_0.day,pd1_0.updated_at from publishing_day pd1_0 where pd1_0.day=?
Hibernate: select pd1_0.publishing_day_id,pd1_0.created_at,pd1_0.day,pd1_0.updated_at from publishing_day pd1_0 where pd1_0.day=?
PublishingDay{publishingDayId=5, createdAt=2024-03-29T19:55:41.069514, updatedAt=2024-03-29T19:55:41.069514, day='FRIDAY'}
2024-03-29T20:01:51.806+09:00 DEBUG 26924 --- [    Test worker] org.hibernate.SQL                        : insert into webtoon (created_at,description,no_youth,publication_status,thumbnail,title,updated_at) values (?,?,?,?,?,?,?)
Hibernate: insert into webtoon (created_at,description,no_youth,publication_status,thumbnail,title,updated_at) values (?,?,?,?,?,?,?)
2024-03-29T20:01:51.813+09:00 DEBUG 26924 --- [    Test worker] org.hibernate.SQL                        : insert into webtoon_publishing_day (created_at,publishing_day_id,updated_at,webtoon_id) values (?,?,?,?)
Hibernate: insert into webtoon_publishing_day (created_at,publishing_day_id,updated_at,webtoon_id) values (?,?,?,?)
FRIDAY
2024-03-29T20:01:51.820+09:00 DEBUG 26924 --- [    Test worker] org.hibernate.SQL                        : select pd1_0.publishing_day_id,pd1_0.created_at,pd1_0.day,pd1_0.updated_at from publishing_day pd1_0 where pd1_0.day=?
Hibernate: select pd1_0.publishing_day_id,pd1_0.created_at,pd1_0.day,pd1_0.updated_at from publishing_day pd1_0 where pd1_0.day=?
PublishingDay{publishingDayId=5, createdAt=2024-03-29T19:55:41.069514, updatedAt=2024-03-29T19:55:41.069514, day='FRIDAY'}
2024-03-29T20:01:51.823+09:00 DEBUG 26924 --- [    Test worker] org.hibernate.SQL                        : insert into webtoon (created_at,description,no_youth,publication_status,thumbnail,title,updated_at) values (?,?,?,?,?,?,?)
Hibernate: insert into webtoon (created_at,description,no_youth,publication_status,thumbnail,title,updated_at) values (?,?,?,?,?,?,?)
2024-03-29T20:01:51.830+09:00 DEBUG 26924 --- [    Test worker] org.hibernate.SQL                        : insert into webtoon_publishing_day (created_at,publishing_day_id,updated_at,webtoon_id) values (?,?,?,?)
Hibernate: insert into webtoon_publishing_day (created_at,publishing_day_id,updated_at,webtoon_id) values (?,?,?,?)
FRIDAY
2024-03-29T20:01:51.839+09:00 DEBUG 26924 --- [    Test worker] org.hibernate.SQL                        : select pd1_0.publishing_day_id,pd1_0.created_at,pd1_0.day,pd1_0.updated_at from publishing_day pd1_0 where pd1_0.day=?
Hibernate: select pd1_0.publishing_day_id,pd1_0.created_at,pd1_0.day,pd1_0.updated_at from publishing_day pd1_0 where pd1_0.day=?
PublishingDay{publishingDayId=5, createdAt=2024-03-29T19:55:41.069514, updatedAt=2024-03-29T19:55:41.069514, day='FRIDAY'}
2024-03-29T20:01:51.842+09:00 DEBUG 26924 --- [    Test worker] org.hibernate.SQL                        : insert into webtoon (created_at,description,no_youth,publication_status,thumbnail,title,updated_at) values (?,?,?,?,?,?,?)
Hibernate: insert into webtoon (created_at,description,no_youth,publication_status,thumbnail,title,updated_at) values (?,?,?,?,?,?,?)
2024-03-29T20:01:51.852+09:00 DEBUG 26924 --- [    Test worker] org.hibernate.SQL                        : insert into webtoon_publishing_day (created_at,publishing_day_id,updated_at,webtoon_id) values (?,?,?,?)
Hibernate: insert into webtoon_publishing_day (created_at,publishing_day_id,updated_at,webtoon_id) values (?,?,?,?)
FRIDAY
2024-03-29T20:01:51.859+09:00 DEBUG 26924 --- [    Test worker] org.hibernate.SQL                        : select pd1_0.publishing_day_id,pd1_0.created_at,pd1_0.day,pd1_0.updated_at from publishing_day pd1_0 where pd1_0.day=?
Hibernate: select pd1_0.publishing_day_id,pd1_0.created_at,pd1_0.day,pd1_0.updated_at from publishing_day pd1_0 where pd1_0.day=?
PublishingDay{publishingDayId=5, createdAt=2024-03-29T19:55:41.069514, updatedAt=2024-03-29T19:55:41.069514, day='FRIDAY'}
2024-03-29T20:01:51.865+09:00 DEBUG 26924 --- [    Test worker] org.hibernate.SQL                        : insert into webtoon (created_at,description,no_youth,publication_status,thumbnail,title,updated_at) values (?,?,?,?,?,?,?)
Hibernate: insert into webtoon (created_at,description,no_youth,publication_status,thumbnail,title,updated_at) values (?,?,?,?,?,?,?)
2024-03-29T20:01:51.873+09:00 DEBUG 26924 --- [    Test worker] org.hibernate.SQL                        : insert into webtoon_publishing_day (created_at,publishing_day_id,updated_at,webtoon_id) values (?,?,?,?)
Hibernate: insert into webtoon_publishing_day (created_at,publishing_day_id,updated_at,webtoon_id) values (?,?,?,?)
FRIDAY
2024-03-29T20:01:51.880+09:00 DEBUG 26924 --- [    Test worker] org.hibernate.SQL                        : select pd1_0.publishing_day_id,pd1_0.created_at,pd1_0.day,pd1_0.updated_at from publishing_day pd1_0 where pd1_0.day=?
Hibernate: select pd1_0.publishing_day_id,pd1_0.created_at,pd1_0.day,pd1_0.updated_at from publishing_day pd1_0 where pd1_0.day=?
PublishingDay{publishingDayId=5, createdAt=2024-03-29T19:55:41.069514, updatedAt=2024-03-29T19:55:41.069514, day='FRIDAY'}
2024-03-29T20:01:51.884+09:00 DEBUG 26924 --- [    Test worker] org.hibernate.SQL                        : insert into webtoon (created_at,description,no_youth,publication_status,thumbnail,title,updated_at) values (?,?,?,?,?,?,?)
Hibernate: insert into webtoon (created_at,description,no_youth,publication_status,thumbnail,title,updated_at) values (?,?,?,?,?,?,?)
2024-03-29T20:01:51.894+09:00 DEBUG 26924 --- [    Test worker] org.hibernate.SQL                        : insert into webtoon_publishing_day (created_at,publishing_day_id,updated_at,webtoon_id) values (?,?,?,?)
Hibernate: insert into webtoon_publishing_day (created_at,publishing_day_id,updated_at,webtoon_id) values (?,?,?,?)
FRIDAY
2024-03-29T20:01:51.903+09:00 DEBUG 26924 --- [    Test worker] org.hibernate.SQL                        : select pd1_0.publishing_day_id,pd1_0.created_at,pd1_0.day,pd1_0.updated_at from publishing_day pd1_0 where pd1_0.day=?
Hibernate: select pd1_0.publishing_day_id,pd1_0.created_at,pd1_0.day,pd1_0.updated_at from publishing_day pd1_0 where pd1_0.day=?
PublishingDay{publishingDayId=5, createdAt=2024-03-29T19:55:41.069514, updatedAt=2024-03-29T19:55:41.069514, day='FRIDAY'}
2024-03-29T20:01:51.907+09:00 DEBUG 26924 --- [    Test worker] org.hibernate.SQL                        : insert into webtoon (created_at,description,no_youth,publication_status,thumbnail,title,updated_at) values (?,?,?,?,?,?,?)
Hibernate: insert into webtoon (created_at,description,no_youth,publication_status,thumbnail,title,updated_at) values (?,?,?,?,?,?,?)
2024-03-29T20:01:51.915+09:00 DEBUG 26924 --- [    Test worker] org.hibernate.SQL                        : insert into webtoon_publishing_day (created_at,publishing_day_id,updated_at,webtoon_id) values (?,?,?,?)
Hibernate: insert into webtoon_publishing_day (created_at,publishing_day_id,updated_at,webtoon_id) values (?,?,?,?)
FRIDAY
2024-03-29T20:01:51.923+09:00 DEBUG 26924 --- [    Test worker] org.hibernate.SQL                        : select pd1_0.publishing_day_id,pd1_0.created_at,pd1_0.day,pd1_0.updated_at from publishing_day pd1_0 where pd1_0.day=?
Hibernate: select pd1_0.publishing_day_id,pd1_0.created_at,pd1_0.day,pd1_0.updated_at from publishing_day pd1_0 where pd1_0.day=?
PublishingDay{publishingDayId=5, createdAt=2024-03-29T19:55:41.069514, updatedAt=2024-03-29T19:55:41.069514, day='FRIDAY'}
2024-03-29T20:01:51.928+09:00 DEBUG 26924 --- [    Test worker] org.hibernate.SQL                        : insert into webtoon (created_at,description,no_youth,publication_status,thumbnail,title,updated_at) values (?,?,?,?,?,?,?)
Hibernate: insert into webtoon (created_at,description,no_youth,publication_status,thumbnail,title,updated_at) values (?,?,?,?,?,?,?)
2024-03-29T20:01:51.938+09:00 DEBUG 26924 --- [    Test worker] org.hibernate.SQL                        : insert into webtoon_publishing_day (created_at,publishing_day_id,updated_at,webtoon_id) values (?,?,?,?)
Hibernate: insert into webtoon_publishing_day (created_at,publishing_day_id,updated_at,webtoon_id) values (?,?,?,?)
FRIDAY
2024-03-29T20:01:51.946+09:00 DEBUG 26924 --- [    Test worker] org.hibernate.SQL                        : select pd1_0.publishing_day_id,pd1_0.created_at,pd1_0.day,pd1_0.updated_at from publishing_day pd1_0 where pd1_0.day=?
Hibernate: select pd1_0.publishing_day_id,pd1_0.created_at,pd1_0.day,pd1_0.updated_at from publishing_day pd1_0 where pd1_0.day=?
PublishingDay{publishingDayId=5, createdAt=2024-03-29T19:55:41.069514, updatedAt=2024-03-29T19:55:41.069514, day='FRIDAY'}
2024-03-29T20:01:51.950+09:00 DEBUG 26924 --- [    Test worker] org.hibernate.SQL                        : insert into webtoon (created_at,description,no_youth,publication_status,thumbnail,title,updated_at) values (?,?,?,?,?,?,?)
Hibernate: insert into webtoon (created_at,description,no_youth,publication_status,thumbnail,title,updated_at) values (?,?,?,?,?,?,?)
2024-03-29T20:01:51.957+09:00 DEBUG 26924 --- [    Test worker] org.hibernate.SQL                        : insert into webtoon_publishing_day (created_at,publishing_day_id,updated_at,webtoon_id) values (?,?,?,?)
Hibernate: insert into webtoon_publishing_day (created_at,publishing_day_id,updated_at,webtoon_id) values (?,?,?,?)
FRIDAY
2024-03-29T20:01:51.962+09:00 DEBUG 26924 --- [    Test worker] org.hibernate.SQL                        : select pd1_0.publishing_day_id,pd1_0.created_at,pd1_0.day,pd1_0.updated_at from publishing_day pd1_0 where pd1_0.day=?
Hibernate: select pd1_0.publishing_day_id,pd1_0.created_at,pd1_0.day,pd1_0.updated_at from publishing_day pd1_0 where pd1_0.day=?
PublishingDay{publishingDayId=5, createdAt=2024-03-29T19:55:41.069514, updatedAt=2024-03-29T19:55:41.069514, day='FRIDAY'}
2024-03-29T20:01:51.965+09:00 DEBUG 26924 --- [    Test worker] org.hibernate.SQL                        : insert into webtoon (created_at,description,no_youth,publication_status,thumbnail,title,updated_at) values (?,?,?,?,?,?,?)
Hibernate: insert into webtoon (created_at,description,no_youth,publication_status,thumbnail,title,updated_at) values (?,?,?,?,?,?,?)
2024-03-29T20:01:51.970+09:00 DEBUG 26924 --- [    Test worker] org.hibernate.SQL                        : insert into webtoon_publishing_day (created_at,publishing_day_id,updated_at,webtoon_id) values (?,?,?,?)
Hibernate: insert into webtoon_publishing_day (created_at,publishing_day_id,updated_at,webtoon_id) values (?,?,?,?)
FRIDAY
2024-03-29T20:01:51.976+09:00 DEBUG 26924 --- [    Test worker] org.hibernate.SQL                        : select pd1_0.publishing_day_id,pd1_0.created_at,pd1_0.day,pd1_0.updated_at from publishing_day pd1_0 where pd1_0.day=?
Hibernate: select pd1_0.publishing_day_id,pd1_0.created_at,pd1_0.day,pd1_0.updated_at from publishing_day pd1_0 where pd1_0.day=?
PublishingDay{publishingDayId=5, createdAt=2024-03-29T19:55:41.069514, updatedAt=2024-03-29T19:55:41.069514, day='FRIDAY'}
2024-03-29T20:01:51.978+09:00 DEBUG 26924 --- [    Test worker] org.hibernate.SQL                        : insert into webtoon (created_at,description,no_youth,publication_status,thumbnail,title,updated_at) values (?,?,?,?,?,?,?)
Hibernate: insert into webtoon (created_at,description,no_youth,publication_status,thumbnail,title,updated_at) values (?,?,?,?,?,?,?)
2024-03-29T20:01:51.984+09:00 DEBUG 26924 --- [    Test worker] org.hibernate.SQL                        : insert into webtoon_publishing_day (created_at,publishing_day_id,updated_at,webtoon_id) values (?,?,?,?)
Hibernate: insert into webtoon_publishing_day (created_at,publishing_day_id,updated_at,webtoon_id) values (?,?,?,?)
FRIDAY
2024-03-29T20:01:51.990+09:00 DEBUG 26924 --- [    Test worker] org.hibernate.SQL                        : select pd1_0.publishing_day_id,pd1_0.created_at,pd1_0.day,pd1_0.updated_at from publishing_day pd1_0 where pd1_0.day=?
Hibernate: select pd1_0.publishing_day_id,pd1_0.created_at,pd1_0.day,pd1_0.updated_at from publishing_day pd1_0 where pd1_0.day=?
PublishingDay{publishingDayId=5, createdAt=2024-03-29T19:55:41.069514, updatedAt=2024-03-29T19:55:41.069514, day='FRIDAY'}
2024-03-29T20:01:51.993+09:00 DEBUG 26924 --- [    Test worker] org.hibernate.SQL                        : insert into webtoon (created_at,description,no_youth,publication_status,thumbnail,title,updated_at) values (?,?,?,?,?,?,?)
Hibernate: insert into webtoon (created_at,description,no_youth,publication_status,thumbnail,title,updated_at) values (?,?,?,?,?,?,?)
2024-03-29T20:01:51.998+09:00 DEBUG 26924 --- [    Test worker] org.hibernate.SQL                        : insert into webtoon_publishing_day (created_at,publishing_day_id,updated_at,webtoon_id) values (?,?,?,?)
Hibernate: insert into webtoon_publishing_day (created_at,publishing_day_id,updated_at,webtoon_id) values (?,?,?,?)
FRIDAY
2024-03-29T20:01:52.004+09:00 DEBUG 26924 --- [    Test worker] org.hibernate.SQL                        : select pd1_0.publishing_day_id,pd1_0.created_at,pd1_0.day,pd1_0.updated_at from publishing_day pd1_0 where pd1_0.day=?
Hibernate: select pd1_0.publishing_day_id,pd1_0.created_at,pd1_0.day,pd1_0.updated_at from publishing_day pd1_0 where pd1_0.day=?
PublishingDay{publishingDayId=5, createdAt=2024-03-29T19:55:41.069514, updatedAt=2024-03-29T19:55:41.069514, day='FRIDAY'}
2024-03-29T20:01:52.007+09:00 DEBUG 26924 --- [    Test worker] org.hibernate.SQL                        : insert into webtoon (created_at,description,no_youth,publication_status,thumbnail,title,updated_at) values (?,?,?,?,?,?,?)
Hibernate: insert into webtoon (created_at,description,no_youth,publication_status,thumbnail,title,updated_at) values (?,?,?,?,?,?,?)
2024-03-29T20:01:52.014+09:00 DEBUG 26924 --- [    Test worker] org.hibernate.SQL                        : insert into webtoon_publishing_day (created_at,publishing_day_id,updated_at,webtoon_id) values (?,?,?,?)
Hibernate: insert into webtoon_publishing_day (created_at,publishing_day_id,updated_at,webtoon_id) values (?,?,?,?)
FRIDAY
2024-03-29T20:01:52.021+09:00 DEBUG 26924 --- [    Test worker] org.hibernate.SQL                        : select pd1_0.publishing_day_id,pd1_0.created_at,pd1_0.day,pd1_0.updated_at from publishing_day pd1_0 where pd1_0.day=?
Hibernate: select pd1_0.publishing_day_id,pd1_0.created_at,pd1_0.day,pd1_0.updated_at from publishing_day pd1_0 where pd1_0.day=?
PublishingDay{publishingDayId=5, createdAt=2024-03-29T19:55:41.069514, updatedAt=2024-03-29T19:55:41.069514, day='FRIDAY'}
2024-03-29T20:01:52.023+09:00 DEBUG 26924 --- [    Test worker] org.hibernate.SQL                        : insert into webtoon (created_at,description,no_youth,publication_status,thumbnail,title,updated_at) values (?,?,?,?,?,?,?)
Hibernate: insert into webtoon (created_at,description,no_youth,publication_status,thumbnail,title,updated_at) values (?,?,?,?,?,?,?)
2024-03-29T20:01:52.030+09:00 DEBUG 26924 --- [    Test worker] org.hibernate.SQL                        : insert into webtoon_publishing_day (created_at,publishing_day_id,updated_at,webtoon_id) values (?,?,?,?)
Hibernate: insert into webtoon_publishing_day (created_at,publishing_day_id,updated_at,webtoon_id) values (?,?,?,?)
FRIDAY
2024-03-29T20:01:52.037+09:00 DEBUG 26924 --- [    Test worker] org.hibernate.SQL                        : select pd1_0.publishing_day_id,pd1_0.created_at,pd1_0.day,pd1_0.updated_at from publishing_day pd1_0 where pd1_0.day=?
Hibernate: select pd1_0.publishing_day_id,pd1_0.created_at,pd1_0.day,pd1_0.updated_at from publishing_day pd1_0 where pd1_0.day=?
PublishingDay{publishingDayId=5, createdAt=2024-03-29T19:55:41.069514, updatedAt=2024-03-29T19:55:41.069514, day='FRIDAY'}
2024-03-29T20:01:52.041+09:00 DEBUG 26924 --- [    Test worker] org.hibernate.SQL                        : insert into webtoon (created_at,description,no_youth,publication_status,thumbnail,title,updated_at) values (?,?,?,?,?,?,?)
Hibernate: insert into webtoon (created_at,description,no_youth,publication_status,thumbnail,title,updated_at) values (?,?,?,?,?,?,?)
2024-03-29T20:01:52.049+09:00 DEBUG 26924 --- [    Test worker] org.hibernate.SQL                        : insert into webtoon_publishing_day (created_at,publishing_day_id,updated_at,webtoon_id) values (?,?,?,?)
Hibernate: insert into webtoon_publishing_day (created_at,publishing_day_id,updated_at,webtoon_id) values (?,?,?,?)
FRIDAY
2024-03-29T20:01:52.057+09:00 DEBUG 26924 --- [    Test worker] org.hibernate.SQL                        : select pd1_0.publishing_day_id,pd1_0.created_at,pd1_0.day,pd1_0.updated_at from publishing_day pd1_0 where pd1_0.day=?
Hibernate: select pd1_0.publishing_day_id,pd1_0.created_at,pd1_0.day,pd1_0.updated_at from publishing_day pd1_0 where pd1_0.day=?
PublishingDay{publishingDayId=5, createdAt=2024-03-29T19:55:41.069514, updatedAt=2024-03-29T19:55:41.069514, day='FRIDAY'}
2024-03-29T20:01:52.062+09:00 DEBUG 26924 --- [    Test worker] org.hibernate.SQL                        : insert into webtoon (created_at,description,no_youth,publication_status,thumbnail,title,updated_at) values (?,?,?,?,?,?,?)
Hibernate: insert into webtoon (created_at,description,no_youth,publication_status,thumbnail,title,updated_at) values (?,?,?,?,?,?,?)
2024-03-29T20:01:52.070+09:00 DEBUG 26924 --- [    Test worker] org.hibernate.SQL                        : insert into webtoon_publishing_day (created_at,publishing_day_id,updated_at,webtoon_id) values (?,?,?,?)
Hibernate: insert into webtoon_publishing_day (created_at,publishing_day_id,updated_at,webtoon_id) values (?,?,?,?)
FRIDAY
2024-03-29T20:01:52.079+09:00 DEBUG 26924 --- [    Test worker] org.hibernate.SQL                        : select pd1_0.publishing_day_id,pd1_0.created_at,pd1_0.day,pd1_0.updated_at from publishing_day pd1_0 where pd1_0.day=?
Hibernate: select pd1_0.publishing_day_id,pd1_0.created_at,pd1_0.day,pd1_0.updated_at from publishing_day pd1_0 where pd1_0.day=?
PublishingDay{publishingDayId=5, createdAt=2024-03-29T19:55:41.069514, updatedAt=2024-03-29T19:55:41.069514, day='FRIDAY'}
2024-03-29T20:01:52.083+09:00 DEBUG 26924 --- [    Test worker] org.hibernate.SQL                        : insert into webtoon (created_at,description,no_youth,publication_status,thumbnail,title,updated_at) values (?,?,?,?,?,?,?)
Hibernate: insert into webtoon (created_at,description,no_youth,publication_status,thumbnail,title,updated_at) values (?,?,?,?,?,?,?)
2024-03-29T20:01:52.090+09:00 DEBUG 26924 --- [    Test worker] org.hibernate.SQL                        : insert into webtoon_publishing_day (created_at,publishing_day_id,updated_at,webtoon_id) values (?,?,?,?)
Hibernate: insert into webtoon_publishing_day (created_at,publishing_day_id,updated_at,webtoon_id) values (?,?,?,?)
FRIDAY
2024-03-29T20:01:52.100+09:00 DEBUG 26924 --- [    Test worker] org.hibernate.SQL                        : select pd1_0.publishing_day_id,pd1_0.created_at,pd1_0.day,pd1_0.updated_at from publishing_day pd1_0 where pd1_0.day=?
Hibernate: select pd1_0.publishing_day_id,pd1_0.created_at,pd1_0.day,pd1_0.updated_at from publishing_day pd1_0 where pd1_0.day=?
PublishingDay{publishingDayId=5, createdAt=2024-03-29T19:55:41.069514, updatedAt=2024-03-29T19:55:41.069514, day='FRIDAY'}
2024-03-29T20:01:52.104+09:00 DEBUG 26924 --- [    Test worker] org.hibernate.SQL                        : insert into webtoon (created_at,description,no_youth,publication_status,thumbnail,title,updated_at) values (?,?,?,?,?,?,?)
Hibernate: insert into webtoon (created_at,description,no_youth,publication_status,thumbnail,title,updated_at) values (?,?,?,?,?,?,?)
2024-03-29T20:01:52.114+09:00 DEBUG 26924 --- [    Test worker] org.hibernate.SQL                        : insert into webtoon_publishing_day (created_at,publishing_day_id,updated_at,webtoon_id) values (?,?,?,?)
Hibernate: insert into webtoon_publishing_day (created_at,publishing_day_id,updated_at,webtoon_id) values (?,?,?,?)
FRIDAY
2024-03-29T20:01:52.123+09:00 DEBUG 26924 --- [    Test worker] org.hibernate.SQL                        : select pd1_0.publishing_day_id,pd1_0.created_at,pd1_0.day,pd1_0.updated_at from publishing_day pd1_0 where pd1_0.day=?
Hibernate: select pd1_0.publishing_day_id,pd1_0.created_at,pd1_0.day,pd1_0.updated_at from publishing_day pd1_0 where pd1_0.day=?
PublishingDay{publishingDayId=5, createdAt=2024-03-29T19:55:41.069514, updatedAt=2024-03-29T19:55:41.069514, day='FRIDAY'}
2024-03-29T20:01:52.127+09:00 DEBUG 26924 --- [    Test worker] org.hibernate.SQL                        : insert into webtoon (created_at,description,no_youth,publication_status,thumbnail,title,updated_at) values (?,?,?,?,?,?,?)
Hibernate: insert into webtoon (created_at,description,no_youth,publication_status,thumbnail,title,updated_at) values (?,?,?,?,?,?,?)
2024-03-29T20:01:52.136+09:00 DEBUG 26924 --- [    Test worker] org.hibernate.SQL                        : insert into webtoon_publishing_day (created_at,publishing_day_id,updated_at,webtoon_id) values (?,?,?,?)
Hibernate: insert into webtoon_publishing_day (created_at,publishing_day_id,updated_at,webtoon_id) values (?,?,?,?)
FRIDAY
2024-03-29T20:01:52.144+09:00 DEBUG 26924 --- [    Test worker] org.hibernate.SQL                        : select pd1_0.publishing_day_id,pd1_0.created_at,pd1_0.day,pd1_0.updated_at from publishing_day pd1_0 where pd1_0.day=?
Hibernate: select pd1_0.publishing_day_id,pd1_0.created_at,pd1_0.day,pd1_0.updated_at from publishing_day pd1_0 where pd1_0.day=?
PublishingDay{publishingDayId=5, createdAt=2024-03-29T19:55:41.069514, updatedAt=2024-03-29T19:55:41.069514, day='FRIDAY'}
2024-03-29T20:01:52.148+09:00 DEBUG 26924 --- [    Test worker] org.hibernate.SQL                        : insert into webtoon (created_at,description,no_youth,publication_status,thumbnail,title,updated_at) values (?,?,?,?,?,?,?)
Hibernate: insert into webtoon (created_at,description,no_youth,publication_status,thumbnail,title,updated_at) values (?,?,?,?,?,?,?)
2024-03-29T20:01:52.155+09:00 DEBUG 26924 --- [    Test worker] org.hibernate.SQL                        : insert into webtoon_publishing_day (created_at,publishing_day_id,updated_at,webtoon_id) values (?,?,?,?)
Hibernate: insert into webtoon_publishing_day (created_at,publishing_day_id,updated_at,webtoon_id) values (?,?,?,?)
FRIDAY
2024-03-29T20:01:52.162+09:00 DEBUG 26924 --- [    Test worker] org.hibernate.SQL                        : select pd1_0.publishing_day_id,pd1_0.created_at,pd1_0.day,pd1_0.updated_at from publishing_day pd1_0 where pd1_0.day=?
Hibernate: select pd1_0.publishing_day_id,pd1_0.created_at,pd1_0.day,pd1_0.updated_at from publishing_day pd1_0 where pd1_0.day=?
PublishingDay{publishingDayId=5, createdAt=2024-03-29T19:55:41.069514, updatedAt=2024-03-29T19:55:41.069514, day='FRIDAY'}
2024-03-29T20:01:52.165+09:00 DEBUG 26924 --- [    Test worker] org.hibernate.SQL                        : insert into webtoon (created_at,description,no_youth,publication_status,thumbnail,title,updated_at) values (?,?,?,?,?,?,?)
Hibernate: insert into webtoon (created_at,description,no_youth,publication_status,thumbnail,title,updated_at) values (?,?,?,?,?,?,?)
2024-03-29T20:01:52.171+09:00 DEBUG 26924 --- [    Test worker] org.hibernate.SQL                        : insert into webtoon_publishing_day (created_at,publishing_day_id,updated_at,webtoon_id) values (?,?,?,?)
Hibernate: insert into webtoon_publishing_day (created_at,publishing_day_id,updated_at,webtoon_id) values (?,?,?,?)
FRIDAY
2024-03-29T20:01:52.178+09:00 DEBUG 26924 --- [    Test worker] org.hibernate.SQL                        : select pd1_0.publishing_day_id,pd1_0.created_at,pd1_0.day,pd1_0.updated_at from publishing_day pd1_0 where pd1_0.day=?
Hibernate: select pd1_0.publishing_day_id,pd1_0.created_at,pd1_0.day,pd1_0.updated_at from publishing_day pd1_0 where pd1_0.day=?
PublishingDay{publishingDayId=5, createdAt=2024-03-29T19:55:41.069514, updatedAt=2024-03-29T19:55:41.069514, day='FRIDAY'}
2024-03-29T20:01:52.181+09:00 DEBUG 26924 --- [    Test worker] org.hibernate.SQL                        : insert into webtoon (created_at,description,no_youth,publication_status,thumbnail,title,updated_at) values (?,?,?,?,?,?,?)
Hibernate: insert into webtoon (created_at,description,no_youth,publication_status,thumbnail,title,updated_at) values (?,?,?,?,?,?,?)
2024-03-29T20:01:52.189+09:00 DEBUG 26924 --- [    Test worker] org.hibernate.SQL                        : insert into webtoon_publishing_day (created_at,publishing_day_id,updated_at,webtoon_id) values (?,?,?,?)
Hibernate: insert into webtoon_publishing_day (created_at,publishing_day_id,updated_at,webtoon_id) values (?,?,?,?)
FRIDAY
2024-03-29T20:01:52.195+09:00 DEBUG 26924 --- [    Test worker] org.hibernate.SQL                        : select pd1_0.publishing_day_id,pd1_0.created_at,pd1_0.day,pd1_0.updated_at from publishing_day pd1_0 where pd1_0.day=?
Hibernate: select pd1_0.publishing_day_id,pd1_0.created_at,pd1_0.day,pd1_0.updated_at from publishing_day pd1_0 where pd1_0.day=?
PublishingDay{publishingDayId=5, createdAt=2024-03-29T19:55:41.069514, updatedAt=2024-03-29T19:55:41.069514, day='FRIDAY'}
2024-03-29T20:01:52.198+09:00 DEBUG 26924 --- [    Test worker] org.hibernate.SQL                        : insert into webtoon (created_at,description,no_youth,publication_status,thumbnail,title,updated_at) values (?,?,?,?,?,?,?)
Hibernate: insert into webtoon (created_at,description,no_youth,publication_status,thumbnail,title,updated_at) values (?,?,?,?,?,?,?)
2024-03-29T20:01:52.205+09:00 DEBUG 26924 --- [    Test worker] org.hibernate.SQL                        : insert into webtoon_publishing_day (created_at,publishing_day_id,updated_at,webtoon_id) values (?,?,?,?)
Hibernate: insert into webtoon_publishing_day (created_at,publishing_day_id,updated_at,webtoon_id) values (?,?,?,?)
FRIDAY
2024-03-29T20:01:52.213+09:00 DEBUG 26924 --- [    Test worker] org.hibernate.SQL                        : select pd1_0.publishing_day_id,pd1_0.created_at,pd1_0.day,pd1_0.updated_at from publishing_day pd1_0 where pd1_0.day=?
Hibernate: select pd1_0.publishing_day_id,pd1_0.created_at,pd1_0.day,pd1_0.updated_at from publishing_day pd1_0 where pd1_0.day=?
PublishingDay{publishingDayId=5, createdAt=2024-03-29T19:55:41.069514, updatedAt=2024-03-29T19:55:41.069514, day='FRIDAY'}
2024-03-29T20:01:52.217+09:00 DEBUG 26924 --- [    Test worker] org.hibernate.SQL                        : insert into webtoon (created_at,description,no_youth,publication_status,thumbnail,title,updated_at) values (?,?,?,?,?,?,?)
Hibernate: insert into webtoon (created_at,description,no_youth,publication_status,thumbnail,title,updated_at) values (?,?,?,?,?,?,?)
2024-03-29T20:01:52.224+09:00 DEBUG 26924 --- [    Test worker] org.hibernate.SQL                        : insert into webtoon_publishing_day (created_at,publishing_day_id,updated_at,webtoon_id) values (?,?,?,?)
Hibernate: insert into webtoon_publishing_day (created_at,publishing_day_id,updated_at,webtoon_id) values (?,?,?,?)
FRIDAY
2024-03-29T20:01:52.231+09:00 DEBUG 26924 --- [    Test worker] org.hibernate.SQL                        : select pd1_0.publishing_day_id,pd1_0.created_at,pd1_0.day,pd1_0.updated_at from publishing_day pd1_0 where pd1_0.day=?
Hibernate: select pd1_0.publishing_day_id,pd1_0.created_at,pd1_0.day,pd1_0.updated_at from publishing_day pd1_0 where pd1_0.day=?
PublishingDay{publishingDayId=5, createdAt=2024-03-29T19:55:41.069514, updatedAt=2024-03-29T19:55:41.069514, day='FRIDAY'}
2024-03-29T20:01:52.234+09:00 DEBUG 26924 --- [    Test worker] org.hibernate.SQL                        : insert into webtoon (created_at,description,no_youth,publication_status,thumbnail,title,updated_at) values (?,?,?,?,?,?,?)
Hibernate: insert into webtoon (created_at,description,no_youth,publication_status,thumbnail,title,updated_at) values (?,?,?,?,?,?,?)
2024-03-29T20:01:52.241+09:00 DEBUG 26924 --- [    Test worker] org.hibernate.SQL                        : insert into webtoon_publishing_day (created_at,publishing_day_id,updated_at,webtoon_id) values (?,?,?,?)
Hibernate: insert into webtoon_publishing_day (created_at,publishing_day_id,updated_at,webtoon_id) values (?,?,?,?)
FRIDAY
2024-03-29T20:01:52.248+09:00 DEBUG 26924 --- [    Test worker] org.hibernate.SQL                        : select pd1_0.publishing_day_id,pd1_0.created_at,pd1_0.day,pd1_0.updated_at from publishing_day pd1_0 where pd1_0.day=?
Hibernate: select pd1_0.publishing_day_id,pd1_0.created_at,pd1_0.day,pd1_0.updated_at from publishing_day pd1_0 where pd1_0.day=?
PublishingDay{publishingDayId=5, createdAt=2024-03-29T19:55:41.069514, updatedAt=2024-03-29T19:55:41.069514, day='FRIDAY'}
2024-03-29T20:01:52.252+09:00 DEBUG 26924 --- [    Test worker] org.hibernate.SQL                        : insert into webtoon (created_at,description,no_youth,publication_status,thumbnail,title,updated_at) values (?,?,?,?,?,?,?)
Hibernate: insert into webtoon (created_at,description,no_youth,publication_status,thumbnail,title,updated_at) values (?,?,?,?,?,?,?)
2024-03-29T20:01:52.262+09:00 DEBUG 26924 --- [    Test worker] org.hibernate.SQL                        : insert into webtoon_publishing_day (created_at,publishing_day_id,updated_at,webtoon_id) values (?,?,?,?)
Hibernate: insert into webtoon_publishing_day (created_at,publishing_day_id,updated_at,webtoon_id) values (?,?,?,?)
FRIDAY
2024-03-29T20:01:52.272+09:00 DEBUG 26924 --- [    Test worker] org.hibernate.SQL                        : select pd1_0.publishing_day_id,pd1_0.created_at,pd1_0.day,pd1_0.updated_at from publishing_day pd1_0 where pd1_0.day=?
Hibernate: select pd1_0.publishing_day_id,pd1_0.created_at,pd1_0.day,pd1_0.updated_at from publishing_day pd1_0 where pd1_0.day=?
PublishingDay{publishingDayId=5, createdAt=2024-03-29T19:55:41.069514, updatedAt=2024-03-29T19:55:41.069514, day='FRIDAY'}
2024-03-29T20:01:52.275+09:00 DEBUG 26924 --- [    Test worker] org.hibernate.SQL                        : insert into webtoon (created_at,description,no_youth,publication_status,thumbnail,title,updated_at) values (?,?,?,?,?,?,?)
Hibernate: insert into webtoon (created_at,description,no_youth,publication_status,thumbnail,title,updated_at) values (?,?,?,?,?,?,?)
2024-03-29T20:01:52.285+09:00 DEBUG 26924 --- [    Test worker] org.hibernate.SQL                        : insert into webtoon_publishing_day (created_at,publishing_day_id,updated_at,webtoon_id) values (?,?,?,?)
Hibernate: insert into webtoon_publishing_day (created_at,publishing_day_id,updated_at,webtoon_id) values (?,?,?,?)
FRIDAY
2024-03-29T20:01:52.294+09:00 DEBUG 26924 --- [    Test worker] org.hibernate.SQL                        : select pd1_0.publishing_day_id,pd1_0.created_at,pd1_0.day,pd1_0.updated_at from publishing_day pd1_0 where pd1_0.day=?
Hibernate: select pd1_0.publishing_day_id,pd1_0.created_at,pd1_0.day,pd1_0.updated_at from publishing_day pd1_0 where pd1_0.day=?
PublishingDay{publishingDayId=5, createdAt=2024-03-29T19:55:41.069514, updatedAt=2024-03-29T19:55:41.069514, day='FRIDAY'}
2024-03-29T20:01:52.298+09:00 DEBUG 26924 --- [    Test worker] org.hibernate.SQL                        : insert into webtoon (created_at,description,no_youth,publication_status,thumbnail,title,updated_at) values (?,?,?,?,?,?,?)
Hibernate: insert into webtoon (created_at,description,no_youth,publication_status,thumbnail,title,updated_at) values (?,?,?,?,?,?,?)
2024-03-29T20:01:52.306+09:00 DEBUG 26924 --- [    Test worker] org.hibernate.SQL                        : insert into webtoon_publishing_day (created_at,publishing_day_id,updated_at,webtoon_id) values (?,?,?,?)
Hibernate: insert into webtoon_publishing_day (created_at,publishing_day_id,updated_at,webtoon_id) values (?,?,?,?)
FRIDAY
2024-03-29T20:01:52.315+09:00 DEBUG 26924 --- [    Test worker] org.hibernate.SQL                        : select pd1_0.publishing_day_id,pd1_0.created_at,pd1_0.day,pd1_0.updated_at from publishing_day pd1_0 where pd1_0.day=?
Hibernate: select pd1_0.publishing_day_id,pd1_0.created_at,pd1_0.day,pd1_0.updated_at from publishing_day pd1_0 where pd1_0.day=?
PublishingDay{publishingDayId=5, createdAt=2024-03-29T19:55:41.069514, updatedAt=2024-03-29T19:55:41.069514, day='FRIDAY'}
2024-03-29T20:01:52.319+09:00 DEBUG 26924 --- [    Test worker] org.hibernate.SQL                        : insert into webtoon (created_at,description,no_youth,publication_status,thumbnail,title,updated_at) values (?,?,?,?,?,?,?)
Hibernate: insert into webtoon (created_at,description,no_youth,publication_status,thumbnail,title,updated_at) values (?,?,?,?,?,?,?)
2024-03-29T20:01:52.327+09:00 DEBUG 26924 --- [    Test worker] org.hibernate.SQL                        : insert into webtoon_publishing_day (created_at,publishing_day_id,updated_at,webtoon_id) values (?,?,?,?)
Hibernate: insert into webtoon_publishing_day (created_at,publishing_day_id,updated_at,webtoon_id) values (?,?,?,?)
FRIDAY
2024-03-29T20:01:52.335+09:00 DEBUG 26924 --- [    Test worker] org.hibernate.SQL                        : select pd1_0.publishing_day_id,pd1_0.created_at,pd1_0.day,pd1_0.updated_at from publishing_day pd1_0 where pd1_0.day=?
Hibernate: select pd1_0.publishing_day_id,pd1_0.created_at,pd1_0.day,pd1_0.updated_at from publishing_day pd1_0 where pd1_0.day=?
PublishingDay{publishingDayId=5, createdAt=2024-03-29T19:55:41.069514, updatedAt=2024-03-29T19:55:41.069514, day='FRIDAY'}
2024-03-29T20:01:52.339+09:00 DEBUG 26924 --- [    Test worker] org.hibernate.SQL                        : insert into webtoon (created_at,description,no_youth,publication_status,thumbnail,title,updated_at) values (?,?,?,?,?,?,?)
Hibernate: insert into webtoon (created_at,description,no_youth,publication_status,thumbnail,title,updated_at) values (?,?,?,?,?,?,?)
2024-03-29T20:01:52.347+09:00 DEBUG 26924 --- [    Test worker] org.hibernate.SQL                        : insert into webtoon_publishing_day (created_at,publishing_day_id,updated_at,webtoon_id) values (?,?,?,?)
Hibernate: insert into webtoon_publishing_day (created_at,publishing_day_id,updated_at,webtoon_id) values (?,?,?,?)
FRIDAY
2024-03-29T20:01:52.354+09:00 DEBUG 26924 --- [    Test worker] org.hibernate.SQL                        : select pd1_0.publishing_day_id,pd1_0.created_at,pd1_0.day,pd1_0.updated_at from publishing_day pd1_0 where pd1_0.day=?
Hibernate: select pd1_0.publishing_day_id,pd1_0.created_at,pd1_0.day,pd1_0.updated_at from publishing_day pd1_0 where pd1_0.day=?
PublishingDay{publishingDayId=5, createdAt=2024-03-29T19:55:41.069514, updatedAt=2024-03-29T19:55:41.069514, day='FRIDAY'}
2024-03-29T20:01:52.356+09:00 DEBUG 26924 --- [    Test worker] org.hibernate.SQL                        : insert into webtoon (created_at,description,no_youth,publication_status,thumbnail,title,updated_at) values (?,?,?,?,?,?,?)
Hibernate: insert into webtoon (created_at,description,no_youth,publication_status,thumbnail,title,updated_at) values (?,?,?,?,?,?,?)
2024-03-29T20:01:52.363+09:00 DEBUG 26924 --- [    Test worker] org.hibernate.SQL                        : insert into webtoon_publishing_day (created_at,publishing_day_id,updated_at,webtoon_id) values (?,?,?,?)
Hibernate: insert into webtoon_publishing_day (created_at,publishing_day_id,updated_at,webtoon_id) values (?,?,?,?)
FRIDAY
2024-03-29T20:01:52.369+09:00 DEBUG 26924 --- [    Test worker] org.hibernate.SQL                        : select pd1_0.publishing_day_id,pd1_0.created_at,pd1_0.day,pd1_0.updated_at from publishing_day pd1_0 where pd1_0.day=?
Hibernate: select pd1_0.publishing_day_id,pd1_0.created_at,pd1_0.day,pd1_0.updated_at from publishing_day pd1_0 where pd1_0.day=?
PublishingDay{publishingDayId=5, createdAt=2024-03-29T19:55:41.069514, updatedAt=2024-03-29T19:55:41.069514, day='FRIDAY'}
2024-03-29T20:01:52.371+09:00 DEBUG 26924 --- [    Test worker] org.hibernate.SQL                        : insert into webtoon (created_at,description,no_youth,publication_status,thumbnail,title,updated_at) values (?,?,?,?,?,?,?)
Hibernate: insert into webtoon (created_at,description,no_youth,publication_status,thumbnail,title,updated_at) values (?,?,?,?,?,?,?)
2024-03-29T20:01:52.378+09:00 DEBUG 26924 --- [    Test worker] org.hibernate.SQL                        : insert into webtoon_publishing_day (created_at,publishing_day_id,updated_at,webtoon_id) values (?,?,?,?)
Hibernate: insert into webtoon_publishing_day (created_at,publishing_day_id,updated_at,webtoon_id) values (?,?,?,?)
FRIDAY
2024-03-29T20:01:52.384+09:00 DEBUG 26924 --- [    Test worker] org.hibernate.SQL                        : select pd1_0.publishing_day_id,pd1_0.created_at,pd1_0.day,pd1_0.updated_at from publishing_day pd1_0 where pd1_0.day=?
Hibernate: select pd1_0.publishing_day_id,pd1_0.created_at,pd1_0.day,pd1_0.updated_at from publishing_day pd1_0 where pd1_0.day=?
PublishingDay{publishingDayId=5, createdAt=2024-03-29T19:55:41.069514, updatedAt=2024-03-29T19:55:41.069514, day='FRIDAY'}
2024-03-29T20:01:52.387+09:00 DEBUG 26924 --- [    Test worker] org.hibernate.SQL                        : insert into webtoon (created_at,description,no_youth,publication_status,thumbnail,title,updated_at) values (?,?,?,?,?,?,?)
Hibernate: insert into webtoon (created_at,description,no_youth,publication_status,thumbnail,title,updated_at) values (?,?,?,?,?,?,?)
2024-03-29T20:01:52.393+09:00 DEBUG 26924 --- [    Test worker] org.hibernate.SQL                        : insert into webtoon_publishing_day (created_at,publishing_day_id,updated_at,webtoon_id) values (?,?,?,?)
Hibernate: insert into webtoon_publishing_day (created_at,publishing_day_id,updated_at,webtoon_id) values (?,?,?,?)
FRIDAY
2024-03-29T20:01:52.400+09:00 DEBUG 26924 --- [    Test worker] org.hibernate.SQL                        : select pd1_0.publishing_day_id,pd1_0.created_at,pd1_0.day,pd1_0.updated_at from publishing_day pd1_0 where pd1_0.day=?
Hibernate: select pd1_0.publishing_day_id,pd1_0.created_at,pd1_0.day,pd1_0.updated_at from publishing_day pd1_0 where pd1_0.day=?
PublishingDay{publishingDayId=5, createdAt=2024-03-29T19:55:41.069514, updatedAt=2024-03-29T19:55:41.069514, day='FRIDAY'}
2024-03-29T20:01:52.403+09:00 DEBUG 26924 --- [    Test worker] org.hibernate.SQL                        : insert into webtoon (created_at,description,no_youth,publication_status,thumbnail,title,updated_at) values (?,?,?,?,?,?,?)
Hibernate: insert into webtoon (created_at,description,no_youth,publication_status,thumbnail,title,updated_at) values (?,?,?,?,?,?,?)
2024-03-29T20:01:52.411+09:00 DEBUG 26924 --- [    Test worker] org.hibernate.SQL                        : insert into webtoon_publishing_day (created_at,publishing_day_id,updated_at,webtoon_id) values (?,?,?,?)
Hibernate: insert into webtoon_publishing_day (created_at,publishing_day_id,updated_at,webtoon_id) values (?,?,?,?)
FRIDAY
2024-03-29T20:01:52.418+09:00 DEBUG 26924 --- [    Test worker] org.hibernate.SQL                        : select pd1_0.publishing_day_id,pd1_0.created_at,pd1_0.day,pd1_0.updated_at from publishing_day pd1_0 where pd1_0.day=?
Hibernate: select pd1_0.publishing_day_id,pd1_0.created_at,pd1_0.day,pd1_0.updated_at from publishing_day pd1_0 where pd1_0.day=?
PublishingDay{publishingDayId=5, createdAt=2024-03-29T19:55:41.069514, updatedAt=2024-03-29T19:55:41.069514, day='FRIDAY'}
2024-03-29T20:01:52.421+09:00 DEBUG 26924 --- [    Test worker] org.hibernate.SQL                        : insert into webtoon (created_at,description,no_youth,publication_status,thumbnail,title,updated_at) values (?,?,?,?,?,?,?)
Hibernate: insert into webtoon (created_at,description,no_youth,publication_status,thumbnail,title,updated_at) values (?,?,?,?,?,?,?)
2024-03-29T20:01:52.429+09:00 DEBUG 26924 --- [    Test worker] org.hibernate.SQL                        : insert into webtoon_publishing_day (created_at,publishing_day_id,updated_at,webtoon_id) values (?,?,?,?)
Hibernate: insert into webtoon_publishing_day (created_at,publishing_day_id,updated_at,webtoon_id) values (?,?,?,?)
FRIDAY
2024-03-29T20:01:52.437+09:00 DEBUG 26924 --- [    Test worker] org.hibernate.SQL                        : select pd1_0.publishing_day_id,pd1_0.created_at,pd1_0.day,pd1_0.updated_at from publishing_day pd1_0 where pd1_0.day=?
Hibernate: select pd1_0.publishing_day_id,pd1_0.created_at,pd1_0.day,pd1_0.updated_at from publishing_day pd1_0 where pd1_0.day=?
PublishingDay{publishingDayId=5, createdAt=2024-03-29T19:55:41.069514, updatedAt=2024-03-29T19:55:41.069514, day='FRIDAY'}
2024-03-29T20:01:52.441+09:00 DEBUG 26924 --- [    Test worker] org.hibernate.SQL                        : insert into webtoon (created_at,description,no_youth,publication_status,thumbnail,title,updated_at) values (?,?,?,?,?,?,?)
Hibernate: insert into webtoon (created_at,description,no_youth,publication_status,thumbnail,title,updated_at) values (?,?,?,?,?,?,?)
2024-03-29T20:01:52.450+09:00 DEBUG 26924 --- [    Test worker] org.hibernate.SQL                        : insert into webtoon_publishing_day (created_at,publishing_day_id,updated_at,webtoon_id) values (?,?,?,?)
Hibernate: insert into webtoon_publishing_day (created_at,publishing_day_id,updated_at,webtoon_id) values (?,?,?,?)
FRIDAY
2024-03-29T20:01:52.459+09:00 DEBUG 26924 --- [    Test worker] org.hibernate.SQL                        : select pd1_0.publishing_day_id,pd1_0.created_at,pd1_0.day,pd1_0.updated_at from publishing_day pd1_0 where pd1_0.day=?
Hibernate: select pd1_0.publishing_day_id,pd1_0.created_at,pd1_0.day,pd1_0.updated_at from publishing_day pd1_0 where pd1_0.day=?
PublishingDay{publishingDayId=5, createdAt=2024-03-29T19:55:41.069514, updatedAt=2024-03-29T19:55:41.069514, day='FRIDAY'}
2024-03-29T20:01:52.464+09:00 DEBUG 26924 --- [    Test worker] org.hibernate.SQL                        : insert into webtoon (created_at,description,no_youth,publication_status,thumbnail,title,updated_at) values (?,?,?,?,?,?,?)
Hibernate: insert into webtoon (created_at,description,no_youth,publication_status,thumbnail,title,updated_at) values (?,?,?,?,?,?,?)
2024-03-29T20:01:52.473+09:00 DEBUG 26924 --- [    Test worker] org.hibernate.SQL                        : insert into webtoon_publishing_day (created_at,publishing_day_id,updated_at,webtoon_id) values (?,?,?,?)
Hibernate: insert into webtoon_publishing_day (created_at,publishing_day_id,updated_at,webtoon_id) values (?,?,?,?)
FRIDAY
2024-03-29T20:01:52.483+09:00 DEBUG 26924 --- [    Test worker] org.hibernate.SQL                        : select pd1_0.publishing_day_id,pd1_0.created_at,pd1_0.day,pd1_0.updated_at from publishing_day pd1_0 where pd1_0.day=?
Hibernate: select pd1_0.publishing_day_id,pd1_0.created_at,pd1_0.day,pd1_0.updated_at from publishing_day pd1_0 where pd1_0.day=?
PublishingDay{publishingDayId=5, createdAt=2024-03-29T19:55:41.069514, updatedAt=2024-03-29T19:55:41.069514, day='FRIDAY'}
2024-03-29T20:01:52.487+09:00 DEBUG 26924 --- [    Test worker] org.hibernate.SQL                        : insert into webtoon (created_at,description,no_youth,publication_status,thumbnail,title,updated_at) values (?,?,?,?,?,?,?)
Hibernate: insert into webtoon (created_at,description,no_youth,publication_status,thumbnail,title,updated_at) values (?,?,?,?,?,?,?)
2024-03-29T20:01:52.497+09:00 DEBUG 26924 --- [    Test worker] org.hibernate.SQL                        : insert into webtoon_publishing_day (created_at,publishing_day_id,updated_at,webtoon_id) values (?,?,?,?)
Hibernate: insert into webtoon_publishing_day (created_at,publishing_day_id,updated_at,webtoon_id) values (?,?,?,?)
FRIDAY
2024-03-29T20:01:52.507+09:00 DEBUG 26924 --- [    Test worker] org.hibernate.SQL                        : select pd1_0.publishing_day_id,pd1_0.created_at,pd1_0.day,pd1_0.updated_at from publishing_day pd1_0 where pd1_0.day=?
Hibernate: select pd1_0.publishing_day_id,pd1_0.created_at,pd1_0.day,pd1_0.updated_at from publishing_day pd1_0 where pd1_0.day=?
PublishingDay{publishingDayId=5, createdAt=2024-03-29T19:55:41.069514, updatedAt=2024-03-29T19:55:41.069514, day='FRIDAY'}
2024-03-29T20:01:52.512+09:00 DEBUG 26924 --- [    Test worker] org.hibernate.SQL                        : insert into webtoon (created_at,description,no_youth,publication_status,thumbnail,title,updated_at) values (?,?,?,?,?,?,?)
Hibernate: insert into webtoon (created_at,description,no_youth,publication_status,thumbnail,title,updated_at) values (?,?,?,?,?,?,?)
2024-03-29T20:01:52.520+09:00 DEBUG 26924 --- [    Test worker] org.hibernate.SQL                        : insert into webtoon_publishing_day (created_at,publishing_day_id,updated_at,webtoon_id) values (?,?,?,?)
Hibernate: insert into webtoon_publishing_day (created_at,publishing_day_id,updated_at,webtoon_id) values (?,?,?,?)
FRIDAY
2024-03-29T20:01:52.530+09:00 DEBUG 26924 --- [    Test worker] org.hibernate.SQL                        : select pd1_0.publishing_day_id,pd1_0.created_at,pd1_0.day,pd1_0.updated_at from publishing_day pd1_0 where pd1_0.day=?
Hibernate: select pd1_0.publishing_day_id,pd1_0.created_at,pd1_0.day,pd1_0.updated_at from publishing_day pd1_0 where pd1_0.day=?
PublishingDay{publishingDayId=5, createdAt=2024-03-29T19:55:41.069514, updatedAt=2024-03-29T19:55:41.069514, day='FRIDAY'}
2024-03-29T20:01:52.534+09:00 DEBUG 26924 --- [    Test worker] org.hibernate.SQL                        : insert into webtoon (created_at,description,no_youth,publication_status,thumbnail,title,updated_at) values (?,?,?,?,?,?,?)
Hibernate: insert into webtoon (created_at,description,no_youth,publication_status,thumbnail,title,updated_at) values (?,?,?,?,?,?,?)
2024-03-29T20:01:52.542+09:00 DEBUG 26924 --- [    Test worker] org.hibernate.SQL                        : insert into webtoon_publishing_day (created_at,publishing_day_id,updated_at,webtoon_id) values (?,?,?,?)
Hibernate: insert into webtoon_publishing_day (created_at,publishing_day_id,updated_at,webtoon_id) values (?,?,?,?)
FRIDAY
2024-03-29T20:01:52.552+09:00 DEBUG 26924 --- [    Test worker] org.hibernate.SQL                        : select pd1_0.publishing_day_id,pd1_0.created_at,pd1_0.day,pd1_0.updated_at from publishing_day pd1_0 where pd1_0.day=?
Hibernate: select pd1_0.publishing_day_id,pd1_0.created_at,pd1_0.day,pd1_0.updated_at from publishing_day pd1_0 where pd1_0.day=?
PublishingDay{publishingDayId=5, createdAt=2024-03-29T19:55:41.069514, updatedAt=2024-03-29T19:55:41.069514, day='FRIDAY'}
2024-03-29T20:01:52.556+09:00 DEBUG 26924 --- [    Test worker] org.hibernate.SQL                        : insert into webtoon (created_at,description,no_youth,publication_status,thumbnail,title,updated_at) values (?,?,?,?,?,?,?)
Hibernate: insert into webtoon (created_at,description,no_youth,publication_status,thumbnail,title,updated_at) values (?,?,?,?,?,?,?)
2024-03-29T20:01:52.563+09:00 DEBUG 26924 --- [    Test worker] org.hibernate.SQL                        : insert into webtoon_publishing_day (created_at,publishing_day_id,updated_at,webtoon_id) values (?,?,?,?)
Hibernate: insert into webtoon_publishing_day (created_at,publishing_day_id,updated_at,webtoon_id) values (?,?,?,?)
FRIDAY
2024-03-29T20:01:52.570+09:00 DEBUG 26924 --- [    Test worker] org.hibernate.SQL                        : select pd1_0.publishing_day_id,pd1_0.created_at,pd1_0.day,pd1_0.updated_at from publishing_day pd1_0 where pd1_0.day=?
Hibernate: select pd1_0.publishing_day_id,pd1_0.created_at,pd1_0.day,pd1_0.updated_at from publishing_day pd1_0 where pd1_0.day=?
PublishingDay{publishingDayId=5, createdAt=2024-03-29T19:55:41.069514, updatedAt=2024-03-29T19:55:41.069514, day='FRIDAY'}
2024-03-29T20:01:52.573+09:00 DEBUG 26924 --- [    Test worker] org.hibernate.SQL                        : insert into webtoon (created_at,description,no_youth,publication_status,thumbnail,title,updated_at) values (?,?,?,?,?,?,?)
Hibernate: insert into webtoon (created_at,description,no_youth,publication_status,thumbnail,title,updated_at) values (?,?,?,?,?,?,?)
2024-03-29T20:01:52.580+09:00 DEBUG 26924 --- [    Test worker] org.hibernate.SQL                        : insert into webtoon_publishing_day (created_at,publishing_day_id,updated_at,webtoon_id) values (?,?,?,?)
Hibernate: insert into webtoon_publishing_day (created_at,publishing_day_id,updated_at,webtoon_id) values (?,?,?,?)
FRIDAY
2024-03-29T20:01:52.587+09:00 DEBUG 26924 --- [    Test worker] org.hibernate.SQL                        : select pd1_0.publishing_day_id,pd1_0.created_at,pd1_0.day,pd1_0.updated_at from publishing_day pd1_0 where pd1_0.day=?
Hibernate: select pd1_0.publishing_day_id,pd1_0.created_at,pd1_0.day,pd1_0.updated_at from publishing_day pd1_0 where pd1_0.day=?
PublishingDay{publishingDayId=5, createdAt=2024-03-29T19:55:41.069514, updatedAt=2024-03-29T19:55:41.069514, day='FRIDAY'}
2024-03-29T20:01:52.590+09:00 DEBUG 26924 --- [    Test worker] org.hibernate.SQL                        : insert into webtoon (created_at,description,no_youth,publication_status,thumbnail,title,updated_at) values (?,?,?,?,?,?,?)
Hibernate: insert into webtoon (created_at,description,no_youth,publication_status,thumbnail,title,updated_at) values (?,?,?,?,?,?,?)
2024-03-29T20:01:52.596+09:00 DEBUG 26924 --- [    Test worker] org.hibernate.SQL                        : insert into webtoon_publishing_day (created_at,publishing_day_id,updated_at,webtoon_id) values (?,?,?,?)
Hibernate: insert into webtoon_publishing_day (created_at,publishing_day_id,updated_at,webtoon_id) values (?,?,?,?)
FRIDAY
2024-03-29T20:01:52.603+09:00 DEBUG 26924 --- [    Test worker] org.hibernate.SQL                        : select pd1_0.publishing_day_id,pd1_0.created_at,pd1_0.day,pd1_0.updated_at from publishing_day pd1_0 where pd1_0.day=?
Hibernate: select pd1_0.publishing_day_id,pd1_0.created_at,pd1_0.day,pd1_0.updated_at from publishing_day pd1_0 where pd1_0.day=?
PublishingDay{publishingDayId=5, createdAt=2024-03-29T19:55:41.069514, updatedAt=2024-03-29T19:55:41.069514, day='FRIDAY'}
2024-03-29T20:01:52.606+09:00 DEBUG 26924 --- [    Test worker] org.hibernate.SQL                        : insert into webtoon (created_at,description,no_youth,publication_status,thumbnail,title,updated_at) values (?,?,?,?,?,?,?)
Hibernate: insert into webtoon (created_at,description,no_youth,publication_status,thumbnail,title,updated_at) values (?,?,?,?,?,?,?)
2024-03-29T20:01:52.612+09:00 DEBUG 26924 --- [    Test worker] org.hibernate.SQL                        : insert into webtoon_publishing_day (created_at,publishing_day_id,updated_at,webtoon_id) values (?,?,?,?)
Hibernate: insert into webtoon_publishing_day (created_at,publishing_day_id,updated_at,webtoon_id) values (?,?,?,?)
FRIDAY
2024-03-29T20:01:52.619+09:00 DEBUG 26924 --- [    Test worker] org.hibernate.SQL                        : select pd1_0.publishing_day_id,pd1_0.created_at,pd1_0.day,pd1_0.updated_at from publishing_day pd1_0 where pd1_0.day=?
Hibernate: select pd1_0.publishing_day_id,pd1_0.created_at,pd1_0.day,pd1_0.updated_at from publishing_day pd1_0 where pd1_0.day=?
PublishingDay{publishingDayId=5, createdAt=2024-03-29T19:55:41.069514, updatedAt=2024-03-29T19:55:41.069514, day='FRIDAY'}
2024-03-29T20:01:52.622+09:00 DEBUG 26924 --- [    Test worker] org.hibernate.SQL                        : insert into webtoon (created_at,description,no_youth,publication_status,thumbnail,title,updated_at) values (?,?,?,?,?,?,?)
Hibernate: insert into webtoon (created_at,description,no_youth,publication_status,thumbnail,title,updated_at) values (?,?,?,?,?,?,?)
2024-03-29T20:01:52.630+09:00 DEBUG 26924 --- [    Test worker] org.hibernate.SQL                        : insert into webtoon_publishing_day (created_at,publishing_day_id,updated_at,webtoon_id) values (?,?,?,?)
Hibernate: insert into webtoon_publishing_day (created_at,publishing_day_id,updated_at,webtoon_id) values (?,?,?,?)
FRIDAY
2024-03-29T20:01:52.638+09:00 DEBUG 26924 --- [    Test worker] org.hibernate.SQL                        : select pd1_0.publishing_day_id,pd1_0.created_at,pd1_0.day,pd1_0.updated_at from publishing_day pd1_0 where pd1_0.day=?
Hibernate: select pd1_0.publishing_day_id,pd1_0.created_at,pd1_0.day,pd1_0.updated_at from publishing_day pd1_0 where pd1_0.day=?
PublishingDay{publishingDayId=5, createdAt=2024-03-29T19:55:41.069514, updatedAt=2024-03-29T19:55:41.069514, day='FRIDAY'}
2024-03-29T20:01:52.642+09:00 DEBUG 26924 --- [    Test worker] org.hibernate.SQL                        : insert into webtoon (created_at,description,no_youth,publication_status,thumbnail,title,updated_at) values (?,?,?,?,?,?,?)
Hibernate: insert into webtoon (created_at,description,no_youth,publication_status,thumbnail,title,updated_at) values (?,?,?,?,?,?,?)
2024-03-29T20:01:52.650+09:00 DEBUG 26924 --- [    Test worker] org.hibernate.SQL                        : insert into webtoon_publishing_day (created_at,publishing_day_id,updated_at,webtoon_id) values (?,?,?,?)
Hibernate: insert into webtoon_publishing_day (created_at,publishing_day_id,updated_at,webtoon_id) values (?,?,?,?)
FRIDAY
2024-03-29T20:01:52.659+09:00 DEBUG 26924 --- [    Test worker] org.hibernate.SQL                        : select pd1_0.publishing_day_id,pd1_0.created_at,pd1_0.day,pd1_0.updated_at from publishing_day pd1_0 where pd1_0.day=?
Hibernate: select pd1_0.publishing_day_id,pd1_0.created_at,pd1_0.day,pd1_0.updated_at from publishing_day pd1_0 where pd1_0.day=?
PublishingDay{publishingDayId=5, createdAt=2024-03-29T19:55:41.069514, updatedAt=2024-03-29T19:55:41.069514, day='FRIDAY'}
2024-03-29T20:01:52.663+09:00 DEBUG 26924 --- [    Test worker] org.hibernate.SQL                        : insert into webtoon (created_at,description,no_youth,publication_status,thumbnail,title,updated_at) values (?,?,?,?,?,?,?)
Hibernate: insert into webtoon (created_at,description,no_youth,publication_status,thumbnail,title,updated_at) values (?,?,?,?,?,?,?)
2024-03-29T20:01:52.671+09:00 DEBUG 26924 --- [    Test worker] org.hibernate.SQL                        : insert into webtoon_publishing_day (created_at,publishing_day_id,updated_at,webtoon_id) values (?,?,?,?)
Hibernate: insert into webtoon_publishing_day (created_at,publishing_day_id,updated_at,webtoon_id) values (?,?,?,?)
FRIDAY
2024-03-29T20:01:52.680+09:00 DEBUG 26924 --- [    Test worker] org.hibernate.SQL                        : select pd1_0.publishing_day_id,pd1_0.created_at,pd1_0.day,pd1_0.updated_at from publishing_day pd1_0 where pd1_0.day=?
Hibernate: select pd1_0.publishing_day_id,pd1_0.created_at,pd1_0.day,pd1_0.updated_at from publishing_day pd1_0 where pd1_0.day=?
PublishingDay{publishingDayId=5, createdAt=2024-03-29T19:55:41.069514, updatedAt=2024-03-29T19:55:41.069514, day='FRIDAY'}
2024-03-29T20:01:52.683+09:00 DEBUG 26924 --- [    Test worker] org.hibernate.SQL                        : insert into webtoon (created_at,description,no_youth,publication_status,thumbnail,title,updated_at) values (?,?,?,?,?,?,?)
Hibernate: insert into webtoon (created_at,description,no_youth,publication_status,thumbnail,title,updated_at) values (?,?,?,?,?,?,?)
2024-03-29T20:01:52.692+09:00 DEBUG 26924 --- [    Test worker] org.hibernate.SQL                        : insert into webtoon_publishing_day (created_at,publishing_day_id,updated_at,webtoon_id) values (?,?,?,?)
Hibernate: insert into webtoon_publishing_day (created_at,publishing_day_id,updated_at,webtoon_id) values (?,?,?,?)
FRIDAY
2024-03-29T20:01:52.701+09:00 DEBUG 26924 --- [    Test worker] org.hibernate.SQL                        : select pd1_0.publishing_day_id,pd1_0.created_at,pd1_0.day,pd1_0.updated_at from publishing_day pd1_0 where pd1_0.day=?
Hibernate: select pd1_0.publishing_day_id,pd1_0.created_at,pd1_0.day,pd1_0.updated_at from publishing_day pd1_0 where pd1_0.day=?
PublishingDay{publishingDayId=5, createdAt=2024-03-29T19:55:41.069514, updatedAt=2024-03-29T19:55:41.069514, day='FRIDAY'}
2024-03-29T20:01:52.705+09:00 DEBUG 26924 --- [    Test worker] org.hibernate.SQL                        : insert into webtoon (created_at,description,no_youth,publication_status,thumbnail,title,updated_at) values (?,?,?,?,?,?,?)
Hibernate: insert into webtoon (created_at,description,no_youth,publication_status,thumbnail,title,updated_at) values (?,?,?,?,?,?,?)
2024-03-29T20:01:52.715+09:00 DEBUG 26924 --- [    Test worker] org.hibernate.SQL                        : insert into webtoon_publishing_day (created_at,publishing_day_id,updated_at,webtoon_id) values (?,?,?,?)
Hibernate: insert into webtoon_publishing_day (created_at,publishing_day_id,updated_at,webtoon_id) values (?,?,?,?)
FRIDAY
2024-03-29T20:01:52.723+09:00 DEBUG 26924 --- [    Test worker] org.hibernate.SQL                        : select pd1_0.publishing_day_id,pd1_0.created_at,pd1_0.day,pd1_0.updated_at from publishing_day pd1_0 where pd1_0.day=?
Hibernate: select pd1_0.publishing_day_id,pd1_0.created_at,pd1_0.day,pd1_0.updated_at from publishing_day pd1_0 where pd1_0.day=?
PublishingDay{publishingDayId=5, createdAt=2024-03-29T19:55:41.069514, updatedAt=2024-03-29T19:55:41.069514, day='FRIDAY'}
2024-03-29T20:01:52.728+09:00 DEBUG 26924 --- [    Test worker] org.hibernate.SQL                        : insert into webtoon (created_at,description,no_youth,publication_status,thumbnail,title,updated_at) values (?,?,?,?,?,?,?)
Hibernate: insert into webtoon (created_at,description,no_youth,publication_status,thumbnail,title,updated_at) values (?,?,?,?,?,?,?)
2024-03-29T20:01:52.737+09:00 DEBUG 26924 --- [    Test worker] org.hibernate.SQL                        : insert into webtoon_publishing_day (created_at,publishing_day_id,updated_at,webtoon_id) values (?,?,?,?)
Hibernate: insert into webtoon_publishing_day (created_at,publishing_day_id,updated_at,webtoon_id) values (?,?,?,?)
FRIDAY
2024-03-29T20:01:52.746+09:00 DEBUG 26924 --- [    Test worker] org.hibernate.SQL                        : select pd1_0.publishing_day_id,pd1_0.created_at,pd1_0.day,pd1_0.updated_at from publishing_day pd1_0 where pd1_0.day=?
Hibernate: select pd1_0.publishing_day_id,pd1_0.created_at,pd1_0.day,pd1_0.updated_at from publishing_day pd1_0 where pd1_0.day=?
PublishingDay{publishingDayId=5, createdAt=2024-03-29T19:55:41.069514, updatedAt=2024-03-29T19:55:41.069514, day='FRIDAY'}
2024-03-29T20:01:52.750+09:00 DEBUG 26924 --- [    Test worker] org.hibernate.SQL                        : insert into webtoon (created_at,description,no_youth,publication_status,thumbnail,title,updated_at) values (?,?,?,?,?,?,?)
Hibernate: insert into webtoon (created_at,description,no_youth,publication_status,thumbnail,title,updated_at) values (?,?,?,?,?,?,?)
2024-03-29T20:01:52.761+09:00 DEBUG 26924 --- [    Test worker] org.hibernate.SQL                        : insert into webtoon_publishing_day (created_at,publishing_day_id,updated_at,webtoon_id) values (?,?,?,?)
Hibernate: insert into webtoon_publishing_day (created_at,publishing_day_id,updated_at,webtoon_id) values (?,?,?,?)
FRIDAY
2024-03-29T20:01:52.769+09:00 DEBUG 26924 --- [    Test worker] org.hibernate.SQL                        : select pd1_0.publishing_day_id,pd1_0.created_at,pd1_0.day,pd1_0.updated_at from publishing_day pd1_0 where pd1_0.day=?
Hibernate: select pd1_0.publishing_day_id,pd1_0.created_at,pd1_0.day,pd1_0.updated_at from publishing_day pd1_0 where pd1_0.day=?
PublishingDay{publishingDayId=5, createdAt=2024-03-29T19:55:41.069514, updatedAt=2024-03-29T19:55:41.069514, day='FRIDAY'}
2024-03-29T20:01:52.772+09:00 DEBUG 26924 --- [    Test worker] org.hibernate.SQL                        : insert into webtoon (created_at,description,no_youth,publication_status,thumbnail,title,updated_at) values (?,?,?,?,?,?,?)
Hibernate: insert into webtoon (created_at,description,no_youth,publication_status,thumbnail,title,updated_at) values (?,?,?,?,?,?,?)
2024-03-29T20:01:52.780+09:00 DEBUG 26924 --- [    Test worker] org.hibernate.SQL                        : insert into webtoon_publishing_day (created_at,publishing_day_id,updated_at,webtoon_id) values (?,?,?,?)
Hibernate: insert into webtoon_publishing_day (created_at,publishing_day_id,updated_at,webtoon_id) values (?,?,?,?)
FRIDAY
2024-03-29T20:01:52.785+09:00 DEBUG 26924 --- [    Test worker] org.hibernate.SQL                        : select pd1_0.publishing_day_id,pd1_0.created_at,pd1_0.day,pd1_0.updated_at from publishing_day pd1_0 where pd1_0.day=?
Hibernate: select pd1_0.publishing_day_id,pd1_0.created_at,pd1_0.day,pd1_0.updated_at from publishing_day pd1_0 where pd1_0.day=?
PublishingDay{publishingDayId=5, createdAt=2024-03-29T19:55:41.069514, updatedAt=2024-03-29T19:55:41.069514, day='FRIDAY'}
2024-03-29T20:01:52.789+09:00 DEBUG 26924 --- [    Test worker] org.hibernate.SQL                        : insert into webtoon (created_at,description,no_youth,publication_status,thumbnail,title,updated_at) values (?,?,?,?,?,?,?)
Hibernate: insert into webtoon (created_at,description,no_youth,publication_status,thumbnail,title,updated_at) values (?,?,?,?,?,?,?)
2024-03-29T20:01:52.796+09:00 DEBUG 26924 --- [    Test worker] org.hibernate.SQL                        : insert into webtoon_publishing_day (created_at,publishing_day_id,updated_at,webtoon_id) values (?,?,?,?)
Hibernate: insert into webtoon_publishing_day (created_at,publishing_day_id,updated_at,webtoon_id) values (?,?,?,?)
FRIDAY
2024-03-29T20:01:52.804+09:00 DEBUG 26924 --- [    Test worker] org.hibernate.SQL                        : select pd1_0.publishing_day_id,pd1_0.created_at,pd1_0.day,pd1_0.updated_at from publishing_day pd1_0 where pd1_0.day=?
Hibernate: select pd1_0.publishing_day_id,pd1_0.created_at,pd1_0.day,pd1_0.updated_at from publishing_day pd1_0 where pd1_0.day=?
PublishingDay{publishingDayId=5, createdAt=2024-03-29T19:55:41.069514, updatedAt=2024-03-29T19:55:41.069514, day='FRIDAY'}
2024-03-29T20:01:52.807+09:00 DEBUG 26924 --- [    Test worker] org.hibernate.SQL                        : insert into webtoon (created_at,description,no_youth,publication_status,thumbnail,title,updated_at) values (?,?,?,?,?,?,?)
Hibernate: insert into webtoon (created_at,description,no_youth,publication_status,thumbnail,title,updated_at) values (?,?,?,?,?,?,?)
2024-03-29T20:01:52.814+09:00 DEBUG 26924 --- [    Test worker] org.hibernate.SQL                        : insert into webtoon_publishing_day (created_at,publishing_day_id,updated_at,webtoon_id) values (?,?,?,?)
Hibernate: insert into webtoon_publishing_day (created_at,publishing_day_id,updated_at,webtoon_id) values (?,?,?,?)
FRIDAY
2024-03-29T20:01:52.821+09:00 DEBUG 26924 --- [    Test worker] org.hibernate.SQL                        : select pd1_0.publishing_day_id,pd1_0.created_at,pd1_0.day,pd1_0.updated_at from publishing_day pd1_0 where pd1_0.day=?
Hibernate: select pd1_0.publishing_day_id,pd1_0.created_at,pd1_0.day,pd1_0.updated_at from publishing_day pd1_0 where pd1_0.day=?
PublishingDay{publishingDayId=5, createdAt=2024-03-29T19:55:41.069514, updatedAt=2024-03-29T19:55:41.069514, day='FRIDAY'}
2024-03-29T20:01:52.824+09:00 DEBUG 26924 --- [    Test worker] org.hibernate.SQL                        : insert into webtoon (created_at,description,no_youth,publication_status,thumbnail,title,updated_at) values (?,?,?,?,?,?,?)
Hibernate: insert into webtoon (created_at,description,no_youth,publication_status,thumbnail,title,updated_at) values (?,?,?,?,?,?,?)
2024-03-29T20:01:52.831+09:00 DEBUG 26924 --- [    Test worker] org.hibernate.SQL                        : insert into webtoon_publishing_day (created_at,publishing_day_id,updated_at,webtoon_id) values (?,?,?,?)
Hibernate: insert into webtoon_publishing_day (created_at,publishing_day_id,updated_at,webtoon_id) values (?,?,?,?)
FRIDAY
2024-03-29T20:01:52.838+09:00 DEBUG 26924 --- [    Test worker] org.hibernate.SQL                        : select pd1_0.publishing_day_id,pd1_0.created_at,pd1_0.day,pd1_0.updated_at from publishing_day pd1_0 where pd1_0.day=?
Hibernate: select pd1_0.publishing_day_id,pd1_0.created_at,pd1_0.day,pd1_0.updated_at from publishing_day pd1_0 where pd1_0.day=?
PublishingDay{publishingDayId=5, createdAt=2024-03-29T19:55:41.069514, updatedAt=2024-03-29T19:55:41.069514, day='FRIDAY'}
2024-03-29T20:01:52.840+09:00 DEBUG 26924 --- [    Test worker] org.hibernate.SQL                        : insert into webtoon (created_at,description,no_youth,publication_status,thumbnail,title,updated_at) values (?,?,?,?,?,?,?)
Hibernate: insert into webtoon (created_at,description,no_youth,publication_status,thumbnail,title,updated_at) values (?,?,?,?,?,?,?)
2024-03-29T20:01:52.847+09:00 DEBUG 26924 --- [    Test worker] org.hibernate.SQL                        : insert into webtoon_publishing_day (created_at,publishing_day_id,updated_at,webtoon_id) values (?,?,?,?)
Hibernate: insert into webtoon_publishing_day (created_at,publishing_day_id,updated_at,webtoon_id) values (?,?,?,?)
FRIDAY
2024-03-29T20:01:52.854+09:00 DEBUG 26924 --- [    Test worker] org.hibernate.SQL                        : select pd1_0.publishing_day_id,pd1_0.created_at,pd1_0.day,pd1_0.updated_at from publishing_day pd1_0 where pd1_0.day=?
Hibernate: select pd1_0.publishing_day_id,pd1_0.created_at,pd1_0.day,pd1_0.updated_at from publishing_day pd1_0 where pd1_0.day=?
PublishingDay{publishingDayId=5, createdAt=2024-03-29T19:55:41.069514, updatedAt=2024-03-29T19:55:41.069514, day='FRIDAY'}
2024-03-29T20:01:52.858+09:00 DEBUG 26924 --- [    Test worker] org.hibernate.SQL                        : insert into webtoon (created_at,description,no_youth,publication_status,thumbnail,title,updated_at) values (?,?,?,?,?,?,?)
Hibernate: insert into webtoon (created_at,description,no_youth,publication_status,thumbnail,title,updated_at) values (?,?,?,?,?,?,?)
2024-03-29T20:01:52.865+09:00 DEBUG 26924 --- [    Test worker] org.hibernate.SQL                        : insert into webtoon_publishing_day (created_at,publishing_day_id,updated_at,webtoon_id) values (?,?,?,?)
Hibernate: insert into webtoon_publishing_day (created_at,publishing_day_id,updated_at,webtoon_id) values (?,?,?,?)
FRIDAY
2024-03-29T20:01:52.873+09:00 DEBUG 26924 --- [    Test worker] org.hibernate.SQL                        : select pd1_0.publishing_day_id,pd1_0.created_at,pd1_0.day,pd1_0.updated_at from publishing_day pd1_0 where pd1_0.day=?
Hibernate: select pd1_0.publishing_day_id,pd1_0.created_at,pd1_0.day,pd1_0.updated_at from publishing_day pd1_0 where pd1_0.day=?
PublishingDay{publishingDayId=5, createdAt=2024-03-29T19:55:41.069514, updatedAt=2024-03-29T19:55:41.069514, day='FRIDAY'}
2024-03-29T20:01:52.878+09:00 DEBUG 26924 --- [    Test worker] org.hibernate.SQL                        : insert into webtoon (created_at,description,no_youth,publication_status,thumbnail,title,updated_at) values (?,?,?,?,?,?,?)
Hibernate: insert into webtoon (created_at,description,no_youth,publication_status,thumbnail,title,updated_at) values (?,?,?,?,?,?,?)
2024-03-29T20:01:52.886+09:00 DEBUG 26924 --- [    Test worker] org.hibernate.SQL                        : insert into webtoon_publishing_day (created_at,publishing_day_id,updated_at,webtoon_id) values (?,?,?,?)
Hibernate: insert into webtoon_publishing_day (created_at,publishing_day_id,updated_at,webtoon_id) values (?,?,?,?)
FRIDAY
2024-03-29T20:01:52.895+09:00 DEBUG 26924 --- [    Test worker] org.hibernate.SQL                        : select pd1_0.publishing_day_id,pd1_0.created_at,pd1_0.day,pd1_0.updated_at from publishing_day pd1_0 where pd1_0.day=?
Hibernate: select pd1_0.publishing_day_id,pd1_0.created_at,pd1_0.day,pd1_0.updated_at from publishing_day pd1_0 where pd1_0.day=?
PublishingDay{publishingDayId=5, createdAt=2024-03-29T19:55:41.069514, updatedAt=2024-03-29T19:55:41.069514, day='FRIDAY'}
2024-03-29T20:01:52.899+09:00 DEBUG 26924 --- [    Test worker] org.hibernate.SQL                        : insert into webtoon (created_at,description,no_youth,publication_status,thumbnail,title,updated_at) values (?,?,?,?,?,?,?)
Hibernate: insert into webtoon (created_at,description,no_youth,publication_status,thumbnail,title,updated_at) values (?,?,?,?,?,?,?)
2024-03-29T20:01:52.907+09:00 DEBUG 26924 --- [    Test worker] org.hibernate.SQL                        : insert into webtoon_publishing_day (created_at,publishing_day_id,updated_at,webtoon_id) values (?,?,?,?)
Hibernate: insert into webtoon_publishing_day (created_at,publishing_day_id,updated_at,webtoon_id) values (?,?,?,?)
FRIDAY
2024-03-29T20:01:52.915+09:00 DEBUG 26924 --- [    Test worker] org.hibernate.SQL                        : select pd1_0.publishing_day_id,pd1_0.created_at,pd1_0.day,pd1_0.updated_at from publishing_day pd1_0 where pd1_0.day=?
Hibernate: select pd1_0.publishing_day_id,pd1_0.created_at,pd1_0.day,pd1_0.updated_at from publishing_day pd1_0 where pd1_0.day=?
PublishingDay{publishingDayId=5, createdAt=2024-03-29T19:55:41.069514, updatedAt=2024-03-29T19:55:41.069514, day='FRIDAY'}
2024-03-29T20:01:52.920+09:00 DEBUG 26924 --- [    Test worker] org.hibernate.SQL                        : insert into webtoon (created_at,description,no_youth,publication_status,thumbnail,title,updated_at) values (?,?,?,?,?,?,?)
Hibernate: insert into webtoon (created_at,description,no_youth,publication_status,thumbnail,title,updated_at) values (?,?,?,?,?,?,?)
2024-03-29T20:01:52.930+09:00 DEBUG 26924 --- [    Test worker] org.hibernate.SQL                        : insert into webtoon_publishing_day (created_at,publishing_day_id,updated_at,webtoon_id) values (?,?,?,?)
Hibernate: insert into webtoon_publishing_day (created_at,publishing_day_id,updated_at,webtoon_id) values (?,?,?,?)
FRIDAY
2024-03-29T20:01:52.938+09:00 DEBUG 26924 --- [    Test worker] org.hibernate.SQL                        : select pd1_0.publishing_day_id,pd1_0.created_at,pd1_0.day,pd1_0.updated_at from publishing_day pd1_0 where pd1_0.day=?
Hibernate: select pd1_0.publishing_day_id,pd1_0.created_at,pd1_0.day,pd1_0.updated_at from publishing_day pd1_0 where pd1_0.day=?
PublishingDay{publishingDayId=5, createdAt=2024-03-29T19:55:41.069514, updatedAt=2024-03-29T19:55:41.069514, day='FRIDAY'}
2024-03-29T20:01:52.941+09:00 DEBUG 26924 --- [    Test worker] org.hibernate.SQL                        : insert into webtoon (created_at,description,no_youth,publication_status,thumbnail,title,updated_at) values (?,?,?,?,?,?,?)
Hibernate: insert into webtoon (created_at,description,no_youth,publication_status,thumbnail,title,updated_at) values (?,?,?,?,?,?,?)
2024-03-29T20:01:52.950+09:00 DEBUG 26924 --- [    Test worker] org.hibernate.SQL                        : insert into webtoon_publishing_day (created_at,publishing_day_id,updated_at,webtoon_id) values (?,?,?,?)
Hibernate: insert into webtoon_publishing_day (created_at,publishing_day_id,updated_at,webtoon_id) values (?,?,?,?)
FRIDAY
2024-03-29T20:01:52.959+09:00 DEBUG 26924 --- [    Test worker] org.hibernate.SQL                        : select pd1_0.publishing_day_id,pd1_0.created_at,pd1_0.day,pd1_0.updated_at from publishing_day pd1_0 where pd1_0.day=?
Hibernate: select pd1_0.publishing_day_id,pd1_0.created_at,pd1_0.day,pd1_0.updated_at from publishing_day pd1_0 where pd1_0.day=?
PublishingDay{publishingDayId=5, createdAt=2024-03-29T19:55:41.069514, updatedAt=2024-03-29T19:55:41.069514, day='FRIDAY'}
2024-03-29T20:01:52.963+09:00 DEBUG 26924 --- [    Test worker] org.hibernate.SQL                        : insert into webtoon (created_at,description,no_youth,publication_status,thumbnail,title,updated_at) values (?,?,?,?,?,?,?)
Hibernate: insert into webtoon (created_at,description,no_youth,publication_status,thumbnail,title,updated_at) values (?,?,?,?,?,?,?)
2024-03-29T20:01:52.972+09:00 DEBUG 26924 --- [    Test worker] org.hibernate.SQL                        : insert into webtoon_publishing_day (created_at,publishing_day_id,updated_at,webtoon_id) values (?,?,?,?)
Hibernate: insert into webtoon_publishing_day (created_at,publishing_day_id,updated_at,webtoon_id) values (?,?,?,?)
FRIDAY
2024-03-29T20:01:52.979+09:00 DEBUG 26924 --- [    Test worker] org.hibernate.SQL                        : select pd1_0.publishing_day_id,pd1_0.created_at,pd1_0.day,pd1_0.updated_at from publishing_day pd1_0 where pd1_0.day=?
Hibernate: select pd1_0.publishing_day_id,pd1_0.created_at,pd1_0.day,pd1_0.updated_at from publishing_day pd1_0 where pd1_0.day=?
PublishingDay{publishingDayId=5, createdAt=2024-03-29T19:55:41.069514, updatedAt=2024-03-29T19:55:41.069514, day='FRIDAY'}
2024-03-29T20:01:52.982+09:00 DEBUG 26924 --- [    Test worker] org.hibernate.SQL                        : insert into webtoon (created_at,description,no_youth,publication_status,thumbnail,title,updated_at) values (?,?,?,?,?,?,?)
Hibernate: insert into webtoon (created_at,description,no_youth,publication_status,thumbnail,title,updated_at) values (?,?,?,?,?,?,?)
2024-03-29T20:01:52.987+09:00 DEBUG 26924 --- [    Test worker] org.hibernate.SQL                        : insert into webtoon_publishing_day (created_at,publishing_day_id,updated_at,webtoon_id) values (?,?,?,?)
Hibernate: insert into webtoon_publishing_day (created_at,publishing_day_id,updated_at,webtoon_id) values (?,?,?,?)
FRIDAY
2024-03-29T20:01:52.994+09:00 DEBUG 26924 --- [    Test worker] org.hibernate.SQL                        : select pd1_0.publishing_day_id,pd1_0.created_at,pd1_0.day,pd1_0.updated_at from publishing_day pd1_0 where pd1_0.day=?
Hibernate: select pd1_0.publishing_day_id,pd1_0.created_at,pd1_0.day,pd1_0.updated_at from publishing_day pd1_0 where pd1_0.day=?
PublishingDay{publishingDayId=5, createdAt=2024-03-29T19:55:41.069514, updatedAt=2024-03-29T19:55:41.069514, day='FRIDAY'}
2024-03-29T20:01:52.996+09:00 DEBUG 26924 --- [    Test worker] org.hibernate.SQL                        : insert into webtoon (created_at,description,no_youth,publication_status,thumbnail,title,updated_at) values (?,?,?,?,?,?,?)
Hibernate: insert into webtoon (created_at,description,no_youth,publication_status,thumbnail,title,updated_at) values (?,?,?,?,?,?,?)
2024-03-29T20:01:53.003+09:00 DEBUG 26924 --- [    Test worker] org.hibernate.SQL                        : insert into webtoon_publishing_day (created_at,publishing_day_id,updated_at,webtoon_id) values (?,?,?,?)
Hibernate: insert into webtoon_publishing_day (created_at,publishing_day_id,updated_at,webtoon_id) values (?,?,?,?)
FRIDAY
2024-03-29T20:01:53.010+09:00 DEBUG 26924 --- [    Test worker] org.hibernate.SQL                        : select pd1_0.publishing_day_id,pd1_0.created_at,pd1_0.day,pd1_0.updated_at from publishing_day pd1_0 where pd1_0.day=?
Hibernate: select pd1_0.publishing_day_id,pd1_0.created_at,pd1_0.day,pd1_0.updated_at from publishing_day pd1_0 where pd1_0.day=?
PublishingDay{publishingDayId=5, createdAt=2024-03-29T19:55:41.069514, updatedAt=2024-03-29T19:55:41.069514, day='FRIDAY'}
2024-03-29T20:01:53.013+09:00 DEBUG 26924 --- [    Test worker] org.hibernate.SQL                        : insert into webtoon (created_at,description,no_youth,publication_status,thumbnail,title,updated_at) values (?,?,?,?,?,?,?)
Hibernate: insert into webtoon (created_at,description,no_youth,publication_status,thumbnail,title,updated_at) values (?,?,?,?,?,?,?)
2024-03-29T20:01:53.019+09:00 DEBUG 26924 --- [    Test worker] org.hibernate.SQL                        : insert into webtoon_publishing_day (created_at,publishing_day_id,updated_at,webtoon_id) values (?,?,?,?)
Hibernate: insert into webtoon_publishing_day (created_at,publishing_day_id,updated_at,webtoon_id) values (?,?,?,?)
FRIDAY
2024-03-29T20:01:53.025+09:00 DEBUG 26924 --- [    Test worker] org.hibernate.SQL                        : select pd1_0.publishing_day_id,pd1_0.created_at,pd1_0.day,pd1_0.updated_at from publishing_day pd1_0 where pd1_0.day=?
Hibernate: select pd1_0.publishing_day_id,pd1_0.created_at,pd1_0.day,pd1_0.updated_at from publishing_day pd1_0 where pd1_0.day=?
PublishingDay{publishingDayId=5, createdAt=2024-03-29T19:55:41.069514, updatedAt=2024-03-29T19:55:41.069514, day='FRIDAY'}
2024-03-29T20:01:53.029+09:00 DEBUG 26924 --- [    Test worker] org.hibernate.SQL                        : insert into webtoon (created_at,description,no_youth,publication_status,thumbnail,title,updated_at) values (?,?,?,?,?,?,?)
Hibernate: insert into webtoon (created_at,description,no_youth,publication_status,thumbnail,title,updated_at) values (?,?,?,?,?,?,?)
2024-03-29T20:01:53.035+09:00 DEBUG 26924 --- [    Test worker] org.hibernate.SQL                        : insert into webtoon_publishing_day (created_at,publishing_day_id,updated_at,webtoon_id) values (?,?,?,?)
Hibernate: insert into webtoon_publishing_day (created_at,publishing_day_id,updated_at,webtoon_id) values (?,?,?,?)
FRIDAY
2024-03-29T20:01:53.042+09:00 DEBUG 26924 --- [    Test worker] org.hibernate.SQL                        : select pd1_0.publishing_day_id,pd1_0.created_at,pd1_0.day,pd1_0.updated_at from publishing_day pd1_0 where pd1_0.day=?
Hibernate: select pd1_0.publishing_day_id,pd1_0.created_at,pd1_0.day,pd1_0.updated_at from publishing_day pd1_0 where pd1_0.day=?
PublishingDay{publishingDayId=5, createdAt=2024-03-29T19:55:41.069514, updatedAt=2024-03-29T19:55:41.069514, day='FRIDAY'}
2024-03-29T20:01:53.045+09:00 DEBUG 26924 --- [    Test worker] org.hibernate.SQL                        : insert into webtoon (created_at,description,no_youth,publication_status,thumbnail,title,updated_at) values (?,?,?,?,?,?,?)
Hibernate: insert into webtoon (created_at,description,no_youth,publication_status,thumbnail,title,updated_at) values (?,?,?,?,?,?,?)
2024-03-29T20:01:53.053+09:00 DEBUG 26924 --- [    Test worker] org.hibernate.SQL                        : insert into webtoon_publishing_day (created_at,publishing_day_id,updated_at,webtoon_id) values (?,?,?,?)
Hibernate: insert into webtoon_publishing_day (created_at,publishing_day_id,updated_at,webtoon_id) values (?,?,?,?)
FRIDAY
2024-03-29T20:01:53.061+09:00 DEBUG 26924 --- [    Test worker] org.hibernate.SQL                        : select pd1_0.publishing_day_id,pd1_0.created_at,pd1_0.day,pd1_0.updated_at from publishing_day pd1_0 where pd1_0.day=?
Hibernate: select pd1_0.publishing_day_id,pd1_0.created_at,pd1_0.day,pd1_0.updated_at from publishing_day pd1_0 where pd1_0.day=?
PublishingDay{publishingDayId=5, createdAt=2024-03-29T19:55:41.069514, updatedAt=2024-03-29T19:55:41.069514, day='FRIDAY'}
2024-03-29T20:01:53.064+09:00 DEBUG 26924 --- [    Test worker] org.hibernate.SQL                        : insert into webtoon (created_at,description,no_youth,publication_status,thumbnail,title,updated_at) values (?,?,?,?,?,?,?)
Hibernate: insert into webtoon (created_at,description,no_youth,publication_status,thumbnail,title,updated_at) values (?,?,?,?,?,?,?)
2024-03-29T20:01:53.073+09:00 DEBUG 26924 --- [    Test worker] org.hibernate.SQL                        : insert into webtoon_publishing_day (created_at,publishing_day_id,updated_at,webtoon_id) values (?,?,?,?)
Hibernate: insert into webtoon_publishing_day (created_at,publishing_day_id,updated_at,webtoon_id) values (?,?,?,?)
FRIDAY
2024-03-29T20:01:53.083+09:00 DEBUG 26924 --- [    Test worker] org.hibernate.SQL                        : select pd1_0.publishing_day_id,pd1_0.created_at,pd1_0.day,pd1_0.updated_at from publishing_day pd1_0 where pd1_0.day=?
Hibernate: select pd1_0.publishing_day_id,pd1_0.created_at,pd1_0.day,pd1_0.updated_at from publishing_day pd1_0 where pd1_0.day=?
PublishingDay{publishingDayId=5, createdAt=2024-03-29T19:55:41.069514, updatedAt=2024-03-29T19:55:41.069514, day='FRIDAY'}
2024-03-29T20:01:53.087+09:00 DEBUG 26924 --- [    Test worker] org.hibernate.SQL                        : insert into webtoon (created_at,description,no_youth,publication_status,thumbnail,title,updated_at) values (?,?,?,?,?,?,?)
Hibernate: insert into webtoon (created_at,description,no_youth,publication_status,thumbnail,title,updated_at) values (?,?,?,?,?,?,?)
2024-03-29T20:01:53.097+09:00 DEBUG 26924 --- [    Test worker] org.hibernate.SQL                        : insert into webtoon_publishing_day (created_at,publishing_day_id,updated_at,webtoon_id) values (?,?,?,?)
Hibernate: insert into webtoon_publishing_day (created_at,publishing_day_id,updated_at,webtoon_id) values (?,?,?,?)
FRIDAY
2024-03-29T20:01:53.105+09:00 DEBUG 26924 --- [    Test worker] org.hibernate.SQL                        : select pd1_0.publishing_day_id,pd1_0.created_at,pd1_0.day,pd1_0.updated_at from publishing_day pd1_0 where pd1_0.day=?
Hibernate: select pd1_0.publishing_day_id,pd1_0.created_at,pd1_0.day,pd1_0.updated_at from publishing_day pd1_0 where pd1_0.day=?
PublishingDay{publishingDayId=5, createdAt=2024-03-29T19:55:41.069514, updatedAt=2024-03-29T19:55:41.069514, day='FRIDAY'}
2024-03-29T20:01:53.109+09:00 DEBUG 26924 --- [    Test worker] org.hibernate.SQL                        : insert into webtoon (created_at,description,no_youth,publication_status,thumbnail,title,updated_at) values (?,?,?,?,?,?,?)
Hibernate: insert into webtoon (created_at,description,no_youth,publication_status,thumbnail,title,updated_at) values (?,?,?,?,?,?,?)
2024-03-29T20:01:53.117+09:00 DEBUG 26924 --- [    Test worker] org.hibernate.SQL                        : insert into webtoon_publishing_day (created_at,publishing_day_id,updated_at,webtoon_id) values (?,?,?,?)
Hibernate: insert into webtoon_publishing_day (created_at,publishing_day_id,updated_at,webtoon_id) values (?,?,?,?)
FRIDAY
2024-03-29T20:01:53.127+09:00 DEBUG 26924 --- [    Test worker] org.hibernate.SQL                        : select pd1_0.publishing_day_id,pd1_0.created_at,pd1_0.day,pd1_0.updated_at from publishing_day pd1_0 where pd1_0.day=?
Hibernate: select pd1_0.publishing_day_id,pd1_0.created_at,pd1_0.day,pd1_0.updated_at from publishing_day pd1_0 where pd1_0.day=?
PublishingDay{publishingDayId=5, createdAt=2024-03-29T19:55:41.069514, updatedAt=2024-03-29T19:55:41.069514, day='FRIDAY'}
2024-03-29T20:01:53.131+09:00 DEBUG 26924 --- [    Test worker] org.hibernate.SQL                        : insert into webtoon (created_at,description,no_youth,publication_status,thumbnail,title,updated_at) values (?,?,?,?,?,?,?)
Hibernate: insert into webtoon (created_at,description,no_youth,publication_status,thumbnail,title,updated_at) values (?,?,?,?,?,?,?)
2024-03-29T20:01:53.140+09:00 DEBUG 26924 --- [    Test worker] org.hibernate.SQL                        : insert into webtoon_publishing_day (created_at,publishing_day_id,updated_at,webtoon_id) values (?,?,?,?)
Hibernate: insert into webtoon_publishing_day (created_at,publishing_day_id,updated_at,webtoon_id) values (?,?,?,?)
FRIDAY
2024-03-29T20:01:53.149+09:00 DEBUG 26924 --- [    Test worker] org.hibernate.SQL                        : select pd1_0.publishing_day_id,pd1_0.created_at,pd1_0.day,pd1_0.updated_at from publishing_day pd1_0 where pd1_0.day=?
Hibernate: select pd1_0.publishing_day_id,pd1_0.created_at,pd1_0.day,pd1_0.updated_at from publishing_day pd1_0 where pd1_0.day=?
PublishingDay{publishingDayId=5, createdAt=2024-03-29T19:55:41.069514, updatedAt=2024-03-29T19:55:41.069514, day='FRIDAY'}
2024-03-29T20:01:53.153+09:00 DEBUG 26924 --- [    Test worker] org.hibernate.SQL                        : insert into webtoon (created_at,description,no_youth,publication_status,thumbnail,title,updated_at) values (?,?,?,?,?,?,?)
Hibernate: insert into webtoon (created_at,description,no_youth,publication_status,thumbnail,title,updated_at) values (?,?,?,?,?,?,?)
2024-03-29T20:01:53.162+09:00 DEBUG 26924 --- [    Test worker] org.hibernate.SQL                        : insert into webtoon_publishing_day (created_at,publishing_day_id,updated_at,webtoon_id) values (?,?,?,?)
Hibernate: insert into webtoon_publishing_day (created_at,publishing_day_id,updated_at,webtoon_id) values (?,?,?,?)
FRIDAY
2024-03-29T20:01:53.170+09:00 DEBUG 26924 --- [    Test worker] org.hibernate.SQL                        : select pd1_0.publishing_day_id,pd1_0.created_at,pd1_0.day,pd1_0.updated_at from publishing_day pd1_0 where pd1_0.day=?
Hibernate: select pd1_0.publishing_day_id,pd1_0.created_at,pd1_0.day,pd1_0.updated_at from publishing_day pd1_0 where pd1_0.day=?
PublishingDay{publishingDayId=5, createdAt=2024-03-29T19:55:41.069514, updatedAt=2024-03-29T19:55:41.069514, day='FRIDAY'}
2024-03-29T20:01:53.173+09:00 DEBUG 26924 --- [    Test worker] org.hibernate.SQL                        : insert into webtoon (created_at,description,no_youth,publication_status,thumbnail,title,updated_at) values (?,?,?,?,?,?,?)
Hibernate: insert into webtoon (created_at,description,no_youth,publication_status,thumbnail,title,updated_at) values (?,?,?,?,?,?,?)
2024-03-29T20:01:53.180+09:00 DEBUG 26924 --- [    Test worker] org.hibernate.SQL                        : insert into webtoon_publishing_day (created_at,publishing_day_id,updated_at,webtoon_id) values (?,?,?,?)
Hibernate: insert into webtoon_publishing_day (created_at,publishing_day_id,updated_at,webtoon_id) values (?,?,?,?)
FRIDAY
2024-03-29T20:01:53.186+09:00 DEBUG 26924 --- [    Test worker] org.hibernate.SQL                        : select pd1_0.publishing_day_id,pd1_0.created_at,pd1_0.day,pd1_0.updated_at from publishing_day pd1_0 where pd1_0.day=?
Hibernate: select pd1_0.publishing_day_id,pd1_0.created_at,pd1_0.day,pd1_0.updated_at from publishing_day pd1_0 where pd1_0.day=?
PublishingDay{publishingDayId=5, createdAt=2024-03-29T19:55:41.069514, updatedAt=2024-03-29T19:55:41.069514, day='FRIDAY'}
2024-03-29T20:01:53.188+09:00 DEBUG 26924 --- [    Test worker] org.hibernate.SQL                        : insert into webtoon (created_at,description,no_youth,publication_status,thumbnail,title,updated_at) values (?,?,?,?,?,?,?)
Hibernate: insert into webtoon (created_at,description,no_youth,publication_status,thumbnail,title,updated_at) values (?,?,?,?,?,?,?)
2024-03-29T20:01:53.195+09:00 DEBUG 26924 --- [    Test worker] org.hibernate.SQL                        : insert into webtoon_publishing_day (created_at,publishing_day_id,updated_at,webtoon_id) values (?,?,?,?)
Hibernate: insert into webtoon_publishing_day (created_at,publishing_day_id,updated_at,webtoon_id) values (?,?,?,?)
SATURDAY
2024-03-29T20:01:53.202+09:00 DEBUG 26924 --- [    Test worker] org.hibernate.SQL                        : select pd1_0.publishing_day_id,pd1_0.created_at,pd1_0.day,pd1_0.updated_at from publishing_day pd1_0 where pd1_0.day=?
Hibernate: select pd1_0.publishing_day_id,pd1_0.created_at,pd1_0.day,pd1_0.updated_at from publishing_day pd1_0 where pd1_0.day=?
PublishingDay{publishingDayId=6, createdAt=2024-03-29T19:55:41.069514, updatedAt=2024-03-29T19:55:41.069514, day='SATURDAY'}
2024-03-29T20:01:53.204+09:00 DEBUG 26924 --- [    Test worker] org.hibernate.SQL                        : insert into webtoon (created_at,description,no_youth,publication_status,thumbnail,title,updated_at) values (?,?,?,?,?,?,?)
Hibernate: insert into webtoon (created_at,description,no_youth,publication_status,thumbnail,title,updated_at) values (?,?,?,?,?,?,?)
2024-03-29T20:01:53.210+09:00 DEBUG 26924 --- [    Test worker] org.hibernate.SQL                        : insert into webtoon_publishing_day (created_at,publishing_day_id,updated_at,webtoon_id) values (?,?,?,?)
Hibernate: insert into webtoon_publishing_day (created_at,publishing_day_id,updated_at,webtoon_id) values (?,?,?,?)
SATURDAY
2024-03-29T20:01:53.216+09:00 DEBUG 26924 --- [    Test worker] org.hibernate.SQL                        : select pd1_0.publishing_day_id,pd1_0.created_at,pd1_0.day,pd1_0.updated_at from publishing_day pd1_0 where pd1_0.day=?
Hibernate: select pd1_0.publishing_day_id,pd1_0.created_at,pd1_0.day,pd1_0.updated_at from publishing_day pd1_0 where pd1_0.day=?
PublishingDay{publishingDayId=6, createdAt=2024-03-29T19:55:41.069514, updatedAt=2024-03-29T19:55:41.069514, day='SATURDAY'}
2024-03-29T20:01:53.219+09:00 DEBUG 26924 --- [    Test worker] org.hibernate.SQL                        : insert into webtoon (created_at,description,no_youth,publication_status,thumbnail,title,updated_at) values (?,?,?,?,?,?,?)
Hibernate: insert into webtoon (created_at,description,no_youth,publication_status,thumbnail,title,updated_at) values (?,?,?,?,?,?,?)
2024-03-29T20:01:53.225+09:00 DEBUG 26924 --- [    Test worker] org.hibernate.SQL                        : insert into webtoon_publishing_day (created_at,publishing_day_id,updated_at,webtoon_id) values (?,?,?,?)
Hibernate: insert into webtoon_publishing_day (created_at,publishing_day_id,updated_at,webtoon_id) values (?,?,?,?)
SATURDAY
2024-03-29T20:01:53.230+09:00 DEBUG 26924 --- [    Test worker] org.hibernate.SQL                        : select pd1_0.publishing_day_id,pd1_0.created_at,pd1_0.day,pd1_0.updated_at from publishing_day pd1_0 where pd1_0.day=?
Hibernate: select pd1_0.publishing_day_id,pd1_0.created_at,pd1_0.day,pd1_0.updated_at from publishing_day pd1_0 where pd1_0.day=?
PublishingDay{publishingDayId=6, createdAt=2024-03-29T19:55:41.069514, updatedAt=2024-03-29T19:55:41.069514, day='SATURDAY'}
2024-03-29T20:01:53.233+09:00 DEBUG 26924 --- [    Test worker] org.hibernate.SQL                        : insert into webtoon (created_at,description,no_youth,publication_status,thumbnail,title,updated_at) values (?,?,?,?,?,?,?)
Hibernate: insert into webtoon (created_at,description,no_youth,publication_status,thumbnail,title,updated_at) values (?,?,?,?,?,?,?)
2024-03-29T20:01:53.240+09:00 DEBUG 26924 --- [    Test worker] org.hibernate.SQL                        : insert into webtoon_publishing_day (created_at,publishing_day_id,updated_at,webtoon_id) values (?,?,?,?)
Hibernate: insert into webtoon_publishing_day (created_at,publishing_day_id,updated_at,webtoon_id) values (?,?,?,?)
SATURDAY
2024-03-29T20:01:53.248+09:00 DEBUG 26924 --- [    Test worker] org.hibernate.SQL                        : select pd1_0.publishing_day_id,pd1_0.created_at,pd1_0.day,pd1_0.updated_at from publishing_day pd1_0 where pd1_0.day=?
Hibernate: select pd1_0.publishing_day_id,pd1_0.created_at,pd1_0.day,pd1_0.updated_at from publishing_day pd1_0 where pd1_0.day=?
PublishingDay{publishingDayId=6, createdAt=2024-03-29T19:55:41.069514, updatedAt=2024-03-29T19:55:41.069514, day='SATURDAY'}
2024-03-29T20:01:53.251+09:00 DEBUG 26924 --- [    Test worker] org.hibernate.SQL                        : insert into webtoon (created_at,description,no_youth,publication_status,thumbnail,title,updated_at) values (?,?,?,?,?,?,?)
Hibernate: insert into webtoon (created_at,description,no_youth,publication_status,thumbnail,title,updated_at) values (?,?,?,?,?,?,?)
2024-03-29T20:01:53.258+09:00 DEBUG 26924 --- [    Test worker] org.hibernate.SQL                        : insert into webtoon_publishing_day (created_at,publishing_day_id,updated_at,webtoon_id) values (?,?,?,?)
Hibernate: insert into webtoon_publishing_day (created_at,publishing_day_id,updated_at,webtoon_id) values (?,?,?,?)
SATURDAY
2024-03-29T20:01:53.265+09:00 DEBUG 26924 --- [    Test worker] org.hibernate.SQL                        : select pd1_0.publishing_day_id,pd1_0.created_at,pd1_0.day,pd1_0.updated_at from publishing_day pd1_0 where pd1_0.day=?
Hibernate: select pd1_0.publishing_day_id,pd1_0.created_at,pd1_0.day,pd1_0.updated_at from publishing_day pd1_0 where pd1_0.day=?
PublishingDay{publishingDayId=6, createdAt=2024-03-29T19:55:41.069514, updatedAt=2024-03-29T19:55:41.069514, day='SATURDAY'}
2024-03-29T20:01:53.269+09:00 DEBUG 26924 --- [    Test worker] org.hibernate.SQL                        : insert into webtoon (created_at,description,no_youth,publication_status,thumbnail,title,updated_at) values (?,?,?,?,?,?,?)
Hibernate: insert into webtoon (created_at,description,no_youth,publication_status,thumbnail,title,updated_at) values (?,?,?,?,?,?,?)
2024-03-29T20:01:53.276+09:00 DEBUG 26924 --- [    Test worker] org.hibernate.SQL                        : insert into webtoon_publishing_day (created_at,publishing_day_id,updated_at,webtoon_id) values (?,?,?,?)
Hibernate: insert into webtoon_publishing_day (created_at,publishing_day_id,updated_at,webtoon_id) values (?,?,?,?)
SATURDAY
2024-03-29T20:01:53.285+09:00 DEBUG 26924 --- [    Test worker] org.hibernate.SQL                        : select pd1_0.publishing_day_id,pd1_0.created_at,pd1_0.day,pd1_0.updated_at from publishing_day pd1_0 where pd1_0.day=?
Hibernate: select pd1_0.publishing_day_id,pd1_0.created_at,pd1_0.day,pd1_0.updated_at from publishing_day pd1_0 where pd1_0.day=?
PublishingDay{publishingDayId=6, createdAt=2024-03-29T19:55:41.069514, updatedAt=2024-03-29T19:55:41.069514, day='SATURDAY'}
2024-03-29T20:01:53.290+09:00 DEBUG 26924 --- [    Test worker] org.hibernate.SQL                        : insert into webtoon (created_at,description,no_youth,publication_status,thumbnail,title,updated_at) values (?,?,?,?,?,?,?)
Hibernate: insert into webtoon (created_at,description,no_youth,publication_status,thumbnail,title,updated_at) values (?,?,?,?,?,?,?)
2024-03-29T20:01:53.298+09:00 DEBUG 26924 --- [    Test worker] org.hibernate.SQL                        : insert into webtoon_publishing_day (created_at,publishing_day_id,updated_at,webtoon_id) values (?,?,?,?)
Hibernate: insert into webtoon_publishing_day (created_at,publishing_day_id,updated_at,webtoon_id) values (?,?,?,?)
SATURDAY
2024-03-29T20:01:53.307+09:00 DEBUG 26924 --- [    Test worker] org.hibernate.SQL                        : select pd1_0.publishing_day_id,pd1_0.created_at,pd1_0.day,pd1_0.updated_at from publishing_day pd1_0 where pd1_0.day=?
Hibernate: select pd1_0.publishing_day_id,pd1_0.created_at,pd1_0.day,pd1_0.updated_at from publishing_day pd1_0 where pd1_0.day=?
PublishingDay{publishingDayId=6, createdAt=2024-03-29T19:55:41.069514, updatedAt=2024-03-29T19:55:41.069514, day='SATURDAY'}
2024-03-29T20:01:53.312+09:00 DEBUG 26924 --- [    Test worker] org.hibernate.SQL                        : insert into webtoon (created_at,description,no_youth,publication_status,thumbnail,title,updated_at) values (?,?,?,?,?,?,?)
Hibernate: insert into webtoon (created_at,description,no_youth,publication_status,thumbnail,title,updated_at) values (?,?,?,?,?,?,?)
2024-03-29T20:01:53.322+09:00 DEBUG 26924 --- [    Test worker] org.hibernate.SQL                        : insert into webtoon_publishing_day (created_at,publishing_day_id,updated_at,webtoon_id) values (?,?,?,?)
Hibernate: insert into webtoon_publishing_day (created_at,publishing_day_id,updated_at,webtoon_id) values (?,?,?,?)
SATURDAY
2024-03-29T20:01:53.330+09:00 DEBUG 26924 --- [    Test worker] org.hibernate.SQL                        : select pd1_0.publishing_day_id,pd1_0.created_at,pd1_0.day,pd1_0.updated_at from publishing_day pd1_0 where pd1_0.day=?
Hibernate: select pd1_0.publishing_day_id,pd1_0.created_at,pd1_0.day,pd1_0.updated_at from publishing_day pd1_0 where pd1_0.day=?
PublishingDay{publishingDayId=6, createdAt=2024-03-29T19:55:41.069514, updatedAt=2024-03-29T19:55:41.069514, day='SATURDAY'}
2024-03-29T20:01:53.334+09:00 DEBUG 26924 --- [    Test worker] org.hibernate.SQL                        : insert into webtoon (created_at,description,no_youth,publication_status,thumbnail,title,updated_at) values (?,?,?,?,?,?,?)
Hibernate: insert into webtoon (created_at,description,no_youth,publication_status,thumbnail,title,updated_at) values (?,?,?,?,?,?,?)
2024-03-29T20:01:53.342+09:00 DEBUG 26924 --- [    Test worker] org.hibernate.SQL                        : insert into webtoon_publishing_day (created_at,publishing_day_id,updated_at,webtoon_id) values (?,?,?,?)
Hibernate: insert into webtoon_publishing_day (created_at,publishing_day_id,updated_at,webtoon_id) values (?,?,?,?)
SATURDAY
2024-03-29T20:01:53.351+09:00 DEBUG 26924 --- [    Test worker] org.hibernate.SQL                        : select pd1_0.publishing_day_id,pd1_0.created_at,pd1_0.day,pd1_0.updated_at from publishing_day pd1_0 where pd1_0.day=?
Hibernate: select pd1_0.publishing_day_id,pd1_0.created_at,pd1_0.day,pd1_0.updated_at from publishing_day pd1_0 where pd1_0.day=?
PublishingDay{publishingDayId=6, createdAt=2024-03-29T19:55:41.069514, updatedAt=2024-03-29T19:55:41.069514, day='SATURDAY'}
2024-03-29T20:01:53.355+09:00 DEBUG 26924 --- [    Test worker] org.hibernate.SQL                        : insert into webtoon (created_at,description,no_youth,publication_status,thumbnail,title,updated_at) values (?,?,?,?,?,?,?)
Hibernate: insert into webtoon (created_at,description,no_youth,publication_status,thumbnail,title,updated_at) values (?,?,?,?,?,?,?)
2024-03-29T20:01:53.363+09:00 DEBUG 26924 --- [    Test worker] org.hibernate.SQL                        : insert into webtoon_publishing_day (created_at,publishing_day_id,updated_at,webtoon_id) values (?,?,?,?)
Hibernate: insert into webtoon_publishing_day (created_at,publishing_day_id,updated_at,webtoon_id) values (?,?,?,?)
SATURDAY
2024-03-29T20:01:53.371+09:00 DEBUG 26924 --- [    Test worker] org.hibernate.SQL                        : select pd1_0.publishing_day_id,pd1_0.created_at,pd1_0.day,pd1_0.updated_at from publishing_day pd1_0 where pd1_0.day=?
Hibernate: select pd1_0.publishing_day_id,pd1_0.created_at,pd1_0.day,pd1_0.updated_at from publishing_day pd1_0 where pd1_0.day=?
PublishingDay{publishingDayId=6, createdAt=2024-03-29T19:55:41.069514, updatedAt=2024-03-29T19:55:41.069514, day='SATURDAY'}
2024-03-29T20:01:53.374+09:00 DEBUG 26924 --- [    Test worker] org.hibernate.SQL                        : insert into webtoon (created_at,description,no_youth,publication_status,thumbnail,title,updated_at) values (?,?,?,?,?,?,?)
Hibernate: insert into webtoon (created_at,description,no_youth,publication_status,thumbnail,title,updated_at) values (?,?,?,?,?,?,?)
2024-03-29T20:01:53.384+09:00 DEBUG 26924 --- [    Test worker] org.hibernate.SQL                        : insert into webtoon_publishing_day (created_at,publishing_day_id,updated_at,webtoon_id) values (?,?,?,?)
Hibernate: insert into webtoon_publishing_day (created_at,publishing_day_id,updated_at,webtoon_id) values (?,?,?,?)
SATURDAY
2024-03-29T20:01:53.391+09:00 DEBUG 26924 --- [    Test worker] org.hibernate.SQL                        : select pd1_0.publishing_day_id,pd1_0.created_at,pd1_0.day,pd1_0.updated_at from publishing_day pd1_0 where pd1_0.day=?
Hibernate: select pd1_0.publishing_day_id,pd1_0.created_at,pd1_0.day,pd1_0.updated_at from publishing_day pd1_0 where pd1_0.day=?
PublishingDay{publishingDayId=6, createdAt=2024-03-29T19:55:41.069514, updatedAt=2024-03-29T19:55:41.069514, day='SATURDAY'}
2024-03-29T20:01:53.394+09:00 DEBUG 26924 --- [    Test worker] org.hibernate.SQL                        : insert into webtoon (created_at,description,no_youth,publication_status,thumbnail,title,updated_at) values (?,?,?,?,?,?,?)
Hibernate: insert into webtoon (created_at,description,no_youth,publication_status,thumbnail,title,updated_at) values (?,?,?,?,?,?,?)
2024-03-29T20:01:53.401+09:00 DEBUG 26924 --- [    Test worker] org.hibernate.SQL                        : insert into webtoon_publishing_day (created_at,publishing_day_id,updated_at,webtoon_id) values (?,?,?,?)
Hibernate: insert into webtoon_publishing_day (created_at,publishing_day_id,updated_at,webtoon_id) values (?,?,?,?)
SATURDAY
2024-03-29T20:01:53.408+09:00 DEBUG 26924 --- [    Test worker] org.hibernate.SQL                        : select pd1_0.publishing_day_id,pd1_0.created_at,pd1_0.day,pd1_0.updated_at from publishing_day pd1_0 where pd1_0.day=?
Hibernate: select pd1_0.publishing_day_id,pd1_0.created_at,pd1_0.day,pd1_0.updated_at from publishing_day pd1_0 where pd1_0.day=?
PublishingDay{publishingDayId=6, createdAt=2024-03-29T19:55:41.069514, updatedAt=2024-03-29T19:55:41.069514, day='SATURDAY'}
2024-03-29T20:01:53.411+09:00 DEBUG 26924 --- [    Test worker] org.hibernate.SQL                        : insert into webtoon (created_at,description,no_youth,publication_status,thumbnail,title,updated_at) values (?,?,?,?,?,?,?)
Hibernate: insert into webtoon (created_at,description,no_youth,publication_status,thumbnail,title,updated_at) values (?,?,?,?,?,?,?)
2024-03-29T20:01:53.419+09:00 DEBUG 26924 --- [    Test worker] org.hibernate.SQL                        : insert into webtoon_publishing_day (created_at,publishing_day_id,updated_at,webtoon_id) values (?,?,?,?)
Hibernate: insert into webtoon_publishing_day (created_at,publishing_day_id,updated_at,webtoon_id) values (?,?,?,?)
SATURDAY
2024-03-29T20:01:53.426+09:00 DEBUG 26924 --- [    Test worker] org.hibernate.SQL                        : select pd1_0.publishing_day_id,pd1_0.created_at,pd1_0.day,pd1_0.updated_at from publishing_day pd1_0 where pd1_0.day=?
Hibernate: select pd1_0.publishing_day_id,pd1_0.created_at,pd1_0.day,pd1_0.updated_at from publishing_day pd1_0 where pd1_0.day=?
PublishingDay{publishingDayId=6, createdAt=2024-03-29T19:55:41.069514, updatedAt=2024-03-29T19:55:41.069514, day='SATURDAY'}
2024-03-29T20:01:53.429+09:00 DEBUG 26924 --- [    Test worker] org.hibernate.SQL                        : insert into webtoon (created_at,description,no_youth,publication_status,thumbnail,title,updated_at) values (?,?,?,?,?,?,?)
Hibernate: insert into webtoon (created_at,description,no_youth,publication_status,thumbnail,title,updated_at) values (?,?,?,?,?,?,?)
2024-03-29T20:01:53.435+09:00 DEBUG 26924 --- [    Test worker] org.hibernate.SQL                        : insert into webtoon_publishing_day (created_at,publishing_day_id,updated_at,webtoon_id) values (?,?,?,?)
Hibernate: insert into webtoon_publishing_day (created_at,publishing_day_id,updated_at,webtoon_id) values (?,?,?,?)
SATURDAY
2024-03-29T20:01:53.442+09:00 DEBUG 26924 --- [    Test worker] org.hibernate.SQL                        : select pd1_0.publishing_day_id,pd1_0.created_at,pd1_0.day,pd1_0.updated_at from publishing_day pd1_0 where pd1_0.day=?
Hibernate: select pd1_0.publishing_day_id,pd1_0.created_at,pd1_0.day,pd1_0.updated_at from publishing_day pd1_0 where pd1_0.day=?
PublishingDay{publishingDayId=6, createdAt=2024-03-29T19:55:41.069514, updatedAt=2024-03-29T19:55:41.069514, day='SATURDAY'}
2024-03-29T20:01:53.446+09:00 DEBUG 26924 --- [    Test worker] org.hibernate.SQL                        : insert into webtoon (created_at,description,no_youth,publication_status,thumbnail,title,updated_at) values (?,?,?,?,?,?,?)
Hibernate: insert into webtoon (created_at,description,no_youth,publication_status,thumbnail,title,updated_at) values (?,?,?,?,?,?,?)
2024-03-29T20:01:53.453+09:00 DEBUG 26924 --- [    Test worker] org.hibernate.SQL                        : insert into webtoon_publishing_day (created_at,publishing_day_id,updated_at,webtoon_id) values (?,?,?,?)
Hibernate: insert into webtoon_publishing_day (created_at,publishing_day_id,updated_at,webtoon_id) values (?,?,?,?)
SATURDAY
2024-03-29T20:01:53.460+09:00 DEBUG 26924 --- [    Test worker] org.hibernate.SQL                        : select pd1_0.publishing_day_id,pd1_0.created_at,pd1_0.day,pd1_0.updated_at from publishing_day pd1_0 where pd1_0.day=?
Hibernate: select pd1_0.publishing_day_id,pd1_0.created_at,pd1_0.day,pd1_0.updated_at from publishing_day pd1_0 where pd1_0.day=?
PublishingDay{publishingDayId=6, createdAt=2024-03-29T19:55:41.069514, updatedAt=2024-03-29T19:55:41.069514, day='SATURDAY'}
2024-03-29T20:01:53.463+09:00 DEBUG 26924 --- [    Test worker] org.hibernate.SQL                        : insert into webtoon (created_at,description,no_youth,publication_status,thumbnail,title,updated_at) values (?,?,?,?,?,?,?)
Hibernate: insert into webtoon (created_at,description,no_youth,publication_status,thumbnail,title,updated_at) values (?,?,?,?,?,?,?)
2024-03-29T20:01:53.469+09:00 DEBUG 26924 --- [    Test worker] org.hibernate.SQL                        : insert into webtoon_publishing_day (created_at,publishing_day_id,updated_at,webtoon_id) values (?,?,?,?)
Hibernate: insert into webtoon_publishing_day (created_at,publishing_day_id,updated_at,webtoon_id) values (?,?,?,?)
SATURDAY
2024-03-29T20:01:53.477+09:00 DEBUG 26924 --- [    Test worker] org.hibernate.SQL                        : select pd1_0.publishing_day_id,pd1_0.created_at,pd1_0.day,pd1_0.updated_at from publishing_day pd1_0 where pd1_0.day=?
Hibernate: select pd1_0.publishing_day_id,pd1_0.created_at,pd1_0.day,pd1_0.updated_at from publishing_day pd1_0 where pd1_0.day=?
PublishingDay{publishingDayId=6, createdAt=2024-03-29T19:55:41.069514, updatedAt=2024-03-29T19:55:41.069514, day='SATURDAY'}
2024-03-29T20:01:53.480+09:00 DEBUG 26924 --- [    Test worker] org.hibernate.SQL                        : insert into webtoon (created_at,description,no_youth,publication_status,thumbnail,title,updated_at) values (?,?,?,?,?,?,?)
Hibernate: insert into webtoon (created_at,description,no_youth,publication_status,thumbnail,title,updated_at) values (?,?,?,?,?,?,?)
2024-03-29T20:01:53.488+09:00 DEBUG 26924 --- [    Test worker] org.hibernate.SQL                        : insert into webtoon_publishing_day (created_at,publishing_day_id,updated_at,webtoon_id) values (?,?,?,?)
Hibernate: insert into webtoon_publishing_day (created_at,publishing_day_id,updated_at,webtoon_id) values (?,?,?,?)
SATURDAY
2024-03-29T20:01:53.497+09:00 DEBUG 26924 --- [    Test worker] org.hibernate.SQL                        : select pd1_0.publishing_day_id,pd1_0.created_at,pd1_0.day,pd1_0.updated_at from publishing_day pd1_0 where pd1_0.day=?
Hibernate: select pd1_0.publishing_day_id,pd1_0.created_at,pd1_0.day,pd1_0.updated_at from publishing_day pd1_0 where pd1_0.day=?
PublishingDay{publishingDayId=6, createdAt=2024-03-29T19:55:41.069514, updatedAt=2024-03-29T19:55:41.069514, day='SATURDAY'}
2024-03-29T20:01:53.501+09:00 DEBUG 26924 --- [    Test worker] org.hibernate.SQL                        : insert into webtoon (created_at,description,no_youth,publication_status,thumbnail,title,updated_at) values (?,?,?,?,?,?,?)
Hibernate: insert into webtoon (created_at,description,no_youth,publication_status,thumbnail,title,updated_at) values (?,?,?,?,?,?,?)
2024-03-29T20:01:53.509+09:00 DEBUG 26924 --- [    Test worker] org.hibernate.SQL                        : insert into webtoon_publishing_day (created_at,publishing_day_id,updated_at,webtoon_id) values (?,?,?,?)
Hibernate: insert into webtoon_publishing_day (created_at,publishing_day_id,updated_at,webtoon_id) values (?,?,?,?)
SATURDAY
2024-03-29T20:01:53.519+09:00 DEBUG 26924 --- [    Test worker] org.hibernate.SQL                        : select pd1_0.publishing_day_id,pd1_0.created_at,pd1_0.day,pd1_0.updated_at from publishing_day pd1_0 where pd1_0.day=?
Hibernate: select pd1_0.publishing_day_id,pd1_0.created_at,pd1_0.day,pd1_0.updated_at from publishing_day pd1_0 where pd1_0.day=?
PublishingDay{publishingDayId=6, createdAt=2024-03-29T19:55:41.069514, updatedAt=2024-03-29T19:55:41.069514, day='SATURDAY'}
2024-03-29T20:01:53.522+09:00 DEBUG 26924 --- [    Test worker] org.hibernate.SQL                        : insert into webtoon (created_at,description,no_youth,publication_status,thumbnail,title,updated_at) values (?,?,?,?,?,?,?)
Hibernate: insert into webtoon (created_at,description,no_youth,publication_status,thumbnail,title,updated_at) values (?,?,?,?,?,?,?)
2024-03-29T20:01:53.532+09:00 DEBUG 26924 --- [    Test worker] org.hibernate.SQL                        : insert into webtoon_publishing_day (created_at,publishing_day_id,updated_at,webtoon_id) values (?,?,?,?)
Hibernate: insert into webtoon_publishing_day (created_at,publishing_day_id,updated_at,webtoon_id) values (?,?,?,?)
SATURDAY
2024-03-29T20:01:53.539+09:00 DEBUG 26924 --- [    Test worker] org.hibernate.SQL                        : select pd1_0.publishing_day_id,pd1_0.created_at,pd1_0.day,pd1_0.updated_at from publishing_day pd1_0 where pd1_0.day=?
Hibernate: select pd1_0.publishing_day_id,pd1_0.created_at,pd1_0.day,pd1_0.updated_at from publishing_day pd1_0 where pd1_0.day=?
PublishingDay{publishingDayId=6, createdAt=2024-03-29T19:55:41.069514, updatedAt=2024-03-29T19:55:41.069514, day='SATURDAY'}
2024-03-29T20:01:53.545+09:00 DEBUG 26924 --- [    Test worker] org.hibernate.SQL                        : insert into webtoon (created_at,description,no_youth,publication_status,thumbnail,title,updated_at) values (?,?,?,?,?,?,?)
Hibernate: insert into webtoon (created_at,description,no_youth,publication_status,thumbnail,title,updated_at) values (?,?,?,?,?,?,?)
2024-03-29T20:01:53.554+09:00 DEBUG 26924 --- [    Test worker] org.hibernate.SQL                        : insert into webtoon_publishing_day (created_at,publishing_day_id,updated_at,webtoon_id) values (?,?,?,?)
Hibernate: insert into webtoon_publishing_day (created_at,publishing_day_id,updated_at,webtoon_id) values (?,?,?,?)
SATURDAY
2024-03-29T20:01:53.563+09:00 DEBUG 26924 --- [    Test worker] org.hibernate.SQL                        : select pd1_0.publishing_day_id,pd1_0.created_at,pd1_0.day,pd1_0.updated_at from publishing_day pd1_0 where pd1_0.day=?
Hibernate: select pd1_0.publishing_day_id,pd1_0.created_at,pd1_0.day,pd1_0.updated_at from publishing_day pd1_0 where pd1_0.day=?
PublishingDay{publishingDayId=6, createdAt=2024-03-29T19:55:41.069514, updatedAt=2024-03-29T19:55:41.069514, day='SATURDAY'}
2024-03-29T20:01:53.566+09:00 DEBUG 26924 --- [    Test worker] org.hibernate.SQL                        : insert into webtoon (created_at,description,no_youth,publication_status,thumbnail,title,updated_at) values (?,?,?,?,?,?,?)
Hibernate: insert into webtoon (created_at,description,no_youth,publication_status,thumbnail,title,updated_at) values (?,?,?,?,?,?,?)
2024-03-29T20:01:53.574+09:00 DEBUG 26924 --- [    Test worker] org.hibernate.SQL                        : insert into webtoon_publishing_day (created_at,publishing_day_id,updated_at,webtoon_id) values (?,?,?,?)
Hibernate: insert into webtoon_publishing_day (created_at,publishing_day_id,updated_at,webtoon_id) values (?,?,?,?)
SATURDAY
2024-03-29T20:01:53.583+09:00 DEBUG 26924 --- [    Test worker] org.hibernate.SQL                        : select pd1_0.publishing_day_id,pd1_0.created_at,pd1_0.day,pd1_0.updated_at from publishing_day pd1_0 where pd1_0.day=?
Hibernate: select pd1_0.publishing_day_id,pd1_0.created_at,pd1_0.day,pd1_0.updated_at from publishing_day pd1_0 where pd1_0.day=?
PublishingDay{publishingDayId=6, createdAt=2024-03-29T19:55:41.069514, updatedAt=2024-03-29T19:55:41.069514, day='SATURDAY'}
2024-03-29T20:01:53.586+09:00 DEBUG 26924 --- [    Test worker] org.hibernate.SQL                        : insert into webtoon (created_at,description,no_youth,publication_status,thumbnail,title,updated_at) values (?,?,?,?,?,?,?)
Hibernate: insert into webtoon (created_at,description,no_youth,publication_status,thumbnail,title,updated_at) values (?,?,?,?,?,?,?)
2024-03-29T20:01:53.594+09:00 DEBUG 26924 --- [    Test worker] org.hibernate.SQL                        : insert into webtoon_publishing_day (created_at,publishing_day_id,updated_at,webtoon_id) values (?,?,?,?)
Hibernate: insert into webtoon_publishing_day (created_at,publishing_day_id,updated_at,webtoon_id) values (?,?,?,?)
SATURDAY
2024-03-29T20:01:53.600+09:00 DEBUG 26924 --- [    Test worker] org.hibernate.SQL                        : select pd1_0.publishing_day_id,pd1_0.created_at,pd1_0.day,pd1_0.updated_at from publishing_day pd1_0 where pd1_0.day=?
Hibernate: select pd1_0.publishing_day_id,pd1_0.created_at,pd1_0.day,pd1_0.updated_at from publishing_day pd1_0 where pd1_0.day=?
PublishingDay{publishingDayId=6, createdAt=2024-03-29T19:55:41.069514, updatedAt=2024-03-29T19:55:41.069514, day='SATURDAY'}
2024-03-29T20:01:53.603+09:00 DEBUG 26924 --- [    Test worker] org.hibernate.SQL                        : insert into webtoon (created_at,description,no_youth,publication_status,thumbnail,title,updated_at) values (?,?,?,?,?,?,?)
Hibernate: insert into webtoon (created_at,description,no_youth,publication_status,thumbnail,title,updated_at) values (?,?,?,?,?,?,?)
2024-03-29T20:01:53.610+09:00 DEBUG 26924 --- [    Test worker] org.hibernate.SQL                        : insert into webtoon_publishing_day (created_at,publishing_day_id,updated_at,webtoon_id) values (?,?,?,?)
Hibernate: insert into webtoon_publishing_day (created_at,publishing_day_id,updated_at,webtoon_id) values (?,?,?,?)
SATURDAY
2024-03-29T20:01:53.618+09:00 DEBUG 26924 --- [    Test worker] org.hibernate.SQL                        : select pd1_0.publishing_day_id,pd1_0.created_at,pd1_0.day,pd1_0.updated_at from publishing_day pd1_0 where pd1_0.day=?
Hibernate: select pd1_0.publishing_day_id,pd1_0.created_at,pd1_0.day,pd1_0.updated_at from publishing_day pd1_0 where pd1_0.day=?
PublishingDay{publishingDayId=6, createdAt=2024-03-29T19:55:41.069514, updatedAt=2024-03-29T19:55:41.069514, day='SATURDAY'}
2024-03-29T20:01:53.621+09:00 DEBUG 26924 --- [    Test worker] org.hibernate.SQL                        : insert into webtoon (created_at,description,no_youth,publication_status,thumbnail,title,updated_at) values (?,?,?,?,?,?,?)
Hibernate: insert into webtoon (created_at,description,no_youth,publication_status,thumbnail,title,updated_at) values (?,?,?,?,?,?,?)
2024-03-29T20:01:53.628+09:00 DEBUG 26924 --- [    Test worker] org.hibernate.SQL                        : insert into webtoon_publishing_day (created_at,publishing_day_id,updated_at,webtoon_id) values (?,?,?,?)
Hibernate: insert into webtoon_publishing_day (created_at,publishing_day_id,updated_at,webtoon_id) values (?,?,?,?)
SATURDAY
2024-03-29T20:01:53.635+09:00 DEBUG 26924 --- [    Test worker] org.hibernate.SQL                        : select pd1_0.publishing_day_id,pd1_0.created_at,pd1_0.day,pd1_0.updated_at from publishing_day pd1_0 where pd1_0.day=?
Hibernate: select pd1_0.publishing_day_id,pd1_0.created_at,pd1_0.day,pd1_0.updated_at from publishing_day pd1_0 where pd1_0.day=?
PublishingDay{publishingDayId=6, createdAt=2024-03-29T19:55:41.069514, updatedAt=2024-03-29T19:55:41.069514, day='SATURDAY'}
2024-03-29T20:01:53.637+09:00 DEBUG 26924 --- [    Test worker] org.hibernate.SQL                        : insert into webtoon (created_at,description,no_youth,publication_status,thumbnail,title,updated_at) values (?,?,?,?,?,?,?)
Hibernate: insert into webtoon (created_at,description,no_youth,publication_status,thumbnail,title,updated_at) values (?,?,?,?,?,?,?)
2024-03-29T20:01:53.645+09:00 DEBUG 26924 --- [    Test worker] org.hibernate.SQL                        : insert into webtoon_publishing_day (created_at,publishing_day_id,updated_at,webtoon_id) values (?,?,?,?)
Hibernate: insert into webtoon_publishing_day (created_at,publishing_day_id,updated_at,webtoon_id) values (?,?,?,?)
SATURDAY
2024-03-29T20:01:53.653+09:00 DEBUG 26924 --- [    Test worker] org.hibernate.SQL                        : select pd1_0.publishing_day_id,pd1_0.created_at,pd1_0.day,pd1_0.updated_at from publishing_day pd1_0 where pd1_0.day=?
Hibernate: select pd1_0.publishing_day_id,pd1_0.created_at,pd1_0.day,pd1_0.updated_at from publishing_day pd1_0 where pd1_0.day=?
PublishingDay{publishingDayId=6, createdAt=2024-03-29T19:55:41.069514, updatedAt=2024-03-29T19:55:41.069514, day='SATURDAY'}
2024-03-29T20:01:53.656+09:00 DEBUG 26924 --- [    Test worker] org.hibernate.SQL                        : insert into webtoon (created_at,description,no_youth,publication_status,thumbnail,title,updated_at) values (?,?,?,?,?,?,?)
Hibernate: insert into webtoon (created_at,description,no_youth,publication_status,thumbnail,title,updated_at) values (?,?,?,?,?,?,?)
2024-03-29T20:01:53.664+09:00 DEBUG 26924 --- [    Test worker] org.hibernate.SQL                        : insert into webtoon_publishing_day (created_at,publishing_day_id,updated_at,webtoon_id) values (?,?,?,?)
Hibernate: insert into webtoon_publishing_day (created_at,publishing_day_id,updated_at,webtoon_id) values (?,?,?,?)
SATURDAY
2024-03-29T20:01:53.672+09:00 DEBUG 26924 --- [    Test worker] org.hibernate.SQL                        : select pd1_0.publishing_day_id,pd1_0.created_at,pd1_0.day,pd1_0.updated_at from publishing_day pd1_0 where pd1_0.day=?
Hibernate: select pd1_0.publishing_day_id,pd1_0.created_at,pd1_0.day,pd1_0.updated_at from publishing_day pd1_0 where pd1_0.day=?
PublishingDay{publishingDayId=6, createdAt=2024-03-29T19:55:41.069514, updatedAt=2024-03-29T19:55:41.069514, day='SATURDAY'}
2024-03-29T20:01:53.674+09:00 DEBUG 26924 --- [    Test worker] org.hibernate.SQL                        : insert into webtoon (created_at,description,no_youth,publication_status,thumbnail,title,updated_at) values (?,?,?,?,?,?,?)
Hibernate: insert into webtoon (created_at,description,no_youth,publication_status,thumbnail,title,updated_at) values (?,?,?,?,?,?,?)
2024-03-29T20:01:53.682+09:00 DEBUG 26924 --- [    Test worker] org.hibernate.SQL                        : insert into webtoon_publishing_day (created_at,publishing_day_id,updated_at,webtoon_id) values (?,?,?,?)
Hibernate: insert into webtoon_publishing_day (created_at,publishing_day_id,updated_at,webtoon_id) values (?,?,?,?)
SATURDAY
2024-03-29T20:01:53.692+09:00 DEBUG 26924 --- [    Test worker] org.hibernate.SQL                        : select pd1_0.publishing_day_id,pd1_0.created_at,pd1_0.day,pd1_0.updated_at from publishing_day pd1_0 where pd1_0.day=?
Hibernate: select pd1_0.publishing_day_id,pd1_0.created_at,pd1_0.day,pd1_0.updated_at from publishing_day pd1_0 where pd1_0.day=?
PublishingDay{publishingDayId=6, createdAt=2024-03-29T19:55:41.069514, updatedAt=2024-03-29T19:55:41.069514, day='SATURDAY'}
2024-03-29T20:01:53.696+09:00 DEBUG 26924 --- [    Test worker] org.hibernate.SQL                        : insert into webtoon (created_at,description,no_youth,publication_status,thumbnail,title,updated_at) values (?,?,?,?,?,?,?)
Hibernate: insert into webtoon (created_at,description,no_youth,publication_status,thumbnail,title,updated_at) values (?,?,?,?,?,?,?)
2024-03-29T20:01:53.704+09:00 DEBUG 26924 --- [    Test worker] org.hibernate.SQL                        : insert into webtoon_publishing_day (created_at,publishing_day_id,updated_at,webtoon_id) values (?,?,?,?)
Hibernate: insert into webtoon_publishing_day (created_at,publishing_day_id,updated_at,webtoon_id) values (?,?,?,?)
SATURDAY
2024-03-29T20:01:53.713+09:00 DEBUG 26924 --- [    Test worker] org.hibernate.SQL                        : select pd1_0.publishing_day_id,pd1_0.created_at,pd1_0.day,pd1_0.updated_at from publishing_day pd1_0 where pd1_0.day=?
Hibernate: select pd1_0.publishing_day_id,pd1_0.created_at,pd1_0.day,pd1_0.updated_at from publishing_day pd1_0 where pd1_0.day=?
PublishingDay{publishingDayId=6, createdAt=2024-03-29T19:55:41.069514, updatedAt=2024-03-29T19:55:41.069514, day='SATURDAY'}
2024-03-29T20:01:53.717+09:00 DEBUG 26924 --- [    Test worker] org.hibernate.SQL                        : insert into webtoon (created_at,description,no_youth,publication_status,thumbnail,title,updated_at) values (?,?,?,?,?,?,?)
Hibernate: insert into webtoon (created_at,description,no_youth,publication_status,thumbnail,title,updated_at) values (?,?,?,?,?,?,?)
2024-03-29T20:01:53.724+09:00 DEBUG 26924 --- [    Test worker] org.hibernate.SQL                        : insert into webtoon_publishing_day (created_at,publishing_day_id,updated_at,webtoon_id) values (?,?,?,?)
Hibernate: insert into webtoon_publishing_day (created_at,publishing_day_id,updated_at,webtoon_id) values (?,?,?,?)
SATURDAY
2024-03-29T20:01:53.734+09:00 DEBUG 26924 --- [    Test worker] org.hibernate.SQL                        : select pd1_0.publishing_day_id,pd1_0.created_at,pd1_0.day,pd1_0.updated_at from publishing_day pd1_0 where pd1_0.day=?
Hibernate: select pd1_0.publishing_day_id,pd1_0.created_at,pd1_0.day,pd1_0.updated_at from publishing_day pd1_0 where pd1_0.day=?
PublishingDay{publishingDayId=6, createdAt=2024-03-29T19:55:41.069514, updatedAt=2024-03-29T19:55:41.069514, day='SATURDAY'}
2024-03-29T20:01:53.738+09:00 DEBUG 26924 --- [    Test worker] org.hibernate.SQL                        : insert into webtoon (created_at,description,no_youth,publication_status,thumbnail,title,updated_at) values (?,?,?,?,?,?,?)
Hibernate: insert into webtoon (created_at,description,no_youth,publication_status,thumbnail,title,updated_at) values (?,?,?,?,?,?,?)
2024-03-29T20:01:53.748+09:00 DEBUG 26924 --- [    Test worker] org.hibernate.SQL                        : insert into webtoon_publishing_day (created_at,publishing_day_id,updated_at,webtoon_id) values (?,?,?,?)
Hibernate: insert into webtoon_publishing_day (created_at,publishing_day_id,updated_at,webtoon_id) values (?,?,?,?)
SATURDAY
2024-03-29T20:01:53.755+09:00 DEBUG 26924 --- [    Test worker] org.hibernate.SQL                        : select pd1_0.publishing_day_id,pd1_0.created_at,pd1_0.day,pd1_0.updated_at from publishing_day pd1_0 where pd1_0.day=?
Hibernate: select pd1_0.publishing_day_id,pd1_0.created_at,pd1_0.day,pd1_0.updated_at from publishing_day pd1_0 where pd1_0.day=?
PublishingDay{publishingDayId=6, createdAt=2024-03-29T19:55:41.069514, updatedAt=2024-03-29T19:55:41.069514, day='SATURDAY'}
2024-03-29T20:01:53.760+09:00 DEBUG 26924 --- [    Test worker] org.hibernate.SQL                        : insert into webtoon (created_at,description,no_youth,publication_status,thumbnail,title,updated_at) values (?,?,?,?,?,?,?)
Hibernate: insert into webtoon (created_at,description,no_youth,publication_status,thumbnail,title,updated_at) values (?,?,?,?,?,?,?)
2024-03-29T20:01:53.768+09:00 DEBUG 26924 --- [    Test worker] org.hibernate.SQL                        : insert into webtoon_publishing_day (created_at,publishing_day_id,updated_at,webtoon_id) values (?,?,?,?)
Hibernate: insert into webtoon_publishing_day (created_at,publishing_day_id,updated_at,webtoon_id) values (?,?,?,?)
SATURDAY
2024-03-29T20:01:53.776+09:00 DEBUG 26924 --- [    Test worker] org.hibernate.SQL                        : select pd1_0.publishing_day_id,pd1_0.created_at,pd1_0.day,pd1_0.updated_at from publishing_day pd1_0 where pd1_0.day=?
Hibernate: select pd1_0.publishing_day_id,pd1_0.created_at,pd1_0.day,pd1_0.updated_at from publishing_day pd1_0 where pd1_0.day=?
PublishingDay{publishingDayId=6, createdAt=2024-03-29T19:55:41.069514, updatedAt=2024-03-29T19:55:41.069514, day='SATURDAY'}
2024-03-29T20:01:53.780+09:00 DEBUG 26924 --- [    Test worker] org.hibernate.SQL                        : insert into webtoon (created_at,description,no_youth,publication_status,thumbnail,title,updated_at) values (?,?,?,?,?,?,?)
Hibernate: insert into webtoon (created_at,description,no_youth,publication_status,thumbnail,title,updated_at) values (?,?,?,?,?,?,?)
2024-03-29T20:01:53.787+09:00 DEBUG 26924 --- [    Test worker] org.hibernate.SQL                        : insert into webtoon_publishing_day (created_at,publishing_day_id,updated_at,webtoon_id) values (?,?,?,?)
Hibernate: insert into webtoon_publishing_day (created_at,publishing_day_id,updated_at,webtoon_id) values (?,?,?,?)
SATURDAY
2024-03-29T20:01:53.795+09:00 DEBUG 26924 --- [    Test worker] org.hibernate.SQL                        : select pd1_0.publishing_day_id,pd1_0.created_at,pd1_0.day,pd1_0.updated_at from publishing_day pd1_0 where pd1_0.day=?
Hibernate: select pd1_0.publishing_day_id,pd1_0.created_at,pd1_0.day,pd1_0.updated_at from publishing_day pd1_0 where pd1_0.day=?
PublishingDay{publishingDayId=6, createdAt=2024-03-29T19:55:41.069514, updatedAt=2024-03-29T19:55:41.069514, day='SATURDAY'}
2024-03-29T20:01:53.798+09:00 DEBUG 26924 --- [    Test worker] org.hibernate.SQL                        : insert into webtoon (created_at,description,no_youth,publication_status,thumbnail,title,updated_at) values (?,?,?,?,?,?,?)
Hibernate: insert into webtoon (created_at,description,no_youth,publication_status,thumbnail,title,updated_at) values (?,?,?,?,?,?,?)
2024-03-29T20:01:53.803+09:00 DEBUG 26924 --- [    Test worker] org.hibernate.SQL                        : insert into webtoon_publishing_day (created_at,publishing_day_id,updated_at,webtoon_id) values (?,?,?,?)
Hibernate: insert into webtoon_publishing_day (created_at,publishing_day_id,updated_at,webtoon_id) values (?,?,?,?)
SATURDAY
2024-03-29T20:01:53.812+09:00 DEBUG 26924 --- [    Test worker] org.hibernate.SQL                        : select pd1_0.publishing_day_id,pd1_0.created_at,pd1_0.day,pd1_0.updated_at from publishing_day pd1_0 where pd1_0.day=?
Hibernate: select pd1_0.publishing_day_id,pd1_0.created_at,pd1_0.day,pd1_0.updated_at from publishing_day pd1_0 where pd1_0.day=?
PublishingDay{publishingDayId=6, createdAt=2024-03-29T19:55:41.069514, updatedAt=2024-03-29T19:55:41.069514, day='SATURDAY'}
2024-03-29T20:01:53.814+09:00 DEBUG 26924 --- [    Test worker] org.hibernate.SQL                        : insert into webtoon (created_at,description,no_youth,publication_status,thumbnail,title,updated_at) values (?,?,?,?,?,?,?)
Hibernate: insert into webtoon (created_at,description,no_youth,publication_status,thumbnail,title,updated_at) values (?,?,?,?,?,?,?)
2024-03-29T20:01:53.819+09:00 DEBUG 26924 --- [    Test worker] org.hibernate.SQL                        : insert into webtoon_publishing_day (created_at,publishing_day_id,updated_at,webtoon_id) values (?,?,?,?)
Hibernate: insert into webtoon_publishing_day (created_at,publishing_day_id,updated_at,webtoon_id) values (?,?,?,?)
SATURDAY
2024-03-29T20:01:53.825+09:00 DEBUG 26924 --- [    Test worker] org.hibernate.SQL                        : select pd1_0.publishing_day_id,pd1_0.created_at,pd1_0.day,pd1_0.updated_at from publishing_day pd1_0 where pd1_0.day=?
Hibernate: select pd1_0.publishing_day_id,pd1_0.created_at,pd1_0.day,pd1_0.updated_at from publishing_day pd1_0 where pd1_0.day=?
PublishingDay{publishingDayId=6, createdAt=2024-03-29T19:55:41.069514, updatedAt=2024-03-29T19:55:41.069514, day='SATURDAY'}
2024-03-29T20:01:53.828+09:00 DEBUG 26924 --- [    Test worker] org.hibernate.SQL                        : insert into webtoon (created_at,description,no_youth,publication_status,thumbnail,title,updated_at) values (?,?,?,?,?,?,?)
Hibernate: insert into webtoon (created_at,description,no_youth,publication_status,thumbnail,title,updated_at) values (?,?,?,?,?,?,?)
2024-03-29T20:01:53.846+09:00 DEBUG 26924 --- [    Test worker] org.hibernate.SQL                        : insert into webtoon_publishing_day (created_at,publishing_day_id,updated_at,webtoon_id) values (?,?,?,?)
Hibernate: insert into webtoon_publishing_day (created_at,publishing_day_id,updated_at,webtoon_id) values (?,?,?,?)
SATURDAY
2024-03-29T20:01:53.852+09:00 DEBUG 26924 --- [    Test worker] org.hibernate.SQL                        : select pd1_0.publishing_day_id,pd1_0.created_at,pd1_0.day,pd1_0.updated_at from publishing_day pd1_0 where pd1_0.day=?
Hibernate: select pd1_0.publishing_day_id,pd1_0.created_at,pd1_0.day,pd1_0.updated_at from publishing_day pd1_0 where pd1_0.day=?
PublishingDay{publishingDayId=6, createdAt=2024-03-29T19:55:41.069514, updatedAt=2024-03-29T19:55:41.069514, day='SATURDAY'}
2024-03-29T20:01:53.855+09:00 DEBUG 26924 --- [    Test worker] org.hibernate.SQL                        : insert into webtoon (created_at,description,no_youth,publication_status,thumbnail,title,updated_at) values (?,?,?,?,?,?,?)
Hibernate: insert into webtoon (created_at,description,no_youth,publication_status,thumbnail,title,updated_at) values (?,?,?,?,?,?,?)
2024-03-29T20:01:53.860+09:00 DEBUG 26924 --- [    Test worker] org.hibernate.SQL                        : insert into webtoon_publishing_day (created_at,publishing_day_id,updated_at,webtoon_id) values (?,?,?,?)
Hibernate: insert into webtoon_publishing_day (created_at,publishing_day_id,updated_at,webtoon_id) values (?,?,?,?)
SATURDAY
2024-03-29T20:01:53.866+09:00 DEBUG 26924 --- [    Test worker] org.hibernate.SQL                        : select pd1_0.publishing_day_id,pd1_0.created_at,pd1_0.day,pd1_0.updated_at from publishing_day pd1_0 where pd1_0.day=?
Hibernate: select pd1_0.publishing_day_id,pd1_0.created_at,pd1_0.day,pd1_0.updated_at from publishing_day pd1_0 where pd1_0.day=?
PublishingDay{publishingDayId=6, createdAt=2024-03-29T19:55:41.069514, updatedAt=2024-03-29T19:55:41.069514, day='SATURDAY'}
2024-03-29T20:01:53.868+09:00 DEBUG 26924 --- [    Test worker] org.hibernate.SQL                        : insert into webtoon (created_at,description,no_youth,publication_status,thumbnail,title,updated_at) values (?,?,?,?,?,?,?)
Hibernate: insert into webtoon (created_at,description,no_youth,publication_status,thumbnail,title,updated_at) values (?,?,?,?,?,?,?)
2024-03-29T20:01:53.873+09:00 DEBUG 26924 --- [    Test worker] org.hibernate.SQL                        : insert into webtoon_publishing_day (created_at,publishing_day_id,updated_at,webtoon_id) values (?,?,?,?)
Hibernate: insert into webtoon_publishing_day (created_at,publishing_day_id,updated_at,webtoon_id) values (?,?,?,?)
SATURDAY
2024-03-29T20:01:53.880+09:00 DEBUG 26924 --- [    Test worker] org.hibernate.SQL                        : select pd1_0.publishing_day_id,pd1_0.created_at,pd1_0.day,pd1_0.updated_at from publishing_day pd1_0 where pd1_0.day=?
Hibernate: select pd1_0.publishing_day_id,pd1_0.created_at,pd1_0.day,pd1_0.updated_at from publishing_day pd1_0 where pd1_0.day=?
PublishingDay{publishingDayId=6, createdAt=2024-03-29T19:55:41.069514, updatedAt=2024-03-29T19:55:41.069514, day='SATURDAY'}
2024-03-29T20:01:53.882+09:00 DEBUG 26924 --- [    Test worker] org.hibernate.SQL                        : insert into webtoon (created_at,description,no_youth,publication_status,thumbnail,title,updated_at) values (?,?,?,?,?,?,?)
Hibernate: insert into webtoon (created_at,description,no_youth,publication_status,thumbnail,title,updated_at) values (?,?,?,?,?,?,?)
2024-03-29T20:01:53.887+09:00 DEBUG 26924 --- [    Test worker] org.hibernate.SQL                        : insert into webtoon_publishing_day (created_at,publishing_day_id,updated_at,webtoon_id) values (?,?,?,?)
Hibernate: insert into webtoon_publishing_day (created_at,publishing_day_id,updated_at,webtoon_id) values (?,?,?,?)
SATURDAY
2024-03-29T20:01:53.894+09:00 DEBUG 26924 --- [    Test worker] org.hibernate.SQL                        : select pd1_0.publishing_day_id,pd1_0.created_at,pd1_0.day,pd1_0.updated_at from publishing_day pd1_0 where pd1_0.day=?
Hibernate: select pd1_0.publishing_day_id,pd1_0.created_at,pd1_0.day,pd1_0.updated_at from publishing_day pd1_0 where pd1_0.day=?
PublishingDay{publishingDayId=6, createdAt=2024-03-29T19:55:41.069514, updatedAt=2024-03-29T19:55:41.069514, day='SATURDAY'}
2024-03-29T20:01:53.898+09:00 DEBUG 26924 --- [    Test worker] org.hibernate.SQL                        : insert into webtoon (created_at,description,no_youth,publication_status,thumbnail,title,updated_at) values (?,?,?,?,?,?,?)
Hibernate: insert into webtoon (created_at,description,no_youth,publication_status,thumbnail,title,updated_at) values (?,?,?,?,?,?,?)
2024-03-29T20:01:53.904+09:00 DEBUG 26924 --- [    Test worker] org.hibernate.SQL                        : insert into webtoon_publishing_day (created_at,publishing_day_id,updated_at,webtoon_id) values (?,?,?,?)
Hibernate: insert into webtoon_publishing_day (created_at,publishing_day_id,updated_at,webtoon_id) values (?,?,?,?)
SATURDAY
2024-03-29T20:01:53.913+09:00 DEBUG 26924 --- [    Test worker] org.hibernate.SQL                        : select pd1_0.publishing_day_id,pd1_0.created_at,pd1_0.day,pd1_0.updated_at from publishing_day pd1_0 where pd1_0.day=?
Hibernate: select pd1_0.publishing_day_id,pd1_0.created_at,pd1_0.day,pd1_0.updated_at from publishing_day pd1_0 where pd1_0.day=?
PublishingDay{publishingDayId=6, createdAt=2024-03-29T19:55:41.069514, updatedAt=2024-03-29T19:55:41.069514, day='SATURDAY'}
2024-03-29T20:01:53.916+09:00 DEBUG 26924 --- [    Test worker] org.hibernate.SQL                        : insert into webtoon (created_at,description,no_youth,publication_status,thumbnail,title,updated_at) values (?,?,?,?,?,?,?)
Hibernate: insert into webtoon (created_at,description,no_youth,publication_status,thumbnail,title,updated_at) values (?,?,?,?,?,?,?)
2024-03-29T20:01:53.921+09:00 DEBUG 26924 --- [    Test worker] org.hibernate.SQL                        : insert into webtoon_publishing_day (created_at,publishing_day_id,updated_at,webtoon_id) values (?,?,?,?)
Hibernate: insert into webtoon_publishing_day (created_at,publishing_day_id,updated_at,webtoon_id) values (?,?,?,?)
SATURDAY
2024-03-29T20:01:53.927+09:00 DEBUG 26924 --- [    Test worker] org.hibernate.SQL                        : select pd1_0.publishing_day_id,pd1_0.created_at,pd1_0.day,pd1_0.updated_at from publishing_day pd1_0 where pd1_0.day=?
Hibernate: select pd1_0.publishing_day_id,pd1_0.created_at,pd1_0.day,pd1_0.updated_at from publishing_day pd1_0 where pd1_0.day=?
PublishingDay{publishingDayId=6, createdAt=2024-03-29T19:55:41.069514, updatedAt=2024-03-29T19:55:41.069514, day='SATURDAY'}
2024-03-29T20:01:53.931+09:00 DEBUG 26924 --- [    Test worker] org.hibernate.SQL                        : insert into webtoon (created_at,description,no_youth,publication_status,thumbnail,title,updated_at) values (?,?,?,?,?,?,?)
Hibernate: insert into webtoon (created_at,description,no_youth,publication_status,thumbnail,title,updated_at) values (?,?,?,?,?,?,?)
2024-03-29T20:01:53.936+09:00 DEBUG 26924 --- [    Test worker] org.hibernate.SQL                        : insert into webtoon_publishing_day (created_at,publishing_day_id,updated_at,webtoon_id) values (?,?,?,?)
Hibernate: insert into webtoon_publishing_day (created_at,publishing_day_id,updated_at,webtoon_id) values (?,?,?,?)
SATURDAY
2024-03-29T20:01:53.941+09:00 DEBUG 26924 --- [    Test worker] org.hibernate.SQL                        : select pd1_0.publishing_day_id,pd1_0.created_at,pd1_0.day,pd1_0.updated_at from publishing_day pd1_0 where pd1_0.day=?
Hibernate: select pd1_0.publishing_day_id,pd1_0.created_at,pd1_0.day,pd1_0.updated_at from publishing_day pd1_0 where pd1_0.day=?
PublishingDay{publishingDayId=6, createdAt=2024-03-29T19:55:41.069514, updatedAt=2024-03-29T19:55:41.069514, day='SATURDAY'}
2024-03-29T20:01:53.946+09:00 DEBUG 26924 --- [    Test worker] org.hibernate.SQL                        : insert into webtoon (created_at,description,no_youth,publication_status,thumbnail,title,updated_at) values (?,?,?,?,?,?,?)
Hibernate: insert into webtoon (created_at,description,no_youth,publication_status,thumbnail,title,updated_at) values (?,?,?,?,?,?,?)
2024-03-29T20:01:53.953+09:00 DEBUG 26924 --- [    Test worker] org.hibernate.SQL                        : insert into webtoon_publishing_day (created_at,publishing_day_id,updated_at,webtoon_id) values (?,?,?,?)
Hibernate: insert into webtoon_publishing_day (created_at,publishing_day_id,updated_at,webtoon_id) values (?,?,?,?)
SATURDAY
2024-03-29T20:01:53.961+09:00 DEBUG 26924 --- [    Test worker] org.hibernate.SQL                        : select pd1_0.publishing_day_id,pd1_0.created_at,pd1_0.day,pd1_0.updated_at from publishing_day pd1_0 where pd1_0.day=?
Hibernate: select pd1_0.publishing_day_id,pd1_0.created_at,pd1_0.day,pd1_0.updated_at from publishing_day pd1_0 where pd1_0.day=?
PublishingDay{publishingDayId=6, createdAt=2024-03-29T19:55:41.069514, updatedAt=2024-03-29T19:55:41.069514, day='SATURDAY'}
2024-03-29T20:01:53.965+09:00 DEBUG 26924 --- [    Test worker] org.hibernate.SQL                        : insert into webtoon (created_at,description,no_youth,publication_status,thumbnail,title,updated_at) values (?,?,?,?,?,?,?)
Hibernate: insert into webtoon (created_at,description,no_youth,publication_status,thumbnail,title,updated_at) values (?,?,?,?,?,?,?)
2024-03-29T20:01:53.972+09:00 DEBUG 26924 --- [    Test worker] org.hibernate.SQL                        : insert into webtoon_publishing_day (created_at,publishing_day_id,updated_at,webtoon_id) values (?,?,?,?)
Hibernate: insert into webtoon_publishing_day (created_at,publishing_day_id,updated_at,webtoon_id) values (?,?,?,?)
SATURDAY
2024-03-29T20:01:53.979+09:00 DEBUG 26924 --- [    Test worker] org.hibernate.SQL                        : select pd1_0.publishing_day_id,pd1_0.created_at,pd1_0.day,pd1_0.updated_at from publishing_day pd1_0 where pd1_0.day=?
Hibernate: select pd1_0.publishing_day_id,pd1_0.created_at,pd1_0.day,pd1_0.updated_at from publishing_day pd1_0 where pd1_0.day=?
PublishingDay{publishingDayId=6, createdAt=2024-03-29T19:55:41.069514, updatedAt=2024-03-29T19:55:41.069514, day='SATURDAY'}
2024-03-29T20:01:53.982+09:00 DEBUG 26924 --- [    Test worker] org.hibernate.SQL                        : insert into webtoon (created_at,description,no_youth,publication_status,thumbnail,title,updated_at) values (?,?,?,?,?,?,?)
Hibernate: insert into webtoon (created_at,description,no_youth,publication_status,thumbnail,title,updated_at) values (?,?,?,?,?,?,?)
2024-03-29T20:01:53.987+09:00 DEBUG 26924 --- [    Test worker] org.hibernate.SQL                        : insert into webtoon_publishing_day (created_at,publishing_day_id,updated_at,webtoon_id) values (?,?,?,?)
Hibernate: insert into webtoon_publishing_day (created_at,publishing_day_id,updated_at,webtoon_id) values (?,?,?,?)
SATURDAY
2024-03-29T20:01:53.992+09:00 DEBUG 26924 --- [    Test worker] org.hibernate.SQL                        : select pd1_0.publishing_day_id,pd1_0.created_at,pd1_0.day,pd1_0.updated_at from publishing_day pd1_0 where pd1_0.day=?
Hibernate: select pd1_0.publishing_day_id,pd1_0.created_at,pd1_0.day,pd1_0.updated_at from publishing_day pd1_0 where pd1_0.day=?
PublishingDay{publishingDayId=6, createdAt=2024-03-29T19:55:41.069514, updatedAt=2024-03-29T19:55:41.069514, day='SATURDAY'}
2024-03-29T20:01:53.996+09:00 DEBUG 26924 --- [    Test worker] org.hibernate.SQL                        : insert into webtoon (created_at,description,no_youth,publication_status,thumbnail,title,updated_at) values (?,?,?,?,?,?,?)
Hibernate: insert into webtoon (created_at,description,no_youth,publication_status,thumbnail,title,updated_at) values (?,?,?,?,?,?,?)
2024-03-29T20:01:53.999+09:00 DEBUG 26924 --- [    Test worker] org.hibernate.SQL                        : insert into webtoon_publishing_day (created_at,publishing_day_id,updated_at,webtoon_id) values (?,?,?,?)
Hibernate: insert into webtoon_publishing_day (created_at,publishing_day_id,updated_at,webtoon_id) values (?,?,?,?)
SATURDAY
2024-03-29T20:01:54.004+09:00 DEBUG 26924 --- [    Test worker] org.hibernate.SQL                        : select pd1_0.publishing_day_id,pd1_0.created_at,pd1_0.day,pd1_0.updated_at from publishing_day pd1_0 where pd1_0.day=?
Hibernate: select pd1_0.publishing_day_id,pd1_0.created_at,pd1_0.day,pd1_0.updated_at from publishing_day pd1_0 where pd1_0.day=?
PublishingDay{publishingDayId=6, createdAt=2024-03-29T19:55:41.069514, updatedAt=2024-03-29T19:55:41.069514, day='SATURDAY'}
2024-03-29T20:01:54.006+09:00 DEBUG 26924 --- [    Test worker] org.hibernate.SQL                        : insert into webtoon (created_at,description,no_youth,publication_status,thumbnail,title,updated_at) values (?,?,?,?,?,?,?)
Hibernate: insert into webtoon (created_at,description,no_youth,publication_status,thumbnail,title,updated_at) values (?,?,?,?,?,?,?)
2024-03-29T20:01:54.010+09:00 DEBUG 26924 --- [    Test worker] org.hibernate.SQL                        : insert into webtoon_publishing_day (created_at,publishing_day_id,updated_at,webtoon_id) values (?,?,?,?)
Hibernate: insert into webtoon_publishing_day (created_at,publishing_day_id,updated_at,webtoon_id) values (?,?,?,?)
SATURDAY
2024-03-29T20:01:54.015+09:00 DEBUG 26924 --- [    Test worker] org.hibernate.SQL                        : select pd1_0.publishing_day_id,pd1_0.created_at,pd1_0.day,pd1_0.updated_at from publishing_day pd1_0 where pd1_0.day=?
Hibernate: select pd1_0.publishing_day_id,pd1_0.created_at,pd1_0.day,pd1_0.updated_at from publishing_day pd1_0 where pd1_0.day=?
PublishingDay{publishingDayId=6, createdAt=2024-03-29T19:55:41.069514, updatedAt=2024-03-29T19:55:41.069514, day='SATURDAY'}
2024-03-29T20:01:54.017+09:00 DEBUG 26924 --- [    Test worker] org.hibernate.SQL                        : insert into webtoon (created_at,description,no_youth,publication_status,thumbnail,title,updated_at) values (?,?,?,?,?,?,?)
Hibernate: insert into webtoon (created_at,description,no_youth,publication_status,thumbnail,title,updated_at) values (?,?,?,?,?,?,?)
2024-03-29T20:01:54.021+09:00 DEBUG 26924 --- [    Test worker] org.hibernate.SQL                        : insert into webtoon_publishing_day (created_at,publishing_day_id,updated_at,webtoon_id) values (?,?,?,?)
Hibernate: insert into webtoon_publishing_day (created_at,publishing_day_id,updated_at,webtoon_id) values (?,?,?,?)
FALSE
2024-03-29T20:01:54.025+09:00 DEBUG 26924 --- [    Test worker] org.hibernate.SQL                        : select pd1_0.publishing_day_id,pd1_0.created_at,pd1_0.day,pd1_0.updated_at from publishing_day pd1_0 where pd1_0.day=?
Hibernate: select pd1_0.publishing_day_id,pd1_0.created_at,pd1_0.day,pd1_0.updated_at from publishing_day pd1_0 where pd1_0.day=?
null
2024-03-29T20:01:54.028+09:00 DEBUG 26924 --- [    Test worker] org.hibernate.SQL                        : insert into webtoon (created_at,description,no_youth,publication_status,thumbnail,title,updated_at) values (?,?,?,?,?,?,?)
Hibernate: insert into webtoon (created_at,description,no_youth,publication_status,thumbnail,title,updated_at) values (?,?,?,?,?,?,?)
2024-03-29T20:01:54.032+09:00 DEBUG 26924 --- [    Test worker] org.hibernate.SQL                        : insert into webtoon_publishing_day (created_at,publishing_day_id,updated_at,webtoon_id) values (?,?,?,?)
Hibernate: insert into webtoon_publishing_day (created_at,publishing_day_id,updated_at,webtoon_id) values (?,?,?,?)
SATURDAY
2024-03-29T20:01:54.036+09:00 DEBUG 26924 --- [    Test worker] org.hibernate.SQL                        : select pd1_0.publishing_day_id,pd1_0.created_at,pd1_0.day,pd1_0.updated_at from publishing_day pd1_0 where pd1_0.day=?
Hibernate: select pd1_0.publishing_day_id,pd1_0.created_at,pd1_0.day,pd1_0.updated_at from publishing_day pd1_0 where pd1_0.day=?
PublishingDay{publishingDayId=6, createdAt=2024-03-29T19:55:41.069514, updatedAt=2024-03-29T19:55:41.069514, day='SATURDAY'}
2024-03-29T20:01:54.037+09:00 DEBUG 26924 --- [    Test worker] org.hibernate.SQL                        : insert into webtoon (created_at,description,no_youth,publication_status,thumbnail,title,updated_at) values (?,?,?,?,?,?,?)
Hibernate: insert into webtoon (created_at,description,no_youth,publication_status,thumbnail,title,updated_at) values (?,?,?,?,?,?,?)
2024-03-29T20:01:54.041+09:00 DEBUG 26924 --- [    Test worker] org.hibernate.SQL                        : insert into webtoon_publishing_day (created_at,publishing_day_id,updated_at,webtoon_id) values (?,?,?,?)
Hibernate: insert into webtoon_publishing_day (created_at,publishing_day_id,updated_at,webtoon_id) values (?,?,?,?)
SATURDAY
2024-03-29T20:01:54.045+09:00 DEBUG 26924 --- [    Test worker] org.hibernate.SQL                        : select pd1_0.publishing_day_id,pd1_0.created_at,pd1_0.day,pd1_0.updated_at from publishing_day pd1_0 where pd1_0.day=?
Hibernate: select pd1_0.publishing_day_id,pd1_0.created_at,pd1_0.day,pd1_0.updated_at from publishing_day pd1_0 where pd1_0.day=?
PublishingDay{publishingDayId=6, createdAt=2024-03-29T19:55:41.069514, updatedAt=2024-03-29T19:55:41.069514, day='SATURDAY'}
2024-03-29T20:01:54.047+09:00 DEBUG 26924 --- [    Test worker] org.hibernate.SQL                        : insert into webtoon (created_at,description,no_youth,publication_status,thumbnail,title,updated_at) values (?,?,?,?,?,?,?)
Hibernate: insert into webtoon (created_at,description,no_youth,publication_status,thumbnail,title,updated_at) values (?,?,?,?,?,?,?)
2024-03-29T20:01:54.052+09:00 DEBUG 26924 --- [    Test worker] org.hibernate.SQL                        : insert into webtoon_publishing_day (created_at,publishing_day_id,updated_at,webtoon_id) values (?,?,?,?)
Hibernate: insert into webtoon_publishing_day (created_at,publishing_day_id,updated_at,webtoon_id) values (?,?,?,?)
SATURDAY
2024-03-29T20:01:54.055+09:00 DEBUG 26924 --- [    Test worker] org.hibernate.SQL                        : select pd1_0.publishing_day_id,pd1_0.created_at,pd1_0.day,pd1_0.updated_at from publishing_day pd1_0 where pd1_0.day=?
Hibernate: select pd1_0.publishing_day_id,pd1_0.created_at,pd1_0.day,pd1_0.updated_at from publishing_day pd1_0 where pd1_0.day=?
PublishingDay{publishingDayId=6, createdAt=2024-03-29T19:55:41.069514, updatedAt=2024-03-29T19:55:41.069514, day='SATURDAY'}
2024-03-29T20:01:54.057+09:00 DEBUG 26924 --- [    Test worker] org.hibernate.SQL                        : insert into webtoon (created_at,description,no_youth,publication_status,thumbnail,title,updated_at) values (?,?,?,?,?,?,?)
Hibernate: insert into webtoon (created_at,description,no_youth,publication_status,thumbnail,title,updated_at) values (?,?,?,?,?,?,?)
2024-03-29T20:01:54.061+09:00 DEBUG 26924 --- [    Test worker] org.hibernate.SQL                        : insert into webtoon_publishing_day (created_at,publishing_day_id,updated_at,webtoon_id) values (?,?,?,?)
Hibernate: insert into webtoon_publishing_day (created_at,publishing_day_id,updated_at,webtoon_id) values (?,?,?,?)
SATURDAY
2024-03-29T20:01:54.065+09:00 DEBUG 26924 --- [    Test worker] org.hibernate.SQL                        : select pd1_0.publishing_day_id,pd1_0.created_at,pd1_0.day,pd1_0.updated_at from publishing_day pd1_0 where pd1_0.day=?
Hibernate: select pd1_0.publishing_day_id,pd1_0.created_at,pd1_0.day,pd1_0.updated_at from publishing_day pd1_0 where pd1_0.day=?
PublishingDay{publishingDayId=6, createdAt=2024-03-29T19:55:41.069514, updatedAt=2024-03-29T19:55:41.069514, day='SATURDAY'}
2024-03-29T20:01:54.067+09:00 DEBUG 26924 --- [    Test worker] org.hibernate.SQL                        : insert into webtoon (created_at,description,no_youth,publication_status,thumbnail,title,updated_at) values (?,?,?,?,?,?,?)
Hibernate: insert into webtoon (created_at,description,no_youth,publication_status,thumbnail,title,updated_at) values (?,?,?,?,?,?,?)
2024-03-29T20:01:54.071+09:00 DEBUG 26924 --- [    Test worker] org.hibernate.SQL                        : insert into webtoon_publishing_day (created_at,publishing_day_id,updated_at,webtoon_id) values (?,?,?,?)
Hibernate: insert into webtoon_publishing_day (created_at,publishing_day_id,updated_at,webtoon_id) values (?,?,?,?)
SATURDAY
2024-03-29T20:01:54.076+09:00 DEBUG 26924 --- [    Test worker] org.hibernate.SQL                        : select pd1_0.publishing_day_id,pd1_0.created_at,pd1_0.day,pd1_0.updated_at from publishing_day pd1_0 where pd1_0.day=?
Hibernate: select pd1_0.publishing_day_id,pd1_0.created_at,pd1_0.day,pd1_0.updated_at from publishing_day pd1_0 where pd1_0.day=?
PublishingDay{publishingDayId=6, createdAt=2024-03-29T19:55:41.069514, updatedAt=2024-03-29T19:55:41.069514, day='SATURDAY'}
2024-03-29T20:01:54.078+09:00 DEBUG 26924 --- [    Test worker] org.hibernate.SQL                        : insert into webtoon (created_at,description,no_youth,publication_status,thumbnail,title,updated_at) values (?,?,?,?,?,?,?)
Hibernate: insert into webtoon (created_at,description,no_youth,publication_status,thumbnail,title,updated_at) values (?,?,?,?,?,?,?)
2024-03-29T20:01:54.083+09:00 DEBUG 26924 --- [    Test worker] org.hibernate.SQL                        : insert into webtoon_publishing_day (created_at,publishing_day_id,updated_at,webtoon_id) values (?,?,?,?)
Hibernate: insert into webtoon_publishing_day (created_at,publishing_day_id,updated_at,webtoon_id) values (?,?,?,?)
SATURDAY
2024-03-29T20:01:54.089+09:00 DEBUG 26924 --- [    Test worker] org.hibernate.SQL                        : select pd1_0.publishing_day_id,pd1_0.created_at,pd1_0.day,pd1_0.updated_at from publishing_day pd1_0 where pd1_0.day=?
Hibernate: select pd1_0.publishing_day_id,pd1_0.created_at,pd1_0.day,pd1_0.updated_at from publishing_day pd1_0 where pd1_0.day=?
PublishingDay{publishingDayId=6, createdAt=2024-03-29T19:55:41.069514, updatedAt=2024-03-29T19:55:41.069514, day='SATURDAY'}
2024-03-29T20:01:54.092+09:00 DEBUG 26924 --- [    Test worker] org.hibernate.SQL                        : insert into webtoon (created_at,description,no_youth,publication_status,thumbnail,title,updated_at) values (?,?,?,?,?,?,?)
Hibernate: insert into webtoon (created_at,description,no_youth,publication_status,thumbnail,title,updated_at) values (?,?,?,?,?,?,?)
2024-03-29T20:01:54.101+09:00 DEBUG 26924 --- [    Test worker] org.hibernate.SQL                        : insert into webtoon_publishing_day (created_at,publishing_day_id,updated_at,webtoon_id) values (?,?,?,?)
Hibernate: insert into webtoon_publishing_day (created_at,publishing_day_id,updated_at,webtoon_id) values (?,?,?,?)
SATURDAY
2024-03-29T20:01:54.108+09:00 DEBUG 26924 --- [    Test worker] org.hibernate.SQL                        : select pd1_0.publishing_day_id,pd1_0.created_at,pd1_0.day,pd1_0.updated_at from publishing_day pd1_0 where pd1_0.day=?
Hibernate: select pd1_0.publishing_day_id,pd1_0.created_at,pd1_0.day,pd1_0.updated_at from publishing_day pd1_0 where pd1_0.day=?
PublishingDay{publishingDayId=6, createdAt=2024-03-29T19:55:41.069514, updatedAt=2024-03-29T19:55:41.069514, day='SATURDAY'}
2024-03-29T20:01:54.113+09:00 DEBUG 26924 --- [    Test worker] org.hibernate.SQL                        : insert into webtoon (created_at,description,no_youth,publication_status,thumbnail,title,updated_at) values (?,?,?,?,?,?,?)
Hibernate: insert into webtoon (created_at,description,no_youth,publication_status,thumbnail,title,updated_at) values (?,?,?,?,?,?,?)
2024-03-29T20:01:54.119+09:00 DEBUG 26924 --- [    Test worker] org.hibernate.SQL                        : insert into webtoon_publishing_day (created_at,publishing_day_id,updated_at,webtoon_id) values (?,?,?,?)
Hibernate: insert into webtoon_publishing_day (created_at,publishing_day_id,updated_at,webtoon_id) values (?,?,?,?)
SATURDAY
2024-03-29T20:01:54.128+09:00 DEBUG 26924 --- [    Test worker] org.hibernate.SQL                        : select pd1_0.publishing_day_id,pd1_0.created_at,pd1_0.day,pd1_0.updated_at from publishing_day pd1_0 where pd1_0.day=?
Hibernate: select pd1_0.publishing_day_id,pd1_0.created_at,pd1_0.day,pd1_0.updated_at from publishing_day pd1_0 where pd1_0.day=?
PublishingDay{publishingDayId=6, createdAt=2024-03-29T19:55:41.069514, updatedAt=2024-03-29T19:55:41.069514, day='SATURDAY'}
2024-03-29T20:01:54.130+09:00 DEBUG 26924 --- [    Test worker] org.hibernate.SQL                        : insert into webtoon (created_at,description,no_youth,publication_status,thumbnail,title,updated_at) values (?,?,?,?,?,?,?)
Hibernate: insert into webtoon (created_at,description,no_youth,publication_status,thumbnail,title,updated_at) values (?,?,?,?,?,?,?)
2024-03-29T20:01:54.137+09:00 DEBUG 26924 --- [    Test worker] org.hibernate.SQL                        : insert into webtoon_publishing_day (created_at,publishing_day_id,updated_at,webtoon_id) values (?,?,?,?)
Hibernate: insert into webtoon_publishing_day (created_at,publishing_day_id,updated_at,webtoon_id) values (?,?,?,?)
FALSE
2024-03-29T20:01:54.144+09:00 DEBUG 26924 --- [    Test worker] org.hibernate.SQL                        : select pd1_0.publishing_day_id,pd1_0.created_at,pd1_0.day,pd1_0.updated_at from publishing_day pd1_0 where pd1_0.day=?
Hibernate: select pd1_0.publishing_day_id,pd1_0.created_at,pd1_0.day,pd1_0.updated_at from publishing_day pd1_0 where pd1_0.day=?
null
2024-03-29T20:01:54.147+09:00 DEBUG 26924 --- [    Test worker] org.hibernate.SQL                        : insert into webtoon (created_at,description,no_youth,publication_status,thumbnail,title,updated_at) values (?,?,?,?,?,?,?)
Hibernate: insert into webtoon (created_at,description,no_youth,publication_status,thumbnail,title,updated_at) values (?,?,?,?,?,?,?)
2024-03-29T20:01:54.152+09:00 DEBUG 26924 --- [    Test worker] org.hibernate.SQL                        : insert into webtoon_publishing_day (created_at,publishing_day_id,updated_at,webtoon_id) values (?,?,?,?)
Hibernate: insert into webtoon_publishing_day (created_at,publishing_day_id,updated_at,webtoon_id) values (?,?,?,?)
SATURDAY
2024-03-29T20:01:54.159+09:00 DEBUG 26924 --- [    Test worker] org.hibernate.SQL                        : select pd1_0.publishing_day_id,pd1_0.created_at,pd1_0.day,pd1_0.updated_at from publishing_day pd1_0 where pd1_0.day=?
Hibernate: select pd1_0.publishing_day_id,pd1_0.created_at,pd1_0.day,pd1_0.updated_at from publishing_day pd1_0 where pd1_0.day=?
PublishingDay{publishingDayId=6, createdAt=2024-03-29T19:55:41.069514, updatedAt=2024-03-29T19:55:41.069514, day='SATURDAY'}
2024-03-29T20:01:54.164+09:00 DEBUG 26924 --- [    Test worker] org.hibernate.SQL                        : insert into webtoon (created_at,description,no_youth,publication_status,thumbnail,title,updated_at) values (?,?,?,?,?,?,?)
Hibernate: insert into webtoon (created_at,description,no_youth,publication_status,thumbnail,title,updated_at) values (?,?,?,?,?,?,?)
2024-03-29T20:01:54.170+09:00 DEBUG 26924 --- [    Test worker] org.hibernate.SQL                        : insert into webtoon_publishing_day (created_at,publishing_day_id,updated_at,webtoon_id) values (?,?,?,?)
Hibernate: insert into webtoon_publishing_day (created_at,publishing_day_id,updated_at,webtoon_id) values (?,?,?,?)
SATURDAY
2024-03-29T20:01:54.177+09:00 DEBUG 26924 --- [    Test worker] org.hibernate.SQL                        : select pd1_0.publishing_day_id,pd1_0.created_at,pd1_0.day,pd1_0.updated_at from publishing_day pd1_0 where pd1_0.day=?
Hibernate: select pd1_0.publishing_day_id,pd1_0.created_at,pd1_0.day,pd1_0.updated_at from publishing_day pd1_0 where pd1_0.day=?
PublishingDay{publishingDayId=6, createdAt=2024-03-29T19:55:41.069514, updatedAt=2024-03-29T19:55:41.069514, day='SATURDAY'}
2024-03-29T20:01:54.181+09:00 DEBUG 26924 --- [    Test worker] org.hibernate.SQL                        : insert into webtoon (created_at,description,no_youth,publication_status,thumbnail,title,updated_at) values (?,?,?,?,?,?,?)
Hibernate: insert into webtoon (created_at,description,no_youth,publication_status,thumbnail,title,updated_at) values (?,?,?,?,?,?,?)
2024-03-29T20:01:54.188+09:00 DEBUG 26924 --- [    Test worker] org.hibernate.SQL                        : insert into webtoon_publishing_day (created_at,publishing_day_id,updated_at,webtoon_id) values (?,?,?,?)
Hibernate: insert into webtoon_publishing_day (created_at,publishing_day_id,updated_at,webtoon_id) values (?,?,?,?)
SATURDAY
2024-03-29T20:01:54.194+09:00 DEBUG 26924 --- [    Test worker] org.hibernate.SQL                        : select pd1_0.publishing_day_id,pd1_0.created_at,pd1_0.day,pd1_0.updated_at from publishing_day pd1_0 where pd1_0.day=?
Hibernate: select pd1_0.publishing_day_id,pd1_0.created_at,pd1_0.day,pd1_0.updated_at from publishing_day pd1_0 where pd1_0.day=?
PublishingDay{publishingDayId=6, createdAt=2024-03-29T19:55:41.069514, updatedAt=2024-03-29T19:55:41.069514, day='SATURDAY'}
2024-03-29T20:01:54.196+09:00 DEBUG 26924 --- [    Test worker] org.hibernate.SQL                        : insert into webtoon (created_at,description,no_youth,publication_status,thumbnail,title,updated_at) values (?,?,?,?,?,?,?)
Hibernate: insert into webtoon (created_at,description,no_youth,publication_status,thumbnail,title,updated_at) values (?,?,?,?,?,?,?)
2024-03-29T20:01:54.201+09:00 DEBUG 26924 --- [    Test worker] org.hibernate.SQL                        : insert into webtoon_publishing_day (created_at,publishing_day_id,updated_at,webtoon_id) values (?,?,?,?)
Hibernate: insert into webtoon_publishing_day (created_at,publishing_day_id,updated_at,webtoon_id) values (?,?,?,?)
SATURDAY
2024-03-29T20:01:54.206+09:00 DEBUG 26924 --- [    Test worker] org.hibernate.SQL                        : select pd1_0.publishing_day_id,pd1_0.created_at,pd1_0.day,pd1_0.updated_at from publishing_day pd1_0 where pd1_0.day=?
Hibernate: select pd1_0.publishing_day_id,pd1_0.created_at,pd1_0.day,pd1_0.updated_at from publishing_day pd1_0 where pd1_0.day=?
PublishingDay{publishingDayId=6, createdAt=2024-03-29T19:55:41.069514, updatedAt=2024-03-29T19:55:41.069514, day='SATURDAY'}
2024-03-29T20:01:54.208+09:00 DEBUG 26924 --- [    Test worker] org.hibernate.SQL                        : insert into webtoon (created_at,description,no_youth,publication_status,thumbnail,title,updated_at) values (?,?,?,?,?,?,?)
Hibernate: insert into webtoon (created_at,description,no_youth,publication_status,thumbnail,title,updated_at) values (?,?,?,?,?,?,?)
2024-03-29T20:01:54.214+09:00 DEBUG 26924 --- [    Test worker] org.hibernate.SQL                        : insert into webtoon_publishing_day (created_at,publishing_day_id,updated_at,webtoon_id) values (?,?,?,?)
Hibernate: insert into webtoon_publishing_day (created_at,publishing_day_id,updated_at,webtoon_id) values (?,?,?,?)
SATURDAY
2024-03-29T20:01:54.219+09:00 DEBUG 26924 --- [    Test worker] org.hibernate.SQL                        : select pd1_0.publishing_day_id,pd1_0.created_at,pd1_0.day,pd1_0.updated_at from publishing_day pd1_0 where pd1_0.day=?
Hibernate: select pd1_0.publishing_day_id,pd1_0.created_at,pd1_0.day,pd1_0.updated_at from publishing_day pd1_0 where pd1_0.day=?
PublishingDay{publishingDayId=6, createdAt=2024-03-29T19:55:41.069514, updatedAt=2024-03-29T19:55:41.069514, day='SATURDAY'}
2024-03-29T20:01:54.221+09:00 DEBUG 26924 --- [    Test worker] org.hibernate.SQL                        : insert into webtoon (created_at,description,no_youth,publication_status,thumbnail,title,updated_at) values (?,?,?,?,?,?,?)
Hibernate: insert into webtoon (created_at,description,no_youth,publication_status,thumbnail,title,updated_at) values (?,?,?,?,?,?,?)
2024-03-29T20:01:54.227+09:00 DEBUG 26924 --- [    Test worker] org.hibernate.SQL                        : insert into webtoon_publishing_day (created_at,publishing_day_id,updated_at,webtoon_id) values (?,?,?,?)
Hibernate: insert into webtoon_publishing_day (created_at,publishing_day_id,updated_at,webtoon_id) values (?,?,?,?)
SATURDAY
2024-03-29T20:01:54.233+09:00 DEBUG 26924 --- [    Test worker] org.hibernate.SQL                        : select pd1_0.publishing_day_id,pd1_0.created_at,pd1_0.day,pd1_0.updated_at from publishing_day pd1_0 where pd1_0.day=?
Hibernate: select pd1_0.publishing_day_id,pd1_0.created_at,pd1_0.day,pd1_0.updated_at from publishing_day pd1_0 where pd1_0.day=?
PublishingDay{publishingDayId=6, createdAt=2024-03-29T19:55:41.069514, updatedAt=2024-03-29T19:55:41.069514, day='SATURDAY'}
2024-03-29T20:01:54.236+09:00 DEBUG 26924 --- [    Test worker] org.hibernate.SQL                        : insert into webtoon (created_at,description,no_youth,publication_status,thumbnail,title,updated_at) values (?,?,?,?,?,?,?)
Hibernate: insert into webtoon (created_at,description,no_youth,publication_status,thumbnail,title,updated_at) values (?,?,?,?,?,?,?)
2024-03-29T20:01:54.241+09:00 DEBUG 26924 --- [    Test worker] org.hibernate.SQL                        : insert into webtoon_publishing_day (created_at,publishing_day_id,updated_at,webtoon_id) values (?,?,?,?)
Hibernate: insert into webtoon_publishing_day (created_at,publishing_day_id,updated_at,webtoon_id) values (?,?,?,?)
SATURDAY
2024-03-29T20:01:54.246+09:00 DEBUG 26924 --- [    Test worker] org.hibernate.SQL                        : select pd1_0.publishing_day_id,pd1_0.created_at,pd1_0.day,pd1_0.updated_at from publishing_day pd1_0 where pd1_0.day=?
Hibernate: select pd1_0.publishing_day_id,pd1_0.created_at,pd1_0.day,pd1_0.updated_at from publishing_day pd1_0 where pd1_0.day=?
PublishingDay{publishingDayId=6, createdAt=2024-03-29T19:55:41.069514, updatedAt=2024-03-29T19:55:41.069514, day='SATURDAY'}
2024-03-29T20:01:54.249+09:00 DEBUG 26924 --- [    Test worker] org.hibernate.SQL                        : insert into webtoon (created_at,description,no_youth,publication_status,thumbnail,title,updated_at) values (?,?,?,?,?,?,?)
Hibernate: insert into webtoon (created_at,description,no_youth,publication_status,thumbnail,title,updated_at) values (?,?,?,?,?,?,?)
2024-03-29T20:01:54.255+09:00 DEBUG 26924 --- [    Test worker] org.hibernate.SQL                        : insert into webtoon_publishing_day (created_at,publishing_day_id,updated_at,webtoon_id) values (?,?,?,?)
Hibernate: insert into webtoon_publishing_day (created_at,publishing_day_id,updated_at,webtoon_id) values (?,?,?,?)
SATURDAY
2024-03-29T20:01:54.261+09:00 DEBUG 26924 --- [    Test worker] org.hibernate.SQL                        : select pd1_0.publishing_day_id,pd1_0.created_at,pd1_0.day,pd1_0.updated_at from publishing_day pd1_0 where pd1_0.day=?
Hibernate: select pd1_0.publishing_day_id,pd1_0.created_at,pd1_0.day,pd1_0.updated_at from publishing_day pd1_0 where pd1_0.day=?
PublishingDay{publishingDayId=6, createdAt=2024-03-29T19:55:41.069514, updatedAt=2024-03-29T19:55:41.069514, day='SATURDAY'}
2024-03-29T20:01:54.263+09:00 DEBUG 26924 --- [    Test worker] org.hibernate.SQL                        : insert into webtoon (created_at,description,no_youth,publication_status,thumbnail,title,updated_at) values (?,?,?,?,?,?,?)
Hibernate: insert into webtoon (created_at,description,no_youth,publication_status,thumbnail,title,updated_at) values (?,?,?,?,?,?,?)
2024-03-29T20:01:54.269+09:00 DEBUG 26924 --- [    Test worker] org.hibernate.SQL                        : insert into webtoon_publishing_day (created_at,publishing_day_id,updated_at,webtoon_id) values (?,?,?,?)
Hibernate: insert into webtoon_publishing_day (created_at,publishing_day_id,updated_at,webtoon_id) values (?,?,?,?)
SATURDAY
2024-03-29T20:01:54.274+09:00 DEBUG 26924 --- [    Test worker] org.hibernate.SQL                        : select pd1_0.publishing_day_id,pd1_0.created_at,pd1_0.day,pd1_0.updated_at from publishing_day pd1_0 where pd1_0.day=?
Hibernate: select pd1_0.publishing_day_id,pd1_0.created_at,pd1_0.day,pd1_0.updated_at from publishing_day pd1_0 where pd1_0.day=?
PublishingDay{publishingDayId=6, createdAt=2024-03-29T19:55:41.069514, updatedAt=2024-03-29T19:55:41.069514, day='SATURDAY'}
2024-03-29T20:01:54.277+09:00 DEBUG 26924 --- [    Test worker] org.hibernate.SQL                        : insert into webtoon (created_at,description,no_youth,publication_status,thumbnail,title,updated_at) values (?,?,?,?,?,?,?)
Hibernate: insert into webtoon (created_at,description,no_youth,publication_status,thumbnail,title,updated_at) values (?,?,?,?,?,?,?)
2024-03-29T20:01:54.283+09:00 DEBUG 26924 --- [    Test worker] org.hibernate.SQL                        : insert into webtoon_publishing_day (created_at,publishing_day_id,updated_at,webtoon_id) values (?,?,?,?)
Hibernate: insert into webtoon_publishing_day (created_at,publishing_day_id,updated_at,webtoon_id) values (?,?,?,?)
SATURDAY
2024-03-29T20:01:54.289+09:00 DEBUG 26924 --- [    Test worker] org.hibernate.SQL                        : select pd1_0.publishing_day_id,pd1_0.created_at,pd1_0.day,pd1_0.updated_at from publishing_day pd1_0 where pd1_0.day=?
Hibernate: select pd1_0.publishing_day_id,pd1_0.created_at,pd1_0.day,pd1_0.updated_at from publishing_day pd1_0 where pd1_0.day=?
PublishingDay{publishingDayId=6, createdAt=2024-03-29T19:55:41.069514, updatedAt=2024-03-29T19:55:41.069514, day='SATURDAY'}
2024-03-29T20:01:54.292+09:00 DEBUG 26924 --- [    Test worker] org.hibernate.SQL                        : insert into webtoon (created_at,description,no_youth,publication_status,thumbnail,title,updated_at) values (?,?,?,?,?,?,?)
Hibernate: insert into webtoon (created_at,description,no_youth,publication_status,thumbnail,title,updated_at) values (?,?,?,?,?,?,?)
2024-03-29T20:01:54.299+09:00 DEBUG 26924 --- [    Test worker] org.hibernate.SQL                        : insert into webtoon_publishing_day (created_at,publishing_day_id,updated_at,webtoon_id) values (?,?,?,?)
Hibernate: insert into webtoon_publishing_day (created_at,publishing_day_id,updated_at,webtoon_id) values (?,?,?,?)
SATURDAY
2024-03-29T20:01:54.304+09:00 DEBUG 26924 --- [    Test worker] org.hibernate.SQL                        : select pd1_0.publishing_day_id,pd1_0.created_at,pd1_0.day,pd1_0.updated_at from publishing_day pd1_0 where pd1_0.day=?
Hibernate: select pd1_0.publishing_day_id,pd1_0.created_at,pd1_0.day,pd1_0.updated_at from publishing_day pd1_0 where pd1_0.day=?
PublishingDay{publishingDayId=6, createdAt=2024-03-29T19:55:41.069514, updatedAt=2024-03-29T19:55:41.069514, day='SATURDAY'}
2024-03-29T20:01:54.306+09:00 DEBUG 26924 --- [    Test worker] org.hibernate.SQL                        : insert into webtoon (created_at,description,no_youth,publication_status,thumbnail,title,updated_at) values (?,?,?,?,?,?,?)
Hibernate: insert into webtoon (created_at,description,no_youth,publication_status,thumbnail,title,updated_at) values (?,?,?,?,?,?,?)
2024-03-29T20:01:54.313+09:00 DEBUG 26924 --- [    Test worker] org.hibernate.SQL                        : insert into webtoon_publishing_day (created_at,publishing_day_id,updated_at,webtoon_id) values (?,?,?,?)
Hibernate: insert into webtoon_publishing_day (created_at,publishing_day_id,updated_at,webtoon_id) values (?,?,?,?)
SATURDAY
2024-03-29T20:01:54.319+09:00 DEBUG 26924 --- [    Test worker] org.hibernate.SQL                        : select pd1_0.publishing_day_id,pd1_0.created_at,pd1_0.day,pd1_0.updated_at from publishing_day pd1_0 where pd1_0.day=?
Hibernate: select pd1_0.publishing_day_id,pd1_0.created_at,pd1_0.day,pd1_0.updated_at from publishing_day pd1_0 where pd1_0.day=?
PublishingDay{publishingDayId=6, createdAt=2024-03-29T19:55:41.069514, updatedAt=2024-03-29T19:55:41.069514, day='SATURDAY'}
2024-03-29T20:01:54.322+09:00 DEBUG 26924 --- [    Test worker] org.hibernate.SQL                        : insert into webtoon (created_at,description,no_youth,publication_status,thumbnail,title,updated_at) values (?,?,?,?,?,?,?)
Hibernate: insert into webtoon (created_at,description,no_youth,publication_status,thumbnail,title,updated_at) values (?,?,?,?,?,?,?)
2024-03-29T20:01:54.331+09:00 DEBUG 26924 --- [    Test worker] org.hibernate.SQL                        : insert into webtoon_publishing_day (created_at,publishing_day_id,updated_at,webtoon_id) values (?,?,?,?)
Hibernate: insert into webtoon_publishing_day (created_at,publishing_day_id,updated_at,webtoon_id) values (?,?,?,?)
SATURDAY
2024-03-29T20:01:54.337+09:00 DEBUG 26924 --- [    Test worker] org.hibernate.SQL                        : select pd1_0.publishing_day_id,pd1_0.created_at,pd1_0.day,pd1_0.updated_at from publishing_day pd1_0 where pd1_0.day=?
Hibernate: select pd1_0.publishing_day_id,pd1_0.created_at,pd1_0.day,pd1_0.updated_at from publishing_day pd1_0 where pd1_0.day=?
PublishingDay{publishingDayId=6, createdAt=2024-03-29T19:55:41.069514, updatedAt=2024-03-29T19:55:41.069514, day='SATURDAY'}
2024-03-29T20:01:54.340+09:00 DEBUG 26924 --- [    Test worker] org.hibernate.SQL                        : insert into webtoon (created_at,description,no_youth,publication_status,thumbnail,title,updated_at) values (?,?,?,?,?,?,?)
Hibernate: insert into webtoon (created_at,description,no_youth,publication_status,thumbnail,title,updated_at) values (?,?,?,?,?,?,?)
2024-03-29T20:01:54.347+09:00 DEBUG 26924 --- [    Test worker] org.hibernate.SQL                        : insert into webtoon_publishing_day (created_at,publishing_day_id,updated_at,webtoon_id) values (?,?,?,?)
Hibernate: insert into webtoon_publishing_day (created_at,publishing_day_id,updated_at,webtoon_id) values (?,?,?,?)
SATURDAY
2024-03-29T20:01:54.353+09:00 DEBUG 26924 --- [    Test worker] org.hibernate.SQL                        : select pd1_0.publishing_day_id,pd1_0.created_at,pd1_0.day,pd1_0.updated_at from publishing_day pd1_0 where pd1_0.day=?
Hibernate: select pd1_0.publishing_day_id,pd1_0.created_at,pd1_0.day,pd1_0.updated_at from publishing_day pd1_0 where pd1_0.day=?
PublishingDay{publishingDayId=6, createdAt=2024-03-29T19:55:41.069514, updatedAt=2024-03-29T19:55:41.069514, day='SATURDAY'}
2024-03-29T20:01:54.355+09:00 DEBUG 26924 --- [    Test worker] org.hibernate.SQL                        : insert into webtoon (created_at,description,no_youth,publication_status,thumbnail,title,updated_at) values (?,?,?,?,?,?,?)
Hibernate: insert into webtoon (created_at,description,no_youth,publication_status,thumbnail,title,updated_at) values (?,?,?,?,?,?,?)
2024-03-29T20:01:54.363+09:00 DEBUG 26924 --- [    Test worker] org.hibernate.SQL                        : insert into webtoon_publishing_day (created_at,publishing_day_id,updated_at,webtoon_id) values (?,?,?,?)
Hibernate: insert into webtoon_publishing_day (created_at,publishing_day_id,updated_at,webtoon_id) values (?,?,?,?)
SATURDAY
2024-03-29T20:01:54.368+09:00 DEBUG 26924 --- [    Test worker] org.hibernate.SQL                        : select pd1_0.publishing_day_id,pd1_0.created_at,pd1_0.day,pd1_0.updated_at from publishing_day pd1_0 where pd1_0.day=?
Hibernate: select pd1_0.publishing_day_id,pd1_0.created_at,pd1_0.day,pd1_0.updated_at from publishing_day pd1_0 where pd1_0.day=?
PublishingDay{publishingDayId=6, createdAt=2024-03-29T19:55:41.069514, updatedAt=2024-03-29T19:55:41.069514, day='SATURDAY'}
2024-03-29T20:01:54.372+09:00 DEBUG 26924 --- [    Test worker] org.hibernate.SQL                        : insert into webtoon (created_at,description,no_youth,publication_status,thumbnail,title,updated_at) values (?,?,?,?,?,?,?)
Hibernate: insert into webtoon (created_at,description,no_youth,publication_status,thumbnail,title,updated_at) values (?,?,?,?,?,?,?)
2024-03-29T20:01:54.378+09:00 DEBUG 26924 --- [    Test worker] org.hibernate.SQL                        : insert into webtoon_publishing_day (created_at,publishing_day_id,updated_at,webtoon_id) values (?,?,?,?)
Hibernate: insert into webtoon_publishing_day (created_at,publishing_day_id,updated_at,webtoon_id) values (?,?,?,?)
SATURDAY
2024-03-29T20:01:54.385+09:00 DEBUG 26924 --- [    Test worker] org.hibernate.SQL                        : select pd1_0.publishing_day_id,pd1_0.created_at,pd1_0.day,pd1_0.updated_at from publishing_day pd1_0 where pd1_0.day=?
Hibernate: select pd1_0.publishing_day_id,pd1_0.created_at,pd1_0.day,pd1_0.updated_at from publishing_day pd1_0 where pd1_0.day=?
PublishingDay{publishingDayId=6, createdAt=2024-03-29T19:55:41.069514, updatedAt=2024-03-29T19:55:41.069514, day='SATURDAY'}
2024-03-29T20:01:54.387+09:00 DEBUG 26924 --- [    Test worker] org.hibernate.SQL                        : insert into webtoon (created_at,description,no_youth,publication_status,thumbnail,title,updated_at) values (?,?,?,?,?,?,?)
Hibernate: insert into webtoon (created_at,description,no_youth,publication_status,thumbnail,title,updated_at) values (?,?,?,?,?,?,?)
2024-03-29T20:01:54.394+09:00 DEBUG 26924 --- [    Test worker] org.hibernate.SQL                        : insert into webtoon_publishing_day (created_at,publishing_day_id,updated_at,webtoon_id) values (?,?,?,?)
Hibernate: insert into webtoon_publishing_day (created_at,publishing_day_id,updated_at,webtoon_id) values (?,?,?,?)
SATURDAY
2024-03-29T20:01:54.400+09:00 DEBUG 26924 --- [    Test worker] org.hibernate.SQL                        : select pd1_0.publishing_day_id,pd1_0.created_at,pd1_0.day,pd1_0.updated_at from publishing_day pd1_0 where pd1_0.day=?
Hibernate: select pd1_0.publishing_day_id,pd1_0.created_at,pd1_0.day,pd1_0.updated_at from publishing_day pd1_0 where pd1_0.day=?
PublishingDay{publishingDayId=6, createdAt=2024-03-29T19:55:41.069514, updatedAt=2024-03-29T19:55:41.069514, day='SATURDAY'}
2024-03-29T20:01:54.403+09:00 DEBUG 26924 --- [    Test worker] org.hibernate.SQL                        : insert into webtoon (created_at,description,no_youth,publication_status,thumbnail,title,updated_at) values (?,?,?,?,?,?,?)
Hibernate: insert into webtoon (created_at,description,no_youth,publication_status,thumbnail,title,updated_at) values (?,?,?,?,?,?,?)
2024-03-29T20:01:54.410+09:00 DEBUG 26924 --- [    Test worker] org.hibernate.SQL                        : insert into webtoon_publishing_day (created_at,publishing_day_id,updated_at,webtoon_id) values (?,?,?,?)
Hibernate: insert into webtoon_publishing_day (created_at,publishing_day_id,updated_at,webtoon_id) values (?,?,?,?)
SATURDAY
2024-03-29T20:01:54.416+09:00 DEBUG 26924 --- [    Test worker] org.hibernate.SQL                        : select pd1_0.publishing_day_id,pd1_0.created_at,pd1_0.day,pd1_0.updated_at from publishing_day pd1_0 where pd1_0.day=?
Hibernate: select pd1_0.publishing_day_id,pd1_0.created_at,pd1_0.day,pd1_0.updated_at from publishing_day pd1_0 where pd1_0.day=?
PublishingDay{publishingDayId=6, createdAt=2024-03-29T19:55:41.069514, updatedAt=2024-03-29T19:55:41.069514, day='SATURDAY'}
2024-03-29T20:01:54.417+09:00 DEBUG 26924 --- [    Test worker] org.hibernate.SQL                        : insert into webtoon (created_at,description,no_youth,publication_status,thumbnail,title,updated_at) values (?,?,?,?,?,?,?)
Hibernate: insert into webtoon (created_at,description,no_youth,publication_status,thumbnail,title,updated_at) values (?,?,?,?,?,?,?)
2024-03-29T20:01:54.422+09:00 DEBUG 26924 --- [    Test worker] org.hibernate.SQL                        : insert into webtoon_publishing_day (created_at,publishing_day_id,updated_at,webtoon_id) values (?,?,?,?)
Hibernate: insert into webtoon_publishing_day (created_at,publishing_day_id,updated_at,webtoon_id) values (?,?,?,?)
SATURDAY
2024-03-29T20:01:54.428+09:00 DEBUG 26924 --- [    Test worker] org.hibernate.SQL                        : select pd1_0.publishing_day_id,pd1_0.created_at,pd1_0.day,pd1_0.updated_at from publishing_day pd1_0 where pd1_0.day=?
Hibernate: select pd1_0.publishing_day_id,pd1_0.created_at,pd1_0.day,pd1_0.updated_at from publishing_day pd1_0 where pd1_0.day=?
PublishingDay{publishingDayId=6, createdAt=2024-03-29T19:55:41.069514, updatedAt=2024-03-29T19:55:41.069514, day='SATURDAY'}
2024-03-29T20:01:54.430+09:00 DEBUG 26924 --- [    Test worker] org.hibernate.SQL                        : insert into webtoon (created_at,description,no_youth,publication_status,thumbnail,title,updated_at) values (?,?,?,?,?,?,?)
Hibernate: insert into webtoon (created_at,description,no_youth,publication_status,thumbnail,title,updated_at) values (?,?,?,?,?,?,?)
2024-03-29T20:01:54.434+09:00 DEBUG 26924 --- [    Test worker] org.hibernate.SQL                        : insert into webtoon_publishing_day (created_at,publishing_day_id,updated_at,webtoon_id) values (?,?,?,?)
Hibernate: insert into webtoon_publishing_day (created_at,publishing_day_id,updated_at,webtoon_id) values (?,?,?,?)
SATURDAY
2024-03-29T20:01:54.438+09:00 DEBUG 26924 --- [    Test worker] org.hibernate.SQL                        : select pd1_0.publishing_day_id,pd1_0.created_at,pd1_0.day,pd1_0.updated_at from publishing_day pd1_0 where pd1_0.day=?
Hibernate: select pd1_0.publishing_day_id,pd1_0.created_at,pd1_0.day,pd1_0.updated_at from publishing_day pd1_0 where pd1_0.day=?
PublishingDay{publishingDayId=6, createdAt=2024-03-29T19:55:41.069514, updatedAt=2024-03-29T19:55:41.069514, day='SATURDAY'}
2024-03-29T20:01:54.440+09:00 DEBUG 26924 --- [    Test worker] org.hibernate.SQL                        : insert into webtoon (created_at,description,no_youth,publication_status,thumbnail,title,updated_at) values (?,?,?,?,?,?,?)
Hibernate: insert into webtoon (created_at,description,no_youth,publication_status,thumbnail,title,updated_at) values (?,?,?,?,?,?,?)
2024-03-29T20:01:54.445+09:00 DEBUG 26924 --- [    Test worker] org.hibernate.SQL                        : insert into webtoon_publishing_day (created_at,publishing_day_id,updated_at,webtoon_id) values (?,?,?,?)
Hibernate: insert into webtoon_publishing_day (created_at,publishing_day_id,updated_at,webtoon_id) values (?,?,?,?)
SATURDAY
2024-03-29T20:01:54.449+09:00 DEBUG 26924 --- [    Test worker] org.hibernate.SQL                        : select pd1_0.publishing_day_id,pd1_0.created_at,pd1_0.day,pd1_0.updated_at from publishing_day pd1_0 where pd1_0.day=?
Hibernate: select pd1_0.publishing_day_id,pd1_0.created_at,pd1_0.day,pd1_0.updated_at from publishing_day pd1_0 where pd1_0.day=?
PublishingDay{publishingDayId=6, createdAt=2024-03-29T19:55:41.069514, updatedAt=2024-03-29T19:55:41.069514, day='SATURDAY'}
2024-03-29T20:01:54.451+09:00 DEBUG 26924 --- [    Test worker] org.hibernate.SQL                        : insert into webtoon (created_at,description,no_youth,publication_status,thumbnail,title,updated_at) values (?,?,?,?,?,?,?)
Hibernate: insert into webtoon (created_at,description,no_youth,publication_status,thumbnail,title,updated_at) values (?,?,?,?,?,?,?)
2024-03-29T20:01:54.454+09:00 DEBUG 26924 --- [    Test worker] org.hibernate.SQL                        : insert into webtoon_publishing_day (created_at,publishing_day_id,updated_at,webtoon_id) values (?,?,?,?)
Hibernate: insert into webtoon_publishing_day (created_at,publishing_day_id,updated_at,webtoon_id) values (?,?,?,?)
SATURDAY
2024-03-29T20:01:54.458+09:00 DEBUG 26924 --- [    Test worker] org.hibernate.SQL                        : select pd1_0.publishing_day_id,pd1_0.created_at,pd1_0.day,pd1_0.updated_at from publishing_day pd1_0 where pd1_0.day=?
Hibernate: select pd1_0.publishing_day_id,pd1_0.created_at,pd1_0.day,pd1_0.updated_at from publishing_day pd1_0 where pd1_0.day=?
PublishingDay{publishingDayId=6, createdAt=2024-03-29T19:55:41.069514, updatedAt=2024-03-29T19:55:41.069514, day='SATURDAY'}
2024-03-29T20:01:54.461+09:00 DEBUG 26924 --- [    Test worker] org.hibernate.SQL                        : insert into webtoon (created_at,description,no_youth,publication_status,thumbnail,title,updated_at) values (?,?,?,?,?,?,?)
Hibernate: insert into webtoon (created_at,description,no_youth,publication_status,thumbnail,title,updated_at) values (?,?,?,?,?,?,?)
2024-03-29T20:01:54.465+09:00 DEBUG 26924 --- [    Test worker] org.hibernate.SQL                        : insert into webtoon_publishing_day (created_at,publishing_day_id,updated_at,webtoon_id) values (?,?,?,?)
Hibernate: insert into webtoon_publishing_day (created_at,publishing_day_id,updated_at,webtoon_id) values (?,?,?,?)
SATURDAY
2024-03-29T20:01:54.470+09:00 DEBUG 26924 --- [    Test worker] org.hibernate.SQL                        : select pd1_0.publishing_day_id,pd1_0.created_at,pd1_0.day,pd1_0.updated_at from publishing_day pd1_0 where pd1_0.day=?
Hibernate: select pd1_0.publishing_day_id,pd1_0.created_at,pd1_0.day,pd1_0.updated_at from publishing_day pd1_0 where pd1_0.day=?
PublishingDay{publishingDayId=6, createdAt=2024-03-29T19:55:41.069514, updatedAt=2024-03-29T19:55:41.069514, day='SATURDAY'}
2024-03-29T20:01:54.472+09:00 DEBUG 26924 --- [    Test worker] org.hibernate.SQL                        : insert into webtoon (created_at,description,no_youth,publication_status,thumbnail,title,updated_at) values (?,?,?,?,?,?,?)
Hibernate: insert into webtoon (created_at,description,no_youth,publication_status,thumbnail,title,updated_at) values (?,?,?,?,?,?,?)
2024-03-29T20:01:54.476+09:00 DEBUG 26924 --- [    Test worker] org.hibernate.SQL                        : insert into webtoon_publishing_day (created_at,publishing_day_id,updated_at,webtoon_id) values (?,?,?,?)
Hibernate: insert into webtoon_publishing_day (created_at,publishing_day_id,updated_at,webtoon_id) values (?,?,?,?)
SATURDAY
2024-03-29T20:01:54.480+09:00 DEBUG 26924 --- [    Test worker] org.hibernate.SQL                        : select pd1_0.publishing_day_id,pd1_0.created_at,pd1_0.day,pd1_0.updated_at from publishing_day pd1_0 where pd1_0.day=?
Hibernate: select pd1_0.publishing_day_id,pd1_0.created_at,pd1_0.day,pd1_0.updated_at from publishing_day pd1_0 where pd1_0.day=?
PublishingDay{publishingDayId=6, createdAt=2024-03-29T19:55:41.069514, updatedAt=2024-03-29T19:55:41.069514, day='SATURDAY'}
2024-03-29T20:01:54.483+09:00 DEBUG 26924 --- [    Test worker] org.hibernate.SQL                        : insert into webtoon (created_at,description,no_youth,publication_status,thumbnail,title,updated_at) values (?,?,?,?,?,?,?)
Hibernate: insert into webtoon (created_at,description,no_youth,publication_status,thumbnail,title,updated_at) values (?,?,?,?,?,?,?)
2024-03-29T20:01:54.486+09:00 DEBUG 26924 --- [    Test worker] org.hibernate.SQL                        : insert into webtoon_publishing_day (created_at,publishing_day_id,updated_at,webtoon_id) values (?,?,?,?)
Hibernate: insert into webtoon_publishing_day (created_at,publishing_day_id,updated_at,webtoon_id) values (?,?,?,?)
SATURDAY
2024-03-29T20:01:54.491+09:00 DEBUG 26924 --- [    Test worker] org.hibernate.SQL                        : select pd1_0.publishing_day_id,pd1_0.created_at,pd1_0.day,pd1_0.updated_at from publishing_day pd1_0 where pd1_0.day=?
Hibernate: select pd1_0.publishing_day_id,pd1_0.created_at,pd1_0.day,pd1_0.updated_at from publishing_day pd1_0 where pd1_0.day=?
PublishingDay{publishingDayId=6, createdAt=2024-03-29T19:55:41.069514, updatedAt=2024-03-29T19:55:41.069514, day='SATURDAY'}
2024-03-29T20:01:54.494+09:00 DEBUG 26924 --- [    Test worker] org.hibernate.SQL                        : insert into webtoon (created_at,description,no_youth,publication_status,thumbnail,title,updated_at) values (?,?,?,?,?,?,?)
Hibernate: insert into webtoon (created_at,description,no_youth,publication_status,thumbnail,title,updated_at) values (?,?,?,?,?,?,?)
2024-03-29T20:01:54.499+09:00 DEBUG 26924 --- [    Test worker] org.hibernate.SQL                        : insert into webtoon_publishing_day (created_at,publishing_day_id,updated_at,webtoon_id) values (?,?,?,?)
Hibernate: insert into webtoon_publishing_day (created_at,publishing_day_id,updated_at,webtoon_id) values (?,?,?,?)
SATURDAY
2024-03-29T20:01:54.505+09:00 DEBUG 26924 --- [    Test worker] org.hibernate.SQL                        : select pd1_0.publishing_day_id,pd1_0.created_at,pd1_0.day,pd1_0.updated_at from publishing_day pd1_0 where pd1_0.day=?
Hibernate: select pd1_0.publishing_day_id,pd1_0.created_at,pd1_0.day,pd1_0.updated_at from publishing_day pd1_0 where pd1_0.day=?
PublishingDay{publishingDayId=6, createdAt=2024-03-29T19:55:41.069514, updatedAt=2024-03-29T19:55:41.069514, day='SATURDAY'}
2024-03-29T20:01:54.508+09:00 DEBUG 26924 --- [    Test worker] org.hibernate.SQL                        : insert into webtoon (created_at,description,no_youth,publication_status,thumbnail,title,updated_at) values (?,?,?,?,?,?,?)
Hibernate: insert into webtoon (created_at,description,no_youth,publication_status,thumbnail,title,updated_at) values (?,?,?,?,?,?,?)
2024-03-29T20:01:54.514+09:00 DEBUG 26924 --- [    Test worker] org.hibernate.SQL                        : insert into webtoon_publishing_day (created_at,publishing_day_id,updated_at,webtoon_id) values (?,?,?,?)
Hibernate: insert into webtoon_publishing_day (created_at,publishing_day_id,updated_at,webtoon_id) values (?,?,?,?)
SATURDAY
2024-03-29T20:01:54.522+09:00 DEBUG 26924 --- [    Test worker] org.hibernate.SQL                        : select pd1_0.publishing_day_id,pd1_0.created_at,pd1_0.day,pd1_0.updated_at from publishing_day pd1_0 where pd1_0.day=?
Hibernate: select pd1_0.publishing_day_id,pd1_0.created_at,pd1_0.day,pd1_0.updated_at from publishing_day pd1_0 where pd1_0.day=?
PublishingDay{publishingDayId=6, createdAt=2024-03-29T19:55:41.069514, updatedAt=2024-03-29T19:55:41.069514, day='SATURDAY'}
2024-03-29T20:01:54.525+09:00 DEBUG 26924 --- [    Test worker] org.hibernate.SQL                        : insert into webtoon (created_at,description,no_youth,publication_status,thumbnail,title,updated_at) values (?,?,?,?,?,?,?)
Hibernate: insert into webtoon (created_at,description,no_youth,publication_status,thumbnail,title,updated_at) values (?,?,?,?,?,?,?)
2024-03-29T20:01:54.533+09:00 DEBUG 26924 --- [    Test worker] org.hibernate.SQL                        : insert into webtoon_publishing_day (created_at,publishing_day_id,updated_at,webtoon_id) values (?,?,?,?)
Hibernate: insert into webtoon_publishing_day (created_at,publishing_day_id,updated_at,webtoon_id) values (?,?,?,?)
SATURDAY
2024-03-29T20:01:54.538+09:00 DEBUG 26924 --- [    Test worker] org.hibernate.SQL                        : select pd1_0.publishing_day_id,pd1_0.created_at,pd1_0.day,pd1_0.updated_at from publishing_day pd1_0 where pd1_0.day=?
Hibernate: select pd1_0.publishing_day_id,pd1_0.created_at,pd1_0.day,pd1_0.updated_at from publishing_day pd1_0 where pd1_0.day=?
PublishingDay{publishingDayId=6, createdAt=2024-03-29T19:55:41.069514, updatedAt=2024-03-29T19:55:41.069514, day='SATURDAY'}
2024-03-29T20:01:54.542+09:00 DEBUG 26924 --- [    Test worker] org.hibernate.SQL                        : insert into webtoon (created_at,description,no_youth,publication_status,thumbnail,title,updated_at) values (?,?,?,?,?,?,?)
Hibernate: insert into webtoon (created_at,description,no_youth,publication_status,thumbnail,title,updated_at) values (?,?,?,?,?,?,?)
2024-03-29T20:01:54.548+09:00 DEBUG 26924 --- [    Test worker] org.hibernate.SQL                        : insert into webtoon_publishing_day (created_at,publishing_day_id,updated_at,webtoon_id) values (?,?,?,?)
Hibernate: insert into webtoon_publishing_day (created_at,publishing_day_id,updated_at,webtoon_id) values (?,?,?,?)
SATURDAY
2024-03-29T20:01:54.554+09:00 DEBUG 26924 --- [    Test worker] org.hibernate.SQL                        : select pd1_0.publishing_day_id,pd1_0.created_at,pd1_0.day,pd1_0.updated_at from publishing_day pd1_0 where pd1_0.day=?
Hibernate: select pd1_0.publishing_day_id,pd1_0.created_at,pd1_0.day,pd1_0.updated_at from publishing_day pd1_0 where pd1_0.day=?
PublishingDay{publishingDayId=6, createdAt=2024-03-29T19:55:41.069514, updatedAt=2024-03-29T19:55:41.069514, day='SATURDAY'}
2024-03-29T20:01:54.557+09:00 DEBUG 26924 --- [    Test worker] org.hibernate.SQL                        : insert into webtoon (created_at,description,no_youth,publication_status,thumbnail,title,updated_at) values (?,?,?,?,?,?,?)
Hibernate: insert into webtoon (created_at,description,no_youth,publication_status,thumbnail,title,updated_at) values (?,?,?,?,?,?,?)
2024-03-29T20:01:54.563+09:00 DEBUG 26924 --- [    Test worker] org.hibernate.SQL                        : insert into webtoon_publishing_day (created_at,publishing_day_id,updated_at,webtoon_id) values (?,?,?,?)
Hibernate: insert into webtoon_publishing_day (created_at,publishing_day_id,updated_at,webtoon_id) values (?,?,?,?)
SATURDAY
2024-03-29T20:01:54.569+09:00 DEBUG 26924 --- [    Test worker] org.hibernate.SQL                        : select pd1_0.publishing_day_id,pd1_0.created_at,pd1_0.day,pd1_0.updated_at from publishing_day pd1_0 where pd1_0.day=?
Hibernate: select pd1_0.publishing_day_id,pd1_0.created_at,pd1_0.day,pd1_0.updated_at from publishing_day pd1_0 where pd1_0.day=?
PublishingDay{publishingDayId=6, createdAt=2024-03-29T19:55:41.069514, updatedAt=2024-03-29T19:55:41.069514, day='SATURDAY'}
2024-03-29T20:01:54.573+09:00 DEBUG 26924 --- [    Test worker] org.hibernate.SQL                        : insert into webtoon (created_at,description,no_youth,publication_status,thumbnail,title,updated_at) values (?,?,?,?,?,?,?)
Hibernate: insert into webtoon (created_at,description,no_youth,publication_status,thumbnail,title,updated_at) values (?,?,?,?,?,?,?)
2024-03-29T20:01:54.583+09:00 DEBUG 26924 --- [    Test worker] org.hibernate.SQL                        : insert into webtoon_publishing_day (created_at,publishing_day_id,updated_at,webtoon_id) values (?,?,?,?)
Hibernate: insert into webtoon_publishing_day (created_at,publishing_day_id,updated_at,webtoon_id) values (?,?,?,?)
SATURDAY
2024-03-29T20:01:54.590+09:00 DEBUG 26924 --- [    Test worker] org.hibernate.SQL                        : select pd1_0.publishing_day_id,pd1_0.created_at,pd1_0.day,pd1_0.updated_at from publishing_day pd1_0 where pd1_0.day=?
Hibernate: select pd1_0.publishing_day_id,pd1_0.created_at,pd1_0.day,pd1_0.updated_at from publishing_day pd1_0 where pd1_0.day=?
PublishingDay{publishingDayId=6, createdAt=2024-03-29T19:55:41.069514, updatedAt=2024-03-29T19:55:41.069514, day='SATURDAY'}
2024-03-29T20:01:54.595+09:00 DEBUG 26924 --- [    Test worker] org.hibernate.SQL                        : insert into webtoon (created_at,description,no_youth,publication_status,thumbnail,title,updated_at) values (?,?,?,?,?,?,?)
Hibernate: insert into webtoon (created_at,description,no_youth,publication_status,thumbnail,title,updated_at) values (?,?,?,?,?,?,?)
2024-03-29T20:01:54.600+09:00 DEBUG 26924 --- [    Test worker] org.hibernate.SQL                        : insert into webtoon_publishing_day (created_at,publishing_day_id,updated_at,webtoon_id) values (?,?,?,?)
Hibernate: insert into webtoon_publishing_day (created_at,publishing_day_id,updated_at,webtoon_id) values (?,?,?,?)
SATURDAY
2024-03-29T20:01:54.604+09:00 DEBUG 26924 --- [    Test worker] org.hibernate.SQL                        : select pd1_0.publishing_day_id,pd1_0.created_at,pd1_0.day,pd1_0.updated_at from publishing_day pd1_0 where pd1_0.day=?
Hibernate: select pd1_0.publishing_day_id,pd1_0.created_at,pd1_0.day,pd1_0.updated_at from publishing_day pd1_0 where pd1_0.day=?
PublishingDay{publishingDayId=6, createdAt=2024-03-29T19:55:41.069514, updatedAt=2024-03-29T19:55:41.069514, day='SATURDAY'}
2024-03-29T20:01:54.607+09:00 DEBUG 26924 --- [    Test worker] org.hibernate.SQL                        : insert into webtoon (created_at,description,no_youth,publication_status,thumbnail,title,updated_at) values (?,?,?,?,?,?,?)
Hibernate: insert into webtoon (created_at,description,no_youth,publication_status,thumbnail,title,updated_at) values (?,?,?,?,?,?,?)
2024-03-29T20:01:54.612+09:00 DEBUG 26924 --- [    Test worker] org.hibernate.SQL                        : insert into webtoon_publishing_day (created_at,publishing_day_id,updated_at,webtoon_id) values (?,?,?,?)
Hibernate: insert into webtoon_publishing_day (created_at,publishing_day_id,updated_at,webtoon_id) values (?,?,?,?)
SATURDAY
2024-03-29T20:01:54.617+09:00 DEBUG 26924 --- [    Test worker] org.hibernate.SQL                        : select pd1_0.publishing_day_id,pd1_0.created_at,pd1_0.day,pd1_0.updated_at from publishing_day pd1_0 where pd1_0.day=?
Hibernate: select pd1_0.publishing_day_id,pd1_0.created_at,pd1_0.day,pd1_0.updated_at from publishing_day pd1_0 where pd1_0.day=?
PublishingDay{publishingDayId=6, createdAt=2024-03-29T19:55:41.069514, updatedAt=2024-03-29T19:55:41.069514, day='SATURDAY'}
2024-03-29T20:01:54.620+09:00 DEBUG 26924 --- [    Test worker] org.hibernate.SQL                        : insert into webtoon (created_at,description,no_youth,publication_status,thumbnail,title,updated_at) values (?,?,?,?,?,?,?)
Hibernate: insert into webtoon (created_at,description,no_youth,publication_status,thumbnail,title,updated_at) values (?,?,?,?,?,?,?)
2024-03-29T20:01:54.624+09:00 DEBUG 26924 --- [    Test worker] org.hibernate.SQL                        : insert into webtoon_publishing_day (created_at,publishing_day_id,updated_at,webtoon_id) values (?,?,?,?)
Hibernate: insert into webtoon_publishing_day (created_at,publishing_day_id,updated_at,webtoon_id) values (?,?,?,?)
SATURDAY
2024-03-29T20:01:54.629+09:00 DEBUG 26924 --- [    Test worker] org.hibernate.SQL                        : select pd1_0.publishing_day_id,pd1_0.created_at,pd1_0.day,pd1_0.updated_at from publishing_day pd1_0 where pd1_0.day=?
Hibernate: select pd1_0.publishing_day_id,pd1_0.created_at,pd1_0.day,pd1_0.updated_at from publishing_day pd1_0 where pd1_0.day=?
PublishingDay{publishingDayId=6, createdAt=2024-03-29T19:55:41.069514, updatedAt=2024-03-29T19:55:41.069514, day='SATURDAY'}
2024-03-29T20:01:54.631+09:00 DEBUG 26924 --- [    Test worker] org.hibernate.SQL                        : insert into webtoon (created_at,description,no_youth,publication_status,thumbnail,title,updated_at) values (?,?,?,?,?,?,?)
Hibernate: insert into webtoon (created_at,description,no_youth,publication_status,thumbnail,title,updated_at) values (?,?,?,?,?,?,?)
2024-03-29T20:01:54.636+09:00 DEBUG 26924 --- [    Test worker] org.hibernate.SQL                        : insert into webtoon_publishing_day (created_at,publishing_day_id,updated_at,webtoon_id) values (?,?,?,?)
Hibernate: insert into webtoon_publishing_day (created_at,publishing_day_id,updated_at,webtoon_id) values (?,?,?,?)
SATURDAY
2024-03-29T20:01:54.640+09:00 DEBUG 26924 --- [    Test worker] org.hibernate.SQL                        : select pd1_0.publishing_day_id,pd1_0.created_at,pd1_0.day,pd1_0.updated_at from publishing_day pd1_0 where pd1_0.day=?
Hibernate: select pd1_0.publishing_day_id,pd1_0.created_at,pd1_0.day,pd1_0.updated_at from publishing_day pd1_0 where pd1_0.day=?
PublishingDay{publishingDayId=6, createdAt=2024-03-29T19:55:41.069514, updatedAt=2024-03-29T19:55:41.069514, day='SATURDAY'}
2024-03-29T20:01:54.642+09:00 DEBUG 26924 --- [    Test worker] org.hibernate.SQL                        : insert into webtoon (created_at,description,no_youth,publication_status,thumbnail,title,updated_at) values (?,?,?,?,?,?,?)
Hibernate: insert into webtoon (created_at,description,no_youth,publication_status,thumbnail,title,updated_at) values (?,?,?,?,?,?,?)
2024-03-29T20:01:54.648+09:00 DEBUG 26924 --- [    Test worker] org.hibernate.SQL                        : insert into webtoon_publishing_day (created_at,publishing_day_id,updated_at,webtoon_id) values (?,?,?,?)
Hibernate: insert into webtoon_publishing_day (created_at,publishing_day_id,updated_at,webtoon_id) values (?,?,?,?)
SATURDAY
2024-03-29T20:01:54.652+09:00 DEBUG 26924 --- [    Test worker] org.hibernate.SQL                        : select pd1_0.publishing_day_id,pd1_0.created_at,pd1_0.day,pd1_0.updated_at from publishing_day pd1_0 where pd1_0.day=?
Hibernate: select pd1_0.publishing_day_id,pd1_0.created_at,pd1_0.day,pd1_0.updated_at from publishing_day pd1_0 where pd1_0.day=?
PublishingDay{publishingDayId=6, createdAt=2024-03-29T19:55:41.069514, updatedAt=2024-03-29T19:55:41.069514, day='SATURDAY'}
2024-03-29T20:01:54.654+09:00 DEBUG 26924 --- [    Test worker] org.hibernate.SQL                        : insert into webtoon (created_at,description,no_youth,publication_status,thumbnail,title,updated_at) values (?,?,?,?,?,?,?)
Hibernate: insert into webtoon (created_at,description,no_youth,publication_status,thumbnail,title,updated_at) values (?,?,?,?,?,?,?)
2024-03-29T20:01:54.658+09:00 DEBUG 26924 --- [    Test worker] org.hibernate.SQL                        : insert into webtoon_publishing_day (created_at,publishing_day_id,updated_at,webtoon_id) values (?,?,?,?)
Hibernate: insert into webtoon_publishing_day (created_at,publishing_day_id,updated_at,webtoon_id) values (?,?,?,?)
SATURDAY
2024-03-29T20:01:54.663+09:00 DEBUG 26924 --- [    Test worker] org.hibernate.SQL                        : select pd1_0.publishing_day_id,pd1_0.created_at,pd1_0.day,pd1_0.updated_at from publishing_day pd1_0 where pd1_0.day=?
Hibernate: select pd1_0.publishing_day_id,pd1_0.created_at,pd1_0.day,pd1_0.updated_at from publishing_day pd1_0 where pd1_0.day=?
PublishingDay{publishingDayId=6, createdAt=2024-03-29T19:55:41.069514, updatedAt=2024-03-29T19:55:41.069514, day='SATURDAY'}
2024-03-29T20:01:54.666+09:00 DEBUG 26924 --- [    Test worker] org.hibernate.SQL                        : insert into webtoon (created_at,description,no_youth,publication_status,thumbnail,title,updated_at) values (?,?,?,?,?,?,?)
Hibernate: insert into webtoon (created_at,description,no_youth,publication_status,thumbnail,title,updated_at) values (?,?,?,?,?,?,?)
2024-03-29T20:01:54.670+09:00 DEBUG 26924 --- [    Test worker] org.hibernate.SQL                        : insert into webtoon_publishing_day (created_at,publishing_day_id,updated_at,webtoon_id) values (?,?,?,?)
Hibernate: insert into webtoon_publishing_day (created_at,publishing_day_id,updated_at,webtoon_id) values (?,?,?,?)
SATURDAY
2024-03-29T20:01:54.675+09:00 DEBUG 26924 --- [    Test worker] org.hibernate.SQL                        : select pd1_0.publishing_day_id,pd1_0.created_at,pd1_0.day,pd1_0.updated_at from publishing_day pd1_0 where pd1_0.day=?
Hibernate: select pd1_0.publishing_day_id,pd1_0.created_at,pd1_0.day,pd1_0.updated_at from publishing_day pd1_0 where pd1_0.day=?
PublishingDay{publishingDayId=6, createdAt=2024-03-29T19:55:41.069514, updatedAt=2024-03-29T19:55:41.069514, day='SATURDAY'}
2024-03-29T20:01:54.678+09:00 DEBUG 26924 --- [    Test worker] org.hibernate.SQL                        : insert into webtoon (created_at,description,no_youth,publication_status,thumbnail,title,updated_at) values (?,?,?,?,?,?,?)
Hibernate: insert into webtoon (created_at,description,no_youth,publication_status,thumbnail,title,updated_at) values (?,?,?,?,?,?,?)
2024-03-29T20:01:54.683+09:00 DEBUG 26924 --- [    Test worker] org.hibernate.SQL                        : insert into webtoon_publishing_day (created_at,publishing_day_id,updated_at,webtoon_id) values (?,?,?,?)
Hibernate: insert into webtoon_publishing_day (created_at,publishing_day_id,updated_at,webtoon_id) values (?,?,?,?)
SATURDAY
2024-03-29T20:01:54.689+09:00 DEBUG 26924 --- [    Test worker] org.hibernate.SQL                        : select pd1_0.publishing_day_id,pd1_0.created_at,pd1_0.day,pd1_0.updated_at from publishing_day pd1_0 where pd1_0.day=?
Hibernate: select pd1_0.publishing_day_id,pd1_0.created_at,pd1_0.day,pd1_0.updated_at from publishing_day pd1_0 where pd1_0.day=?
PublishingDay{publishingDayId=6, createdAt=2024-03-29T19:55:41.069514, updatedAt=2024-03-29T19:55:41.069514, day='SATURDAY'}
2024-03-29T20:01:54.693+09:00 DEBUG 26924 --- [    Test worker] org.hibernate.SQL                        : insert into webtoon (created_at,description,no_youth,publication_status,thumbnail,title,updated_at) values (?,?,?,?,?,?,?)
Hibernate: insert into webtoon (created_at,description,no_youth,publication_status,thumbnail,title,updated_at) values (?,?,?,?,?,?,?)
2024-03-29T20:01:54.700+09:00 DEBUG 26924 --- [    Test worker] org.hibernate.SQL                        : insert into webtoon_publishing_day (created_at,publishing_day_id,updated_at,webtoon_id) values (?,?,?,?)
Hibernate: insert into webtoon_publishing_day (created_at,publishing_day_id,updated_at,webtoon_id) values (?,?,?,?)
WEDNESDAY
2024-03-29T20:01:54.707+09:00 DEBUG 26924 --- [    Test worker] org.hibernate.SQL                        : select pd1_0.publishing_day_id,pd1_0.created_at,pd1_0.day,pd1_0.updated_at from publishing_day pd1_0 where pd1_0.day=?
Hibernate: select pd1_0.publishing_day_id,pd1_0.created_at,pd1_0.day,pd1_0.updated_at from publishing_day pd1_0 where pd1_0.day=?
PublishingDay{publishingDayId=3, createdAt=2024-03-29T19:55:41.069514, updatedAt=2024-03-29T19:55:41.069514, day='WEDNESDAY'}
2024-03-29T20:01:54.713+09:00 DEBUG 26924 --- [    Test worker] org.hibernate.SQL                        : insert into webtoon (created_at,description,no_youth,publication_status,thumbnail,title,updated_at) values (?,?,?,?,?,?,?)
Hibernate: insert into webtoon (created_at,description,no_youth,publication_status,thumbnail,title,updated_at) values (?,?,?,?,?,?,?)
2024-03-29T20:01:54.720+09:00 DEBUG 26924 --- [    Test worker] org.hibernate.SQL                        : insert into webtoon_publishing_day (created_at,publishing_day_id,updated_at,webtoon_id) values (?,?,?,?)
Hibernate: insert into webtoon_publishing_day (created_at,publishing_day_id,updated_at,webtoon_id) values (?,?,?,?)
WEDNESDAY
2024-03-29T20:01:54.729+09:00 DEBUG 26924 --- [    Test worker] org.hibernate.SQL                        : select pd1_0.publishing_day_id,pd1_0.created_at,pd1_0.day,pd1_0.updated_at from publishing_day pd1_0 where pd1_0.day=?
Hibernate: select pd1_0.publishing_day_id,pd1_0.created_at,pd1_0.day,pd1_0.updated_at from publishing_day pd1_0 where pd1_0.day=?
PublishingDay{publishingDayId=3, createdAt=2024-03-29T19:55:41.069514, updatedAt=2024-03-29T19:55:41.069514, day='WEDNESDAY'}
2024-03-29T20:01:54.732+09:00 DEBUG 26924 --- [    Test worker] org.hibernate.SQL                        : insert into webtoon (created_at,description,no_youth,publication_status,thumbnail,title,updated_at) values (?,?,?,?,?,?,?)
Hibernate: insert into webtoon (created_at,description,no_youth,publication_status,thumbnail,title,updated_at) values (?,?,?,?,?,?,?)
2024-03-29T20:01:54.738+09:00 DEBUG 26924 --- [    Test worker] org.hibernate.SQL                        : insert into webtoon_publishing_day (created_at,publishing_day_id,updated_at,webtoon_id) values (?,?,?,?)
Hibernate: insert into webtoon_publishing_day (created_at,publishing_day_id,updated_at,webtoon_id) values (?,?,?,?)
WEDNESDAY
2024-03-29T20:01:54.746+09:00 DEBUG 26924 --- [    Test worker] org.hibernate.SQL                        : select pd1_0.publishing_day_id,pd1_0.created_at,pd1_0.day,pd1_0.updated_at from publishing_day pd1_0 where pd1_0.day=?
Hibernate: select pd1_0.publishing_day_id,pd1_0.created_at,pd1_0.day,pd1_0.updated_at from publishing_day pd1_0 where pd1_0.day=?
PublishingDay{publishingDayId=3, createdAt=2024-03-29T19:55:41.069514, updatedAt=2024-03-29T19:55:41.069514, day='WEDNESDAY'}
2024-03-29T20:01:54.748+09:00 DEBUG 26924 --- [    Test worker] org.hibernate.SQL                        : insert into webtoon (created_at,description,no_youth,publication_status,thumbnail,title,updated_at) values (?,?,?,?,?,?,?)
Hibernate: insert into webtoon (created_at,description,no_youth,publication_status,thumbnail,title,updated_at) values (?,?,?,?,?,?,?)
2024-03-29T20:01:54.756+09:00 DEBUG 26924 --- [    Test worker] org.hibernate.SQL                        : insert into webtoon_publishing_day (created_at,publishing_day_id,updated_at,webtoon_id) values (?,?,?,?)
Hibernate: insert into webtoon_publishing_day (created_at,publishing_day_id,updated_at,webtoon_id) values (?,?,?,?)
WEDNESDAY
2024-03-29T20:01:54.764+09:00 DEBUG 26924 --- [    Test worker] org.hibernate.SQL                        : select pd1_0.publishing_day_id,pd1_0.created_at,pd1_0.day,pd1_0.updated_at from publishing_day pd1_0 where pd1_0.day=?
Hibernate: select pd1_0.publishing_day_id,pd1_0.created_at,pd1_0.day,pd1_0.updated_at from publishing_day pd1_0 where pd1_0.day=?
PublishingDay{publishingDayId=3, createdAt=2024-03-29T19:55:41.069514, updatedAt=2024-03-29T19:55:41.069514, day='WEDNESDAY'}
2024-03-29T20:01:54.767+09:00 DEBUG 26924 --- [    Test worker] org.hibernate.SQL                        : insert into webtoon (created_at,description,no_youth,publication_status,thumbnail,title,updated_at) values (?,?,?,?,?,?,?)
Hibernate: insert into webtoon (created_at,description,no_youth,publication_status,thumbnail,title,updated_at) values (?,?,?,?,?,?,?)
2024-03-29T20:01:54.774+09:00 DEBUG 26924 --- [    Test worker] org.hibernate.SQL                        : insert into webtoon_publishing_day (created_at,publishing_day_id,updated_at,webtoon_id) values (?,?,?,?)
Hibernate: insert into webtoon_publishing_day (created_at,publishing_day_id,updated_at,webtoon_id) values (?,?,?,?)
WEDNESDAY
2024-03-29T20:01:54.785+09:00 DEBUG 26924 --- [    Test worker] org.hibernate.SQL                        : select pd1_0.publishing_day_id,pd1_0.created_at,pd1_0.day,pd1_0.updated_at from publishing_day pd1_0 where pd1_0.day=?
Hibernate: select pd1_0.publishing_day_id,pd1_0.created_at,pd1_0.day,pd1_0.updated_at from publishing_day pd1_0 where pd1_0.day=?
PublishingDay{publishingDayId=3, createdAt=2024-03-29T19:55:41.069514, updatedAt=2024-03-29T19:55:41.069514, day='WEDNESDAY'}
2024-03-29T20:01:54.788+09:00 DEBUG 26924 --- [    Test worker] org.hibernate.SQL                        : insert into webtoon (created_at,description,no_youth,publication_status,thumbnail,title,updated_at) values (?,?,?,?,?,?,?)
Hibernate: insert into webtoon (created_at,description,no_youth,publication_status,thumbnail,title,updated_at) values (?,?,?,?,?,?,?)
2024-03-29T20:01:54.796+09:00 DEBUG 26924 --- [    Test worker] org.hibernate.SQL                        : insert into webtoon_publishing_day (created_at,publishing_day_id,updated_at,webtoon_id) values (?,?,?,?)
Hibernate: insert into webtoon_publishing_day (created_at,publishing_day_id,updated_at,webtoon_id) values (?,?,?,?)
WEDNESDAY
2024-03-29T20:01:54.802+09:00 DEBUG 26924 --- [    Test worker] org.hibernate.SQL                        : select pd1_0.publishing_day_id,pd1_0.created_at,pd1_0.day,pd1_0.updated_at from publishing_day pd1_0 where pd1_0.day=?
Hibernate: select pd1_0.publishing_day_id,pd1_0.created_at,pd1_0.day,pd1_0.updated_at from publishing_day pd1_0 where pd1_0.day=?
PublishingDay{publishingDayId=3, createdAt=2024-03-29T19:55:41.069514, updatedAt=2024-03-29T19:55:41.069514, day='WEDNESDAY'}
2024-03-29T20:01:54.806+09:00 DEBUG 26924 --- [    Test worker] org.hibernate.SQL                        : insert into webtoon (created_at,description,no_youth,publication_status,thumbnail,title,updated_at) values (?,?,?,?,?,?,?)
Hibernate: insert into webtoon (created_at,description,no_youth,publication_status,thumbnail,title,updated_at) values (?,?,?,?,?,?,?)
2024-03-29T20:01:54.813+09:00 DEBUG 26924 --- [    Test worker] org.hibernate.SQL                        : insert into webtoon_publishing_day (created_at,publishing_day_id,updated_at,webtoon_id) values (?,?,?,?)
Hibernate: insert into webtoon_publishing_day (created_at,publishing_day_id,updated_at,webtoon_id) values (?,?,?,?)
WEDNESDAY
2024-03-29T20:01:54.820+09:00 DEBUG 26924 --- [    Test worker] org.hibernate.SQL                        : select pd1_0.publishing_day_id,pd1_0.created_at,pd1_0.day,pd1_0.updated_at from publishing_day pd1_0 where pd1_0.day=?
Hibernate: select pd1_0.publishing_day_id,pd1_0.created_at,pd1_0.day,pd1_0.updated_at from publishing_day pd1_0 where pd1_0.day=?
PublishingDay{publishingDayId=3, createdAt=2024-03-29T19:55:41.069514, updatedAt=2024-03-29T19:55:41.069514, day='WEDNESDAY'}
2024-03-29T20:01:54.824+09:00 DEBUG 26924 --- [    Test worker] org.hibernate.SQL                        : insert into webtoon (created_at,description,no_youth,publication_status,thumbnail,title,updated_at) values (?,?,?,?,?,?,?)
Hibernate: insert into webtoon (created_at,description,no_youth,publication_status,thumbnail,title,updated_at) values (?,?,?,?,?,?,?)
2024-03-29T20:01:54.830+09:00 DEBUG 26924 --- [    Test worker] org.hibernate.SQL                        : insert into webtoon_publishing_day (created_at,publishing_day_id,updated_at,webtoon_id) values (?,?,?,?)
Hibernate: insert into webtoon_publishing_day (created_at,publishing_day_id,updated_at,webtoon_id) values (?,?,?,?)
WEDNESDAY
2024-03-29T20:01:54.837+09:00 DEBUG 26924 --- [    Test worker] org.hibernate.SQL                        : select pd1_0.publishing_day_id,pd1_0.created_at,pd1_0.day,pd1_0.updated_at from publishing_day pd1_0 where pd1_0.day=?
Hibernate: select pd1_0.publishing_day_id,pd1_0.created_at,pd1_0.day,pd1_0.updated_at from publishing_day pd1_0 where pd1_0.day=?
PublishingDay{publishingDayId=3, createdAt=2024-03-29T19:55:41.069514, updatedAt=2024-03-29T19:55:41.069514, day='WEDNESDAY'}
2024-03-29T20:01:54.841+09:00 DEBUG 26924 --- [    Test worker] org.hibernate.SQL                        : insert into webtoon (created_at,description,no_youth,publication_status,thumbnail,title,updated_at) values (?,?,?,?,?,?,?)
Hibernate: insert into webtoon (created_at,description,no_youth,publication_status,thumbnail,title,updated_at) values (?,?,?,?,?,?,?)
2024-03-29T20:01:54.848+09:00 DEBUG 26924 --- [    Test worker] org.hibernate.SQL                        : insert into webtoon_publishing_day (created_at,publishing_day_id,updated_at,webtoon_id) values (?,?,?,?)
Hibernate: insert into webtoon_publishing_day (created_at,publishing_day_id,updated_at,webtoon_id) values (?,?,?,?)
WEDNESDAY
2024-03-29T20:01:54.856+09:00 DEBUG 26924 --- [    Test worker] org.hibernate.SQL                        : select pd1_0.publishing_day_id,pd1_0.created_at,pd1_0.day,pd1_0.updated_at from publishing_day pd1_0 where pd1_0.day=?
Hibernate: select pd1_0.publishing_day_id,pd1_0.created_at,pd1_0.day,pd1_0.updated_at from publishing_day pd1_0 where pd1_0.day=?
PublishingDay{publishingDayId=3, createdAt=2024-03-29T19:55:41.069514, updatedAt=2024-03-29T19:55:41.069514, day='WEDNESDAY'}
2024-03-29T20:01:54.861+09:00 DEBUG 26924 --- [    Test worker] org.hibernate.SQL                        : insert into webtoon (created_at,description,no_youth,publication_status,thumbnail,title,updated_at) values (?,?,?,?,?,?,?)
Hibernate: insert into webtoon (created_at,description,no_youth,publication_status,thumbnail,title,updated_at) values (?,?,?,?,?,?,?)
2024-03-29T20:01:54.868+09:00 DEBUG 26924 --- [    Test worker] org.hibernate.SQL                        : insert into webtoon_publishing_day (created_at,publishing_day_id,updated_at,webtoon_id) values (?,?,?,?)
Hibernate: insert into webtoon_publishing_day (created_at,publishing_day_id,updated_at,webtoon_id) values (?,?,?,?)
WEDNESDAY
2024-03-29T20:01:54.874+09:00 DEBUG 26924 --- [    Test worker] org.hibernate.SQL                        : select pd1_0.publishing_day_id,pd1_0.created_at,pd1_0.day,pd1_0.updated_at from publishing_day pd1_0 where pd1_0.day=?
Hibernate: select pd1_0.publishing_day_id,pd1_0.created_at,pd1_0.day,pd1_0.updated_at from publishing_day pd1_0 where pd1_0.day=?
PublishingDay{publishingDayId=3, createdAt=2024-03-29T19:55:41.069514, updatedAt=2024-03-29T19:55:41.069514, day='WEDNESDAY'}
2024-03-29T20:01:54.877+09:00 DEBUG 26924 --- [    Test worker] org.hibernate.SQL                        : insert into webtoon (created_at,description,no_youth,publication_status,thumbnail,title,updated_at) values (?,?,?,?,?,?,?)
Hibernate: insert into webtoon (created_at,description,no_youth,publication_status,thumbnail,title,updated_at) values (?,?,?,?,?,?,?)
2024-03-29T20:01:54.884+09:00 DEBUG 26924 --- [    Test worker] org.hibernate.SQL                        : insert into webtoon_publishing_day (created_at,publishing_day_id,updated_at,webtoon_id) values (?,?,?,?)
Hibernate: insert into webtoon_publishing_day (created_at,publishing_day_id,updated_at,webtoon_id) values (?,?,?,?)
WEDNESDAY
2024-03-29T20:01:54.893+09:00 DEBUG 26924 --- [    Test worker] org.hibernate.SQL                        : select pd1_0.publishing_day_id,pd1_0.created_at,pd1_0.day,pd1_0.updated_at from publishing_day pd1_0 where pd1_0.day=?
Hibernate: select pd1_0.publishing_day_id,pd1_0.created_at,pd1_0.day,pd1_0.updated_at from publishing_day pd1_0 where pd1_0.day=?
PublishingDay{publishingDayId=3, createdAt=2024-03-29T19:55:41.069514, updatedAt=2024-03-29T19:55:41.069514, day='WEDNESDAY'}
2024-03-29T20:01:54.896+09:00 DEBUG 26924 --- [    Test worker] org.hibernate.SQL                        : insert into webtoon (created_at,description,no_youth,publication_status,thumbnail,title,updated_at) values (?,?,?,?,?,?,?)
Hibernate: insert into webtoon (created_at,description,no_youth,publication_status,thumbnail,title,updated_at) values (?,?,?,?,?,?,?)
2024-03-29T20:01:54.905+09:00 DEBUG 26924 --- [    Test worker] org.hibernate.SQL                        : insert into webtoon_publishing_day (created_at,publishing_day_id,updated_at,webtoon_id) values (?,?,?,?)
Hibernate: insert into webtoon_publishing_day (created_at,publishing_day_id,updated_at,webtoon_id) values (?,?,?,?)
WEDNESDAY
2024-03-29T20:01:54.918+09:00 DEBUG 26924 --- [    Test worker] org.hibernate.SQL                        : select pd1_0.publishing_day_id,pd1_0.created_at,pd1_0.day,pd1_0.updated_at from publishing_day pd1_0 where pd1_0.day=?
Hibernate: select pd1_0.publishing_day_id,pd1_0.created_at,pd1_0.day,pd1_0.updated_at from publishing_day pd1_0 where pd1_0.day=?
PublishingDay{publishingDayId=3, createdAt=2024-03-29T19:55:41.069514, updatedAt=2024-03-29T19:55:41.069514, day='WEDNESDAY'}
2024-03-29T20:01:54.921+09:00 DEBUG 26924 --- [    Test worker] org.hibernate.SQL                        : insert into webtoon (created_at,description,no_youth,publication_status,thumbnail,title,updated_at) values (?,?,?,?,?,?,?)
Hibernate: insert into webtoon (created_at,description,no_youth,publication_status,thumbnail,title,updated_at) values (?,?,?,?,?,?,?)
2024-03-29T20:01:54.930+09:00 DEBUG 26924 --- [    Test worker] org.hibernate.SQL                        : insert into webtoon_publishing_day (created_at,publishing_day_id,updated_at,webtoon_id) values (?,?,?,?)
Hibernate: insert into webtoon_publishing_day (created_at,publishing_day_id,updated_at,webtoon_id) values (?,?,?,?)
WEDNESDAY
2024-03-29T20:01:54.938+09:00 DEBUG 26924 --- [    Test worker] org.hibernate.SQL                        : select pd1_0.publishing_day_id,pd1_0.created_at,pd1_0.day,pd1_0.updated_at from publishing_day pd1_0 where pd1_0.day=?
Hibernate: select pd1_0.publishing_day_id,pd1_0.created_at,pd1_0.day,pd1_0.updated_at from publishing_day pd1_0 where pd1_0.day=?
PublishingDay{publishingDayId=3, createdAt=2024-03-29T19:55:41.069514, updatedAt=2024-03-29T19:55:41.069514, day='WEDNESDAY'}
2024-03-29T20:01:54.942+09:00 DEBUG 26924 --- [    Test worker] org.hibernate.SQL                        : insert into webtoon (created_at,description,no_youth,publication_status,thumbnail,title,updated_at) values (?,?,?,?,?,?,?)
Hibernate: insert into webtoon (created_at,description,no_youth,publication_status,thumbnail,title,updated_at) values (?,?,?,?,?,?,?)
2024-03-29T20:01:54.952+09:00 DEBUG 26924 --- [    Test worker] org.hibernate.SQL                        : insert into webtoon_publishing_day (created_at,publishing_day_id,updated_at,webtoon_id) values (?,?,?,?)
Hibernate: insert into webtoon_publishing_day (created_at,publishing_day_id,updated_at,webtoon_id) values (?,?,?,?)
WEDNESDAY
2024-03-29T20:01:54.961+09:00 DEBUG 26924 --- [    Test worker] org.hibernate.SQL                        : select pd1_0.publishing_day_id,pd1_0.created_at,pd1_0.day,pd1_0.updated_at from publishing_day pd1_0 where pd1_0.day=?
Hibernate: select pd1_0.publishing_day_id,pd1_0.created_at,pd1_0.day,pd1_0.updated_at from publishing_day pd1_0 where pd1_0.day=?
PublishingDay{publishingDayId=3, createdAt=2024-03-29T19:55:41.069514, updatedAt=2024-03-29T19:55:41.069514, day='WEDNESDAY'}
2024-03-29T20:01:54.966+09:00 DEBUG 26924 --- [    Test worker] org.hibernate.SQL                        : insert into webtoon (created_at,description,no_youth,publication_status,thumbnail,title,updated_at) values (?,?,?,?,?,?,?)
Hibernate: insert into webtoon (created_at,description,no_youth,publication_status,thumbnail,title,updated_at) values (?,?,?,?,?,?,?)
2024-03-29T20:01:54.983+09:00 DEBUG 26924 --- [    Test worker] org.hibernate.SQL                        : insert into webtoon_publishing_day (created_at,publishing_day_id,updated_at,webtoon_id) values (?,?,?,?)
Hibernate: insert into webtoon_publishing_day (created_at,publishing_day_id,updated_at,webtoon_id) values (?,?,?,?)
WEDNESDAY
2024-03-29T20:01:54.991+09:00 DEBUG 26924 --- [    Test worker] org.hibernate.SQL                        : select pd1_0.publishing_day_id,pd1_0.created_at,pd1_0.day,pd1_0.updated_at from publishing_day pd1_0 where pd1_0.day=?
Hibernate: select pd1_0.publishing_day_id,pd1_0.created_at,pd1_0.day,pd1_0.updated_at from publishing_day pd1_0 where pd1_0.day=?
PublishingDay{publishingDayId=3, createdAt=2024-03-29T19:55:41.069514, updatedAt=2024-03-29T19:55:41.069514, day='WEDNESDAY'}
2024-03-29T20:01:54.996+09:00 DEBUG 26924 --- [    Test worker] org.hibernate.SQL                        : insert into webtoon (created_at,description,no_youth,publication_status,thumbnail,title,updated_at) values (?,?,?,?,?,?,?)
Hibernate: insert into webtoon (created_at,description,no_youth,publication_status,thumbnail,title,updated_at) values (?,?,?,?,?,?,?)
2024-03-29T20:01:55.001+09:00 DEBUG 26924 --- [    Test worker] org.hibernate.SQL                        : insert into webtoon_publishing_day (created_at,publishing_day_id,updated_at,webtoon_id) values (?,?,?,?)
Hibernate: insert into webtoon_publishing_day (created_at,publishing_day_id,updated_at,webtoon_id) values (?,?,?,?)
FALSE
2024-03-29T20:01:55.006+09:00 DEBUG 26924 --- [    Test worker] org.hibernate.SQL                        : select pd1_0.publishing_day_id,pd1_0.created_at,pd1_0.day,pd1_0.updated_at from publishing_day pd1_0 where pd1_0.day=?
Hibernate: select pd1_0.publishing_day_id,pd1_0.created_at,pd1_0.day,pd1_0.updated_at from publishing_day pd1_0 where pd1_0.day=?
null
2024-03-29T20:01:55.007+09:00 DEBUG 26924 --- [    Test worker] org.hibernate.SQL                        : insert into webtoon (created_at,description,no_youth,publication_status,thumbnail,title,updated_at) values (?,?,?,?,?,?,?)
Hibernate: insert into webtoon (created_at,description,no_youth,publication_status,thumbnail,title,updated_at) values (?,?,?,?,?,?,?)
2024-03-29T20:01:55.013+09:00 DEBUG 26924 --- [    Test worker] org.hibernate.SQL                        : insert into webtoon_publishing_day (created_at,publishing_day_id,updated_at,webtoon_id) values (?,?,?,?)
Hibernate: insert into webtoon_publishing_day (created_at,publishing_day_id,updated_at,webtoon_id) values (?,?,?,?)
WEDNESDAY
2024-03-29T20:01:55.017+09:00 DEBUG 26924 --- [    Test worker] org.hibernate.SQL                        : select pd1_0.publishing_day_id,pd1_0.created_at,pd1_0.day,pd1_0.updated_at from publishing_day pd1_0 where pd1_0.day=?
Hibernate: select pd1_0.publishing_day_id,pd1_0.created_at,pd1_0.day,pd1_0.updated_at from publishing_day pd1_0 where pd1_0.day=?
PublishingDay{publishingDayId=3, createdAt=2024-03-29T19:55:41.069514, updatedAt=2024-03-29T19:55:41.069514, day='WEDNESDAY'}
2024-03-29T20:01:55.019+09:00 DEBUG 26924 --- [    Test worker] org.hibernate.SQL                        : insert into webtoon (created_at,description,no_youth,publication_status,thumbnail,title,updated_at) values (?,?,?,?,?,?,?)
Hibernate: insert into webtoon (created_at,description,no_youth,publication_status,thumbnail,title,updated_at) values (?,?,?,?,?,?,?)
2024-03-29T20:01:55.024+09:00 DEBUG 26924 --- [    Test worker] org.hibernate.SQL                        : insert into webtoon_publishing_day (created_at,publishing_day_id,updated_at,webtoon_id) values (?,?,?,?)
Hibernate: insert into webtoon_publishing_day (created_at,publishing_day_id,updated_at,webtoon_id) values (?,?,?,?)
WEDNESDAY
2024-03-29T20:01:55.031+09:00 DEBUG 26924 --- [    Test worker] org.hibernate.SQL                        : select pd1_0.publishing_day_id,pd1_0.created_at,pd1_0.day,pd1_0.updated_at from publishing_day pd1_0 where pd1_0.day=?
Hibernate: select pd1_0.publishing_day_id,pd1_0.created_at,pd1_0.day,pd1_0.updated_at from publishing_day pd1_0 where pd1_0.day=?
PublishingDay{publishingDayId=3, createdAt=2024-03-29T19:55:41.069514, updatedAt=2024-03-29T19:55:41.069514, day='WEDNESDAY'}
2024-03-29T20:01:55.034+09:00 DEBUG 26924 --- [    Test worker] org.hibernate.SQL                        : insert into webtoon (created_at,description,no_youth,publication_status,thumbnail,title,updated_at) values (?,?,?,?,?,?,?)
Hibernate: insert into webtoon (created_at,description,no_youth,publication_status,thumbnail,title,updated_at) values (?,?,?,?,?,?,?)
2024-03-29T20:01:55.042+09:00 DEBUG 26924 --- [    Test worker] org.hibernate.SQL                        : insert into webtoon_publishing_day (created_at,publishing_day_id,updated_at,webtoon_id) values (?,?,?,?)
Hibernate: insert into webtoon_publishing_day (created_at,publishing_day_id,updated_at,webtoon_id) values (?,?,?,?)
WEDNESDAY
2024-03-29T20:01:55.051+09:00 DEBUG 26924 --- [    Test worker] org.hibernate.SQL                        : select pd1_0.publishing_day_id,pd1_0.created_at,pd1_0.day,pd1_0.updated_at from publishing_day pd1_0 where pd1_0.day=?
Hibernate: select pd1_0.publishing_day_id,pd1_0.created_at,pd1_0.day,pd1_0.updated_at from publishing_day pd1_0 where pd1_0.day=?
PublishingDay{publishingDayId=3, createdAt=2024-03-29T19:55:41.069514, updatedAt=2024-03-29T19:55:41.069514, day='WEDNESDAY'}
2024-03-29T20:01:55.053+09:00 DEBUG 26924 --- [    Test worker] org.hibernate.SQL                        : insert into webtoon (created_at,description,no_youth,publication_status,thumbnail,title,updated_at) values (?,?,?,?,?,?,?)
Hibernate: insert into webtoon (created_at,description,no_youth,publication_status,thumbnail,title,updated_at) values (?,?,?,?,?,?,?)
2024-03-29T20:01:55.060+09:00 DEBUG 26924 --- [    Test worker] org.hibernate.SQL                        : insert into webtoon_publishing_day (created_at,publishing_day_id,updated_at,webtoon_id) values (?,?,?,?)
Hibernate: insert into webtoon_publishing_day (created_at,publishing_day_id,updated_at,webtoon_id) values (?,?,?,?)
WEDNESDAY
2024-03-29T20:01:55.068+09:00 DEBUG 26924 --- [    Test worker] org.hibernate.SQL                        : select pd1_0.publishing_day_id,pd1_0.created_at,pd1_0.day,pd1_0.updated_at from publishing_day pd1_0 where pd1_0.day=?
Hibernate: select pd1_0.publishing_day_id,pd1_0.created_at,pd1_0.day,pd1_0.updated_at from publishing_day pd1_0 where pd1_0.day=?
PublishingDay{publishingDayId=3, createdAt=2024-03-29T19:55:41.069514, updatedAt=2024-03-29T19:55:41.069514, day='WEDNESDAY'}
2024-03-29T20:01:55.071+09:00 DEBUG 26924 --- [    Test worker] org.hibernate.SQL                        : insert into webtoon (created_at,description,no_youth,publication_status,thumbnail,title,updated_at) values (?,?,?,?,?,?,?)
Hibernate: insert into webtoon (created_at,description,no_youth,publication_status,thumbnail,title,updated_at) values (?,?,?,?,?,?,?)
2024-03-29T20:01:55.081+09:00 DEBUG 26924 --- [    Test worker] org.hibernate.SQL                        : insert into webtoon_publishing_day (created_at,publishing_day_id,updated_at,webtoon_id) values (?,?,?,?)
Hibernate: insert into webtoon_publishing_day (created_at,publishing_day_id,updated_at,webtoon_id) values (?,?,?,?)
WEDNESDAY
2024-03-29T20:01:55.088+09:00 DEBUG 26924 --- [    Test worker] org.hibernate.SQL                        : select pd1_0.publishing_day_id,pd1_0.created_at,pd1_0.day,pd1_0.updated_at from publishing_day pd1_0 where pd1_0.day=?
Hibernate: select pd1_0.publishing_day_id,pd1_0.created_at,pd1_0.day,pd1_0.updated_at from publishing_day pd1_0 where pd1_0.day=?
PublishingDay{publishingDayId=3, createdAt=2024-03-29T19:55:41.069514, updatedAt=2024-03-29T19:55:41.069514, day='WEDNESDAY'}
2024-03-29T20:01:55.092+09:00 DEBUG 26924 --- [    Test worker] org.hibernate.SQL                        : insert into webtoon (created_at,description,no_youth,publication_status,thumbnail,title,updated_at) values (?,?,?,?,?,?,?)
Hibernate: insert into webtoon (created_at,description,no_youth,publication_status,thumbnail,title,updated_at) values (?,?,?,?,?,?,?)
2024-03-29T20:01:55.105+09:00 DEBUG 26924 --- [    Test worker] org.hibernate.SQL                        : insert into webtoon_publishing_day (created_at,publishing_day_id,updated_at,webtoon_id) values (?,?,?,?)
Hibernate: insert into webtoon_publishing_day (created_at,publishing_day_id,updated_at,webtoon_id) values (?,?,?,?)
WEDNESDAY
2024-03-29T20:01:55.115+09:00 DEBUG 26924 --- [    Test worker] org.hibernate.SQL                        : select pd1_0.publishing_day_id,pd1_0.created_at,pd1_0.day,pd1_0.updated_at from publishing_day pd1_0 where pd1_0.day=?
Hibernate: select pd1_0.publishing_day_id,pd1_0.created_at,pd1_0.day,pd1_0.updated_at from publishing_day pd1_0 where pd1_0.day=?
PublishingDay{publishingDayId=3, createdAt=2024-03-29T19:55:41.069514, updatedAt=2024-03-29T19:55:41.069514, day='WEDNESDAY'}
2024-03-29T20:01:55.119+09:00 DEBUG 26924 --- [    Test worker] org.hibernate.SQL                        : insert into webtoon (created_at,description,no_youth,publication_status,thumbnail,title,updated_at) values (?,?,?,?,?,?,?)
Hibernate: insert into webtoon (created_at,description,no_youth,publication_status,thumbnail,title,updated_at) values (?,?,?,?,?,?,?)
2024-03-29T20:01:55.126+09:00 DEBUG 26924 --- [    Test worker] org.hibernate.SQL                        : insert into webtoon_publishing_day (created_at,publishing_day_id,updated_at,webtoon_id) values (?,?,?,?)
Hibernate: insert into webtoon_publishing_day (created_at,publishing_day_id,updated_at,webtoon_id) values (?,?,?,?)
WEDNESDAY
2024-03-29T20:01:55.137+09:00 DEBUG 26924 --- [    Test worker] org.hibernate.SQL                        : select pd1_0.publishing_day_id,pd1_0.created_at,pd1_0.day,pd1_0.updated_at from publishing_day pd1_0 where pd1_0.day=?
Hibernate: select pd1_0.publishing_day_id,pd1_0.created_at,pd1_0.day,pd1_0.updated_at from publishing_day pd1_0 where pd1_0.day=?
PublishingDay{publishingDayId=3, createdAt=2024-03-29T19:55:41.069514, updatedAt=2024-03-29T19:55:41.069514, day='WEDNESDAY'}
2024-03-29T20:01:55.142+09:00 DEBUG 26924 --- [    Test worker] org.hibernate.SQL                        : insert into webtoon (created_at,description,no_youth,publication_status,thumbnail,title,updated_at) values (?,?,?,?,?,?,?)
Hibernate: insert into webtoon (created_at,description,no_youth,publication_status,thumbnail,title,updated_at) values (?,?,?,?,?,?,?)
2024-03-29T20:01:55.152+09:00 DEBUG 26924 --- [    Test worker] org.hibernate.SQL                        : insert into webtoon_publishing_day (created_at,publishing_day_id,updated_at,webtoon_id) values (?,?,?,?)
Hibernate: insert into webtoon_publishing_day (created_at,publishing_day_id,updated_at,webtoon_id) values (?,?,?,?)
WEDNESDAY
2024-03-29T20:01:55.162+09:00 DEBUG 26924 --- [    Test worker] org.hibernate.SQL                        : select pd1_0.publishing_day_id,pd1_0.created_at,pd1_0.day,pd1_0.updated_at from publishing_day pd1_0 where pd1_0.day=?
Hibernate: select pd1_0.publishing_day_id,pd1_0.created_at,pd1_0.day,pd1_0.updated_at from publishing_day pd1_0 where pd1_0.day=?
PublishingDay{publishingDayId=3, createdAt=2024-03-29T19:55:41.069514, updatedAt=2024-03-29T19:55:41.069514, day='WEDNESDAY'}
2024-03-29T20:01:55.171+09:00 DEBUG 26924 --- [    Test worker] org.hibernate.SQL                        : insert into webtoon (created_at,description,no_youth,publication_status,thumbnail,title,updated_at) values (?,?,?,?,?,?,?)
Hibernate: insert into webtoon (created_at,description,no_youth,publication_status,thumbnail,title,updated_at) values (?,?,?,?,?,?,?)
2024-03-29T20:01:55.181+09:00 DEBUG 26924 --- [    Test worker] org.hibernate.SQL                        : insert into webtoon_publishing_day (created_at,publishing_day_id,updated_at,webtoon_id) values (?,?,?,?)
Hibernate: insert into webtoon_publishing_day (created_at,publishing_day_id,updated_at,webtoon_id) values (?,?,?,?)
WEDNESDAY
2024-03-29T20:01:55.188+09:00 DEBUG 26924 --- [    Test worker] org.hibernate.SQL                        : select pd1_0.publishing_day_id,pd1_0.created_at,pd1_0.day,pd1_0.updated_at from publishing_day pd1_0 where pd1_0.day=?
Hibernate: select pd1_0.publishing_day_id,pd1_0.created_at,pd1_0.day,pd1_0.updated_at from publishing_day pd1_0 where pd1_0.day=?
PublishingDay{publishingDayId=3, createdAt=2024-03-29T19:55:41.069514, updatedAt=2024-03-29T19:55:41.069514, day='WEDNESDAY'}
2024-03-29T20:01:55.191+09:00 DEBUG 26924 --- [    Test worker] org.hibernate.SQL                        : insert into webtoon (created_at,description,no_youth,publication_status,thumbnail,title,updated_at) values (?,?,?,?,?,?,?)
Hibernate: insert into webtoon (created_at,description,no_youth,publication_status,thumbnail,title,updated_at) values (?,?,?,?,?,?,?)
2024-03-29T20:01:55.201+09:00 DEBUG 26924 --- [    Test worker] org.hibernate.SQL                        : insert into webtoon_publishing_day (created_at,publishing_day_id,updated_at,webtoon_id) values (?,?,?,?)
Hibernate: insert into webtoon_publishing_day (created_at,publishing_day_id,updated_at,webtoon_id) values (?,?,?,?)
WEDNESDAY
2024-03-29T20:01:55.206+09:00 DEBUG 26924 --- [    Test worker] org.hibernate.SQL                        : select pd1_0.publishing_day_id,pd1_0.created_at,pd1_0.day,pd1_0.updated_at from publishing_day pd1_0 where pd1_0.day=?
Hibernate: select pd1_0.publishing_day_id,pd1_0.created_at,pd1_0.day,pd1_0.updated_at from publishing_day pd1_0 where pd1_0.day=?
PublishingDay{publishingDayId=3, createdAt=2024-03-29T19:55:41.069514, updatedAt=2024-03-29T19:55:41.069514, day='WEDNESDAY'}
2024-03-29T20:01:55.209+09:00 DEBUG 26924 --- [    Test worker] org.hibernate.SQL                        : insert into webtoon (created_at,description,no_youth,publication_status,thumbnail,title,updated_at) values (?,?,?,?,?,?,?)
Hibernate: insert into webtoon (created_at,description,no_youth,publication_status,thumbnail,title,updated_at) values (?,?,?,?,?,?,?)
2024-03-29T20:01:55.217+09:00 DEBUG 26924 --- [    Test worker] org.hibernate.SQL                        : insert into webtoon_publishing_day (created_at,publishing_day_id,updated_at,webtoon_id) values (?,?,?,?)
Hibernate: insert into webtoon_publishing_day (created_at,publishing_day_id,updated_at,webtoon_id) values (?,?,?,?)
WEDNESDAY
2024-03-29T20:01:55.221+09:00 DEBUG 26924 --- [    Test worker] org.hibernate.SQL                        : select pd1_0.publishing_day_id,pd1_0.created_at,pd1_0.day,pd1_0.updated_at from publishing_day pd1_0 where pd1_0.day=?
Hibernate: select pd1_0.publishing_day_id,pd1_0.created_at,pd1_0.day,pd1_0.updated_at from publishing_day pd1_0 where pd1_0.day=?
PublishingDay{publishingDayId=3, createdAt=2024-03-29T19:55:41.069514, updatedAt=2024-03-29T19:55:41.069514, day='WEDNESDAY'}
2024-03-29T20:01:55.224+09:00 DEBUG 26924 --- [    Test worker] org.hibernate.SQL                        : insert into webtoon (created_at,description,no_youth,publication_status,thumbnail,title,updated_at) values (?,?,?,?,?,?,?)
Hibernate: insert into webtoon (created_at,description,no_youth,publication_status,thumbnail,title,updated_at) values (?,?,?,?,?,?,?)
2024-03-29T20:01:55.235+09:00 DEBUG 26924 --- [    Test worker] org.hibernate.SQL                        : insert into webtoon_publishing_day (created_at,publishing_day_id,updated_at,webtoon_id) values (?,?,?,?)
Hibernate: insert into webtoon_publishing_day (created_at,publishing_day_id,updated_at,webtoon_id) values (?,?,?,?)
WEDNESDAY
2024-03-29T20:01:55.241+09:00 DEBUG 26924 --- [    Test worker] org.hibernate.SQL                        : select pd1_0.publishing_day_id,pd1_0.created_at,pd1_0.day,pd1_0.updated_at from publishing_day pd1_0 where pd1_0.day=?
Hibernate: select pd1_0.publishing_day_id,pd1_0.created_at,pd1_0.day,pd1_0.updated_at from publishing_day pd1_0 where pd1_0.day=?
PublishingDay{publishingDayId=3, createdAt=2024-03-29T19:55:41.069514, updatedAt=2024-03-29T19:55:41.069514, day='WEDNESDAY'}
2024-03-29T20:01:55.244+09:00 DEBUG 26924 --- [    Test worker] org.hibernate.SQL                        : insert into webtoon (created_at,description,no_youth,publication_status,thumbnail,title,updated_at) values (?,?,?,?,?,?,?)
Hibernate: insert into webtoon (created_at,description,no_youth,publication_status,thumbnail,title,updated_at) values (?,?,?,?,?,?,?)
2024-03-29T20:01:55.252+09:00 DEBUG 26924 --- [    Test worker] org.hibernate.SQL                        : insert into webtoon_publishing_day (created_at,publishing_day_id,updated_at,webtoon_id) values (?,?,?,?)
Hibernate: insert into webtoon_publishing_day (created_at,publishing_day_id,updated_at,webtoon_id) values (?,?,?,?)
WEDNESDAY
2024-03-29T20:01:55.264+09:00 DEBUG 26924 --- [    Test worker] org.hibernate.SQL                        : select pd1_0.publishing_day_id,pd1_0.created_at,pd1_0.day,pd1_0.updated_at from publishing_day pd1_0 where pd1_0.day=?
Hibernate: select pd1_0.publishing_day_id,pd1_0.created_at,pd1_0.day,pd1_0.updated_at from publishing_day pd1_0 where pd1_0.day=?
PublishingDay{publishingDayId=3, createdAt=2024-03-29T19:55:41.069514, updatedAt=2024-03-29T19:55:41.069514, day='WEDNESDAY'}
2024-03-29T20:01:55.266+09:00 DEBUG 26924 --- [    Test worker] org.hibernate.SQL                        : insert into webtoon (created_at,description,no_youth,publication_status,thumbnail,title,updated_at) values (?,?,?,?,?,?,?)
Hibernate: insert into webtoon (created_at,description,no_youth,publication_status,thumbnail,title,updated_at) values (?,?,?,?,?,?,?)
2024-03-29T20:01:55.273+09:00 DEBUG 26924 --- [    Test worker] org.hibernate.SQL                        : insert into webtoon_publishing_day (created_at,publishing_day_id,updated_at,webtoon_id) values (?,?,?,?)
Hibernate: insert into webtoon_publishing_day (created_at,publishing_day_id,updated_at,webtoon_id) values (?,?,?,?)
WEDNESDAY
2024-03-29T20:01:55.279+09:00 DEBUG 26924 --- [    Test worker] org.hibernate.SQL                        : select pd1_0.publishing_day_id,pd1_0.created_at,pd1_0.day,pd1_0.updated_at from publishing_day pd1_0 where pd1_0.day=?
Hibernate: select pd1_0.publishing_day_id,pd1_0.created_at,pd1_0.day,pd1_0.updated_at from publishing_day pd1_0 where pd1_0.day=?
PublishingDay{publishingDayId=3, createdAt=2024-03-29T19:55:41.069514, updatedAt=2024-03-29T19:55:41.069514, day='WEDNESDAY'}
2024-03-29T20:01:55.281+09:00 DEBUG 26924 --- [    Test worker] org.hibernate.SQL                        : insert into webtoon (created_at,description,no_youth,publication_status,thumbnail,title,updated_at) values (?,?,?,?,?,?,?)
Hibernate: insert into webtoon (created_at,description,no_youth,publication_status,thumbnail,title,updated_at) values (?,?,?,?,?,?,?)
2024-03-29T20:01:55.288+09:00 DEBUG 26924 --- [    Test worker] org.hibernate.SQL                        : insert into webtoon_publishing_day (created_at,publishing_day_id,updated_at,webtoon_id) values (?,?,?,?)
Hibernate: insert into webtoon_publishing_day (created_at,publishing_day_id,updated_at,webtoon_id) values (?,?,?,?)
WEDNESDAY
2024-03-29T20:01:55.294+09:00 DEBUG 26924 --- [    Test worker] org.hibernate.SQL                        : select pd1_0.publishing_day_id,pd1_0.created_at,pd1_0.day,pd1_0.updated_at from publishing_day pd1_0 where pd1_0.day=?
Hibernate: select pd1_0.publishing_day_id,pd1_0.created_at,pd1_0.day,pd1_0.updated_at from publishing_day pd1_0 where pd1_0.day=?
PublishingDay{publishingDayId=3, createdAt=2024-03-29T19:55:41.069514, updatedAt=2024-03-29T19:55:41.069514, day='WEDNESDAY'}
2024-03-29T20:01:55.297+09:00 DEBUG 26924 --- [    Test worker] org.hibernate.SQL                        : insert into webtoon (created_at,description,no_youth,publication_status,thumbnail,title,updated_at) values (?,?,?,?,?,?,?)
Hibernate: insert into webtoon (created_at,description,no_youth,publication_status,thumbnail,title,updated_at) values (?,?,?,?,?,?,?)
2024-03-29T20:01:55.302+09:00 DEBUG 26924 --- [    Test worker] org.hibernate.SQL                        : insert into webtoon_publishing_day (created_at,publishing_day_id,updated_at,webtoon_id) values (?,?,?,?)
Hibernate: insert into webtoon_publishing_day (created_at,publishing_day_id,updated_at,webtoon_id) values (?,?,?,?)
WEDNESDAY
2024-03-29T20:01:55.312+09:00 DEBUG 26924 --- [    Test worker] org.hibernate.SQL                        : select pd1_0.publishing_day_id,pd1_0.created_at,pd1_0.day,pd1_0.updated_at from publishing_day pd1_0 where pd1_0.day=?
Hibernate: select pd1_0.publishing_day_id,pd1_0.created_at,pd1_0.day,pd1_0.updated_at from publishing_day pd1_0 where pd1_0.day=?
PublishingDay{publishingDayId=3, createdAt=2024-03-29T19:55:41.069514, updatedAt=2024-03-29T19:55:41.069514, day='WEDNESDAY'}
2024-03-29T20:01:55.315+09:00 DEBUG 26924 --- [    Test worker] org.hibernate.SQL                        : insert into webtoon (created_at,description,no_youth,publication_status,thumbnail,title,updated_at) values (?,?,?,?,?,?,?)
Hibernate: insert into webtoon (created_at,description,no_youth,publication_status,thumbnail,title,updated_at) values (?,?,?,?,?,?,?)
2024-03-29T20:01:55.321+09:00 DEBUG 26924 --- [    Test worker] org.hibernate.SQL                        : insert into webtoon_publishing_day (created_at,publishing_day_id,updated_at,webtoon_id) values (?,?,?,?)
Hibernate: insert into webtoon_publishing_day (created_at,publishing_day_id,updated_at,webtoon_id) values (?,?,?,?)
WEDNESDAY
2024-03-29T20:01:55.328+09:00 DEBUG 26924 --- [    Test worker] org.hibernate.SQL                        : select pd1_0.publishing_day_id,pd1_0.created_at,pd1_0.day,pd1_0.updated_at from publishing_day pd1_0 where pd1_0.day=?
Hibernate: select pd1_0.publishing_day_id,pd1_0.created_at,pd1_0.day,pd1_0.updated_at from publishing_day pd1_0 where pd1_0.day=?
PublishingDay{publishingDayId=3, createdAt=2024-03-29T19:55:41.069514, updatedAt=2024-03-29T19:55:41.069514, day='WEDNESDAY'}
2024-03-29T20:01:55.332+09:00 DEBUG 26924 --- [    Test worker] org.hibernate.SQL                        : insert into webtoon (created_at,description,no_youth,publication_status,thumbnail,title,updated_at) values (?,?,?,?,?,?,?)
Hibernate: insert into webtoon (created_at,description,no_youth,publication_status,thumbnail,title,updated_at) values (?,?,?,?,?,?,?)
2024-03-29T20:01:55.340+09:00 DEBUG 26924 --- [    Test worker] org.hibernate.SQL                        : insert into webtoon_publishing_day (created_at,publishing_day_id,updated_at,webtoon_id) values (?,?,?,?)
Hibernate: insert into webtoon_publishing_day (created_at,publishing_day_id,updated_at,webtoon_id) values (?,?,?,?)
WEDNESDAY
2024-03-29T20:01:55.347+09:00 DEBUG 26924 --- [    Test worker] org.hibernate.SQL                        : select pd1_0.publishing_day_id,pd1_0.created_at,pd1_0.day,pd1_0.updated_at from publishing_day pd1_0 where pd1_0.day=?
Hibernate: select pd1_0.publishing_day_id,pd1_0.created_at,pd1_0.day,pd1_0.updated_at from publishing_day pd1_0 where pd1_0.day=?
PublishingDay{publishingDayId=3, createdAt=2024-03-29T19:55:41.069514, updatedAt=2024-03-29T19:55:41.069514, day='WEDNESDAY'}
2024-03-29T20:01:55.349+09:00 DEBUG 26924 --- [    Test worker] org.hibernate.SQL                        : insert into webtoon (created_at,description,no_youth,publication_status,thumbnail,title,updated_at) values (?,?,?,?,?,?,?)
Hibernate: insert into webtoon (created_at,description,no_youth,publication_status,thumbnail,title,updated_at) values (?,?,?,?,?,?,?)
2024-03-29T20:01:55.357+09:00 DEBUG 26924 --- [    Test worker] org.hibernate.SQL                        : insert into webtoon_publishing_day (created_at,publishing_day_id,updated_at,webtoon_id) values (?,?,?,?)
Hibernate: insert into webtoon_publishing_day (created_at,publishing_day_id,updated_at,webtoon_id) values (?,?,?,?)
WEDNESDAY
2024-03-29T20:01:55.363+09:00 DEBUG 26924 --- [    Test worker] org.hibernate.SQL                        : select pd1_0.publishing_day_id,pd1_0.created_at,pd1_0.day,pd1_0.updated_at from publishing_day pd1_0 where pd1_0.day=?
Hibernate: select pd1_0.publishing_day_id,pd1_0.created_at,pd1_0.day,pd1_0.updated_at from publishing_day pd1_0 where pd1_0.day=?
PublishingDay{publishingDayId=3, createdAt=2024-03-29T19:55:41.069514, updatedAt=2024-03-29T19:55:41.069514, day='WEDNESDAY'}
2024-03-29T20:01:55.367+09:00 DEBUG 26924 --- [    Test worker] org.hibernate.SQL                        : insert into webtoon (created_at,description,no_youth,publication_status,thumbnail,title,updated_at) values (?,?,?,?,?,?,?)
Hibernate: insert into webtoon (created_at,description,no_youth,publication_status,thumbnail,title,updated_at) values (?,?,?,?,?,?,?)
2024-03-29T20:01:55.373+09:00 DEBUG 26924 --- [    Test worker] org.hibernate.SQL                        : insert into webtoon_publishing_day (created_at,publishing_day_id,updated_at,webtoon_id) values (?,?,?,?)
Hibernate: insert into webtoon_publishing_day (created_at,publishing_day_id,updated_at,webtoon_id) values (?,?,?,?)
WEDNESDAY
2024-03-29T20:01:55.380+09:00 DEBUG 26924 --- [    Test worker] org.hibernate.SQL                        : select pd1_0.publishing_day_id,pd1_0.created_at,pd1_0.day,pd1_0.updated_at from publishing_day pd1_0 where pd1_0.day=?
Hibernate: select pd1_0.publishing_day_id,pd1_0.created_at,pd1_0.day,pd1_0.updated_at from publishing_day pd1_0 where pd1_0.day=?
PublishingDay{publishingDayId=3, createdAt=2024-03-29T19:55:41.069514, updatedAt=2024-03-29T19:55:41.069514, day='WEDNESDAY'}
2024-03-29T20:01:55.382+09:00 DEBUG 26924 --- [    Test worker] org.hibernate.SQL                        : insert into webtoon (created_at,description,no_youth,publication_status,thumbnail,title,updated_at) values (?,?,?,?,?,?,?)
Hibernate: insert into webtoon (created_at,description,no_youth,publication_status,thumbnail,title,updated_at) values (?,?,?,?,?,?,?)
2024-03-29T20:01:55.390+09:00 DEBUG 26924 --- [    Test worker] org.hibernate.SQL                        : insert into webtoon_publishing_day (created_at,publishing_day_id,updated_at,webtoon_id) values (?,?,?,?)
Hibernate: insert into webtoon_publishing_day (created_at,publishing_day_id,updated_at,webtoon_id) values (?,?,?,?)
FALSE
2024-03-29T20:01:55.396+09:00 DEBUG 26924 --- [    Test worker] org.hibernate.SQL                        : select pd1_0.publishing_day_id,pd1_0.created_at,pd1_0.day,pd1_0.updated_at from publishing_day pd1_0 where pd1_0.day=?
Hibernate: select pd1_0.publishing_day_id,pd1_0.created_at,pd1_0.day,pd1_0.updated_at from publishing_day pd1_0 where pd1_0.day=?
null
2024-03-29T20:01:55.399+09:00 DEBUG 26924 --- [    Test worker] org.hibernate.SQL                        : insert into webtoon (created_at,description,no_youth,publication_status,thumbnail,title,updated_at) values (?,?,?,?,?,?,?)
Hibernate: insert into webtoon (created_at,description,no_youth,publication_status,thumbnail,title,updated_at) values (?,?,?,?,?,?,?)
2024-03-29T20:01:55.406+09:00 DEBUG 26924 --- [    Test worker] org.hibernate.SQL                        : insert into webtoon_publishing_day (created_at,publishing_day_id,updated_at,webtoon_id) values (?,?,?,?)
Hibernate: insert into webtoon_publishing_day (created_at,publishing_day_id,updated_at,webtoon_id) values (?,?,?,?)
WEDNESDAY
2024-03-29T20:01:55.411+09:00 DEBUG 26924 --- [    Test worker] org.hibernate.SQL                        : select pd1_0.publishing_day_id,pd1_0.created_at,pd1_0.day,pd1_0.updated_at from publishing_day pd1_0 where pd1_0.day=?
Hibernate: select pd1_0.publishing_day_id,pd1_0.created_at,pd1_0.day,pd1_0.updated_at from publishing_day pd1_0 where pd1_0.day=?
PublishingDay{publishingDayId=3, createdAt=2024-03-29T19:55:41.069514, updatedAt=2024-03-29T19:55:41.069514, day='WEDNESDAY'}
2024-03-29T20:01:55.414+09:00 DEBUG 26924 --- [    Test worker] org.hibernate.SQL                        : insert into webtoon (created_at,description,no_youth,publication_status,thumbnail,title,updated_at) values (?,?,?,?,?,?,?)
Hibernate: insert into webtoon (created_at,description,no_youth,publication_status,thumbnail,title,updated_at) values (?,?,?,?,?,?,?)
2024-03-29T20:01:55.419+09:00 DEBUG 26924 --- [    Test worker] org.hibernate.SQL                        : insert into webtoon_publishing_day (created_at,publishing_day_id,updated_at,webtoon_id) values (?,?,?,?)
Hibernate: insert into webtoon_publishing_day (created_at,publishing_day_id,updated_at,webtoon_id) values (?,?,?,?)
WEDNESDAY
2024-03-29T20:01:55.423+09:00 DEBUG 26924 --- [    Test worker] org.hibernate.SQL                        : select pd1_0.publishing_day_id,pd1_0.created_at,pd1_0.day,pd1_0.updated_at from publishing_day pd1_0 where pd1_0.day=?
Hibernate: select pd1_0.publishing_day_id,pd1_0.created_at,pd1_0.day,pd1_0.updated_at from publishing_day pd1_0 where pd1_0.day=?
PublishingDay{publishingDayId=3, createdAt=2024-03-29T19:55:41.069514, updatedAt=2024-03-29T19:55:41.069514, day='WEDNESDAY'}
2024-03-29T20:01:55.426+09:00 DEBUG 26924 --- [    Test worker] org.hibernate.SQL                        : insert into webtoon (created_at,description,no_youth,publication_status,thumbnail,title,updated_at) values (?,?,?,?,?,?,?)
Hibernate: insert into webtoon (created_at,description,no_youth,publication_status,thumbnail,title,updated_at) values (?,?,?,?,?,?,?)
2024-03-29T20:01:55.430+09:00 DEBUG 26924 --- [    Test worker] org.hibernate.SQL                        : insert into webtoon_publishing_day (created_at,publishing_day_id,updated_at,webtoon_id) values (?,?,?,?)
Hibernate: insert into webtoon_publishing_day (created_at,publishing_day_id,updated_at,webtoon_id) values (?,?,?,?)
WEDNESDAY
2024-03-29T20:01:55.434+09:00 DEBUG 26924 --- [    Test worker] org.hibernate.SQL                        : select pd1_0.publishing_day_id,pd1_0.created_at,pd1_0.day,pd1_0.updated_at from publishing_day pd1_0 where pd1_0.day=?
Hibernate: select pd1_0.publishing_day_id,pd1_0.created_at,pd1_0.day,pd1_0.updated_at from publishing_day pd1_0 where pd1_0.day=?
PublishingDay{publishingDayId=3, createdAt=2024-03-29T19:55:41.069514, updatedAt=2024-03-29T19:55:41.069514, day='WEDNESDAY'}
2024-03-29T20:01:55.436+09:00 DEBUG 26924 --- [    Test worker] org.hibernate.SQL                        : insert into webtoon (created_at,description,no_youth,publication_status,thumbnail,title,updated_at) values (?,?,?,?,?,?,?)
Hibernate: insert into webtoon (created_at,description,no_youth,publication_status,thumbnail,title,updated_at) values (?,?,?,?,?,?,?)
2024-03-29T20:01:55.440+09:00 DEBUG 26924 --- [    Test worker] org.hibernate.SQL                        : insert into webtoon_publishing_day (created_at,publishing_day_id,updated_at,webtoon_id) values (?,?,?,?)
Hibernate: insert into webtoon_publishing_day (created_at,publishing_day_id,updated_at,webtoon_id) values (?,?,?,?)
WEDNESDAY
2024-03-29T20:01:55.446+09:00 DEBUG 26924 --- [    Test worker] org.hibernate.SQL                        : select pd1_0.publishing_day_id,pd1_0.created_at,pd1_0.day,pd1_0.updated_at from publishing_day pd1_0 where pd1_0.day=?
Hibernate: select pd1_0.publishing_day_id,pd1_0.created_at,pd1_0.day,pd1_0.updated_at from publishing_day pd1_0 where pd1_0.day=?
PublishingDay{publishingDayId=3, createdAt=2024-03-29T19:55:41.069514, updatedAt=2024-03-29T19:55:41.069514, day='WEDNESDAY'}
2024-03-29T20:01:55.449+09:00 DEBUG 26924 --- [    Test worker] org.hibernate.SQL                        : insert into webtoon (created_at,description,no_youth,publication_status,thumbnail,title,updated_at) values (?,?,?,?,?,?,?)
Hibernate: insert into webtoon (created_at,description,no_youth,publication_status,thumbnail,title,updated_at) values (?,?,?,?,?,?,?)
2024-03-29T20:01:55.453+09:00 DEBUG 26924 --- [    Test worker] org.hibernate.SQL                        : insert into webtoon_publishing_day (created_at,publishing_day_id,updated_at,webtoon_id) values (?,?,?,?)
Hibernate: insert into webtoon_publishing_day (created_at,publishing_day_id,updated_at,webtoon_id) values (?,?,?,?)
WEDNESDAY
2024-03-29T20:01:55.457+09:00 DEBUG 26924 --- [    Test worker] org.hibernate.SQL                        : select pd1_0.publishing_day_id,pd1_0.created_at,pd1_0.day,pd1_0.updated_at from publishing_day pd1_0 where pd1_0.day=?
Hibernate: select pd1_0.publishing_day_id,pd1_0.created_at,pd1_0.day,pd1_0.updated_at from publishing_day pd1_0 where pd1_0.day=?
PublishingDay{publishingDayId=3, createdAt=2024-03-29T19:55:41.069514, updatedAt=2024-03-29T19:55:41.069514, day='WEDNESDAY'}
2024-03-29T20:01:55.460+09:00 DEBUG 26924 --- [    Test worker] org.hibernate.SQL                        : insert into webtoon (created_at,description,no_youth,publication_status,thumbnail,title,updated_at) values (?,?,?,?,?,?,?)
Hibernate: insert into webtoon (created_at,description,no_youth,publication_status,thumbnail,title,updated_at) values (?,?,?,?,?,?,?)
2024-03-29T20:01:55.465+09:00 DEBUG 26924 --- [    Test worker] org.hibernate.SQL                        : insert into webtoon_publishing_day (created_at,publishing_day_id,updated_at,webtoon_id) values (?,?,?,?)
Hibernate: insert into webtoon_publishing_day (created_at,publishing_day_id,updated_at,webtoon_id) values (?,?,?,?)
WEDNESDAY
2024-03-29T20:01:55.469+09:00 DEBUG 26924 --- [    Test worker] org.hibernate.SQL                        : select pd1_0.publishing_day_id,pd1_0.created_at,pd1_0.day,pd1_0.updated_at from publishing_day pd1_0 where pd1_0.day=?
Hibernate: select pd1_0.publishing_day_id,pd1_0.created_at,pd1_0.day,pd1_0.updated_at from publishing_day pd1_0 where pd1_0.day=?
PublishingDay{publishingDayId=3, createdAt=2024-03-29T19:55:41.069514, updatedAt=2024-03-29T19:55:41.069514, day='WEDNESDAY'}
2024-03-29T20:01:55.471+09:00 DEBUG 26924 --- [    Test worker] org.hibernate.SQL                        : insert into webtoon (created_at,description,no_youth,publication_status,thumbnail,title,updated_at) values (?,?,?,?,?,?,?)
Hibernate: insert into webtoon (created_at,description,no_youth,publication_status,thumbnail,title,updated_at) values (?,?,?,?,?,?,?)
2024-03-29T20:01:55.476+09:00 DEBUG 26924 --- [    Test worker] org.hibernate.SQL                        : insert into webtoon_publishing_day (created_at,publishing_day_id,updated_at,webtoon_id) values (?,?,?,?)
Hibernate: insert into webtoon_publishing_day (created_at,publishing_day_id,updated_at,webtoon_id) values (?,?,?,?)
WEDNESDAY
2024-03-29T20:01:55.482+09:00 DEBUG 26924 --- [    Test worker] org.hibernate.SQL                        : select pd1_0.publishing_day_id,pd1_0.created_at,pd1_0.day,pd1_0.updated_at from publishing_day pd1_0 where pd1_0.day=?
Hibernate: select pd1_0.publishing_day_id,pd1_0.created_at,pd1_0.day,pd1_0.updated_at from publishing_day pd1_0 where pd1_0.day=?
PublishingDay{publishingDayId=3, createdAt=2024-03-29T19:55:41.069514, updatedAt=2024-03-29T19:55:41.069514, day='WEDNESDAY'}
2024-03-29T20:01:55.484+09:00 DEBUG 26924 --- [    Test worker] org.hibernate.SQL                        : insert into webtoon (created_at,description,no_youth,publication_status,thumbnail,title,updated_at) values (?,?,?,?,?,?,?)
Hibernate: insert into webtoon (created_at,description,no_youth,publication_status,thumbnail,title,updated_at) values (?,?,?,?,?,?,?)
2024-03-29T20:01:55.489+09:00 DEBUG 26924 --- [    Test worker] org.hibernate.SQL                        : insert into webtoon_publishing_day (created_at,publishing_day_id,updated_at,webtoon_id) values (?,?,?,?)
Hibernate: insert into webtoon_publishing_day (created_at,publishing_day_id,updated_at,webtoon_id) values (?,?,?,?)
WEDNESDAY
2024-03-29T20:01:55.495+09:00 DEBUG 26924 --- [    Test worker] org.hibernate.SQL                        : select pd1_0.publishing_day_id,pd1_0.created_at,pd1_0.day,pd1_0.updated_at from publishing_day pd1_0 where pd1_0.day=?
Hibernate: select pd1_0.publishing_day_id,pd1_0.created_at,pd1_0.day,pd1_0.updated_at from publishing_day pd1_0 where pd1_0.day=?
PublishingDay{publishingDayId=3, createdAt=2024-03-29T19:55:41.069514, updatedAt=2024-03-29T19:55:41.069514, day='WEDNESDAY'}
2024-03-29T20:01:55.498+09:00 DEBUG 26924 --- [    Test worker] org.hibernate.SQL                        : insert into webtoon (created_at,description,no_youth,publication_status,thumbnail,title,updated_at) values (?,?,?,?,?,?,?)
Hibernate: insert into webtoon (created_at,description,no_youth,publication_status,thumbnail,title,updated_at) values (?,?,?,?,?,?,?)
2024-03-29T20:01:55.502+09:00 DEBUG 26924 --- [    Test worker] org.hibernate.SQL                        : insert into webtoon_publishing_day (created_at,publishing_day_id,updated_at,webtoon_id) values (?,?,?,?)
Hibernate: insert into webtoon_publishing_day (created_at,publishing_day_id,updated_at,webtoon_id) values (?,?,?,?)
WEDNESDAY
2024-03-29T20:01:55.507+09:00 DEBUG 26924 --- [    Test worker] org.hibernate.SQL                        : select pd1_0.publishing_day_id,pd1_0.created_at,pd1_0.day,pd1_0.updated_at from publishing_day pd1_0 where pd1_0.day=?
Hibernate: select pd1_0.publishing_day_id,pd1_0.created_at,pd1_0.day,pd1_0.updated_at from publishing_day pd1_0 where pd1_0.day=?
PublishingDay{publishingDayId=3, createdAt=2024-03-29T19:55:41.069514, updatedAt=2024-03-29T19:55:41.069514, day='WEDNESDAY'}
2024-03-29T20:01:55.513+09:00 DEBUG 26924 --- [    Test worker] org.hibernate.SQL                        : insert into webtoon (created_at,description,no_youth,publication_status,thumbnail,title,updated_at) values (?,?,?,?,?,?,?)
Hibernate: insert into webtoon (created_at,description,no_youth,publication_status,thumbnail,title,updated_at) values (?,?,?,?,?,?,?)
2024-03-29T20:01:55.518+09:00 DEBUG 26924 --- [    Test worker] org.hibernate.SQL                        : insert into webtoon_publishing_day (created_at,publishing_day_id,updated_at,webtoon_id) values (?,?,?,?)
Hibernate: insert into webtoon_publishing_day (created_at,publishing_day_id,updated_at,webtoon_id) values (?,?,?,?)
WEDNESDAY
2024-03-29T20:01:55.523+09:00 DEBUG 26924 --- [    Test worker] org.hibernate.SQL                        : select pd1_0.publishing_day_id,pd1_0.created_at,pd1_0.day,pd1_0.updated_at from publishing_day pd1_0 where pd1_0.day=?
Hibernate: select pd1_0.publishing_day_id,pd1_0.created_at,pd1_0.day,pd1_0.updated_at from publishing_day pd1_0 where pd1_0.day=?
PublishingDay{publishingDayId=3, createdAt=2024-03-29T19:55:41.069514, updatedAt=2024-03-29T19:55:41.069514, day='WEDNESDAY'}
2024-03-29T20:01:55.529+09:00 DEBUG 26924 --- [    Test worker] org.hibernate.SQL                        : insert into webtoon (created_at,description,no_youth,publication_status,thumbnail,title,updated_at) values (?,?,?,?,?,?,?)
Hibernate: insert into webtoon (created_at,description,no_youth,publication_status,thumbnail,title,updated_at) values (?,?,?,?,?,?,?)
2024-03-29T20:01:55.534+09:00 DEBUG 26924 --- [    Test worker] org.hibernate.SQL                        : insert into webtoon_publishing_day (created_at,publishing_day_id,updated_at,webtoon_id) values (?,?,?,?)
Hibernate: insert into webtoon_publishing_day (created_at,publishing_day_id,updated_at,webtoon_id) values (?,?,?,?)
WEDNESDAY
2024-03-29T20:01:55.544+09:00 DEBUG 26924 --- [    Test worker] org.hibernate.SQL                        : select pd1_0.publishing_day_id,pd1_0.created_at,pd1_0.day,pd1_0.updated_at from publishing_day pd1_0 where pd1_0.day=?
Hibernate: select pd1_0.publishing_day_id,pd1_0.created_at,pd1_0.day,pd1_0.updated_at from publishing_day pd1_0 where pd1_0.day=?
PublishingDay{publishingDayId=3, createdAt=2024-03-29T19:55:41.069514, updatedAt=2024-03-29T19:55:41.069514, day='WEDNESDAY'}
2024-03-29T20:01:55.548+09:00 DEBUG 26924 --- [    Test worker] org.hibernate.SQL                        : insert into webtoon (created_at,description,no_youth,publication_status,thumbnail,title,updated_at) values (?,?,?,?,?,?,?)
Hibernate: insert into webtoon (created_at,description,no_youth,publication_status,thumbnail,title,updated_at) values (?,?,?,?,?,?,?)
2024-03-29T20:01:55.554+09:00 DEBUG 26924 --- [    Test worker] org.hibernate.SQL                        : insert into webtoon_publishing_day (created_at,publishing_day_id,updated_at,webtoon_id) values (?,?,?,?)
Hibernate: insert into webtoon_publishing_day (created_at,publishing_day_id,updated_at,webtoon_id) values (?,?,?,?)
WEDNESDAY
2024-03-29T20:01:55.566+09:00 DEBUG 26924 --- [    Test worker] org.hibernate.SQL                        : select pd1_0.publishing_day_id,pd1_0.created_at,pd1_0.day,pd1_0.updated_at from publishing_day pd1_0 where pd1_0.day=?
Hibernate: select pd1_0.publishing_day_id,pd1_0.created_at,pd1_0.day,pd1_0.updated_at from publishing_day pd1_0 where pd1_0.day=?
PublishingDay{publishingDayId=3, createdAt=2024-03-29T19:55:41.069514, updatedAt=2024-03-29T19:55:41.069514, day='WEDNESDAY'}
2024-03-29T20:01:55.570+09:00 DEBUG 26924 --- [    Test worker] org.hibernate.SQL                        : insert into webtoon (created_at,description,no_youth,publication_status,thumbnail,title,updated_at) values (?,?,?,?,?,?,?)
Hibernate: insert into webtoon (created_at,description,no_youth,publication_status,thumbnail,title,updated_at) values (?,?,?,?,?,?,?)
2024-03-29T20:01:55.580+09:00 DEBUG 26924 --- [    Test worker] org.hibernate.SQL                        : insert into webtoon_publishing_day (created_at,publishing_day_id,updated_at,webtoon_id) values (?,?,?,?)
Hibernate: insert into webtoon_publishing_day (created_at,publishing_day_id,updated_at,webtoon_id) values (?,?,?,?)
WEDNESDAY
2024-03-29T20:01:55.589+09:00 DEBUG 26924 --- [    Test worker] org.hibernate.SQL                        : select pd1_0.publishing_day_id,pd1_0.created_at,pd1_0.day,pd1_0.updated_at from publishing_day pd1_0 where pd1_0.day=?
Hibernate: select pd1_0.publishing_day_id,pd1_0.created_at,pd1_0.day,pd1_0.updated_at from publishing_day pd1_0 where pd1_0.day=?
PublishingDay{publishingDayId=3, createdAt=2024-03-29T19:55:41.069514, updatedAt=2024-03-29T19:55:41.069514, day='WEDNESDAY'}
2024-03-29T20:01:55.593+09:00 DEBUG 26924 --- [    Test worker] org.hibernate.SQL                        : insert into webtoon (created_at,description,no_youth,publication_status,thumbnail,title,updated_at) values (?,?,?,?,?,?,?)
Hibernate: insert into webtoon (created_at,description,no_youth,publication_status,thumbnail,title,updated_at) values (?,?,?,?,?,?,?)
2024-03-29T20:01:55.602+09:00 DEBUG 26924 --- [    Test worker] org.hibernate.SQL                        : insert into webtoon_publishing_day (created_at,publishing_day_id,updated_at,webtoon_id) values (?,?,?,?)
Hibernate: insert into webtoon_publishing_day (created_at,publishing_day_id,updated_at,webtoon_id) values (?,?,?,?)
WEDNESDAY
2024-03-29T20:01:55.611+09:00 DEBUG 26924 --- [    Test worker] org.hibernate.SQL                        : select pd1_0.publishing_day_id,pd1_0.created_at,pd1_0.day,pd1_0.updated_at from publishing_day pd1_0 where pd1_0.day=?
Hibernate: select pd1_0.publishing_day_id,pd1_0.created_at,pd1_0.day,pd1_0.updated_at from publishing_day pd1_0 where pd1_0.day=?
PublishingDay{publishingDayId=3, createdAt=2024-03-29T19:55:41.069514, updatedAt=2024-03-29T19:55:41.069514, day='WEDNESDAY'}
2024-03-29T20:01:55.615+09:00 DEBUG 26924 --- [    Test worker] org.hibernate.SQL                        : insert into webtoon (created_at,description,no_youth,publication_status,thumbnail,title,updated_at) values (?,?,?,?,?,?,?)
Hibernate: insert into webtoon (created_at,description,no_youth,publication_status,thumbnail,title,updated_at) values (?,?,?,?,?,?,?)
2024-03-29T20:01:55.619+09:00 DEBUG 26924 --- [    Test worker] org.hibernate.SQL                        : insert into webtoon_publishing_day (created_at,publishing_day_id,updated_at,webtoon_id) values (?,?,?,?)
Hibernate: insert into webtoon_publishing_day (created_at,publishing_day_id,updated_at,webtoon_id) values (?,?,?,?)
WEDNESDAY
2024-03-29T20:01:55.625+09:00 DEBUG 26924 --- [    Test worker] org.hibernate.SQL                        : select pd1_0.publishing_day_id,pd1_0.created_at,pd1_0.day,pd1_0.updated_at from publishing_day pd1_0 where pd1_0.day=?
Hibernate: select pd1_0.publishing_day_id,pd1_0.created_at,pd1_0.day,pd1_0.updated_at from publishing_day pd1_0 where pd1_0.day=?
PublishingDay{publishingDayId=3, createdAt=2024-03-29T19:55:41.069514, updatedAt=2024-03-29T19:55:41.069514, day='WEDNESDAY'}
2024-03-29T20:01:55.628+09:00 DEBUG 26924 --- [    Test worker] org.hibernate.SQL                        : insert into webtoon (created_at,description,no_youth,publication_status,thumbnail,title,updated_at) values (?,?,?,?,?,?,?)
Hibernate: insert into webtoon (created_at,description,no_youth,publication_status,thumbnail,title,updated_at) values (?,?,?,?,?,?,?)
2024-03-29T20:01:55.635+09:00 DEBUG 26924 --- [    Test worker] org.hibernate.SQL                        : insert into webtoon_publishing_day (created_at,publishing_day_id,updated_at,webtoon_id) values (?,?,?,?)
Hibernate: insert into webtoon_publishing_day (created_at,publishing_day_id,updated_at,webtoon_id) values (?,?,?,?)
WEDNESDAY
2024-03-29T20:01:55.639+09:00 DEBUG 26924 --- [    Test worker] org.hibernate.SQL                        : select pd1_0.publishing_day_id,pd1_0.created_at,pd1_0.day,pd1_0.updated_at from publishing_day pd1_0 where pd1_0.day=?
Hibernate: select pd1_0.publishing_day_id,pd1_0.created_at,pd1_0.day,pd1_0.updated_at from publishing_day pd1_0 where pd1_0.day=?
PublishingDay{publishingDayId=3, createdAt=2024-03-29T19:55:41.069514, updatedAt=2024-03-29T19:55:41.069514, day='WEDNESDAY'}
2024-03-29T20:01:55.642+09:00 DEBUG 26924 --- [    Test worker] org.hibernate.SQL                        : insert into webtoon (created_at,description,no_youth,publication_status,thumbnail,title,updated_at) values (?,?,?,?,?,?,?)
Hibernate: insert into webtoon (created_at,description,no_youth,publication_status,thumbnail,title,updated_at) values (?,?,?,?,?,?,?)
2024-03-29T20:01:55.648+09:00 DEBUG 26924 --- [    Test worker] org.hibernate.SQL                        : insert into webtoon_publishing_day (created_at,publishing_day_id,updated_at,webtoon_id) values (?,?,?,?)
Hibernate: insert into webtoon_publishing_day (created_at,publishing_day_id,updated_at,webtoon_id) values (?,?,?,?)
WEDNESDAY
2024-03-29T20:01:55.654+09:00 DEBUG 26924 --- [    Test worker] org.hibernate.SQL                        : select pd1_0.publishing_day_id,pd1_0.created_at,pd1_0.day,pd1_0.updated_at from publishing_day pd1_0 where pd1_0.day=?
Hibernate: select pd1_0.publishing_day_id,pd1_0.created_at,pd1_0.day,pd1_0.updated_at from publishing_day pd1_0 where pd1_0.day=?
PublishingDay{publishingDayId=3, createdAt=2024-03-29T19:55:41.069514, updatedAt=2024-03-29T19:55:41.069514, day='WEDNESDAY'}
2024-03-29T20:01:55.656+09:00 DEBUG 26924 --- [    Test worker] org.hibernate.SQL                        : insert into webtoon (created_at,description,no_youth,publication_status,thumbnail,title,updated_at) values (?,?,?,?,?,?,?)
Hibernate: insert into webtoon (created_at,description,no_youth,publication_status,thumbnail,title,updated_at) values (?,?,?,?,?,?,?)
2024-03-29T20:01:55.661+09:00 DEBUG 26924 --- [    Test worker] org.hibernate.SQL                        : insert into webtoon_publishing_day (created_at,publishing_day_id,updated_at,webtoon_id) values (?,?,?,?)
Hibernate: insert into webtoon_publishing_day (created_at,publishing_day_id,updated_at,webtoon_id) values (?,?,?,?)
WEDNESDAY
2024-03-29T20:01:55.667+09:00 DEBUG 26924 --- [    Test worker] org.hibernate.SQL                        : select pd1_0.publishing_day_id,pd1_0.created_at,pd1_0.day,pd1_0.updated_at from publishing_day pd1_0 where pd1_0.day=?
Hibernate: select pd1_0.publishing_day_id,pd1_0.created_at,pd1_0.day,pd1_0.updated_at from publishing_day pd1_0 where pd1_0.day=?
PublishingDay{publishingDayId=3, createdAt=2024-03-29T19:55:41.069514, updatedAt=2024-03-29T19:55:41.069514, day='WEDNESDAY'}
2024-03-29T20:01:55.669+09:00 DEBUG 26924 --- [    Test worker] org.hibernate.SQL                        : insert into webtoon (created_at,description,no_youth,publication_status,thumbnail,title,updated_at) values (?,?,?,?,?,?,?)
Hibernate: insert into webtoon (created_at,description,no_youth,publication_status,thumbnail,title,updated_at) values (?,?,?,?,?,?,?)
2024-03-29T20:01:55.675+09:00 DEBUG 26924 --- [    Test worker] org.hibernate.SQL                        : insert into webtoon_publishing_day (created_at,publishing_day_id,updated_at,webtoon_id) values (?,?,?,?)
Hibernate: insert into webtoon_publishing_day (created_at,publishing_day_id,updated_at,webtoon_id) values (?,?,?,?)
WEDNESDAY
2024-03-29T20:01:55.680+09:00 DEBUG 26924 --- [    Test worker] org.hibernate.SQL                        : select pd1_0.publishing_day_id,pd1_0.created_at,pd1_0.day,pd1_0.updated_at from publishing_day pd1_0 where pd1_0.day=?
Hibernate: select pd1_0.publishing_day_id,pd1_0.created_at,pd1_0.day,pd1_0.updated_at from publishing_day pd1_0 where pd1_0.day=?
PublishingDay{publishingDayId=3, createdAt=2024-03-29T19:55:41.069514, updatedAt=2024-03-29T19:55:41.069514, day='WEDNESDAY'}
2024-03-29T20:01:55.683+09:00 DEBUG 26924 --- [    Test worker] org.hibernate.SQL                        : insert into webtoon (created_at,description,no_youth,publication_status,thumbnail,title,updated_at) values (?,?,?,?,?,?,?)
Hibernate: insert into webtoon (created_at,description,no_youth,publication_status,thumbnail,title,updated_at) values (?,?,?,?,?,?,?)
2024-03-29T20:01:55.690+09:00 DEBUG 26924 --- [    Test worker] org.hibernate.SQL                        : insert into webtoon_publishing_day (created_at,publishing_day_id,updated_at,webtoon_id) values (?,?,?,?)
Hibernate: insert into webtoon_publishing_day (created_at,publishing_day_id,updated_at,webtoon_id) values (?,?,?,?)
WEDNESDAY
2024-03-29T20:01:55.695+09:00 DEBUG 26924 --- [    Test worker] org.hibernate.SQL                        : select pd1_0.publishing_day_id,pd1_0.created_at,pd1_0.day,pd1_0.updated_at from publishing_day pd1_0 where pd1_0.day=?
Hibernate: select pd1_0.publishing_day_id,pd1_0.created_at,pd1_0.day,pd1_0.updated_at from publishing_day pd1_0 where pd1_0.day=?
PublishingDay{publishingDayId=3, createdAt=2024-03-29T19:55:41.069514, updatedAt=2024-03-29T19:55:41.069514, day='WEDNESDAY'}
2024-03-29T20:01:55.699+09:00 DEBUG 26924 --- [    Test worker] org.hibernate.SQL                        : insert into webtoon (created_at,description,no_youth,publication_status,thumbnail,title,updated_at) values (?,?,?,?,?,?,?)
Hibernate: insert into webtoon (created_at,description,no_youth,publication_status,thumbnail,title,updated_at) values (?,?,?,?,?,?,?)
2024-03-29T20:01:55.704+09:00 DEBUG 26924 --- [    Test worker] org.hibernate.SQL                        : insert into webtoon_publishing_day (created_at,publishing_day_id,updated_at,webtoon_id) values (?,?,?,?)
Hibernate: insert into webtoon_publishing_day (created_at,publishing_day_id,updated_at,webtoon_id) values (?,?,?,?)
WEDNESDAY
2024-03-29T20:01:55.711+09:00 DEBUG 26924 --- [    Test worker] org.hibernate.SQL                        : select pd1_0.publishing_day_id,pd1_0.created_at,pd1_0.day,pd1_0.updated_at from publishing_day pd1_0 where pd1_0.day=?
Hibernate: select pd1_0.publishing_day_id,pd1_0.created_at,pd1_0.day,pd1_0.updated_at from publishing_day pd1_0 where pd1_0.day=?
PublishingDay{publishingDayId=3, createdAt=2024-03-29T19:55:41.069514, updatedAt=2024-03-29T19:55:41.069514, day='WEDNESDAY'}
2024-03-29T20:01:55.716+09:00 DEBUG 26924 --- [    Test worker] org.hibernate.SQL                        : insert into webtoon (created_at,description,no_youth,publication_status,thumbnail,title,updated_at) values (?,?,?,?,?,?,?)
Hibernate: insert into webtoon (created_at,description,no_youth,publication_status,thumbnail,title,updated_at) values (?,?,?,?,?,?,?)
2024-03-29T20:01:55.724+09:00 DEBUG 26924 --- [    Test worker] org.hibernate.SQL                        : insert into webtoon_publishing_day (created_at,publishing_day_id,updated_at,webtoon_id) values (?,?,?,?)
Hibernate: insert into webtoon_publishing_day (created_at,publishing_day_id,updated_at,webtoon_id) values (?,?,?,?)
WEDNESDAY
2024-03-29T20:01:55.732+09:00 DEBUG 26924 --- [    Test worker] org.hibernate.SQL                        : select pd1_0.publishing_day_id,pd1_0.created_at,pd1_0.day,pd1_0.updated_at from publishing_day pd1_0 where pd1_0.day=?
Hibernate: select pd1_0.publishing_day_id,pd1_0.created_at,pd1_0.day,pd1_0.updated_at from publishing_day pd1_0 where pd1_0.day=?
PublishingDay{publishingDayId=3, createdAt=2024-03-29T19:55:41.069514, updatedAt=2024-03-29T19:55:41.069514, day='WEDNESDAY'}
2024-03-29T20:01:55.734+09:00 DEBUG 26924 --- [    Test worker] org.hibernate.SQL                        : insert into webtoon (created_at,description,no_youth,publication_status,thumbnail,title,updated_at) values (?,?,?,?,?,?,?)
Hibernate: insert into webtoon (created_at,description,no_youth,publication_status,thumbnail,title,updated_at) values (?,?,?,?,?,?,?)
2024-03-29T20:01:55.741+09:00 DEBUG 26924 --- [    Test worker] org.hibernate.SQL                        : insert into webtoon_publishing_day (created_at,publishing_day_id,updated_at,webtoon_id) values (?,?,?,?)
Hibernate: insert into webtoon_publishing_day (created_at,publishing_day_id,updated_at,webtoon_id) values (?,?,?,?)
WEDNESDAY
2024-03-29T20:01:55.747+09:00 DEBUG 26924 --- [    Test worker] org.hibernate.SQL                        : select pd1_0.publishing_day_id,pd1_0.created_at,pd1_0.day,pd1_0.updated_at from publishing_day pd1_0 where pd1_0.day=?
Hibernate: select pd1_0.publishing_day_id,pd1_0.created_at,pd1_0.day,pd1_0.updated_at from publishing_day pd1_0 where pd1_0.day=?
PublishingDay{publishingDayId=3, createdAt=2024-03-29T19:55:41.069514, updatedAt=2024-03-29T19:55:41.069514, day='WEDNESDAY'}
2024-03-29T20:01:55.751+09:00 DEBUG 26924 --- [    Test worker] org.hibernate.SQL                        : insert into webtoon (created_at,description,no_youth,publication_status,thumbnail,title,updated_at) values (?,?,?,?,?,?,?)
Hibernate: insert into webtoon (created_at,description,no_youth,publication_status,thumbnail,title,updated_at) values (?,?,?,?,?,?,?)
2024-03-29T20:01:55.756+09:00 DEBUG 26924 --- [    Test worker] org.hibernate.SQL                        : insert into webtoon_publishing_day (created_at,publishing_day_id,updated_at,webtoon_id) values (?,?,?,?)
Hibernate: insert into webtoon_publishing_day (created_at,publishing_day_id,updated_at,webtoon_id) values (?,?,?,?)
WEDNESDAY
2024-03-29T20:01:55.763+09:00 DEBUG 26924 --- [    Test worker] org.hibernate.SQL                        : select pd1_0.publishing_day_id,pd1_0.created_at,pd1_0.day,pd1_0.updated_at from publishing_day pd1_0 where pd1_0.day=?
Hibernate: select pd1_0.publishing_day_id,pd1_0.created_at,pd1_0.day,pd1_0.updated_at from publishing_day pd1_0 where pd1_0.day=?
PublishingDay{publishingDayId=3, createdAt=2024-03-29T19:55:41.069514, updatedAt=2024-03-29T19:55:41.069514, day='WEDNESDAY'}
2024-03-29T20:01:55.766+09:00 DEBUG 26924 --- [    Test worker] org.hibernate.SQL                        : insert into webtoon (created_at,description,no_youth,publication_status,thumbnail,title,updated_at) values (?,?,?,?,?,?,?)
Hibernate: insert into webtoon (created_at,description,no_youth,publication_status,thumbnail,title,updated_at) values (?,?,?,?,?,?,?)
2024-03-29T20:01:55.771+09:00 DEBUG 26924 --- [    Test worker] org.hibernate.SQL                        : insert into webtoon_publishing_day (created_at,publishing_day_id,updated_at,webtoon_id) values (?,?,?,?)
Hibernate: insert into webtoon_publishing_day (created_at,publishing_day_id,updated_at,webtoon_id) values (?,?,?,?)
WEDNESDAY
2024-03-29T20:01:55.778+09:00 DEBUG 26924 --- [    Test worker] org.hibernate.SQL                        : select pd1_0.publishing_day_id,pd1_0.created_at,pd1_0.day,pd1_0.updated_at from publishing_day pd1_0 where pd1_0.day=?
Hibernate: select pd1_0.publishing_day_id,pd1_0.created_at,pd1_0.day,pd1_0.updated_at from publishing_day pd1_0 where pd1_0.day=?
PublishingDay{publishingDayId=3, createdAt=2024-03-29T19:55:41.069514, updatedAt=2024-03-29T19:55:41.069514, day='WEDNESDAY'}
2024-03-29T20:01:55.780+09:00 DEBUG 26924 --- [    Test worker] org.hibernate.SQL                        : insert into webtoon (created_at,description,no_youth,publication_status,thumbnail,title,updated_at) values (?,?,?,?,?,?,?)
Hibernate: insert into webtoon (created_at,description,no_youth,publication_status,thumbnail,title,updated_at) values (?,?,?,?,?,?,?)
2024-03-29T20:01:55.787+09:00 DEBUG 26924 --- [    Test worker] org.hibernate.SQL                        : insert into webtoon_publishing_day (created_at,publishing_day_id,updated_at,webtoon_id) values (?,?,?,?)
Hibernate: insert into webtoon_publishing_day (created_at,publishing_day_id,updated_at,webtoon_id) values (?,?,?,?)
WEDNESDAY
2024-03-29T20:01:55.795+09:00 DEBUG 26924 --- [    Test worker] org.hibernate.SQL                        : select pd1_0.publishing_day_id,pd1_0.created_at,pd1_0.day,pd1_0.updated_at from publishing_day pd1_0 where pd1_0.day=?
Hibernate: select pd1_0.publishing_day_id,pd1_0.created_at,pd1_0.day,pd1_0.updated_at from publishing_day pd1_0 where pd1_0.day=?
PublishingDay{publishingDayId=3, createdAt=2024-03-29T19:55:41.069514, updatedAt=2024-03-29T19:55:41.069514, day='WEDNESDAY'}
2024-03-29T20:01:55.799+09:00 DEBUG 26924 --- [    Test worker] org.hibernate.SQL                        : insert into webtoon (created_at,description,no_youth,publication_status,thumbnail,title,updated_at) values (?,?,?,?,?,?,?)
Hibernate: insert into webtoon (created_at,description,no_youth,publication_status,thumbnail,title,updated_at) values (?,?,?,?,?,?,?)
2024-03-29T20:01:55.808+09:00 DEBUG 26924 --- [    Test worker] org.hibernate.SQL                        : insert into webtoon_publishing_day (created_at,publishing_day_id,updated_at,webtoon_id) values (?,?,?,?)
Hibernate: insert into webtoon_publishing_day (created_at,publishing_day_id,updated_at,webtoon_id) values (?,?,?,?)
WEDNESDAY
2024-03-29T20:01:55.816+09:00 DEBUG 26924 --- [    Test worker] org.hibernate.SQL                        : select pd1_0.publishing_day_id,pd1_0.created_at,pd1_0.day,pd1_0.updated_at from publishing_day pd1_0 where pd1_0.day=?
Hibernate: select pd1_0.publishing_day_id,pd1_0.created_at,pd1_0.day,pd1_0.updated_at from publishing_day pd1_0 where pd1_0.day=?
PublishingDay{publishingDayId=3, createdAt=2024-03-29T19:55:41.069514, updatedAt=2024-03-29T19:55:41.069514, day='WEDNESDAY'}
2024-03-29T20:01:55.819+09:00 DEBUG 26924 --- [    Test worker] org.hibernate.SQL                        : insert into webtoon (created_at,description,no_youth,publication_status,thumbnail,title,updated_at) values (?,?,?,?,?,?,?)
Hibernate: insert into webtoon (created_at,description,no_youth,publication_status,thumbnail,title,updated_at) values (?,?,?,?,?,?,?)
2024-03-29T20:01:55.827+09:00 DEBUG 26924 --- [    Test worker] org.hibernate.SQL                        : insert into webtoon_publishing_day (created_at,publishing_day_id,updated_at,webtoon_id) values (?,?,?,?)
Hibernate: insert into webtoon_publishing_day (created_at,publishing_day_id,updated_at,webtoon_id) values (?,?,?,?)
WEDNESDAY
2024-03-29T20:01:55.834+09:00 DEBUG 26924 --- [    Test worker] org.hibernate.SQL                        : select pd1_0.publishing_day_id,pd1_0.created_at,pd1_0.day,pd1_0.updated_at from publishing_day pd1_0 where pd1_0.day=?
Hibernate: select pd1_0.publishing_day_id,pd1_0.created_at,pd1_0.day,pd1_0.updated_at from publishing_day pd1_0 where pd1_0.day=?
PublishingDay{publishingDayId=3, createdAt=2024-03-29T19:55:41.069514, updatedAt=2024-03-29T19:55:41.069514, day='WEDNESDAY'}
2024-03-29T20:01:55.837+09:00 DEBUG 26924 --- [    Test worker] org.hibernate.SQL                        : insert into webtoon (created_at,description,no_youth,publication_status,thumbnail,title,updated_at) values (?,?,?,?,?,?,?)
Hibernate: insert into webtoon (created_at,description,no_youth,publication_status,thumbnail,title,updated_at) values (?,?,?,?,?,?,?)
2024-03-29T20:01:55.843+09:00 DEBUG 26924 --- [    Test worker] org.hibernate.SQL                        : insert into webtoon_publishing_day (created_at,publishing_day_id,updated_at,webtoon_id) values (?,?,?,?)
Hibernate: insert into webtoon_publishing_day (created_at,publishing_day_id,updated_at,webtoon_id) values (?,?,?,?)
WEDNESDAY
2024-03-29T20:01:55.850+09:00 DEBUG 26924 --- [    Test worker] org.hibernate.SQL                        : select pd1_0.publishing_day_id,pd1_0.created_at,pd1_0.day,pd1_0.updated_at from publishing_day pd1_0 where pd1_0.day=?
Hibernate: select pd1_0.publishing_day_id,pd1_0.created_at,pd1_0.day,pd1_0.updated_at from publishing_day pd1_0 where pd1_0.day=?
PublishingDay{publishingDayId=3, createdAt=2024-03-29T19:55:41.069514, updatedAt=2024-03-29T19:55:41.069514, day='WEDNESDAY'}
2024-03-29T20:01:55.853+09:00 DEBUG 26924 --- [    Test worker] org.hibernate.SQL                        : insert into webtoon (created_at,description,no_youth,publication_status,thumbnail,title,updated_at) values (?,?,?,?,?,?,?)
Hibernate: insert into webtoon (created_at,description,no_youth,publication_status,thumbnail,title,updated_at) values (?,?,?,?,?,?,?)
2024-03-29T20:01:55.858+09:00 DEBUG 26924 --- [    Test worker] org.hibernate.SQL                        : insert into webtoon_publishing_day (created_at,publishing_day_id,updated_at,webtoon_id) values (?,?,?,?)
Hibernate: insert into webtoon_publishing_day (created_at,publishing_day_id,updated_at,webtoon_id) values (?,?,?,?)
WEDNESDAY
2024-03-29T20:01:55.863+09:00 DEBUG 26924 --- [    Test worker] org.hibernate.SQL                        : select pd1_0.publishing_day_id,pd1_0.created_at,pd1_0.day,pd1_0.updated_at from publishing_day pd1_0 where pd1_0.day=?
Hibernate: select pd1_0.publishing_day_id,pd1_0.created_at,pd1_0.day,pd1_0.updated_at from publishing_day pd1_0 where pd1_0.day=?
PublishingDay{publishingDayId=3, createdAt=2024-03-29T19:55:41.069514, updatedAt=2024-03-29T19:55:41.069514, day='WEDNESDAY'}
2024-03-29T20:01:55.867+09:00 DEBUG 26924 --- [    Test worker] org.hibernate.SQL                        : insert into webtoon (created_at,description,no_youth,publication_status,thumbnail,title,updated_at) values (?,?,?,?,?,?,?)
Hibernate: insert into webtoon (created_at,description,no_youth,publication_status,thumbnail,title,updated_at) values (?,?,?,?,?,?,?)
2024-03-29T20:01:55.872+09:00 DEBUG 26924 --- [    Test worker] org.hibernate.SQL                        : insert into webtoon_publishing_day (created_at,publishing_day_id,updated_at,webtoon_id) values (?,?,?,?)
Hibernate: insert into webtoon_publishing_day (created_at,publishing_day_id,updated_at,webtoon_id) values (?,?,?,?)
WEDNESDAY
2024-03-29T20:01:55.879+09:00 DEBUG 26924 --- [    Test worker] org.hibernate.SQL                        : select pd1_0.publishing_day_id,pd1_0.created_at,pd1_0.day,pd1_0.updated_at from publishing_day pd1_0 where pd1_0.day=?
Hibernate: select pd1_0.publishing_day_id,pd1_0.created_at,pd1_0.day,pd1_0.updated_at from publishing_day pd1_0 where pd1_0.day=?
PublishingDay{publishingDayId=3, createdAt=2024-03-29T19:55:41.069514, updatedAt=2024-03-29T19:55:41.069514, day='WEDNESDAY'}
2024-03-29T20:01:55.882+09:00 DEBUG 26924 --- [    Test worker] org.hibernate.SQL                        : insert into webtoon (created_at,description,no_youth,publication_status,thumbnail,title,updated_at) values (?,?,?,?,?,?,?)
Hibernate: insert into webtoon (created_at,description,no_youth,publication_status,thumbnail,title,updated_at) values (?,?,?,?,?,?,?)
2024-03-29T20:01:55.887+09:00 DEBUG 26924 --- [    Test worker] org.hibernate.SQL                        : insert into webtoon_publishing_day (created_at,publishing_day_id,updated_at,webtoon_id) values (?,?,?,?)
Hibernate: insert into webtoon_publishing_day (created_at,publishing_day_id,updated_at,webtoon_id) values (?,?,?,?)
WEDNESDAY
2024-03-29T20:01:55.894+09:00 DEBUG 26924 --- [    Test worker] org.hibernate.SQL                        : select pd1_0.publishing_day_id,pd1_0.created_at,pd1_0.day,pd1_0.updated_at from publishing_day pd1_0 where pd1_0.day=?
Hibernate: select pd1_0.publishing_day_id,pd1_0.created_at,pd1_0.day,pd1_0.updated_at from publishing_day pd1_0 where pd1_0.day=?
PublishingDay{publishingDayId=3, createdAt=2024-03-29T19:55:41.069514, updatedAt=2024-03-29T19:55:41.069514, day='WEDNESDAY'}
2024-03-29T20:01:55.898+09:00 DEBUG 26924 --- [    Test worker] org.hibernate.SQL                        : insert into webtoon (created_at,description,no_youth,publication_status,thumbnail,title,updated_at) values (?,?,?,?,?,?,?)
Hibernate: insert into webtoon (created_at,description,no_youth,publication_status,thumbnail,title,updated_at) values (?,?,?,?,?,?,?)
2024-03-29T20:01:55.906+09:00 DEBUG 26924 --- [    Test worker] org.hibernate.SQL                        : insert into webtoon_publishing_day (created_at,publishing_day_id,updated_at,webtoon_id) values (?,?,?,?)
Hibernate: insert into webtoon_publishing_day (created_at,publishing_day_id,updated_at,webtoon_id) values (?,?,?,?)
WEDNESDAY
2024-03-29T20:01:55.914+09:00 DEBUG 26924 --- [    Test worker] org.hibernate.SQL                        : select pd1_0.publishing_day_id,pd1_0.created_at,pd1_0.day,pd1_0.updated_at from publishing_day pd1_0 where pd1_0.day=?
Hibernate: select pd1_0.publishing_day_id,pd1_0.created_at,pd1_0.day,pd1_0.updated_at from publishing_day pd1_0 where pd1_0.day=?
PublishingDay{publishingDayId=3, createdAt=2024-03-29T19:55:41.069514, updatedAt=2024-03-29T19:55:41.069514, day='WEDNESDAY'}
2024-03-29T20:01:55.919+09:00 DEBUG 26924 --- [    Test worker] org.hibernate.SQL                        : insert into webtoon (created_at,description,no_youth,publication_status,thumbnail,title,updated_at) values (?,?,?,?,?,?,?)
Hibernate: insert into webtoon (created_at,description,no_youth,publication_status,thumbnail,title,updated_at) values (?,?,?,?,?,?,?)
2024-03-29T20:01:55.928+09:00 DEBUG 26924 --- [    Test worker] org.hibernate.SQL                        : insert into webtoon_publishing_day (created_at,publishing_day_id,updated_at,webtoon_id) values (?,?,?,?)
Hibernate: insert into webtoon_publishing_day (created_at,publishing_day_id,updated_at,webtoon_id) values (?,?,?,?)
WEDNESDAY
2024-03-29T20:01:55.939+09:00 DEBUG 26924 --- [    Test worker] org.hibernate.SQL                        : select pd1_0.publishing_day_id,pd1_0.created_at,pd1_0.day,pd1_0.updated_at from publishing_day pd1_0 where pd1_0.day=?
Hibernate: select pd1_0.publishing_day_id,pd1_0.created_at,pd1_0.day,pd1_0.updated_at from publishing_day pd1_0 where pd1_0.day=?
PublishingDay{publishingDayId=3, createdAt=2024-03-29T19:55:41.069514, updatedAt=2024-03-29T19:55:41.069514, day='WEDNESDAY'}
2024-03-29T20:01:55.943+09:00 DEBUG 26924 --- [    Test worker] org.hibernate.SQL                        : insert into webtoon (created_at,description,no_youth,publication_status,thumbnail,title,updated_at) values (?,?,?,?,?,?,?)
Hibernate: insert into webtoon (created_at,description,no_youth,publication_status,thumbnail,title,updated_at) values (?,?,?,?,?,?,?)
2024-03-29T20:01:55.950+09:00 DEBUG 26924 --- [    Test worker] org.hibernate.SQL                        : insert into webtoon_publishing_day (created_at,publishing_day_id,updated_at,webtoon_id) values (?,?,?,?)
Hibernate: insert into webtoon_publishing_day (created_at,publishing_day_id,updated_at,webtoon_id) values (?,?,?,?)
WEDNESDAY
2024-03-29T20:01:55.956+09:00 DEBUG 26924 --- [    Test worker] org.hibernate.SQL                        : select pd1_0.publishing_day_id,pd1_0.created_at,pd1_0.day,pd1_0.updated_at from publishing_day pd1_0 where pd1_0.day=?
Hibernate: select pd1_0.publishing_day_id,pd1_0.created_at,pd1_0.day,pd1_0.updated_at from publishing_day pd1_0 where pd1_0.day=?
PublishingDay{publishingDayId=3, createdAt=2024-03-29T19:55:41.069514, updatedAt=2024-03-29T19:55:41.069514, day='WEDNESDAY'}
2024-03-29T20:01:55.959+09:00 DEBUG 26924 --- [    Test worker] org.hibernate.SQL                        : insert into webtoon (created_at,description,no_youth,publication_status,thumbnail,title,updated_at) values (?,?,?,?,?,?,?)
Hibernate: insert into webtoon (created_at,description,no_youth,publication_status,thumbnail,title,updated_at) values (?,?,?,?,?,?,?)
2024-03-29T20:01:55.966+09:00 DEBUG 26924 --- [    Test worker] org.hibernate.SQL                        : insert into webtoon_publishing_day (created_at,publishing_day_id,updated_at,webtoon_id) values (?,?,?,?)
Hibernate: insert into webtoon_publishing_day (created_at,publishing_day_id,updated_at,webtoon_id) values (?,?,?,?)
WEDNESDAY
2024-03-29T20:01:55.974+09:00 DEBUG 26924 --- [    Test worker] org.hibernate.SQL                        : select pd1_0.publishing_day_id,pd1_0.created_at,pd1_0.day,pd1_0.updated_at from publishing_day pd1_0 where pd1_0.day=?
Hibernate: select pd1_0.publishing_day_id,pd1_0.created_at,pd1_0.day,pd1_0.updated_at from publishing_day pd1_0 where pd1_0.day=?
PublishingDay{publishingDayId=3, createdAt=2024-03-29T19:55:41.069514, updatedAt=2024-03-29T19:55:41.069514, day='WEDNESDAY'}
2024-03-29T20:01:55.978+09:00 DEBUG 26924 --- [    Test worker] org.hibernate.SQL                        : insert into webtoon (created_at,description,no_youth,publication_status,thumbnail,title,updated_at) values (?,?,?,?,?,?,?)
Hibernate: insert into webtoon (created_at,description,no_youth,publication_status,thumbnail,title,updated_at) values (?,?,?,?,?,?,?)
2024-03-29T20:01:55.986+09:00 DEBUG 26924 --- [    Test worker] org.hibernate.SQL                        : insert into webtoon_publishing_day (created_at,publishing_day_id,updated_at,webtoon_id) values (?,?,?,?)
Hibernate: insert into webtoon_publishing_day (created_at,publishing_day_id,updated_at,webtoon_id) values (?,?,?,?)
WEDNESDAY
2024-03-29T20:01:55.995+09:00 DEBUG 26924 --- [    Test worker] org.hibernate.SQL                        : select pd1_0.publishing_day_id,pd1_0.created_at,pd1_0.day,pd1_0.updated_at from publishing_day pd1_0 where pd1_0.day=?
Hibernate: select pd1_0.publishing_day_id,pd1_0.created_at,pd1_0.day,pd1_0.updated_at from publishing_day pd1_0 where pd1_0.day=?
PublishingDay{publishingDayId=3, createdAt=2024-03-29T19:55:41.069514, updatedAt=2024-03-29T19:55:41.069514, day='WEDNESDAY'}
2024-03-29T20:01:55.998+09:00 DEBUG 26924 --- [    Test worker] org.hibernate.SQL                        : insert into webtoon (created_at,description,no_youth,publication_status,thumbnail,title,updated_at) values (?,?,?,?,?,?,?)
Hibernate: insert into webtoon (created_at,description,no_youth,publication_status,thumbnail,title,updated_at) values (?,?,?,?,?,?,?)
2024-03-29T20:01:56.005+09:00 DEBUG 26924 --- [    Test worker] org.hibernate.SQL                        : insert into webtoon_publishing_day (created_at,publishing_day_id,updated_at,webtoon_id) values (?,?,?,?)
Hibernate: insert into webtoon_publishing_day (created_at,publishing_day_id,updated_at,webtoon_id) values (?,?,?,?)
WEDNESDAY
2024-03-29T20:01:56.012+09:00 DEBUG 26924 --- [    Test worker] org.hibernate.SQL                        : select pd1_0.publishing_day_id,pd1_0.created_at,pd1_0.day,pd1_0.updated_at from publishing_day pd1_0 where pd1_0.day=?
Hibernate: select pd1_0.publishing_day_id,pd1_0.created_at,pd1_0.day,pd1_0.updated_at from publishing_day pd1_0 where pd1_0.day=?
PublishingDay{publishingDayId=3, createdAt=2024-03-29T19:55:41.069514, updatedAt=2024-03-29T19:55:41.069514, day='WEDNESDAY'}
2024-03-29T20:01:56.015+09:00 DEBUG 26924 --- [    Test worker] org.hibernate.SQL                        : insert into webtoon (created_at,description,no_youth,publication_status,thumbnail,title,updated_at) values (?,?,?,?,?,?,?)
Hibernate: insert into webtoon (created_at,description,no_youth,publication_status,thumbnail,title,updated_at) values (?,?,?,?,?,?,?)
2024-03-29T20:01:56.020+09:00 DEBUG 26924 --- [    Test worker] org.hibernate.SQL                        : insert into webtoon_publishing_day (created_at,publishing_day_id,updated_at,webtoon_id) values (?,?,?,?)
Hibernate: insert into webtoon_publishing_day (created_at,publishing_day_id,updated_at,webtoon_id) values (?,?,?,?)
WEDNESDAY
2024-03-29T20:01:56.026+09:00 DEBUG 26924 --- [    Test worker] org.hibernate.SQL                        : select pd1_0.publishing_day_id,pd1_0.created_at,pd1_0.day,pd1_0.updated_at from publishing_day pd1_0 where pd1_0.day=?
Hibernate: select pd1_0.publishing_day_id,pd1_0.created_at,pd1_0.day,pd1_0.updated_at from publishing_day pd1_0 where pd1_0.day=?
PublishingDay{publishingDayId=3, createdAt=2024-03-29T19:55:41.069514, updatedAt=2024-03-29T19:55:41.069514, day='WEDNESDAY'}
2024-03-29T20:01:56.028+09:00 DEBUG 26924 --- [    Test worker] org.hibernate.SQL                        : insert into webtoon (created_at,description,no_youth,publication_status,thumbnail,title,updated_at) values (?,?,?,?,?,?,?)
Hibernate: insert into webtoon (created_at,description,no_youth,publication_status,thumbnail,title,updated_at) values (?,?,?,?,?,?,?)
2024-03-29T20:01:56.033+09:00 DEBUG 26924 --- [    Test worker] org.hibernate.SQL                        : insert into webtoon_publishing_day (created_at,publishing_day_id,updated_at,webtoon_id) values (?,?,?,?)
Hibernate: insert into webtoon_publishing_day (created_at,publishing_day_id,updated_at,webtoon_id) values (?,?,?,?)
WEDNESDAY
2024-03-29T20:01:56.038+09:00 DEBUG 26924 --- [    Test worker] org.hibernate.SQL                        : select pd1_0.publishing_day_id,pd1_0.created_at,pd1_0.day,pd1_0.updated_at from publishing_day pd1_0 where pd1_0.day=?
Hibernate: select pd1_0.publishing_day_id,pd1_0.created_at,pd1_0.day,pd1_0.updated_at from publishing_day pd1_0 where pd1_0.day=?
PublishingDay{publishingDayId=3, createdAt=2024-03-29T19:55:41.069514, updatedAt=2024-03-29T19:55:41.069514, day='WEDNESDAY'}
2024-03-29T20:01:56.041+09:00 DEBUG 26924 --- [    Test worker] org.hibernate.SQL                        : insert into webtoon (created_at,description,no_youth,publication_status,thumbnail,title,updated_at) values (?,?,?,?,?,?,?)
Hibernate: insert into webtoon (created_at,description,no_youth,publication_status,thumbnail,title,updated_at) values (?,?,?,?,?,?,?)
2024-03-29T20:01:56.046+09:00 DEBUG 26924 --- [    Test worker] org.hibernate.SQL                        : insert into webtoon_publishing_day (created_at,publishing_day_id,updated_at,webtoon_id) values (?,?,?,?)
Hibernate: insert into webtoon_publishing_day (created_at,publishing_day_id,updated_at,webtoon_id) values (?,?,?,?)
WEDNESDAY
2024-03-29T20:01:56.051+09:00 DEBUG 26924 --- [    Test worker] org.hibernate.SQL                        : select pd1_0.publishing_day_id,pd1_0.created_at,pd1_0.day,pd1_0.updated_at from publishing_day pd1_0 where pd1_0.day=?
Hibernate: select pd1_0.publishing_day_id,pd1_0.created_at,pd1_0.day,pd1_0.updated_at from publishing_day pd1_0 where pd1_0.day=?
PublishingDay{publishingDayId=3, createdAt=2024-03-29T19:55:41.069514, updatedAt=2024-03-29T19:55:41.069514, day='WEDNESDAY'}
2024-03-29T20:01:56.053+09:00 DEBUG 26924 --- [    Test worker] org.hibernate.SQL                        : insert into webtoon (created_at,description,no_youth,publication_status,thumbnail,title,updated_at) values (?,?,?,?,?,?,?)
Hibernate: insert into webtoon (created_at,description,no_youth,publication_status,thumbnail,title,updated_at) values (?,?,?,?,?,?,?)
2024-03-29T20:01:56.058+09:00 DEBUG 26924 --- [    Test worker] org.hibernate.SQL                        : insert into webtoon_publishing_day (created_at,publishing_day_id,updated_at,webtoon_id) values (?,?,?,?)
Hibernate: insert into webtoon_publishing_day (created_at,publishing_day_id,updated_at,webtoon_id) values (?,?,?,?)
WEDNESDAY
2024-03-29T20:01:56.063+09:00 DEBUG 26924 --- [    Test worker] org.hibernate.SQL                        : select pd1_0.publishing_day_id,pd1_0.created_at,pd1_0.day,pd1_0.updated_at from publishing_day pd1_0 where pd1_0.day=?
Hibernate: select pd1_0.publishing_day_id,pd1_0.created_at,pd1_0.day,pd1_0.updated_at from publishing_day pd1_0 where pd1_0.day=?
PublishingDay{publishingDayId=3, createdAt=2024-03-29T19:55:41.069514, updatedAt=2024-03-29T19:55:41.069514, day='WEDNESDAY'}
2024-03-29T20:01:56.065+09:00 DEBUG 26924 --- [    Test worker] org.hibernate.SQL                        : insert into webtoon (created_at,description,no_youth,publication_status,thumbnail,title,updated_at) values (?,?,?,?,?,?,?)
Hibernate: insert into webtoon (created_at,description,no_youth,publication_status,thumbnail,title,updated_at) values (?,?,?,?,?,?,?)
2024-03-29T20:01:56.070+09:00 DEBUG 26924 --- [    Test worker] org.hibernate.SQL                        : insert into webtoon_publishing_day (created_at,publishing_day_id,updated_at,webtoon_id) values (?,?,?,?)
Hibernate: insert into webtoon_publishing_day (created_at,publishing_day_id,updated_at,webtoon_id) values (?,?,?,?)
WEDNESDAY
2024-03-29T20:01:56.076+09:00 DEBUG 26924 --- [    Test worker] org.hibernate.SQL                        : select pd1_0.publishing_day_id,pd1_0.created_at,pd1_0.day,pd1_0.updated_at from publishing_day pd1_0 where pd1_0.day=?
Hibernate: select pd1_0.publishing_day_id,pd1_0.created_at,pd1_0.day,pd1_0.updated_at from publishing_day pd1_0 where pd1_0.day=?
PublishingDay{publishingDayId=3, createdAt=2024-03-29T19:55:41.069514, updatedAt=2024-03-29T19:55:41.069514, day='WEDNESDAY'}
2024-03-29T20:01:56.079+09:00 DEBUG 26924 --- [    Test worker] org.hibernate.SQL                        : insert into webtoon (created_at,description,no_youth,publication_status,thumbnail,title,updated_at) values (?,?,?,?,?,?,?)
Hibernate: insert into webtoon (created_at,description,no_youth,publication_status,thumbnail,title,updated_at) values (?,?,?,?,?,?,?)
2024-03-29T20:01:56.084+09:00 DEBUG 26924 --- [    Test worker] org.hibernate.SQL                        : insert into webtoon_publishing_day (created_at,publishing_day_id,updated_at,webtoon_id) values (?,?,?,?)
Hibernate: insert into webtoon_publishing_day (created_at,publishing_day_id,updated_at,webtoon_id) values (?,?,?,?)
WEDNESDAY
2024-03-29T20:01:56.090+09:00 DEBUG 26924 --- [    Test worker] org.hibernate.SQL                        : select pd1_0.publishing_day_id,pd1_0.created_at,pd1_0.day,pd1_0.updated_at from publishing_day pd1_0 where pd1_0.day=?
Hibernate: select pd1_0.publishing_day_id,pd1_0.created_at,pd1_0.day,pd1_0.updated_at from publishing_day pd1_0 where pd1_0.day=?
PublishingDay{publishingDayId=3, createdAt=2024-03-29T19:55:41.069514, updatedAt=2024-03-29T19:55:41.069514, day='WEDNESDAY'}
2024-03-29T20:01:56.093+09:00 DEBUG 26924 --- [    Test worker] org.hibernate.SQL                        : insert into webtoon (created_at,description,no_youth,publication_status,thumbnail,title,updated_at) values (?,?,?,?,?,?,?)
Hibernate: insert into webtoon (created_at,description,no_youth,publication_status,thumbnail,title,updated_at) values (?,?,?,?,?,?,?)
2024-03-29T20:01:56.099+09:00 DEBUG 26924 --- [    Test worker] org.hibernate.SQL                        : insert into webtoon_publishing_day (created_at,publishing_day_id,updated_at,webtoon_id) values (?,?,?,?)
Hibernate: insert into webtoon_publishing_day (created_at,publishing_day_id,updated_at,webtoon_id) values (?,?,?,?)
WEDNESDAY
2024-03-29T20:01:56.104+09:00 DEBUG 26924 --- [    Test worker] org.hibernate.SQL                        : select pd1_0.publishing_day_id,pd1_0.created_at,pd1_0.day,pd1_0.updated_at from publishing_day pd1_0 where pd1_0.day=?
Hibernate: select pd1_0.publishing_day_id,pd1_0.created_at,pd1_0.day,pd1_0.updated_at from publishing_day pd1_0 where pd1_0.day=?
PublishingDay{publishingDayId=3, createdAt=2024-03-29T19:55:41.069514, updatedAt=2024-03-29T19:55:41.069514, day='WEDNESDAY'}
2024-03-29T20:01:56.108+09:00 DEBUG 26924 --- [    Test worker] org.hibernate.SQL                        : insert into webtoon (created_at,description,no_youth,publication_status,thumbnail,title,updated_at) values (?,?,?,?,?,?,?)
Hibernate: insert into webtoon (created_at,description,no_youth,publication_status,thumbnail,title,updated_at) values (?,?,?,?,?,?,?)
2024-03-29T20:01:56.114+09:00 DEBUG 26924 --- [    Test worker] org.hibernate.SQL                        : insert into webtoon_publishing_day (created_at,publishing_day_id,updated_at,webtoon_id) values (?,?,?,?)
Hibernate: insert into webtoon_publishing_day (created_at,publishing_day_id,updated_at,webtoon_id) values (?,?,?,?)
WEDNESDAY
2024-03-29T20:01:56.124+09:00 DEBUG 26924 --- [    Test worker] org.hibernate.SQL                        : select pd1_0.publishing_day_id,pd1_0.created_at,pd1_0.day,pd1_0.updated_at from publishing_day pd1_0 where pd1_0.day=?
Hibernate: select pd1_0.publishing_day_id,pd1_0.created_at,pd1_0.day,pd1_0.updated_at from publishing_day pd1_0 where pd1_0.day=?
PublishingDay{publishingDayId=3, createdAt=2024-03-29T19:55:41.069514, updatedAt=2024-03-29T19:55:41.069514, day='WEDNESDAY'}
2024-03-29T20:01:56.128+09:00 DEBUG 26924 --- [    Test worker] org.hibernate.SQL                        : insert into webtoon (created_at,description,no_youth,publication_status,thumbnail,title,updated_at) values (?,?,?,?,?,?,?)
Hibernate: insert into webtoon (created_at,description,no_youth,publication_status,thumbnail,title,updated_at) values (?,?,?,?,?,?,?)
2024-03-29T20:01:56.137+09:00 DEBUG 26924 --- [    Test worker] org.hibernate.SQL                        : insert into webtoon_publishing_day (created_at,publishing_day_id,updated_at,webtoon_id) values (?,?,?,?)
Hibernate: insert into webtoon_publishing_day (created_at,publishing_day_id,updated_at,webtoon_id) values (?,?,?,?)
WEDNESDAY
2024-03-29T20:01:56.148+09:00 DEBUG 26924 --- [    Test worker] org.hibernate.SQL                        : select pd1_0.publishing_day_id,pd1_0.created_at,pd1_0.day,pd1_0.updated_at from publishing_day pd1_0 where pd1_0.day=?
Hibernate: select pd1_0.publishing_day_id,pd1_0.created_at,pd1_0.day,pd1_0.updated_at from publishing_day pd1_0 where pd1_0.day=?
PublishingDay{publishingDayId=3, createdAt=2024-03-29T19:55:41.069514, updatedAt=2024-03-29T19:55:41.069514, day='WEDNESDAY'}
2024-03-29T20:01:56.151+09:00 DEBUG 26924 --- [    Test worker] org.hibernate.SQL                        : insert into webtoon (created_at,description,no_youth,publication_status,thumbnail,title,updated_at) values (?,?,?,?,?,?,?)
Hibernate: insert into webtoon (created_at,description,no_youth,publication_status,thumbnail,title,updated_at) values (?,?,?,?,?,?,?)
2024-03-29T20:01:56.162+09:00 DEBUG 26924 --- [    Test worker] org.hibernate.SQL                        : insert into webtoon_publishing_day (created_at,publishing_day_id,updated_at,webtoon_id) values (?,?,?,?)
Hibernate: insert into webtoon_publishing_day (created_at,publishing_day_id,updated_at,webtoon_id) values (?,?,?,?)
WEDNESDAY
2024-03-29T20:01:56.171+09:00 DEBUG 26924 --- [    Test worker] org.hibernate.SQL                        : select pd1_0.publishing_day_id,pd1_0.created_at,pd1_0.day,pd1_0.updated_at from publishing_day pd1_0 where pd1_0.day=?
Hibernate: select pd1_0.publishing_day_id,pd1_0.created_at,pd1_0.day,pd1_0.updated_at from publishing_day pd1_0 where pd1_0.day=?
PublishingDay{publishingDayId=3, createdAt=2024-03-29T19:55:41.069514, updatedAt=2024-03-29T19:55:41.069514, day='WEDNESDAY'}
2024-03-29T20:01:56.174+09:00 DEBUG 26924 --- [    Test worker] org.hibernate.SQL                        : insert into webtoon (created_at,description,no_youth,publication_status,thumbnail,title,updated_at) values (?,?,?,?,?,?,?)
Hibernate: insert into webtoon (created_at,description,no_youth,publication_status,thumbnail,title,updated_at) values (?,?,?,?,?,?,?)
2024-03-29T20:01:56.181+09:00 DEBUG 26924 --- [    Test worker] org.hibernate.SQL                        : insert into webtoon_publishing_day (created_at,publishing_day_id,updated_at,webtoon_id) values (?,?,?,?)
Hibernate: insert into webtoon_publishing_day (created_at,publishing_day_id,updated_at,webtoon_id) values (?,?,?,?)
WEDNESDAY
2024-03-29T20:01:56.189+09:00 DEBUG 26924 --- [    Test worker] org.hibernate.SQL                        : select pd1_0.publishing_day_id,pd1_0.created_at,pd1_0.day,pd1_0.updated_at from publishing_day pd1_0 where pd1_0.day=?
Hibernate: select pd1_0.publishing_day_id,pd1_0.created_at,pd1_0.day,pd1_0.updated_at from publishing_day pd1_0 where pd1_0.day=?
PublishingDay{publishingDayId=3, createdAt=2024-03-29T19:55:41.069514, updatedAt=2024-03-29T19:55:41.069514, day='WEDNESDAY'}
2024-03-29T20:01:56.194+09:00 DEBUG 26924 --- [    Test worker] org.hibernate.SQL                        : insert into webtoon (created_at,description,no_youth,publication_status,thumbnail,title,updated_at) values (?,?,?,?,?,?,?)
Hibernate: insert into webtoon (created_at,description,no_youth,publication_status,thumbnail,title,updated_at) values (?,?,?,?,?,?,?)
2024-03-29T20:01:56.202+09:00 DEBUG 26924 --- [    Test worker] org.hibernate.SQL                        : insert into webtoon_publishing_day (created_at,publishing_day_id,updated_at,webtoon_id) values (?,?,?,?)
Hibernate: insert into webtoon_publishing_day (created_at,publishing_day_id,updated_at,webtoon_id) values (?,?,?,?)
FALSE
2024-03-29T20:01:56.211+09:00 DEBUG 26924 --- [    Test worker] org.hibernate.SQL                        : select pd1_0.publishing_day_id,pd1_0.created_at,pd1_0.day,pd1_0.updated_at from publishing_day pd1_0 where pd1_0.day=?
Hibernate: select pd1_0.publishing_day_id,pd1_0.created_at,pd1_0.day,pd1_0.updated_at from publishing_day pd1_0 where pd1_0.day=?
null
2024-03-29T20:01:56.215+09:00 DEBUG 26924 --- [    Test worker] org.hibernate.SQL                        : insert into webtoon (created_at,description,no_youth,publication_status,thumbnail,title,updated_at) values (?,?,?,?,?,?,?)
Hibernate: insert into webtoon (created_at,description,no_youth,publication_status,thumbnail,title,updated_at) values (?,?,?,?,?,?,?)
2024-03-29T20:01:56.222+09:00 DEBUG 26924 --- [    Test worker] org.hibernate.SQL                        : insert into webtoon_publishing_day (created_at,publishing_day_id,updated_at,webtoon_id) values (?,?,?,?)
Hibernate: insert into webtoon_publishing_day (created_at,publishing_day_id,updated_at,webtoon_id) values (?,?,?,?)
WEDNESDAY
2024-03-29T20:01:56.229+09:00 DEBUG 26924 --- [    Test worker] org.hibernate.SQL                        : select pd1_0.publishing_day_id,pd1_0.created_at,pd1_0.day,pd1_0.updated_at from publishing_day pd1_0 where pd1_0.day=?
Hibernate: select pd1_0.publishing_day_id,pd1_0.created_at,pd1_0.day,pd1_0.updated_at from publishing_day pd1_0 where pd1_0.day=?
PublishingDay{publishingDayId=3, createdAt=2024-03-29T19:55:41.069514, updatedAt=2024-03-29T19:55:41.069514, day='WEDNESDAY'}
2024-03-29T20:01:56.231+09:00 DEBUG 26924 --- [    Test worker] org.hibernate.SQL                        : insert into webtoon (created_at,description,no_youth,publication_status,thumbnail,title,updated_at) values (?,?,?,?,?,?,?)
Hibernate: insert into webtoon (created_at,description,no_youth,publication_status,thumbnail,title,updated_at) values (?,?,?,?,?,?,?)
2024-03-29T20:01:56.237+09:00 DEBUG 26924 --- [    Test worker] org.hibernate.SQL                        : insert into webtoon_publishing_day (created_at,publishing_day_id,updated_at,webtoon_id) values (?,?,?,?)
Hibernate: insert into webtoon_publishing_day (created_at,publishing_day_id,updated_at,webtoon_id) values (?,?,?,?)
WEDNESDAY
2024-03-29T20:01:56.243+09:00 DEBUG 26924 --- [    Test worker] org.hibernate.SQL                        : select pd1_0.publishing_day_id,pd1_0.created_at,pd1_0.day,pd1_0.updated_at from publishing_day pd1_0 where pd1_0.day=?
Hibernate: select pd1_0.publishing_day_id,pd1_0.created_at,pd1_0.day,pd1_0.updated_at from publishing_day pd1_0 where pd1_0.day=?
PublishingDay{publishingDayId=3, createdAt=2024-03-29T19:55:41.069514, updatedAt=2024-03-29T19:55:41.069514, day='WEDNESDAY'}
2024-03-29T20:01:56.245+09:00 DEBUG 26924 --- [    Test worker] org.hibernate.SQL                        : insert into webtoon (created_at,description,no_youth,publication_status,thumbnail,title,updated_at) values (?,?,?,?,?,?,?)
Hibernate: insert into webtoon (created_at,description,no_youth,publication_status,thumbnail,title,updated_at) values (?,?,?,?,?,?,?)
2024-03-29T20:01:56.251+09:00 DEBUG 26924 --- [    Test worker] org.hibernate.SQL                        : insert into webtoon_publishing_day (created_at,publishing_day_id,updated_at,webtoon_id) values (?,?,?,?)
Hibernate: insert into webtoon_publishing_day (created_at,publishing_day_id,updated_at,webtoon_id) values (?,?,?,?)
WEDNESDAY
2024-03-29T20:01:56.257+09:00 DEBUG 26924 --- [    Test worker] org.hibernate.SQL                        : select pd1_0.publishing_day_id,pd1_0.created_at,pd1_0.day,pd1_0.updated_at from publishing_day pd1_0 where pd1_0.day=?
Hibernate: select pd1_0.publishing_day_id,pd1_0.created_at,pd1_0.day,pd1_0.updated_at from publishing_day pd1_0 where pd1_0.day=?
PublishingDay{publishingDayId=3, createdAt=2024-03-29T19:55:41.069514, updatedAt=2024-03-29T19:55:41.069514, day='WEDNESDAY'}
2024-03-29T20:01:56.260+09:00 DEBUG 26924 --- [    Test worker] org.hibernate.SQL                        : insert into webtoon (created_at,description,no_youth,publication_status,thumbnail,title,updated_at) values (?,?,?,?,?,?,?)
Hibernate: insert into webtoon (created_at,description,no_youth,publication_status,thumbnail,title,updated_at) values (?,?,?,?,?,?,?)
2024-03-29T20:01:56.266+09:00 DEBUG 26924 --- [    Test worker] org.hibernate.SQL                        : insert into webtoon_publishing_day (created_at,publishing_day_id,updated_at,webtoon_id) values (?,?,?,?)
Hibernate: insert into webtoon_publishing_day (created_at,publishing_day_id,updated_at,webtoon_id) values (?,?,?,?)
WEDNESDAY
2024-03-29T20:01:56.273+09:00 DEBUG 26924 --- [    Test worker] org.hibernate.SQL                        : select pd1_0.publishing_day_id,pd1_0.created_at,pd1_0.day,pd1_0.updated_at from publishing_day pd1_0 where pd1_0.day=?
Hibernate: select pd1_0.publishing_day_id,pd1_0.created_at,pd1_0.day,pd1_0.updated_at from publishing_day pd1_0 where pd1_0.day=?
PublishingDay{publishingDayId=3, createdAt=2024-03-29T19:55:41.069514, updatedAt=2024-03-29T19:55:41.069514, day='WEDNESDAY'}
2024-03-29T20:01:56.277+09:00 DEBUG 26924 --- [    Test worker] org.hibernate.SQL                        : insert into webtoon (created_at,description,no_youth,publication_status,thumbnail,title,updated_at) values (?,?,?,?,?,?,?)
Hibernate: insert into webtoon (created_at,description,no_youth,publication_status,thumbnail,title,updated_at) values (?,?,?,?,?,?,?)
2024-03-29T20:01:56.285+09:00 DEBUG 26924 --- [    Test worker] org.hibernate.SQL                        : insert into webtoon_publishing_day (created_at,publishing_day_id,updated_at,webtoon_id) values (?,?,?,?)
Hibernate: insert into webtoon_publishing_day (created_at,publishing_day_id,updated_at,webtoon_id) values (?,?,?,?)
WEDNESDAY
2024-03-29T20:01:56.292+09:00 DEBUG 26924 --- [    Test worker] org.hibernate.SQL                        : select pd1_0.publishing_day_id,pd1_0.created_at,pd1_0.day,pd1_0.updated_at from publishing_day pd1_0 where pd1_0.day=?
Hibernate: select pd1_0.publishing_day_id,pd1_0.created_at,pd1_0.day,pd1_0.updated_at from publishing_day pd1_0 where pd1_0.day=?
PublishingDay{publishingDayId=3, createdAt=2024-03-29T19:55:41.069514, updatedAt=2024-03-29T19:55:41.069514, day='WEDNESDAY'}
2024-03-29T20:01:56.294+09:00 DEBUG 26924 --- [    Test worker] org.hibernate.SQL                        : insert into webtoon (created_at,description,no_youth,publication_status,thumbnail,title,updated_at) values (?,?,?,?,?,?,?)
Hibernate: insert into webtoon (created_at,description,no_youth,publication_status,thumbnail,title,updated_at) values (?,?,?,?,?,?,?)
2024-03-29T20:01:56.301+09:00 DEBUG 26924 --- [    Test worker] org.hibernate.SQL                        : insert into webtoon_publishing_day (created_at,publishing_day_id,updated_at,webtoon_id) values (?,?,?,?)
Hibernate: insert into webtoon_publishing_day (created_at,publishing_day_id,updated_at,webtoon_id) values (?,?,?,?)
FALSE
2024-03-29T20:01:56.308+09:00 DEBUG 26924 --- [    Test worker] org.hibernate.SQL                        : select pd1_0.publishing_day_id,pd1_0.created_at,pd1_0.day,pd1_0.updated_at from publishing_day pd1_0 where pd1_0.day=?
Hibernate: select pd1_0.publishing_day_id,pd1_0.created_at,pd1_0.day,pd1_0.updated_at from publishing_day pd1_0 where pd1_0.day=?
null
2024-03-29T20:01:56.310+09:00 DEBUG 26924 --- [    Test worker] org.hibernate.SQL                        : insert into webtoon (created_at,description,no_youth,publication_status,thumbnail,title,updated_at) values (?,?,?,?,?,?,?)
Hibernate: insert into webtoon (created_at,description,no_youth,publication_status,thumbnail,title,updated_at) values (?,?,?,?,?,?,?)
2024-03-29T20:01:56.317+09:00 DEBUG 26924 --- [    Test worker] org.hibernate.SQL                        : insert into webtoon_publishing_day (created_at,publishing_day_id,updated_at,webtoon_id) values (?,?,?,?)
Hibernate: insert into webtoon_publishing_day (created_at,publishing_day_id,updated_at,webtoon_id) values (?,?,?,?)
WEDNESDAY
2024-03-29T20:01:56.323+09:00 DEBUG 26924 --- [    Test worker] org.hibernate.SQL                        : select pd1_0.publishing_day_id,pd1_0.created_at,pd1_0.day,pd1_0.updated_at from publishing_day pd1_0 where pd1_0.day=?
Hibernate: select pd1_0.publishing_day_id,pd1_0.created_at,pd1_0.day,pd1_0.updated_at from publishing_day pd1_0 where pd1_0.day=?
PublishingDay{publishingDayId=3, createdAt=2024-03-29T19:55:41.069514, updatedAt=2024-03-29T19:55:41.069514, day='WEDNESDAY'}
2024-03-29T20:01:56.327+09:00 DEBUG 26924 --- [    Test worker] org.hibernate.SQL                        : insert into webtoon (created_at,description,no_youth,publication_status,thumbnail,title,updated_at) values (?,?,?,?,?,?,?)
Hibernate: insert into webtoon (created_at,description,no_youth,publication_status,thumbnail,title,updated_at) values (?,?,?,?,?,?,?)
2024-03-29T20:01:56.334+09:00 DEBUG 26924 --- [    Test worker] org.hibernate.SQL                        : insert into webtoon_publishing_day (created_at,publishing_day_id,updated_at,webtoon_id) values (?,?,?,?)
Hibernate: insert into webtoon_publishing_day (created_at,publishing_day_id,updated_at,webtoon_id) values (?,?,?,?)
WEDNESDAY
2024-03-29T20:01:56.343+09:00 DEBUG 26924 --- [    Test worker] org.hibernate.SQL                        : select pd1_0.publishing_day_id,pd1_0.created_at,pd1_0.day,pd1_0.updated_at from publishing_day pd1_0 where pd1_0.day=?
Hibernate: select pd1_0.publishing_day_id,pd1_0.created_at,pd1_0.day,pd1_0.updated_at from publishing_day pd1_0 where pd1_0.day=?
PublishingDay{publishingDayId=3, createdAt=2024-03-29T19:55:41.069514, updatedAt=2024-03-29T19:55:41.069514, day='WEDNESDAY'}
2024-03-29T20:01:56.347+09:00 DEBUG 26924 --- [    Test worker] org.hibernate.SQL                        : insert into webtoon (created_at,description,no_youth,publication_status,thumbnail,title,updated_at) values (?,?,?,?,?,?,?)
Hibernate: insert into webtoon (created_at,description,no_youth,publication_status,thumbnail,title,updated_at) values (?,?,?,?,?,?,?)
2024-03-29T20:01:56.354+09:00 DEBUG 26924 --- [    Test worker] org.hibernate.SQL                        : insert into webtoon_publishing_day (created_at,publishing_day_id,updated_at,webtoon_id) values (?,?,?,?)
Hibernate: insert into webtoon_publishing_day (created_at,publishing_day_id,updated_at,webtoon_id) values (?,?,?,?)
WEDNESDAY
2024-03-29T20:01:56.362+09:00 DEBUG 26924 --- [    Test worker] org.hibernate.SQL                        : select pd1_0.publishing_day_id,pd1_0.created_at,pd1_0.day,pd1_0.updated_at from publishing_day pd1_0 where pd1_0.day=?
Hibernate: select pd1_0.publishing_day_id,pd1_0.created_at,pd1_0.day,pd1_0.updated_at from publishing_day pd1_0 where pd1_0.day=?
PublishingDay{publishingDayId=3, createdAt=2024-03-29T19:55:41.069514, updatedAt=2024-03-29T19:55:41.069514, day='WEDNESDAY'}
2024-03-29T20:01:56.365+09:00 DEBUG 26924 --- [    Test worker] org.hibernate.SQL                        : insert into webtoon (created_at,description,no_youth,publication_status,thumbnail,title,updated_at) values (?,?,?,?,?,?,?)
Hibernate: insert into webtoon (created_at,description,no_youth,publication_status,thumbnail,title,updated_at) values (?,?,?,?,?,?,?)
2024-03-29T20:01:56.375+09:00 DEBUG 26924 --- [    Test worker] org.hibernate.SQL                        : insert into webtoon_publishing_day (created_at,publishing_day_id,updated_at,webtoon_id) values (?,?,?,?)
Hibernate: insert into webtoon_publishing_day (created_at,publishing_day_id,updated_at,webtoon_id) values (?,?,?,?)
SUNDAY
2024-03-29T20:01:56.382+09:00 DEBUG 26924 --- [    Test worker] org.hibernate.SQL                        : select pd1_0.publishing_day_id,pd1_0.created_at,pd1_0.day,pd1_0.updated_at from publishing_day pd1_0 where pd1_0.day=?
Hibernate: select pd1_0.publishing_day_id,pd1_0.created_at,pd1_0.day,pd1_0.updated_at from publishing_day pd1_0 where pd1_0.day=?
PublishingDay{publishingDayId=7, createdAt=2024-03-29T19:55:41.069514, updatedAt=2024-03-29T19:55:41.069514, day='SUNDAY'}
2024-03-29T20:01:56.387+09:00 DEBUG 26924 --- [    Test worker] org.hibernate.SQL                        : insert into webtoon (created_at,description,no_youth,publication_status,thumbnail,title,updated_at) values (?,?,?,?,?,?,?)
Hibernate: insert into webtoon (created_at,description,no_youth,publication_status,thumbnail,title,updated_at) values (?,?,?,?,?,?,?)
2024-03-29T20:01:56.394+09:00 DEBUG 26924 --- [    Test worker] org.hibernate.SQL                        : insert into webtoon_publishing_day (created_at,publishing_day_id,updated_at,webtoon_id) values (?,?,?,?)
Hibernate: insert into webtoon_publishing_day (created_at,publishing_day_id,updated_at,webtoon_id) values (?,?,?,?)
SUNDAY
2024-03-29T20:01:56.401+09:00 DEBUG 26924 --- [    Test worker] org.hibernate.SQL                        : select pd1_0.publishing_day_id,pd1_0.created_at,pd1_0.day,pd1_0.updated_at from publishing_day pd1_0 where pd1_0.day=?
Hibernate: select pd1_0.publishing_day_id,pd1_0.created_at,pd1_0.day,pd1_0.updated_at from publishing_day pd1_0 where pd1_0.day=?
PublishingDay{publishingDayId=7, createdAt=2024-03-29T19:55:41.069514, updatedAt=2024-03-29T19:55:41.069514, day='SUNDAY'}
2024-03-29T20:01:56.403+09:00 DEBUG 26924 --- [    Test worker] org.hibernate.SQL                        : insert into webtoon (created_at,description,no_youth,publication_status,thumbnail,title,updated_at) values (?,?,?,?,?,?,?)
Hibernate: insert into webtoon (created_at,description,no_youth,publication_status,thumbnail,title,updated_at) values (?,?,?,?,?,?,?)
2024-03-29T20:01:56.411+09:00 DEBUG 26924 --- [    Test worker] org.hibernate.SQL                        : insert into webtoon_publishing_day (created_at,publishing_day_id,updated_at,webtoon_id) values (?,?,?,?)
Hibernate: insert into webtoon_publishing_day (created_at,publishing_day_id,updated_at,webtoon_id) values (?,?,?,?)
SUNDAY
2024-03-29T20:01:56.418+09:00 DEBUG 26924 --- [    Test worker] org.hibernate.SQL                        : select pd1_0.publishing_day_id,pd1_0.created_at,pd1_0.day,pd1_0.updated_at from publishing_day pd1_0 where pd1_0.day=?
Hibernate: select pd1_0.publishing_day_id,pd1_0.created_at,pd1_0.day,pd1_0.updated_at from publishing_day pd1_0 where pd1_0.day=?
PublishingDay{publishingDayId=7, createdAt=2024-03-29T19:55:41.069514, updatedAt=2024-03-29T19:55:41.069514, day='SUNDAY'}
2024-03-29T20:01:56.421+09:00 DEBUG 26924 --- [    Test worker] org.hibernate.SQL                        : insert into webtoon (created_at,description,no_youth,publication_status,thumbnail,title,updated_at) values (?,?,?,?,?,?,?)
Hibernate: insert into webtoon (created_at,description,no_youth,publication_status,thumbnail,title,updated_at) values (?,?,?,?,?,?,?)
2024-03-29T20:01:56.427+09:00 DEBUG 26924 --- [    Test worker] org.hibernate.SQL                        : insert into webtoon_publishing_day (created_at,publishing_day_id,updated_at,webtoon_id) values (?,?,?,?)
Hibernate: insert into webtoon_publishing_day (created_at,publishing_day_id,updated_at,webtoon_id) values (?,?,?,?)
SUNDAY
2024-03-29T20:01:56.432+09:00 DEBUG 26924 --- [    Test worker] org.hibernate.SQL                        : select pd1_0.publishing_day_id,pd1_0.created_at,pd1_0.day,pd1_0.updated_at from publishing_day pd1_0 where pd1_0.day=?
Hibernate: select pd1_0.publishing_day_id,pd1_0.created_at,pd1_0.day,pd1_0.updated_at from publishing_day pd1_0 where pd1_0.day=?
PublishingDay{publishingDayId=7, createdAt=2024-03-29T19:55:41.069514, updatedAt=2024-03-29T19:55:41.069514, day='SUNDAY'}
2024-03-29T20:01:56.433+09:00 DEBUG 26924 --- [    Test worker] org.hibernate.SQL                        : insert into webtoon (created_at,description,no_youth,publication_status,thumbnail,title,updated_at) values (?,?,?,?,?,?,?)
Hibernate: insert into webtoon (created_at,description,no_youth,publication_status,thumbnail,title,updated_at) values (?,?,?,?,?,?,?)
2024-03-29T20:01:56.437+09:00 DEBUG 26924 --- [    Test worker] org.hibernate.SQL                        : insert into webtoon_publishing_day (created_at,publishing_day_id,updated_at,webtoon_id) values (?,?,?,?)
Hibernate: insert into webtoon_publishing_day (created_at,publishing_day_id,updated_at,webtoon_id) values (?,?,?,?)
SUNDAY
2024-03-29T20:01:56.443+09:00 DEBUG 26924 --- [    Test worker] org.hibernate.SQL                        : select pd1_0.publishing_day_id,pd1_0.created_at,pd1_0.day,pd1_0.updated_at from publishing_day pd1_0 where pd1_0.day=?
Hibernate: select pd1_0.publishing_day_id,pd1_0.created_at,pd1_0.day,pd1_0.updated_at from publishing_day pd1_0 where pd1_0.day=?
PublishingDay{publishingDayId=7, createdAt=2024-03-29T19:55:41.069514, updatedAt=2024-03-29T19:55:41.069514, day='SUNDAY'}
2024-03-29T20:01:56.445+09:00 DEBUG 26924 --- [    Test worker] org.hibernate.SQL                        : insert into webtoon (created_at,description,no_youth,publication_status,thumbnail,title,updated_at) values (?,?,?,?,?,?,?)
Hibernate: insert into webtoon (created_at,description,no_youth,publication_status,thumbnail,title,updated_at) values (?,?,?,?,?,?,?)
2024-03-29T20:01:56.449+09:00 DEBUG 26924 --- [    Test worker] org.hibernate.SQL                        : insert into webtoon_publishing_day (created_at,publishing_day_id,updated_at,webtoon_id) values (?,?,?,?)
Hibernate: insert into webtoon_publishing_day (created_at,publishing_day_id,updated_at,webtoon_id) values (?,?,?,?)
SUNDAY
2024-03-29T20:01:56.455+09:00 DEBUG 26924 --- [    Test worker] org.hibernate.SQL                        : select pd1_0.publishing_day_id,pd1_0.created_at,pd1_0.day,pd1_0.updated_at from publishing_day pd1_0 where pd1_0.day=?
Hibernate: select pd1_0.publishing_day_id,pd1_0.created_at,pd1_0.day,pd1_0.updated_at from publishing_day pd1_0 where pd1_0.day=?
PublishingDay{publishingDayId=7, createdAt=2024-03-29T19:55:41.069514, updatedAt=2024-03-29T19:55:41.069514, day='SUNDAY'}
2024-03-29T20:01:56.457+09:00 DEBUG 26924 --- [    Test worker] org.hibernate.SQL                        : insert into webtoon (created_at,description,no_youth,publication_status,thumbnail,title,updated_at) values (?,?,?,?,?,?,?)
Hibernate: insert into webtoon (created_at,description,no_youth,publication_status,thumbnail,title,updated_at) values (?,?,?,?,?,?,?)
2024-03-29T20:01:56.462+09:00 DEBUG 26924 --- [    Test worker] org.hibernate.SQL                        : insert into webtoon_publishing_day (created_at,publishing_day_id,updated_at,webtoon_id) values (?,?,?,?)
Hibernate: insert into webtoon_publishing_day (created_at,publishing_day_id,updated_at,webtoon_id) values (?,?,?,?)
SUNDAY
2024-03-29T20:01:56.466+09:00 DEBUG 26924 --- [    Test worker] org.hibernate.SQL                        : select pd1_0.publishing_day_id,pd1_0.created_at,pd1_0.day,pd1_0.updated_at from publishing_day pd1_0 where pd1_0.day=?
Hibernate: select pd1_0.publishing_day_id,pd1_0.created_at,pd1_0.day,pd1_0.updated_at from publishing_day pd1_0 where pd1_0.day=?
PublishingDay{publishingDayId=7, createdAt=2024-03-29T19:55:41.069514, updatedAt=2024-03-29T19:55:41.069514, day='SUNDAY'}
2024-03-29T20:01:56.468+09:00 DEBUG 26924 --- [    Test worker] org.hibernate.SQL                        : insert into webtoon (created_at,description,no_youth,publication_status,thumbnail,title,updated_at) values (?,?,?,?,?,?,?)
Hibernate: insert into webtoon (created_at,description,no_youth,publication_status,thumbnail,title,updated_at) values (?,?,?,?,?,?,?)
2024-03-29T20:01:56.472+09:00 DEBUG 26924 --- [    Test worker] org.hibernate.SQL                        : insert into webtoon_publishing_day (created_at,publishing_day_id,updated_at,webtoon_id) values (?,?,?,?)
Hibernate: insert into webtoon_publishing_day (created_at,publishing_day_id,updated_at,webtoon_id) values (?,?,?,?)
SUNDAY
2024-03-29T20:01:56.476+09:00 DEBUG 26924 --- [    Test worker] org.hibernate.SQL                        : select pd1_0.publishing_day_id,pd1_0.created_at,pd1_0.day,pd1_0.updated_at from publishing_day pd1_0 where pd1_0.day=?
Hibernate: select pd1_0.publishing_day_id,pd1_0.created_at,pd1_0.day,pd1_0.updated_at from publishing_day pd1_0 where pd1_0.day=?
PublishingDay{publishingDayId=7, createdAt=2024-03-29T19:55:41.069514, updatedAt=2024-03-29T19:55:41.069514, day='SUNDAY'}
2024-03-29T20:01:56.478+09:00 DEBUG 26924 --- [    Test worker] org.hibernate.SQL                        : insert into webtoon (created_at,description,no_youth,publication_status,thumbnail,title,updated_at) values (?,?,?,?,?,?,?)
Hibernate: insert into webtoon (created_at,description,no_youth,publication_status,thumbnail,title,updated_at) values (?,?,?,?,?,?,?)
2024-03-29T20:01:56.482+09:00 DEBUG 26924 --- [    Test worker] org.hibernate.SQL                        : insert into webtoon_publishing_day (created_at,publishing_day_id,updated_at,webtoon_id) values (?,?,?,?)
Hibernate: insert into webtoon_publishing_day (created_at,publishing_day_id,updated_at,webtoon_id) values (?,?,?,?)
SUNDAY
2024-03-29T20:01:56.487+09:00 DEBUG 26924 --- [    Test worker] org.hibernate.SQL                        : select pd1_0.publishing_day_id,pd1_0.created_at,pd1_0.day,pd1_0.updated_at from publishing_day pd1_0 where pd1_0.day=?
Hibernate: select pd1_0.publishing_day_id,pd1_0.created_at,pd1_0.day,pd1_0.updated_at from publishing_day pd1_0 where pd1_0.day=?
PublishingDay{publishingDayId=7, createdAt=2024-03-29T19:55:41.069514, updatedAt=2024-03-29T19:55:41.069514, day='SUNDAY'}
2024-03-29T20:01:56.489+09:00 DEBUG 26924 --- [    Test worker] org.hibernate.SQL                        : insert into webtoon (created_at,description,no_youth,publication_status,thumbnail,title,updated_at) values (?,?,?,?,?,?,?)
Hibernate: insert into webtoon (created_at,description,no_youth,publication_status,thumbnail,title,updated_at) values (?,?,?,?,?,?,?)
2024-03-29T20:01:56.494+09:00 DEBUG 26924 --- [    Test worker] org.hibernate.SQL                        : insert into webtoon_publishing_day (created_at,publishing_day_id,updated_at,webtoon_id) values (?,?,?,?)
Hibernate: insert into webtoon_publishing_day (created_at,publishing_day_id,updated_at,webtoon_id) values (?,?,?,?)
SUNDAY
2024-03-29T20:01:56.498+09:00 DEBUG 26924 --- [    Test worker] org.hibernate.SQL                        : select pd1_0.publishing_day_id,pd1_0.created_at,pd1_0.day,pd1_0.updated_at from publishing_day pd1_0 where pd1_0.day=?
Hibernate: select pd1_0.publishing_day_id,pd1_0.created_at,pd1_0.day,pd1_0.updated_at from publishing_day pd1_0 where pd1_0.day=?
PublishingDay{publishingDayId=7, createdAt=2024-03-29T19:55:41.069514, updatedAt=2024-03-29T19:55:41.069514, day='SUNDAY'}
2024-03-29T20:01:56.500+09:00 DEBUG 26924 --- [    Test worker] org.hibernate.SQL                        : insert into webtoon (created_at,description,no_youth,publication_status,thumbnail,title,updated_at) values (?,?,?,?,?,?,?)
Hibernate: insert into webtoon (created_at,description,no_youth,publication_status,thumbnail,title,updated_at) values (?,?,?,?,?,?,?)
2024-03-29T20:01:56.505+09:00 DEBUG 26924 --- [    Test worker] org.hibernate.SQL                        : insert into webtoon_publishing_day (created_at,publishing_day_id,updated_at,webtoon_id) values (?,?,?,?)
Hibernate: insert into webtoon_publishing_day (created_at,publishing_day_id,updated_at,webtoon_id) values (?,?,?,?)
SUNDAY
2024-03-29T20:01:56.509+09:00 DEBUG 26924 --- [    Test worker] org.hibernate.SQL                        : select pd1_0.publishing_day_id,pd1_0.created_at,pd1_0.day,pd1_0.updated_at from publishing_day pd1_0 where pd1_0.day=?
Hibernate: select pd1_0.publishing_day_id,pd1_0.created_at,pd1_0.day,pd1_0.updated_at from publishing_day pd1_0 where pd1_0.day=?
PublishingDay{publishingDayId=7, createdAt=2024-03-29T19:55:41.069514, updatedAt=2024-03-29T19:55:41.069514, day='SUNDAY'}
2024-03-29T20:01:56.512+09:00 DEBUG 26924 --- [    Test worker] org.hibernate.SQL                        : insert into webtoon (created_at,description,no_youth,publication_status,thumbnail,title,updated_at) values (?,?,?,?,?,?,?)
Hibernate: insert into webtoon (created_at,description,no_youth,publication_status,thumbnail,title,updated_at) values (?,?,?,?,?,?,?)
2024-03-29T20:01:56.516+09:00 DEBUG 26924 --- [    Test worker] org.hibernate.SQL                        : insert into webtoon_publishing_day (created_at,publishing_day_id,updated_at,webtoon_id) values (?,?,?,?)
Hibernate: insert into webtoon_publishing_day (created_at,publishing_day_id,updated_at,webtoon_id) values (?,?,?,?)
SUNDAY
2024-03-29T20:01:56.521+09:00 DEBUG 26924 --- [    Test worker] org.hibernate.SQL                        : select pd1_0.publishing_day_id,pd1_0.created_at,pd1_0.day,pd1_0.updated_at from publishing_day pd1_0 where pd1_0.day=?
Hibernate: select pd1_0.publishing_day_id,pd1_0.created_at,pd1_0.day,pd1_0.updated_at from publishing_day pd1_0 where pd1_0.day=?
PublishingDay{publishingDayId=7, createdAt=2024-03-29T19:55:41.069514, updatedAt=2024-03-29T19:55:41.069514, day='SUNDAY'}
2024-03-29T20:01:56.524+09:00 DEBUG 26924 --- [    Test worker] org.hibernate.SQL                        : insert into webtoon (created_at,description,no_youth,publication_status,thumbnail,title,updated_at) values (?,?,?,?,?,?,?)
Hibernate: insert into webtoon (created_at,description,no_youth,publication_status,thumbnail,title,updated_at) values (?,?,?,?,?,?,?)
2024-03-29T20:01:56.529+09:00 DEBUG 26924 --- [    Test worker] org.hibernate.SQL                        : insert into webtoon_publishing_day (created_at,publishing_day_id,updated_at,webtoon_id) values (?,?,?,?)
Hibernate: insert into webtoon_publishing_day (created_at,publishing_day_id,updated_at,webtoon_id) values (?,?,?,?)
FALSE
2024-03-29T20:01:56.535+09:00 DEBUG 26924 --- [    Test worker] org.hibernate.SQL                        : select pd1_0.publishing_day_id,pd1_0.created_at,pd1_0.day,pd1_0.updated_at from publishing_day pd1_0 where pd1_0.day=?
Hibernate: select pd1_0.publishing_day_id,pd1_0.created_at,pd1_0.day,pd1_0.updated_at from publishing_day pd1_0 where pd1_0.day=?
null
2024-03-29T20:01:56.538+09:00 DEBUG 26924 --- [    Test worker] org.hibernate.SQL                        : insert into webtoon (created_at,description,no_youth,publication_status,thumbnail,title,updated_at) values (?,?,?,?,?,?,?)
Hibernate: insert into webtoon (created_at,description,no_youth,publication_status,thumbnail,title,updated_at) values (?,?,?,?,?,?,?)
2024-03-29T20:01:56.544+09:00 DEBUG 26924 --- [    Test worker] org.hibernate.SQL                        : insert into webtoon_publishing_day (created_at,publishing_day_id,updated_at,webtoon_id) values (?,?,?,?)
Hibernate: insert into webtoon_publishing_day (created_at,publishing_day_id,updated_at,webtoon_id) values (?,?,?,?)
SUNDAY
2024-03-29T20:01:56.550+09:00 DEBUG 26924 --- [    Test worker] org.hibernate.SQL                        : select pd1_0.publishing_day_id,pd1_0.created_at,pd1_0.day,pd1_0.updated_at from publishing_day pd1_0 where pd1_0.day=?
Hibernate: select pd1_0.publishing_day_id,pd1_0.created_at,pd1_0.day,pd1_0.updated_at from publishing_day pd1_0 where pd1_0.day=?
PublishingDay{publishingDayId=7, createdAt=2024-03-29T19:55:41.069514, updatedAt=2024-03-29T19:55:41.069514, day='SUNDAY'}
2024-03-29T20:01:56.552+09:00 DEBUG 26924 --- [    Test worker] org.hibernate.SQL                        : insert into webtoon (created_at,description,no_youth,publication_status,thumbnail,title,updated_at) values (?,?,?,?,?,?,?)
Hibernate: insert into webtoon (created_at,description,no_youth,publication_status,thumbnail,title,updated_at) values (?,?,?,?,?,?,?)
2024-03-29T20:01:56.558+09:00 DEBUG 26924 --- [    Test worker] org.hibernate.SQL                        : insert into webtoon_publishing_day (created_at,publishing_day_id,updated_at,webtoon_id) values (?,?,?,?)
Hibernate: insert into webtoon_publishing_day (created_at,publishing_day_id,updated_at,webtoon_id) values (?,?,?,?)
SUNDAY
2024-03-29T20:01:56.563+09:00 DEBUG 26924 --- [    Test worker] org.hibernate.SQL                        : select pd1_0.publishing_day_id,pd1_0.created_at,pd1_0.day,pd1_0.updated_at from publishing_day pd1_0 where pd1_0.day=?
Hibernate: select pd1_0.publishing_day_id,pd1_0.created_at,pd1_0.day,pd1_0.updated_at from publishing_day pd1_0 where pd1_0.day=?
PublishingDay{publishingDayId=7, createdAt=2024-03-29T19:55:41.069514, updatedAt=2024-03-29T19:55:41.069514, day='SUNDAY'}
2024-03-29T20:01:56.565+09:00 DEBUG 26924 --- [    Test worker] org.hibernate.SQL                        : insert into webtoon (created_at,description,no_youth,publication_status,thumbnail,title,updated_at) values (?,?,?,?,?,?,?)
Hibernate: insert into webtoon (created_at,description,no_youth,publication_status,thumbnail,title,updated_at) values (?,?,?,?,?,?,?)
2024-03-29T20:01:56.571+09:00 DEBUG 26924 --- [    Test worker] org.hibernate.SQL                        : insert into webtoon_publishing_day (created_at,publishing_day_id,updated_at,webtoon_id) values (?,?,?,?)
Hibernate: insert into webtoon_publishing_day (created_at,publishing_day_id,updated_at,webtoon_id) values (?,?,?,?)
SUNDAY
2024-03-29T20:01:56.577+09:00 DEBUG 26924 --- [    Test worker] org.hibernate.SQL                        : select pd1_0.publishing_day_id,pd1_0.created_at,pd1_0.day,pd1_0.updated_at from publishing_day pd1_0 where pd1_0.day=?
Hibernate: select pd1_0.publishing_day_id,pd1_0.created_at,pd1_0.day,pd1_0.updated_at from publishing_day pd1_0 where pd1_0.day=?
PublishingDay{publishingDayId=7, createdAt=2024-03-29T19:55:41.069514, updatedAt=2024-03-29T19:55:41.069514, day='SUNDAY'}
2024-03-29T20:01:56.580+09:00 DEBUG 26924 --- [    Test worker] org.hibernate.SQL                        : insert into webtoon (created_at,description,no_youth,publication_status,thumbnail,title,updated_at) values (?,?,?,?,?,?,?)
Hibernate: insert into webtoon (created_at,description,no_youth,publication_status,thumbnail,title,updated_at) values (?,?,?,?,?,?,?)
2024-03-29T20:01:56.586+09:00 DEBUG 26924 --- [    Test worker] org.hibernate.SQL                        : insert into webtoon_publishing_day (created_at,publishing_day_id,updated_at,webtoon_id) values (?,?,?,?)
Hibernate: insert into webtoon_publishing_day (created_at,publishing_day_id,updated_at,webtoon_id) values (?,?,?,?)
SUNDAY
2024-03-29T20:01:56.595+09:00 DEBUG 26924 --- [    Test worker] org.hibernate.SQL                        : select pd1_0.publishing_day_id,pd1_0.created_at,pd1_0.day,pd1_0.updated_at from publishing_day pd1_0 where pd1_0.day=?
Hibernate: select pd1_0.publishing_day_id,pd1_0.created_at,pd1_0.day,pd1_0.updated_at from publishing_day pd1_0 where pd1_0.day=?
PublishingDay{publishingDayId=7, createdAt=2024-03-29T19:55:41.069514, updatedAt=2024-03-29T19:55:41.069514, day='SUNDAY'}
2024-03-29T20:01:56.598+09:00 DEBUG 26924 --- [    Test worker] org.hibernate.SQL                        : insert into webtoon (created_at,description,no_youth,publication_status,thumbnail,title,updated_at) values (?,?,?,?,?,?,?)
Hibernate: insert into webtoon (created_at,description,no_youth,publication_status,thumbnail,title,updated_at) values (?,?,?,?,?,?,?)
2024-03-29T20:01:56.604+09:00 DEBUG 26924 --- [    Test worker] org.hibernate.SQL                        : insert into webtoon_publishing_day (created_at,publishing_day_id,updated_at,webtoon_id) values (?,?,?,?)
Hibernate: insert into webtoon_publishing_day (created_at,publishing_day_id,updated_at,webtoon_id) values (?,?,?,?)
SUNDAY
2024-03-29T20:01:56.611+09:00 DEBUG 26924 --- [    Test worker] org.hibernate.SQL                        : select pd1_0.publishing_day_id,pd1_0.created_at,pd1_0.day,pd1_0.updated_at from publishing_day pd1_0 where pd1_0.day=?
Hibernate: select pd1_0.publishing_day_id,pd1_0.created_at,pd1_0.day,pd1_0.updated_at from publishing_day pd1_0 where pd1_0.day=?
PublishingDay{publishingDayId=7, createdAt=2024-03-29T19:55:41.069514, updatedAt=2024-03-29T19:55:41.069514, day='SUNDAY'}
2024-03-29T20:01:56.613+09:00 DEBUG 26924 --- [    Test worker] org.hibernate.SQL                        : insert into webtoon (created_at,description,no_youth,publication_status,thumbnail,title,updated_at) values (?,?,?,?,?,?,?)
Hibernate: insert into webtoon (created_at,description,no_youth,publication_status,thumbnail,title,updated_at) values (?,?,?,?,?,?,?)
2024-03-29T20:01:56.618+09:00 DEBUG 26924 --- [    Test worker] org.hibernate.SQL                        : insert into webtoon_publishing_day (created_at,publishing_day_id,updated_at,webtoon_id) values (?,?,?,?)
Hibernate: insert into webtoon_publishing_day (created_at,publishing_day_id,updated_at,webtoon_id) values (?,?,?,?)
SUNDAY
2024-03-29T20:01:56.626+09:00 DEBUG 26924 --- [    Test worker] org.hibernate.SQL                        : select pd1_0.publishing_day_id,pd1_0.created_at,pd1_0.day,pd1_0.updated_at from publishing_day pd1_0 where pd1_0.day=?
Hibernate: select pd1_0.publishing_day_id,pd1_0.created_at,pd1_0.day,pd1_0.updated_at from publishing_day pd1_0 where pd1_0.day=?
PublishingDay{publishingDayId=7, createdAt=2024-03-29T19:55:41.069514, updatedAt=2024-03-29T19:55:41.069514, day='SUNDAY'}
2024-03-29T20:01:56.630+09:00 DEBUG 26924 --- [    Test worker] org.hibernate.SQL                        : insert into webtoon (created_at,description,no_youth,publication_status,thumbnail,title,updated_at) values (?,?,?,?,?,?,?)
Hibernate: insert into webtoon (created_at,description,no_youth,publication_status,thumbnail,title,updated_at) values (?,?,?,?,?,?,?)
2024-03-29T20:01:56.635+09:00 DEBUG 26924 --- [    Test worker] org.hibernate.SQL                        : insert into webtoon_publishing_day (created_at,publishing_day_id,updated_at,webtoon_id) values (?,?,?,?)
Hibernate: insert into webtoon_publishing_day (created_at,publishing_day_id,updated_at,webtoon_id) values (?,?,?,?)
SUNDAY
2024-03-29T20:01:56.640+09:00 DEBUG 26924 --- [    Test worker] org.hibernate.SQL                        : select pd1_0.publishing_day_id,pd1_0.created_at,pd1_0.day,pd1_0.updated_at from publishing_day pd1_0 where pd1_0.day=?
Hibernate: select pd1_0.publishing_day_id,pd1_0.created_at,pd1_0.day,pd1_0.updated_at from publishing_day pd1_0 where pd1_0.day=?
PublishingDay{publishingDayId=7, createdAt=2024-03-29T19:55:41.069514, updatedAt=2024-03-29T19:55:41.069514, day='SUNDAY'}
2024-03-29T20:01:56.641+09:00 DEBUG 26924 --- [    Test worker] org.hibernate.SQL                        : insert into webtoon (created_at,description,no_youth,publication_status,thumbnail,title,updated_at) values (?,?,?,?,?,?,?)
Hibernate: insert into webtoon (created_at,description,no_youth,publication_status,thumbnail,title,updated_at) values (?,?,?,?,?,?,?)
2024-03-29T20:01:56.646+09:00 DEBUG 26924 --- [    Test worker] org.hibernate.SQL                        : insert into webtoon_publishing_day (created_at,publishing_day_id,updated_at,webtoon_id) values (?,?,?,?)
Hibernate: insert into webtoon_publishing_day (created_at,publishing_day_id,updated_at,webtoon_id) values (?,?,?,?)
SUNDAY
2024-03-29T20:01:56.651+09:00 DEBUG 26924 --- [    Test worker] org.hibernate.SQL                        : select pd1_0.publishing_day_id,pd1_0.created_at,pd1_0.day,pd1_0.updated_at from publishing_day pd1_0 where pd1_0.day=?
Hibernate: select pd1_0.publishing_day_id,pd1_0.created_at,pd1_0.day,pd1_0.updated_at from publishing_day pd1_0 where pd1_0.day=?
PublishingDay{publishingDayId=7, createdAt=2024-03-29T19:55:41.069514, updatedAt=2024-03-29T19:55:41.069514, day='SUNDAY'}
2024-03-29T20:01:56.654+09:00 DEBUG 26924 --- [    Test worker] org.hibernate.SQL                        : insert into webtoon (created_at,description,no_youth,publication_status,thumbnail,title,updated_at) values (?,?,?,?,?,?,?)
Hibernate: insert into webtoon (created_at,description,no_youth,publication_status,thumbnail,title,updated_at) values (?,?,?,?,?,?,?)
2024-03-29T20:01:56.659+09:00 DEBUG 26924 --- [    Test worker] org.hibernate.SQL                        : insert into webtoon_publishing_day (created_at,publishing_day_id,updated_at,webtoon_id) values (?,?,?,?)
Hibernate: insert into webtoon_publishing_day (created_at,publishing_day_id,updated_at,webtoon_id) values (?,?,?,?)
SUNDAY
2024-03-29T20:01:56.664+09:00 DEBUG 26924 --- [    Test worker] org.hibernate.SQL                        : select pd1_0.publishing_day_id,pd1_0.created_at,pd1_0.day,pd1_0.updated_at from publishing_day pd1_0 where pd1_0.day=?
Hibernate: select pd1_0.publishing_day_id,pd1_0.created_at,pd1_0.day,pd1_0.updated_at from publishing_day pd1_0 where pd1_0.day=?
PublishingDay{publishingDayId=7, createdAt=2024-03-29T19:55:41.069514, updatedAt=2024-03-29T19:55:41.069514, day='SUNDAY'}
2024-03-29T20:01:56.666+09:00 DEBUG 26924 --- [    Test worker] org.hibernate.SQL                        : insert into webtoon (created_at,description,no_youth,publication_status,thumbnail,title,updated_at) values (?,?,?,?,?,?,?)
Hibernate: insert into webtoon (created_at,description,no_youth,publication_status,thumbnail,title,updated_at) values (?,?,?,?,?,?,?)
2024-03-29T20:01:56.671+09:00 DEBUG 26924 --- [    Test worker] org.hibernate.SQL                        : insert into webtoon_publishing_day (created_at,publishing_day_id,updated_at,webtoon_id) values (?,?,?,?)
Hibernate: insert into webtoon_publishing_day (created_at,publishing_day_id,updated_at,webtoon_id) values (?,?,?,?)
SUNDAY
2024-03-29T20:01:56.675+09:00 DEBUG 26924 --- [    Test worker] org.hibernate.SQL                        : select pd1_0.publishing_day_id,pd1_0.created_at,pd1_0.day,pd1_0.updated_at from publishing_day pd1_0 where pd1_0.day=?
Hibernate: select pd1_0.publishing_day_id,pd1_0.created_at,pd1_0.day,pd1_0.updated_at from publishing_day pd1_0 where pd1_0.day=?
PublishingDay{publishingDayId=7, createdAt=2024-03-29T19:55:41.069514, updatedAt=2024-03-29T19:55:41.069514, day='SUNDAY'}
2024-03-29T20:01:56.677+09:00 DEBUG 26924 --- [    Test worker] org.hibernate.SQL                        : insert into webtoon (created_at,description,no_youth,publication_status,thumbnail,title,updated_at) values (?,?,?,?,?,?,?)
Hibernate: insert into webtoon (created_at,description,no_youth,publication_status,thumbnail,title,updated_at) values (?,?,?,?,?,?,?)
2024-03-29T20:01:56.682+09:00 DEBUG 26924 --- [    Test worker] org.hibernate.SQL                        : insert into webtoon_publishing_day (created_at,publishing_day_id,updated_at,webtoon_id) values (?,?,?,?)
Hibernate: insert into webtoon_publishing_day (created_at,publishing_day_id,updated_at,webtoon_id) values (?,?,?,?)
FALSE
2024-03-29T20:01:56.687+09:00 DEBUG 26924 --- [    Test worker] org.hibernate.SQL                        : select pd1_0.publishing_day_id,pd1_0.created_at,pd1_0.day,pd1_0.updated_at from publishing_day pd1_0 where pd1_0.day=?
Hibernate: select pd1_0.publishing_day_id,pd1_0.created_at,pd1_0.day,pd1_0.updated_at from publishing_day pd1_0 where pd1_0.day=?
null
2024-03-29T20:01:56.689+09:00 DEBUG 26924 --- [    Test worker] org.hibernate.SQL                        : insert into webtoon (created_at,description,no_youth,publication_status,thumbnail,title,updated_at) values (?,?,?,?,?,?,?)
Hibernate: insert into webtoon (created_at,description,no_youth,publication_status,thumbnail,title,updated_at) values (?,?,?,?,?,?,?)
2024-03-29T20:01:56.693+09:00 DEBUG 26924 --- [    Test worker] org.hibernate.SQL                        : insert into webtoon_publishing_day (created_at,publishing_day_id,updated_at,webtoon_id) values (?,?,?,?)
Hibernate: insert into webtoon_publishing_day (created_at,publishing_day_id,updated_at,webtoon_id) values (?,?,?,?)
SUNDAY
2024-03-29T20:01:56.698+09:00 DEBUG 26924 --- [    Test worker] org.hibernate.SQL                        : select pd1_0.publishing_day_id,pd1_0.created_at,pd1_0.day,pd1_0.updated_at from publishing_day pd1_0 where pd1_0.day=?
Hibernate: select pd1_0.publishing_day_id,pd1_0.created_at,pd1_0.day,pd1_0.updated_at from publishing_day pd1_0 where pd1_0.day=?
PublishingDay{publishingDayId=7, createdAt=2024-03-29T19:55:41.069514, updatedAt=2024-03-29T19:55:41.069514, day='SUNDAY'}
2024-03-29T20:01:56.700+09:00 DEBUG 26924 --- [    Test worker] org.hibernate.SQL                        : insert into webtoon (created_at,description,no_youth,publication_status,thumbnail,title,updated_at) values (?,?,?,?,?,?,?)
Hibernate: insert into webtoon (created_at,description,no_youth,publication_status,thumbnail,title,updated_at) values (?,?,?,?,?,?,?)
2024-03-29T20:01:56.705+09:00 DEBUG 26924 --- [    Test worker] org.hibernate.SQL                        : insert into webtoon_publishing_day (created_at,publishing_day_id,updated_at,webtoon_id) values (?,?,?,?)
Hibernate: insert into webtoon_publishing_day (created_at,publishing_day_id,updated_at,webtoon_id) values (?,?,?,?)
FALSE
2024-03-29T20:01:56.710+09:00 DEBUG 26924 --- [    Test worker] org.hibernate.SQL                        : select pd1_0.publishing_day_id,pd1_0.created_at,pd1_0.day,pd1_0.updated_at from publishing_day pd1_0 where pd1_0.day=?
Hibernate: select pd1_0.publishing_day_id,pd1_0.created_at,pd1_0.day,pd1_0.updated_at from publishing_day pd1_0 where pd1_0.day=?
null
2024-03-29T20:01:56.713+09:00 DEBUG 26924 --- [    Test worker] org.hibernate.SQL                        : insert into webtoon (created_at,description,no_youth,publication_status,thumbnail,title,updated_at) values (?,?,?,?,?,?,?)
Hibernate: insert into webtoon (created_at,description,no_youth,publication_status,thumbnail,title,updated_at) values (?,?,?,?,?,?,?)
2024-03-29T20:01:56.717+09:00 DEBUG 26924 --- [    Test worker] org.hibernate.SQL                        : insert into webtoon_publishing_day (created_at,publishing_day_id,updated_at,webtoon_id) values (?,?,?,?)
Hibernate: insert into webtoon_publishing_day (created_at,publishing_day_id,updated_at,webtoon_id) values (?,?,?,?)
SUNDAY
2024-03-29T20:01:56.722+09:00 DEBUG 26924 --- [    Test worker] org.hibernate.SQL                        : select pd1_0.publishing_day_id,pd1_0.created_at,pd1_0.day,pd1_0.updated_at from publishing_day pd1_0 where pd1_0.day=?
Hibernate: select pd1_0.publishing_day_id,pd1_0.created_at,pd1_0.day,pd1_0.updated_at from publishing_day pd1_0 where pd1_0.day=?
PublishingDay{publishingDayId=7, createdAt=2024-03-29T19:55:41.069514, updatedAt=2024-03-29T19:55:41.069514, day='SUNDAY'}
2024-03-29T20:01:56.726+09:00 DEBUG 26924 --- [    Test worker] org.hibernate.SQL                        : insert into webtoon (created_at,description,no_youth,publication_status,thumbnail,title,updated_at) values (?,?,?,?,?,?,?)
Hibernate: insert into webtoon (created_at,description,no_youth,publication_status,thumbnail,title,updated_at) values (?,?,?,?,?,?,?)
2024-03-29T20:01:56.732+09:00 DEBUG 26924 --- [    Test worker] org.hibernate.SQL                        : insert into webtoon_publishing_day (created_at,publishing_day_id,updated_at,webtoon_id) values (?,?,?,?)
Hibernate: insert into webtoon_publishing_day (created_at,publishing_day_id,updated_at,webtoon_id) values (?,?,?,?)
SUNDAY
2024-03-29T20:01:56.737+09:00 DEBUG 26924 --- [    Test worker] org.hibernate.SQL                        : select pd1_0.publishing_day_id,pd1_0.created_at,pd1_0.day,pd1_0.updated_at from publishing_day pd1_0 where pd1_0.day=?
Hibernate: select pd1_0.publishing_day_id,pd1_0.created_at,pd1_0.day,pd1_0.updated_at from publishing_day pd1_0 where pd1_0.day=?
PublishingDay{publishingDayId=7, createdAt=2024-03-29T19:55:41.069514, updatedAt=2024-03-29T19:55:41.069514, day='SUNDAY'}
2024-03-29T20:01:56.740+09:00 DEBUG 26924 --- [    Test worker] org.hibernate.SQL                        : insert into webtoon (created_at,description,no_youth,publication_status,thumbnail,title,updated_at) values (?,?,?,?,?,?,?)
Hibernate: insert into webtoon (created_at,description,no_youth,publication_status,thumbnail,title,updated_at) values (?,?,?,?,?,?,?)
2024-03-29T20:01:56.747+09:00 DEBUG 26924 --- [    Test worker] org.hibernate.SQL                        : insert into webtoon_publishing_day (created_at,publishing_day_id,updated_at,webtoon_id) values (?,?,?,?)
Hibernate: insert into webtoon_publishing_day (created_at,publishing_day_id,updated_at,webtoon_id) values (?,?,?,?)
SUNDAY
2024-03-29T20:01:56.753+09:00 DEBUG 26924 --- [    Test worker] org.hibernate.SQL                        : select pd1_0.publishing_day_id,pd1_0.created_at,pd1_0.day,pd1_0.updated_at from publishing_day pd1_0 where pd1_0.day=?
Hibernate: select pd1_0.publishing_day_id,pd1_0.created_at,pd1_0.day,pd1_0.updated_at from publishing_day pd1_0 where pd1_0.day=?
PublishingDay{publishingDayId=7, createdAt=2024-03-29T19:55:41.069514, updatedAt=2024-03-29T19:55:41.069514, day='SUNDAY'}
2024-03-29T20:01:56.756+09:00 DEBUG 26924 --- [    Test worker] org.hibernate.SQL                        : insert into webtoon (created_at,description,no_youth,publication_status,thumbnail,title,updated_at) values (?,?,?,?,?,?,?)
Hibernate: insert into webtoon (created_at,description,no_youth,publication_status,thumbnail,title,updated_at) values (?,?,?,?,?,?,?)
2024-03-29T20:01:56.762+09:00 DEBUG 26924 --- [    Test worker] org.hibernate.SQL                        : insert into webtoon_publishing_day (created_at,publishing_day_id,updated_at,webtoon_id) values (?,?,?,?)
Hibernate: insert into webtoon_publishing_day (created_at,publishing_day_id,updated_at,webtoon_id) values (?,?,?,?)
SUNDAY
2024-03-29T20:01:56.773+09:00 DEBUG 26924 --- [    Test worker] org.hibernate.SQL                        : select pd1_0.publishing_day_id,pd1_0.created_at,pd1_0.day,pd1_0.updated_at from publishing_day pd1_0 where pd1_0.day=?
Hibernate: select pd1_0.publishing_day_id,pd1_0.created_at,pd1_0.day,pd1_0.updated_at from publishing_day pd1_0 where pd1_0.day=?
PublishingDay{publishingDayId=7, createdAt=2024-03-29T19:55:41.069514, updatedAt=2024-03-29T19:55:41.069514, day='SUNDAY'}
2024-03-29T20:01:56.790+09:00 DEBUG 26924 --- [    Test worker] org.hibernate.SQL                        : insert into webtoon (created_at,description,no_youth,publication_status,thumbnail,title,updated_at) values (?,?,?,?,?,?,?)
Hibernate: insert into webtoon (created_at,description,no_youth,publication_status,thumbnail,title,updated_at) values (?,?,?,?,?,?,?)
2024-03-29T20:01:56.797+09:00 DEBUG 26924 --- [    Test worker] org.hibernate.SQL                        : insert into webtoon_publishing_day (created_at,publishing_day_id,updated_at,webtoon_id) values (?,?,?,?)
Hibernate: insert into webtoon_publishing_day (created_at,publishing_day_id,updated_at,webtoon_id) values (?,?,?,?)
SUNDAY
2024-03-29T20:01:56.804+09:00 DEBUG 26924 --- [    Test worker] org.hibernate.SQL                        : select pd1_0.publishing_day_id,pd1_0.created_at,pd1_0.day,pd1_0.updated_at from publishing_day pd1_0 where pd1_0.day=?
Hibernate: select pd1_0.publishing_day_id,pd1_0.created_at,pd1_0.day,pd1_0.updated_at from publishing_day pd1_0 where pd1_0.day=?
PublishingDay{publishingDayId=7, createdAt=2024-03-29T19:55:41.069514, updatedAt=2024-03-29T19:55:41.069514, day='SUNDAY'}
2024-03-29T20:01:56.808+09:00 DEBUG 26924 --- [    Test worker] org.hibernate.SQL                        : insert into webtoon (created_at,description,no_youth,publication_status,thumbnail,title,updated_at) values (?,?,?,?,?,?,?)
Hibernate: insert into webtoon (created_at,description,no_youth,publication_status,thumbnail,title,updated_at) values (?,?,?,?,?,?,?)
2024-03-29T20:01:56.814+09:00 DEBUG 26924 --- [    Test worker] org.hibernate.SQL                        : insert into webtoon_publishing_day (created_at,publishing_day_id,updated_at,webtoon_id) values (?,?,?,?)
Hibernate: insert into webtoon_publishing_day (created_at,publishing_day_id,updated_at,webtoon_id) values (?,?,?,?)
SUNDAY
2024-03-29T20:01:56.820+09:00 DEBUG 26924 --- [    Test worker] org.hibernate.SQL                        : select pd1_0.publishing_day_id,pd1_0.created_at,pd1_0.day,pd1_0.updated_at from publishing_day pd1_0 where pd1_0.day=?
Hibernate: select pd1_0.publishing_day_id,pd1_0.created_at,pd1_0.day,pd1_0.updated_at from publishing_day pd1_0 where pd1_0.day=?
PublishingDay{publishingDayId=7, createdAt=2024-03-29T19:55:41.069514, updatedAt=2024-03-29T19:55:41.069514, day='SUNDAY'}
2024-03-29T20:01:56.822+09:00 DEBUG 26924 --- [    Test worker] org.hibernate.SQL                        : insert into webtoon (created_at,description,no_youth,publication_status,thumbnail,title,updated_at) values (?,?,?,?,?,?,?)
Hibernate: insert into webtoon (created_at,description,no_youth,publication_status,thumbnail,title,updated_at) values (?,?,?,?,?,?,?)
2024-03-29T20:01:56.829+09:00 DEBUG 26924 --- [    Test worker] org.hibernate.SQL                        : insert into webtoon_publishing_day (created_at,publishing_day_id,updated_at,webtoon_id) values (?,?,?,?)
Hibernate: insert into webtoon_publishing_day (created_at,publishing_day_id,updated_at,webtoon_id) values (?,?,?,?)
SUNDAY
2024-03-29T20:01:56.834+09:00 DEBUG 26924 --- [    Test worker] org.hibernate.SQL                        : select pd1_0.publishing_day_id,pd1_0.created_at,pd1_0.day,pd1_0.updated_at from publishing_day pd1_0 where pd1_0.day=?
Hibernate: select pd1_0.publishing_day_id,pd1_0.created_at,pd1_0.day,pd1_0.updated_at from publishing_day pd1_0 where pd1_0.day=?
PublishingDay{publishingDayId=7, createdAt=2024-03-29T19:55:41.069514, updatedAt=2024-03-29T19:55:41.069514, day='SUNDAY'}
2024-03-29T20:01:56.836+09:00 DEBUG 26924 --- [    Test worker] org.hibernate.SQL                        : insert into webtoon (created_at,description,no_youth,publication_status,thumbnail,title,updated_at) values (?,?,?,?,?,?,?)
Hibernate: insert into webtoon (created_at,description,no_youth,publication_status,thumbnail,title,updated_at) values (?,?,?,?,?,?,?)
2024-03-29T20:01:56.840+09:00 DEBUG 26924 --- [    Test worker] org.hibernate.SQL                        : insert into webtoon_publishing_day (created_at,publishing_day_id,updated_at,webtoon_id) values (?,?,?,?)
Hibernate: insert into webtoon_publishing_day (created_at,publishing_day_id,updated_at,webtoon_id) values (?,?,?,?)
SUNDAY
2024-03-29T20:01:56.846+09:00 DEBUG 26924 --- [    Test worker] org.hibernate.SQL                        : select pd1_0.publishing_day_id,pd1_0.created_at,pd1_0.day,pd1_0.updated_at from publishing_day pd1_0 where pd1_0.day=?
Hibernate: select pd1_0.publishing_day_id,pd1_0.created_at,pd1_0.day,pd1_0.updated_at from publishing_day pd1_0 where pd1_0.day=?
PublishingDay{publishingDayId=7, createdAt=2024-03-29T19:55:41.069514, updatedAt=2024-03-29T19:55:41.069514, day='SUNDAY'}
2024-03-29T20:01:56.848+09:00 DEBUG 26924 --- [    Test worker] org.hibernate.SQL                        : insert into webtoon (created_at,description,no_youth,publication_status,thumbnail,title,updated_at) values (?,?,?,?,?,?,?)
Hibernate: insert into webtoon (created_at,description,no_youth,publication_status,thumbnail,title,updated_at) values (?,?,?,?,?,?,?)
2024-03-29T20:01:56.852+09:00 DEBUG 26924 --- [    Test worker] org.hibernate.SQL                        : insert into webtoon_publishing_day (created_at,publishing_day_id,updated_at,webtoon_id) values (?,?,?,?)
Hibernate: insert into webtoon_publishing_day (created_at,publishing_day_id,updated_at,webtoon_id) values (?,?,?,?)
SUNDAY
2024-03-29T20:01:56.858+09:00 DEBUG 26924 --- [    Test worker] org.hibernate.SQL                        : select pd1_0.publishing_day_id,pd1_0.created_at,pd1_0.day,pd1_0.updated_at from publishing_day pd1_0 where pd1_0.day=?
Hibernate: select pd1_0.publishing_day_id,pd1_0.created_at,pd1_0.day,pd1_0.updated_at from publishing_day pd1_0 where pd1_0.day=?
PublishingDay{publishingDayId=7, createdAt=2024-03-29T19:55:41.069514, updatedAt=2024-03-29T19:55:41.069514, day='SUNDAY'}
2024-03-29T20:01:56.860+09:00 DEBUG 26924 --- [    Test worker] org.hibernate.SQL                        : insert into webtoon (created_at,description,no_youth,publication_status,thumbnail,title,updated_at) values (?,?,?,?,?,?,?)
Hibernate: insert into webtoon (created_at,description,no_youth,publication_status,thumbnail,title,updated_at) values (?,?,?,?,?,?,?)
2024-03-29T20:01:56.865+09:00 DEBUG 26924 --- [    Test worker] org.hibernate.SQL                        : insert into webtoon_publishing_day (created_at,publishing_day_id,updated_at,webtoon_id) values (?,?,?,?)
Hibernate: insert into webtoon_publishing_day (created_at,publishing_day_id,updated_at,webtoon_id) values (?,?,?,?)
SUNDAY
2024-03-29T20:01:56.870+09:00 DEBUG 26924 --- [    Test worker] org.hibernate.SQL                        : select pd1_0.publishing_day_id,pd1_0.created_at,pd1_0.day,pd1_0.updated_at from publishing_day pd1_0 where pd1_0.day=?
Hibernate: select pd1_0.publishing_day_id,pd1_0.created_at,pd1_0.day,pd1_0.updated_at from publishing_day pd1_0 where pd1_0.day=?
PublishingDay{publishingDayId=7, createdAt=2024-03-29T19:55:41.069514, updatedAt=2024-03-29T19:55:41.069514, day='SUNDAY'}
2024-03-29T20:01:56.871+09:00 DEBUG 26924 --- [    Test worker] org.hibernate.SQL                        : insert into webtoon (created_at,description,no_youth,publication_status,thumbnail,title,updated_at) values (?,?,?,?,?,?,?)
Hibernate: insert into webtoon (created_at,description,no_youth,publication_status,thumbnail,title,updated_at) values (?,?,?,?,?,?,?)
2024-03-29T20:01:56.875+09:00 DEBUG 26924 --- [    Test worker] org.hibernate.SQL                        : insert into webtoon_publishing_day (created_at,publishing_day_id,updated_at,webtoon_id) values (?,?,?,?)
Hibernate: insert into webtoon_publishing_day (created_at,publishing_day_id,updated_at,webtoon_id) values (?,?,?,?)
SUNDAY
2024-03-29T20:01:56.879+09:00 DEBUG 26924 --- [    Test worker] org.hibernate.SQL                        : select pd1_0.publishing_day_id,pd1_0.created_at,pd1_0.day,pd1_0.updated_at from publishing_day pd1_0 where pd1_0.day=?
Hibernate: select pd1_0.publishing_day_id,pd1_0.created_at,pd1_0.day,pd1_0.updated_at from publishing_day pd1_0 where pd1_0.day=?
PublishingDay{publishingDayId=7, createdAt=2024-03-29T19:55:41.069514, updatedAt=2024-03-29T19:55:41.069514, day='SUNDAY'}
2024-03-29T20:01:56.881+09:00 DEBUG 26924 --- [    Test worker] org.hibernate.SQL                        : insert into webtoon (created_at,description,no_youth,publication_status,thumbnail,title,updated_at) values (?,?,?,?,?,?,?)
Hibernate: insert into webtoon (created_at,description,no_youth,publication_status,thumbnail,title,updated_at) values (?,?,?,?,?,?,?)
2024-03-29T20:01:56.884+09:00 DEBUG 26924 --- [    Test worker] org.hibernate.SQL                        : insert into webtoon_publishing_day (created_at,publishing_day_id,updated_at,webtoon_id) values (?,?,?,?)
Hibernate: insert into webtoon_publishing_day (created_at,publishing_day_id,updated_at,webtoon_id) values (?,?,?,?)
SUNDAY
2024-03-29T20:01:56.889+09:00 DEBUG 26924 --- [    Test worker] org.hibernate.SQL                        : select pd1_0.publishing_day_id,pd1_0.created_at,pd1_0.day,pd1_0.updated_at from publishing_day pd1_0 where pd1_0.day=?
Hibernate: select pd1_0.publishing_day_id,pd1_0.created_at,pd1_0.day,pd1_0.updated_at from publishing_day pd1_0 where pd1_0.day=?
PublishingDay{publishingDayId=7, createdAt=2024-03-29T19:55:41.069514, updatedAt=2024-03-29T19:55:41.069514, day='SUNDAY'}
2024-03-29T20:01:56.891+09:00 DEBUG 26924 --- [    Test worker] org.hibernate.SQL                        : insert into webtoon (created_at,description,no_youth,publication_status,thumbnail,title,updated_at) values (?,?,?,?,?,?,?)
Hibernate: insert into webtoon (created_at,description,no_youth,publication_status,thumbnail,title,updated_at) values (?,?,?,?,?,?,?)
2024-03-29T20:01:56.895+09:00 DEBUG 26924 --- [    Test worker] org.hibernate.SQL                        : insert into webtoon_publishing_day (created_at,publishing_day_id,updated_at,webtoon_id) values (?,?,?,?)
Hibernate: insert into webtoon_publishing_day (created_at,publishing_day_id,updated_at,webtoon_id) values (?,?,?,?)
SUNDAY
2024-03-29T20:01:56.899+09:00 DEBUG 26924 --- [    Test worker] org.hibernate.SQL                        : select pd1_0.publishing_day_id,pd1_0.created_at,pd1_0.day,pd1_0.updated_at from publishing_day pd1_0 where pd1_0.day=?
Hibernate: select pd1_0.publishing_day_id,pd1_0.created_at,pd1_0.day,pd1_0.updated_at from publishing_day pd1_0 where pd1_0.day=?
PublishingDay{publishingDayId=7, createdAt=2024-03-29T19:55:41.069514, updatedAt=2024-03-29T19:55:41.069514, day='SUNDAY'}
2024-03-29T20:01:56.900+09:00 DEBUG 26924 --- [    Test worker] org.hibernate.SQL                        : insert into webtoon (created_at,description,no_youth,publication_status,thumbnail,title,updated_at) values (?,?,?,?,?,?,?)
Hibernate: insert into webtoon (created_at,description,no_youth,publication_status,thumbnail,title,updated_at) values (?,?,?,?,?,?,?)
2024-03-29T20:01:56.904+09:00 DEBUG 26924 --- [    Test worker] org.hibernate.SQL                        : insert into webtoon_publishing_day (created_at,publishing_day_id,updated_at,webtoon_id) values (?,?,?,?)
Hibernate: insert into webtoon_publishing_day (created_at,publishing_day_id,updated_at,webtoon_id) values (?,?,?,?)
SUNDAY
2024-03-29T20:01:56.907+09:00 DEBUG 26924 --- [    Test worker] org.hibernate.SQL                        : select pd1_0.publishing_day_id,pd1_0.created_at,pd1_0.day,pd1_0.updated_at from publishing_day pd1_0 where pd1_0.day=?
Hibernate: select pd1_0.publishing_day_id,pd1_0.created_at,pd1_0.day,pd1_0.updated_at from publishing_day pd1_0 where pd1_0.day=?
PublishingDay{publishingDayId=7, createdAt=2024-03-29T19:55:41.069514, updatedAt=2024-03-29T19:55:41.069514, day='SUNDAY'}
2024-03-29T20:01:56.909+09:00 DEBUG 26924 --- [    Test worker] org.hibernate.SQL                        : insert into webtoon (created_at,description,no_youth,publication_status,thumbnail,title,updated_at) values (?,?,?,?,?,?,?)
Hibernate: insert into webtoon (created_at,description,no_youth,publication_status,thumbnail,title,updated_at) values (?,?,?,?,?,?,?)
2024-03-29T20:01:56.912+09:00 DEBUG 26924 --- [    Test worker] org.hibernate.SQL                        : insert into webtoon_publishing_day (created_at,publishing_day_id,updated_at,webtoon_id) values (?,?,?,?)
Hibernate: insert into webtoon_publishing_day (created_at,publishing_day_id,updated_at,webtoon_id) values (?,?,?,?)
SUNDAY
2024-03-29T20:01:56.916+09:00 DEBUG 26924 --- [    Test worker] org.hibernate.SQL                        : select pd1_0.publishing_day_id,pd1_0.created_at,pd1_0.day,pd1_0.updated_at from publishing_day pd1_0 where pd1_0.day=?
Hibernate: select pd1_0.publishing_day_id,pd1_0.created_at,pd1_0.day,pd1_0.updated_at from publishing_day pd1_0 where pd1_0.day=?
PublishingDay{publishingDayId=7, createdAt=2024-03-29T19:55:41.069514, updatedAt=2024-03-29T19:55:41.069514, day='SUNDAY'}
2024-03-29T20:01:56.917+09:00 DEBUG 26924 --- [    Test worker] org.hibernate.SQL                        : insert into webtoon (created_at,description,no_youth,publication_status,thumbnail,title,updated_at) values (?,?,?,?,?,?,?)
Hibernate: insert into webtoon (created_at,description,no_youth,publication_status,thumbnail,title,updated_at) values (?,?,?,?,?,?,?)
2024-03-29T20:01:56.922+09:00 DEBUG 26924 --- [    Test worker] org.hibernate.SQL                        : insert into webtoon_publishing_day (created_at,publishing_day_id,updated_at,webtoon_id) values (?,?,?,?)
Hibernate: insert into webtoon_publishing_day (created_at,publishing_day_id,updated_at,webtoon_id) values (?,?,?,?)
SUNDAY
2024-03-29T20:01:56.926+09:00 DEBUG 26924 --- [    Test worker] org.hibernate.SQL                        : select pd1_0.publishing_day_id,pd1_0.created_at,pd1_0.day,pd1_0.updated_at from publishing_day pd1_0 where pd1_0.day=?
Hibernate: select pd1_0.publishing_day_id,pd1_0.created_at,pd1_0.day,pd1_0.updated_at from publishing_day pd1_0 where pd1_0.day=?
PublishingDay{publishingDayId=7, createdAt=2024-03-29T19:55:41.069514, updatedAt=2024-03-29T19:55:41.069514, day='SUNDAY'}
2024-03-29T20:01:56.928+09:00 DEBUG 26924 --- [    Test worker] org.hibernate.SQL                        : insert into webtoon (created_at,description,no_youth,publication_status,thumbnail,title,updated_at) values (?,?,?,?,?,?,?)
Hibernate: insert into webtoon (created_at,description,no_youth,publication_status,thumbnail,title,updated_at) values (?,?,?,?,?,?,?)
2024-03-29T20:01:56.933+09:00 DEBUG 26924 --- [    Test worker] org.hibernate.SQL                        : insert into webtoon_publishing_day (created_at,publishing_day_id,updated_at,webtoon_id) values (?,?,?,?)
Hibernate: insert into webtoon_publishing_day (created_at,publishing_day_id,updated_at,webtoon_id) values (?,?,?,?)
SUNDAY
2024-03-29T20:01:56.939+09:00 DEBUG 26924 --- [    Test worker] org.hibernate.SQL                        : select pd1_0.publishing_day_id,pd1_0.created_at,pd1_0.day,pd1_0.updated_at from publishing_day pd1_0 where pd1_0.day=?
Hibernate: select pd1_0.publishing_day_id,pd1_0.created_at,pd1_0.day,pd1_0.updated_at from publishing_day pd1_0 where pd1_0.day=?
PublishingDay{publishingDayId=7, createdAt=2024-03-29T19:55:41.069514, updatedAt=2024-03-29T19:55:41.069514, day='SUNDAY'}
2024-03-29T20:01:56.942+09:00 DEBUG 26924 --- [    Test worker] org.hibernate.SQL                        : insert into webtoon (created_at,description,no_youth,publication_status,thumbnail,title,updated_at) values (?,?,?,?,?,?,?)
Hibernate: insert into webtoon (created_at,description,no_youth,publication_status,thumbnail,title,updated_at) values (?,?,?,?,?,?,?)
2024-03-29T20:01:56.949+09:00 DEBUG 26924 --- [    Test worker] org.hibernate.SQL                        : insert into webtoon_publishing_day (created_at,publishing_day_id,updated_at,webtoon_id) values (?,?,?,?)
Hibernate: insert into webtoon_publishing_day (created_at,publishing_day_id,updated_at,webtoon_id) values (?,?,?,?)
SUNDAY
2024-03-29T20:01:56.954+09:00 DEBUG 26924 --- [    Test worker] org.hibernate.SQL                        : select pd1_0.publishing_day_id,pd1_0.created_at,pd1_0.day,pd1_0.updated_at from publishing_day pd1_0 where pd1_0.day=?
Hibernate: select pd1_0.publishing_day_id,pd1_0.created_at,pd1_0.day,pd1_0.updated_at from publishing_day pd1_0 where pd1_0.day=?
PublishingDay{publishingDayId=7, createdAt=2024-03-29T19:55:41.069514, updatedAt=2024-03-29T19:55:41.069514, day='SUNDAY'}
2024-03-29T20:01:56.958+09:00 DEBUG 26924 --- [    Test worker] org.hibernate.SQL                        : insert into webtoon (created_at,description,no_youth,publication_status,thumbnail,title,updated_at) values (?,?,?,?,?,?,?)
Hibernate: insert into webtoon (created_at,description,no_youth,publication_status,thumbnail,title,updated_at) values (?,?,?,?,?,?,?)
2024-03-29T20:01:56.964+09:00 DEBUG 26924 --- [    Test worker] org.hibernate.SQL                        : insert into webtoon_publishing_day (created_at,publishing_day_id,updated_at,webtoon_id) values (?,?,?,?)
Hibernate: insert into webtoon_publishing_day (created_at,publishing_day_id,updated_at,webtoon_id) values (?,?,?,?)
SUNDAY
2024-03-29T20:01:56.970+09:00 DEBUG 26924 --- [    Test worker] org.hibernate.SQL                        : select pd1_0.publishing_day_id,pd1_0.created_at,pd1_0.day,pd1_0.updated_at from publishing_day pd1_0 where pd1_0.day=?
Hibernate: select pd1_0.publishing_day_id,pd1_0.created_at,pd1_0.day,pd1_0.updated_at from publishing_day pd1_0 where pd1_0.day=?
PublishingDay{publishingDayId=7, createdAt=2024-03-29T19:55:41.069514, updatedAt=2024-03-29T19:55:41.069514, day='SUNDAY'}
2024-03-29T20:01:56.972+09:00 DEBUG 26924 --- [    Test worker] org.hibernate.SQL                        : insert into webtoon (created_at,description,no_youth,publication_status,thumbnail,title,updated_at) values (?,?,?,?,?,?,?)
Hibernate: insert into webtoon (created_at,description,no_youth,publication_status,thumbnail,title,updated_at) values (?,?,?,?,?,?,?)
2024-03-29T20:01:56.979+09:00 DEBUG 26924 --- [    Test worker] org.hibernate.SQL                        : insert into webtoon_publishing_day (created_at,publishing_day_id,updated_at,webtoon_id) values (?,?,?,?)
Hibernate: insert into webtoon_publishing_day (created_at,publishing_day_id,updated_at,webtoon_id) values (?,?,?,?)
SUNDAY
2024-03-29T20:01:56.986+09:00 DEBUG 26924 --- [    Test worker] org.hibernate.SQL                        : select pd1_0.publishing_day_id,pd1_0.created_at,pd1_0.day,pd1_0.updated_at from publishing_day pd1_0 where pd1_0.day=?
Hibernate: select pd1_0.publishing_day_id,pd1_0.created_at,pd1_0.day,pd1_0.updated_at from publishing_day pd1_0 where pd1_0.day=?
PublishingDay{publishingDayId=7, createdAt=2024-03-29T19:55:41.069514, updatedAt=2024-03-29T19:55:41.069514, day='SUNDAY'}
2024-03-29T20:01:56.989+09:00 DEBUG 26924 --- [    Test worker] org.hibernate.SQL                        : insert into webtoon (created_at,description,no_youth,publication_status,thumbnail,title,updated_at) values (?,?,?,?,?,?,?)
Hibernate: insert into webtoon (created_at,description,no_youth,publication_status,thumbnail,title,updated_at) values (?,?,?,?,?,?,?)
2024-03-29T20:01:56.995+09:00 DEBUG 26924 --- [    Test worker] org.hibernate.SQL                        : insert into webtoon_publishing_day (created_at,publishing_day_id,updated_at,webtoon_id) values (?,?,?,?)
Hibernate: insert into webtoon_publishing_day (created_at,publishing_day_id,updated_at,webtoon_id) values (?,?,?,?)
SUNDAY
2024-03-29T20:01:57.002+09:00 DEBUG 26924 --- [    Test worker] org.hibernate.SQL                        : select pd1_0.publishing_day_id,pd1_0.created_at,pd1_0.day,pd1_0.updated_at from publishing_day pd1_0 where pd1_0.day=?
Hibernate: select pd1_0.publishing_day_id,pd1_0.created_at,pd1_0.day,pd1_0.updated_at from publishing_day pd1_0 where pd1_0.day=?
PublishingDay{publishingDayId=7, createdAt=2024-03-29T19:55:41.069514, updatedAt=2024-03-29T19:55:41.069514, day='SUNDAY'}
2024-03-29T20:01:57.006+09:00 DEBUG 26924 --- [    Test worker] org.hibernate.SQL                        : insert into webtoon (created_at,description,no_youth,publication_status,thumbnail,title,updated_at) values (?,?,?,?,?,?,?)
Hibernate: insert into webtoon (created_at,description,no_youth,publication_status,thumbnail,title,updated_at) values (?,?,?,?,?,?,?)
2024-03-29T20:01:57.013+09:00 DEBUG 26924 --- [    Test worker] org.hibernate.SQL                        : insert into webtoon_publishing_day (created_at,publishing_day_id,updated_at,webtoon_id) values (?,?,?,?)
Hibernate: insert into webtoon_publishing_day (created_at,publishing_day_id,updated_at,webtoon_id) values (?,?,?,?)
SUNDAY
2024-03-29T20:01:57.019+09:00 DEBUG 26924 --- [    Test worker] org.hibernate.SQL                        : select pd1_0.publishing_day_id,pd1_0.created_at,pd1_0.day,pd1_0.updated_at from publishing_day pd1_0 where pd1_0.day=?
Hibernate: select pd1_0.publishing_day_id,pd1_0.created_at,pd1_0.day,pd1_0.updated_at from publishing_day pd1_0 where pd1_0.day=?
PublishingDay{publishingDayId=7, createdAt=2024-03-29T19:55:41.069514, updatedAt=2024-03-29T19:55:41.069514, day='SUNDAY'}
2024-03-29T20:01:57.021+09:00 DEBUG 26924 --- [    Test worker] org.hibernate.SQL                        : insert into webtoon (created_at,description,no_youth,publication_status,thumbnail,title,updated_at) values (?,?,?,?,?,?,?)
Hibernate: insert into webtoon (created_at,description,no_youth,publication_status,thumbnail,title,updated_at) values (?,?,?,?,?,?,?)
2024-03-29T20:01:57.028+09:00 DEBUG 26924 --- [    Test worker] org.hibernate.SQL                        : insert into webtoon_publishing_day (created_at,publishing_day_id,updated_at,webtoon_id) values (?,?,?,?)
Hibernate: insert into webtoon_publishing_day (created_at,publishing_day_id,updated_at,webtoon_id) values (?,?,?,?)
SUNDAY
2024-03-29T20:01:57.032+09:00 DEBUG 26924 --- [    Test worker] org.hibernate.SQL                        : select pd1_0.publishing_day_id,pd1_0.created_at,pd1_0.day,pd1_0.updated_at from publishing_day pd1_0 where pd1_0.day=?
Hibernate: select pd1_0.publishing_day_id,pd1_0.created_at,pd1_0.day,pd1_0.updated_at from publishing_day pd1_0 where pd1_0.day=?
PublishingDay{publishingDayId=7, createdAt=2024-03-29T19:55:41.069514, updatedAt=2024-03-29T19:55:41.069514, day='SUNDAY'}
2024-03-29T20:01:57.034+09:00 DEBUG 26924 --- [    Test worker] org.hibernate.SQL                        : insert into webtoon (created_at,description,no_youth,publication_status,thumbnail,title,updated_at) values (?,?,?,?,?,?,?)
Hibernate: insert into webtoon (created_at,description,no_youth,publication_status,thumbnail,title,updated_at) values (?,?,?,?,?,?,?)
2024-03-29T20:01:57.038+09:00 DEBUG 26924 --- [    Test worker] org.hibernate.SQL                        : insert into webtoon_publishing_day (created_at,publishing_day_id,updated_at,webtoon_id) values (?,?,?,?)
Hibernate: insert into webtoon_publishing_day (created_at,publishing_day_id,updated_at,webtoon_id) values (?,?,?,?)
SUNDAY
2024-03-29T20:01:57.042+09:00 DEBUG 26924 --- [    Test worker] org.hibernate.SQL                        : select pd1_0.publishing_day_id,pd1_0.created_at,pd1_0.day,pd1_0.updated_at from publishing_day pd1_0 where pd1_0.day=?
Hibernate: select pd1_0.publishing_day_id,pd1_0.created_at,pd1_0.day,pd1_0.updated_at from publishing_day pd1_0 where pd1_0.day=?
PublishingDay{publishingDayId=7, createdAt=2024-03-29T19:55:41.069514, updatedAt=2024-03-29T19:55:41.069514, day='SUNDAY'}
2024-03-29T20:01:57.044+09:00 DEBUG 26924 --- [    Test worker] org.hibernate.SQL                        : insert into webtoon (created_at,description,no_youth,publication_status,thumbnail,title,updated_at) values (?,?,?,?,?,?,?)
Hibernate: insert into webtoon (created_at,description,no_youth,publication_status,thumbnail,title,updated_at) values (?,?,?,?,?,?,?)
2024-03-29T20:01:57.048+09:00 DEBUG 26924 --- [    Test worker] org.hibernate.SQL                        : insert into webtoon_publishing_day (created_at,publishing_day_id,updated_at,webtoon_id) values (?,?,?,?)
Hibernate: insert into webtoon_publishing_day (created_at,publishing_day_id,updated_at,webtoon_id) values (?,?,?,?)
SUNDAY
2024-03-29T20:01:57.053+09:00 DEBUG 26924 --- [    Test worker] org.hibernate.SQL                        : select pd1_0.publishing_day_id,pd1_0.created_at,pd1_0.day,pd1_0.updated_at from publishing_day pd1_0 where pd1_0.day=?
Hibernate: select pd1_0.publishing_day_id,pd1_0.created_at,pd1_0.day,pd1_0.updated_at from publishing_day pd1_0 where pd1_0.day=?
PublishingDay{publishingDayId=7, createdAt=2024-03-29T19:55:41.069514, updatedAt=2024-03-29T19:55:41.069514, day='SUNDAY'}
2024-03-29T20:01:57.054+09:00 DEBUG 26924 --- [    Test worker] org.hibernate.SQL                        : insert into webtoon (created_at,description,no_youth,publication_status,thumbnail,title,updated_at) values (?,?,?,?,?,?,?)
Hibernate: insert into webtoon (created_at,description,no_youth,publication_status,thumbnail,title,updated_at) values (?,?,?,?,?,?,?)
2024-03-29T20:01:57.059+09:00 DEBUG 26924 --- [    Test worker] org.hibernate.SQL                        : insert into webtoon_publishing_day (created_at,publishing_day_id,updated_at,webtoon_id) values (?,?,?,?)
Hibernate: insert into webtoon_publishing_day (created_at,publishing_day_id,updated_at,webtoon_id) values (?,?,?,?)
SUNDAY
2024-03-29T20:01:57.064+09:00 DEBUG 26924 --- [    Test worker] org.hibernate.SQL                        : select pd1_0.publishing_day_id,pd1_0.created_at,pd1_0.day,pd1_0.updated_at from publishing_day pd1_0 where pd1_0.day=?
Hibernate: select pd1_0.publishing_day_id,pd1_0.created_at,pd1_0.day,pd1_0.updated_at from publishing_day pd1_0 where pd1_0.day=?
PublishingDay{publishingDayId=7, createdAt=2024-03-29T19:55:41.069514, updatedAt=2024-03-29T19:55:41.069514, day='SUNDAY'}
2024-03-29T20:01:57.065+09:00 DEBUG 26924 --- [    Test worker] org.hibernate.SQL                        : insert into webtoon (created_at,description,no_youth,publication_status,thumbnail,title,updated_at) values (?,?,?,?,?,?,?)
Hibernate: insert into webtoon (created_at,description,no_youth,publication_status,thumbnail,title,updated_at) values (?,?,?,?,?,?,?)
2024-03-29T20:01:57.070+09:00 DEBUG 26924 --- [    Test worker] org.hibernate.SQL                        : insert into webtoon_publishing_day (created_at,publishing_day_id,updated_at,webtoon_id) values (?,?,?,?)
Hibernate: insert into webtoon_publishing_day (created_at,publishing_day_id,updated_at,webtoon_id) values (?,?,?,?)
SUNDAY
2024-03-29T20:01:57.075+09:00 DEBUG 26924 --- [    Test worker] org.hibernate.SQL                        : select pd1_0.publishing_day_id,pd1_0.created_at,pd1_0.day,pd1_0.updated_at from publishing_day pd1_0 where pd1_0.day=?
Hibernate: select pd1_0.publishing_day_id,pd1_0.created_at,pd1_0.day,pd1_0.updated_at from publishing_day pd1_0 where pd1_0.day=?
PublishingDay{publishingDayId=7, createdAt=2024-03-29T19:55:41.069514, updatedAt=2024-03-29T19:55:41.069514, day='SUNDAY'}
2024-03-29T20:01:57.077+09:00 DEBUG 26924 --- [    Test worker] org.hibernate.SQL                        : insert into webtoon (created_at,description,no_youth,publication_status,thumbnail,title,updated_at) values (?,?,?,?,?,?,?)
Hibernate: insert into webtoon (created_at,description,no_youth,publication_status,thumbnail,title,updated_at) values (?,?,?,?,?,?,?)
2024-03-29T20:01:57.083+09:00 DEBUG 26924 --- [    Test worker] org.hibernate.SQL                        : insert into webtoon_publishing_day (created_at,publishing_day_id,updated_at,webtoon_id) values (?,?,?,?)
Hibernate: insert into webtoon_publishing_day (created_at,publishing_day_id,updated_at,webtoon_id) values (?,?,?,?)
SUNDAY
2024-03-29T20:01:57.090+09:00 DEBUG 26924 --- [    Test worker] org.hibernate.SQL                        : select pd1_0.publishing_day_id,pd1_0.created_at,pd1_0.day,pd1_0.updated_at from publishing_day pd1_0 where pd1_0.day=?
Hibernate: select pd1_0.publishing_day_id,pd1_0.created_at,pd1_0.day,pd1_0.updated_at from publishing_day pd1_0 where pd1_0.day=?
PublishingDay{publishingDayId=7, createdAt=2024-03-29T19:55:41.069514, updatedAt=2024-03-29T19:55:41.069514, day='SUNDAY'}
2024-03-29T20:01:57.092+09:00 DEBUG 26924 --- [    Test worker] org.hibernate.SQL                        : insert into webtoon (created_at,description,no_youth,publication_status,thumbnail,title,updated_at) values (?,?,?,?,?,?,?)
Hibernate: insert into webtoon (created_at,description,no_youth,publication_status,thumbnail,title,updated_at) values (?,?,?,?,?,?,?)
2024-03-29T20:01:57.098+09:00 DEBUG 26924 --- [    Test worker] org.hibernate.SQL                        : insert into webtoon_publishing_day (created_at,publishing_day_id,updated_at,webtoon_id) values (?,?,?,?)
Hibernate: insert into webtoon_publishing_day (created_at,publishing_day_id,updated_at,webtoon_id) values (?,?,?,?)
SUNDAY
2024-03-29T20:01:57.104+09:00 DEBUG 26924 --- [    Test worker] org.hibernate.SQL                        : select pd1_0.publishing_day_id,pd1_0.created_at,pd1_0.day,pd1_0.updated_at from publishing_day pd1_0 where pd1_0.day=?
Hibernate: select pd1_0.publishing_day_id,pd1_0.created_at,pd1_0.day,pd1_0.updated_at from publishing_day pd1_0 where pd1_0.day=?
PublishingDay{publishingDayId=7, createdAt=2024-03-29T19:55:41.069514, updatedAt=2024-03-29T19:55:41.069514, day='SUNDAY'}
2024-03-29T20:01:57.106+09:00 DEBUG 26924 --- [    Test worker] org.hibernate.SQL                        : insert into webtoon (created_at,description,no_youth,publication_status,thumbnail,title,updated_at) values (?,?,?,?,?,?,?)
Hibernate: insert into webtoon (created_at,description,no_youth,publication_status,thumbnail,title,updated_at) values (?,?,?,?,?,?,?)
2024-03-29T20:01:57.112+09:00 DEBUG 26924 --- [    Test worker] org.hibernate.SQL                        : insert into webtoon_publishing_day (created_at,publishing_day_id,updated_at,webtoon_id) values (?,?,?,?)
Hibernate: insert into webtoon_publishing_day (created_at,publishing_day_id,updated_at,webtoon_id) values (?,?,?,?)
SUNDAY
2024-03-29T20:01:57.118+09:00 DEBUG 26924 --- [    Test worker] org.hibernate.SQL                        : select pd1_0.publishing_day_id,pd1_0.created_at,pd1_0.day,pd1_0.updated_at from publishing_day pd1_0 where pd1_0.day=?
Hibernate: select pd1_0.publishing_day_id,pd1_0.created_at,pd1_0.day,pd1_0.updated_at from publishing_day pd1_0 where pd1_0.day=?
PublishingDay{publishingDayId=7, createdAt=2024-03-29T19:55:41.069514, updatedAt=2024-03-29T19:55:41.069514, day='SUNDAY'}
2024-03-29T20:01:57.120+09:00 DEBUG 26924 --- [    Test worker] org.hibernate.SQL                        : insert into webtoon (created_at,description,no_youth,publication_status,thumbnail,title,updated_at) values (?,?,?,?,?,?,?)
Hibernate: insert into webtoon (created_at,description,no_youth,publication_status,thumbnail,title,updated_at) values (?,?,?,?,?,?,?)
2024-03-29T20:01:57.125+09:00 DEBUG 26924 --- [    Test worker] org.hibernate.SQL                        : insert into webtoon_publishing_day (created_at,publishing_day_id,updated_at,webtoon_id) values (?,?,?,?)
Hibernate: insert into webtoon_publishing_day (created_at,publishing_day_id,updated_at,webtoon_id) values (?,?,?,?)
SUNDAY
2024-03-29T20:01:57.132+09:00 DEBUG 26924 --- [    Test worker] org.hibernate.SQL                        : select pd1_0.publishing_day_id,pd1_0.created_at,pd1_0.day,pd1_0.updated_at from publishing_day pd1_0 where pd1_0.day=?
Hibernate: select pd1_0.publishing_day_id,pd1_0.created_at,pd1_0.day,pd1_0.updated_at from publishing_day pd1_0 where pd1_0.day=?
PublishingDay{publishingDayId=7, createdAt=2024-03-29T19:55:41.069514, updatedAt=2024-03-29T19:55:41.069514, day='SUNDAY'}
2024-03-29T20:01:57.135+09:00 DEBUG 26924 --- [    Test worker] org.hibernate.SQL                        : insert into webtoon (created_at,description,no_youth,publication_status,thumbnail,title,updated_at) values (?,?,?,?,?,?,?)
Hibernate: insert into webtoon (created_at,description,no_youth,publication_status,thumbnail,title,updated_at) values (?,?,?,?,?,?,?)
2024-03-29T20:01:57.141+09:00 DEBUG 26924 --- [    Test worker] org.hibernate.SQL                        : insert into webtoon_publishing_day (created_at,publishing_day_id,updated_at,webtoon_id) values (?,?,?,?)
Hibernate: insert into webtoon_publishing_day (created_at,publishing_day_id,updated_at,webtoon_id) values (?,?,?,?)
SUNDAY
2024-03-29T20:01:57.148+09:00 DEBUG 26924 --- [    Test worker] org.hibernate.SQL                        : select pd1_0.publishing_day_id,pd1_0.created_at,pd1_0.day,pd1_0.updated_at from publishing_day pd1_0 where pd1_0.day=?
Hibernate: select pd1_0.publishing_day_id,pd1_0.created_at,pd1_0.day,pd1_0.updated_at from publishing_day pd1_0 where pd1_0.day=?
PublishingDay{publishingDayId=7, createdAt=2024-03-29T19:55:41.069514, updatedAt=2024-03-29T19:55:41.069514, day='SUNDAY'}
2024-03-29T20:01:57.152+09:00 DEBUG 26924 --- [    Test worker] org.hibernate.SQL                        : insert into webtoon (created_at,description,no_youth,publication_status,thumbnail,title,updated_at) values (?,?,?,?,?,?,?)
Hibernate: insert into webtoon (created_at,description,no_youth,publication_status,thumbnail,title,updated_at) values (?,?,?,?,?,?,?)
2024-03-29T20:01:57.160+09:00 DEBUG 26924 --- [    Test worker] org.hibernate.SQL                        : insert into webtoon_publishing_day (created_at,publishing_day_id,updated_at,webtoon_id) values (?,?,?,?)
Hibernate: insert into webtoon_publishing_day (created_at,publishing_day_id,updated_at,webtoon_id) values (?,?,?,?)
SUNDAY
2024-03-29T20:01:57.168+09:00 DEBUG 26924 --- [    Test worker] org.hibernate.SQL                        : select pd1_0.publishing_day_id,pd1_0.created_at,pd1_0.day,pd1_0.updated_at from publishing_day pd1_0 where pd1_0.day=?
Hibernate: select pd1_0.publishing_day_id,pd1_0.created_at,pd1_0.day,pd1_0.updated_at from publishing_day pd1_0 where pd1_0.day=?
PublishingDay{publishingDayId=7, createdAt=2024-03-29T19:55:41.069514, updatedAt=2024-03-29T19:55:41.069514, day='SUNDAY'}
2024-03-29T20:01:57.172+09:00 DEBUG 26924 --- [    Test worker] org.hibernate.SQL                        : insert into webtoon (created_at,description,no_youth,publication_status,thumbnail,title,updated_at) values (?,?,?,?,?,?,?)
Hibernate: insert into webtoon (created_at,description,no_youth,publication_status,thumbnail,title,updated_at) values (?,?,?,?,?,?,?)
2024-03-29T20:01:57.179+09:00 DEBUG 26924 --- [    Test worker] org.hibernate.SQL                        : insert into webtoon_publishing_day (created_at,publishing_day_id,updated_at,webtoon_id) values (?,?,?,?)
Hibernate: insert into webtoon_publishing_day (created_at,publishing_day_id,updated_at,webtoon_id) values (?,?,?,?)
SUNDAY
2024-03-29T20:01:57.188+09:00 DEBUG 26924 --- [    Test worker] org.hibernate.SQL                        : select pd1_0.publishing_day_id,pd1_0.created_at,pd1_0.day,pd1_0.updated_at from publishing_day pd1_0 where pd1_0.day=?
Hibernate: select pd1_0.publishing_day_id,pd1_0.created_at,pd1_0.day,pd1_0.updated_at from publishing_day pd1_0 where pd1_0.day=?
PublishingDay{publishingDayId=7, createdAt=2024-03-29T19:55:41.069514, updatedAt=2024-03-29T19:55:41.069514, day='SUNDAY'}
2024-03-29T20:01:57.190+09:00 DEBUG 26924 --- [    Test worker] org.hibernate.SQL                        : insert into webtoon (created_at,description,no_youth,publication_status,thumbnail,title,updated_at) values (?,?,?,?,?,?,?)
Hibernate: insert into webtoon (created_at,description,no_youth,publication_status,thumbnail,title,updated_at) values (?,?,?,?,?,?,?)
2024-03-29T20:01:57.198+09:00 DEBUG 26924 --- [    Test worker] org.hibernate.SQL                        : insert into webtoon_publishing_day (created_at,publishing_day_id,updated_at,webtoon_id) values (?,?,?,?)
Hibernate: insert into webtoon_publishing_day (created_at,publishing_day_id,updated_at,webtoon_id) values (?,?,?,?)
SUNDAY
2024-03-29T20:01:57.204+09:00 DEBUG 26924 --- [    Test worker] org.hibernate.SQL                        : select pd1_0.publishing_day_id,pd1_0.created_at,pd1_0.day,pd1_0.updated_at from publishing_day pd1_0 where pd1_0.day=?
Hibernate: select pd1_0.publishing_day_id,pd1_0.created_at,pd1_0.day,pd1_0.updated_at from publishing_day pd1_0 where pd1_0.day=?
PublishingDay{publishingDayId=7, createdAt=2024-03-29T19:55:41.069514, updatedAt=2024-03-29T19:55:41.069514, day='SUNDAY'}
2024-03-29T20:01:57.207+09:00 DEBUG 26924 --- [    Test worker] org.hibernate.SQL                        : insert into webtoon (created_at,description,no_youth,publication_status,thumbnail,title,updated_at) values (?,?,?,?,?,?,?)
Hibernate: insert into webtoon (created_at,description,no_youth,publication_status,thumbnail,title,updated_at) values (?,?,?,?,?,?,?)
2024-03-29T20:01:57.213+09:00 DEBUG 26924 --- [    Test worker] org.hibernate.SQL                        : insert into webtoon_publishing_day (created_at,publishing_day_id,updated_at,webtoon_id) values (?,?,?,?)
Hibernate: insert into webtoon_publishing_day (created_at,publishing_day_id,updated_at,webtoon_id) values (?,?,?,?)
SUNDAY
2024-03-29T20:01:57.219+09:00 DEBUG 26924 --- [    Test worker] org.hibernate.SQL                        : select pd1_0.publishing_day_id,pd1_0.created_at,pd1_0.day,pd1_0.updated_at from publishing_day pd1_0 where pd1_0.day=?
Hibernate: select pd1_0.publishing_day_id,pd1_0.created_at,pd1_0.day,pd1_0.updated_at from publishing_day pd1_0 where pd1_0.day=?
PublishingDay{publishingDayId=7, createdAt=2024-03-29T19:55:41.069514, updatedAt=2024-03-29T19:55:41.069514, day='SUNDAY'}
2024-03-29T20:01:57.221+09:00 DEBUG 26924 --- [    Test worker] org.hibernate.SQL                        : insert into webtoon (created_at,description,no_youth,publication_status,thumbnail,title,updated_at) values (?,?,?,?,?,?,?)
Hibernate: insert into webtoon (created_at,description,no_youth,publication_status,thumbnail,title,updated_at) values (?,?,?,?,?,?,?)
2024-03-29T20:01:57.228+09:00 DEBUG 26924 --- [    Test worker] org.hibernate.SQL                        : insert into webtoon_publishing_day (created_at,publishing_day_id,updated_at,webtoon_id) values (?,?,?,?)
Hibernate: insert into webtoon_publishing_day (created_at,publishing_day_id,updated_at,webtoon_id) values (?,?,?,?)
SUNDAY
2024-03-29T20:01:57.233+09:00 DEBUG 26924 --- [    Test worker] org.hibernate.SQL                        : select pd1_0.publishing_day_id,pd1_0.created_at,pd1_0.day,pd1_0.updated_at from publishing_day pd1_0 where pd1_0.day=?
Hibernate: select pd1_0.publishing_day_id,pd1_0.created_at,pd1_0.day,pd1_0.updated_at from publishing_day pd1_0 where pd1_0.day=?
PublishingDay{publishingDayId=7, createdAt=2024-03-29T19:55:41.069514, updatedAt=2024-03-29T19:55:41.069514, day='SUNDAY'}
2024-03-29T20:01:57.235+09:00 DEBUG 26924 --- [    Test worker] org.hibernate.SQL                        : insert into webtoon (created_at,description,no_youth,publication_status,thumbnail,title,updated_at) values (?,?,?,?,?,?,?)
Hibernate: insert into webtoon (created_at,description,no_youth,publication_status,thumbnail,title,updated_at) values (?,?,?,?,?,?,?)
2024-03-29T20:01:57.241+09:00 DEBUG 26924 --- [    Test worker] org.hibernate.SQL                        : insert into webtoon_publishing_day (created_at,publishing_day_id,updated_at,webtoon_id) values (?,?,?,?)
Hibernate: insert into webtoon_publishing_day (created_at,publishing_day_id,updated_at,webtoon_id) values (?,?,?,?)
SUNDAY
2024-03-29T20:01:57.248+09:00 DEBUG 26924 --- [    Test worker] org.hibernate.SQL                        : select pd1_0.publishing_day_id,pd1_0.created_at,pd1_0.day,pd1_0.updated_at from publishing_day pd1_0 where pd1_0.day=?
Hibernate: select pd1_0.publishing_day_id,pd1_0.created_at,pd1_0.day,pd1_0.updated_at from publishing_day pd1_0 where pd1_0.day=?
PublishingDay{publishingDayId=7, createdAt=2024-03-29T19:55:41.069514, updatedAt=2024-03-29T19:55:41.069514, day='SUNDAY'}
2024-03-29T20:01:57.250+09:00 DEBUG 26924 --- [    Test worker] org.hibernate.SQL                        : insert into webtoon (created_at,description,no_youth,publication_status,thumbnail,title,updated_at) values (?,?,?,?,?,?,?)
Hibernate: insert into webtoon (created_at,description,no_youth,publication_status,thumbnail,title,updated_at) values (?,?,?,?,?,?,?)
2024-03-29T20:01:57.255+09:00 DEBUG 26924 --- [    Test worker] org.hibernate.SQL                        : insert into webtoon_publishing_day (created_at,publishing_day_id,updated_at,webtoon_id) values (?,?,?,?)
Hibernate: insert into webtoon_publishing_day (created_at,publishing_day_id,updated_at,webtoon_id) values (?,?,?,?)
SUNDAY
2024-03-29T20:01:57.260+09:00 DEBUG 26924 --- [    Test worker] org.hibernate.SQL                        : select pd1_0.publishing_day_id,pd1_0.created_at,pd1_0.day,pd1_0.updated_at from publishing_day pd1_0 where pd1_0.day=?
Hibernate: select pd1_0.publishing_day_id,pd1_0.created_at,pd1_0.day,pd1_0.updated_at from publishing_day pd1_0 where pd1_0.day=?
PublishingDay{publishingDayId=7, createdAt=2024-03-29T19:55:41.069514, updatedAt=2024-03-29T19:55:41.069514, day='SUNDAY'}
2024-03-29T20:01:57.263+09:00 DEBUG 26924 --- [    Test worker] org.hibernate.SQL                        : insert into webtoon (created_at,description,no_youth,publication_status,thumbnail,title,updated_at) values (?,?,?,?,?,?,?)
Hibernate: insert into webtoon (created_at,description,no_youth,publication_status,thumbnail,title,updated_at) values (?,?,?,?,?,?,?)
2024-03-29T20:01:57.268+09:00 DEBUG 26924 --- [    Test worker] org.hibernate.SQL                        : insert into webtoon_publishing_day (created_at,publishing_day_id,updated_at,webtoon_id) values (?,?,?,?)
Hibernate: insert into webtoon_publishing_day (created_at,publishing_day_id,updated_at,webtoon_id) values (?,?,?,?)
SUNDAY
2024-03-29T20:01:57.274+09:00 DEBUG 26924 --- [    Test worker] org.hibernate.SQL                        : select pd1_0.publishing_day_id,pd1_0.created_at,pd1_0.day,pd1_0.updated_at from publishing_day pd1_0 where pd1_0.day=?
Hibernate: select pd1_0.publishing_day_id,pd1_0.created_at,pd1_0.day,pd1_0.updated_at from publishing_day pd1_0 where pd1_0.day=?
PublishingDay{publishingDayId=7, createdAt=2024-03-29T19:55:41.069514, updatedAt=2024-03-29T19:55:41.069514, day='SUNDAY'}
2024-03-29T20:01:57.277+09:00 DEBUG 26924 --- [    Test worker] org.hibernate.SQL                        : insert into webtoon (created_at,description,no_youth,publication_status,thumbnail,title,updated_at) values (?,?,?,?,?,?,?)
Hibernate: insert into webtoon (created_at,description,no_youth,publication_status,thumbnail,title,updated_at) values (?,?,?,?,?,?,?)
2024-03-29T20:01:57.282+09:00 DEBUG 26924 --- [    Test worker] org.hibernate.SQL                        : insert into webtoon_publishing_day (created_at,publishing_day_id,updated_at,webtoon_id) values (?,?,?,?)
Hibernate: insert into webtoon_publishing_day (created_at,publishing_day_id,updated_at,webtoon_id) values (?,?,?,?)
SUNDAY
2024-03-29T20:01:57.288+09:00 DEBUG 26924 --- [    Test worker] org.hibernate.SQL                        : select pd1_0.publishing_day_id,pd1_0.created_at,pd1_0.day,pd1_0.updated_at from publishing_day pd1_0 where pd1_0.day=?
Hibernate: select pd1_0.publishing_day_id,pd1_0.created_at,pd1_0.day,pd1_0.updated_at from publishing_day pd1_0 where pd1_0.day=?
PublishingDay{publishingDayId=7, createdAt=2024-03-29T19:55:41.069514, updatedAt=2024-03-29T19:55:41.069514, day='SUNDAY'}
2024-03-29T20:01:57.289+09:00 DEBUG 26924 --- [    Test worker] org.hibernate.SQL                        : insert into webtoon (created_at,description,no_youth,publication_status,thumbnail,title,updated_at) values (?,?,?,?,?,?,?)
Hibernate: insert into webtoon (created_at,description,no_youth,publication_status,thumbnail,title,updated_at) values (?,?,?,?,?,?,?)
2024-03-29T20:01:57.297+09:00 DEBUG 26924 --- [    Test worker] org.hibernate.SQL                        : insert into webtoon_publishing_day (created_at,publishing_day_id,updated_at,webtoon_id) values (?,?,?,?)
Hibernate: insert into webtoon_publishing_day (created_at,publishing_day_id,updated_at,webtoon_id) values (?,?,?,?)
SUNDAY
2024-03-29T20:01:57.303+09:00 DEBUG 26924 --- [    Test worker] org.hibernate.SQL                        : select pd1_0.publishing_day_id,pd1_0.created_at,pd1_0.day,pd1_0.updated_at from publishing_day pd1_0 where pd1_0.day=?
Hibernate: select pd1_0.publishing_day_id,pd1_0.created_at,pd1_0.day,pd1_0.updated_at from publishing_day pd1_0 where pd1_0.day=?
PublishingDay{publishingDayId=7, createdAt=2024-03-29T19:55:41.069514, updatedAt=2024-03-29T19:55:41.069514, day='SUNDAY'}
2024-03-29T20:01:57.306+09:00 DEBUG 26924 --- [    Test worker] org.hibernate.SQL                        : insert into webtoon (created_at,description,no_youth,publication_status,thumbnail,title,updated_at) values (?,?,?,?,?,?,?)
Hibernate: insert into webtoon (created_at,description,no_youth,publication_status,thumbnail,title,updated_at) values (?,?,?,?,?,?,?)
2024-03-29T20:01:57.312+09:00 DEBUG 26924 --- [    Test worker] org.hibernate.SQL                        : insert into webtoon_publishing_day (created_at,publishing_day_id,updated_at,webtoon_id) values (?,?,?,?)
Hibernate: insert into webtoon_publishing_day (created_at,publishing_day_id,updated_at,webtoon_id) values (?,?,?,?)
SUNDAY
2024-03-29T20:01:57.318+09:00 DEBUG 26924 --- [    Test worker] org.hibernate.SQL                        : select pd1_0.publishing_day_id,pd1_0.created_at,pd1_0.day,pd1_0.updated_at from publishing_day pd1_0 where pd1_0.day=?
Hibernate: select pd1_0.publishing_day_id,pd1_0.created_at,pd1_0.day,pd1_0.updated_at from publishing_day pd1_0 where pd1_0.day=?
PublishingDay{publishingDayId=7, createdAt=2024-03-29T19:55:41.069514, updatedAt=2024-03-29T19:55:41.069514, day='SUNDAY'}
2024-03-29T20:01:57.320+09:00 DEBUG 26924 --- [    Test worker] org.hibernate.SQL                        : insert into webtoon (created_at,description,no_youth,publication_status,thumbnail,title,updated_at) values (?,?,?,?,?,?,?)
Hibernate: insert into webtoon (created_at,description,no_youth,publication_status,thumbnail,title,updated_at) values (?,?,?,?,?,?,?)
2024-03-29T20:01:57.324+09:00 DEBUG 26924 --- [    Test worker] org.hibernate.SQL                        : insert into webtoon_publishing_day (created_at,publishing_day_id,updated_at,webtoon_id) values (?,?,?,?)
Hibernate: insert into webtoon_publishing_day (created_at,publishing_day_id,updated_at,webtoon_id) values (?,?,?,?)
SUNDAY
2024-03-29T20:01:57.329+09:00 DEBUG 26924 --- [    Test worker] org.hibernate.SQL                        : select pd1_0.publishing_day_id,pd1_0.created_at,pd1_0.day,pd1_0.updated_at from publishing_day pd1_0 where pd1_0.day=?
Hibernate: select pd1_0.publishing_day_id,pd1_0.created_at,pd1_0.day,pd1_0.updated_at from publishing_day pd1_0 where pd1_0.day=?
PublishingDay{publishingDayId=7, createdAt=2024-03-29T19:55:41.069514, updatedAt=2024-03-29T19:55:41.069514, day='SUNDAY'}
2024-03-29T20:01:57.332+09:00 DEBUG 26924 --- [    Test worker] org.hibernate.SQL                        : insert into webtoon (created_at,description,no_youth,publication_status,thumbnail,title,updated_at) values (?,?,?,?,?,?,?)
Hibernate: insert into webtoon (created_at,description,no_youth,publication_status,thumbnail,title,updated_at) values (?,?,?,?,?,?,?)
2024-03-29T20:01:57.338+09:00 DEBUG 26924 --- [    Test worker] org.hibernate.SQL                        : insert into webtoon_publishing_day (created_at,publishing_day_id,updated_at,webtoon_id) values (?,?,?,?)
Hibernate: insert into webtoon_publishing_day (created_at,publishing_day_id,updated_at,webtoon_id) values (?,?,?,?)
SUNDAY
2024-03-29T20:01:57.344+09:00 DEBUG 26924 --- [    Test worker] org.hibernate.SQL                        : select pd1_0.publishing_day_id,pd1_0.created_at,pd1_0.day,pd1_0.updated_at from publishing_day pd1_0 where pd1_0.day=?
Hibernate: select pd1_0.publishing_day_id,pd1_0.created_at,pd1_0.day,pd1_0.updated_at from publishing_day pd1_0 where pd1_0.day=?
PublishingDay{publishingDayId=7, createdAt=2024-03-29T19:55:41.069514, updatedAt=2024-03-29T19:55:41.069514, day='SUNDAY'}
2024-03-29T20:01:57.347+09:00 DEBUG 26924 --- [    Test worker] org.hibernate.SQL                        : insert into webtoon (created_at,description,no_youth,publication_status,thumbnail,title,updated_at) values (?,?,?,?,?,?,?)
Hibernate: insert into webtoon (created_at,description,no_youth,publication_status,thumbnail,title,updated_at) values (?,?,?,?,?,?,?)
2024-03-29T20:01:57.351+09:00 DEBUG 26924 --- [    Test worker] org.hibernate.SQL                        : insert into webtoon_publishing_day (created_at,publishing_day_id,updated_at,webtoon_id) values (?,?,?,?)
Hibernate: insert into webtoon_publishing_day (created_at,publishing_day_id,updated_at,webtoon_id) values (?,?,?,?)
SUNDAY
2024-03-29T20:01:57.356+09:00 DEBUG 26924 --- [    Test worker] org.hibernate.SQL                        : select pd1_0.publishing_day_id,pd1_0.created_at,pd1_0.day,pd1_0.updated_at from publishing_day pd1_0 where pd1_0.day=?
Hibernate: select pd1_0.publishing_day_id,pd1_0.created_at,pd1_0.day,pd1_0.updated_at from publishing_day pd1_0 where pd1_0.day=?
PublishingDay{publishingDayId=7, createdAt=2024-03-29T19:55:41.069514, updatedAt=2024-03-29T19:55:41.069514, day='SUNDAY'}
2024-03-29T20:01:57.360+09:00 DEBUG 26924 --- [    Test worker] org.hibernate.SQL                        : insert into webtoon (created_at,description,no_youth,publication_status,thumbnail,title,updated_at) values (?,?,?,?,?,?,?)
Hibernate: insert into webtoon (created_at,description,no_youth,publication_status,thumbnail,title,updated_at) values (?,?,?,?,?,?,?)
2024-03-29T20:01:57.365+09:00 DEBUG 26924 --- [    Test worker] org.hibernate.SQL                        : insert into webtoon_publishing_day (created_at,publishing_day_id,updated_at,webtoon_id) values (?,?,?,?)
Hibernate: insert into webtoon_publishing_day (created_at,publishing_day_id,updated_at,webtoon_id) values (?,?,?,?)
SUNDAY
2024-03-29T20:01:57.370+09:00 DEBUG 26924 --- [    Test worker] org.hibernate.SQL                        : select pd1_0.publishing_day_id,pd1_0.created_at,pd1_0.day,pd1_0.updated_at from publishing_day pd1_0 where pd1_0.day=?
Hibernate: select pd1_0.publishing_day_id,pd1_0.created_at,pd1_0.day,pd1_0.updated_at from publishing_day pd1_0 where pd1_0.day=?
PublishingDay{publishingDayId=7, createdAt=2024-03-29T19:55:41.069514, updatedAt=2024-03-29T19:55:41.069514, day='SUNDAY'}
2024-03-29T20:01:57.372+09:00 DEBUG 26924 --- [    Test worker] org.hibernate.SQL                        : insert into webtoon (created_at,description,no_youth,publication_status,thumbnail,title,updated_at) values (?,?,?,?,?,?,?)
Hibernate: insert into webtoon (created_at,description,no_youth,publication_status,thumbnail,title,updated_at) values (?,?,?,?,?,?,?)
2024-03-29T20:01:57.379+09:00 DEBUG 26924 --- [    Test worker] org.hibernate.SQL                        : insert into webtoon_publishing_day (created_at,publishing_day_id,updated_at,webtoon_id) values (?,?,?,?)
Hibernate: insert into webtoon_publishing_day (created_at,publishing_day_id,updated_at,webtoon_id) values (?,?,?,?)
SUNDAY
2024-03-29T20:01:57.385+09:00 DEBUG 26924 --- [    Test worker] org.hibernate.SQL                        : select pd1_0.publishing_day_id,pd1_0.created_at,pd1_0.day,pd1_0.updated_at from publishing_day pd1_0 where pd1_0.day=?
Hibernate: select pd1_0.publishing_day_id,pd1_0.created_at,pd1_0.day,pd1_0.updated_at from publishing_day pd1_0 where pd1_0.day=?
PublishingDay{publishingDayId=7, createdAt=2024-03-29T19:55:41.069514, updatedAt=2024-03-29T19:55:41.069514, day='SUNDAY'}
2024-03-29T20:01:57.387+09:00 DEBUG 26924 --- [    Test worker] org.hibernate.SQL                        : insert into webtoon (created_at,description,no_youth,publication_status,thumbnail,title,updated_at) values (?,?,?,?,?,?,?)
Hibernate: insert into webtoon (created_at,description,no_youth,publication_status,thumbnail,title,updated_at) values (?,?,?,?,?,?,?)
2024-03-29T20:01:57.393+09:00 DEBUG 26924 --- [    Test worker] org.hibernate.SQL                        : insert into webtoon_publishing_day (created_at,publishing_day_id,updated_at,webtoon_id) values (?,?,?,?)
Hibernate: insert into webtoon_publishing_day (created_at,publishing_day_id,updated_at,webtoon_id) values (?,?,?,?)
SUNDAY
2024-03-29T20:01:57.400+09:00 DEBUG 26924 --- [    Test worker] org.hibernate.SQL                        : select pd1_0.publishing_day_id,pd1_0.created_at,pd1_0.day,pd1_0.updated_at from publishing_day pd1_0 where pd1_0.day=?
Hibernate: select pd1_0.publishing_day_id,pd1_0.created_at,pd1_0.day,pd1_0.updated_at from publishing_day pd1_0 where pd1_0.day=?
PublishingDay{publishingDayId=7, createdAt=2024-03-29T19:55:41.069514, updatedAt=2024-03-29T19:55:41.069514, day='SUNDAY'}
2024-03-29T20:01:57.402+09:00 DEBUG 26924 --- [    Test worker] org.hibernate.SQL                        : insert into webtoon (created_at,description,no_youth,publication_status,thumbnail,title,updated_at) values (?,?,?,?,?,?,?)
Hibernate: insert into webtoon (created_at,description,no_youth,publication_status,thumbnail,title,updated_at) values (?,?,?,?,?,?,?)
2024-03-29T20:01:57.407+09:00 DEBUG 26924 --- [    Test worker] org.hibernate.SQL                        : insert into webtoon_publishing_day (created_at,publishing_day_id,updated_at,webtoon_id) values (?,?,?,?)
Hibernate: insert into webtoon_publishing_day (created_at,publishing_day_id,updated_at,webtoon_id) values (?,?,?,?)
SUNDAY
2024-03-29T20:01:57.412+09:00 DEBUG 26924 --- [    Test worker] org.hibernate.SQL                        : select pd1_0.publishing_day_id,pd1_0.created_at,pd1_0.day,pd1_0.updated_at from publishing_day pd1_0 where pd1_0.day=?
Hibernate: select pd1_0.publishing_day_id,pd1_0.created_at,pd1_0.day,pd1_0.updated_at from publishing_day pd1_0 where pd1_0.day=?
PublishingDay{publishingDayId=7, createdAt=2024-03-29T19:55:41.069514, updatedAt=2024-03-29T19:55:41.069514, day='SUNDAY'}
2024-03-29T20:01:57.414+09:00 DEBUG 26924 --- [    Test worker] org.hibernate.SQL                        : insert into webtoon (created_at,description,no_youth,publication_status,thumbnail,title,updated_at) values (?,?,?,?,?,?,?)
Hibernate: insert into webtoon (created_at,description,no_youth,publication_status,thumbnail,title,updated_at) values (?,?,?,?,?,?,?)
2024-03-29T20:01:57.420+09:00 DEBUG 26924 --- [    Test worker] org.hibernate.SQL                        : insert into webtoon_publishing_day (created_at,publishing_day_id,updated_at,webtoon_id) values (?,?,?,?)
Hibernate: insert into webtoon_publishing_day (created_at,publishing_day_id,updated_at,webtoon_id) values (?,?,?,?)
SUNDAY
2024-03-29T20:01:57.427+09:00 DEBUG 26924 --- [    Test worker] org.hibernate.SQL                        : select pd1_0.publishing_day_id,pd1_0.created_at,pd1_0.day,pd1_0.updated_at from publishing_day pd1_0 where pd1_0.day=?
Hibernate: select pd1_0.publishing_day_id,pd1_0.created_at,pd1_0.day,pd1_0.updated_at from publishing_day pd1_0 where pd1_0.day=?
PublishingDay{publishingDayId=7, createdAt=2024-03-29T19:55:41.069514, updatedAt=2024-03-29T19:55:41.069514, day='SUNDAY'}
2024-03-29T20:01:57.429+09:00 DEBUG 26924 --- [    Test worker] org.hibernate.SQL                        : insert into webtoon (created_at,description,no_youth,publication_status,thumbnail,title,updated_at) values (?,?,?,?,?,?,?)
Hibernate: insert into webtoon (created_at,description,no_youth,publication_status,thumbnail,title,updated_at) values (?,?,?,?,?,?,?)
2024-03-29T20:01:57.434+09:00 DEBUG 26924 --- [    Test worker] org.hibernate.SQL                        : insert into webtoon_publishing_day (created_at,publishing_day_id,updated_at,webtoon_id) values (?,?,?,?)
Hibernate: insert into webtoon_publishing_day (created_at,publishing_day_id,updated_at,webtoon_id) values (?,?,?,?)
SUNDAY
2024-03-29T20:01:57.437+09:00 DEBUG 26924 --- [    Test worker] org.hibernate.SQL                        : select pd1_0.publishing_day_id,pd1_0.created_at,pd1_0.day,pd1_0.updated_at from publishing_day pd1_0 where pd1_0.day=?
Hibernate: select pd1_0.publishing_day_id,pd1_0.created_at,pd1_0.day,pd1_0.updated_at from publishing_day pd1_0 where pd1_0.day=?
PublishingDay{publishingDayId=7, createdAt=2024-03-29T19:55:41.069514, updatedAt=2024-03-29T19:55:41.069514, day='SUNDAY'}
2024-03-29T20:01:57.438+09:00 DEBUG 26924 --- [    Test worker] org.hibernate.SQL                        : insert into webtoon (created_at,description,no_youth,publication_status,thumbnail,title,updated_at) values (?,?,?,?,?,?,?)
Hibernate: insert into webtoon (created_at,description,no_youth,publication_status,thumbnail,title,updated_at) values (?,?,?,?,?,?,?)
2024-03-29T20:01:57.443+09:00 DEBUG 26924 --- [    Test worker] org.hibernate.SQL                        : insert into webtoon_publishing_day (created_at,publishing_day_id,updated_at,webtoon_id) values (?,?,?,?)
Hibernate: insert into webtoon_publishing_day (created_at,publishing_day_id,updated_at,webtoon_id) values (?,?,?,?)
SUNDAY
2024-03-29T20:01:57.447+09:00 DEBUG 26924 --- [    Test worker] org.hibernate.SQL                        : select pd1_0.publishing_day_id,pd1_0.created_at,pd1_0.day,pd1_0.updated_at from publishing_day pd1_0 where pd1_0.day=?
Hibernate: select pd1_0.publishing_day_id,pd1_0.created_at,pd1_0.day,pd1_0.updated_at from publishing_day pd1_0 where pd1_0.day=?
PublishingDay{publishingDayId=7, createdAt=2024-03-29T19:55:41.069514, updatedAt=2024-03-29T19:55:41.069514, day='SUNDAY'}
2024-03-29T20:01:57.448+09:00 DEBUG 26924 --- [    Test worker] org.hibernate.SQL                        : insert into webtoon (created_at,description,no_youth,publication_status,thumbnail,title,updated_at) values (?,?,?,?,?,?,?)
Hibernate: insert into webtoon (created_at,description,no_youth,publication_status,thumbnail,title,updated_at) values (?,?,?,?,?,?,?)
2024-03-29T20:01:57.452+09:00 DEBUG 26924 --- [    Test worker] org.hibernate.SQL                        : insert into webtoon_publishing_day (created_at,publishing_day_id,updated_at,webtoon_id) values (?,?,?,?)
Hibernate: insert into webtoon_publishing_day (created_at,publishing_day_id,updated_at,webtoon_id) values (?,?,?,?)
SUNDAY
2024-03-29T20:01:57.455+09:00 DEBUG 26924 --- [    Test worker] org.hibernate.SQL                        : select pd1_0.publishing_day_id,pd1_0.created_at,pd1_0.day,pd1_0.updated_at from publishing_day pd1_0 where pd1_0.day=?
Hibernate: select pd1_0.publishing_day_id,pd1_0.created_at,pd1_0.day,pd1_0.updated_at from publishing_day pd1_0 where pd1_0.day=?
PublishingDay{publishingDayId=7, createdAt=2024-03-29T19:55:41.069514, updatedAt=2024-03-29T19:55:41.069514, day='SUNDAY'}
2024-03-29T20:01:57.457+09:00 DEBUG 26924 --- [    Test worker] org.hibernate.SQL                        : insert into webtoon (created_at,description,no_youth,publication_status,thumbnail,title,updated_at) values (?,?,?,?,?,?,?)
Hibernate: insert into webtoon (created_at,description,no_youth,publication_status,thumbnail,title,updated_at) values (?,?,?,?,?,?,?)
2024-03-29T20:01:57.461+09:00 DEBUG 26924 --- [    Test worker] org.hibernate.SQL                        : insert into webtoon_publishing_day (created_at,publishing_day_id,updated_at,webtoon_id) values (?,?,?,?)
Hibernate: insert into webtoon_publishing_day (created_at,publishing_day_id,updated_at,webtoon_id) values (?,?,?,?)
SUNDAY
2024-03-29T20:01:57.465+09:00 DEBUG 26924 --- [    Test worker] org.hibernate.SQL                        : select pd1_0.publishing_day_id,pd1_0.created_at,pd1_0.day,pd1_0.updated_at from publishing_day pd1_0 where pd1_0.day=?
Hibernate: select pd1_0.publishing_day_id,pd1_0.created_at,pd1_0.day,pd1_0.updated_at from publishing_day pd1_0 where pd1_0.day=?
PublishingDay{publishingDayId=7, createdAt=2024-03-29T19:55:41.069514, updatedAt=2024-03-29T19:55:41.069514, day='SUNDAY'}
2024-03-29T20:01:57.466+09:00 DEBUG 26924 --- [    Test worker] org.hibernate.SQL                        : insert into webtoon (created_at,description,no_youth,publication_status,thumbnail,title,updated_at) values (?,?,?,?,?,?,?)
Hibernate: insert into webtoon (created_at,description,no_youth,publication_status,thumbnail,title,updated_at) values (?,?,?,?,?,?,?)
2024-03-29T20:01:57.469+09:00 DEBUG 26924 --- [    Test worker] org.hibernate.SQL                        : insert into webtoon_publishing_day (created_at,publishing_day_id,updated_at,webtoon_id) values (?,?,?,?)
Hibernate: insert into webtoon_publishing_day (created_at,publishing_day_id,updated_at,webtoon_id) values (?,?,?,?)
SUNDAY
2024-03-29T20:01:57.473+09:00 DEBUG 26924 --- [    Test worker] org.hibernate.SQL                        : select pd1_0.publishing_day_id,pd1_0.created_at,pd1_0.day,pd1_0.updated_at from publishing_day pd1_0 where pd1_0.day=?
Hibernate: select pd1_0.publishing_day_id,pd1_0.created_at,pd1_0.day,pd1_0.updated_at from publishing_day pd1_0 where pd1_0.day=?
PublishingDay{publishingDayId=7, createdAt=2024-03-29T19:55:41.069514, updatedAt=2024-03-29T19:55:41.069514, day='SUNDAY'}
2024-03-29T20:01:57.476+09:00 DEBUG 26924 --- [    Test worker] org.hibernate.SQL                        : insert into webtoon (created_at,description,no_youth,publication_status,thumbnail,title,updated_at) values (?,?,?,?,?,?,?)
Hibernate: insert into webtoon (created_at,description,no_youth,publication_status,thumbnail,title,updated_at) values (?,?,?,?,?,?,?)
2024-03-29T20:01:57.479+09:00 DEBUG 26924 --- [    Test worker] org.hibernate.SQL                        : insert into webtoon_publishing_day (created_at,publishing_day_id,updated_at,webtoon_id) values (?,?,?,?)
Hibernate: insert into webtoon_publishing_day (created_at,publishing_day_id,updated_at,webtoon_id) values (?,?,?,?)
SUNDAY
2024-03-29T20:01:57.482+09:00 DEBUG 26924 --- [    Test worker] org.hibernate.SQL                        : select pd1_0.publishing_day_id,pd1_0.created_at,pd1_0.day,pd1_0.updated_at from publishing_day pd1_0 where pd1_0.day=?
Hibernate: select pd1_0.publishing_day_id,pd1_0.created_at,pd1_0.day,pd1_0.updated_at from publishing_day pd1_0 where pd1_0.day=?
PublishingDay{publishingDayId=7, createdAt=2024-03-29T19:55:41.069514, updatedAt=2024-03-29T19:55:41.069514, day='SUNDAY'}
2024-03-29T20:01:57.484+09:00 DEBUG 26924 --- [    Test worker] org.hibernate.SQL                        : insert into webtoon (created_at,description,no_youth,publication_status,thumbnail,title,updated_at) values (?,?,?,?,?,?,?)
Hibernate: insert into webtoon (created_at,description,no_youth,publication_status,thumbnail,title,updated_at) values (?,?,?,?,?,?,?)
2024-03-29T20:01:57.487+09:00 DEBUG 26924 --- [    Test worker] org.hibernate.SQL                        : insert into webtoon_publishing_day (created_at,publishing_day_id,updated_at,webtoon_id) values (?,?,?,?)
Hibernate: insert into webtoon_publishing_day (created_at,publishing_day_id,updated_at,webtoon_id) values (?,?,?,?)
SUNDAY
2024-03-29T20:01:57.490+09:00 DEBUG 26924 --- [    Test worker] org.hibernate.SQL                        : select pd1_0.publishing_day_id,pd1_0.created_at,pd1_0.day,pd1_0.updated_at from publishing_day pd1_0 where pd1_0.day=?
Hibernate: select pd1_0.publishing_day_id,pd1_0.created_at,pd1_0.day,pd1_0.updated_at from publishing_day pd1_0 where pd1_0.day=?
PublishingDay{publishingDayId=7, createdAt=2024-03-29T19:55:41.069514, updatedAt=2024-03-29T19:55:41.069514, day='SUNDAY'}
2024-03-29T20:01:57.492+09:00 DEBUG 26924 --- [    Test worker] org.hibernate.SQL                        : insert into webtoon (created_at,description,no_youth,publication_status,thumbnail,title,updated_at) values (?,?,?,?,?,?,?)
Hibernate: insert into webtoon (created_at,description,no_youth,publication_status,thumbnail,title,updated_at) values (?,?,?,?,?,?,?)
2024-03-29T20:01:57.496+09:00 DEBUG 26924 --- [    Test worker] org.hibernate.SQL                        : insert into webtoon_publishing_day (created_at,publishing_day_id,updated_at,webtoon_id) values (?,?,?,?)
Hibernate: insert into webtoon_publishing_day (created_at,publishing_day_id,updated_at,webtoon_id) values (?,?,?,?)
SUNDAY
2024-03-29T20:01:57.500+09:00 DEBUG 26924 --- [    Test worker] org.hibernate.SQL                        : select pd1_0.publishing_day_id,pd1_0.created_at,pd1_0.day,pd1_0.updated_at from publishing_day pd1_0 where pd1_0.day=?
Hibernate: select pd1_0.publishing_day_id,pd1_0.created_at,pd1_0.day,pd1_0.updated_at from publishing_day pd1_0 where pd1_0.day=?
PublishingDay{publishingDayId=7, createdAt=2024-03-29T19:55:41.069514, updatedAt=2024-03-29T19:55:41.069514, day='SUNDAY'}
2024-03-29T20:01:57.501+09:00 DEBUG 26924 --- [    Test worker] org.hibernate.SQL                        : insert into webtoon (created_at,description,no_youth,publication_status,thumbnail,title,updated_at) values (?,?,?,?,?,?,?)
Hibernate: insert into webtoon (created_at,description,no_youth,publication_status,thumbnail,title,updated_at) values (?,?,?,?,?,?,?)
2024-03-29T20:01:57.505+09:00 DEBUG 26924 --- [    Test worker] org.hibernate.SQL                        : insert into webtoon_publishing_day (created_at,publishing_day_id,updated_at,webtoon_id) values (?,?,?,?)
Hibernate: insert into webtoon_publishing_day (created_at,publishing_day_id,updated_at,webtoon_id) values (?,?,?,?)
SUNDAY
2024-03-29T20:01:57.509+09:00 DEBUG 26924 --- [    Test worker] org.hibernate.SQL                        : select pd1_0.publishing_day_id,pd1_0.created_at,pd1_0.day,pd1_0.updated_at from publishing_day pd1_0 where pd1_0.day=?
Hibernate: select pd1_0.publishing_day_id,pd1_0.created_at,pd1_0.day,pd1_0.updated_at from publishing_day pd1_0 where pd1_0.day=?
PublishingDay{publishingDayId=7, createdAt=2024-03-29T19:55:41.069514, updatedAt=2024-03-29T19:55:41.069514, day='SUNDAY'}
2024-03-29T20:01:57.510+09:00 DEBUG 26924 --- [    Test worker] org.hibernate.SQL                        : insert into webtoon (created_at,description,no_youth,publication_status,thumbnail,title,updated_at) values (?,?,?,?,?,?,?)
Hibernate: insert into webtoon (created_at,description,no_youth,publication_status,thumbnail,title,updated_at) values (?,?,?,?,?,?,?)
2024-03-29T20:01:57.514+09:00 DEBUG 26924 --- [    Test worker] org.hibernate.SQL                        : insert into webtoon_publishing_day (created_at,publishing_day_id,updated_at,webtoon_id) values (?,?,?,?)
Hibernate: insert into webtoon_publishing_day (created_at,publishing_day_id,updated_at,webtoon_id) values (?,?,?,?)
SUNDAY
2024-03-29T20:01:57.517+09:00 DEBUG 26924 --- [    Test worker] org.hibernate.SQL                        : select pd1_0.publishing_day_id,pd1_0.created_at,pd1_0.day,pd1_0.updated_at from publishing_day pd1_0 where pd1_0.day=?
Hibernate: select pd1_0.publishing_day_id,pd1_0.created_at,pd1_0.day,pd1_0.updated_at from publishing_day pd1_0 where pd1_0.day=?
PublishingDay{publishingDayId=7, createdAt=2024-03-29T19:55:41.069514, updatedAt=2024-03-29T19:55:41.069514, day='SUNDAY'}
2024-03-29T20:01:57.519+09:00 DEBUG 26924 --- [    Test worker] org.hibernate.SQL                        : insert into webtoon (created_at,description,no_youth,publication_status,thumbnail,title,updated_at) values (?,?,?,?,?,?,?)
Hibernate: insert into webtoon (created_at,description,no_youth,publication_status,thumbnail,title,updated_at) values (?,?,?,?,?,?,?)
2024-03-29T20:01:57.523+09:00 DEBUG 26924 --- [    Test worker] org.hibernate.SQL                        : insert into webtoon_publishing_day (created_at,publishing_day_id,updated_at,webtoon_id) values (?,?,?,?)
Hibernate: insert into webtoon_publishing_day (created_at,publishing_day_id,updated_at,webtoon_id) values (?,?,?,?)
SUNDAY
2024-03-29T20:01:57.527+09:00 DEBUG 26924 --- [    Test worker] org.hibernate.SQL                        : select pd1_0.publishing_day_id,pd1_0.created_at,pd1_0.day,pd1_0.updated_at from publishing_day pd1_0 where pd1_0.day=?
Hibernate: select pd1_0.publishing_day_id,pd1_0.created_at,pd1_0.day,pd1_0.updated_at from publishing_day pd1_0 where pd1_0.day=?
PublishingDay{publishingDayId=7, createdAt=2024-03-29T19:55:41.069514, updatedAt=2024-03-29T19:55:41.069514, day='SUNDAY'}
2024-03-29T20:01:57.529+09:00 DEBUG 26924 --- [    Test worker] org.hibernate.SQL                        : insert into webtoon (created_at,description,no_youth,publication_status,thumbnail,title,updated_at) values (?,?,?,?,?,?,?)
Hibernate: insert into webtoon (created_at,description,no_youth,publication_status,thumbnail,title,updated_at) values (?,?,?,?,?,?,?)
2024-03-29T20:01:57.535+09:00 DEBUG 26924 --- [    Test worker] org.hibernate.SQL                        : insert into webtoon_publishing_day (created_at,publishing_day_id,updated_at,webtoon_id) values (?,?,?,?)
Hibernate: insert into webtoon_publishing_day (created_at,publishing_day_id,updated_at,webtoon_id) values (?,?,?,?)
SUNDAY
2024-03-29T20:01:57.541+09:00 DEBUG 26924 --- [    Test worker] org.hibernate.SQL                        : select pd1_0.publishing_day_id,pd1_0.created_at,pd1_0.day,pd1_0.updated_at from publishing_day pd1_0 where pd1_0.day=?
Hibernate: select pd1_0.publishing_day_id,pd1_0.created_at,pd1_0.day,pd1_0.updated_at from publishing_day pd1_0 where pd1_0.day=?
PublishingDay{publishingDayId=7, createdAt=2024-03-29T19:55:41.069514, updatedAt=2024-03-29T19:55:41.069514, day='SUNDAY'}
2024-03-29T20:01:57.543+09:00 DEBUG 26924 --- [    Test worker] org.hibernate.SQL                        : insert into webtoon (created_at,description,no_youth,publication_status,thumbnail,title,updated_at) values (?,?,?,?,?,?,?)
Hibernate: insert into webtoon (created_at,description,no_youth,publication_status,thumbnail,title,updated_at) values (?,?,?,?,?,?,?)
2024-03-29T20:01:57.549+09:00 DEBUG 26924 --- [    Test worker] org.hibernate.SQL                        : insert into webtoon_publishing_day (created_at,publishing_day_id,updated_at,webtoon_id) values (?,?,?,?)
Hibernate: insert into webtoon_publishing_day (created_at,publishing_day_id,updated_at,webtoon_id) values (?,?,?,?)
SUNDAY
2024-03-29T20:01:57.554+09:00 DEBUG 26924 --- [    Test worker] org.hibernate.SQL                        : select pd1_0.publishing_day_id,pd1_0.created_at,pd1_0.day,pd1_0.updated_at from publishing_day pd1_0 where pd1_0.day=?
Hibernate: select pd1_0.publishing_day_id,pd1_0.created_at,pd1_0.day,pd1_0.updated_at from publishing_day pd1_0 where pd1_0.day=?
PublishingDay{publishingDayId=7, createdAt=2024-03-29T19:55:41.069514, updatedAt=2024-03-29T19:55:41.069514, day='SUNDAY'}
2024-03-29T20:01:57.556+09:00 DEBUG 26924 --- [    Test worker] org.hibernate.SQL                        : insert into webtoon (created_at,description,no_youth,publication_status,thumbnail,title,updated_at) values (?,?,?,?,?,?,?)
Hibernate: insert into webtoon (created_at,description,no_youth,publication_status,thumbnail,title,updated_at) values (?,?,?,?,?,?,?)
2024-03-29T20:01:57.563+09:00 DEBUG 26924 --- [    Test worker] org.hibernate.SQL                        : insert into webtoon_publishing_day (created_at,publishing_day_id,updated_at,webtoon_id) values (?,?,?,?)
Hibernate: insert into webtoon_publishing_day (created_at,publishing_day_id,updated_at,webtoon_id) values (?,?,?,?)
SUNDAY
2024-03-29T20:01:57.570+09:00 DEBUG 26924 --- [    Test worker] org.hibernate.SQL                        : select pd1_0.publishing_day_id,pd1_0.created_at,pd1_0.day,pd1_0.updated_at from publishing_day pd1_0 where pd1_0.day=?
Hibernate: select pd1_0.publishing_day_id,pd1_0.created_at,pd1_0.day,pd1_0.updated_at from publishing_day pd1_0 where pd1_0.day=?
PublishingDay{publishingDayId=7, createdAt=2024-03-29T19:55:41.069514, updatedAt=2024-03-29T19:55:41.069514, day='SUNDAY'}
2024-03-29T20:01:57.573+09:00 DEBUG 26924 --- [    Test worker] org.hibernate.SQL                        : insert into webtoon (created_at,description,no_youth,publication_status,thumbnail,title,updated_at) values (?,?,?,?,?,?,?)
Hibernate: insert into webtoon (created_at,description,no_youth,publication_status,thumbnail,title,updated_at) values (?,?,?,?,?,?,?)
2024-03-29T20:01:57.579+09:00 DEBUG 26924 --- [    Test worker] org.hibernate.SQL                        : insert into webtoon_publishing_day (created_at,publishing_day_id,updated_at,webtoon_id) values (?,?,?,?)
Hibernate: insert into webtoon_publishing_day (created_at,publishing_day_id,updated_at,webtoon_id) values (?,?,?,?)
SUNDAY
2024-03-29T20:01:57.585+09:00 DEBUG 26924 --- [    Test worker] org.hibernate.SQL                        : select pd1_0.publishing_day_id,pd1_0.created_at,pd1_0.day,pd1_0.updated_at from publishing_day pd1_0 where pd1_0.day=?
Hibernate: select pd1_0.publishing_day_id,pd1_0.created_at,pd1_0.day,pd1_0.updated_at from publishing_day pd1_0 where pd1_0.day=?
PublishingDay{publishingDayId=7, createdAt=2024-03-29T19:55:41.069514, updatedAt=2024-03-29T19:55:41.069514, day='SUNDAY'}
2024-03-29T20:01:57.588+09:00 DEBUG 26924 --- [    Test worker] org.hibernate.SQL                        : insert into webtoon (created_at,description,no_youth,publication_status,thumbnail,title,updated_at) values (?,?,?,?,?,?,?)
Hibernate: insert into webtoon (created_at,description,no_youth,publication_status,thumbnail,title,updated_at) values (?,?,?,?,?,?,?)
2024-03-29T20:01:57.595+09:00 DEBUG 26924 --- [    Test worker] org.hibernate.SQL                        : insert into webtoon_publishing_day (created_at,publishing_day_id,updated_at,webtoon_id) values (?,?,?,?)
Hibernate: insert into webtoon_publishing_day (created_at,publishing_day_id,updated_at,webtoon_id) values (?,?,?,?)
SUNDAY
2024-03-29T20:01:57.601+09:00 DEBUG 26924 --- [    Test worker] org.hibernate.SQL                        : select pd1_0.publishing_day_id,pd1_0.created_at,pd1_0.day,pd1_0.updated_at from publishing_day pd1_0 where pd1_0.day=?
Hibernate: select pd1_0.publishing_day_id,pd1_0.created_at,pd1_0.day,pd1_0.updated_at from publishing_day pd1_0 where pd1_0.day=?
PublishingDay{publishingDayId=7, createdAt=2024-03-29T19:55:41.069514, updatedAt=2024-03-29T19:55:41.069514, day='SUNDAY'}
2024-03-29T20:01:57.604+09:00 DEBUG 26924 --- [    Test worker] org.hibernate.SQL                        : insert into webtoon (created_at,description,no_youth,publication_status,thumbnail,title,updated_at) values (?,?,?,?,?,?,?)
Hibernate: insert into webtoon (created_at,description,no_youth,publication_status,thumbnail,title,updated_at) values (?,?,?,?,?,?,?)
2024-03-29T20:01:57.611+09:00 DEBUG 26924 --- [    Test worker] org.hibernate.SQL                        : insert into webtoon_publishing_day (created_at,publishing_day_id,updated_at,webtoon_id) values (?,?,?,?)
Hibernate: insert into webtoon_publishing_day (created_at,publishing_day_id,updated_at,webtoon_id) values (?,?,?,?)
SUNDAY
2024-03-29T20:01:57.617+09:00 DEBUG 26924 --- [    Test worker] org.hibernate.SQL                        : select pd1_0.publishing_day_id,pd1_0.created_at,pd1_0.day,pd1_0.updated_at from publishing_day pd1_0 where pd1_0.day=?
Hibernate: select pd1_0.publishing_day_id,pd1_0.created_at,pd1_0.day,pd1_0.updated_at from publishing_day pd1_0 where pd1_0.day=?
PublishingDay{publishingDayId=7, createdAt=2024-03-29T19:55:41.069514, updatedAt=2024-03-29T19:55:41.069514, day='SUNDAY'}
2024-03-29T20:01:57.621+09:00 DEBUG 26924 --- [    Test worker] org.hibernate.SQL                        : insert into webtoon (created_at,description,no_youth,publication_status,thumbnail,title,updated_at) values (?,?,?,?,?,?,?)
Hibernate: insert into webtoon (created_at,description,no_youth,publication_status,thumbnail,title,updated_at) values (?,?,?,?,?,?,?)
2024-03-29T20:01:57.629+09:00 DEBUG 26924 --- [    Test worker] org.hibernate.SQL                        : insert into webtoon_publishing_day (created_at,publishing_day_id,updated_at,webtoon_id) values (?,?,?,?)
Hibernate: insert into webtoon_publishing_day (created_at,publishing_day_id,updated_at,webtoon_id) values (?,?,?,?)
SUNDAY
2024-03-29T20:01:57.635+09:00 DEBUG 26924 --- [    Test worker] org.hibernate.SQL                        : select pd1_0.publishing_day_id,pd1_0.created_at,pd1_0.day,pd1_0.updated_at from publishing_day pd1_0 where pd1_0.day=?
Hibernate: select pd1_0.publishing_day_id,pd1_0.created_at,pd1_0.day,pd1_0.updated_at from publishing_day pd1_0 where pd1_0.day=?
PublishingDay{publishingDayId=7, createdAt=2024-03-29T19:55:41.069514, updatedAt=2024-03-29T19:55:41.069514, day='SUNDAY'}
2024-03-29T20:01:57.638+09:00 DEBUG 26924 --- [    Test worker] org.hibernate.SQL                        : insert into webtoon (created_at,description,no_youth,publication_status,thumbnail,title,updated_at) values (?,?,?,?,?,?,?)
Hibernate: insert into webtoon (created_at,description,no_youth,publication_status,thumbnail,title,updated_at) values (?,?,?,?,?,?,?)
2024-03-29T20:01:57.644+09:00 DEBUG 26924 --- [    Test worker] org.hibernate.SQL                        : insert into webtoon_publishing_day (created_at,publishing_day_id,updated_at,webtoon_id) values (?,?,?,?)
Hibernate: insert into webtoon_publishing_day (created_at,publishing_day_id,updated_at,webtoon_id) values (?,?,?,?)
SUNDAY
2024-03-29T20:01:57.649+09:00 DEBUG 26924 --- [    Test worker] org.hibernate.SQL                        : select pd1_0.publishing_day_id,pd1_0.created_at,pd1_0.day,pd1_0.updated_at from publishing_day pd1_0 where pd1_0.day=?
Hibernate: select pd1_0.publishing_day_id,pd1_0.created_at,pd1_0.day,pd1_0.updated_at from publishing_day pd1_0 where pd1_0.day=?
PublishingDay{publishingDayId=7, createdAt=2024-03-29T19:55:41.069514, updatedAt=2024-03-29T19:55:41.069514, day='SUNDAY'}
2024-03-29T20:01:57.652+09:00 DEBUG 26924 --- [    Test worker] org.hibernate.SQL                        : insert into webtoon (created_at,description,no_youth,publication_status,thumbnail,title,updated_at) values (?,?,?,?,?,?,?)
Hibernate: insert into webtoon (created_at,description,no_youth,publication_status,thumbnail,title,updated_at) values (?,?,?,?,?,?,?)
2024-03-29T20:01:57.657+09:00 DEBUG 26924 --- [    Test worker] org.hibernate.SQL                        : insert into webtoon_publishing_day (created_at,publishing_day_id,updated_at,webtoon_id) values (?,?,?,?)
Hibernate: insert into webtoon_publishing_day (created_at,publishing_day_id,updated_at,webtoon_id) values (?,?,?,?)
MONDAY
2024-03-29T20:01:57.663+09:00 DEBUG 26924 --- [    Test worker] org.hibernate.SQL                        : select pd1_0.publishing_day_id,pd1_0.created_at,pd1_0.day,pd1_0.updated_at from publishing_day pd1_0 where pd1_0.day=?
Hibernate: select pd1_0.publishing_day_id,pd1_0.created_at,pd1_0.day,pd1_0.updated_at from publishing_day pd1_0 where pd1_0.day=?
PublishingDay{publishingDayId=1, createdAt=2024-03-29T19:55:41.069514, updatedAt=2024-03-29T19:55:41.069514, day='MONDAY'}
2024-03-29T20:01:57.665+09:00 DEBUG 26924 --- [    Test worker] org.hibernate.SQL                        : insert into webtoon (created_at,description,no_youth,publication_status,thumbnail,title,updated_at) values (?,?,?,?,?,?,?)
Hibernate: insert into webtoon (created_at,description,no_youth,publication_status,thumbnail,title,updated_at) values (?,?,?,?,?,?,?)
2024-03-29T20:01:57.670+09:00 DEBUG 26924 --- [    Test worker] org.hibernate.SQL                        : insert into webtoon_publishing_day (created_at,publishing_day_id,updated_at,webtoon_id) values (?,?,?,?)
Hibernate: insert into webtoon_publishing_day (created_at,publishing_day_id,updated_at,webtoon_id) values (?,?,?,?)
MONDAY
2024-03-29T20:01:57.680+09:00 DEBUG 26924 --- [    Test worker] org.hibernate.SQL                        : select pd1_0.publishing_day_id,pd1_0.created_at,pd1_0.day,pd1_0.updated_at from publishing_day pd1_0 where pd1_0.day=?
Hibernate: select pd1_0.publishing_day_id,pd1_0.created_at,pd1_0.day,pd1_0.updated_at from publishing_day pd1_0 where pd1_0.day=?
PublishingDay{publishingDayId=1, createdAt=2024-03-29T19:55:41.069514, updatedAt=2024-03-29T19:55:41.069514, day='MONDAY'}
2024-03-29T20:01:57.682+09:00 DEBUG 26924 --- [    Test worker] org.hibernate.SQL                        : insert into webtoon (created_at,description,no_youth,publication_status,thumbnail,title,updated_at) values (?,?,?,?,?,?,?)
Hibernate: insert into webtoon (created_at,description,no_youth,publication_status,thumbnail,title,updated_at) values (?,?,?,?,?,?,?)
2024-03-29T20:01:57.689+09:00 DEBUG 26924 --- [    Test worker] org.hibernate.SQL                        : insert into webtoon_publishing_day (created_at,publishing_day_id,updated_at,webtoon_id) values (?,?,?,?)
Hibernate: insert into webtoon_publishing_day (created_at,publishing_day_id,updated_at,webtoon_id) values (?,?,?,?)
MONDAY
2024-03-29T20:01:57.695+09:00 DEBUG 26924 --- [    Test worker] org.hibernate.SQL                        : select pd1_0.publishing_day_id,pd1_0.created_at,pd1_0.day,pd1_0.updated_at from publishing_day pd1_0 where pd1_0.day=?
Hibernate: select pd1_0.publishing_day_id,pd1_0.created_at,pd1_0.day,pd1_0.updated_at from publishing_day pd1_0 where pd1_0.day=?
PublishingDay{publishingDayId=1, createdAt=2024-03-29T19:55:41.069514, updatedAt=2024-03-29T19:55:41.069514, day='MONDAY'}
2024-03-29T20:01:57.698+09:00 DEBUG 26924 --- [    Test worker] org.hibernate.SQL                        : insert into webtoon (created_at,description,no_youth,publication_status,thumbnail,title,updated_at) values (?,?,?,?,?,?,?)
Hibernate: insert into webtoon (created_at,description,no_youth,publication_status,thumbnail,title,updated_at) values (?,?,?,?,?,?,?)
2024-03-29T20:01:57.705+09:00 DEBUG 26924 --- [    Test worker] org.hibernate.SQL                        : insert into webtoon_publishing_day (created_at,publishing_day_id,updated_at,webtoon_id) values (?,?,?,?)
Hibernate: insert into webtoon_publishing_day (created_at,publishing_day_id,updated_at,webtoon_id) values (?,?,?,?)
MONDAY
2024-03-29T20:01:57.712+09:00 DEBUG 26924 --- [    Test worker] org.hibernate.SQL                        : select pd1_0.publishing_day_id,pd1_0.created_at,pd1_0.day,pd1_0.updated_at from publishing_day pd1_0 where pd1_0.day=?
Hibernate: select pd1_0.publishing_day_id,pd1_0.created_at,pd1_0.day,pd1_0.updated_at from publishing_day pd1_0 where pd1_0.day=?
PublishingDay{publishingDayId=1, createdAt=2024-03-29T19:55:41.069514, updatedAt=2024-03-29T19:55:41.069514, day='MONDAY'}
2024-03-29T20:01:57.714+09:00 DEBUG 26924 --- [    Test worker] org.hibernate.SQL                        : insert into webtoon (created_at,description,no_youth,publication_status,thumbnail,title,updated_at) values (?,?,?,?,?,?,?)
Hibernate: insert into webtoon (created_at,description,no_youth,publication_status,thumbnail,title,updated_at) values (?,?,?,?,?,?,?)
2024-03-29T20:01:57.720+09:00 DEBUG 26924 --- [    Test worker] org.hibernate.SQL                        : insert into webtoon_publishing_day (created_at,publishing_day_id,updated_at,webtoon_id) values (?,?,?,?)
Hibernate: insert into webtoon_publishing_day (created_at,publishing_day_id,updated_at,webtoon_id) values (?,?,?,?)
MONDAY
2024-03-29T20:01:57.727+09:00 DEBUG 26924 --- [    Test worker] org.hibernate.SQL                        : select pd1_0.publishing_day_id,pd1_0.created_at,pd1_0.day,pd1_0.updated_at from publishing_day pd1_0 where pd1_0.day=?
Hibernate: select pd1_0.publishing_day_id,pd1_0.created_at,pd1_0.day,pd1_0.updated_at from publishing_day pd1_0 where pd1_0.day=?
PublishingDay{publishingDayId=1, createdAt=2024-03-29T19:55:41.069514, updatedAt=2024-03-29T19:55:41.069514, day='MONDAY'}
2024-03-29T20:01:57.729+09:00 DEBUG 26924 --- [    Test worker] org.hibernate.SQL                        : insert into webtoon (created_at,description,no_youth,publication_status,thumbnail,title,updated_at) values (?,?,?,?,?,?,?)
Hibernate: insert into webtoon (created_at,description,no_youth,publication_status,thumbnail,title,updated_at) values (?,?,?,?,?,?,?)
2024-03-29T20:01:57.735+09:00 DEBUG 26924 --- [    Test worker] org.hibernate.SQL                        : insert into webtoon_publishing_day (created_at,publishing_day_id,updated_at,webtoon_id) values (?,?,?,?)
Hibernate: insert into webtoon_publishing_day (created_at,publishing_day_id,updated_at,webtoon_id) values (?,?,?,?)
MONDAY
2024-03-29T20:01:57.743+09:00 DEBUG 26924 --- [    Test worker] org.hibernate.SQL                        : select pd1_0.publishing_day_id,pd1_0.created_at,pd1_0.day,pd1_0.updated_at from publishing_day pd1_0 where pd1_0.day=?
Hibernate: select pd1_0.publishing_day_id,pd1_0.created_at,pd1_0.day,pd1_0.updated_at from publishing_day pd1_0 where pd1_0.day=?
PublishingDay{publishingDayId=1, createdAt=2024-03-29T19:55:41.069514, updatedAt=2024-03-29T19:55:41.069514, day='MONDAY'}
2024-03-29T20:01:57.745+09:00 DEBUG 26924 --- [    Test worker] org.hibernate.SQL                        : insert into webtoon (created_at,description,no_youth,publication_status,thumbnail,title,updated_at) values (?,?,?,?,?,?,?)
Hibernate: insert into webtoon (created_at,description,no_youth,publication_status,thumbnail,title,updated_at) values (?,?,?,?,?,?,?)
2024-03-29T20:01:57.752+09:00 DEBUG 26924 --- [    Test worker] org.hibernate.SQL                        : insert into webtoon_publishing_day (created_at,publishing_day_id,updated_at,webtoon_id) values (?,?,?,?)
Hibernate: insert into webtoon_publishing_day (created_at,publishing_day_id,updated_at,webtoon_id) values (?,?,?,?)
MONDAY
2024-03-29T20:01:57.759+09:00 DEBUG 26924 --- [    Test worker] org.hibernate.SQL                        : select pd1_0.publishing_day_id,pd1_0.created_at,pd1_0.day,pd1_0.updated_at from publishing_day pd1_0 where pd1_0.day=?
Hibernate: select pd1_0.publishing_day_id,pd1_0.created_at,pd1_0.day,pd1_0.updated_at from publishing_day pd1_0 where pd1_0.day=?
PublishingDay{publishingDayId=1, createdAt=2024-03-29T19:55:41.069514, updatedAt=2024-03-29T19:55:41.069514, day='MONDAY'}
2024-03-29T20:01:57.762+09:00 DEBUG 26924 --- [    Test worker] org.hibernate.SQL                        : insert into webtoon (created_at,description,no_youth,publication_status,thumbnail,title,updated_at) values (?,?,?,?,?,?,?)
Hibernate: insert into webtoon (created_at,description,no_youth,publication_status,thumbnail,title,updated_at) values (?,?,?,?,?,?,?)
2024-03-29T20:01:57.769+09:00 DEBUG 26924 --- [    Test worker] org.hibernate.SQL                        : insert into webtoon_publishing_day (created_at,publishing_day_id,updated_at,webtoon_id) values (?,?,?,?)
Hibernate: insert into webtoon_publishing_day (created_at,publishing_day_id,updated_at,webtoon_id) values (?,?,?,?)
MONDAY
2024-03-29T20:01:57.779+09:00 DEBUG 26924 --- [    Test worker] org.hibernate.SQL                        : select pd1_0.publishing_day_id,pd1_0.created_at,pd1_0.day,pd1_0.updated_at from publishing_day pd1_0 where pd1_0.day=?
Hibernate: select pd1_0.publishing_day_id,pd1_0.created_at,pd1_0.day,pd1_0.updated_at from publishing_day pd1_0 where pd1_0.day=?
PublishingDay{publishingDayId=1, createdAt=2024-03-29T19:55:41.069514, updatedAt=2024-03-29T19:55:41.069514, day='MONDAY'}
2024-03-29T20:01:57.782+09:00 DEBUG 26924 --- [    Test worker] org.hibernate.SQL                        : insert into webtoon (created_at,description,no_youth,publication_status,thumbnail,title,updated_at) values (?,?,?,?,?,?,?)
Hibernate: insert into webtoon (created_at,description,no_youth,publication_status,thumbnail,title,updated_at) values (?,?,?,?,?,?,?)
2024-03-29T20:01:57.789+09:00 DEBUG 26924 --- [    Test worker] org.hibernate.SQL                        : insert into webtoon_publishing_day (created_at,publishing_day_id,updated_at,webtoon_id) values (?,?,?,?)
Hibernate: insert into webtoon_publishing_day (created_at,publishing_day_id,updated_at,webtoon_id) values (?,?,?,?)
MONDAY
2024-03-29T20:01:57.798+09:00 DEBUG 26924 --- [    Test worker] org.hibernate.SQL                        : select pd1_0.publishing_day_id,pd1_0.created_at,pd1_0.day,pd1_0.updated_at from publishing_day pd1_0 where pd1_0.day=?
Hibernate: select pd1_0.publishing_day_id,pd1_0.created_at,pd1_0.day,pd1_0.updated_at from publishing_day pd1_0 where pd1_0.day=?
PublishingDay{publishingDayId=1, createdAt=2024-03-29T19:55:41.069514, updatedAt=2024-03-29T19:55:41.069514, day='MONDAY'}
2024-03-29T20:01:57.801+09:00 DEBUG 26924 --- [    Test worker] org.hibernate.SQL                        : insert into webtoon (created_at,description,no_youth,publication_status,thumbnail,title,updated_at) values (?,?,?,?,?,?,?)
Hibernate: insert into webtoon (created_at,description,no_youth,publication_status,thumbnail,title,updated_at) values (?,?,?,?,?,?,?)
2024-03-29T20:01:57.809+09:00 DEBUG 26924 --- [    Test worker] org.hibernate.SQL                        : insert into webtoon_publishing_day (created_at,publishing_day_id,updated_at,webtoon_id) values (?,?,?,?)
Hibernate: insert into webtoon_publishing_day (created_at,publishing_day_id,updated_at,webtoon_id) values (?,?,?,?)
MONDAY
2024-03-29T20:01:57.818+09:00 DEBUG 26924 --- [    Test worker] org.hibernate.SQL                        : select pd1_0.publishing_day_id,pd1_0.created_at,pd1_0.day,pd1_0.updated_at from publishing_day pd1_0 where pd1_0.day=?
Hibernate: select pd1_0.publishing_day_id,pd1_0.created_at,pd1_0.day,pd1_0.updated_at from publishing_day pd1_0 where pd1_0.day=?
PublishingDay{publishingDayId=1, createdAt=2024-03-29T19:55:41.069514, updatedAt=2024-03-29T19:55:41.069514, day='MONDAY'}
2024-03-29T20:01:57.822+09:00 DEBUG 26924 --- [    Test worker] org.hibernate.SQL                        : insert into webtoon (created_at,description,no_youth,publication_status,thumbnail,title,updated_at) values (?,?,?,?,?,?,?)
Hibernate: insert into webtoon (created_at,description,no_youth,publication_status,thumbnail,title,updated_at) values (?,?,?,?,?,?,?)
2024-03-29T20:01:57.829+09:00 DEBUG 26924 --- [    Test worker] org.hibernate.SQL                        : insert into webtoon_publishing_day (created_at,publishing_day_id,updated_at,webtoon_id) values (?,?,?,?)
Hibernate: insert into webtoon_publishing_day (created_at,publishing_day_id,updated_at,webtoon_id) values (?,?,?,?)
MONDAY
2024-03-29T20:01:57.838+09:00 DEBUG 26924 --- [    Test worker] org.hibernate.SQL                        : select pd1_0.publishing_day_id,pd1_0.created_at,pd1_0.day,pd1_0.updated_at from publishing_day pd1_0 where pd1_0.day=?
Hibernate: select pd1_0.publishing_day_id,pd1_0.created_at,pd1_0.day,pd1_0.updated_at from publishing_day pd1_0 where pd1_0.day=?
PublishingDay{publishingDayId=1, createdAt=2024-03-29T19:55:41.069514, updatedAt=2024-03-29T19:55:41.069514, day='MONDAY'}
2024-03-29T20:01:57.842+09:00 DEBUG 26924 --- [    Test worker] org.hibernate.SQL                        : insert into webtoon (created_at,description,no_youth,publication_status,thumbnail,title,updated_at) values (?,?,?,?,?,?,?)
Hibernate: insert into webtoon (created_at,description,no_youth,publication_status,thumbnail,title,updated_at) values (?,?,?,?,?,?,?)
2024-03-29T20:01:57.850+09:00 DEBUG 26924 --- [    Test worker] org.hibernate.SQL                        : insert into webtoon_publishing_day (created_at,publishing_day_id,updated_at,webtoon_id) values (?,?,?,?)
Hibernate: insert into webtoon_publishing_day (created_at,publishing_day_id,updated_at,webtoon_id) values (?,?,?,?)
MONDAY
2024-03-29T20:01:57.857+09:00 DEBUG 26924 --- [    Test worker] org.hibernate.SQL                        : select pd1_0.publishing_day_id,pd1_0.created_at,pd1_0.day,pd1_0.updated_at from publishing_day pd1_0 where pd1_0.day=?
Hibernate: select pd1_0.publishing_day_id,pd1_0.created_at,pd1_0.day,pd1_0.updated_at from publishing_day pd1_0 where pd1_0.day=?
PublishingDay{publishingDayId=1, createdAt=2024-03-29T19:55:41.069514, updatedAt=2024-03-29T19:55:41.069514, day='MONDAY'}
2024-03-29T20:01:57.860+09:00 DEBUG 26924 --- [    Test worker] org.hibernate.SQL                        : insert into webtoon (created_at,description,no_youth,publication_status,thumbnail,title,updated_at) values (?,?,?,?,?,?,?)
Hibernate: insert into webtoon (created_at,description,no_youth,publication_status,thumbnail,title,updated_at) values (?,?,?,?,?,?,?)
2024-03-29T20:01:57.865+09:00 DEBUG 26924 --- [    Test worker] org.hibernate.SQL                        : insert into webtoon_publishing_day (created_at,publishing_day_id,updated_at,webtoon_id) values (?,?,?,?)
Hibernate: insert into webtoon_publishing_day (created_at,publishing_day_id,updated_at,webtoon_id) values (?,?,?,?)
MONDAY
2024-03-29T20:01:57.871+09:00 DEBUG 26924 --- [    Test worker] org.hibernate.SQL                        : select pd1_0.publishing_day_id,pd1_0.created_at,pd1_0.day,pd1_0.updated_at from publishing_day pd1_0 where pd1_0.day=?
Hibernate: select pd1_0.publishing_day_id,pd1_0.created_at,pd1_0.day,pd1_0.updated_at from publishing_day pd1_0 where pd1_0.day=?
PublishingDay{publishingDayId=1, createdAt=2024-03-29T19:55:41.069514, updatedAt=2024-03-29T19:55:41.069514, day='MONDAY'}
2024-03-29T20:01:57.874+09:00 DEBUG 26924 --- [    Test worker] org.hibernate.SQL                        : insert into webtoon (created_at,description,no_youth,publication_status,thumbnail,title,updated_at) values (?,?,?,?,?,?,?)
Hibernate: insert into webtoon (created_at,description,no_youth,publication_status,thumbnail,title,updated_at) values (?,?,?,?,?,?,?)
2024-03-29T20:01:57.881+09:00 DEBUG 26924 --- [    Test worker] org.hibernate.SQL                        : insert into webtoon_publishing_day (created_at,publishing_day_id,updated_at,webtoon_id) values (?,?,?,?)
Hibernate: insert into webtoon_publishing_day (created_at,publishing_day_id,updated_at,webtoon_id) values (?,?,?,?)
MONDAY
2024-03-29T20:01:57.886+09:00 DEBUG 26924 --- [    Test worker] org.hibernate.SQL                        : select pd1_0.publishing_day_id,pd1_0.created_at,pd1_0.day,pd1_0.updated_at from publishing_day pd1_0 where pd1_0.day=?
Hibernate: select pd1_0.publishing_day_id,pd1_0.created_at,pd1_0.day,pd1_0.updated_at from publishing_day pd1_0 where pd1_0.day=?
PublishingDay{publishingDayId=1, createdAt=2024-03-29T19:55:41.069514, updatedAt=2024-03-29T19:55:41.069514, day='MONDAY'}
2024-03-29T20:01:57.888+09:00 DEBUG 26924 --- [    Test worker] org.hibernate.SQL                        : insert into webtoon (created_at,description,no_youth,publication_status,thumbnail,title,updated_at) values (?,?,?,?,?,?,?)
Hibernate: insert into webtoon (created_at,description,no_youth,publication_status,thumbnail,title,updated_at) values (?,?,?,?,?,?,?)
2024-03-29T20:01:57.895+09:00 DEBUG 26924 --- [    Test worker] org.hibernate.SQL                        : insert into webtoon_publishing_day (created_at,publishing_day_id,updated_at,webtoon_id) values (?,?,?,?)
Hibernate: insert into webtoon_publishing_day (created_at,publishing_day_id,updated_at,webtoon_id) values (?,?,?,?)
MONDAY
2024-03-29T20:01:57.899+09:00 DEBUG 26924 --- [    Test worker] org.hibernate.SQL                        : select pd1_0.publishing_day_id,pd1_0.created_at,pd1_0.day,pd1_0.updated_at from publishing_day pd1_0 where pd1_0.day=?
Hibernate: select pd1_0.publishing_day_id,pd1_0.created_at,pd1_0.day,pd1_0.updated_at from publishing_day pd1_0 where pd1_0.day=?
PublishingDay{publishingDayId=1, createdAt=2024-03-29T19:55:41.069514, updatedAt=2024-03-29T19:55:41.069514, day='MONDAY'}
2024-03-29T20:01:57.902+09:00 DEBUG 26924 --- [    Test worker] org.hibernate.SQL                        : insert into webtoon (created_at,description,no_youth,publication_status,thumbnail,title,updated_at) values (?,?,?,?,?,?,?)
Hibernate: insert into webtoon (created_at,description,no_youth,publication_status,thumbnail,title,updated_at) values (?,?,?,?,?,?,?)
2024-03-29T20:01:57.907+09:00 DEBUG 26924 --- [    Test worker] org.hibernate.SQL                        : insert into webtoon_publishing_day (created_at,publishing_day_id,updated_at,webtoon_id) values (?,?,?,?)
Hibernate: insert into webtoon_publishing_day (created_at,publishing_day_id,updated_at,webtoon_id) values (?,?,?,?)
MONDAY
2024-03-29T20:01:57.914+09:00 DEBUG 26924 --- [    Test worker] org.hibernate.SQL                        : select pd1_0.publishing_day_id,pd1_0.created_at,pd1_0.day,pd1_0.updated_at from publishing_day pd1_0 where pd1_0.day=?
Hibernate: select pd1_0.publishing_day_id,pd1_0.created_at,pd1_0.day,pd1_0.updated_at from publishing_day pd1_0 where pd1_0.day=?
PublishingDay{publishingDayId=1, createdAt=2024-03-29T19:55:41.069514, updatedAt=2024-03-29T19:55:41.069514, day='MONDAY'}
2024-03-29T20:01:57.916+09:00 DEBUG 26924 --- [    Test worker] org.hibernate.SQL                        : insert into webtoon (created_at,description,no_youth,publication_status,thumbnail,title,updated_at) values (?,?,?,?,?,?,?)
Hibernate: insert into webtoon (created_at,description,no_youth,publication_status,thumbnail,title,updated_at) values (?,?,?,?,?,?,?)
2024-03-29T20:01:57.921+09:00 DEBUG 26924 --- [    Test worker] org.hibernate.SQL                        : insert into webtoon_publishing_day (created_at,publishing_day_id,updated_at,webtoon_id) values (?,?,?,?)
Hibernate: insert into webtoon_publishing_day (created_at,publishing_day_id,updated_at,webtoon_id) values (?,?,?,?)
MONDAY
2024-03-29T20:01:57.927+09:00 DEBUG 26924 --- [    Test worker] org.hibernate.SQL                        : select pd1_0.publishing_day_id,pd1_0.created_at,pd1_0.day,pd1_0.updated_at from publishing_day pd1_0 where pd1_0.day=?
Hibernate: select pd1_0.publishing_day_id,pd1_0.created_at,pd1_0.day,pd1_0.updated_at from publishing_day pd1_0 where pd1_0.day=?
PublishingDay{publishingDayId=1, createdAt=2024-03-29T19:55:41.069514, updatedAt=2024-03-29T19:55:41.069514, day='MONDAY'}
2024-03-29T20:01:57.931+09:00 DEBUG 26924 --- [    Test worker] org.hibernate.SQL                        : insert into webtoon (created_at,description,no_youth,publication_status,thumbnail,title,updated_at) values (?,?,?,?,?,?,?)
Hibernate: insert into webtoon (created_at,description,no_youth,publication_status,thumbnail,title,updated_at) values (?,?,?,?,?,?,?)
2024-03-29T20:01:57.935+09:00 DEBUG 26924 --- [    Test worker] org.hibernate.SQL                        : insert into webtoon_publishing_day (created_at,publishing_day_id,updated_at,webtoon_id) values (?,?,?,?)
Hibernate: insert into webtoon_publishing_day (created_at,publishing_day_id,updated_at,webtoon_id) values (?,?,?,?)
MONDAY
2024-03-29T20:01:57.942+09:00 DEBUG 26924 --- [    Test worker] org.hibernate.SQL                        : select pd1_0.publishing_day_id,pd1_0.created_at,pd1_0.day,pd1_0.updated_at from publishing_day pd1_0 where pd1_0.day=?
Hibernate: select pd1_0.publishing_day_id,pd1_0.created_at,pd1_0.day,pd1_0.updated_at from publishing_day pd1_0 where pd1_0.day=?
PublishingDay{publishingDayId=1, createdAt=2024-03-29T19:55:41.069514, updatedAt=2024-03-29T19:55:41.069514, day='MONDAY'}
2024-03-29T20:01:57.945+09:00 DEBUG 26924 --- [    Test worker] org.hibernate.SQL                        : insert into webtoon (created_at,description,no_youth,publication_status,thumbnail,title,updated_at) values (?,?,?,?,?,?,?)
Hibernate: insert into webtoon (created_at,description,no_youth,publication_status,thumbnail,title,updated_at) values (?,?,?,?,?,?,?)
2024-03-29T20:01:57.951+09:00 DEBUG 26924 --- [    Test worker] org.hibernate.SQL                        : insert into webtoon_publishing_day (created_at,publishing_day_id,updated_at,webtoon_id) values (?,?,?,?)
Hibernate: insert into webtoon_publishing_day (created_at,publishing_day_id,updated_at,webtoon_id) values (?,?,?,?)
MONDAY
2024-03-29T20:01:57.957+09:00 DEBUG 26924 --- [    Test worker] org.hibernate.SQL                        : select pd1_0.publishing_day_id,pd1_0.created_at,pd1_0.day,pd1_0.updated_at from publishing_day pd1_0 where pd1_0.day=?
Hibernate: select pd1_0.publishing_day_id,pd1_0.created_at,pd1_0.day,pd1_0.updated_at from publishing_day pd1_0 where pd1_0.day=?
PublishingDay{publishingDayId=1, createdAt=2024-03-29T19:55:41.069514, updatedAt=2024-03-29T19:55:41.069514, day='MONDAY'}
2024-03-29T20:01:57.961+09:00 DEBUG 26924 --- [    Test worker] org.hibernate.SQL                        : insert into webtoon (created_at,description,no_youth,publication_status,thumbnail,title,updated_at) values (?,?,?,?,?,?,?)
Hibernate: insert into webtoon (created_at,description,no_youth,publication_status,thumbnail,title,updated_at) values (?,?,?,?,?,?,?)
2024-03-29T20:01:57.997+09:00 DEBUG 26924 --- [    Test worker] org.hibernate.SQL                        : insert into webtoon_publishing_day (created_at,publishing_day_id,updated_at,webtoon_id) values (?,?,?,?)
Hibernate: insert into webtoon_publishing_day (created_at,publishing_day_id,updated_at,webtoon_id) values (?,?,?,?)
MONDAY
2024-03-29T20:01:58.013+09:00 DEBUG 26924 --- [    Test worker] org.hibernate.SQL                        : select pd1_0.publishing_day_id,pd1_0.created_at,pd1_0.day,pd1_0.updated_at from publishing_day pd1_0 where pd1_0.day=?
Hibernate: select pd1_0.publishing_day_id,pd1_0.created_at,pd1_0.day,pd1_0.updated_at from publishing_day pd1_0 where pd1_0.day=?
PublishingDay{publishingDayId=1, createdAt=2024-03-29T19:55:41.069514, updatedAt=2024-03-29T19:55:41.069514, day='MONDAY'}
2024-03-29T20:01:58.028+09:00 DEBUG 26924 --- [    Test worker] org.hibernate.SQL                        : insert into webtoon (created_at,description,no_youth,publication_status,thumbnail,title,updated_at) values (?,?,?,?,?,?,?)
Hibernate: insert into webtoon (created_at,description,no_youth,publication_status,thumbnail,title,updated_at) values (?,?,?,?,?,?,?)
2024-03-29T20:01:58.047+09:00 DEBUG 26924 --- [    Test worker] org.hibernate.SQL                        : insert into webtoon_publishing_day (created_at,publishing_day_id,updated_at,webtoon_id) values (?,?,?,?)
Hibernate: insert into webtoon_publishing_day (created_at,publishing_day_id,updated_at,webtoon_id) values (?,?,?,?)
MONDAY
2024-03-29T20:01:58.056+09:00 DEBUG 26924 --- [    Test worker] org.hibernate.SQL                        : select pd1_0.publishing_day_id,pd1_0.created_at,pd1_0.day,pd1_0.updated_at from publishing_day pd1_0 where pd1_0.day=?
Hibernate: select pd1_0.publishing_day_id,pd1_0.created_at,pd1_0.day,pd1_0.updated_at from publishing_day pd1_0 where pd1_0.day=?
PublishingDay{publishingDayId=1, createdAt=2024-03-29T19:55:41.069514, updatedAt=2024-03-29T19:55:41.069514, day='MONDAY'}
2024-03-29T20:01:58.059+09:00 DEBUG 26924 --- [    Test worker] org.hibernate.SQL                        : insert into webtoon (created_at,description,no_youth,publication_status,thumbnail,title,updated_at) values (?,?,?,?,?,?,?)
Hibernate: insert into webtoon (created_at,description,no_youth,publication_status,thumbnail,title,updated_at) values (?,?,?,?,?,?,?)
2024-03-29T20:01:58.066+09:00 DEBUG 26924 --- [    Test worker] org.hibernate.SQL                        : insert into webtoon_publishing_day (created_at,publishing_day_id,updated_at,webtoon_id) values (?,?,?,?)
Hibernate: insert into webtoon_publishing_day (created_at,publishing_day_id,updated_at,webtoon_id) values (?,?,?,?)
MONDAY
2024-03-29T20:01:58.073+09:00 DEBUG 26924 --- [    Test worker] org.hibernate.SQL                        : select pd1_0.publishing_day_id,pd1_0.created_at,pd1_0.day,pd1_0.updated_at from publishing_day pd1_0 where pd1_0.day=?
Hibernate: select pd1_0.publishing_day_id,pd1_0.created_at,pd1_0.day,pd1_0.updated_at from publishing_day pd1_0 where pd1_0.day=?
PublishingDay{publishingDayId=1, createdAt=2024-03-29T19:55:41.069514, updatedAt=2024-03-29T19:55:41.069514, day='MONDAY'}
2024-03-29T20:01:58.076+09:00 DEBUG 26924 --- [    Test worker] org.hibernate.SQL                        : insert into webtoon (created_at,description,no_youth,publication_status,thumbnail,title,updated_at) values (?,?,?,?,?,?,?)
Hibernate: insert into webtoon (created_at,description,no_youth,publication_status,thumbnail,title,updated_at) values (?,?,?,?,?,?,?)
2024-03-29T20:01:58.082+09:00 DEBUG 26924 --- [    Test worker] org.hibernate.SQL                        : insert into webtoon_publishing_day (created_at,publishing_day_id,updated_at,webtoon_id) values (?,?,?,?)
Hibernate: insert into webtoon_publishing_day (created_at,publishing_day_id,updated_at,webtoon_id) values (?,?,?,?)
MONDAY
2024-03-29T20:01:58.088+09:00 DEBUG 26924 --- [    Test worker] org.hibernate.SQL                        : select pd1_0.publishing_day_id,pd1_0.created_at,pd1_0.day,pd1_0.updated_at from publishing_day pd1_0 where pd1_0.day=?
Hibernate: select pd1_0.publishing_day_id,pd1_0.created_at,pd1_0.day,pd1_0.updated_at from publishing_day pd1_0 where pd1_0.day=?
PublishingDay{publishingDayId=1, createdAt=2024-03-29T19:55:41.069514, updatedAt=2024-03-29T19:55:41.069514, day='MONDAY'}
2024-03-29T20:01:58.092+09:00 DEBUG 26924 --- [    Test worker] org.hibernate.SQL                        : insert into webtoon (created_at,description,no_youth,publication_status,thumbnail,title,updated_at) values (?,?,?,?,?,?,?)
Hibernate: insert into webtoon (created_at,description,no_youth,publication_status,thumbnail,title,updated_at) values (?,?,?,?,?,?,?)
2024-03-29T20:01:58.100+09:00 DEBUG 26924 --- [    Test worker] org.hibernate.SQL                        : insert into webtoon_publishing_day (created_at,publishing_day_id,updated_at,webtoon_id) values (?,?,?,?)
Hibernate: insert into webtoon_publishing_day (created_at,publishing_day_id,updated_at,webtoon_id) values (?,?,?,?)
MONDAY
2024-03-29T20:01:58.106+09:00 DEBUG 26924 --- [    Test worker] org.hibernate.SQL                        : select pd1_0.publishing_day_id,pd1_0.created_at,pd1_0.day,pd1_0.updated_at from publishing_day pd1_0 where pd1_0.day=?
Hibernate: select pd1_0.publishing_day_id,pd1_0.created_at,pd1_0.day,pd1_0.updated_at from publishing_day pd1_0 where pd1_0.day=?
PublishingDay{publishingDayId=1, createdAt=2024-03-29T19:55:41.069514, updatedAt=2024-03-29T19:55:41.069514, day='MONDAY'}
2024-03-29T20:01:58.111+09:00 DEBUG 26924 --- [    Test worker] org.hibernate.SQL                        : insert into webtoon (created_at,description,no_youth,publication_status,thumbnail,title,updated_at) values (?,?,?,?,?,?,?)
Hibernate: insert into webtoon (created_at,description,no_youth,publication_status,thumbnail,title,updated_at) values (?,?,?,?,?,?,?)
2024-03-29T20:01:58.116+09:00 DEBUG 26924 --- [    Test worker] org.hibernate.SQL                        : insert into webtoon_publishing_day (created_at,publishing_day_id,updated_at,webtoon_id) values (?,?,?,?)
Hibernate: insert into webtoon_publishing_day (created_at,publishing_day_id,updated_at,webtoon_id) values (?,?,?,?)
MONDAY
2024-03-29T20:01:58.122+09:00 DEBUG 26924 --- [    Test worker] org.hibernate.SQL                        : select pd1_0.publishing_day_id,pd1_0.created_at,pd1_0.day,pd1_0.updated_at from publishing_day pd1_0 where pd1_0.day=?
Hibernate: select pd1_0.publishing_day_id,pd1_0.created_at,pd1_0.day,pd1_0.updated_at from publishing_day pd1_0 where pd1_0.day=?
PublishingDay{publishingDayId=1, createdAt=2024-03-29T19:55:41.069514, updatedAt=2024-03-29T19:55:41.069514, day='MONDAY'}
2024-03-29T20:01:58.127+09:00 DEBUG 26924 --- [    Test worker] org.hibernate.SQL                        : insert into webtoon (created_at,description,no_youth,publication_status,thumbnail,title,updated_at) values (?,?,?,?,?,?,?)
Hibernate: insert into webtoon (created_at,description,no_youth,publication_status,thumbnail,title,updated_at) values (?,?,?,?,?,?,?)
2024-03-29T20:01:58.131+09:00 DEBUG 26924 --- [    Test worker] org.hibernate.SQL                        : insert into webtoon_publishing_day (created_at,publishing_day_id,updated_at,webtoon_id) values (?,?,?,?)
Hibernate: insert into webtoon_publishing_day (created_at,publishing_day_id,updated_at,webtoon_id) values (?,?,?,?)
MONDAY
2024-03-29T20:01:58.135+09:00 DEBUG 26924 --- [    Test worker] org.hibernate.SQL                        : select pd1_0.publishing_day_id,pd1_0.created_at,pd1_0.day,pd1_0.updated_at from publishing_day pd1_0 where pd1_0.day=?
Hibernate: select pd1_0.publishing_day_id,pd1_0.created_at,pd1_0.day,pd1_0.updated_at from publishing_day pd1_0 where pd1_0.day=?
PublishingDay{publishingDayId=1, createdAt=2024-03-29T19:55:41.069514, updatedAt=2024-03-29T19:55:41.069514, day='MONDAY'}
2024-03-29T20:01:58.139+09:00 DEBUG 26924 --- [    Test worker] org.hibernate.SQL                        : insert into webtoon (created_at,description,no_youth,publication_status,thumbnail,title,updated_at) values (?,?,?,?,?,?,?)
Hibernate: insert into webtoon (created_at,description,no_youth,publication_status,thumbnail,title,updated_at) values (?,?,?,?,?,?,?)
2024-03-29T20:01:58.146+09:00 DEBUG 26924 --- [    Test worker] org.hibernate.SQL                        : insert into webtoon_publishing_day (created_at,publishing_day_id,updated_at,webtoon_id) values (?,?,?,?)
Hibernate: insert into webtoon_publishing_day (created_at,publishing_day_id,updated_at,webtoon_id) values (?,?,?,?)
MONDAY
2024-03-29T20:01:58.152+09:00 DEBUG 26924 --- [    Test worker] org.hibernate.SQL                        : select pd1_0.publishing_day_id,pd1_0.created_at,pd1_0.day,pd1_0.updated_at from publishing_day pd1_0 where pd1_0.day=?
Hibernate: select pd1_0.publishing_day_id,pd1_0.created_at,pd1_0.day,pd1_0.updated_at from publishing_day pd1_0 where pd1_0.day=?
PublishingDay{publishingDayId=1, createdAt=2024-03-29T19:55:41.069514, updatedAt=2024-03-29T19:55:41.069514, day='MONDAY'}
2024-03-29T20:01:58.157+09:00 DEBUG 26924 --- [    Test worker] org.hibernate.SQL                        : insert into webtoon (created_at,description,no_youth,publication_status,thumbnail,title,updated_at) values (?,?,?,?,?,?,?)
Hibernate: insert into webtoon (created_at,description,no_youth,publication_status,thumbnail,title,updated_at) values (?,?,?,?,?,?,?)
2024-03-29T20:01:58.167+09:00 DEBUG 26924 --- [    Test worker] org.hibernate.SQL                        : insert into webtoon_publishing_day (created_at,publishing_day_id,updated_at,webtoon_id) values (?,?,?,?)
Hibernate: insert into webtoon_publishing_day (created_at,publishing_day_id,updated_at,webtoon_id) values (?,?,?,?)
MONDAY
2024-03-29T20:01:58.174+09:00 DEBUG 26924 --- [    Test worker] org.hibernate.SQL                        : select pd1_0.publishing_day_id,pd1_0.created_at,pd1_0.day,pd1_0.updated_at from publishing_day pd1_0 where pd1_0.day=?
Hibernate: select pd1_0.publishing_day_id,pd1_0.created_at,pd1_0.day,pd1_0.updated_at from publishing_day pd1_0 where pd1_0.day=?
PublishingDay{publishingDayId=1, createdAt=2024-03-29T19:55:41.069514, updatedAt=2024-03-29T19:55:41.069514, day='MONDAY'}
2024-03-29T20:01:58.179+09:00 DEBUG 26924 --- [    Test worker] org.hibernate.SQL                        : insert into webtoon (created_at,description,no_youth,publication_status,thumbnail,title,updated_at) values (?,?,?,?,?,?,?)
Hibernate: insert into webtoon (created_at,description,no_youth,publication_status,thumbnail,title,updated_at) values (?,?,?,?,?,?,?)
2024-03-29T20:01:58.185+09:00 DEBUG 26924 --- [    Test worker] org.hibernate.SQL                        : insert into webtoon_publishing_day (created_at,publishing_day_id,updated_at,webtoon_id) values (?,?,?,?)
Hibernate: insert into webtoon_publishing_day (created_at,publishing_day_id,updated_at,webtoon_id) values (?,?,?,?)
MONDAY
2024-03-29T20:01:58.194+09:00 DEBUG 26924 --- [    Test worker] org.hibernate.SQL                        : select pd1_0.publishing_day_id,pd1_0.created_at,pd1_0.day,pd1_0.updated_at from publishing_day pd1_0 where pd1_0.day=?
Hibernate: select pd1_0.publishing_day_id,pd1_0.created_at,pd1_0.day,pd1_0.updated_at from publishing_day pd1_0 where pd1_0.day=?
PublishingDay{publishingDayId=1, createdAt=2024-03-29T19:55:41.069514, updatedAt=2024-03-29T19:55:41.069514, day='MONDAY'}
2024-03-29T20:01:58.196+09:00 DEBUG 26924 --- [    Test worker] org.hibernate.SQL                        : insert into webtoon (created_at,description,no_youth,publication_status,thumbnail,title,updated_at) values (?,?,?,?,?,?,?)
Hibernate: insert into webtoon (created_at,description,no_youth,publication_status,thumbnail,title,updated_at) values (?,?,?,?,?,?,?)
2024-03-29T20:01:58.202+09:00 DEBUG 26924 --- [    Test worker] org.hibernate.SQL                        : insert into webtoon_publishing_day (created_at,publishing_day_id,updated_at,webtoon_id) values (?,?,?,?)
Hibernate: insert into webtoon_publishing_day (created_at,publishing_day_id,updated_at,webtoon_id) values (?,?,?,?)
MONDAY
2024-03-29T20:01:58.211+09:00 DEBUG 26924 --- [    Test worker] org.hibernate.SQL                        : select pd1_0.publishing_day_id,pd1_0.created_at,pd1_0.day,pd1_0.updated_at from publishing_day pd1_0 where pd1_0.day=?
Hibernate: select pd1_0.publishing_day_id,pd1_0.created_at,pd1_0.day,pd1_0.updated_at from publishing_day pd1_0 where pd1_0.day=?
PublishingDay{publishingDayId=1, createdAt=2024-03-29T19:55:41.069514, updatedAt=2024-03-29T19:55:41.069514, day='MONDAY'}
2024-03-29T20:01:58.213+09:00 DEBUG 26924 --- [    Test worker] org.hibernate.SQL                        : insert into webtoon (created_at,description,no_youth,publication_status,thumbnail,title,updated_at) values (?,?,?,?,?,?,?)
Hibernate: insert into webtoon (created_at,description,no_youth,publication_status,thumbnail,title,updated_at) values (?,?,?,?,?,?,?)
2024-03-29T20:01:58.219+09:00 DEBUG 26924 --- [    Test worker] org.hibernate.SQL                        : insert into webtoon_publishing_day (created_at,publishing_day_id,updated_at,webtoon_id) values (?,?,?,?)
Hibernate: insert into webtoon_publishing_day (created_at,publishing_day_id,updated_at,webtoon_id) values (?,?,?,?)
MONDAY
2024-03-29T20:01:58.226+09:00 DEBUG 26924 --- [    Test worker] org.hibernate.SQL                        : select pd1_0.publishing_day_id,pd1_0.created_at,pd1_0.day,pd1_0.updated_at from publishing_day pd1_0 where pd1_0.day=?
Hibernate: select pd1_0.publishing_day_id,pd1_0.created_at,pd1_0.day,pd1_0.updated_at from publishing_day pd1_0 where pd1_0.day=?
PublishingDay{publishingDayId=1, createdAt=2024-03-29T19:55:41.069514, updatedAt=2024-03-29T19:55:41.069514, day='MONDAY'}
2024-03-29T20:01:58.229+09:00 DEBUG 26924 --- [    Test worker] org.hibernate.SQL                        : insert into webtoon (created_at,description,no_youth,publication_status,thumbnail,title,updated_at) values (?,?,?,?,?,?,?)
Hibernate: insert into webtoon (created_at,description,no_youth,publication_status,thumbnail,title,updated_at) values (?,?,?,?,?,?,?)
2024-03-29T20:01:58.234+09:00 DEBUG 26924 --- [    Test worker] org.hibernate.SQL                        : insert into webtoon_publishing_day (created_at,publishing_day_id,updated_at,webtoon_id) values (?,?,?,?)
Hibernate: insert into webtoon_publishing_day (created_at,publishing_day_id,updated_at,webtoon_id) values (?,?,?,?)
MONDAY
2024-03-29T20:01:58.240+09:00 DEBUG 26924 --- [    Test worker] org.hibernate.SQL                        : select pd1_0.publishing_day_id,pd1_0.created_at,pd1_0.day,pd1_0.updated_at from publishing_day pd1_0 where pd1_0.day=?
Hibernate: select pd1_0.publishing_day_id,pd1_0.created_at,pd1_0.day,pd1_0.updated_at from publishing_day pd1_0 where pd1_0.day=?
PublishingDay{publishingDayId=1, createdAt=2024-03-29T19:55:41.069514, updatedAt=2024-03-29T19:55:41.069514, day='MONDAY'}
2024-03-29T20:01:58.243+09:00 DEBUG 26924 --- [    Test worker] org.hibernate.SQL                        : insert into webtoon (created_at,description,no_youth,publication_status,thumbnail,title,updated_at) values (?,?,?,?,?,?,?)
Hibernate: insert into webtoon (created_at,description,no_youth,publication_status,thumbnail,title,updated_at) values (?,?,?,?,?,?,?)
2024-03-29T20:01:58.247+09:00 DEBUG 26924 --- [    Test worker] org.hibernate.SQL                        : insert into webtoon_publishing_day (created_at,publishing_day_id,updated_at,webtoon_id) values (?,?,?,?)
Hibernate: insert into webtoon_publishing_day (created_at,publishing_day_id,updated_at,webtoon_id) values (?,?,?,?)
MONDAY
2024-03-29T20:01:58.251+09:00 DEBUG 26924 --- [    Test worker] org.hibernate.SQL                        : select pd1_0.publishing_day_id,pd1_0.created_at,pd1_0.day,pd1_0.updated_at from publishing_day pd1_0 where pd1_0.day=?
Hibernate: select pd1_0.publishing_day_id,pd1_0.created_at,pd1_0.day,pd1_0.updated_at from publishing_day pd1_0 where pd1_0.day=?
PublishingDay{publishingDayId=1, createdAt=2024-03-29T19:55:41.069514, updatedAt=2024-03-29T19:55:41.069514, day='MONDAY'}
2024-03-29T20:01:58.253+09:00 DEBUG 26924 --- [    Test worker] org.hibernate.SQL                        : insert into webtoon (created_at,description,no_youth,publication_status,thumbnail,title,updated_at) values (?,?,?,?,?,?,?)
Hibernate: insert into webtoon (created_at,description,no_youth,publication_status,thumbnail,title,updated_at) values (?,?,?,?,?,?,?)
2024-03-29T20:01:58.260+09:00 DEBUG 26924 --- [    Test worker] org.hibernate.SQL                        : insert into webtoon_publishing_day (created_at,publishing_day_id,updated_at,webtoon_id) values (?,?,?,?)
Hibernate: insert into webtoon_publishing_day (created_at,publishing_day_id,updated_at,webtoon_id) values (?,?,?,?)
MONDAY
2024-03-29T20:01:58.264+09:00 DEBUG 26924 --- [    Test worker] org.hibernate.SQL                        : select pd1_0.publishing_day_id,pd1_0.created_at,pd1_0.day,pd1_0.updated_at from publishing_day pd1_0 where pd1_0.day=?
Hibernate: select pd1_0.publishing_day_id,pd1_0.created_at,pd1_0.day,pd1_0.updated_at from publishing_day pd1_0 where pd1_0.day=?
PublishingDay{publishingDayId=1, createdAt=2024-03-29T19:55:41.069514, updatedAt=2024-03-29T19:55:41.069514, day='MONDAY'}
2024-03-29T20:01:58.266+09:00 DEBUG 26924 --- [    Test worker] org.hibernate.SQL                        : insert into webtoon (created_at,description,no_youth,publication_status,thumbnail,title,updated_at) values (?,?,?,?,?,?,?)
Hibernate: insert into webtoon (created_at,description,no_youth,publication_status,thumbnail,title,updated_at) values (?,?,?,?,?,?,?)
2024-03-29T20:01:58.270+09:00 DEBUG 26924 --- [    Test worker] org.hibernate.SQL                        : insert into webtoon_publishing_day (created_at,publishing_day_id,updated_at,webtoon_id) values (?,?,?,?)
Hibernate: insert into webtoon_publishing_day (created_at,publishing_day_id,updated_at,webtoon_id) values (?,?,?,?)
MONDAY
2024-03-29T20:01:58.274+09:00 DEBUG 26924 --- [    Test worker] org.hibernate.SQL                        : select pd1_0.publishing_day_id,pd1_0.created_at,pd1_0.day,pd1_0.updated_at from publishing_day pd1_0 where pd1_0.day=?
Hibernate: select pd1_0.publishing_day_id,pd1_0.created_at,pd1_0.day,pd1_0.updated_at from publishing_day pd1_0 where pd1_0.day=?
PublishingDay{publishingDayId=1, createdAt=2024-03-29T19:55:41.069514, updatedAt=2024-03-29T19:55:41.069514, day='MONDAY'}
2024-03-29T20:01:58.277+09:00 DEBUG 26924 --- [    Test worker] org.hibernate.SQL                        : insert into webtoon (created_at,description,no_youth,publication_status,thumbnail,title,updated_at) values (?,?,?,?,?,?,?)
Hibernate: insert into webtoon (created_at,description,no_youth,publication_status,thumbnail,title,updated_at) values (?,?,?,?,?,?,?)
2024-03-29T20:01:58.281+09:00 DEBUG 26924 --- [    Test worker] org.hibernate.SQL                        : insert into webtoon_publishing_day (created_at,publishing_day_id,updated_at,webtoon_id) values (?,?,?,?)
Hibernate: insert into webtoon_publishing_day (created_at,publishing_day_id,updated_at,webtoon_id) values (?,?,?,?)
MONDAY
2024-03-29T20:01:58.285+09:00 DEBUG 26924 --- [    Test worker] org.hibernate.SQL                        : select pd1_0.publishing_day_id,pd1_0.created_at,pd1_0.day,pd1_0.updated_at from publishing_day pd1_0 where pd1_0.day=?
Hibernate: select pd1_0.publishing_day_id,pd1_0.created_at,pd1_0.day,pd1_0.updated_at from publishing_day pd1_0 where pd1_0.day=?
PublishingDay{publishingDayId=1, createdAt=2024-03-29T19:55:41.069514, updatedAt=2024-03-29T19:55:41.069514, day='MONDAY'}
2024-03-29T20:01:58.286+09:00 DEBUG 26924 --- [    Test worker] org.hibernate.SQL                        : insert into webtoon (created_at,description,no_youth,publication_status,thumbnail,title,updated_at) values (?,?,?,?,?,?,?)
Hibernate: insert into webtoon (created_at,description,no_youth,publication_status,thumbnail,title,updated_at) values (?,?,?,?,?,?,?)
2024-03-29T20:01:58.290+09:00 DEBUG 26924 --- [    Test worker] org.hibernate.SQL                        : insert into webtoon_publishing_day (created_at,publishing_day_id,updated_at,webtoon_id) values (?,?,?,?)
Hibernate: insert into webtoon_publishing_day (created_at,publishing_day_id,updated_at,webtoon_id) values (?,?,?,?)
MONDAY
2024-03-29T20:01:58.294+09:00 DEBUG 26924 --- [    Test worker] org.hibernate.SQL                        : select pd1_0.publishing_day_id,pd1_0.created_at,pd1_0.day,pd1_0.updated_at from publishing_day pd1_0 where pd1_0.day=?
Hibernate: select pd1_0.publishing_day_id,pd1_0.created_at,pd1_0.day,pd1_0.updated_at from publishing_day pd1_0 where pd1_0.day=?
PublishingDay{publishingDayId=1, createdAt=2024-03-29T19:55:41.069514, updatedAt=2024-03-29T19:55:41.069514, day='MONDAY'}
2024-03-29T20:01:58.296+09:00 DEBUG 26924 --- [    Test worker] org.hibernate.SQL                        : insert into webtoon (created_at,description,no_youth,publication_status,thumbnail,title,updated_at) values (?,?,?,?,?,?,?)
Hibernate: insert into webtoon (created_at,description,no_youth,publication_status,thumbnail,title,updated_at) values (?,?,?,?,?,?,?)
2024-03-29T20:01:58.299+09:00 DEBUG 26924 --- [    Test worker] org.hibernate.SQL                        : insert into webtoon_publishing_day (created_at,publishing_day_id,updated_at,webtoon_id) values (?,?,?,?)
Hibernate: insert into webtoon_publishing_day (created_at,publishing_day_id,updated_at,webtoon_id) values (?,?,?,?)
MONDAY
2024-03-29T20:01:58.303+09:00 DEBUG 26924 --- [    Test worker] org.hibernate.SQL                        : select pd1_0.publishing_day_id,pd1_0.created_at,pd1_0.day,pd1_0.updated_at from publishing_day pd1_0 where pd1_0.day=?
Hibernate: select pd1_0.publishing_day_id,pd1_0.created_at,pd1_0.day,pd1_0.updated_at from publishing_day pd1_0 where pd1_0.day=?
PublishingDay{publishingDayId=1, createdAt=2024-03-29T19:55:41.069514, updatedAt=2024-03-29T19:55:41.069514, day='MONDAY'}
2024-03-29T20:01:58.304+09:00 DEBUG 26924 --- [    Test worker] org.hibernate.SQL                        : insert into webtoon (created_at,description,no_youth,publication_status,thumbnail,title,updated_at) values (?,?,?,?,?,?,?)
Hibernate: insert into webtoon (created_at,description,no_youth,publication_status,thumbnail,title,updated_at) values (?,?,?,?,?,?,?)
2024-03-29T20:01:58.307+09:00 DEBUG 26924 --- [    Test worker] org.hibernate.SQL                        : insert into webtoon_publishing_day (created_at,publishing_day_id,updated_at,webtoon_id) values (?,?,?,?)
Hibernate: insert into webtoon_publishing_day (created_at,publishing_day_id,updated_at,webtoon_id) values (?,?,?,?)
MONDAY
2024-03-29T20:01:58.312+09:00 DEBUG 26924 --- [    Test worker] org.hibernate.SQL                        : select pd1_0.publishing_day_id,pd1_0.created_at,pd1_0.day,pd1_0.updated_at from publishing_day pd1_0 where pd1_0.day=?
Hibernate: select pd1_0.publishing_day_id,pd1_0.created_at,pd1_0.day,pd1_0.updated_at from publishing_day pd1_0 where pd1_0.day=?
PublishingDay{publishingDayId=1, createdAt=2024-03-29T19:55:41.069514, updatedAt=2024-03-29T19:55:41.069514, day='MONDAY'}
2024-03-29T20:01:58.314+09:00 DEBUG 26924 --- [    Test worker] org.hibernate.SQL                        : insert into webtoon (created_at,description,no_youth,publication_status,thumbnail,title,updated_at) values (?,?,?,?,?,?,?)
Hibernate: insert into webtoon (created_at,description,no_youth,publication_status,thumbnail,title,updated_at) values (?,?,?,?,?,?,?)
2024-03-29T20:01:58.317+09:00 DEBUG 26924 --- [    Test worker] org.hibernate.SQL                        : insert into webtoon_publishing_day (created_at,publishing_day_id,updated_at,webtoon_id) values (?,?,?,?)
Hibernate: insert into webtoon_publishing_day (created_at,publishing_day_id,updated_at,webtoon_id) values (?,?,?,?)
MONDAY
2024-03-29T20:01:58.320+09:00 DEBUG 26924 --- [    Test worker] org.hibernate.SQL                        : select pd1_0.publishing_day_id,pd1_0.created_at,pd1_0.day,pd1_0.updated_at from publishing_day pd1_0 where pd1_0.day=?
Hibernate: select pd1_0.publishing_day_id,pd1_0.created_at,pd1_0.day,pd1_0.updated_at from publishing_day pd1_0 where pd1_0.day=?
PublishingDay{publishingDayId=1, createdAt=2024-03-29T19:55:41.069514, updatedAt=2024-03-29T19:55:41.069514, day='MONDAY'}
2024-03-29T20:01:58.322+09:00 DEBUG 26924 --- [    Test worker] org.hibernate.SQL                        : insert into webtoon (created_at,description,no_youth,publication_status,thumbnail,title,updated_at) values (?,?,?,?,?,?,?)
Hibernate: insert into webtoon (created_at,description,no_youth,publication_status,thumbnail,title,updated_at) values (?,?,?,?,?,?,?)
2024-03-29T20:01:58.325+09:00 DEBUG 26924 --- [    Test worker] org.hibernate.SQL                        : insert into webtoon_publishing_day (created_at,publishing_day_id,updated_at,webtoon_id) values (?,?,?,?)
Hibernate: insert into webtoon_publishing_day (created_at,publishing_day_id,updated_at,webtoon_id) values (?,?,?,?)
MONDAY
2024-03-29T20:01:58.328+09:00 DEBUG 26924 --- [    Test worker] org.hibernate.SQL                        : select pd1_0.publishing_day_id,pd1_0.created_at,pd1_0.day,pd1_0.updated_at from publishing_day pd1_0 where pd1_0.day=?
Hibernate: select pd1_0.publishing_day_id,pd1_0.created_at,pd1_0.day,pd1_0.updated_at from publishing_day pd1_0 where pd1_0.day=?
PublishingDay{publishingDayId=1, createdAt=2024-03-29T19:55:41.069514, updatedAt=2024-03-29T19:55:41.069514, day='MONDAY'}
2024-03-29T20:01:58.329+09:00 DEBUG 26924 --- [    Test worker] org.hibernate.SQL                        : insert into webtoon (created_at,description,no_youth,publication_status,thumbnail,title,updated_at) values (?,?,?,?,?,?,?)
Hibernate: insert into webtoon (created_at,description,no_youth,publication_status,thumbnail,title,updated_at) values (?,?,?,?,?,?,?)
2024-03-29T20:01:58.333+09:00 DEBUG 26924 --- [    Test worker] org.hibernate.SQL                        : insert into webtoon_publishing_day (created_at,publishing_day_id,updated_at,webtoon_id) values (?,?,?,?)
Hibernate: insert into webtoon_publishing_day (created_at,publishing_day_id,updated_at,webtoon_id) values (?,?,?,?)
FALSE
2024-03-29T20:01:58.336+09:00 DEBUG 26924 --- [    Test worker] org.hibernate.SQL                        : select pd1_0.publishing_day_id,pd1_0.created_at,pd1_0.day,pd1_0.updated_at from publishing_day pd1_0 where pd1_0.day=?
Hibernate: select pd1_0.publishing_day_id,pd1_0.created_at,pd1_0.day,pd1_0.updated_at from publishing_day pd1_0 where pd1_0.day=?
null
2024-03-29T20:01:58.337+09:00 DEBUG 26924 --- [    Test worker] org.hibernate.SQL                        : insert into webtoon (created_at,description,no_youth,publication_status,thumbnail,title,updated_at) values (?,?,?,?,?,?,?)
Hibernate: insert into webtoon (created_at,description,no_youth,publication_status,thumbnail,title,updated_at) values (?,?,?,?,?,?,?)
2024-03-29T20:01:58.342+09:00 DEBUG 26924 --- [    Test worker] org.hibernate.SQL                        : insert into webtoon_publishing_day (created_at,publishing_day_id,updated_at,webtoon_id) values (?,?,?,?)
Hibernate: insert into webtoon_publishing_day (created_at,publishing_day_id,updated_at,webtoon_id) values (?,?,?,?)
MONDAY
2024-03-29T20:01:58.346+09:00 DEBUG 26924 --- [    Test worker] org.hibernate.SQL                        : select pd1_0.publishing_day_id,pd1_0.created_at,pd1_0.day,pd1_0.updated_at from publishing_day pd1_0 where pd1_0.day=?
Hibernate: select pd1_0.publishing_day_id,pd1_0.created_at,pd1_0.day,pd1_0.updated_at from publishing_day pd1_0 where pd1_0.day=?
PublishingDay{publishingDayId=1, createdAt=2024-03-29T19:55:41.069514, updatedAt=2024-03-29T19:55:41.069514, day='MONDAY'}
2024-03-29T20:01:58.348+09:00 DEBUG 26924 --- [    Test worker] org.hibernate.SQL                        : insert into webtoon (created_at,description,no_youth,publication_status,thumbnail,title,updated_at) values (?,?,?,?,?,?,?)
Hibernate: insert into webtoon (created_at,description,no_youth,publication_status,thumbnail,title,updated_at) values (?,?,?,?,?,?,?)
2024-03-29T20:01:58.354+09:00 DEBUG 26924 --- [    Test worker] org.hibernate.SQL                        : insert into webtoon_publishing_day (created_at,publishing_day_id,updated_at,webtoon_id) values (?,?,?,?)
Hibernate: insert into webtoon_publishing_day (created_at,publishing_day_id,updated_at,webtoon_id) values (?,?,?,?)
MONDAY
2024-03-29T20:01:58.360+09:00 DEBUG 26924 --- [    Test worker] org.hibernate.SQL                        : select pd1_0.publishing_day_id,pd1_0.created_at,pd1_0.day,pd1_0.updated_at from publishing_day pd1_0 where pd1_0.day=?
Hibernate: select pd1_0.publishing_day_id,pd1_0.created_at,pd1_0.day,pd1_0.updated_at from publishing_day pd1_0 where pd1_0.day=?
PublishingDay{publishingDayId=1, createdAt=2024-03-29T19:55:41.069514, updatedAt=2024-03-29T19:55:41.069514, day='MONDAY'}
2024-03-29T20:01:58.362+09:00 DEBUG 26924 --- [    Test worker] org.hibernate.SQL                        : insert into webtoon (created_at,description,no_youth,publication_status,thumbnail,title,updated_at) values (?,?,?,?,?,?,?)
Hibernate: insert into webtoon (created_at,description,no_youth,publication_status,thumbnail,title,updated_at) values (?,?,?,?,?,?,?)
2024-03-29T20:01:58.367+09:00 DEBUG 26924 --- [    Test worker] org.hibernate.SQL                        : insert into webtoon_publishing_day (created_at,publishing_day_id,updated_at,webtoon_id) values (?,?,?,?)
Hibernate: insert into webtoon_publishing_day (created_at,publishing_day_id,updated_at,webtoon_id) values (?,?,?,?)
MONDAY
2024-03-29T20:01:58.372+09:00 DEBUG 26924 --- [    Test worker] org.hibernate.SQL                        : select pd1_0.publishing_day_id,pd1_0.created_at,pd1_0.day,pd1_0.updated_at from publishing_day pd1_0 where pd1_0.day=?
Hibernate: select pd1_0.publishing_day_id,pd1_0.created_at,pd1_0.day,pd1_0.updated_at from publishing_day pd1_0 where pd1_0.day=?
PublishingDay{publishingDayId=1, createdAt=2024-03-29T19:55:41.069514, updatedAt=2024-03-29T19:55:41.069514, day='MONDAY'}
2024-03-29T20:01:58.375+09:00 DEBUG 26924 --- [    Test worker] org.hibernate.SQL                        : insert into webtoon (created_at,description,no_youth,publication_status,thumbnail,title,updated_at) values (?,?,?,?,?,?,?)
Hibernate: insert into webtoon (created_at,description,no_youth,publication_status,thumbnail,title,updated_at) values (?,?,?,?,?,?,?)
2024-03-29T20:01:58.380+09:00 DEBUG 26924 --- [    Test worker] org.hibernate.SQL                        : insert into webtoon_publishing_day (created_at,publishing_day_id,updated_at,webtoon_id) values (?,?,?,?)
Hibernate: insert into webtoon_publishing_day (created_at,publishing_day_id,updated_at,webtoon_id) values (?,?,?,?)
MONDAY
2024-03-29T20:01:58.386+09:00 DEBUG 26924 --- [    Test worker] org.hibernate.SQL                        : select pd1_0.publishing_day_id,pd1_0.created_at,pd1_0.day,pd1_0.updated_at from publishing_day pd1_0 where pd1_0.day=?
Hibernate: select pd1_0.publishing_day_id,pd1_0.created_at,pd1_0.day,pd1_0.updated_at from publishing_day pd1_0 where pd1_0.day=?
PublishingDay{publishingDayId=1, createdAt=2024-03-29T19:55:41.069514, updatedAt=2024-03-29T19:55:41.069514, day='MONDAY'}
2024-03-29T20:01:58.388+09:00 DEBUG 26924 --- [    Test worker] org.hibernate.SQL                        : insert into webtoon (created_at,description,no_youth,publication_status,thumbnail,title,updated_at) values (?,?,?,?,?,?,?)
Hibernate: insert into webtoon (created_at,description,no_youth,publication_status,thumbnail,title,updated_at) values (?,?,?,?,?,?,?)
2024-03-29T20:01:58.394+09:00 DEBUG 26924 --- [    Test worker] org.hibernate.SQL                        : insert into webtoon_publishing_day (created_at,publishing_day_id,updated_at,webtoon_id) values (?,?,?,?)
Hibernate: insert into webtoon_publishing_day (created_at,publishing_day_id,updated_at,webtoon_id) values (?,?,?,?)
MONDAY
2024-03-29T20:01:58.399+09:00 DEBUG 26924 --- [    Test worker] org.hibernate.SQL                        : select pd1_0.publishing_day_id,pd1_0.created_at,pd1_0.day,pd1_0.updated_at from publishing_day pd1_0 where pd1_0.day=?
Hibernate: select pd1_0.publishing_day_id,pd1_0.created_at,pd1_0.day,pd1_0.updated_at from publishing_day pd1_0 where pd1_0.day=?
PublishingDay{publishingDayId=1, createdAt=2024-03-29T19:55:41.069514, updatedAt=2024-03-29T19:55:41.069514, day='MONDAY'}
2024-03-29T20:01:58.401+09:00 DEBUG 26924 --- [    Test worker] org.hibernate.SQL                        : insert into webtoon (created_at,description,no_youth,publication_status,thumbnail,title,updated_at) values (?,?,?,?,?,?,?)
Hibernate: insert into webtoon (created_at,description,no_youth,publication_status,thumbnail,title,updated_at) values (?,?,?,?,?,?,?)
2024-03-29T20:01:58.406+09:00 DEBUG 26924 --- [    Test worker] org.hibernate.SQL                        : insert into webtoon_publishing_day (created_at,publishing_day_id,updated_at,webtoon_id) values (?,?,?,?)
Hibernate: insert into webtoon_publishing_day (created_at,publishing_day_id,updated_at,webtoon_id) values (?,?,?,?)
MONDAY
2024-03-29T20:01:58.412+09:00 DEBUG 26924 --- [    Test worker] org.hibernate.SQL                        : select pd1_0.publishing_day_id,pd1_0.created_at,pd1_0.day,pd1_0.updated_at from publishing_day pd1_0 where pd1_0.day=?
Hibernate: select pd1_0.publishing_day_id,pd1_0.created_at,pd1_0.day,pd1_0.updated_at from publishing_day pd1_0 where pd1_0.day=?
PublishingDay{publishingDayId=1, createdAt=2024-03-29T19:55:41.069514, updatedAt=2024-03-29T19:55:41.069514, day='MONDAY'}
2024-03-29T20:01:58.415+09:00 DEBUG 26924 --- [    Test worker] org.hibernate.SQL                        : insert into webtoon (created_at,description,no_youth,publication_status,thumbnail,title,updated_at) values (?,?,?,?,?,?,?)
Hibernate: insert into webtoon (created_at,description,no_youth,publication_status,thumbnail,title,updated_at) values (?,?,?,?,?,?,?)
2024-03-29T20:01:58.420+09:00 DEBUG 26924 --- [    Test worker] org.hibernate.SQL                        : insert into webtoon_publishing_day (created_at,publishing_day_id,updated_at,webtoon_id) values (?,?,?,?)
Hibernate: insert into webtoon_publishing_day (created_at,publishing_day_id,updated_at,webtoon_id) values (?,?,?,?)
MONDAY
2024-03-29T20:01:58.427+09:00 DEBUG 26924 --- [    Test worker] org.hibernate.SQL                        : select pd1_0.publishing_day_id,pd1_0.created_at,pd1_0.day,pd1_0.updated_at from publishing_day pd1_0 where pd1_0.day=?
Hibernate: select pd1_0.publishing_day_id,pd1_0.created_at,pd1_0.day,pd1_0.updated_at from publishing_day pd1_0 where pd1_0.day=?
PublishingDay{publishingDayId=1, createdAt=2024-03-29T19:55:41.069514, updatedAt=2024-03-29T19:55:41.069514, day='MONDAY'}
2024-03-29T20:01:58.429+09:00 DEBUG 26924 --- [    Test worker] org.hibernate.SQL                        : insert into webtoon (created_at,description,no_youth,publication_status,thumbnail,title,updated_at) values (?,?,?,?,?,?,?)
Hibernate: insert into webtoon (created_at,description,no_youth,publication_status,thumbnail,title,updated_at) values (?,?,?,?,?,?,?)
2024-03-29T20:01:58.434+09:00 DEBUG 26924 --- [    Test worker] org.hibernate.SQL                        : insert into webtoon_publishing_day (created_at,publishing_day_id,updated_at,webtoon_id) values (?,?,?,?)
Hibernate: insert into webtoon_publishing_day (created_at,publishing_day_id,updated_at,webtoon_id) values (?,?,?,?)
MONDAY
2024-03-29T20:01:58.440+09:00 DEBUG 26924 --- [    Test worker] org.hibernate.SQL                        : select pd1_0.publishing_day_id,pd1_0.created_at,pd1_0.day,pd1_0.updated_at from publishing_day pd1_0 where pd1_0.day=?
Hibernate: select pd1_0.publishing_day_id,pd1_0.created_at,pd1_0.day,pd1_0.updated_at from publishing_day pd1_0 where pd1_0.day=?
PublishingDay{publishingDayId=1, createdAt=2024-03-29T19:55:41.069514, updatedAt=2024-03-29T19:55:41.069514, day='MONDAY'}
2024-03-29T20:01:58.443+09:00 DEBUG 26924 --- [    Test worker] org.hibernate.SQL                        : insert into webtoon (created_at,description,no_youth,publication_status,thumbnail,title,updated_at) values (?,?,?,?,?,?,?)
Hibernate: insert into webtoon (created_at,description,no_youth,publication_status,thumbnail,title,updated_at) values (?,?,?,?,?,?,?)
2024-03-29T20:01:58.446+09:00 DEBUG 26924 --- [    Test worker] org.hibernate.SQL                        : insert into webtoon_publishing_day (created_at,publishing_day_id,updated_at,webtoon_id) values (?,?,?,?)
Hibernate: insert into webtoon_publishing_day (created_at,publishing_day_id,updated_at,webtoon_id) values (?,?,?,?)
MONDAY
2024-03-29T20:01:58.451+09:00 DEBUG 26924 --- [    Test worker] org.hibernate.SQL                        : select pd1_0.publishing_day_id,pd1_0.created_at,pd1_0.day,pd1_0.updated_at from publishing_day pd1_0 where pd1_0.day=?
Hibernate: select pd1_0.publishing_day_id,pd1_0.created_at,pd1_0.day,pd1_0.updated_at from publishing_day pd1_0 where pd1_0.day=?
PublishingDay{publishingDayId=1, createdAt=2024-03-29T19:55:41.069514, updatedAt=2024-03-29T19:55:41.069514, day='MONDAY'}
2024-03-29T20:01:58.454+09:00 DEBUG 26924 --- [    Test worker] org.hibernate.SQL                        : insert into webtoon (created_at,description,no_youth,publication_status,thumbnail,title,updated_at) values (?,?,?,?,?,?,?)
Hibernate: insert into webtoon (created_at,description,no_youth,publication_status,thumbnail,title,updated_at) values (?,?,?,?,?,?,?)
2024-03-29T20:01:58.459+09:00 DEBUG 26924 --- [    Test worker] org.hibernate.SQL                        : insert into webtoon_publishing_day (created_at,publishing_day_id,updated_at,webtoon_id) values (?,?,?,?)
Hibernate: insert into webtoon_publishing_day (created_at,publishing_day_id,updated_at,webtoon_id) values (?,?,?,?)
MONDAY
2024-03-29T20:01:58.463+09:00 DEBUG 26924 --- [    Test worker] org.hibernate.SQL                        : select pd1_0.publishing_day_id,pd1_0.created_at,pd1_0.day,pd1_0.updated_at from publishing_day pd1_0 where pd1_0.day=?
Hibernate: select pd1_0.publishing_day_id,pd1_0.created_at,pd1_0.day,pd1_0.updated_at from publishing_day pd1_0 where pd1_0.day=?
PublishingDay{publishingDayId=1, createdAt=2024-03-29T19:55:41.069514, updatedAt=2024-03-29T19:55:41.069514, day='MONDAY'}
2024-03-29T20:01:58.464+09:00 DEBUG 26924 --- [    Test worker] org.hibernate.SQL                        : insert into webtoon (created_at,description,no_youth,publication_status,thumbnail,title,updated_at) values (?,?,?,?,?,?,?)
Hibernate: insert into webtoon (created_at,description,no_youth,publication_status,thumbnail,title,updated_at) values (?,?,?,?,?,?,?)
2024-03-29T20:01:58.467+09:00 DEBUG 26924 --- [    Test worker] org.hibernate.SQL                        : insert into webtoon_publishing_day (created_at,publishing_day_id,updated_at,webtoon_id) values (?,?,?,?)
Hibernate: insert into webtoon_publishing_day (created_at,publishing_day_id,updated_at,webtoon_id) values (?,?,?,?)
MONDAY
2024-03-29T20:01:58.471+09:00 DEBUG 26924 --- [    Test worker] org.hibernate.SQL                        : select pd1_0.publishing_day_id,pd1_0.created_at,pd1_0.day,pd1_0.updated_at from publishing_day pd1_0 where pd1_0.day=?
Hibernate: select pd1_0.publishing_day_id,pd1_0.created_at,pd1_0.day,pd1_0.updated_at from publishing_day pd1_0 where pd1_0.day=?
PublishingDay{publishingDayId=1, createdAt=2024-03-29T19:55:41.069514, updatedAt=2024-03-29T19:55:41.069514, day='MONDAY'}
2024-03-29T20:01:58.472+09:00 DEBUG 26924 --- [    Test worker] org.hibernate.SQL                        : insert into webtoon (created_at,description,no_youth,publication_status,thumbnail,title,updated_at) values (?,?,?,?,?,?,?)
Hibernate: insert into webtoon (created_at,description,no_youth,publication_status,thumbnail,title,updated_at) values (?,?,?,?,?,?,?)
2024-03-29T20:01:58.475+09:00 DEBUG 26924 --- [    Test worker] org.hibernate.SQL                        : insert into webtoon_publishing_day (created_at,publishing_day_id,updated_at,webtoon_id) values (?,?,?,?)
Hibernate: insert into webtoon_publishing_day (created_at,publishing_day_id,updated_at,webtoon_id) values (?,?,?,?)
MONDAY
2024-03-29T20:01:58.480+09:00 DEBUG 26924 --- [    Test worker] org.hibernate.SQL                        : select pd1_0.publishing_day_id,pd1_0.created_at,pd1_0.day,pd1_0.updated_at from publishing_day pd1_0 where pd1_0.day=?
Hibernate: select pd1_0.publishing_day_id,pd1_0.created_at,pd1_0.day,pd1_0.updated_at from publishing_day pd1_0 where pd1_0.day=?
PublishingDay{publishingDayId=1, createdAt=2024-03-29T19:55:41.069514, updatedAt=2024-03-29T19:55:41.069514, day='MONDAY'}
2024-03-29T20:01:58.482+09:00 DEBUG 26924 --- [    Test worker] org.hibernate.SQL                        : insert into webtoon (created_at,description,no_youth,publication_status,thumbnail,title,updated_at) values (?,?,?,?,?,?,?)
Hibernate: insert into webtoon (created_at,description,no_youth,publication_status,thumbnail,title,updated_at) values (?,?,?,?,?,?,?)
2024-03-29T20:01:58.485+09:00 DEBUG 26924 --- [    Test worker] org.hibernate.SQL                        : insert into webtoon_publishing_day (created_at,publishing_day_id,updated_at,webtoon_id) values (?,?,?,?)
Hibernate: insert into webtoon_publishing_day (created_at,publishing_day_id,updated_at,webtoon_id) values (?,?,?,?)
MONDAY
2024-03-29T20:01:58.488+09:00 DEBUG 26924 --- [    Test worker] org.hibernate.SQL                        : select pd1_0.publishing_day_id,pd1_0.created_at,pd1_0.day,pd1_0.updated_at from publishing_day pd1_0 where pd1_0.day=?
Hibernate: select pd1_0.publishing_day_id,pd1_0.created_at,pd1_0.day,pd1_0.updated_at from publishing_day pd1_0 where pd1_0.day=?
PublishingDay{publishingDayId=1, createdAt=2024-03-29T19:55:41.069514, updatedAt=2024-03-29T19:55:41.069514, day='MONDAY'}
2024-03-29T20:01:58.490+09:00 DEBUG 26924 --- [    Test worker] org.hibernate.SQL                        : insert into webtoon (created_at,description,no_youth,publication_status,thumbnail,title,updated_at) values (?,?,?,?,?,?,?)
Hibernate: insert into webtoon (created_at,description,no_youth,publication_status,thumbnail,title,updated_at) values (?,?,?,?,?,?,?)
2024-03-29T20:01:58.495+09:00 DEBUG 26924 --- [    Test worker] org.hibernate.SQL                        : insert into webtoon_publishing_day (created_at,publishing_day_id,updated_at,webtoon_id) values (?,?,?,?)
Hibernate: insert into webtoon_publishing_day (created_at,publishing_day_id,updated_at,webtoon_id) values (?,?,?,?)
MONDAY
2024-03-29T20:01:58.499+09:00 DEBUG 26924 --- [    Test worker] org.hibernate.SQL                        : select pd1_0.publishing_day_id,pd1_0.created_at,pd1_0.day,pd1_0.updated_at from publishing_day pd1_0 where pd1_0.day=?
Hibernate: select pd1_0.publishing_day_id,pd1_0.created_at,pd1_0.day,pd1_0.updated_at from publishing_day pd1_0 where pd1_0.day=?
PublishingDay{publishingDayId=1, createdAt=2024-03-29T19:55:41.069514, updatedAt=2024-03-29T19:55:41.069514, day='MONDAY'}
2024-03-29T20:01:58.501+09:00 DEBUG 26924 --- [    Test worker] org.hibernate.SQL                        : insert into webtoon (created_at,description,no_youth,publication_status,thumbnail,title,updated_at) values (?,?,?,?,?,?,?)
Hibernate: insert into webtoon (created_at,description,no_youth,publication_status,thumbnail,title,updated_at) values (?,?,?,?,?,?,?)
2024-03-29T20:01:58.504+09:00 DEBUG 26924 --- [    Test worker] org.hibernate.SQL                        : insert into webtoon_publishing_day (created_at,publishing_day_id,updated_at,webtoon_id) values (?,?,?,?)
Hibernate: insert into webtoon_publishing_day (created_at,publishing_day_id,updated_at,webtoon_id) values (?,?,?,?)
MONDAY
2024-03-29T20:01:58.509+09:00 DEBUG 26924 --- [    Test worker] org.hibernate.SQL                        : select pd1_0.publishing_day_id,pd1_0.created_at,pd1_0.day,pd1_0.updated_at from publishing_day pd1_0 where pd1_0.day=?
Hibernate: select pd1_0.publishing_day_id,pd1_0.created_at,pd1_0.day,pd1_0.updated_at from publishing_day pd1_0 where pd1_0.day=?
PublishingDay{publishingDayId=1, createdAt=2024-03-29T19:55:41.069514, updatedAt=2024-03-29T19:55:41.069514, day='MONDAY'}
2024-03-29T20:01:58.510+09:00 DEBUG 26924 --- [    Test worker] org.hibernate.SQL                        : insert into webtoon (created_at,description,no_youth,publication_status,thumbnail,title,updated_at) values (?,?,?,?,?,?,?)
Hibernate: insert into webtoon (created_at,description,no_youth,publication_status,thumbnail,title,updated_at) values (?,?,?,?,?,?,?)
2024-03-29T20:01:58.514+09:00 DEBUG 26924 --- [    Test worker] org.hibernate.SQL                        : insert into webtoon_publishing_day (created_at,publishing_day_id,updated_at,webtoon_id) values (?,?,?,?)
Hibernate: insert into webtoon_publishing_day (created_at,publishing_day_id,updated_at,webtoon_id) values (?,?,?,?)
MONDAY
2024-03-29T20:01:58.518+09:00 DEBUG 26924 --- [    Test worker] org.hibernate.SQL                        : select pd1_0.publishing_day_id,pd1_0.created_at,pd1_0.day,pd1_0.updated_at from publishing_day pd1_0 where pd1_0.day=?
Hibernate: select pd1_0.publishing_day_id,pd1_0.created_at,pd1_0.day,pd1_0.updated_at from publishing_day pd1_0 where pd1_0.day=?
PublishingDay{publishingDayId=1, createdAt=2024-03-29T19:55:41.069514, updatedAt=2024-03-29T19:55:41.069514, day='MONDAY'}
2024-03-29T20:01:58.520+09:00 DEBUG 26924 --- [    Test worker] org.hibernate.SQL                        : insert into webtoon (created_at,description,no_youth,publication_status,thumbnail,title,updated_at) values (?,?,?,?,?,?,?)
Hibernate: insert into webtoon (created_at,description,no_youth,publication_status,thumbnail,title,updated_at) values (?,?,?,?,?,?,?)
2024-03-29T20:01:58.525+09:00 DEBUG 26924 --- [    Test worker] org.hibernate.SQL                        : insert into webtoon_publishing_day (created_at,publishing_day_id,updated_at,webtoon_id) values (?,?,?,?)
Hibernate: insert into webtoon_publishing_day (created_at,publishing_day_id,updated_at,webtoon_id) values (?,?,?,?)
MONDAY
2024-03-29T20:01:58.530+09:00 DEBUG 26924 --- [    Test worker] org.hibernate.SQL                        : select pd1_0.publishing_day_id,pd1_0.created_at,pd1_0.day,pd1_0.updated_at from publishing_day pd1_0 where pd1_0.day=?
Hibernate: select pd1_0.publishing_day_id,pd1_0.created_at,pd1_0.day,pd1_0.updated_at from publishing_day pd1_0 where pd1_0.day=?
PublishingDay{publishingDayId=1, createdAt=2024-03-29T19:55:41.069514, updatedAt=2024-03-29T19:55:41.069514, day='MONDAY'}
2024-03-29T20:01:58.532+09:00 DEBUG 26924 --- [    Test worker] org.hibernate.SQL                        : insert into webtoon (created_at,description,no_youth,publication_status,thumbnail,title,updated_at) values (?,?,?,?,?,?,?)
Hibernate: insert into webtoon (created_at,description,no_youth,publication_status,thumbnail,title,updated_at) values (?,?,?,?,?,?,?)
2024-03-29T20:01:58.536+09:00 DEBUG 26924 --- [    Test worker] org.hibernate.SQL                        : insert into webtoon_publishing_day (created_at,publishing_day_id,updated_at,webtoon_id) values (?,?,?,?)
Hibernate: insert into webtoon_publishing_day (created_at,publishing_day_id,updated_at,webtoon_id) values (?,?,?,?)
MONDAY
2024-03-29T20:01:58.542+09:00 DEBUG 26924 --- [    Test worker] org.hibernate.SQL                        : select pd1_0.publishing_day_id,pd1_0.created_at,pd1_0.day,pd1_0.updated_at from publishing_day pd1_0 where pd1_0.day=?
Hibernate: select pd1_0.publishing_day_id,pd1_0.created_at,pd1_0.day,pd1_0.updated_at from publishing_day pd1_0 where pd1_0.day=?
PublishingDay{publishingDayId=1, createdAt=2024-03-29T19:55:41.069514, updatedAt=2024-03-29T19:55:41.069514, day='MONDAY'}
2024-03-29T20:01:58.544+09:00 DEBUG 26924 --- [    Test worker] org.hibernate.SQL                        : insert into webtoon (created_at,description,no_youth,publication_status,thumbnail,title,updated_at) values (?,?,?,?,?,?,?)
Hibernate: insert into webtoon (created_at,description,no_youth,publication_status,thumbnail,title,updated_at) values (?,?,?,?,?,?,?)
2024-03-29T20:01:58.551+09:00 DEBUG 26924 --- [    Test worker] org.hibernate.SQL                        : insert into webtoon_publishing_day (created_at,publishing_day_id,updated_at,webtoon_id) values (?,?,?,?)
Hibernate: insert into webtoon_publishing_day (created_at,publishing_day_id,updated_at,webtoon_id) values (?,?,?,?)
MONDAY
2024-03-29T20:01:58.557+09:00 DEBUG 26924 --- [    Test worker] org.hibernate.SQL                        : select pd1_0.publishing_day_id,pd1_0.created_at,pd1_0.day,pd1_0.updated_at from publishing_day pd1_0 where pd1_0.day=?
Hibernate: select pd1_0.publishing_day_id,pd1_0.created_at,pd1_0.day,pd1_0.updated_at from publishing_day pd1_0 where pd1_0.day=?
PublishingDay{publishingDayId=1, createdAt=2024-03-29T19:55:41.069514, updatedAt=2024-03-29T19:55:41.069514, day='MONDAY'}
2024-03-29T20:01:58.559+09:00 DEBUG 26924 --- [    Test worker] org.hibernate.SQL                        : insert into webtoon (created_at,description,no_youth,publication_status,thumbnail,title,updated_at) values (?,?,?,?,?,?,?)
Hibernate: insert into webtoon (created_at,description,no_youth,publication_status,thumbnail,title,updated_at) values (?,?,?,?,?,?,?)
2024-03-29T20:01:58.565+09:00 DEBUG 26924 --- [    Test worker] org.hibernate.SQL                        : insert into webtoon_publishing_day (created_at,publishing_day_id,updated_at,webtoon_id) values (?,?,?,?)
Hibernate: insert into webtoon_publishing_day (created_at,publishing_day_id,updated_at,webtoon_id) values (?,?,?,?)
MONDAY
2024-03-29T20:01:58.571+09:00 DEBUG 26924 --- [    Test worker] org.hibernate.SQL                        : select pd1_0.publishing_day_id,pd1_0.created_at,pd1_0.day,pd1_0.updated_at from publishing_day pd1_0 where pd1_0.day=?
Hibernate: select pd1_0.publishing_day_id,pd1_0.created_at,pd1_0.day,pd1_0.updated_at from publishing_day pd1_0 where pd1_0.day=?
PublishingDay{publishingDayId=1, createdAt=2024-03-29T19:55:41.069514, updatedAt=2024-03-29T19:55:41.069514, day='MONDAY'}
2024-03-29T20:01:58.573+09:00 DEBUG 26924 --- [    Test worker] org.hibernate.SQL                        : insert into webtoon (created_at,description,no_youth,publication_status,thumbnail,title,updated_at) values (?,?,?,?,?,?,?)
Hibernate: insert into webtoon (created_at,description,no_youth,publication_status,thumbnail,title,updated_at) values (?,?,?,?,?,?,?)
2024-03-29T20:01:58.580+09:00 DEBUG 26924 --- [    Test worker] org.hibernate.SQL                        : insert into webtoon_publishing_day (created_at,publishing_day_id,updated_at,webtoon_id) values (?,?,?,?)
Hibernate: insert into webtoon_publishing_day (created_at,publishing_day_id,updated_at,webtoon_id) values (?,?,?,?)
MONDAY
2024-03-29T20:01:58.586+09:00 DEBUG 26924 --- [    Test worker] org.hibernate.SQL                        : select pd1_0.publishing_day_id,pd1_0.created_at,pd1_0.day,pd1_0.updated_at from publishing_day pd1_0 where pd1_0.day=?
Hibernate: select pd1_0.publishing_day_id,pd1_0.created_at,pd1_0.day,pd1_0.updated_at from publishing_day pd1_0 where pd1_0.day=?
PublishingDay{publishingDayId=1, createdAt=2024-03-29T19:55:41.069514, updatedAt=2024-03-29T19:55:41.069514, day='MONDAY'}
2024-03-29T20:01:58.588+09:00 DEBUG 26924 --- [    Test worker] org.hibernate.SQL                        : insert into webtoon (created_at,description,no_youth,publication_status,thumbnail,title,updated_at) values (?,?,?,?,?,?,?)
Hibernate: insert into webtoon (created_at,description,no_youth,publication_status,thumbnail,title,updated_at) values (?,?,?,?,?,?,?)
2024-03-29T20:01:58.595+09:00 DEBUG 26924 --- [    Test worker] org.hibernate.SQL                        : insert into webtoon_publishing_day (created_at,publishing_day_id,updated_at,webtoon_id) values (?,?,?,?)
Hibernate: insert into webtoon_publishing_day (created_at,publishing_day_id,updated_at,webtoon_id) values (?,?,?,?)
MONDAY
2024-03-29T20:01:58.601+09:00 DEBUG 26924 --- [    Test worker] org.hibernate.SQL                        : select pd1_0.publishing_day_id,pd1_0.created_at,pd1_0.day,pd1_0.updated_at from publishing_day pd1_0 where pd1_0.day=?
Hibernate: select pd1_0.publishing_day_id,pd1_0.created_at,pd1_0.day,pd1_0.updated_at from publishing_day pd1_0 where pd1_0.day=?
PublishingDay{publishingDayId=1, createdAt=2024-03-29T19:55:41.069514, updatedAt=2024-03-29T19:55:41.069514, day='MONDAY'}
2024-03-29T20:01:58.604+09:00 DEBUG 26924 --- [    Test worker] org.hibernate.SQL                        : insert into webtoon (created_at,description,no_youth,publication_status,thumbnail,title,updated_at) values (?,?,?,?,?,?,?)
Hibernate: insert into webtoon (created_at,description,no_youth,publication_status,thumbnail,title,updated_at) values (?,?,?,?,?,?,?)
2024-03-29T20:01:58.611+09:00 DEBUG 26924 --- [    Test worker] org.hibernate.SQL                        : insert into webtoon_publishing_day (created_at,publishing_day_id,updated_at,webtoon_id) values (?,?,?,?)
Hibernate: insert into webtoon_publishing_day (created_at,publishing_day_id,updated_at,webtoon_id) values (?,?,?,?)
MONDAY
2024-03-29T20:01:58.617+09:00 DEBUG 26924 --- [    Test worker] org.hibernate.SQL                        : select pd1_0.publishing_day_id,pd1_0.created_at,pd1_0.day,pd1_0.updated_at from publishing_day pd1_0 where pd1_0.day=?
Hibernate: select pd1_0.publishing_day_id,pd1_0.created_at,pd1_0.day,pd1_0.updated_at from publishing_day pd1_0 where pd1_0.day=?
PublishingDay{publishingDayId=1, createdAt=2024-03-29T19:55:41.069514, updatedAt=2024-03-29T19:55:41.069514, day='MONDAY'}
2024-03-29T20:01:58.621+09:00 DEBUG 26924 --- [    Test worker] org.hibernate.SQL                        : insert into webtoon (created_at,description,no_youth,publication_status,thumbnail,title,updated_at) values (?,?,?,?,?,?,?)
Hibernate: insert into webtoon (created_at,description,no_youth,publication_status,thumbnail,title,updated_at) values (?,?,?,?,?,?,?)
2024-03-29T20:01:58.627+09:00 DEBUG 26924 --- [    Test worker] org.hibernate.SQL                        : insert into webtoon_publishing_day (created_at,publishing_day_id,updated_at,webtoon_id) values (?,?,?,?)
Hibernate: insert into webtoon_publishing_day (created_at,publishing_day_id,updated_at,webtoon_id) values (?,?,?,?)
FALSE
2024-03-29T20:01:58.633+09:00 DEBUG 26924 --- [    Test worker] org.hibernate.SQL                        : select pd1_0.publishing_day_id,pd1_0.created_at,pd1_0.day,pd1_0.updated_at from publishing_day pd1_0 where pd1_0.day=?
Hibernate: select pd1_0.publishing_day_id,pd1_0.created_at,pd1_0.day,pd1_0.updated_at from publishing_day pd1_0 where pd1_0.day=?
null
2024-03-29T20:01:58.636+09:00 DEBUG 26924 --- [    Test worker] org.hibernate.SQL                        : insert into webtoon (created_at,description,no_youth,publication_status,thumbnail,title,updated_at) values (?,?,?,?,?,?,?)
Hibernate: insert into webtoon (created_at,description,no_youth,publication_status,thumbnail,title,updated_at) values (?,?,?,?,?,?,?)
2024-03-29T20:01:58.644+09:00 DEBUG 26924 --- [    Test worker] org.hibernate.SQL                        : insert into webtoon_publishing_day (created_at,publishing_day_id,updated_at,webtoon_id) values (?,?,?,?)
Hibernate: insert into webtoon_publishing_day (created_at,publishing_day_id,updated_at,webtoon_id) values (?,?,?,?)
MONDAY
2024-03-29T20:01:58.650+09:00 DEBUG 26924 --- [    Test worker] org.hibernate.SQL                        : select pd1_0.publishing_day_id,pd1_0.created_at,pd1_0.day,pd1_0.updated_at from publishing_day pd1_0 where pd1_0.day=?
Hibernate: select pd1_0.publishing_day_id,pd1_0.created_at,pd1_0.day,pd1_0.updated_at from publishing_day pd1_0 where pd1_0.day=?
PublishingDay{publishingDayId=1, createdAt=2024-03-29T19:55:41.069514, updatedAt=2024-03-29T19:55:41.069514, day='MONDAY'}
2024-03-29T20:01:58.652+09:00 DEBUG 26924 --- [    Test worker] org.hibernate.SQL                        : insert into webtoon (created_at,description,no_youth,publication_status,thumbnail,title,updated_at) values (?,?,?,?,?,?,?)
Hibernate: insert into webtoon (created_at,description,no_youth,publication_status,thumbnail,title,updated_at) values (?,?,?,?,?,?,?)
2024-03-29T20:01:58.659+09:00 DEBUG 26924 --- [    Test worker] org.hibernate.SQL                        : insert into webtoon_publishing_day (created_at,publishing_day_id,updated_at,webtoon_id) values (?,?,?,?)
Hibernate: insert into webtoon_publishing_day (created_at,publishing_day_id,updated_at,webtoon_id) values (?,?,?,?)
MONDAY
2024-03-29T20:01:58.665+09:00 DEBUG 26924 --- [    Test worker] org.hibernate.SQL                        : select pd1_0.publishing_day_id,pd1_0.created_at,pd1_0.day,pd1_0.updated_at from publishing_day pd1_0 where pd1_0.day=?
Hibernate: select pd1_0.publishing_day_id,pd1_0.created_at,pd1_0.day,pd1_0.updated_at from publishing_day pd1_0 where pd1_0.day=?
PublishingDay{publishingDayId=1, createdAt=2024-03-29T19:55:41.069514, updatedAt=2024-03-29T19:55:41.069514, day='MONDAY'}
2024-03-29T20:01:58.666+09:00 DEBUG 26924 --- [    Test worker] org.hibernate.SQL                        : insert into webtoon (created_at,description,no_youth,publication_status,thumbnail,title,updated_at) values (?,?,?,?,?,?,?)
Hibernate: insert into webtoon (created_at,description,no_youth,publication_status,thumbnail,title,updated_at) values (?,?,?,?,?,?,?)
2024-03-29T20:01:58.670+09:00 DEBUG 26924 --- [    Test worker] org.hibernate.SQL                        : insert into webtoon_publishing_day (created_at,publishing_day_id,updated_at,webtoon_id) values (?,?,?,?)
Hibernate: insert into webtoon_publishing_day (created_at,publishing_day_id,updated_at,webtoon_id) values (?,?,?,?)
MONDAY
2024-03-29T20:01:58.673+09:00 DEBUG 26924 --- [    Test worker] org.hibernate.SQL                        : select pd1_0.publishing_day_id,pd1_0.created_at,pd1_0.day,pd1_0.updated_at from publishing_day pd1_0 where pd1_0.day=?
Hibernate: select pd1_0.publishing_day_id,pd1_0.created_at,pd1_0.day,pd1_0.updated_at from publishing_day pd1_0 where pd1_0.day=?
PublishingDay{publishingDayId=1, createdAt=2024-03-29T19:55:41.069514, updatedAt=2024-03-29T19:55:41.069514, day='MONDAY'}
2024-03-29T20:01:58.675+09:00 DEBUG 26924 --- [    Test worker] org.hibernate.SQL                        : insert into webtoon (created_at,description,no_youth,publication_status,thumbnail,title,updated_at) values (?,?,?,?,?,?,?)
Hibernate: insert into webtoon (created_at,description,no_youth,publication_status,thumbnail,title,updated_at) values (?,?,?,?,?,?,?)
2024-03-29T20:01:58.679+09:00 DEBUG 26924 --- [    Test worker] org.hibernate.SQL                        : insert into webtoon_publishing_day (created_at,publishing_day_id,updated_at,webtoon_id) values (?,?,?,?)
Hibernate: insert into webtoon_publishing_day (created_at,publishing_day_id,updated_at,webtoon_id) values (?,?,?,?)
MONDAY
2024-03-29T20:01:58.684+09:00 DEBUG 26924 --- [    Test worker] org.hibernate.SQL                        : select pd1_0.publishing_day_id,pd1_0.created_at,pd1_0.day,pd1_0.updated_at from publishing_day pd1_0 where pd1_0.day=?
Hibernate: select pd1_0.publishing_day_id,pd1_0.created_at,pd1_0.day,pd1_0.updated_at from publishing_day pd1_0 where pd1_0.day=?
PublishingDay{publishingDayId=1, createdAt=2024-03-29T19:55:41.069514, updatedAt=2024-03-29T19:55:41.069514, day='MONDAY'}
2024-03-29T20:01:58.687+09:00 DEBUG 26924 --- [    Test worker] org.hibernate.SQL                        : insert into webtoon (created_at,description,no_youth,publication_status,thumbnail,title,updated_at) values (?,?,?,?,?,?,?)
Hibernate: insert into webtoon (created_at,description,no_youth,publication_status,thumbnail,title,updated_at) values (?,?,?,?,?,?,?)
2024-03-29T20:01:58.692+09:00 DEBUG 26924 --- [    Test worker] org.hibernate.SQL                        : insert into webtoon_publishing_day (created_at,publishing_day_id,updated_at,webtoon_id) values (?,?,?,?)
Hibernate: insert into webtoon_publishing_day (created_at,publishing_day_id,updated_at,webtoon_id) values (?,?,?,?)
MONDAY
2024-03-29T20:01:58.698+09:00 DEBUG 26924 --- [    Test worker] org.hibernate.SQL                        : select pd1_0.publishing_day_id,pd1_0.created_at,pd1_0.day,pd1_0.updated_at from publishing_day pd1_0 where pd1_0.day=?
Hibernate: select pd1_0.publishing_day_id,pd1_0.created_at,pd1_0.day,pd1_0.updated_at from publishing_day pd1_0 where pd1_0.day=?
PublishingDay{publishingDayId=1, createdAt=2024-03-29T19:55:41.069514, updatedAt=2024-03-29T19:55:41.069514, day='MONDAY'}
2024-03-29T20:01:58.700+09:00 DEBUG 26924 --- [    Test worker] org.hibernate.SQL                        : insert into webtoon (created_at,description,no_youth,publication_status,thumbnail,title,updated_at) values (?,?,?,?,?,?,?)
Hibernate: insert into webtoon (created_at,description,no_youth,publication_status,thumbnail,title,updated_at) values (?,?,?,?,?,?,?)
2024-03-29T20:01:58.703+09:00 DEBUG 26924 --- [    Test worker] org.hibernate.SQL                        : insert into webtoon_publishing_day (created_at,publishing_day_id,updated_at,webtoon_id) values (?,?,?,?)
Hibernate: insert into webtoon_publishing_day (created_at,publishing_day_id,updated_at,webtoon_id) values (?,?,?,?)
MONDAY
2024-03-29T20:01:58.706+09:00 DEBUG 26924 --- [    Test worker] org.hibernate.SQL                        : select pd1_0.publishing_day_id,pd1_0.created_at,pd1_0.day,pd1_0.updated_at from publishing_day pd1_0 where pd1_0.day=?
Hibernate: select pd1_0.publishing_day_id,pd1_0.created_at,pd1_0.day,pd1_0.updated_at from publishing_day pd1_0 where pd1_0.day=?
PublishingDay{publishingDayId=1, createdAt=2024-03-29T19:55:41.069514, updatedAt=2024-03-29T19:55:41.069514, day='MONDAY'}
2024-03-29T20:01:58.710+09:00 DEBUG 26924 --- [    Test worker] org.hibernate.SQL                        : insert into webtoon (created_at,description,no_youth,publication_status,thumbnail,title,updated_at) values (?,?,?,?,?,?,?)
Hibernate: insert into webtoon (created_at,description,no_youth,publication_status,thumbnail,title,updated_at) values (?,?,?,?,?,?,?)
2024-03-29T20:01:58.714+09:00 DEBUG 26924 --- [    Test worker] org.hibernate.SQL                        : insert into webtoon_publishing_day (created_at,publishing_day_id,updated_at,webtoon_id) values (?,?,?,?)
Hibernate: insert into webtoon_publishing_day (created_at,publishing_day_id,updated_at,webtoon_id) values (?,?,?,?)
MONDAY
2024-03-29T20:01:58.717+09:00 DEBUG 26924 --- [    Test worker] org.hibernate.SQL                        : select pd1_0.publishing_day_id,pd1_0.created_at,pd1_0.day,pd1_0.updated_at from publishing_day pd1_0 where pd1_0.day=?
Hibernate: select pd1_0.publishing_day_id,pd1_0.created_at,pd1_0.day,pd1_0.updated_at from publishing_day pd1_0 where pd1_0.day=?
PublishingDay{publishingDayId=1, createdAt=2024-03-29T19:55:41.069514, updatedAt=2024-03-29T19:55:41.069514, day='MONDAY'}
2024-03-29T20:01:58.718+09:00 DEBUG 26924 --- [    Test worker] org.hibernate.SQL                        : insert into webtoon (created_at,description,no_youth,publication_status,thumbnail,title,updated_at) values (?,?,?,?,?,?,?)
Hibernate: insert into webtoon (created_at,description,no_youth,publication_status,thumbnail,title,updated_at) values (?,?,?,?,?,?,?)
2024-03-29T20:01:58.722+09:00 DEBUG 26924 --- [    Test worker] org.hibernate.SQL                        : insert into webtoon_publishing_day (created_at,publishing_day_id,updated_at,webtoon_id) values (?,?,?,?)
Hibernate: insert into webtoon_publishing_day (created_at,publishing_day_id,updated_at,webtoon_id) values (?,?,?,?)
MONDAY
2024-03-29T20:01:58.726+09:00 DEBUG 26924 --- [    Test worker] org.hibernate.SQL                        : select pd1_0.publishing_day_id,pd1_0.created_at,pd1_0.day,pd1_0.updated_at from publishing_day pd1_0 where pd1_0.day=?
Hibernate: select pd1_0.publishing_day_id,pd1_0.created_at,pd1_0.day,pd1_0.updated_at from publishing_day pd1_0 where pd1_0.day=?
PublishingDay{publishingDayId=1, createdAt=2024-03-29T19:55:41.069514, updatedAt=2024-03-29T19:55:41.069514, day='MONDAY'}
2024-03-29T20:01:58.728+09:00 DEBUG 26924 --- [    Test worker] org.hibernate.SQL                        : insert into webtoon (created_at,description,no_youth,publication_status,thumbnail,title,updated_at) values (?,?,?,?,?,?,?)
Hibernate: insert into webtoon (created_at,description,no_youth,publication_status,thumbnail,title,updated_at) values (?,?,?,?,?,?,?)
2024-03-29T20:01:58.732+09:00 DEBUG 26924 --- [    Test worker] org.hibernate.SQL                        : insert into webtoon_publishing_day (created_at,publishing_day_id,updated_at,webtoon_id) values (?,?,?,?)
Hibernate: insert into webtoon_publishing_day (created_at,publishing_day_id,updated_at,webtoon_id) values (?,?,?,?)
MONDAY
2024-03-29T20:01:58.735+09:00 DEBUG 26924 --- [    Test worker] org.hibernate.SQL                        : select pd1_0.publishing_day_id,pd1_0.created_at,pd1_0.day,pd1_0.updated_at from publishing_day pd1_0 where pd1_0.day=?
Hibernate: select pd1_0.publishing_day_id,pd1_0.created_at,pd1_0.day,pd1_0.updated_at from publishing_day pd1_0 where pd1_0.day=?
PublishingDay{publishingDayId=1, createdAt=2024-03-29T19:55:41.069514, updatedAt=2024-03-29T19:55:41.069514, day='MONDAY'}
2024-03-29T20:01:58.737+09:00 DEBUG 26924 --- [    Test worker] org.hibernate.SQL                        : insert into webtoon (created_at,description,no_youth,publication_status,thumbnail,title,updated_at) values (?,?,?,?,?,?,?)
Hibernate: insert into webtoon (created_at,description,no_youth,publication_status,thumbnail,title,updated_at) values (?,?,?,?,?,?,?)
2024-03-29T20:01:58.740+09:00 DEBUG 26924 --- [    Test worker] org.hibernate.SQL                        : insert into webtoon_publishing_day (created_at,publishing_day_id,updated_at,webtoon_id) values (?,?,?,?)
Hibernate: insert into webtoon_publishing_day (created_at,publishing_day_id,updated_at,webtoon_id) values (?,?,?,?)
MONDAY
2024-03-29T20:01:58.744+09:00 DEBUG 26924 --- [    Test worker] org.hibernate.SQL                        : select pd1_0.publishing_day_id,pd1_0.created_at,pd1_0.day,pd1_0.updated_at from publishing_day pd1_0 where pd1_0.day=?
Hibernate: select pd1_0.publishing_day_id,pd1_0.created_at,pd1_0.day,pd1_0.updated_at from publishing_day pd1_0 where pd1_0.day=?
PublishingDay{publishingDayId=1, createdAt=2024-03-29T19:55:41.069514, updatedAt=2024-03-29T19:55:41.069514, day='MONDAY'}
2024-03-29T20:01:58.746+09:00 DEBUG 26924 --- [    Test worker] org.hibernate.SQL                        : insert into webtoon (created_at,description,no_youth,publication_status,thumbnail,title,updated_at) values (?,?,?,?,?,?,?)
Hibernate: insert into webtoon (created_at,description,no_youth,publication_status,thumbnail,title,updated_at) values (?,?,?,?,?,?,?)
2024-03-29T20:01:58.751+09:00 DEBUG 26924 --- [    Test worker] org.hibernate.SQL                        : insert into webtoon_publishing_day (created_at,publishing_day_id,updated_at,webtoon_id) values (?,?,?,?)
Hibernate: insert into webtoon_publishing_day (created_at,publishing_day_id,updated_at,webtoon_id) values (?,?,?,?)
MONDAY
2024-03-29T20:01:58.754+09:00 DEBUG 26924 --- [    Test worker] org.hibernate.SQL                        : select pd1_0.publishing_day_id,pd1_0.created_at,pd1_0.day,pd1_0.updated_at from publishing_day pd1_0 where pd1_0.day=?
Hibernate: select pd1_0.publishing_day_id,pd1_0.created_at,pd1_0.day,pd1_0.updated_at from publishing_day pd1_0 where pd1_0.day=?
PublishingDay{publishingDayId=1, createdAt=2024-03-29T19:55:41.069514, updatedAt=2024-03-29T19:55:41.069514, day='MONDAY'}
2024-03-29T20:01:58.758+09:00 DEBUG 26924 --- [    Test worker] org.hibernate.SQL                        : insert into webtoon (created_at,description,no_youth,publication_status,thumbnail,title,updated_at) values (?,?,?,?,?,?,?)
Hibernate: insert into webtoon (created_at,description,no_youth,publication_status,thumbnail,title,updated_at) values (?,?,?,?,?,?,?)
2024-03-29T20:01:58.762+09:00 DEBUG 26924 --- [    Test worker] org.hibernate.SQL                        : insert into webtoon_publishing_day (created_at,publishing_day_id,updated_at,webtoon_id) values (?,?,?,?)
Hibernate: insert into webtoon_publishing_day (created_at,publishing_day_id,updated_at,webtoon_id) values (?,?,?,?)
MONDAY
2024-03-29T20:01:58.768+09:00 DEBUG 26924 --- [    Test worker] org.hibernate.SQL                        : select pd1_0.publishing_day_id,pd1_0.created_at,pd1_0.day,pd1_0.updated_at from publishing_day pd1_0 where pd1_0.day=?
Hibernate: select pd1_0.publishing_day_id,pd1_0.created_at,pd1_0.day,pd1_0.updated_at from publishing_day pd1_0 where pd1_0.day=?
PublishingDay{publishingDayId=1, createdAt=2024-03-29T19:55:41.069514, updatedAt=2024-03-29T19:55:41.069514, day='MONDAY'}
2024-03-29T20:01:58.770+09:00 DEBUG 26924 --- [    Test worker] org.hibernate.SQL                        : insert into webtoon (created_at,description,no_youth,publication_status,thumbnail,title,updated_at) values (?,?,?,?,?,?,?)
Hibernate: insert into webtoon (created_at,description,no_youth,publication_status,thumbnail,title,updated_at) values (?,?,?,?,?,?,?)
2024-03-29T20:01:58.775+09:00 DEBUG 26924 --- [    Test worker] org.hibernate.SQL                        : insert into webtoon_publishing_day (created_at,publishing_day_id,updated_at,webtoon_id) values (?,?,?,?)
Hibernate: insert into webtoon_publishing_day (created_at,publishing_day_id,updated_at,webtoon_id) values (?,?,?,?)
MONDAY
2024-03-29T20:01:58.780+09:00 DEBUG 26924 --- [    Test worker] org.hibernate.SQL                        : select pd1_0.publishing_day_id,pd1_0.created_at,pd1_0.day,pd1_0.updated_at from publishing_day pd1_0 where pd1_0.day=?
Hibernate: select pd1_0.publishing_day_id,pd1_0.created_at,pd1_0.day,pd1_0.updated_at from publishing_day pd1_0 where pd1_0.day=?
PublishingDay{publishingDayId=1, createdAt=2024-03-29T19:55:41.069514, updatedAt=2024-03-29T19:55:41.069514, day='MONDAY'}
2024-03-29T20:01:58.782+09:00 DEBUG 26924 --- [    Test worker] org.hibernate.SQL                        : insert into webtoon (created_at,description,no_youth,publication_status,thumbnail,title,updated_at) values (?,?,?,?,?,?,?)
Hibernate: insert into webtoon (created_at,description,no_youth,publication_status,thumbnail,title,updated_at) values (?,?,?,?,?,?,?)
2024-03-29T20:01:58.787+09:00 DEBUG 26924 --- [    Test worker] org.hibernate.SQL                        : insert into webtoon_publishing_day (created_at,publishing_day_id,updated_at,webtoon_id) values (?,?,?,?)
Hibernate: insert into webtoon_publishing_day (created_at,publishing_day_id,updated_at,webtoon_id) values (?,?,?,?)
MONDAY
2024-03-29T20:01:58.793+09:00 DEBUG 26924 --- [    Test worker] org.hibernate.SQL                        : select pd1_0.publishing_day_id,pd1_0.created_at,pd1_0.day,pd1_0.updated_at from publishing_day pd1_0 where pd1_0.day=?
Hibernate: select pd1_0.publishing_day_id,pd1_0.created_at,pd1_0.day,pd1_0.updated_at from publishing_day pd1_0 where pd1_0.day=?
PublishingDay{publishingDayId=1, createdAt=2024-03-29T19:55:41.069514, updatedAt=2024-03-29T19:55:41.069514, day='MONDAY'}
2024-03-29T20:01:58.795+09:00 DEBUG 26924 --- [    Test worker] org.hibernate.SQL                        : insert into webtoon (created_at,description,no_youth,publication_status,thumbnail,title,updated_at) values (?,?,?,?,?,?,?)
Hibernate: insert into webtoon (created_at,description,no_youth,publication_status,thumbnail,title,updated_at) values (?,?,?,?,?,?,?)
2024-03-29T20:01:58.800+09:00 DEBUG 26924 --- [    Test worker] org.hibernate.SQL                        : insert into webtoon_publishing_day (created_at,publishing_day_id,updated_at,webtoon_id) values (?,?,?,?)
Hibernate: insert into webtoon_publishing_day (created_at,publishing_day_id,updated_at,webtoon_id) values (?,?,?,?)
MONDAY
2024-03-29T20:01:58.806+09:00 DEBUG 26924 --- [    Test worker] org.hibernate.SQL                        : select pd1_0.publishing_day_id,pd1_0.created_at,pd1_0.day,pd1_0.updated_at from publishing_day pd1_0 where pd1_0.day=?
Hibernate: select pd1_0.publishing_day_id,pd1_0.created_at,pd1_0.day,pd1_0.updated_at from publishing_day pd1_0 where pd1_0.day=?
PublishingDay{publishingDayId=1, createdAt=2024-03-29T19:55:41.069514, updatedAt=2024-03-29T19:55:41.069514, day='MONDAY'}
2024-03-29T20:01:58.809+09:00 DEBUG 26924 --- [    Test worker] org.hibernate.SQL                        : insert into webtoon (created_at,description,no_youth,publication_status,thumbnail,title,updated_at) values (?,?,?,?,?,?,?)
Hibernate: insert into webtoon (created_at,description,no_youth,publication_status,thumbnail,title,updated_at) values (?,?,?,?,?,?,?)
2024-03-29T20:01:58.814+09:00 DEBUG 26924 --- [    Test worker] org.hibernate.SQL                        : insert into webtoon_publishing_day (created_at,publishing_day_id,updated_at,webtoon_id) values (?,?,?,?)
Hibernate: insert into webtoon_publishing_day (created_at,publishing_day_id,updated_at,webtoon_id) values (?,?,?,?)
MONDAY
2024-03-29T20:01:58.820+09:00 DEBUG 26924 --- [    Test worker] org.hibernate.SQL                        : select pd1_0.publishing_day_id,pd1_0.created_at,pd1_0.day,pd1_0.updated_at from publishing_day pd1_0 where pd1_0.day=?
Hibernate: select pd1_0.publishing_day_id,pd1_0.created_at,pd1_0.day,pd1_0.updated_at from publishing_day pd1_0 where pd1_0.day=?
PublishingDay{publishingDayId=1, createdAt=2024-03-29T19:55:41.069514, updatedAt=2024-03-29T19:55:41.069514, day='MONDAY'}
2024-03-29T20:01:58.822+09:00 DEBUG 26924 --- [    Test worker] org.hibernate.SQL                        : insert into webtoon (created_at,description,no_youth,publication_status,thumbnail,title,updated_at) values (?,?,?,?,?,?,?)
Hibernate: insert into webtoon (created_at,description,no_youth,publication_status,thumbnail,title,updated_at) values (?,?,?,?,?,?,?)
2024-03-29T20:01:58.828+09:00 DEBUG 26924 --- [    Test worker] org.hibernate.SQL                        : insert into webtoon_publishing_day (created_at,publishing_day_id,updated_at,webtoon_id) values (?,?,?,?)
Hibernate: insert into webtoon_publishing_day (created_at,publishing_day_id,updated_at,webtoon_id) values (?,?,?,?)
MONDAY
2024-03-29T20:01:58.834+09:00 DEBUG 26924 --- [    Test worker] org.hibernate.SQL                        : select pd1_0.publishing_day_id,pd1_0.created_at,pd1_0.day,pd1_0.updated_at from publishing_day pd1_0 where pd1_0.day=?
Hibernate: select pd1_0.publishing_day_id,pd1_0.created_at,pd1_0.day,pd1_0.updated_at from publishing_day pd1_0 where pd1_0.day=?
PublishingDay{publishingDayId=1, createdAt=2024-03-29T19:55:41.069514, updatedAt=2024-03-29T19:55:41.069514, day='MONDAY'}
2024-03-29T20:01:58.837+09:00 DEBUG 26924 --- [    Test worker] org.hibernate.SQL                        : insert into webtoon (created_at,description,no_youth,publication_status,thumbnail,title,updated_at) values (?,?,?,?,?,?,?)
Hibernate: insert into webtoon (created_at,description,no_youth,publication_status,thumbnail,title,updated_at) values (?,?,?,?,?,?,?)
2024-03-29T20:01:58.844+09:00 DEBUG 26924 --- [    Test worker] org.hibernate.SQL                        : insert into webtoon_publishing_day (created_at,publishing_day_id,updated_at,webtoon_id) values (?,?,?,?)
Hibernate: insert into webtoon_publishing_day (created_at,publishing_day_id,updated_at,webtoon_id) values (?,?,?,?)
MONDAY
2024-03-29T20:01:58.849+09:00 DEBUG 26924 --- [    Test worker] org.hibernate.SQL                        : select pd1_0.publishing_day_id,pd1_0.created_at,pd1_0.day,pd1_0.updated_at from publishing_day pd1_0 where pd1_0.day=?
Hibernate: select pd1_0.publishing_day_id,pd1_0.created_at,pd1_0.day,pd1_0.updated_at from publishing_day pd1_0 where pd1_0.day=?
PublishingDay{publishingDayId=1, createdAt=2024-03-29T19:55:41.069514, updatedAt=2024-03-29T19:55:41.069514, day='MONDAY'}
2024-03-29T20:01:58.851+09:00 DEBUG 26924 --- [    Test worker] org.hibernate.SQL                        : insert into webtoon (created_at,description,no_youth,publication_status,thumbnail,title,updated_at) values (?,?,?,?,?,?,?)
Hibernate: insert into webtoon (created_at,description,no_youth,publication_status,thumbnail,title,updated_at) values (?,?,?,?,?,?,?)
2024-03-29T20:01:58.855+09:00 DEBUG 26924 --- [    Test worker] org.hibernate.SQL                        : insert into webtoon_publishing_day (created_at,publishing_day_id,updated_at,webtoon_id) values (?,?,?,?)
Hibernate: insert into webtoon_publishing_day (created_at,publishing_day_id,updated_at,webtoon_id) values (?,?,?,?)
MONDAY
2024-03-29T20:01:58.860+09:00 DEBUG 26924 --- [    Test worker] org.hibernate.SQL                        : select pd1_0.publishing_day_id,pd1_0.created_at,pd1_0.day,pd1_0.updated_at from publishing_day pd1_0 where pd1_0.day=?
Hibernate: select pd1_0.publishing_day_id,pd1_0.created_at,pd1_0.day,pd1_0.updated_at from publishing_day pd1_0 where pd1_0.day=?
PublishingDay{publishingDayId=1, createdAt=2024-03-29T19:55:41.069514, updatedAt=2024-03-29T19:55:41.069514, day='MONDAY'}
2024-03-29T20:01:58.862+09:00 DEBUG 26924 --- [    Test worker] org.hibernate.SQL                        : insert into webtoon (created_at,description,no_youth,publication_status,thumbnail,title,updated_at) values (?,?,?,?,?,?,?)
Hibernate: insert into webtoon (created_at,description,no_youth,publication_status,thumbnail,title,updated_at) values (?,?,?,?,?,?,?)
2024-03-29T20:01:58.867+09:00 DEBUG 26924 --- [    Test worker] org.hibernate.SQL                        : insert into webtoon_publishing_day (created_at,publishing_day_id,updated_at,webtoon_id) values (?,?,?,?)
Hibernate: insert into webtoon_publishing_day (created_at,publishing_day_id,updated_at,webtoon_id) values (?,?,?,?)
MONDAY
2024-03-29T20:01:58.871+09:00 DEBUG 26924 --- [    Test worker] org.hibernate.SQL                        : select pd1_0.publishing_day_id,pd1_0.created_at,pd1_0.day,pd1_0.updated_at from publishing_day pd1_0 where pd1_0.day=?
Hibernate: select pd1_0.publishing_day_id,pd1_0.created_at,pd1_0.day,pd1_0.updated_at from publishing_day pd1_0 where pd1_0.day=?
PublishingDay{publishingDayId=1, createdAt=2024-03-29T19:55:41.069514, updatedAt=2024-03-29T19:55:41.069514, day='MONDAY'}
2024-03-29T20:01:58.873+09:00 DEBUG 26924 --- [    Test worker] org.hibernate.SQL                        : insert into webtoon (created_at,description,no_youth,publication_status,thumbnail,title,updated_at) values (?,?,?,?,?,?,?)
Hibernate: insert into webtoon (created_at,description,no_youth,publication_status,thumbnail,title,updated_at) values (?,?,?,?,?,?,?)
2024-03-29T20:01:58.877+09:00 DEBUG 26924 --- [    Test worker] org.hibernate.SQL                        : insert into webtoon_publishing_day (created_at,publishing_day_id,updated_at,webtoon_id) values (?,?,?,?)
Hibernate: insert into webtoon_publishing_day (created_at,publishing_day_id,updated_at,webtoon_id) values (?,?,?,?)
MONDAY
2024-03-29T20:01:58.881+09:00 DEBUG 26924 --- [    Test worker] org.hibernate.SQL                        : select pd1_0.publishing_day_id,pd1_0.created_at,pd1_0.day,pd1_0.updated_at from publishing_day pd1_0 where pd1_0.day=?
Hibernate: select pd1_0.publishing_day_id,pd1_0.created_at,pd1_0.day,pd1_0.updated_at from publishing_day pd1_0 where pd1_0.day=?
PublishingDay{publishingDayId=1, createdAt=2024-03-29T19:55:41.069514, updatedAt=2024-03-29T19:55:41.069514, day='MONDAY'}
2024-03-29T20:01:58.883+09:00 DEBUG 26924 --- [    Test worker] org.hibernate.SQL                        : insert into webtoon (created_at,description,no_youth,publication_status,thumbnail,title,updated_at) values (?,?,?,?,?,?,?)
Hibernate: insert into webtoon (created_at,description,no_youth,publication_status,thumbnail,title,updated_at) values (?,?,?,?,?,?,?)
2024-03-29T20:01:58.886+09:00 DEBUG 26924 --- [    Test worker] org.hibernate.SQL                        : insert into webtoon_publishing_day (created_at,publishing_day_id,updated_at,webtoon_id) values (?,?,?,?)
Hibernate: insert into webtoon_publishing_day (created_at,publishing_day_id,updated_at,webtoon_id) values (?,?,?,?)
MONDAY
2024-03-29T20:01:58.890+09:00 DEBUG 26924 --- [    Test worker] org.hibernate.SQL                        : select pd1_0.publishing_day_id,pd1_0.created_at,pd1_0.day,pd1_0.updated_at from publishing_day pd1_0 where pd1_0.day=?
Hibernate: select pd1_0.publishing_day_id,pd1_0.created_at,pd1_0.day,pd1_0.updated_at from publishing_day pd1_0 where pd1_0.day=?
PublishingDay{publishingDayId=1, createdAt=2024-03-29T19:55:41.069514, updatedAt=2024-03-29T19:55:41.069514, day='MONDAY'}
2024-03-29T20:01:58.892+09:00 DEBUG 26924 --- [    Test worker] org.hibernate.SQL                        : insert into webtoon (created_at,description,no_youth,publication_status,thumbnail,title,updated_at) values (?,?,?,?,?,?,?)
Hibernate: insert into webtoon (created_at,description,no_youth,publication_status,thumbnail,title,updated_at) values (?,?,?,?,?,?,?)
2024-03-29T20:01:58.895+09:00 DEBUG 26924 --- [    Test worker] org.hibernate.SQL                        : insert into webtoon_publishing_day (created_at,publishing_day_id,updated_at,webtoon_id) values (?,?,?,?)
Hibernate: insert into webtoon_publishing_day (created_at,publishing_day_id,updated_at,webtoon_id) values (?,?,?,?)
THURSDAY
2024-03-29T20:01:58.899+09:00 DEBUG 26924 --- [    Test worker] org.hibernate.SQL                        : select pd1_0.publishing_day_id,pd1_0.created_at,pd1_0.day,pd1_0.updated_at from publishing_day pd1_0 where pd1_0.day=?
Hibernate: select pd1_0.publishing_day_id,pd1_0.created_at,pd1_0.day,pd1_0.updated_at from publishing_day pd1_0 where pd1_0.day=?
PublishingDay{publishingDayId=4, createdAt=2024-03-29T19:55:41.069514, updatedAt=2024-03-29T19:55:41.069514, day='THURSDAY'}
2024-03-29T20:01:58.900+09:00 DEBUG 26924 --- [    Test worker] org.hibernate.SQL                        : insert into webtoon (created_at,description,no_youth,publication_status,thumbnail,title,updated_at) values (?,?,?,?,?,?,?)
Hibernate: insert into webtoon (created_at,description,no_youth,publication_status,thumbnail,title,updated_at) values (?,?,?,?,?,?,?)
2024-03-29T20:01:58.904+09:00 DEBUG 26924 --- [    Test worker] org.hibernate.SQL                        : insert into webtoon_publishing_day (created_at,publishing_day_id,updated_at,webtoon_id) values (?,?,?,?)
Hibernate: insert into webtoon_publishing_day (created_at,publishing_day_id,updated_at,webtoon_id) values (?,?,?,?)
THURSDAY
2024-03-29T20:01:58.908+09:00 DEBUG 26924 --- [    Test worker] org.hibernate.SQL                        : select pd1_0.publishing_day_id,pd1_0.created_at,pd1_0.day,pd1_0.updated_at from publishing_day pd1_0 where pd1_0.day=?
Hibernate: select pd1_0.publishing_day_id,pd1_0.created_at,pd1_0.day,pd1_0.updated_at from publishing_day pd1_0 where pd1_0.day=?
PublishingDay{publishingDayId=4, createdAt=2024-03-29T19:55:41.069514, updatedAt=2024-03-29T19:55:41.069514, day='THURSDAY'}
2024-03-29T20:01:58.910+09:00 DEBUG 26924 --- [    Test worker] org.hibernate.SQL                        : insert into webtoon (created_at,description,no_youth,publication_status,thumbnail,title,updated_at) values (?,?,?,?,?,?,?)
Hibernate: insert into webtoon (created_at,description,no_youth,publication_status,thumbnail,title,updated_at) values (?,?,?,?,?,?,?)
2024-03-29T20:01:58.913+09:00 DEBUG 26924 --- [    Test worker] org.hibernate.SQL                        : insert into webtoon_publishing_day (created_at,publishing_day_id,updated_at,webtoon_id) values (?,?,?,?)
Hibernate: insert into webtoon_publishing_day (created_at,publishing_day_id,updated_at,webtoon_id) values (?,?,?,?)
THURSDAY
2024-03-29T20:01:58.917+09:00 DEBUG 26924 --- [    Test worker] org.hibernate.SQL                        : select pd1_0.publishing_day_id,pd1_0.created_at,pd1_0.day,pd1_0.updated_at from publishing_day pd1_0 where pd1_0.day=?
Hibernate: select pd1_0.publishing_day_id,pd1_0.created_at,pd1_0.day,pd1_0.updated_at from publishing_day pd1_0 where pd1_0.day=?
PublishingDay{publishingDayId=4, createdAt=2024-03-29T19:55:41.069514, updatedAt=2024-03-29T19:55:41.069514, day='THURSDAY'}
2024-03-29T20:01:58.919+09:00 DEBUG 26924 --- [    Test worker] org.hibernate.SQL                        : insert into webtoon (created_at,description,no_youth,publication_status,thumbnail,title,updated_at) values (?,?,?,?,?,?,?)
Hibernate: insert into webtoon (created_at,description,no_youth,publication_status,thumbnail,title,updated_at) values (?,?,?,?,?,?,?)
2024-03-29T20:01:58.923+09:00 DEBUG 26924 --- [    Test worker] org.hibernate.SQL                        : insert into webtoon_publishing_day (created_at,publishing_day_id,updated_at,webtoon_id) values (?,?,?,?)
Hibernate: insert into webtoon_publishing_day (created_at,publishing_day_id,updated_at,webtoon_id) values (?,?,?,?)
THURSDAY
2024-03-29T20:01:58.928+09:00 DEBUG 26924 --- [    Test worker] org.hibernate.SQL                        : select pd1_0.publishing_day_id,pd1_0.created_at,pd1_0.day,pd1_0.updated_at from publishing_day pd1_0 where pd1_0.day=?
Hibernate: select pd1_0.publishing_day_id,pd1_0.created_at,pd1_0.day,pd1_0.updated_at from publishing_day pd1_0 where pd1_0.day=?
PublishingDay{publishingDayId=4, createdAt=2024-03-29T19:55:41.069514, updatedAt=2024-03-29T19:55:41.069514, day='THURSDAY'}
2024-03-29T20:01:58.931+09:00 DEBUG 26924 --- [    Test worker] org.hibernate.SQL                        : insert into webtoon (created_at,description,no_youth,publication_status,thumbnail,title,updated_at) values (?,?,?,?,?,?,?)
Hibernate: insert into webtoon (created_at,description,no_youth,publication_status,thumbnail,title,updated_at) values (?,?,?,?,?,?,?)
2024-03-29T20:01:58.935+09:00 DEBUG 26924 --- [    Test worker] org.hibernate.SQL                        : insert into webtoon_publishing_day (created_at,publishing_day_id,updated_at,webtoon_id) values (?,?,?,?)
Hibernate: insert into webtoon_publishing_day (created_at,publishing_day_id,updated_at,webtoon_id) values (?,?,?,?)
THURSDAY
2024-03-29T20:01:58.940+09:00 DEBUG 26924 --- [    Test worker] org.hibernate.SQL                        : select pd1_0.publishing_day_id,pd1_0.created_at,pd1_0.day,pd1_0.updated_at from publishing_day pd1_0 where pd1_0.day=?
Hibernate: select pd1_0.publishing_day_id,pd1_0.created_at,pd1_0.day,pd1_0.updated_at from publishing_day pd1_0 where pd1_0.day=?
PublishingDay{publishingDayId=4, createdAt=2024-03-29T19:55:41.069514, updatedAt=2024-03-29T19:55:41.069514, day='THURSDAY'}
2024-03-29T20:01:58.942+09:00 DEBUG 26924 --- [    Test worker] org.hibernate.SQL                        : insert into webtoon (created_at,description,no_youth,publication_status,thumbnail,title,updated_at) values (?,?,?,?,?,?,?)
Hibernate: insert into webtoon (created_at,description,no_youth,publication_status,thumbnail,title,updated_at) values (?,?,?,?,?,?,?)
2024-03-29T20:01:58.948+09:00 DEBUG 26924 --- [    Test worker] org.hibernate.SQL                        : insert into webtoon_publishing_day (created_at,publishing_day_id,updated_at,webtoon_id) values (?,?,?,?)
Hibernate: insert into webtoon_publishing_day (created_at,publishing_day_id,updated_at,webtoon_id) values (?,?,?,?)
THURSDAY
2024-03-29T20:01:58.954+09:00 DEBUG 26924 --- [    Test worker] org.hibernate.SQL                        : select pd1_0.publishing_day_id,pd1_0.created_at,pd1_0.day,pd1_0.updated_at from publishing_day pd1_0 where pd1_0.day=?
Hibernate: select pd1_0.publishing_day_id,pd1_0.created_at,pd1_0.day,pd1_0.updated_at from publishing_day pd1_0 where pd1_0.day=?
PublishingDay{publishingDayId=4, createdAt=2024-03-29T19:55:41.069514, updatedAt=2024-03-29T19:55:41.069514, day='THURSDAY'}
2024-03-29T20:01:58.956+09:00 DEBUG 26924 --- [    Test worker] org.hibernate.SQL                        : insert into webtoon (created_at,description,no_youth,publication_status,thumbnail,title,updated_at) values (?,?,?,?,?,?,?)
Hibernate: insert into webtoon (created_at,description,no_youth,publication_status,thumbnail,title,updated_at) values (?,?,?,?,?,?,?)
2024-03-29T20:01:58.961+09:00 DEBUG 26924 --- [    Test worker] org.hibernate.SQL                        : insert into webtoon_publishing_day (created_at,publishing_day_id,updated_at,webtoon_id) values (?,?,?,?)
Hibernate: insert into webtoon_publishing_day (created_at,publishing_day_id,updated_at,webtoon_id) values (?,?,?,?)
THURSDAY
2024-03-29T20:01:58.967+09:00 DEBUG 26924 --- [    Test worker] org.hibernate.SQL                        : select pd1_0.publishing_day_id,pd1_0.created_at,pd1_0.day,pd1_0.updated_at from publishing_day pd1_0 where pd1_0.day=?
Hibernate: select pd1_0.publishing_day_id,pd1_0.created_at,pd1_0.day,pd1_0.updated_at from publishing_day pd1_0 where pd1_0.day=?
PublishingDay{publishingDayId=4, createdAt=2024-03-29T19:55:41.069514, updatedAt=2024-03-29T19:55:41.069514, day='THURSDAY'}
2024-03-29T20:01:58.970+09:00 DEBUG 26924 --- [    Test worker] org.hibernate.SQL                        : insert into webtoon (created_at,description,no_youth,publication_status,thumbnail,title,updated_at) values (?,?,?,?,?,?,?)
Hibernate: insert into webtoon (created_at,description,no_youth,publication_status,thumbnail,title,updated_at) values (?,?,?,?,?,?,?)
2024-03-29T20:01:58.977+09:00 DEBUG 26924 --- [    Test worker] org.hibernate.SQL                        : insert into webtoon_publishing_day (created_at,publishing_day_id,updated_at,webtoon_id) values (?,?,?,?)
Hibernate: insert into webtoon_publishing_day (created_at,publishing_day_id,updated_at,webtoon_id) values (?,?,?,?)
THURSDAY
2024-03-29T20:01:58.984+09:00 DEBUG 26924 --- [    Test worker] org.hibernate.SQL                        : select pd1_0.publishing_day_id,pd1_0.created_at,pd1_0.day,pd1_0.updated_at from publishing_day pd1_0 where pd1_0.day=?
Hibernate: select pd1_0.publishing_day_id,pd1_0.created_at,pd1_0.day,pd1_0.updated_at from publishing_day pd1_0 where pd1_0.day=?
PublishingDay{publishingDayId=4, createdAt=2024-03-29T19:55:41.069514, updatedAt=2024-03-29T19:55:41.069514, day='THURSDAY'}
2024-03-29T20:01:58.986+09:00 DEBUG 26924 --- [    Test worker] org.hibernate.SQL                        : insert into webtoon (created_at,description,no_youth,publication_status,thumbnail,title,updated_at) values (?,?,?,?,?,?,?)
Hibernate: insert into webtoon (created_at,description,no_youth,publication_status,thumbnail,title,updated_at) values (?,?,?,?,?,?,?)
2024-03-29T20:01:58.993+09:00 DEBUG 26924 --- [    Test worker] org.hibernate.SQL                        : insert into webtoon_publishing_day (created_at,publishing_day_id,updated_at,webtoon_id) values (?,?,?,?)
Hibernate: insert into webtoon_publishing_day (created_at,publishing_day_id,updated_at,webtoon_id) values (?,?,?,?)
THURSDAY
2024-03-29T20:01:59.000+09:00 DEBUG 26924 --- [    Test worker] org.hibernate.SQL                        : select pd1_0.publishing_day_id,pd1_0.created_at,pd1_0.day,pd1_0.updated_at from publishing_day pd1_0 where pd1_0.day=?
Hibernate: select pd1_0.publishing_day_id,pd1_0.created_at,pd1_0.day,pd1_0.updated_at from publishing_day pd1_0 where pd1_0.day=?
PublishingDay{publishingDayId=4, createdAt=2024-03-29T19:55:41.069514, updatedAt=2024-03-29T19:55:41.069514, day='THURSDAY'}
2024-03-29T20:01:59.003+09:00 DEBUG 26924 --- [    Test worker] org.hibernate.SQL                        : insert into webtoon (created_at,description,no_youth,publication_status,thumbnail,title,updated_at) values (?,?,?,?,?,?,?)
Hibernate: insert into webtoon (created_at,description,no_youth,publication_status,thumbnail,title,updated_at) values (?,?,?,?,?,?,?)
2024-03-29T20:01:59.011+09:00 DEBUG 26924 --- [    Test worker] org.hibernate.SQL                        : insert into webtoon_publishing_day (created_at,publishing_day_id,updated_at,webtoon_id) values (?,?,?,?)
Hibernate: insert into webtoon_publishing_day (created_at,publishing_day_id,updated_at,webtoon_id) values (?,?,?,?)
THURSDAY
2024-03-29T20:01:59.027+09:00 DEBUG 26924 --- [    Test worker] org.hibernate.SQL                        : select pd1_0.publishing_day_id,pd1_0.created_at,pd1_0.day,pd1_0.updated_at from publishing_day pd1_0 where pd1_0.day=?
Hibernate: select pd1_0.publishing_day_id,pd1_0.created_at,pd1_0.day,pd1_0.updated_at from publishing_day pd1_0 where pd1_0.day=?
PublishingDay{publishingDayId=4, createdAt=2024-03-29T19:55:41.069514, updatedAt=2024-03-29T19:55:41.069514, day='THURSDAY'}
2024-03-29T20:01:59.030+09:00 DEBUG 26924 --- [    Test worker] org.hibernate.SQL                        : insert into webtoon (created_at,description,no_youth,publication_status,thumbnail,title,updated_at) values (?,?,?,?,?,?,?)
Hibernate: insert into webtoon (created_at,description,no_youth,publication_status,thumbnail,title,updated_at) values (?,?,?,?,?,?,?)
2024-03-29T20:01:59.038+09:00 DEBUG 26924 --- [    Test worker] org.hibernate.SQL                        : insert into webtoon_publishing_day (created_at,publishing_day_id,updated_at,webtoon_id) values (?,?,?,?)
Hibernate: insert into webtoon_publishing_day (created_at,publishing_day_id,updated_at,webtoon_id) values (?,?,?,?)
THURSDAY
2024-03-29T20:01:59.045+09:00 DEBUG 26924 --- [    Test worker] org.hibernate.SQL                        : select pd1_0.publishing_day_id,pd1_0.created_at,pd1_0.day,pd1_0.updated_at from publishing_day pd1_0 where pd1_0.day=?
Hibernate: select pd1_0.publishing_day_id,pd1_0.created_at,pd1_0.day,pd1_0.updated_at from publishing_day pd1_0 where pd1_0.day=?
PublishingDay{publishingDayId=4, createdAt=2024-03-29T19:55:41.069514, updatedAt=2024-03-29T19:55:41.069514, day='THURSDAY'}
2024-03-29T20:01:59.047+09:00 DEBUG 26924 --- [    Test worker] org.hibernate.SQL                        : insert into webtoon (created_at,description,no_youth,publication_status,thumbnail,title,updated_at) values (?,?,?,?,?,?,?)
Hibernate: insert into webtoon (created_at,description,no_youth,publication_status,thumbnail,title,updated_at) values (?,?,?,?,?,?,?)
2024-03-29T20:01:59.051+09:00 DEBUG 26924 --- [    Test worker] org.hibernate.SQL                        : insert into webtoon_publishing_day (created_at,publishing_day_id,updated_at,webtoon_id) values (?,?,?,?)
Hibernate: insert into webtoon_publishing_day (created_at,publishing_day_id,updated_at,webtoon_id) values (?,?,?,?)
THURSDAY
2024-03-29T20:01:59.056+09:00 DEBUG 26924 --- [    Test worker] org.hibernate.SQL                        : select pd1_0.publishing_day_id,pd1_0.created_at,pd1_0.day,pd1_0.updated_at from publishing_day pd1_0 where pd1_0.day=?
Hibernate: select pd1_0.publishing_day_id,pd1_0.created_at,pd1_0.day,pd1_0.updated_at from publishing_day pd1_0 where pd1_0.day=?
PublishingDay{publishingDayId=4, createdAt=2024-03-29T19:55:41.069514, updatedAt=2024-03-29T19:55:41.069514, day='THURSDAY'}
2024-03-29T20:01:59.059+09:00 DEBUG 26924 --- [    Test worker] org.hibernate.SQL                        : insert into webtoon (created_at,description,no_youth,publication_status,thumbnail,title,updated_at) values (?,?,?,?,?,?,?)
Hibernate: insert into webtoon (created_at,description,no_youth,publication_status,thumbnail,title,updated_at) values (?,?,?,?,?,?,?)
2024-03-29T20:01:59.062+09:00 DEBUG 26924 --- [    Test worker] org.hibernate.SQL                        : insert into webtoon_publishing_day (created_at,publishing_day_id,updated_at,webtoon_id) values (?,?,?,?)
Hibernate: insert into webtoon_publishing_day (created_at,publishing_day_id,updated_at,webtoon_id) values (?,?,?,?)
THURSDAY
2024-03-29T20:01:59.066+09:00 DEBUG 26924 --- [    Test worker] org.hibernate.SQL                        : select pd1_0.publishing_day_id,pd1_0.created_at,pd1_0.day,pd1_0.updated_at from publishing_day pd1_0 where pd1_0.day=?
Hibernate: select pd1_0.publishing_day_id,pd1_0.created_at,pd1_0.day,pd1_0.updated_at from publishing_day pd1_0 where pd1_0.day=?
PublishingDay{publishingDayId=4, createdAt=2024-03-29T19:55:41.069514, updatedAt=2024-03-29T19:55:41.069514, day='THURSDAY'}
2024-03-29T20:01:59.068+09:00 DEBUG 26924 --- [    Test worker] org.hibernate.SQL                        : insert into webtoon (created_at,description,no_youth,publication_status,thumbnail,title,updated_at) values (?,?,?,?,?,?,?)
Hibernate: insert into webtoon (created_at,description,no_youth,publication_status,thumbnail,title,updated_at) values (?,?,?,?,?,?,?)
2024-03-29T20:01:59.072+09:00 DEBUG 26924 --- [    Test worker] org.hibernate.SQL                        : insert into webtoon_publishing_day (created_at,publishing_day_id,updated_at,webtoon_id) values (?,?,?,?)
Hibernate: insert into webtoon_publishing_day (created_at,publishing_day_id,updated_at,webtoon_id) values (?,?,?,?)
THURSDAY
2024-03-29T20:01:59.077+09:00 DEBUG 26924 --- [    Test worker] org.hibernate.SQL                        : select pd1_0.publishing_day_id,pd1_0.created_at,pd1_0.day,pd1_0.updated_at from publishing_day pd1_0 where pd1_0.day=?
Hibernate: select pd1_0.publishing_day_id,pd1_0.created_at,pd1_0.day,pd1_0.updated_at from publishing_day pd1_0 where pd1_0.day=?
PublishingDay{publishingDayId=4, createdAt=2024-03-29T19:55:41.069514, updatedAt=2024-03-29T19:55:41.069514, day='THURSDAY'}
2024-03-29T20:01:59.078+09:00 DEBUG 26924 --- [    Test worker] org.hibernate.SQL                        : insert into webtoon (created_at,description,no_youth,publication_status,thumbnail,title,updated_at) values (?,?,?,?,?,?,?)
Hibernate: insert into webtoon (created_at,description,no_youth,publication_status,thumbnail,title,updated_at) values (?,?,?,?,?,?,?)
2024-03-29T20:01:59.082+09:00 DEBUG 26924 --- [    Test worker] org.hibernate.SQL                        : insert into webtoon_publishing_day (created_at,publishing_day_id,updated_at,webtoon_id) values (?,?,?,?)
Hibernate: insert into webtoon_publishing_day (created_at,publishing_day_id,updated_at,webtoon_id) values (?,?,?,?)
THURSDAY
2024-03-29T20:01:59.086+09:00 DEBUG 26924 --- [    Test worker] org.hibernate.SQL                        : select pd1_0.publishing_day_id,pd1_0.created_at,pd1_0.day,pd1_0.updated_at from publishing_day pd1_0 where pd1_0.day=?
Hibernate: select pd1_0.publishing_day_id,pd1_0.created_at,pd1_0.day,pd1_0.updated_at from publishing_day pd1_0 where pd1_0.day=?
PublishingDay{publishingDayId=4, createdAt=2024-03-29T19:55:41.069514, updatedAt=2024-03-29T19:55:41.069514, day='THURSDAY'}
2024-03-29T20:01:59.088+09:00 DEBUG 26924 --- [    Test worker] org.hibernate.SQL                        : insert into webtoon (created_at,description,no_youth,publication_status,thumbnail,title,updated_at) values (?,?,?,?,?,?,?)
Hibernate: insert into webtoon (created_at,description,no_youth,publication_status,thumbnail,title,updated_at) values (?,?,?,?,?,?,?)
2024-03-29T20:01:59.093+09:00 DEBUG 26924 --- [    Test worker] org.hibernate.SQL                        : insert into webtoon_publishing_day (created_at,publishing_day_id,updated_at,webtoon_id) values (?,?,?,?)
Hibernate: insert into webtoon_publishing_day (created_at,publishing_day_id,updated_at,webtoon_id) values (?,?,?,?)
THURSDAY
2024-03-29T20:01:59.098+09:00 DEBUG 26924 --- [    Test worker] org.hibernate.SQL                        : select pd1_0.publishing_day_id,pd1_0.created_at,pd1_0.day,pd1_0.updated_at from publishing_day pd1_0 where pd1_0.day=?
Hibernate: select pd1_0.publishing_day_id,pd1_0.created_at,pd1_0.day,pd1_0.updated_at from publishing_day pd1_0 where pd1_0.day=?
PublishingDay{publishingDayId=4, createdAt=2024-03-29T19:55:41.069514, updatedAt=2024-03-29T19:55:41.069514, day='THURSDAY'}
2024-03-29T20:01:59.100+09:00 DEBUG 26924 --- [    Test worker] org.hibernate.SQL                        : insert into webtoon (created_at,description,no_youth,publication_status,thumbnail,title,updated_at) values (?,?,?,?,?,?,?)
Hibernate: insert into webtoon (created_at,description,no_youth,publication_status,thumbnail,title,updated_at) values (?,?,?,?,?,?,?)
2024-03-29T20:01:59.105+09:00 DEBUG 26924 --- [    Test worker] org.hibernate.SQL                        : insert into webtoon_publishing_day (created_at,publishing_day_id,updated_at,webtoon_id) values (?,?,?,?)
Hibernate: insert into webtoon_publishing_day (created_at,publishing_day_id,updated_at,webtoon_id) values (?,?,?,?)
THURSDAY
2024-03-29T20:01:59.109+09:00 DEBUG 26924 --- [    Test worker] org.hibernate.SQL                        : select pd1_0.publishing_day_id,pd1_0.created_at,pd1_0.day,pd1_0.updated_at from publishing_day pd1_0 where pd1_0.day=?
Hibernate: select pd1_0.publishing_day_id,pd1_0.created_at,pd1_0.day,pd1_0.updated_at from publishing_day pd1_0 where pd1_0.day=?
PublishingDay{publishingDayId=4, createdAt=2024-03-29T19:55:41.069514, updatedAt=2024-03-29T19:55:41.069514, day='THURSDAY'}
2024-03-29T20:01:59.111+09:00 DEBUG 26924 --- [    Test worker] org.hibernate.SQL                        : insert into webtoon (created_at,description,no_youth,publication_status,thumbnail,title,updated_at) values (?,?,?,?,?,?,?)
Hibernate: insert into webtoon (created_at,description,no_youth,publication_status,thumbnail,title,updated_at) values (?,?,?,?,?,?,?)
2024-03-29T20:01:59.116+09:00 DEBUG 26924 --- [    Test worker] org.hibernate.SQL                        : insert into webtoon_publishing_day (created_at,publishing_day_id,updated_at,webtoon_id) values (?,?,?,?)
Hibernate: insert into webtoon_publishing_day (created_at,publishing_day_id,updated_at,webtoon_id) values (?,?,?,?)
THURSDAY
2024-03-29T20:01:59.120+09:00 DEBUG 26924 --- [    Test worker] org.hibernate.SQL                        : select pd1_0.publishing_day_id,pd1_0.created_at,pd1_0.day,pd1_0.updated_at from publishing_day pd1_0 where pd1_0.day=?
Hibernate: select pd1_0.publishing_day_id,pd1_0.created_at,pd1_0.day,pd1_0.updated_at from publishing_day pd1_0 where pd1_0.day=?
PublishingDay{publishingDayId=4, createdAt=2024-03-29T19:55:41.069514, updatedAt=2024-03-29T19:55:41.069514, day='THURSDAY'}
2024-03-29T20:01:59.122+09:00 DEBUG 26924 --- [    Test worker] org.hibernate.SQL                        : insert into webtoon (created_at,description,no_youth,publication_status,thumbnail,title,updated_at) values (?,?,?,?,?,?,?)
Hibernate: insert into webtoon (created_at,description,no_youth,publication_status,thumbnail,title,updated_at) values (?,?,?,?,?,?,?)
2024-03-29T20:01:59.127+09:00 DEBUG 26924 --- [    Test worker] org.hibernate.SQL                        : insert into webtoon_publishing_day (created_at,publishing_day_id,updated_at,webtoon_id) values (?,?,?,?)
Hibernate: insert into webtoon_publishing_day (created_at,publishing_day_id,updated_at,webtoon_id) values (?,?,?,?)
THURSDAY
2024-03-29T20:01:59.132+09:00 DEBUG 26924 --- [    Test worker] org.hibernate.SQL                        : select pd1_0.publishing_day_id,pd1_0.created_at,pd1_0.day,pd1_0.updated_at from publishing_day pd1_0 where pd1_0.day=?
Hibernate: select pd1_0.publishing_day_id,pd1_0.created_at,pd1_0.day,pd1_0.updated_at from publishing_day pd1_0 where pd1_0.day=?
PublishingDay{publishingDayId=4, createdAt=2024-03-29T19:55:41.069514, updatedAt=2024-03-29T19:55:41.069514, day='THURSDAY'}
2024-03-29T20:01:59.134+09:00 DEBUG 26924 --- [    Test worker] org.hibernate.SQL                        : insert into webtoon (created_at,description,no_youth,publication_status,thumbnail,title,updated_at) values (?,?,?,?,?,?,?)
Hibernate: insert into webtoon (created_at,description,no_youth,publication_status,thumbnail,title,updated_at) values (?,?,?,?,?,?,?)
2024-03-29T20:01:59.138+09:00 DEBUG 26924 --- [    Test worker] org.hibernate.SQL                        : insert into webtoon_publishing_day (created_at,publishing_day_id,updated_at,webtoon_id) values (?,?,?,?)
Hibernate: insert into webtoon_publishing_day (created_at,publishing_day_id,updated_at,webtoon_id) values (?,?,?,?)
THURSDAY
2024-03-29T20:01:59.144+09:00 DEBUG 26924 --- [    Test worker] org.hibernate.SQL                        : select pd1_0.publishing_day_id,pd1_0.created_at,pd1_0.day,pd1_0.updated_at from publishing_day pd1_0 where pd1_0.day=?
Hibernate: select pd1_0.publishing_day_id,pd1_0.created_at,pd1_0.day,pd1_0.updated_at from publishing_day pd1_0 where pd1_0.day=?
PublishingDay{publishingDayId=4, createdAt=2024-03-29T19:55:41.069514, updatedAt=2024-03-29T19:55:41.069514, day='THURSDAY'}
2024-03-29T20:01:59.146+09:00 DEBUG 26924 --- [    Test worker] org.hibernate.SQL                        : insert into webtoon (created_at,description,no_youth,publication_status,thumbnail,title,updated_at) values (?,?,?,?,?,?,?)
Hibernate: insert into webtoon (created_at,description,no_youth,publication_status,thumbnail,title,updated_at) values (?,?,?,?,?,?,?)
2024-03-29T20:01:59.150+09:00 DEBUG 26924 --- [    Test worker] org.hibernate.SQL                        : insert into webtoon_publishing_day (created_at,publishing_day_id,updated_at,webtoon_id) values (?,?,?,?)
Hibernate: insert into webtoon_publishing_day (created_at,publishing_day_id,updated_at,webtoon_id) values (?,?,?,?)
THURSDAY
2024-03-29T20:01:59.155+09:00 DEBUG 26924 --- [    Test worker] org.hibernate.SQL                        : select pd1_0.publishing_day_id,pd1_0.created_at,pd1_0.day,pd1_0.updated_at from publishing_day pd1_0 where pd1_0.day=?
Hibernate: select pd1_0.publishing_day_id,pd1_0.created_at,pd1_0.day,pd1_0.updated_at from publishing_day pd1_0 where pd1_0.day=?
PublishingDay{publishingDayId=4, createdAt=2024-03-29T19:55:41.069514, updatedAt=2024-03-29T19:55:41.069514, day='THURSDAY'}
2024-03-29T20:01:59.159+09:00 DEBUG 26924 --- [    Test worker] org.hibernate.SQL                        : insert into webtoon (created_at,description,no_youth,publication_status,thumbnail,title,updated_at) values (?,?,?,?,?,?,?)
Hibernate: insert into webtoon (created_at,description,no_youth,publication_status,thumbnail,title,updated_at) values (?,?,?,?,?,?,?)
2024-03-29T20:01:59.164+09:00 DEBUG 26924 --- [    Test worker] org.hibernate.SQL                        : insert into webtoon_publishing_day (created_at,publishing_day_id,updated_at,webtoon_id) values (?,?,?,?)
Hibernate: insert into webtoon_publishing_day (created_at,publishing_day_id,updated_at,webtoon_id) values (?,?,?,?)
THURSDAY
2024-03-29T20:01:59.169+09:00 DEBUG 26924 --- [    Test worker] org.hibernate.SQL                        : select pd1_0.publishing_day_id,pd1_0.created_at,pd1_0.day,pd1_0.updated_at from publishing_day pd1_0 where pd1_0.day=?
Hibernate: select pd1_0.publishing_day_id,pd1_0.created_at,pd1_0.day,pd1_0.updated_at from publishing_day pd1_0 where pd1_0.day=?
PublishingDay{publishingDayId=4, createdAt=2024-03-29T19:55:41.069514, updatedAt=2024-03-29T19:55:41.069514, day='THURSDAY'}
2024-03-29T20:01:59.170+09:00 DEBUG 26924 --- [    Test worker] org.hibernate.SQL                        : insert into webtoon (created_at,description,no_youth,publication_status,thumbnail,title,updated_at) values (?,?,?,?,?,?,?)
Hibernate: insert into webtoon (created_at,description,no_youth,publication_status,thumbnail,title,updated_at) values (?,?,?,?,?,?,?)
2024-03-29T20:01:59.176+09:00 DEBUG 26924 --- [    Test worker] org.hibernate.SQL                        : insert into webtoon_publishing_day (created_at,publishing_day_id,updated_at,webtoon_id) values (?,?,?,?)
Hibernate: insert into webtoon_publishing_day (created_at,publishing_day_id,updated_at,webtoon_id) values (?,?,?,?)
THURSDAY
2024-03-29T20:01:59.182+09:00 DEBUG 26924 --- [    Test worker] org.hibernate.SQL                        : select pd1_0.publishing_day_id,pd1_0.created_at,pd1_0.day,pd1_0.updated_at from publishing_day pd1_0 where pd1_0.day=?
Hibernate: select pd1_0.publishing_day_id,pd1_0.created_at,pd1_0.day,pd1_0.updated_at from publishing_day pd1_0 where pd1_0.day=?
PublishingDay{publishingDayId=4, createdAt=2024-03-29T19:55:41.069514, updatedAt=2024-03-29T19:55:41.069514, day='THURSDAY'}
2024-03-29T20:01:59.185+09:00 DEBUG 26924 --- [    Test worker] org.hibernate.SQL                        : insert into webtoon (created_at,description,no_youth,publication_status,thumbnail,title,updated_at) values (?,?,?,?,?,?,?)
Hibernate: insert into webtoon (created_at,description,no_youth,publication_status,thumbnail,title,updated_at) values (?,?,?,?,?,?,?)
2024-03-29T20:01:59.190+09:00 DEBUG 26924 --- [    Test worker] org.hibernate.SQL                        : insert into webtoon_publishing_day (created_at,publishing_day_id,updated_at,webtoon_id) values (?,?,?,?)
Hibernate: insert into webtoon_publishing_day (created_at,publishing_day_id,updated_at,webtoon_id) values (?,?,?,?)
THURSDAY
2024-03-29T20:01:59.197+09:00 DEBUG 26924 --- [    Test worker] org.hibernate.SQL                        : select pd1_0.publishing_day_id,pd1_0.created_at,pd1_0.day,pd1_0.updated_at from publishing_day pd1_0 where pd1_0.day=?
Hibernate: select pd1_0.publishing_day_id,pd1_0.created_at,pd1_0.day,pd1_0.updated_at from publishing_day pd1_0 where pd1_0.day=?
PublishingDay{publishingDayId=4, createdAt=2024-03-29T19:55:41.069514, updatedAt=2024-03-29T19:55:41.069514, day='THURSDAY'}
2024-03-29T20:01:59.199+09:00 DEBUG 26924 --- [    Test worker] org.hibernate.SQL                        : insert into webtoon (created_at,description,no_youth,publication_status,thumbnail,title,updated_at) values (?,?,?,?,?,?,?)
Hibernate: insert into webtoon (created_at,description,no_youth,publication_status,thumbnail,title,updated_at) values (?,?,?,?,?,?,?)
2024-03-29T20:01:59.204+09:00 DEBUG 26924 --- [    Test worker] org.hibernate.SQL                        : insert into webtoon_publishing_day (created_at,publishing_day_id,updated_at,webtoon_id) values (?,?,?,?)
Hibernate: insert into webtoon_publishing_day (created_at,publishing_day_id,updated_at,webtoon_id) values (?,?,?,?)
THURSDAY
2024-03-29T20:01:59.210+09:00 DEBUG 26924 --- [    Test worker] org.hibernate.SQL                        : select pd1_0.publishing_day_id,pd1_0.created_at,pd1_0.day,pd1_0.updated_at from publishing_day pd1_0 where pd1_0.day=?
Hibernate: select pd1_0.publishing_day_id,pd1_0.created_at,pd1_0.day,pd1_0.updated_at from publishing_day pd1_0 where pd1_0.day=?
PublishingDay{publishingDayId=4, createdAt=2024-03-29T19:55:41.069514, updatedAt=2024-03-29T19:55:41.069514, day='THURSDAY'}
2024-03-29T20:01:59.212+09:00 DEBUG 26924 --- [    Test worker] org.hibernate.SQL                        : insert into webtoon (created_at,description,no_youth,publication_status,thumbnail,title,updated_at) values (?,?,?,?,?,?,?)
Hibernate: insert into webtoon (created_at,description,no_youth,publication_status,thumbnail,title,updated_at) values (?,?,?,?,?,?,?)
2024-03-29T20:01:59.217+09:00 DEBUG 26924 --- [    Test worker] org.hibernate.SQL                        : insert into webtoon_publishing_day (created_at,publishing_day_id,updated_at,webtoon_id) values (?,?,?,?)
Hibernate: insert into webtoon_publishing_day (created_at,publishing_day_id,updated_at,webtoon_id) values (?,?,?,?)
THURSDAY
2024-03-29T20:01:59.222+09:00 DEBUG 26924 --- [    Test worker] org.hibernate.SQL                        : select pd1_0.publishing_day_id,pd1_0.created_at,pd1_0.day,pd1_0.updated_at from publishing_day pd1_0 where pd1_0.day=?
Hibernate: select pd1_0.publishing_day_id,pd1_0.created_at,pd1_0.day,pd1_0.updated_at from publishing_day pd1_0 where pd1_0.day=?
PublishingDay{publishingDayId=4, createdAt=2024-03-29T19:55:41.069514, updatedAt=2024-03-29T19:55:41.069514, day='THURSDAY'}
2024-03-29T20:01:59.226+09:00 DEBUG 26924 --- [    Test worker] org.hibernate.SQL                        : insert into webtoon (created_at,description,no_youth,publication_status,thumbnail,title,updated_at) values (?,?,?,?,?,?,?)
Hibernate: insert into webtoon (created_at,description,no_youth,publication_status,thumbnail,title,updated_at) values (?,?,?,?,?,?,?)
2024-03-29T20:01:59.231+09:00 DEBUG 26924 --- [    Test worker] org.hibernate.SQL                        : insert into webtoon_publishing_day (created_at,publishing_day_id,updated_at,webtoon_id) values (?,?,?,?)
Hibernate: insert into webtoon_publishing_day (created_at,publishing_day_id,updated_at,webtoon_id) values (?,?,?,?)
THURSDAY
2024-03-29T20:01:59.237+09:00 DEBUG 26924 --- [    Test worker] org.hibernate.SQL                        : select pd1_0.publishing_day_id,pd1_0.created_at,pd1_0.day,pd1_0.updated_at from publishing_day pd1_0 where pd1_0.day=?
Hibernate: select pd1_0.publishing_day_id,pd1_0.created_at,pd1_0.day,pd1_0.updated_at from publishing_day pd1_0 where pd1_0.day=?
PublishingDay{publishingDayId=4, createdAt=2024-03-29T19:55:41.069514, updatedAt=2024-03-29T19:55:41.069514, day='THURSDAY'}
2024-03-29T20:01:59.239+09:00 DEBUG 26924 --- [    Test worker] org.hibernate.SQL                        : insert into webtoon (created_at,description,no_youth,publication_status,thumbnail,title,updated_at) values (?,?,?,?,?,?,?)
Hibernate: insert into webtoon (created_at,description,no_youth,publication_status,thumbnail,title,updated_at) values (?,?,?,?,?,?,?)
2024-03-29T20:01:59.245+09:00 DEBUG 26924 --- [    Test worker] org.hibernate.SQL                        : insert into webtoon_publishing_day (created_at,publishing_day_id,updated_at,webtoon_id) values (?,?,?,?)
Hibernate: insert into webtoon_publishing_day (created_at,publishing_day_id,updated_at,webtoon_id) values (?,?,?,?)
THURSDAY
2024-03-29T20:01:59.252+09:00 DEBUG 26924 --- [    Test worker] org.hibernate.SQL                        : select pd1_0.publishing_day_id,pd1_0.created_at,pd1_0.day,pd1_0.updated_at from publishing_day pd1_0 where pd1_0.day=?
Hibernate: select pd1_0.publishing_day_id,pd1_0.created_at,pd1_0.day,pd1_0.updated_at from publishing_day pd1_0 where pd1_0.day=?
PublishingDay{publishingDayId=4, createdAt=2024-03-29T19:55:41.069514, updatedAt=2024-03-29T19:55:41.069514, day='THURSDAY'}
2024-03-29T20:01:59.254+09:00 DEBUG 26924 --- [    Test worker] org.hibernate.SQL                        : insert into webtoon (created_at,description,no_youth,publication_status,thumbnail,title,updated_at) values (?,?,?,?,?,?,?)
Hibernate: insert into webtoon (created_at,description,no_youth,publication_status,thumbnail,title,updated_at) values (?,?,?,?,?,?,?)
2024-03-29T20:01:59.260+09:00 DEBUG 26924 --- [    Test worker] org.hibernate.SQL                        : insert into webtoon_publishing_day (created_at,publishing_day_id,updated_at,webtoon_id) values (?,?,?,?)
Hibernate: insert into webtoon_publishing_day (created_at,publishing_day_id,updated_at,webtoon_id) values (?,?,?,?)
THURSDAY
2024-03-29T20:01:59.265+09:00 DEBUG 26924 --- [    Test worker] org.hibernate.SQL                        : select pd1_0.publishing_day_id,pd1_0.created_at,pd1_0.day,pd1_0.updated_at from publishing_day pd1_0 where pd1_0.day=?
Hibernate: select pd1_0.publishing_day_id,pd1_0.created_at,pd1_0.day,pd1_0.updated_at from publishing_day pd1_0 where pd1_0.day=?
PublishingDay{publishingDayId=4, createdAt=2024-03-29T19:55:41.069514, updatedAt=2024-03-29T19:55:41.069514, day='THURSDAY'}
2024-03-29T20:01:59.266+09:00 DEBUG 26924 --- [    Test worker] org.hibernate.SQL                        : insert into webtoon (created_at,description,no_youth,publication_status,thumbnail,title,updated_at) values (?,?,?,?,?,?,?)
Hibernate: insert into webtoon (created_at,description,no_youth,publication_status,thumbnail,title,updated_at) values (?,?,?,?,?,?,?)
2024-03-29T20:01:59.271+09:00 DEBUG 26924 --- [    Test worker] org.hibernate.SQL                        : insert into webtoon_publishing_day (created_at,publishing_day_id,updated_at,webtoon_id) values (?,?,?,?)
Hibernate: insert into webtoon_publishing_day (created_at,publishing_day_id,updated_at,webtoon_id) values (?,?,?,?)
THURSDAY
2024-03-29T20:01:59.275+09:00 DEBUG 26924 --- [    Test worker] org.hibernate.SQL                        : select pd1_0.publishing_day_id,pd1_0.created_at,pd1_0.day,pd1_0.updated_at from publishing_day pd1_0 where pd1_0.day=?
Hibernate: select pd1_0.publishing_day_id,pd1_0.created_at,pd1_0.day,pd1_0.updated_at from publishing_day pd1_0 where pd1_0.day=?
PublishingDay{publishingDayId=4, createdAt=2024-03-29T19:55:41.069514, updatedAt=2024-03-29T19:55:41.069514, day='THURSDAY'}
2024-03-29T20:01:59.277+09:00 DEBUG 26924 --- [    Test worker] org.hibernate.SQL                        : insert into webtoon (created_at,description,no_youth,publication_status,thumbnail,title,updated_at) values (?,?,?,?,?,?,?)
Hibernate: insert into webtoon (created_at,description,no_youth,publication_status,thumbnail,title,updated_at) values (?,?,?,?,?,?,?)
2024-03-29T20:01:59.282+09:00 DEBUG 26924 --- [    Test worker] org.hibernate.SQL                        : insert into webtoon_publishing_day (created_at,publishing_day_id,updated_at,webtoon_id) values (?,?,?,?)
Hibernate: insert into webtoon_publishing_day (created_at,publishing_day_id,updated_at,webtoon_id) values (?,?,?,?)
THURSDAY
2024-03-29T20:01:59.286+09:00 DEBUG 26924 --- [    Test worker] org.hibernate.SQL                        : select pd1_0.publishing_day_id,pd1_0.created_at,pd1_0.day,pd1_0.updated_at from publishing_day pd1_0 where pd1_0.day=?
Hibernate: select pd1_0.publishing_day_id,pd1_0.created_at,pd1_0.day,pd1_0.updated_at from publishing_day pd1_0 where pd1_0.day=?
PublishingDay{publishingDayId=4, createdAt=2024-03-29T19:55:41.069514, updatedAt=2024-03-29T19:55:41.069514, day='THURSDAY'}
2024-03-29T20:01:59.287+09:00 DEBUG 26924 --- [    Test worker] org.hibernate.SQL                        : insert into webtoon (created_at,description,no_youth,publication_status,thumbnail,title,updated_at) values (?,?,?,?,?,?,?)
Hibernate: insert into webtoon (created_at,description,no_youth,publication_status,thumbnail,title,updated_at) values (?,?,?,?,?,?,?)
2024-03-29T20:01:59.291+09:00 DEBUG 26924 --- [    Test worker] org.hibernate.SQL                        : insert into webtoon_publishing_day (created_at,publishing_day_id,updated_at,webtoon_id) values (?,?,?,?)
Hibernate: insert into webtoon_publishing_day (created_at,publishing_day_id,updated_at,webtoon_id) values (?,?,?,?)
THURSDAY
2024-03-29T20:01:59.295+09:00 DEBUG 26924 --- [    Test worker] org.hibernate.SQL                        : select pd1_0.publishing_day_id,pd1_0.created_at,pd1_0.day,pd1_0.updated_at from publishing_day pd1_0 where pd1_0.day=?
Hibernate: select pd1_0.publishing_day_id,pd1_0.created_at,pd1_0.day,pd1_0.updated_at from publishing_day pd1_0 where pd1_0.day=?
PublishingDay{publishingDayId=4, createdAt=2024-03-29T19:55:41.069514, updatedAt=2024-03-29T19:55:41.069514, day='THURSDAY'}
2024-03-29T20:01:59.297+09:00 DEBUG 26924 --- [    Test worker] org.hibernate.SQL                        : insert into webtoon (created_at,description,no_youth,publication_status,thumbnail,title,updated_at) values (?,?,?,?,?,?,?)
Hibernate: insert into webtoon (created_at,description,no_youth,publication_status,thumbnail,title,updated_at) values (?,?,?,?,?,?,?)
2024-03-29T20:01:59.301+09:00 DEBUG 26924 --- [    Test worker] org.hibernate.SQL                        : insert into webtoon_publishing_day (created_at,publishing_day_id,updated_at,webtoon_id) values (?,?,?,?)
Hibernate: insert into webtoon_publishing_day (created_at,publishing_day_id,updated_at,webtoon_id) values (?,?,?,?)
THURSDAY
2024-03-29T20:01:59.304+09:00 DEBUG 26924 --- [    Test worker] org.hibernate.SQL                        : select pd1_0.publishing_day_id,pd1_0.created_at,pd1_0.day,pd1_0.updated_at from publishing_day pd1_0 where pd1_0.day=?
Hibernate: select pd1_0.publishing_day_id,pd1_0.created_at,pd1_0.day,pd1_0.updated_at from publishing_day pd1_0 where pd1_0.day=?
PublishingDay{publishingDayId=4, createdAt=2024-03-29T19:55:41.069514, updatedAt=2024-03-29T19:55:41.069514, day='THURSDAY'}
2024-03-29T20:01:59.306+09:00 DEBUG 26924 --- [    Test worker] org.hibernate.SQL                        : insert into webtoon (created_at,description,no_youth,publication_status,thumbnail,title,updated_at) values (?,?,?,?,?,?,?)
Hibernate: insert into webtoon (created_at,description,no_youth,publication_status,thumbnail,title,updated_at) values (?,?,?,?,?,?,?)
2024-03-29T20:01:59.310+09:00 DEBUG 26924 --- [    Test worker] org.hibernate.SQL                        : insert into webtoon_publishing_day (created_at,publishing_day_id,updated_at,webtoon_id) values (?,?,?,?)
Hibernate: insert into webtoon_publishing_day (created_at,publishing_day_id,updated_at,webtoon_id) values (?,?,?,?)
THURSDAY
2024-03-29T20:01:59.314+09:00 DEBUG 26924 --- [    Test worker] org.hibernate.SQL                        : select pd1_0.publishing_day_id,pd1_0.created_at,pd1_0.day,pd1_0.updated_at from publishing_day pd1_0 where pd1_0.day=?
Hibernate: select pd1_0.publishing_day_id,pd1_0.created_at,pd1_0.day,pd1_0.updated_at from publishing_day pd1_0 where pd1_0.day=?
PublishingDay{publishingDayId=4, createdAt=2024-03-29T19:55:41.069514, updatedAt=2024-03-29T19:55:41.069514, day='THURSDAY'}
2024-03-29T20:01:59.316+09:00 DEBUG 26924 --- [    Test worker] org.hibernate.SQL                        : insert into webtoon (created_at,description,no_youth,publication_status,thumbnail,title,updated_at) values (?,?,?,?,?,?,?)
Hibernate: insert into webtoon (created_at,description,no_youth,publication_status,thumbnail,title,updated_at) values (?,?,?,?,?,?,?)
2024-03-29T20:01:59.320+09:00 DEBUG 26924 --- [    Test worker] org.hibernate.SQL                        : insert into webtoon_publishing_day (created_at,publishing_day_id,updated_at,webtoon_id) values (?,?,?,?)
Hibernate: insert into webtoon_publishing_day (created_at,publishing_day_id,updated_at,webtoon_id) values (?,?,?,?)
THURSDAY
2024-03-29T20:01:59.324+09:00 DEBUG 26924 --- [    Test worker] org.hibernate.SQL                        : select pd1_0.publishing_day_id,pd1_0.created_at,pd1_0.day,pd1_0.updated_at from publishing_day pd1_0 where pd1_0.day=?
Hibernate: select pd1_0.publishing_day_id,pd1_0.created_at,pd1_0.day,pd1_0.updated_at from publishing_day pd1_0 where pd1_0.day=?
PublishingDay{publishingDayId=4, createdAt=2024-03-29T19:55:41.069514, updatedAt=2024-03-29T19:55:41.069514, day='THURSDAY'}
2024-03-29T20:01:59.327+09:00 DEBUG 26924 --- [    Test worker] org.hibernate.SQL                        : insert into webtoon (created_at,description,no_youth,publication_status,thumbnail,title,updated_at) values (?,?,?,?,?,?,?)
Hibernate: insert into webtoon (created_at,description,no_youth,publication_status,thumbnail,title,updated_at) values (?,?,?,?,?,?,?)
2024-03-29T20:01:59.330+09:00 DEBUG 26924 --- [    Test worker] org.hibernate.SQL                        : insert into webtoon_publishing_day (created_at,publishing_day_id,updated_at,webtoon_id) values (?,?,?,?)
Hibernate: insert into webtoon_publishing_day (created_at,publishing_day_id,updated_at,webtoon_id) values (?,?,?,?)
THURSDAY
2024-03-29T20:01:59.335+09:00 DEBUG 26924 --- [    Test worker] org.hibernate.SQL                        : select pd1_0.publishing_day_id,pd1_0.created_at,pd1_0.day,pd1_0.updated_at from publishing_day pd1_0 where pd1_0.day=?
Hibernate: select pd1_0.publishing_day_id,pd1_0.created_at,pd1_0.day,pd1_0.updated_at from publishing_day pd1_0 where pd1_0.day=?
PublishingDay{publishingDayId=4, createdAt=2024-03-29T19:55:41.069514, updatedAt=2024-03-29T19:55:41.069514, day='THURSDAY'}
2024-03-29T20:01:59.336+09:00 DEBUG 26924 --- [    Test worker] org.hibernate.SQL                        : insert into webtoon (created_at,description,no_youth,publication_status,thumbnail,title,updated_at) values (?,?,?,?,?,?,?)
Hibernate: insert into webtoon (created_at,description,no_youth,publication_status,thumbnail,title,updated_at) values (?,?,?,?,?,?,?)
2024-03-29T20:01:59.340+09:00 DEBUG 26924 --- [    Test worker] org.hibernate.SQL                        : insert into webtoon_publishing_day (created_at,publishing_day_id,updated_at,webtoon_id) values (?,?,?,?)
Hibernate: insert into webtoon_publishing_day (created_at,publishing_day_id,updated_at,webtoon_id) values (?,?,?,?)
THURSDAY
2024-03-29T20:01:59.344+09:00 DEBUG 26924 --- [    Test worker] org.hibernate.SQL                        : select pd1_0.publishing_day_id,pd1_0.created_at,pd1_0.day,pd1_0.updated_at from publishing_day pd1_0 where pd1_0.day=?
Hibernate: select pd1_0.publishing_day_id,pd1_0.created_at,pd1_0.day,pd1_0.updated_at from publishing_day pd1_0 where pd1_0.day=?
PublishingDay{publishingDayId=4, createdAt=2024-03-29T19:55:41.069514, updatedAt=2024-03-29T19:55:41.069514, day='THURSDAY'}
2024-03-29T20:01:59.346+09:00 DEBUG 26924 --- [    Test worker] org.hibernate.SQL                        : insert into webtoon (created_at,description,no_youth,publication_status,thumbnail,title,updated_at) values (?,?,?,?,?,?,?)
Hibernate: insert into webtoon (created_at,description,no_youth,publication_status,thumbnail,title,updated_at) values (?,?,?,?,?,?,?)
2024-03-29T20:01:59.351+09:00 DEBUG 26924 --- [    Test worker] org.hibernate.SQL                        : insert into webtoon_publishing_day (created_at,publishing_day_id,updated_at,webtoon_id) values (?,?,?,?)
Hibernate: insert into webtoon_publishing_day (created_at,publishing_day_id,updated_at,webtoon_id) values (?,?,?,?)
THURSDAY
2024-03-29T20:01:59.356+09:00 DEBUG 26924 --- [    Test worker] org.hibernate.SQL                        : select pd1_0.publishing_day_id,pd1_0.created_at,pd1_0.day,pd1_0.updated_at from publishing_day pd1_0 where pd1_0.day=?
Hibernate: select pd1_0.publishing_day_id,pd1_0.created_at,pd1_0.day,pd1_0.updated_at from publishing_day pd1_0 where pd1_0.day=?
PublishingDay{publishingDayId=4, createdAt=2024-03-29T19:55:41.069514, updatedAt=2024-03-29T19:55:41.069514, day='THURSDAY'}
2024-03-29T20:01:59.359+09:00 DEBUG 26924 --- [    Test worker] org.hibernate.SQL                        : insert into webtoon (created_at,description,no_youth,publication_status,thumbnail,title,updated_at) values (?,?,?,?,?,?,?)
Hibernate: insert into webtoon (created_at,description,no_youth,publication_status,thumbnail,title,updated_at) values (?,?,?,?,?,?,?)
2024-03-29T20:01:59.364+09:00 DEBUG 26924 --- [    Test worker] org.hibernate.SQL                        : insert into webtoon_publishing_day (created_at,publishing_day_id,updated_at,webtoon_id) values (?,?,?,?)
Hibernate: insert into webtoon_publishing_day (created_at,publishing_day_id,updated_at,webtoon_id) values (?,?,?,?)
THURSDAY
2024-03-29T20:01:59.370+09:00 DEBUG 26924 --- [    Test worker] org.hibernate.SQL                        : select pd1_0.publishing_day_id,pd1_0.created_at,pd1_0.day,pd1_0.updated_at from publishing_day pd1_0 where pd1_0.day=?
Hibernate: select pd1_0.publishing_day_id,pd1_0.created_at,pd1_0.day,pd1_0.updated_at from publishing_day pd1_0 where pd1_0.day=?
PublishingDay{publishingDayId=4, createdAt=2024-03-29T19:55:41.069514, updatedAt=2024-03-29T19:55:41.069514, day='THURSDAY'}
2024-03-29T20:01:59.372+09:00 DEBUG 26924 --- [    Test worker] org.hibernate.SQL                        : insert into webtoon (created_at,description,no_youth,publication_status,thumbnail,title,updated_at) values (?,?,?,?,?,?,?)
Hibernate: insert into webtoon (created_at,description,no_youth,publication_status,thumbnail,title,updated_at) values (?,?,?,?,?,?,?)
2024-03-29T20:01:59.378+09:00 DEBUG 26924 --- [    Test worker] org.hibernate.SQL                        : insert into webtoon_publishing_day (created_at,publishing_day_id,updated_at,webtoon_id) values (?,?,?,?)
Hibernate: insert into webtoon_publishing_day (created_at,publishing_day_id,updated_at,webtoon_id) values (?,?,?,?)
THURSDAY
2024-03-29T20:01:59.383+09:00 DEBUG 26924 --- [    Test worker] org.hibernate.SQL                        : select pd1_0.publishing_day_id,pd1_0.created_at,pd1_0.day,pd1_0.updated_at from publishing_day pd1_0 where pd1_0.day=?
Hibernate: select pd1_0.publishing_day_id,pd1_0.created_at,pd1_0.day,pd1_0.updated_at from publishing_day pd1_0 where pd1_0.day=?
PublishingDay{publishingDayId=4, createdAt=2024-03-29T19:55:41.069514, updatedAt=2024-03-29T19:55:41.069514, day='THURSDAY'}
2024-03-29T20:01:59.386+09:00 DEBUG 26924 --- [    Test worker] org.hibernate.SQL                        : insert into webtoon (created_at,description,no_youth,publication_status,thumbnail,title,updated_at) values (?,?,?,?,?,?,?)
Hibernate: insert into webtoon (created_at,description,no_youth,publication_status,thumbnail,title,updated_at) values (?,?,?,?,?,?,?)
2024-03-29T20:01:59.392+09:00 DEBUG 26924 --- [    Test worker] org.hibernate.SQL                        : insert into webtoon_publishing_day (created_at,publishing_day_id,updated_at,webtoon_id) values (?,?,?,?)
Hibernate: insert into webtoon_publishing_day (created_at,publishing_day_id,updated_at,webtoon_id) values (?,?,?,?)
THURSDAY
2024-03-29T20:01:59.398+09:00 DEBUG 26924 --- [    Test worker] org.hibernate.SQL                        : select pd1_0.publishing_day_id,pd1_0.created_at,pd1_0.day,pd1_0.updated_at from publishing_day pd1_0 where pd1_0.day=?
Hibernate: select pd1_0.publishing_day_id,pd1_0.created_at,pd1_0.day,pd1_0.updated_at from publishing_day pd1_0 where pd1_0.day=?
PublishingDay{publishingDayId=4, createdAt=2024-03-29T19:55:41.069514, updatedAt=2024-03-29T19:55:41.069514, day='THURSDAY'}
2024-03-29T20:01:59.401+09:00 DEBUG 26924 --- [    Test worker] org.hibernate.SQL                        : insert into webtoon (created_at,description,no_youth,publication_status,thumbnail,title,updated_at) values (?,?,?,?,?,?,?)
Hibernate: insert into webtoon (created_at,description,no_youth,publication_status,thumbnail,title,updated_at) values (?,?,?,?,?,?,?)
2024-03-29T20:01:59.406+09:00 DEBUG 26924 --- [    Test worker] org.hibernate.SQL                        : insert into webtoon_publishing_day (created_at,publishing_day_id,updated_at,webtoon_id) values (?,?,?,?)
Hibernate: insert into webtoon_publishing_day (created_at,publishing_day_id,updated_at,webtoon_id) values (?,?,?,?)
FALSE
2024-03-29T20:01:59.411+09:00 DEBUG 26924 --- [    Test worker] org.hibernate.SQL                        : select pd1_0.publishing_day_id,pd1_0.created_at,pd1_0.day,pd1_0.updated_at from publishing_day pd1_0 where pd1_0.day=?
Hibernate: select pd1_0.publishing_day_id,pd1_0.created_at,pd1_0.day,pd1_0.updated_at from publishing_day pd1_0 where pd1_0.day=?
null
2024-03-29T20:01:59.413+09:00 DEBUG 26924 --- [    Test worker] org.hibernate.SQL                        : insert into webtoon (created_at,description,no_youth,publication_status,thumbnail,title,updated_at) values (?,?,?,?,?,?,?)
Hibernate: insert into webtoon (created_at,description,no_youth,publication_status,thumbnail,title,updated_at) values (?,?,?,?,?,?,?)
2024-03-29T20:01:59.420+09:00 DEBUG 26924 --- [    Test worker] org.hibernate.SQL                        : insert into webtoon_publishing_day (created_at,publishing_day_id,updated_at,webtoon_id) values (?,?,?,?)
Hibernate: insert into webtoon_publishing_day (created_at,publishing_day_id,updated_at,webtoon_id) values (?,?,?,?)
THURSDAY
2024-03-29T20:01:59.425+09:00 DEBUG 26924 --- [    Test worker] org.hibernate.SQL                        : select pd1_0.publishing_day_id,pd1_0.created_at,pd1_0.day,pd1_0.updated_at from publishing_day pd1_0 where pd1_0.day=?
Hibernate: select pd1_0.publishing_day_id,pd1_0.created_at,pd1_0.day,pd1_0.updated_at from publishing_day pd1_0 where pd1_0.day=?
PublishingDay{publishingDayId=4, createdAt=2024-03-29T19:55:41.069514, updatedAt=2024-03-29T19:55:41.069514, day='THURSDAY'}
2024-03-29T20:01:59.428+09:00 DEBUG 26924 --- [    Test worker] org.hibernate.SQL                        : insert into webtoon (created_at,description,no_youth,publication_status,thumbnail,title,updated_at) values (?,?,?,?,?,?,?)
Hibernate: insert into webtoon (created_at,description,no_youth,publication_status,thumbnail,title,updated_at) values (?,?,?,?,?,?,?)
2024-03-29T20:01:59.432+09:00 DEBUG 26924 --- [    Test worker] org.hibernate.SQL                        : insert into webtoon_publishing_day (created_at,publishing_day_id,updated_at,webtoon_id) values (?,?,?,?)
Hibernate: insert into webtoon_publishing_day (created_at,publishing_day_id,updated_at,webtoon_id) values (?,?,?,?)
THURSDAY
2024-03-29T20:01:59.437+09:00 DEBUG 26924 --- [    Test worker] org.hibernate.SQL                        : select pd1_0.publishing_day_id,pd1_0.created_at,pd1_0.day,pd1_0.updated_at from publishing_day pd1_0 where pd1_0.day=?
Hibernate: select pd1_0.publishing_day_id,pd1_0.created_at,pd1_0.day,pd1_0.updated_at from publishing_day pd1_0 where pd1_0.day=?
PublishingDay{publishingDayId=4, createdAt=2024-03-29T19:55:41.069514, updatedAt=2024-03-29T19:55:41.069514, day='THURSDAY'}
2024-03-29T20:01:59.441+09:00 DEBUG 26924 --- [    Test worker] org.hibernate.SQL                        : insert into webtoon (created_at,description,no_youth,publication_status,thumbnail,title,updated_at) values (?,?,?,?,?,?,?)
Hibernate: insert into webtoon (created_at,description,no_youth,publication_status,thumbnail,title,updated_at) values (?,?,?,?,?,?,?)
2024-03-29T20:01:59.447+09:00 DEBUG 26924 --- [    Test worker] org.hibernate.SQL                        : insert into webtoon_publishing_day (created_at,publishing_day_id,updated_at,webtoon_id) values (?,?,?,?)
Hibernate: insert into webtoon_publishing_day (created_at,publishing_day_id,updated_at,webtoon_id) values (?,?,?,?)
THURSDAY
2024-03-29T20:01:59.452+09:00 DEBUG 26924 --- [    Test worker] org.hibernate.SQL                        : select pd1_0.publishing_day_id,pd1_0.created_at,pd1_0.day,pd1_0.updated_at from publishing_day pd1_0 where pd1_0.day=?
Hibernate: select pd1_0.publishing_day_id,pd1_0.created_at,pd1_0.day,pd1_0.updated_at from publishing_day pd1_0 where pd1_0.day=?
PublishingDay{publishingDayId=4, createdAt=2024-03-29T19:55:41.069514, updatedAt=2024-03-29T19:55:41.069514, day='THURSDAY'}
2024-03-29T20:01:59.456+09:00 DEBUG 26924 --- [    Test worker] org.hibernate.SQL                        : insert into webtoon (created_at,description,no_youth,publication_status,thumbnail,title,updated_at) values (?,?,?,?,?,?,?)
Hibernate: insert into webtoon (created_at,description,no_youth,publication_status,thumbnail,title,updated_at) values (?,?,?,?,?,?,?)
2024-03-29T20:01:59.462+09:00 DEBUG 26924 --- [    Test worker] org.hibernate.SQL                        : insert into webtoon_publishing_day (created_at,publishing_day_id,updated_at,webtoon_id) values (?,?,?,?)
Hibernate: insert into webtoon_publishing_day (created_at,publishing_day_id,updated_at,webtoon_id) values (?,?,?,?)
THURSDAY
2024-03-29T20:01:59.467+09:00 DEBUG 26924 --- [    Test worker] org.hibernate.SQL                        : select pd1_0.publishing_day_id,pd1_0.created_at,pd1_0.day,pd1_0.updated_at from publishing_day pd1_0 where pd1_0.day=?
Hibernate: select pd1_0.publishing_day_id,pd1_0.created_at,pd1_0.day,pd1_0.updated_at from publishing_day pd1_0 where pd1_0.day=?
PublishingDay{publishingDayId=4, createdAt=2024-03-29T19:55:41.069514, updatedAt=2024-03-29T19:55:41.069514, day='THURSDAY'}
2024-03-29T20:01:59.470+09:00 DEBUG 26924 --- [    Test worker] org.hibernate.SQL                        : insert into webtoon (created_at,description,no_youth,publication_status,thumbnail,title,updated_at) values (?,?,?,?,?,?,?)
Hibernate: insert into webtoon (created_at,description,no_youth,publication_status,thumbnail,title,updated_at) values (?,?,?,?,?,?,?)
2024-03-29T20:01:59.473+09:00 DEBUG 26924 --- [    Test worker] org.hibernate.SQL                        : insert into webtoon_publishing_day (created_at,publishing_day_id,updated_at,webtoon_id) values (?,?,?,?)
Hibernate: insert into webtoon_publishing_day (created_at,publishing_day_id,updated_at,webtoon_id) values (?,?,?,?)
THURSDAY
2024-03-29T20:01:59.479+09:00 DEBUG 26924 --- [    Test worker] org.hibernate.SQL                        : select pd1_0.publishing_day_id,pd1_0.created_at,pd1_0.day,pd1_0.updated_at from publishing_day pd1_0 where pd1_0.day=?
Hibernate: select pd1_0.publishing_day_id,pd1_0.created_at,pd1_0.day,pd1_0.updated_at from publishing_day pd1_0 where pd1_0.day=?
PublishingDay{publishingDayId=4, createdAt=2024-03-29T19:55:41.069514, updatedAt=2024-03-29T19:55:41.069514, day='THURSDAY'}
2024-03-29T20:01:59.480+09:00 DEBUG 26924 --- [    Test worker] org.hibernate.SQL                        : insert into webtoon (created_at,description,no_youth,publication_status,thumbnail,title,updated_at) values (?,?,?,?,?,?,?)
Hibernate: insert into webtoon (created_at,description,no_youth,publication_status,thumbnail,title,updated_at) values (?,?,?,?,?,?,?)
2024-03-29T20:01:59.485+09:00 DEBUG 26924 --- [    Test worker] org.hibernate.SQL                        : insert into webtoon_publishing_day (created_at,publishing_day_id,updated_at,webtoon_id) values (?,?,?,?)
Hibernate: insert into webtoon_publishing_day (created_at,publishing_day_id,updated_at,webtoon_id) values (?,?,?,?)
FALSE
2024-03-29T20:01:59.490+09:00 DEBUG 26924 --- [    Test worker] org.hibernate.SQL                        : select pd1_0.publishing_day_id,pd1_0.created_at,pd1_0.day,pd1_0.updated_at from publishing_day pd1_0 where pd1_0.day=?
Hibernate: select pd1_0.publishing_day_id,pd1_0.created_at,pd1_0.day,pd1_0.updated_at from publishing_day pd1_0 where pd1_0.day=?
null
2024-03-29T20:01:59.492+09:00 DEBUG 26924 --- [    Test worker] org.hibernate.SQL                        : insert into webtoon (created_at,description,no_youth,publication_status,thumbnail,title,updated_at) values (?,?,?,?,?,?,?)
Hibernate: insert into webtoon (created_at,description,no_youth,publication_status,thumbnail,title,updated_at) values (?,?,?,?,?,?,?)
2024-03-29T20:01:59.495+09:00 DEBUG 26924 --- [    Test worker] org.hibernate.SQL                        : insert into webtoon_publishing_day (created_at,publishing_day_id,updated_at,webtoon_id) values (?,?,?,?)
Hibernate: insert into webtoon_publishing_day (created_at,publishing_day_id,updated_at,webtoon_id) values (?,?,?,?)
THURSDAY
2024-03-29T20:01:59.500+09:00 DEBUG 26924 --- [    Test worker] org.hibernate.SQL                        : select pd1_0.publishing_day_id,pd1_0.created_at,pd1_0.day,pd1_0.updated_at from publishing_day pd1_0 where pd1_0.day=?
Hibernate: select pd1_0.publishing_day_id,pd1_0.created_at,pd1_0.day,pd1_0.updated_at from publishing_day pd1_0 where pd1_0.day=?
PublishingDay{publishingDayId=4, createdAt=2024-03-29T19:55:41.069514, updatedAt=2024-03-29T19:55:41.069514, day='THURSDAY'}
2024-03-29T20:01:59.501+09:00 DEBUG 26924 --- [    Test worker] org.hibernate.SQL                        : insert into webtoon (created_at,description,no_youth,publication_status,thumbnail,title,updated_at) values (?,?,?,?,?,?,?)
Hibernate: insert into webtoon (created_at,description,no_youth,publication_status,thumbnail,title,updated_at) values (?,?,?,?,?,?,?)
2024-03-29T20:01:59.504+09:00 DEBUG 26924 --- [    Test worker] org.hibernate.SQL                        : insert into webtoon_publishing_day (created_at,publishing_day_id,updated_at,webtoon_id) values (?,?,?,?)
Hibernate: insert into webtoon_publishing_day (created_at,publishing_day_id,updated_at,webtoon_id) values (?,?,?,?)
THURSDAY
2024-03-29T20:01:59.508+09:00 DEBUG 26924 --- [    Test worker] org.hibernate.SQL                        : select pd1_0.publishing_day_id,pd1_0.created_at,pd1_0.day,pd1_0.updated_at from publishing_day pd1_0 where pd1_0.day=?
Hibernate: select pd1_0.publishing_day_id,pd1_0.created_at,pd1_0.day,pd1_0.updated_at from publishing_day pd1_0 where pd1_0.day=?
PublishingDay{publishingDayId=4, createdAt=2024-03-29T19:55:41.069514, updatedAt=2024-03-29T19:55:41.069514, day='THURSDAY'}
2024-03-29T20:01:59.509+09:00 DEBUG 26924 --- [    Test worker] org.hibernate.SQL                        : insert into webtoon (created_at,description,no_youth,publication_status,thumbnail,title,updated_at) values (?,?,?,?,?,?,?)
Hibernate: insert into webtoon (created_at,description,no_youth,publication_status,thumbnail,title,updated_at) values (?,?,?,?,?,?,?)
2024-03-29T20:01:59.513+09:00 DEBUG 26924 --- [    Test worker] org.hibernate.SQL                        : insert into webtoon_publishing_day (created_at,publishing_day_id,updated_at,webtoon_id) values (?,?,?,?)
Hibernate: insert into webtoon_publishing_day (created_at,publishing_day_id,updated_at,webtoon_id) values (?,?,?,?)
THURSDAY
2024-03-29T20:01:59.517+09:00 DEBUG 26924 --- [    Test worker] org.hibernate.SQL                        : select pd1_0.publishing_day_id,pd1_0.created_at,pd1_0.day,pd1_0.updated_at from publishing_day pd1_0 where pd1_0.day=?
Hibernate: select pd1_0.publishing_day_id,pd1_0.created_at,pd1_0.day,pd1_0.updated_at from publishing_day pd1_0 where pd1_0.day=?
PublishingDay{publishingDayId=4, createdAt=2024-03-29T19:55:41.069514, updatedAt=2024-03-29T19:55:41.069514, day='THURSDAY'}
2024-03-29T20:01:59.518+09:00 DEBUG 26924 --- [    Test worker] org.hibernate.SQL                        : insert into webtoon (created_at,description,no_youth,publication_status,thumbnail,title,updated_at) values (?,?,?,?,?,?,?)
Hibernate: insert into webtoon (created_at,description,no_youth,publication_status,thumbnail,title,updated_at) values (?,?,?,?,?,?,?)
2024-03-29T20:01:59.521+09:00 DEBUG 26924 --- [    Test worker] org.hibernate.SQL                        : insert into webtoon_publishing_day (created_at,publishing_day_id,updated_at,webtoon_id) values (?,?,?,?)
Hibernate: insert into webtoon_publishing_day (created_at,publishing_day_id,updated_at,webtoon_id) values (?,?,?,?)
THURSDAY
2024-03-29T20:01:59.524+09:00 DEBUG 26924 --- [    Test worker] org.hibernate.SQL                        : select pd1_0.publishing_day_id,pd1_0.created_at,pd1_0.day,pd1_0.updated_at from publishing_day pd1_0 where pd1_0.day=?
Hibernate: select pd1_0.publishing_day_id,pd1_0.created_at,pd1_0.day,pd1_0.updated_at from publishing_day pd1_0 where pd1_0.day=?
PublishingDay{publishingDayId=4, createdAt=2024-03-29T19:55:41.069514, updatedAt=2024-03-29T19:55:41.069514, day='THURSDAY'}
2024-03-29T20:01:59.526+09:00 DEBUG 26924 --- [    Test worker] org.hibernate.SQL                        : insert into webtoon (created_at,description,no_youth,publication_status,thumbnail,title,updated_at) values (?,?,?,?,?,?,?)
Hibernate: insert into webtoon (created_at,description,no_youth,publication_status,thumbnail,title,updated_at) values (?,?,?,?,?,?,?)
2024-03-29T20:01:59.529+09:00 DEBUG 26924 --- [    Test worker] org.hibernate.SQL                        : insert into webtoon_publishing_day (created_at,publishing_day_id,updated_at,webtoon_id) values (?,?,?,?)
Hibernate: insert into webtoon_publishing_day (created_at,publishing_day_id,updated_at,webtoon_id) values (?,?,?,?)
THURSDAY
2024-03-29T20:01:59.532+09:00 DEBUG 26924 --- [    Test worker] org.hibernate.SQL                        : select pd1_0.publishing_day_id,pd1_0.created_at,pd1_0.day,pd1_0.updated_at from publishing_day pd1_0 where pd1_0.day=?
Hibernate: select pd1_0.publishing_day_id,pd1_0.created_at,pd1_0.day,pd1_0.updated_at from publishing_day pd1_0 where pd1_0.day=?
PublishingDay{publishingDayId=4, createdAt=2024-03-29T19:55:41.069514, updatedAt=2024-03-29T19:55:41.069514, day='THURSDAY'}
2024-03-29T20:01:59.534+09:00 DEBUG 26924 --- [    Test worker] org.hibernate.SQL                        : insert into webtoon (created_at,description,no_youth,publication_status,thumbnail,title,updated_at) values (?,?,?,?,?,?,?)
Hibernate: insert into webtoon (created_at,description,no_youth,publication_status,thumbnail,title,updated_at) values (?,?,?,?,?,?,?)
2024-03-29T20:01:59.537+09:00 DEBUG 26924 --- [    Test worker] org.hibernate.SQL                        : insert into webtoon_publishing_day (created_at,publishing_day_id,updated_at,webtoon_id) values (?,?,?,?)
Hibernate: insert into webtoon_publishing_day (created_at,publishing_day_id,updated_at,webtoon_id) values (?,?,?,?)
THURSDAY
2024-03-29T20:01:59.540+09:00 DEBUG 26924 --- [    Test worker] org.hibernate.SQL                        : select pd1_0.publishing_day_id,pd1_0.created_at,pd1_0.day,pd1_0.updated_at from publishing_day pd1_0 where pd1_0.day=?
Hibernate: select pd1_0.publishing_day_id,pd1_0.created_at,pd1_0.day,pd1_0.updated_at from publishing_day pd1_0 where pd1_0.day=?
PublishingDay{publishingDayId=4, createdAt=2024-03-29T19:55:41.069514, updatedAt=2024-03-29T19:55:41.069514, day='THURSDAY'}
2024-03-29T20:01:59.542+09:00 DEBUG 26924 --- [    Test worker] org.hibernate.SQL                        : insert into webtoon (created_at,description,no_youth,publication_status,thumbnail,title,updated_at) values (?,?,?,?,?,?,?)
Hibernate: insert into webtoon (created_at,description,no_youth,publication_status,thumbnail,title,updated_at) values (?,?,?,?,?,?,?)
2024-03-29T20:01:59.545+09:00 DEBUG 26924 --- [    Test worker] org.hibernate.SQL                        : insert into webtoon_publishing_day (created_at,publishing_day_id,updated_at,webtoon_id) values (?,?,?,?)
Hibernate: insert into webtoon_publishing_day (created_at,publishing_day_id,updated_at,webtoon_id) values (?,?,?,?)
THURSDAY
2024-03-29T20:01:59.549+09:00 DEBUG 26924 --- [    Test worker] org.hibernate.SQL                        : select pd1_0.publishing_day_id,pd1_0.created_at,pd1_0.day,pd1_0.updated_at from publishing_day pd1_0 where pd1_0.day=?
Hibernate: select pd1_0.publishing_day_id,pd1_0.created_at,pd1_0.day,pd1_0.updated_at from publishing_day pd1_0 where pd1_0.day=?
PublishingDay{publishingDayId=4, createdAt=2024-03-29T19:55:41.069514, updatedAt=2024-03-29T19:55:41.069514, day='THURSDAY'}
2024-03-29T20:01:59.550+09:00 DEBUG 26924 --- [    Test worker] org.hibernate.SQL                        : insert into webtoon (created_at,description,no_youth,publication_status,thumbnail,title,updated_at) values (?,?,?,?,?,?,?)
Hibernate: insert into webtoon (created_at,description,no_youth,publication_status,thumbnail,title,updated_at) values (?,?,?,?,?,?,?)
2024-03-29T20:01:59.554+09:00 DEBUG 26924 --- [    Test worker] org.hibernate.SQL                        : insert into webtoon_publishing_day (created_at,publishing_day_id,updated_at,webtoon_id) values (?,?,?,?)
Hibernate: insert into webtoon_publishing_day (created_at,publishing_day_id,updated_at,webtoon_id) values (?,?,?,?)
THURSDAY
2024-03-29T20:01:59.558+09:00 DEBUG 26924 --- [    Test worker] org.hibernate.SQL                        : select pd1_0.publishing_day_id,pd1_0.created_at,pd1_0.day,pd1_0.updated_at from publishing_day pd1_0 where pd1_0.day=?
Hibernate: select pd1_0.publishing_day_id,pd1_0.created_at,pd1_0.day,pd1_0.updated_at from publishing_day pd1_0 where pd1_0.day=?
PublishingDay{publishingDayId=4, createdAt=2024-03-29T19:55:41.069514, updatedAt=2024-03-29T19:55:41.069514, day='THURSDAY'}
2024-03-29T20:01:59.561+09:00 DEBUG 26924 --- [    Test worker] org.hibernate.SQL                        : insert into webtoon (created_at,description,no_youth,publication_status,thumbnail,title,updated_at) values (?,?,?,?,?,?,?)
Hibernate: insert into webtoon (created_at,description,no_youth,publication_status,thumbnail,title,updated_at) values (?,?,?,?,?,?,?)
2024-03-29T20:01:59.565+09:00 DEBUG 26924 --- [    Test worker] org.hibernate.SQL                        : insert into webtoon_publishing_day (created_at,publishing_day_id,updated_at,webtoon_id) values (?,?,?,?)
Hibernate: insert into webtoon_publishing_day (created_at,publishing_day_id,updated_at,webtoon_id) values (?,?,?,?)
THURSDAY
2024-03-29T20:01:59.570+09:00 DEBUG 26924 --- [    Test worker] org.hibernate.SQL                        : select pd1_0.publishing_day_id,pd1_0.created_at,pd1_0.day,pd1_0.updated_at from publishing_day pd1_0 where pd1_0.day=?
Hibernate: select pd1_0.publishing_day_id,pd1_0.created_at,pd1_0.day,pd1_0.updated_at from publishing_day pd1_0 where pd1_0.day=?
PublishingDay{publishingDayId=4, createdAt=2024-03-29T19:55:41.069514, updatedAt=2024-03-29T19:55:41.069514, day='THURSDAY'}
2024-03-29T20:01:59.572+09:00 DEBUG 26924 --- [    Test worker] org.hibernate.SQL                        : insert into webtoon (created_at,description,no_youth,publication_status,thumbnail,title,updated_at) values (?,?,?,?,?,?,?)
Hibernate: insert into webtoon (created_at,description,no_youth,publication_status,thumbnail,title,updated_at) values (?,?,?,?,?,?,?)
2024-03-29T20:01:59.578+09:00 DEBUG 26924 --- [    Test worker] org.hibernate.SQL                        : insert into webtoon_publishing_day (created_at,publishing_day_id,updated_at,webtoon_id) values (?,?,?,?)
Hibernate: insert into webtoon_publishing_day (created_at,publishing_day_id,updated_at,webtoon_id) values (?,?,?,?)
THURSDAY
2024-03-29T20:01:59.584+09:00 DEBUG 26924 --- [    Test worker] org.hibernate.SQL                        : select pd1_0.publishing_day_id,pd1_0.created_at,pd1_0.day,pd1_0.updated_at from publishing_day pd1_0 where pd1_0.day=?
Hibernate: select pd1_0.publishing_day_id,pd1_0.created_at,pd1_0.day,pd1_0.updated_at from publishing_day pd1_0 where pd1_0.day=?
PublishingDay{publishingDayId=4, createdAt=2024-03-29T19:55:41.069514, updatedAt=2024-03-29T19:55:41.069514, day='THURSDAY'}
2024-03-29T20:01:59.586+09:00 DEBUG 26924 --- [    Test worker] org.hibernate.SQL                        : insert into webtoon (created_at,description,no_youth,publication_status,thumbnail,title,updated_at) values (?,?,?,?,?,?,?)
Hibernate: insert into webtoon (created_at,description,no_youth,publication_status,thumbnail,title,updated_at) values (?,?,?,?,?,?,?)
2024-03-29T20:01:59.592+09:00 DEBUG 26924 --- [    Test worker] org.hibernate.SQL                        : insert into webtoon_publishing_day (created_at,publishing_day_id,updated_at,webtoon_id) values (?,?,?,?)
Hibernate: insert into webtoon_publishing_day (created_at,publishing_day_id,updated_at,webtoon_id) values (?,?,?,?)
THURSDAY
2024-03-29T20:01:59.596+09:00 DEBUG 26924 --- [    Test worker] org.hibernate.SQL                        : select pd1_0.publishing_day_id,pd1_0.created_at,pd1_0.day,pd1_0.updated_at from publishing_day pd1_0 where pd1_0.day=?
Hibernate: select pd1_0.publishing_day_id,pd1_0.created_at,pd1_0.day,pd1_0.updated_at from publishing_day pd1_0 where pd1_0.day=?
PublishingDay{publishingDayId=4, createdAt=2024-03-29T19:55:41.069514, updatedAt=2024-03-29T19:55:41.069514, day='THURSDAY'}
2024-03-29T20:01:59.598+09:00 DEBUG 26924 --- [    Test worker] org.hibernate.SQL                        : insert into webtoon (created_at,description,no_youth,publication_status,thumbnail,title,updated_at) values (?,?,?,?,?,?,?)
Hibernate: insert into webtoon (created_at,description,no_youth,publication_status,thumbnail,title,updated_at) values (?,?,?,?,?,?,?)
2024-03-29T20:01:59.604+09:00 DEBUG 26924 --- [    Test worker] org.hibernate.SQL                        : insert into webtoon_publishing_day (created_at,publishing_day_id,updated_at,webtoon_id) values (?,?,?,?)
Hibernate: insert into webtoon_publishing_day (created_at,publishing_day_id,updated_at,webtoon_id) values (?,?,?,?)
THURSDAY
2024-03-29T20:01:59.611+09:00 DEBUG 26924 --- [    Test worker] org.hibernate.SQL                        : select pd1_0.publishing_day_id,pd1_0.created_at,pd1_0.day,pd1_0.updated_at from publishing_day pd1_0 where pd1_0.day=?
Hibernate: select pd1_0.publishing_day_id,pd1_0.created_at,pd1_0.day,pd1_0.updated_at from publishing_day pd1_0 where pd1_0.day=?
PublishingDay{publishingDayId=4, createdAt=2024-03-29T19:55:41.069514, updatedAt=2024-03-29T19:55:41.069514, day='THURSDAY'}
2024-03-29T20:01:59.615+09:00 DEBUG 26924 --- [    Test worker] org.hibernate.SQL                        : insert into webtoon (created_at,description,no_youth,publication_status,thumbnail,title,updated_at) values (?,?,?,?,?,?,?)
Hibernate: insert into webtoon (created_at,description,no_youth,publication_status,thumbnail,title,updated_at) values (?,?,?,?,?,?,?)
2024-03-29T20:01:59.620+09:00 DEBUG 26924 --- [    Test worker] org.hibernate.SQL                        : insert into webtoon_publishing_day (created_at,publishing_day_id,updated_at,webtoon_id) values (?,?,?,?)
Hibernate: insert into webtoon_publishing_day (created_at,publishing_day_id,updated_at,webtoon_id) values (?,?,?,?)
THURSDAY
2024-03-29T20:01:59.627+09:00 DEBUG 26924 --- [    Test worker] org.hibernate.SQL                        : select pd1_0.publishing_day_id,pd1_0.created_at,pd1_0.day,pd1_0.updated_at from publishing_day pd1_0 where pd1_0.day=?
Hibernate: select pd1_0.publishing_day_id,pd1_0.created_at,pd1_0.day,pd1_0.updated_at from publishing_day pd1_0 where pd1_0.day=?
PublishingDay{publishingDayId=4, createdAt=2024-03-29T19:55:41.069514, updatedAt=2024-03-29T19:55:41.069514, day='THURSDAY'}
2024-03-29T20:01:59.630+09:00 DEBUG 26924 --- [    Test worker] org.hibernate.SQL                        : insert into webtoon (created_at,description,no_youth,publication_status,thumbnail,title,updated_at) values (?,?,?,?,?,?,?)
Hibernate: insert into webtoon (created_at,description,no_youth,publication_status,thumbnail,title,updated_at) values (?,?,?,?,?,?,?)
2024-03-29T20:01:59.636+09:00 DEBUG 26924 --- [    Test worker] org.hibernate.SQL                        : insert into webtoon_publishing_day (created_at,publishing_day_id,updated_at,webtoon_id) values (?,?,?,?)
Hibernate: insert into webtoon_publishing_day (created_at,publishing_day_id,updated_at,webtoon_id) values (?,?,?,?)
THURSDAY
2024-03-29T20:01:59.642+09:00 DEBUG 26924 --- [    Test worker] org.hibernate.SQL                        : select pd1_0.publishing_day_id,pd1_0.created_at,pd1_0.day,pd1_0.updated_at from publishing_day pd1_0 where pd1_0.day=?
Hibernate: select pd1_0.publishing_day_id,pd1_0.created_at,pd1_0.day,pd1_0.updated_at from publishing_day pd1_0 where pd1_0.day=?
PublishingDay{publishingDayId=4, createdAt=2024-03-29T19:55:41.069514, updatedAt=2024-03-29T19:55:41.069514, day='THURSDAY'}
2024-03-29T20:01:59.644+09:00 DEBUG 26924 --- [    Test worker] org.hibernate.SQL                        : insert into webtoon (created_at,description,no_youth,publication_status,thumbnail,title,updated_at) values (?,?,?,?,?,?,?)
Hibernate: insert into webtoon (created_at,description,no_youth,publication_status,thumbnail,title,updated_at) values (?,?,?,?,?,?,?)
2024-03-29T20:01:59.649+09:00 DEBUG 26924 --- [    Test worker] org.hibernate.SQL                        : insert into webtoon_publishing_day (created_at,publishing_day_id,updated_at,webtoon_id) values (?,?,?,?)
Hibernate: insert into webtoon_publishing_day (created_at,publishing_day_id,updated_at,webtoon_id) values (?,?,?,?)
THURSDAY
2024-03-29T20:01:59.655+09:00 DEBUG 26924 --- [    Test worker] org.hibernate.SQL                        : select pd1_0.publishing_day_id,pd1_0.created_at,pd1_0.day,pd1_0.updated_at from publishing_day pd1_0 where pd1_0.day=?
Hibernate: select pd1_0.publishing_day_id,pd1_0.created_at,pd1_0.day,pd1_0.updated_at from publishing_day pd1_0 where pd1_0.day=?
PublishingDay{publishingDayId=4, createdAt=2024-03-29T19:55:41.069514, updatedAt=2024-03-29T19:55:41.069514, day='THURSDAY'}
2024-03-29T20:01:59.659+09:00 DEBUG 26924 --- [    Test worker] org.hibernate.SQL                        : insert into webtoon (created_at,description,no_youth,publication_status,thumbnail,title,updated_at) values (?,?,?,?,?,?,?)
Hibernate: insert into webtoon (created_at,description,no_youth,publication_status,thumbnail,title,updated_at) values (?,?,?,?,?,?,?)
2024-03-29T20:01:59.663+09:00 DEBUG 26924 --- [    Test worker] org.hibernate.SQL                        : insert into webtoon_publishing_day (created_at,publishing_day_id,updated_at,webtoon_id) values (?,?,?,?)
Hibernate: insert into webtoon_publishing_day (created_at,publishing_day_id,updated_at,webtoon_id) values (?,?,?,?)
THURSDAY
2024-03-29T20:01:59.667+09:00 DEBUG 26924 --- [    Test worker] org.hibernate.SQL                        : select pd1_0.publishing_day_id,pd1_0.created_at,pd1_0.day,pd1_0.updated_at from publishing_day pd1_0 where pd1_0.day=?
Hibernate: select pd1_0.publishing_day_id,pd1_0.created_at,pd1_0.day,pd1_0.updated_at from publishing_day pd1_0 where pd1_0.day=?
PublishingDay{publishingDayId=4, createdAt=2024-03-29T19:55:41.069514, updatedAt=2024-03-29T19:55:41.069514, day='THURSDAY'}
2024-03-29T20:01:59.668+09:00 DEBUG 26924 --- [    Test worker] org.hibernate.SQL                        : insert into webtoon (created_at,description,no_youth,publication_status,thumbnail,title,updated_at) values (?,?,?,?,?,?,?)
Hibernate: insert into webtoon (created_at,description,no_youth,publication_status,thumbnail,title,updated_at) values (?,?,?,?,?,?,?)
2024-03-29T20:01:59.672+09:00 DEBUG 26924 --- [    Test worker] org.hibernate.SQL                        : insert into webtoon_publishing_day (created_at,publishing_day_id,updated_at,webtoon_id) values (?,?,?,?)
Hibernate: insert into webtoon_publishing_day (created_at,publishing_day_id,updated_at,webtoon_id) values (?,?,?,?)
THURSDAY
2024-03-29T20:01:59.675+09:00 DEBUG 26924 --- [    Test worker] org.hibernate.SQL                        : select pd1_0.publishing_day_id,pd1_0.created_at,pd1_0.day,pd1_0.updated_at from publishing_day pd1_0 where pd1_0.day=?
Hibernate: select pd1_0.publishing_day_id,pd1_0.created_at,pd1_0.day,pd1_0.updated_at from publishing_day pd1_0 where pd1_0.day=?
PublishingDay{publishingDayId=4, createdAt=2024-03-29T19:55:41.069514, updatedAt=2024-03-29T19:55:41.069514, day='THURSDAY'}
2024-03-29T20:01:59.677+09:00 DEBUG 26924 --- [    Test worker] org.hibernate.SQL                        : insert into webtoon (created_at,description,no_youth,publication_status,thumbnail,title,updated_at) values (?,?,?,?,?,?,?)
Hibernate: insert into webtoon (created_at,description,no_youth,publication_status,thumbnail,title,updated_at) values (?,?,?,?,?,?,?)
2024-03-29T20:01:59.680+09:00 DEBUG 26924 --- [    Test worker] org.hibernate.SQL                        : insert into webtoon_publishing_day (created_at,publishing_day_id,updated_at,webtoon_id) values (?,?,?,?)
Hibernate: insert into webtoon_publishing_day (created_at,publishing_day_id,updated_at,webtoon_id) values (?,?,?,?)
THURSDAY
2024-03-29T20:01:59.684+09:00 DEBUG 26924 --- [    Test worker] org.hibernate.SQL                        : select pd1_0.publishing_day_id,pd1_0.created_at,pd1_0.day,pd1_0.updated_at from publishing_day pd1_0 where pd1_0.day=?
Hibernate: select pd1_0.publishing_day_id,pd1_0.created_at,pd1_0.day,pd1_0.updated_at from publishing_day pd1_0 where pd1_0.day=?
PublishingDay{publishingDayId=4, createdAt=2024-03-29T19:55:41.069514, updatedAt=2024-03-29T19:55:41.069514, day='THURSDAY'}
2024-03-29T20:01:59.685+09:00 DEBUG 26924 --- [    Test worker] org.hibernate.SQL                        : insert into webtoon (created_at,description,no_youth,publication_status,thumbnail,title,updated_at) values (?,?,?,?,?,?,?)
Hibernate: insert into webtoon (created_at,description,no_youth,publication_status,thumbnail,title,updated_at) values (?,?,?,?,?,?,?)
2024-03-29T20:01:59.688+09:00 DEBUG 26924 --- [    Test worker] org.hibernate.SQL                        : insert into webtoon_publishing_day (created_at,publishing_day_id,updated_at,webtoon_id) values (?,?,?,?)
Hibernate: insert into webtoon_publishing_day (created_at,publishing_day_id,updated_at,webtoon_id) values (?,?,?,?)
THURSDAY
2024-03-29T20:01:59.692+09:00 DEBUG 26924 --- [    Test worker] org.hibernate.SQL                        : select pd1_0.publishing_day_id,pd1_0.created_at,pd1_0.day,pd1_0.updated_at from publishing_day pd1_0 where pd1_0.day=?
Hibernate: select pd1_0.publishing_day_id,pd1_0.created_at,pd1_0.day,pd1_0.updated_at from publishing_day pd1_0 where pd1_0.day=?
PublishingDay{publishingDayId=4, createdAt=2024-03-29T19:55:41.069514, updatedAt=2024-03-29T19:55:41.069514, day='THURSDAY'}
2024-03-29T20:01:59.693+09:00 DEBUG 26924 --- [    Test worker] org.hibernate.SQL                        : insert into webtoon (created_at,description,no_youth,publication_status,thumbnail,title,updated_at) values (?,?,?,?,?,?,?)
Hibernate: insert into webtoon (created_at,description,no_youth,publication_status,thumbnail,title,updated_at) values (?,?,?,?,?,?,?)
2024-03-29T20:01:59.697+09:00 DEBUG 26924 --- [    Test worker] org.hibernate.SQL                        : insert into webtoon_publishing_day (created_at,publishing_day_id,updated_at,webtoon_id) values (?,?,?,?)
Hibernate: insert into webtoon_publishing_day (created_at,publishing_day_id,updated_at,webtoon_id) values (?,?,?,?)
THURSDAY
2024-03-29T20:01:59.700+09:00 DEBUG 26924 --- [    Test worker] org.hibernate.SQL                        : select pd1_0.publishing_day_id,pd1_0.created_at,pd1_0.day,pd1_0.updated_at from publishing_day pd1_0 where pd1_0.day=?
Hibernate: select pd1_0.publishing_day_id,pd1_0.created_at,pd1_0.day,pd1_0.updated_at from publishing_day pd1_0 where pd1_0.day=?
PublishingDay{publishingDayId=4, createdAt=2024-03-29T19:55:41.069514, updatedAt=2024-03-29T19:55:41.069514, day='THURSDAY'}
2024-03-29T20:01:59.701+09:00 DEBUG 26924 --- [    Test worker] org.hibernate.SQL                        : insert into webtoon (created_at,description,no_youth,publication_status,thumbnail,title,updated_at) values (?,?,?,?,?,?,?)
Hibernate: insert into webtoon (created_at,description,no_youth,publication_status,thumbnail,title,updated_at) values (?,?,?,?,?,?,?)
2024-03-29T20:01:59.704+09:00 DEBUG 26924 --- [    Test worker] org.hibernate.SQL                        : insert into webtoon_publishing_day (created_at,publishing_day_id,updated_at,webtoon_id) values (?,?,?,?)
Hibernate: insert into webtoon_publishing_day (created_at,publishing_day_id,updated_at,webtoon_id) values (?,?,?,?)
THURSDAY
2024-03-29T20:01:59.709+09:00 DEBUG 26924 --- [    Test worker] org.hibernate.SQL                        : select pd1_0.publishing_day_id,pd1_0.created_at,pd1_0.day,pd1_0.updated_at from publishing_day pd1_0 where pd1_0.day=?
Hibernate: select pd1_0.publishing_day_id,pd1_0.created_at,pd1_0.day,pd1_0.updated_at from publishing_day pd1_0 where pd1_0.day=?
PublishingDay{publishingDayId=4, createdAt=2024-03-29T19:55:41.069514, updatedAt=2024-03-29T19:55:41.069514, day='THURSDAY'}
2024-03-29T20:01:59.710+09:00 DEBUG 26924 --- [    Test worker] org.hibernate.SQL                        : insert into webtoon (created_at,description,no_youth,publication_status,thumbnail,title,updated_at) values (?,?,?,?,?,?,?)
Hibernate: insert into webtoon (created_at,description,no_youth,publication_status,thumbnail,title,updated_at) values (?,?,?,?,?,?,?)
2024-03-29T20:01:59.715+09:00 DEBUG 26924 --- [    Test worker] org.hibernate.SQL                        : insert into webtoon_publishing_day (created_at,publishing_day_id,updated_at,webtoon_id) values (?,?,?,?)
Hibernate: insert into webtoon_publishing_day (created_at,publishing_day_id,updated_at,webtoon_id) values (?,?,?,?)
THURSDAY
2024-03-29T20:01:59.720+09:00 DEBUG 26924 --- [    Test worker] org.hibernate.SQL                        : select pd1_0.publishing_day_id,pd1_0.created_at,pd1_0.day,pd1_0.updated_at from publishing_day pd1_0 where pd1_0.day=?
Hibernate: select pd1_0.publishing_day_id,pd1_0.created_at,pd1_0.day,pd1_0.updated_at from publishing_day pd1_0 where pd1_0.day=?
PublishingDay{publishingDayId=4, createdAt=2024-03-29T19:55:41.069514, updatedAt=2024-03-29T19:55:41.069514, day='THURSDAY'}
2024-03-29T20:01:59.721+09:00 DEBUG 26924 --- [    Test worker] org.hibernate.SQL                        : insert into webtoon (created_at,description,no_youth,publication_status,thumbnail,title,updated_at) values (?,?,?,?,?,?,?)
Hibernate: insert into webtoon (created_at,description,no_youth,publication_status,thumbnail,title,updated_at) values (?,?,?,?,?,?,?)
2024-03-29T20:01:59.725+09:00 DEBUG 26924 --- [    Test worker] org.hibernate.SQL                        : insert into webtoon_publishing_day (created_at,publishing_day_id,updated_at,webtoon_id) values (?,?,?,?)
Hibernate: insert into webtoon_publishing_day (created_at,publishing_day_id,updated_at,webtoon_id) values (?,?,?,?)
THURSDAY
2024-03-29T20:01:59.730+09:00 DEBUG 26924 --- [    Test worker] org.hibernate.SQL                        : select pd1_0.publishing_day_id,pd1_0.created_at,pd1_0.day,pd1_0.updated_at from publishing_day pd1_0 where pd1_0.day=?
Hibernate: select pd1_0.publishing_day_id,pd1_0.created_at,pd1_0.day,pd1_0.updated_at from publishing_day pd1_0 where pd1_0.day=?
PublishingDay{publishingDayId=4, createdAt=2024-03-29T19:55:41.069514, updatedAt=2024-03-29T19:55:41.069514, day='THURSDAY'}
2024-03-29T20:01:59.732+09:00 DEBUG 26924 --- [    Test worker] org.hibernate.SQL                        : insert into webtoon (created_at,description,no_youth,publication_status,thumbnail,title,updated_at) values (?,?,?,?,?,?,?)
Hibernate: insert into webtoon (created_at,description,no_youth,publication_status,thumbnail,title,updated_at) values (?,?,?,?,?,?,?)
2024-03-29T20:01:59.736+09:00 DEBUG 26924 --- [    Test worker] org.hibernate.SQL                        : insert into webtoon_publishing_day (created_at,publishing_day_id,updated_at,webtoon_id) values (?,?,?,?)
Hibernate: insert into webtoon_publishing_day (created_at,publishing_day_id,updated_at,webtoon_id) values (?,?,?,?)
THURSDAY
2024-03-29T20:01:59.743+09:00 DEBUG 26924 --- [    Test worker] org.hibernate.SQL                        : select pd1_0.publishing_day_id,pd1_0.created_at,pd1_0.day,pd1_0.updated_at from publishing_day pd1_0 where pd1_0.day=?
Hibernate: select pd1_0.publishing_day_id,pd1_0.created_at,pd1_0.day,pd1_0.updated_at from publishing_day pd1_0 where pd1_0.day=?
PublishingDay{publishingDayId=4, createdAt=2024-03-29T19:55:41.069514, updatedAt=2024-03-29T19:55:41.069514, day='THURSDAY'}
2024-03-29T20:01:59.744+09:00 DEBUG 26924 --- [    Test worker] org.hibernate.SQL                        : insert into webtoon (created_at,description,no_youth,publication_status,thumbnail,title,updated_at) values (?,?,?,?,?,?,?)
Hibernate: insert into webtoon (created_at,description,no_youth,publication_status,thumbnail,title,updated_at) values (?,?,?,?,?,?,?)
2024-03-29T20:01:59.747+09:00 DEBUG 26924 --- [    Test worker] org.hibernate.SQL                        : insert into webtoon_publishing_day (created_at,publishing_day_id,updated_at,webtoon_id) values (?,?,?,?)
Hibernate: insert into webtoon_publishing_day (created_at,publishing_day_id,updated_at,webtoon_id) values (?,?,?,?)
THURSDAY
2024-03-29T20:01:59.751+09:00 DEBUG 26924 --- [    Test worker] org.hibernate.SQL                        : select pd1_0.publishing_day_id,pd1_0.created_at,pd1_0.day,pd1_0.updated_at from publishing_day pd1_0 where pd1_0.day=?
Hibernate: select pd1_0.publishing_day_id,pd1_0.created_at,pd1_0.day,pd1_0.updated_at from publishing_day pd1_0 where pd1_0.day=?
PublishingDay{publishingDayId=4, createdAt=2024-03-29T19:55:41.069514, updatedAt=2024-03-29T19:55:41.069514, day='THURSDAY'}
2024-03-29T20:01:59.753+09:00 DEBUG 26924 --- [    Test worker] org.hibernate.SQL                        : insert into webtoon (created_at,description,no_youth,publication_status,thumbnail,title,updated_at) values (?,?,?,?,?,?,?)
Hibernate: insert into webtoon (created_at,description,no_youth,publication_status,thumbnail,title,updated_at) values (?,?,?,?,?,?,?)
2024-03-29T20:01:59.756+09:00 DEBUG 26924 --- [    Test worker] org.hibernate.SQL                        : insert into webtoon_publishing_day (created_at,publishing_day_id,updated_at,webtoon_id) values (?,?,?,?)
Hibernate: insert into webtoon_publishing_day (created_at,publishing_day_id,updated_at,webtoon_id) values (?,?,?,?)
THURSDAY
2024-03-29T20:01:59.760+09:00 DEBUG 26924 --- [    Test worker] org.hibernate.SQL                        : select pd1_0.publishing_day_id,pd1_0.created_at,pd1_0.day,pd1_0.updated_at from publishing_day pd1_0 where pd1_0.day=?
Hibernate: select pd1_0.publishing_day_id,pd1_0.created_at,pd1_0.day,pd1_0.updated_at from publishing_day pd1_0 where pd1_0.day=?
PublishingDay{publishingDayId=4, createdAt=2024-03-29T19:55:41.069514, updatedAt=2024-03-29T19:55:41.069514, day='THURSDAY'}
2024-03-29T20:01:59.763+09:00 DEBUG 26924 --- [    Test worker] org.hibernate.SQL                        : insert into webtoon (created_at,description,no_youth,publication_status,thumbnail,title,updated_at) values (?,?,?,?,?,?,?)
Hibernate: insert into webtoon (created_at,description,no_youth,publication_status,thumbnail,title,updated_at) values (?,?,?,?,?,?,?)
2024-03-29T20:01:59.766+09:00 DEBUG 26924 --- [    Test worker] org.hibernate.SQL                        : insert into webtoon_publishing_day (created_at,publishing_day_id,updated_at,webtoon_id) values (?,?,?,?)
Hibernate: insert into webtoon_publishing_day (created_at,publishing_day_id,updated_at,webtoon_id) values (?,?,?,?)
FALSE
2024-03-29T20:01:59.772+09:00 DEBUG 26924 --- [    Test worker] org.hibernate.SQL                        : select pd1_0.publishing_day_id,pd1_0.created_at,pd1_0.day,pd1_0.updated_at from publishing_day pd1_0 where pd1_0.day=?
Hibernate: select pd1_0.publishing_day_id,pd1_0.created_at,pd1_0.day,pd1_0.updated_at from publishing_day pd1_0 where pd1_0.day=?
null
2024-03-29T20:01:59.776+09:00 DEBUG 26924 --- [    Test worker] org.hibernate.SQL                        : insert into webtoon (created_at,description,no_youth,publication_status,thumbnail,title,updated_at) values (?,?,?,?,?,?,?)
Hibernate: insert into webtoon (created_at,description,no_youth,publication_status,thumbnail,title,updated_at) values (?,?,?,?,?,?,?)
2024-03-29T20:01:59.780+09:00 DEBUG 26924 --- [    Test worker] org.hibernate.SQL                        : insert into webtoon_publishing_day (created_at,publishing_day_id,updated_at,webtoon_id) values (?,?,?,?)
Hibernate: insert into webtoon_publishing_day (created_at,publishing_day_id,updated_at,webtoon_id) values (?,?,?,?)
THURSDAY
2024-03-29T20:01:59.785+09:00 DEBUG 26924 --- [    Test worker] org.hibernate.SQL                        : select pd1_0.publishing_day_id,pd1_0.created_at,pd1_0.day,pd1_0.updated_at from publishing_day pd1_0 where pd1_0.day=?
Hibernate: select pd1_0.publishing_day_id,pd1_0.created_at,pd1_0.day,pd1_0.updated_at from publishing_day pd1_0 where pd1_0.day=?
PublishingDay{publishingDayId=4, createdAt=2024-03-29T19:55:41.069514, updatedAt=2024-03-29T19:55:41.069514, day='THURSDAY'}
2024-03-29T20:01:59.788+09:00 DEBUG 26924 --- [    Test worker] org.hibernate.SQL                        : insert into webtoon (created_at,description,no_youth,publication_status,thumbnail,title,updated_at) values (?,?,?,?,?,?,?)
Hibernate: insert into webtoon (created_at,description,no_youth,publication_status,thumbnail,title,updated_at) values (?,?,?,?,?,?,?)
2024-03-29T20:01:59.792+09:00 DEBUG 26924 --- [    Test worker] org.hibernate.SQL                        : insert into webtoon_publishing_day (created_at,publishing_day_id,updated_at,webtoon_id) values (?,?,?,?)
Hibernate: insert into webtoon_publishing_day (created_at,publishing_day_id,updated_at,webtoon_id) values (?,?,?,?)
THURSDAY
2024-03-29T20:01:59.797+09:00 DEBUG 26924 --- [    Test worker] org.hibernate.SQL                        : select pd1_0.publishing_day_id,pd1_0.created_at,pd1_0.day,pd1_0.updated_at from publishing_day pd1_0 where pd1_0.day=?
Hibernate: select pd1_0.publishing_day_id,pd1_0.created_at,pd1_0.day,pd1_0.updated_at from publishing_day pd1_0 where pd1_0.day=?
PublishingDay{publishingDayId=4, createdAt=2024-03-29T19:55:41.069514, updatedAt=2024-03-29T19:55:41.069514, day='THURSDAY'}
2024-03-29T20:01:59.799+09:00 DEBUG 26924 --- [    Test worker] org.hibernate.SQL                        : insert into webtoon (created_at,description,no_youth,publication_status,thumbnail,title,updated_at) values (?,?,?,?,?,?,?)
Hibernate: insert into webtoon (created_at,description,no_youth,publication_status,thumbnail,title,updated_at) values (?,?,?,?,?,?,?)
2024-03-29T20:01:59.805+09:00 DEBUG 26924 --- [    Test worker] org.hibernate.SQL                        : insert into webtoon_publishing_day (created_at,publishing_day_id,updated_at,webtoon_id) values (?,?,?,?)
Hibernate: insert into webtoon_publishing_day (created_at,publishing_day_id,updated_at,webtoon_id) values (?,?,?,?)
THURSDAY
2024-03-29T20:01:59.811+09:00 DEBUG 26924 --- [    Test worker] org.hibernate.SQL                        : select pd1_0.publishing_day_id,pd1_0.created_at,pd1_0.day,pd1_0.updated_at from publishing_day pd1_0 where pd1_0.day=?
Hibernate: select pd1_0.publishing_day_id,pd1_0.created_at,pd1_0.day,pd1_0.updated_at from publishing_day pd1_0 where pd1_0.day=?
PublishingDay{publishingDayId=4, createdAt=2024-03-29T19:55:41.069514, updatedAt=2024-03-29T19:55:41.069514, day='THURSDAY'}
2024-03-29T20:01:59.813+09:00 DEBUG 26924 --- [    Test worker] org.hibernate.SQL                        : insert into webtoon (created_at,description,no_youth,publication_status,thumbnail,title,updated_at) values (?,?,?,?,?,?,?)
Hibernate: insert into webtoon (created_at,description,no_youth,publication_status,thumbnail,title,updated_at) values (?,?,?,?,?,?,?)
2024-03-29T20:01:59.818+09:00 DEBUG 26924 --- [    Test worker] org.hibernate.SQL                        : insert into webtoon_publishing_day (created_at,publishing_day_id,updated_at,webtoon_id) values (?,?,?,?)
Hibernate: insert into webtoon_publishing_day (created_at,publishing_day_id,updated_at,webtoon_id) values (?,?,?,?)
FALSE
2024-03-29T20:01:59.822+09:00 DEBUG 26924 --- [    Test worker] org.hibernate.SQL                        : select pd1_0.publishing_day_id,pd1_0.created_at,pd1_0.day,pd1_0.updated_at from publishing_day pd1_0 where pd1_0.day=?
Hibernate: select pd1_0.publishing_day_id,pd1_0.created_at,pd1_0.day,pd1_0.updated_at from publishing_day pd1_0 where pd1_0.day=?
null
2024-03-29T20:01:59.825+09:00 DEBUG 26924 --- [    Test worker] org.hibernate.SQL                        : insert into webtoon (created_at,description,no_youth,publication_status,thumbnail,title,updated_at) values (?,?,?,?,?,?,?)
Hibernate: insert into webtoon (created_at,description,no_youth,publication_status,thumbnail,title,updated_at) values (?,?,?,?,?,?,?)
2024-03-29T20:01:59.829+09:00 DEBUG 26924 --- [    Test worker] org.hibernate.SQL                        : insert into webtoon_publishing_day (created_at,publishing_day_id,updated_at,webtoon_id) values (?,?,?,?)
Hibernate: insert into webtoon_publishing_day (created_at,publishing_day_id,updated_at,webtoon_id) values (?,?,?,?)
THURSDAY
2024-03-29T20:01:59.834+09:00 DEBUG 26924 --- [    Test worker] org.hibernate.SQL                        : select pd1_0.publishing_day_id,pd1_0.created_at,pd1_0.day,pd1_0.updated_at from publishing_day pd1_0 where pd1_0.day=?
Hibernate: select pd1_0.publishing_day_id,pd1_0.created_at,pd1_0.day,pd1_0.updated_at from publishing_day pd1_0 where pd1_0.day=?
PublishingDay{publishingDayId=4, createdAt=2024-03-29T19:55:41.069514, updatedAt=2024-03-29T19:55:41.069514, day='THURSDAY'}
2024-03-29T20:01:59.837+09:00 DEBUG 26924 --- [    Test worker] org.hibernate.SQL                        : insert into webtoon (created_at,description,no_youth,publication_status,thumbnail,title,updated_at) values (?,?,?,?,?,?,?)
Hibernate: insert into webtoon (created_at,description,no_youth,publication_status,thumbnail,title,updated_at) values (?,?,?,?,?,?,?)
2024-03-29T20:01:59.842+09:00 DEBUG 26924 --- [    Test worker] org.hibernate.SQL                        : insert into webtoon_publishing_day (created_at,publishing_day_id,updated_at,webtoon_id) values (?,?,?,?)
Hibernate: insert into webtoon_publishing_day (created_at,publishing_day_id,updated_at,webtoon_id) values (?,?,?,?)
THURSDAY
2024-03-29T20:01:59.847+09:00 DEBUG 26924 --- [    Test worker] org.hibernate.SQL                        : select pd1_0.publishing_day_id,pd1_0.created_at,pd1_0.day,pd1_0.updated_at from publishing_day pd1_0 where pd1_0.day=?
Hibernate: select pd1_0.publishing_day_id,pd1_0.created_at,pd1_0.day,pd1_0.updated_at from publishing_day pd1_0 where pd1_0.day=?
PublishingDay{publishingDayId=4, createdAt=2024-03-29T19:55:41.069514, updatedAt=2024-03-29T19:55:41.069514, day='THURSDAY'}
2024-03-29T20:01:59.850+09:00 DEBUG 26924 --- [    Test worker] org.hibernate.SQL                        : insert into webtoon (created_at,description,no_youth,publication_status,thumbnail,title,updated_at) values (?,?,?,?,?,?,?)
Hibernate: insert into webtoon (created_at,description,no_youth,publication_status,thumbnail,title,updated_at) values (?,?,?,?,?,?,?)
2024-03-29T20:01:59.855+09:00 DEBUG 26924 --- [    Test worker] org.hibernate.SQL                        : insert into webtoon_publishing_day (created_at,publishing_day_id,updated_at,webtoon_id) values (?,?,?,?)
Hibernate: insert into webtoon_publishing_day (created_at,publishing_day_id,updated_at,webtoon_id) values (?,?,?,?)
THURSDAY
2024-03-29T20:01:59.861+09:00 DEBUG 26924 --- [    Test worker] org.hibernate.SQL                        : select pd1_0.publishing_day_id,pd1_0.created_at,pd1_0.day,pd1_0.updated_at from publishing_day pd1_0 where pd1_0.day=?
Hibernate: select pd1_0.publishing_day_id,pd1_0.created_at,pd1_0.day,pd1_0.updated_at from publishing_day pd1_0 where pd1_0.day=?
PublishingDay{publishingDayId=4, createdAt=2024-03-29T19:55:41.069514, updatedAt=2024-03-29T19:55:41.069514, day='THURSDAY'}
2024-03-29T20:01:59.863+09:00 DEBUG 26924 --- [    Test worker] org.hibernate.SQL                        : insert into webtoon (created_at,description,no_youth,publication_status,thumbnail,title,updated_at) values (?,?,?,?,?,?,?)
Hibernate: insert into webtoon (created_at,description,no_youth,publication_status,thumbnail,title,updated_at) values (?,?,?,?,?,?,?)
2024-03-29T20:01:59.868+09:00 DEBUG 26924 --- [    Test worker] org.hibernate.SQL                        : insert into webtoon_publishing_day (created_at,publishing_day_id,updated_at,webtoon_id) values (?,?,?,?)
Hibernate: insert into webtoon_publishing_day (created_at,publishing_day_id,updated_at,webtoon_id) values (?,?,?,?)
THURSDAY
2024-03-29T20:01:59.873+09:00 DEBUG 26924 --- [    Test worker] org.hibernate.SQL                        : select pd1_0.publishing_day_id,pd1_0.created_at,pd1_0.day,pd1_0.updated_at from publishing_day pd1_0 where pd1_0.day=?
Hibernate: select pd1_0.publishing_day_id,pd1_0.created_at,pd1_0.day,pd1_0.updated_at from publishing_day pd1_0 where pd1_0.day=?
PublishingDay{publishingDayId=4, createdAt=2024-03-29T19:55:41.069514, updatedAt=2024-03-29T19:55:41.069514, day='THURSDAY'}
2024-03-29T20:01:59.876+09:00 DEBUG 26924 --- [    Test worker] org.hibernate.SQL                        : insert into webtoon (created_at,description,no_youth,publication_status,thumbnail,title,updated_at) values (?,?,?,?,?,?,?)
Hibernate: insert into webtoon (created_at,description,no_youth,publication_status,thumbnail,title,updated_at) values (?,?,?,?,?,?,?)
2024-03-29T20:01:59.880+09:00 DEBUG 26924 --- [    Test worker] org.hibernate.SQL                        : insert into webtoon_publishing_day (created_at,publishing_day_id,updated_at,webtoon_id) values (?,?,?,?)
Hibernate: insert into webtoon_publishing_day (created_at,publishing_day_id,updated_at,webtoon_id) values (?,?,?,?)
TUESDAY
2024-03-29T20:01:59.884+09:00 DEBUG 26924 --- [    Test worker] org.hibernate.SQL                        : select pd1_0.publishing_day_id,pd1_0.created_at,pd1_0.day,pd1_0.updated_at from publishing_day pd1_0 where pd1_0.day=?
Hibernate: select pd1_0.publishing_day_id,pd1_0.created_at,pd1_0.day,pd1_0.updated_at from publishing_day pd1_0 where pd1_0.day=?
PublishingDay{publishingDayId=2, createdAt=2024-03-29T19:55:41.069514, updatedAt=2024-03-29T19:55:41.069514, day='TUESDAY'}
2024-03-29T20:01:59.886+09:00 DEBUG 26924 --- [    Test worker] org.hibernate.SQL                        : insert into webtoon (created_at,description,no_youth,publication_status,thumbnail,title,updated_at) values (?,?,?,?,?,?,?)
Hibernate: insert into webtoon (created_at,description,no_youth,publication_status,thumbnail,title,updated_at) values (?,?,?,?,?,?,?)
2024-03-29T20:01:59.891+09:00 DEBUG 26924 --- [    Test worker] org.hibernate.SQL                        : insert into webtoon_publishing_day (created_at,publishing_day_id,updated_at,webtoon_id) values (?,?,?,?)
Hibernate: insert into webtoon_publishing_day (created_at,publishing_day_id,updated_at,webtoon_id) values (?,?,?,?)
TUESDAY
2024-03-29T20:01:59.897+09:00 DEBUG 26924 --- [    Test worker] org.hibernate.SQL                        : select pd1_0.publishing_day_id,pd1_0.created_at,pd1_0.day,pd1_0.updated_at from publishing_day pd1_0 where pd1_0.day=?
Hibernate: select pd1_0.publishing_day_id,pd1_0.created_at,pd1_0.day,pd1_0.updated_at from publishing_day pd1_0 where pd1_0.day=?
PublishingDay{publishingDayId=2, createdAt=2024-03-29T19:55:41.069514, updatedAt=2024-03-29T19:55:41.069514, day='TUESDAY'}
2024-03-29T20:01:59.899+09:00 DEBUG 26924 --- [    Test worker] org.hibernate.SQL                        : insert into webtoon (created_at,description,no_youth,publication_status,thumbnail,title,updated_at) values (?,?,?,?,?,?,?)
Hibernate: insert into webtoon (created_at,description,no_youth,publication_status,thumbnail,title,updated_at) values (?,?,?,?,?,?,?)
2024-03-29T20:01:59.904+09:00 DEBUG 26924 --- [    Test worker] org.hibernate.SQL                        : insert into webtoon_publishing_day (created_at,publishing_day_id,updated_at,webtoon_id) values (?,?,?,?)
Hibernate: insert into webtoon_publishing_day (created_at,publishing_day_id,updated_at,webtoon_id) values (?,?,?,?)
TUESDAY
2024-03-29T20:01:59.909+09:00 DEBUG 26924 --- [    Test worker] org.hibernate.SQL                        : select pd1_0.publishing_day_id,pd1_0.created_at,pd1_0.day,pd1_0.updated_at from publishing_day pd1_0 where pd1_0.day=?
Hibernate: select pd1_0.publishing_day_id,pd1_0.created_at,pd1_0.day,pd1_0.updated_at from publishing_day pd1_0 where pd1_0.day=?
PublishingDay{publishingDayId=2, createdAt=2024-03-29T19:55:41.069514, updatedAt=2024-03-29T19:55:41.069514, day='TUESDAY'}
2024-03-29T20:01:59.911+09:00 DEBUG 26924 --- [    Test worker] org.hibernate.SQL                        : insert into webtoon (created_at,description,no_youth,publication_status,thumbnail,title,updated_at) values (?,?,?,?,?,?,?)
Hibernate: insert into webtoon (created_at,description,no_youth,publication_status,thumbnail,title,updated_at) values (?,?,?,?,?,?,?)
2024-03-29T20:01:59.917+09:00 DEBUG 26924 --- [    Test worker] org.hibernate.SQL                        : insert into webtoon_publishing_day (created_at,publishing_day_id,updated_at,webtoon_id) values (?,?,?,?)
Hibernate: insert into webtoon_publishing_day (created_at,publishing_day_id,updated_at,webtoon_id) values (?,?,?,?)
TUESDAY
2024-03-29T20:01:59.923+09:00 DEBUG 26924 --- [    Test worker] org.hibernate.SQL                        : select pd1_0.publishing_day_id,pd1_0.created_at,pd1_0.day,pd1_0.updated_at from publishing_day pd1_0 where pd1_0.day=?
Hibernate: select pd1_0.publishing_day_id,pd1_0.created_at,pd1_0.day,pd1_0.updated_at from publishing_day pd1_0 where pd1_0.day=?
PublishingDay{publishingDayId=2, createdAt=2024-03-29T19:55:41.069514, updatedAt=2024-03-29T19:55:41.069514, day='TUESDAY'}
2024-03-29T20:01:59.926+09:00 DEBUG 26924 --- [    Test worker] org.hibernate.SQL                        : insert into webtoon (created_at,description,no_youth,publication_status,thumbnail,title,updated_at) values (?,?,?,?,?,?,?)
Hibernate: insert into webtoon (created_at,description,no_youth,publication_status,thumbnail,title,updated_at) values (?,?,?,?,?,?,?)
2024-03-29T20:01:59.932+09:00 DEBUG 26924 --- [    Test worker] org.hibernate.SQL                        : insert into webtoon_publishing_day (created_at,publishing_day_id,updated_at,webtoon_id) values (?,?,?,?)
Hibernate: insert into webtoon_publishing_day (created_at,publishing_day_id,updated_at,webtoon_id) values (?,?,?,?)
TUESDAY
2024-03-29T20:01:59.937+09:00 DEBUG 26924 --- [    Test worker] org.hibernate.SQL                        : select pd1_0.publishing_day_id,pd1_0.created_at,pd1_0.day,pd1_0.updated_at from publishing_day pd1_0 where pd1_0.day=?
Hibernate: select pd1_0.publishing_day_id,pd1_0.created_at,pd1_0.day,pd1_0.updated_at from publishing_day pd1_0 where pd1_0.day=?
PublishingDay{publishingDayId=2, createdAt=2024-03-29T19:55:41.069514, updatedAt=2024-03-29T19:55:41.069514, day='TUESDAY'}
2024-03-29T20:01:59.940+09:00 DEBUG 26924 --- [    Test worker] org.hibernate.SQL                        : insert into webtoon (created_at,description,no_youth,publication_status,thumbnail,title,updated_at) values (?,?,?,?,?,?,?)
Hibernate: insert into webtoon (created_at,description,no_youth,publication_status,thumbnail,title,updated_at) values (?,?,?,?,?,?,?)
2024-03-29T20:01:59.946+09:00 DEBUG 26924 --- [    Test worker] org.hibernate.SQL                        : insert into webtoon_publishing_day (created_at,publishing_day_id,updated_at,webtoon_id) values (?,?,?,?)
Hibernate: insert into webtoon_publishing_day (created_at,publishing_day_id,updated_at,webtoon_id) values (?,?,?,?)
TUESDAY
2024-03-29T20:01:59.952+09:00 DEBUG 26924 --- [    Test worker] org.hibernate.SQL                        : select pd1_0.publishing_day_id,pd1_0.created_at,pd1_0.day,pd1_0.updated_at from publishing_day pd1_0 where pd1_0.day=?
Hibernate: select pd1_0.publishing_day_id,pd1_0.created_at,pd1_0.day,pd1_0.updated_at from publishing_day pd1_0 where pd1_0.day=?
PublishingDay{publishingDayId=2, createdAt=2024-03-29T19:55:41.069514, updatedAt=2024-03-29T19:55:41.069514, day='TUESDAY'}
2024-03-29T20:01:59.954+09:00 DEBUG 26924 --- [    Test worker] org.hibernate.SQL                        : insert into webtoon (created_at,description,no_youth,publication_status,thumbnail,title,updated_at) values (?,?,?,?,?,?,?)
Hibernate: insert into webtoon (created_at,description,no_youth,publication_status,thumbnail,title,updated_at) values (?,?,?,?,?,?,?)
2024-03-29T20:01:59.959+09:00 DEBUG 26924 --- [    Test worker] org.hibernate.SQL                        : insert into webtoon_publishing_day (created_at,publishing_day_id,updated_at,webtoon_id) values (?,?,?,?)
Hibernate: insert into webtoon_publishing_day (created_at,publishing_day_id,updated_at,webtoon_id) values (?,?,?,?)
TUESDAY
2024-03-29T20:01:59.964+09:00 DEBUG 26924 --- [    Test worker] org.hibernate.SQL                        : select pd1_0.publishing_day_id,pd1_0.created_at,pd1_0.day,pd1_0.updated_at from publishing_day pd1_0 where pd1_0.day=?
Hibernate: select pd1_0.publishing_day_id,pd1_0.created_at,pd1_0.day,pd1_0.updated_at from publishing_day pd1_0 where pd1_0.day=?
PublishingDay{publishingDayId=2, createdAt=2024-03-29T19:55:41.069514, updatedAt=2024-03-29T19:55:41.069514, day='TUESDAY'}
2024-03-29T20:01:59.967+09:00 DEBUG 26924 --- [    Test worker] org.hibernate.SQL                        : insert into webtoon (created_at,description,no_youth,publication_status,thumbnail,title,updated_at) values (?,?,?,?,?,?,?)
Hibernate: insert into webtoon (created_at,description,no_youth,publication_status,thumbnail,title,updated_at) values (?,?,?,?,?,?,?)
2024-03-29T20:01:59.971+09:00 DEBUG 26924 --- [    Test worker] org.hibernate.SQL                        : insert into webtoon_publishing_day (created_at,publishing_day_id,updated_at,webtoon_id) values (?,?,?,?)
Hibernate: insert into webtoon_publishing_day (created_at,publishing_day_id,updated_at,webtoon_id) values (?,?,?,?)
TUESDAY
2024-03-29T20:01:59.977+09:00 DEBUG 26924 --- [    Test worker] org.hibernate.SQL                        : select pd1_0.publishing_day_id,pd1_0.created_at,pd1_0.day,pd1_0.updated_at from publishing_day pd1_0 where pd1_0.day=?
Hibernate: select pd1_0.publishing_day_id,pd1_0.created_at,pd1_0.day,pd1_0.updated_at from publishing_day pd1_0 where pd1_0.day=?
PublishingDay{publishingDayId=2, createdAt=2024-03-29T19:55:41.069514, updatedAt=2024-03-29T19:55:41.069514, day='TUESDAY'}
2024-03-29T20:01:59.979+09:00 DEBUG 26924 --- [    Test worker] org.hibernate.SQL                        : insert into webtoon (created_at,description,no_youth,publication_status,thumbnail,title,updated_at) values (?,?,?,?,?,?,?)
Hibernate: insert into webtoon (created_at,description,no_youth,publication_status,thumbnail,title,updated_at) values (?,?,?,?,?,?,?)
2024-03-29T20:01:59.985+09:00 DEBUG 26924 --- [    Test worker] org.hibernate.SQL                        : insert into webtoon_publishing_day (created_at,publishing_day_id,updated_at,webtoon_id) values (?,?,?,?)
Hibernate: insert into webtoon_publishing_day (created_at,publishing_day_id,updated_at,webtoon_id) values (?,?,?,?)
TUESDAY
2024-03-29T20:01:59.992+09:00 DEBUG 26924 --- [    Test worker] org.hibernate.SQL                        : select pd1_0.publishing_day_id,pd1_0.created_at,pd1_0.day,pd1_0.updated_at from publishing_day pd1_0 where pd1_0.day=?
Hibernate: select pd1_0.publishing_day_id,pd1_0.created_at,pd1_0.day,pd1_0.updated_at from publishing_day pd1_0 where pd1_0.day=?
PublishingDay{publishingDayId=2, createdAt=2024-03-29T19:55:41.069514, updatedAt=2024-03-29T19:55:41.069514, day='TUESDAY'}
2024-03-29T20:01:59.994+09:00 DEBUG 26924 --- [    Test worker] org.hibernate.SQL                        : insert into webtoon (created_at,description,no_youth,publication_status,thumbnail,title,updated_at) values (?,?,?,?,?,?,?)
Hibernate: insert into webtoon (created_at,description,no_youth,publication_status,thumbnail,title,updated_at) values (?,?,?,?,?,?,?)
2024-03-29T20:02:00.001+09:00 DEBUG 26924 --- [    Test worker] org.hibernate.SQL                        : insert into webtoon_publishing_day (created_at,publishing_day_id,updated_at,webtoon_id) values (?,?,?,?)
Hibernate: insert into webtoon_publishing_day (created_at,publishing_day_id,updated_at,webtoon_id) values (?,?,?,?)
TUESDAY
2024-03-29T20:02:00.008+09:00 DEBUG 26924 --- [    Test worker] org.hibernate.SQL                        : select pd1_0.publishing_day_id,pd1_0.created_at,pd1_0.day,pd1_0.updated_at from publishing_day pd1_0 where pd1_0.day=?
Hibernate: select pd1_0.publishing_day_id,pd1_0.created_at,pd1_0.day,pd1_0.updated_at from publishing_day pd1_0 where pd1_0.day=?
PublishingDay{publishingDayId=2, createdAt=2024-03-29T19:55:41.069514, updatedAt=2024-03-29T19:55:41.069514, day='TUESDAY'}
2024-03-29T20:02:00.011+09:00 DEBUG 26924 --- [    Test worker] org.hibernate.SQL                        : insert into webtoon (created_at,description,no_youth,publication_status,thumbnail,title,updated_at) values (?,?,?,?,?,?,?)
Hibernate: insert into webtoon (created_at,description,no_youth,publication_status,thumbnail,title,updated_at) values (?,?,?,?,?,?,?)
2024-03-29T20:02:00.019+09:00 DEBUG 26924 --- [    Test worker] org.hibernate.SQL                        : insert into webtoon_publishing_day (created_at,publishing_day_id,updated_at,webtoon_id) values (?,?,?,?)
Hibernate: insert into webtoon_publishing_day (created_at,publishing_day_id,updated_at,webtoon_id) values (?,?,?,?)
TUESDAY
2024-03-29T20:02:00.027+09:00 DEBUG 26924 --- [    Test worker] org.hibernate.SQL                        : select pd1_0.publishing_day_id,pd1_0.created_at,pd1_0.day,pd1_0.updated_at from publishing_day pd1_0 where pd1_0.day=?
Hibernate: select pd1_0.publishing_day_id,pd1_0.created_at,pd1_0.day,pd1_0.updated_at from publishing_day pd1_0 where pd1_0.day=?
PublishingDay{publishingDayId=2, createdAt=2024-03-29T19:55:41.069514, updatedAt=2024-03-29T19:55:41.069514, day='TUESDAY'}
2024-03-29T20:02:00.030+09:00 DEBUG 26924 --- [    Test worker] org.hibernate.SQL                        : insert into webtoon (created_at,description,no_youth,publication_status,thumbnail,title,updated_at) values (?,?,?,?,?,?,?)
Hibernate: insert into webtoon (created_at,description,no_youth,publication_status,thumbnail,title,updated_at) values (?,?,?,?,?,?,?)
2024-03-29T20:02:00.035+09:00 DEBUG 26924 --- [    Test worker] org.hibernate.SQL                        : insert into webtoon_publishing_day (created_at,publishing_day_id,updated_at,webtoon_id) values (?,?,?,?)
Hibernate: insert into webtoon_publishing_day (created_at,publishing_day_id,updated_at,webtoon_id) values (?,?,?,?)
TUESDAY
2024-03-29T20:02:00.042+09:00 DEBUG 26924 --- [    Test worker] org.hibernate.SQL                        : select pd1_0.publishing_day_id,pd1_0.created_at,pd1_0.day,pd1_0.updated_at from publishing_day pd1_0 where pd1_0.day=?
Hibernate: select pd1_0.publishing_day_id,pd1_0.created_at,pd1_0.day,pd1_0.updated_at from publishing_day pd1_0 where pd1_0.day=?
PublishingDay{publishingDayId=2, createdAt=2024-03-29T19:55:41.069514, updatedAt=2024-03-29T19:55:41.069514, day='TUESDAY'}
2024-03-29T20:02:00.045+09:00 DEBUG 26924 --- [    Test worker] org.hibernate.SQL                        : insert into webtoon (created_at,description,no_youth,publication_status,thumbnail,title,updated_at) values (?,?,?,?,?,?,?)
Hibernate: insert into webtoon (created_at,description,no_youth,publication_status,thumbnail,title,updated_at) values (?,?,?,?,?,?,?)
2024-03-29T20:02:00.050+09:00 DEBUG 26924 --- [    Test worker] org.hibernate.SQL                        : insert into webtoon_publishing_day (created_at,publishing_day_id,updated_at,webtoon_id) values (?,?,?,?)
Hibernate: insert into webtoon_publishing_day (created_at,publishing_day_id,updated_at,webtoon_id) values (?,?,?,?)
TUESDAY
2024-03-29T20:02:00.056+09:00 DEBUG 26924 --- [    Test worker] org.hibernate.SQL                        : select pd1_0.publishing_day_id,pd1_0.created_at,pd1_0.day,pd1_0.updated_at from publishing_day pd1_0 where pd1_0.day=?
Hibernate: select pd1_0.publishing_day_id,pd1_0.created_at,pd1_0.day,pd1_0.updated_at from publishing_day pd1_0 where pd1_0.day=?
PublishingDay{publishingDayId=2, createdAt=2024-03-29T19:55:41.069514, updatedAt=2024-03-29T19:55:41.069514, day='TUESDAY'}
2024-03-29T20:02:00.060+09:00 DEBUG 26924 --- [    Test worker] org.hibernate.SQL                        : insert into webtoon (created_at,description,no_youth,publication_status,thumbnail,title,updated_at) values (?,?,?,?,?,?,?)
Hibernate: insert into webtoon (created_at,description,no_youth,publication_status,thumbnail,title,updated_at) values (?,?,?,?,?,?,?)
2024-03-29T20:02:00.064+09:00 DEBUG 26924 --- [    Test worker] org.hibernate.SQL                        : insert into webtoon_publishing_day (created_at,publishing_day_id,updated_at,webtoon_id) values (?,?,?,?)
Hibernate: insert into webtoon_publishing_day (created_at,publishing_day_id,updated_at,webtoon_id) values (?,?,?,?)
TUESDAY
2024-03-29T20:02:00.072+09:00 DEBUG 26924 --- [    Test worker] org.hibernate.SQL                        : select pd1_0.publishing_day_id,pd1_0.created_at,pd1_0.day,pd1_0.updated_at from publishing_day pd1_0 where pd1_0.day=?
Hibernate: select pd1_0.publishing_day_id,pd1_0.created_at,pd1_0.day,pd1_0.updated_at from publishing_day pd1_0 where pd1_0.day=?
PublishingDay{publishingDayId=2, createdAt=2024-03-29T19:55:41.069514, updatedAt=2024-03-29T19:55:41.069514, day='TUESDAY'}
2024-03-29T20:02:00.076+09:00 DEBUG 26924 --- [    Test worker] org.hibernate.SQL                        : insert into webtoon (created_at,description,no_youth,publication_status,thumbnail,title,updated_at) values (?,?,?,?,?,?,?)
Hibernate: insert into webtoon (created_at,description,no_youth,publication_status,thumbnail,title,updated_at) values (?,?,?,?,?,?,?)
2024-03-29T20:02:00.081+09:00 DEBUG 26924 --- [    Test worker] org.hibernate.SQL                        : insert into webtoon_publishing_day (created_at,publishing_day_id,updated_at,webtoon_id) values (?,?,?,?)
Hibernate: insert into webtoon_publishing_day (created_at,publishing_day_id,updated_at,webtoon_id) values (?,?,?,?)
TUESDAY
2024-03-29T20:02:00.087+09:00 DEBUG 26924 --- [    Test worker] org.hibernate.SQL                        : select pd1_0.publishing_day_id,pd1_0.created_at,pd1_0.day,pd1_0.updated_at from publishing_day pd1_0 where pd1_0.day=?
Hibernate: select pd1_0.publishing_day_id,pd1_0.created_at,pd1_0.day,pd1_0.updated_at from publishing_day pd1_0 where pd1_0.day=?
PublishingDay{publishingDayId=2, createdAt=2024-03-29T19:55:41.069514, updatedAt=2024-03-29T19:55:41.069514, day='TUESDAY'}
2024-03-29T20:02:00.089+09:00 DEBUG 26924 --- [    Test worker] org.hibernate.SQL                        : insert into webtoon (created_at,description,no_youth,publication_status,thumbnail,title,updated_at) values (?,?,?,?,?,?,?)
Hibernate: insert into webtoon (created_at,description,no_youth,publication_status,thumbnail,title,updated_at) values (?,?,?,?,?,?,?)
2024-03-29T20:02:00.094+09:00 DEBUG 26924 --- [    Test worker] org.hibernate.SQL                        : insert into webtoon_publishing_day (created_at,publishing_day_id,updated_at,webtoon_id) values (?,?,?,?)
Hibernate: insert into webtoon_publishing_day (created_at,publishing_day_id,updated_at,webtoon_id) values (?,?,?,?)
TUESDAY
2024-03-29T20:02:00.099+09:00 DEBUG 26924 --- [    Test worker] org.hibernate.SQL                        : select pd1_0.publishing_day_id,pd1_0.created_at,pd1_0.day,pd1_0.updated_at from publishing_day pd1_0 where pd1_0.day=?
Hibernate: select pd1_0.publishing_day_id,pd1_0.created_at,pd1_0.day,pd1_0.updated_at from publishing_day pd1_0 where pd1_0.day=?
PublishingDay{publishingDayId=2, createdAt=2024-03-29T19:55:41.069514, updatedAt=2024-03-29T19:55:41.069514, day='TUESDAY'}
2024-03-29T20:02:00.101+09:00 DEBUG 26924 --- [    Test worker] org.hibernate.SQL                        : insert into webtoon (created_at,description,no_youth,publication_status,thumbnail,title,updated_at) values (?,?,?,?,?,?,?)
Hibernate: insert into webtoon (created_at,description,no_youth,publication_status,thumbnail,title,updated_at) values (?,?,?,?,?,?,?)
2024-03-29T20:02:00.104+09:00 DEBUG 26924 --- [    Test worker] org.hibernate.SQL                        : insert into webtoon_publishing_day (created_at,publishing_day_id,updated_at,webtoon_id) values (?,?,?,?)
Hibernate: insert into webtoon_publishing_day (created_at,publishing_day_id,updated_at,webtoon_id) values (?,?,?,?)
TUESDAY
2024-03-29T20:02:00.108+09:00 DEBUG 26924 --- [    Test worker] org.hibernate.SQL                        : select pd1_0.publishing_day_id,pd1_0.created_at,pd1_0.day,pd1_0.updated_at from publishing_day pd1_0 where pd1_0.day=?
Hibernate: select pd1_0.publishing_day_id,pd1_0.created_at,pd1_0.day,pd1_0.updated_at from publishing_day pd1_0 where pd1_0.day=?
PublishingDay{publishingDayId=2, createdAt=2024-03-29T19:55:41.069514, updatedAt=2024-03-29T19:55:41.069514, day='TUESDAY'}
2024-03-29T20:02:00.109+09:00 DEBUG 26924 --- [    Test worker] org.hibernate.SQL                        : insert into webtoon (created_at,description,no_youth,publication_status,thumbnail,title,updated_at) values (?,?,?,?,?,?,?)
Hibernate: insert into webtoon (created_at,description,no_youth,publication_status,thumbnail,title,updated_at) values (?,?,?,?,?,?,?)
2024-03-29T20:02:00.114+09:00 DEBUG 26924 --- [    Test worker] org.hibernate.SQL                        : insert into webtoon_publishing_day (created_at,publishing_day_id,updated_at,webtoon_id) values (?,?,?,?)
Hibernate: insert into webtoon_publishing_day (created_at,publishing_day_id,updated_at,webtoon_id) values (?,?,?,?)
TUESDAY
2024-03-29T20:02:00.119+09:00 DEBUG 26924 --- [    Test worker] org.hibernate.SQL                        : select pd1_0.publishing_day_id,pd1_0.created_at,pd1_0.day,pd1_0.updated_at from publishing_day pd1_0 where pd1_0.day=?
Hibernate: select pd1_0.publishing_day_id,pd1_0.created_at,pd1_0.day,pd1_0.updated_at from publishing_day pd1_0 where pd1_0.day=?
PublishingDay{publishingDayId=2, createdAt=2024-03-29T19:55:41.069514, updatedAt=2024-03-29T19:55:41.069514, day='TUESDAY'}
2024-03-29T20:02:00.121+09:00 DEBUG 26924 --- [    Test worker] org.hibernate.SQL                        : insert into webtoon (created_at,description,no_youth,publication_status,thumbnail,title,updated_at) values (?,?,?,?,?,?,?)
Hibernate: insert into webtoon (created_at,description,no_youth,publication_status,thumbnail,title,updated_at) values (?,?,?,?,?,?,?)
2024-03-29T20:02:00.126+09:00 DEBUG 26924 --- [    Test worker] org.hibernate.SQL                        : insert into webtoon_publishing_day (created_at,publishing_day_id,updated_at,webtoon_id) values (?,?,?,?)
Hibernate: insert into webtoon_publishing_day (created_at,publishing_day_id,updated_at,webtoon_id) values (?,?,?,?)
TUESDAY
2024-03-29T20:02:00.130+09:00 DEBUG 26924 --- [    Test worker] org.hibernate.SQL                        : select pd1_0.publishing_day_id,pd1_0.created_at,pd1_0.day,pd1_0.updated_at from publishing_day pd1_0 where pd1_0.day=?
Hibernate: select pd1_0.publishing_day_id,pd1_0.created_at,pd1_0.day,pd1_0.updated_at from publishing_day pd1_0 where pd1_0.day=?
PublishingDay{publishingDayId=2, createdAt=2024-03-29T19:55:41.069514, updatedAt=2024-03-29T19:55:41.069514, day='TUESDAY'}
2024-03-29T20:02:00.132+09:00 DEBUG 26924 --- [    Test worker] org.hibernate.SQL                        : insert into webtoon (created_at,description,no_youth,publication_status,thumbnail,title,updated_at) values (?,?,?,?,?,?,?)
Hibernate: insert into webtoon (created_at,description,no_youth,publication_status,thumbnail,title,updated_at) values (?,?,?,?,?,?,?)
2024-03-29T20:02:00.137+09:00 DEBUG 26924 --- [    Test worker] org.hibernate.SQL                        : insert into webtoon_publishing_day (created_at,publishing_day_id,updated_at,webtoon_id) values (?,?,?,?)
Hibernate: insert into webtoon_publishing_day (created_at,publishing_day_id,updated_at,webtoon_id) values (?,?,?,?)
TUESDAY
2024-03-29T20:02:00.141+09:00 DEBUG 26924 --- [    Test worker] org.hibernate.SQL                        : select pd1_0.publishing_day_id,pd1_0.created_at,pd1_0.day,pd1_0.updated_at from publishing_day pd1_0 where pd1_0.day=?
Hibernate: select pd1_0.publishing_day_id,pd1_0.created_at,pd1_0.day,pd1_0.updated_at from publishing_day pd1_0 where pd1_0.day=?
PublishingDay{publishingDayId=2, createdAt=2024-03-29T19:55:41.069514, updatedAt=2024-03-29T19:55:41.069514, day='TUESDAY'}
2024-03-29T20:02:00.144+09:00 DEBUG 26924 --- [    Test worker] org.hibernate.SQL                        : insert into webtoon (created_at,description,no_youth,publication_status,thumbnail,title,updated_at) values (?,?,?,?,?,?,?)
Hibernate: insert into webtoon (created_at,description,no_youth,publication_status,thumbnail,title,updated_at) values (?,?,?,?,?,?,?)
2024-03-29T20:02:00.150+09:00 DEBUG 26924 --- [    Test worker] org.hibernate.SQL                        : insert into webtoon_publishing_day (created_at,publishing_day_id,updated_at,webtoon_id) values (?,?,?,?)
Hibernate: insert into webtoon_publishing_day (created_at,publishing_day_id,updated_at,webtoon_id) values (?,?,?,?)
TUESDAY
2024-03-29T20:02:00.154+09:00 DEBUG 26924 --- [    Test worker] org.hibernate.SQL                        : select pd1_0.publishing_day_id,pd1_0.created_at,pd1_0.day,pd1_0.updated_at from publishing_day pd1_0 where pd1_0.day=?
Hibernate: select pd1_0.publishing_day_id,pd1_0.created_at,pd1_0.day,pd1_0.updated_at from publishing_day pd1_0 where pd1_0.day=?
PublishingDay{publishingDayId=2, createdAt=2024-03-29T19:55:41.069514, updatedAt=2024-03-29T19:55:41.069514, day='TUESDAY'}
2024-03-29T20:02:00.157+09:00 DEBUG 26924 --- [    Test worker] org.hibernate.SQL                        : insert into webtoon (created_at,description,no_youth,publication_status,thumbnail,title,updated_at) values (?,?,?,?,?,?,?)
Hibernate: insert into webtoon (created_at,description,no_youth,publication_status,thumbnail,title,updated_at) values (?,?,?,?,?,?,?)
2024-03-29T20:02:00.162+09:00 DEBUG 26924 --- [    Test worker] org.hibernate.SQL                        : insert into webtoon_publishing_day (created_at,publishing_day_id,updated_at,webtoon_id) values (?,?,?,?)
Hibernate: insert into webtoon_publishing_day (created_at,publishing_day_id,updated_at,webtoon_id) values (?,?,?,?)
TUESDAY
2024-03-29T20:02:00.167+09:00 DEBUG 26924 --- [    Test worker] org.hibernate.SQL                        : select pd1_0.publishing_day_id,pd1_0.created_at,pd1_0.day,pd1_0.updated_at from publishing_day pd1_0 where pd1_0.day=?
Hibernate: select pd1_0.publishing_day_id,pd1_0.created_at,pd1_0.day,pd1_0.updated_at from publishing_day pd1_0 where pd1_0.day=?
PublishingDay{publishingDayId=2, createdAt=2024-03-29T19:55:41.069514, updatedAt=2024-03-29T19:55:41.069514, day='TUESDAY'}
2024-03-29T20:02:00.170+09:00 DEBUG 26924 --- [    Test worker] org.hibernate.SQL                        : insert into webtoon (created_at,description,no_youth,publication_status,thumbnail,title,updated_at) values (?,?,?,?,?,?,?)
Hibernate: insert into webtoon (created_at,description,no_youth,publication_status,thumbnail,title,updated_at) values (?,?,?,?,?,?,?)
2024-03-29T20:02:00.176+09:00 DEBUG 26924 --- [    Test worker] org.hibernate.SQL                        : insert into webtoon_publishing_day (created_at,publishing_day_id,updated_at,webtoon_id) values (?,?,?,?)
Hibernate: insert into webtoon_publishing_day (created_at,publishing_day_id,updated_at,webtoon_id) values (?,?,?,?)
TUESDAY
2024-03-29T20:02:00.182+09:00 DEBUG 26924 --- [    Test worker] org.hibernate.SQL                        : select pd1_0.publishing_day_id,pd1_0.created_at,pd1_0.day,pd1_0.updated_at from publishing_day pd1_0 where pd1_0.day=?
Hibernate: select pd1_0.publishing_day_id,pd1_0.created_at,pd1_0.day,pd1_0.updated_at from publishing_day pd1_0 where pd1_0.day=?
PublishingDay{publishingDayId=2, createdAt=2024-03-29T19:55:41.069514, updatedAt=2024-03-29T19:55:41.069514, day='TUESDAY'}
2024-03-29T20:02:00.185+09:00 DEBUG 26924 --- [    Test worker] org.hibernate.SQL                        : insert into webtoon (created_at,description,no_youth,publication_status,thumbnail,title,updated_at) values (?,?,?,?,?,?,?)
Hibernate: insert into webtoon (created_at,description,no_youth,publication_status,thumbnail,title,updated_at) values (?,?,?,?,?,?,?)
2024-03-29T20:02:00.189+09:00 DEBUG 26924 --- [    Test worker] org.hibernate.SQL                        : insert into webtoon_publishing_day (created_at,publishing_day_id,updated_at,webtoon_id) values (?,?,?,?)
Hibernate: insert into webtoon_publishing_day (created_at,publishing_day_id,updated_at,webtoon_id) values (?,?,?,?)
TUESDAY
2024-03-29T20:02:00.196+09:00 DEBUG 26924 --- [    Test worker] org.hibernate.SQL                        : select pd1_0.publishing_day_id,pd1_0.created_at,pd1_0.day,pd1_0.updated_at from publishing_day pd1_0 where pd1_0.day=?
Hibernate: select pd1_0.publishing_day_id,pd1_0.created_at,pd1_0.day,pd1_0.updated_at from publishing_day pd1_0 where pd1_0.day=?
PublishingDay{publishingDayId=2, createdAt=2024-03-29T19:55:41.069514, updatedAt=2024-03-29T19:55:41.069514, day='TUESDAY'}
2024-03-29T20:02:00.198+09:00 DEBUG 26924 --- [    Test worker] org.hibernate.SQL                        : insert into webtoon (created_at,description,no_youth,publication_status,thumbnail,title,updated_at) values (?,?,?,?,?,?,?)
Hibernate: insert into webtoon (created_at,description,no_youth,publication_status,thumbnail,title,updated_at) values (?,?,?,?,?,?,?)
2024-03-29T20:02:00.204+09:00 DEBUG 26924 --- [    Test worker] org.hibernate.SQL                        : insert into webtoon_publishing_day (created_at,publishing_day_id,updated_at,webtoon_id) values (?,?,?,?)
Hibernate: insert into webtoon_publishing_day (created_at,publishing_day_id,updated_at,webtoon_id) values (?,?,?,?)
TUESDAY
2024-03-29T20:02:00.210+09:00 DEBUG 26924 --- [    Test worker] org.hibernate.SQL                        : select pd1_0.publishing_day_id,pd1_0.created_at,pd1_0.day,pd1_0.updated_at from publishing_day pd1_0 where pd1_0.day=?
Hibernate: select pd1_0.publishing_day_id,pd1_0.created_at,pd1_0.day,pd1_0.updated_at from publishing_day pd1_0 where pd1_0.day=?
PublishingDay{publishingDayId=2, createdAt=2024-03-29T19:55:41.069514, updatedAt=2024-03-29T19:55:41.069514, day='TUESDAY'}
2024-03-29T20:02:00.212+09:00 DEBUG 26924 --- [    Test worker] org.hibernate.SQL                        : insert into webtoon (created_at,description,no_youth,publication_status,thumbnail,title,updated_at) values (?,?,?,?,?,?,?)
Hibernate: insert into webtoon (created_at,description,no_youth,publication_status,thumbnail,title,updated_at) values (?,?,?,?,?,?,?)
2024-03-29T20:02:00.218+09:00 DEBUG 26924 --- [    Test worker] org.hibernate.SQL                        : insert into webtoon_publishing_day (created_at,publishing_day_id,updated_at,webtoon_id) values (?,?,?,?)
Hibernate: insert into webtoon_publishing_day (created_at,publishing_day_id,updated_at,webtoon_id) values (?,?,?,?)
TUESDAY
2024-03-29T20:02:00.225+09:00 DEBUG 26924 --- [    Test worker] org.hibernate.SQL                        : select pd1_0.publishing_day_id,pd1_0.created_at,pd1_0.day,pd1_0.updated_at from publishing_day pd1_0 where pd1_0.day=?
Hibernate: select pd1_0.publishing_day_id,pd1_0.created_at,pd1_0.day,pd1_0.updated_at from publishing_day pd1_0 where pd1_0.day=?
PublishingDay{publishingDayId=2, createdAt=2024-03-29T19:55:41.069514, updatedAt=2024-03-29T19:55:41.069514, day='TUESDAY'}
2024-03-29T20:02:00.227+09:00 DEBUG 26924 --- [    Test worker] org.hibernate.SQL                        : insert into webtoon (created_at,description,no_youth,publication_status,thumbnail,title,updated_at) values (?,?,?,?,?,?,?)
Hibernate: insert into webtoon (created_at,description,no_youth,publication_status,thumbnail,title,updated_at) values (?,?,?,?,?,?,?)
2024-03-29T20:02:00.233+09:00 DEBUG 26924 --- [    Test worker] org.hibernate.SQL                        : insert into webtoon_publishing_day (created_at,publishing_day_id,updated_at,webtoon_id) values (?,?,?,?)
Hibernate: insert into webtoon_publishing_day (created_at,publishing_day_id,updated_at,webtoon_id) values (?,?,?,?)
TUESDAY
2024-03-29T20:02:00.238+09:00 DEBUG 26924 --- [    Test worker] org.hibernate.SQL                        : select pd1_0.publishing_day_id,pd1_0.created_at,pd1_0.day,pd1_0.updated_at from publishing_day pd1_0 where pd1_0.day=?
Hibernate: select pd1_0.publishing_day_id,pd1_0.created_at,pd1_0.day,pd1_0.updated_at from publishing_day pd1_0 where pd1_0.day=?
PublishingDay{publishingDayId=2, createdAt=2024-03-29T19:55:41.069514, updatedAt=2024-03-29T19:55:41.069514, day='TUESDAY'}
2024-03-29T20:02:00.240+09:00 DEBUG 26924 --- [    Test worker] org.hibernate.SQL                        : insert into webtoon (created_at,description,no_youth,publication_status,thumbnail,title,updated_at) values (?,?,?,?,?,?,?)
Hibernate: insert into webtoon (created_at,description,no_youth,publication_status,thumbnail,title,updated_at) values (?,?,?,?,?,?,?)
2024-03-29T20:02:00.246+09:00 DEBUG 26924 --- [    Test worker] org.hibernate.SQL                        : insert into webtoon_publishing_day (created_at,publishing_day_id,updated_at,webtoon_id) values (?,?,?,?)
Hibernate: insert into webtoon_publishing_day (created_at,publishing_day_id,updated_at,webtoon_id) values (?,?,?,?)
TUESDAY
2024-03-29T20:02:00.252+09:00 DEBUG 26924 --- [    Test worker] org.hibernate.SQL                        : select pd1_0.publishing_day_id,pd1_0.created_at,pd1_0.day,pd1_0.updated_at from publishing_day pd1_0 where pd1_0.day=?
Hibernate: select pd1_0.publishing_day_id,pd1_0.created_at,pd1_0.day,pd1_0.updated_at from publishing_day pd1_0 where pd1_0.day=?
PublishingDay{publishingDayId=2, createdAt=2024-03-29T19:55:41.069514, updatedAt=2024-03-29T19:55:41.069514, day='TUESDAY'}
2024-03-29T20:02:00.255+09:00 DEBUG 26924 --- [    Test worker] org.hibernate.SQL                        : insert into webtoon (created_at,description,no_youth,publication_status,thumbnail,title,updated_at) values (?,?,?,?,?,?,?)
Hibernate: insert into webtoon (created_at,description,no_youth,publication_status,thumbnail,title,updated_at) values (?,?,?,?,?,?,?)
2024-03-29T20:02:00.261+09:00 DEBUG 26924 --- [    Test worker] org.hibernate.SQL                        : insert into webtoon_publishing_day (created_at,publishing_day_id,updated_at,webtoon_id) values (?,?,?,?)
Hibernate: insert into webtoon_publishing_day (created_at,publishing_day_id,updated_at,webtoon_id) values (?,?,?,?)
TUESDAY
2024-03-29T20:02:00.267+09:00 DEBUG 26924 --- [    Test worker] org.hibernate.SQL                        : select pd1_0.publishing_day_id,pd1_0.created_at,pd1_0.day,pd1_0.updated_at from publishing_day pd1_0 where pd1_0.day=?
Hibernate: select pd1_0.publishing_day_id,pd1_0.created_at,pd1_0.day,pd1_0.updated_at from publishing_day pd1_0 where pd1_0.day=?
PublishingDay{publishingDayId=2, createdAt=2024-03-29T19:55:41.069514, updatedAt=2024-03-29T19:55:41.069514, day='TUESDAY'}
2024-03-29T20:02:00.270+09:00 DEBUG 26924 --- [    Test worker] org.hibernate.SQL                        : insert into webtoon (created_at,description,no_youth,publication_status,thumbnail,title,updated_at) values (?,?,?,?,?,?,?)
Hibernate: insert into webtoon (created_at,description,no_youth,publication_status,thumbnail,title,updated_at) values (?,?,?,?,?,?,?)
2024-03-29T20:02:00.275+09:00 DEBUG 26924 --- [    Test worker] org.hibernate.SQL                        : insert into webtoon_publishing_day (created_at,publishing_day_id,updated_at,webtoon_id) values (?,?,?,?)
Hibernate: insert into webtoon_publishing_day (created_at,publishing_day_id,updated_at,webtoon_id) values (?,?,?,?)
TUESDAY
2024-03-29T20:02:00.281+09:00 DEBUG 26924 --- [    Test worker] org.hibernate.SQL                        : select pd1_0.publishing_day_id,pd1_0.created_at,pd1_0.day,pd1_0.updated_at from publishing_day pd1_0 where pd1_0.day=?
Hibernate: select pd1_0.publishing_day_id,pd1_0.created_at,pd1_0.day,pd1_0.updated_at from publishing_day pd1_0 where pd1_0.day=?
PublishingDay{publishingDayId=2, createdAt=2024-03-29T19:55:41.069514, updatedAt=2024-03-29T19:55:41.069514, day='TUESDAY'}
2024-03-29T20:02:00.282+09:00 DEBUG 26924 --- [    Test worker] org.hibernate.SQL                        : insert into webtoon (created_at,description,no_youth,publication_status,thumbnail,title,updated_at) values (?,?,?,?,?,?,?)
Hibernate: insert into webtoon (created_at,description,no_youth,publication_status,thumbnail,title,updated_at) values (?,?,?,?,?,?,?)
2024-03-29T20:02:00.285+09:00 DEBUG 26924 --- [    Test worker] org.hibernate.SQL                        : insert into webtoon_publishing_day (created_at,publishing_day_id,updated_at,webtoon_id) values (?,?,?,?)
Hibernate: insert into webtoon_publishing_day (created_at,publishing_day_id,updated_at,webtoon_id) values (?,?,?,?)
TUESDAY
2024-03-29T20:02:00.290+09:00 DEBUG 26924 --- [    Test worker] org.hibernate.SQL                        : select pd1_0.publishing_day_id,pd1_0.created_at,pd1_0.day,pd1_0.updated_at from publishing_day pd1_0 where pd1_0.day=?
Hibernate: select pd1_0.publishing_day_id,pd1_0.created_at,pd1_0.day,pd1_0.updated_at from publishing_day pd1_0 where pd1_0.day=?
PublishingDay{publishingDayId=2, createdAt=2024-03-29T19:55:41.069514, updatedAt=2024-03-29T19:55:41.069514, day='TUESDAY'}
2024-03-29T20:02:00.292+09:00 DEBUG 26924 --- [    Test worker] org.hibernate.SQL                        : insert into webtoon (created_at,description,no_youth,publication_status,thumbnail,title,updated_at) values (?,?,?,?,?,?,?)
Hibernate: insert into webtoon (created_at,description,no_youth,publication_status,thumbnail,title,updated_at) values (?,?,?,?,?,?,?)
2024-03-29T20:02:00.296+09:00 DEBUG 26924 --- [    Test worker] org.hibernate.SQL                        : insert into webtoon_publishing_day (created_at,publishing_day_id,updated_at,webtoon_id) values (?,?,?,?)
Hibernate: insert into webtoon_publishing_day (created_at,publishing_day_id,updated_at,webtoon_id) values (?,?,?,?)
TUESDAY
2024-03-29T20:02:00.301+09:00 DEBUG 26924 --- [    Test worker] org.hibernate.SQL                        : select pd1_0.publishing_day_id,pd1_0.created_at,pd1_0.day,pd1_0.updated_at from publishing_day pd1_0 where pd1_0.day=?
Hibernate: select pd1_0.publishing_day_id,pd1_0.created_at,pd1_0.day,pd1_0.updated_at from publishing_day pd1_0 where pd1_0.day=?
PublishingDay{publishingDayId=2, createdAt=2024-03-29T19:55:41.069514, updatedAt=2024-03-29T19:55:41.069514, day='TUESDAY'}
2024-03-29T20:02:00.303+09:00 DEBUG 26924 --- [    Test worker] org.hibernate.SQL                        : insert into webtoon (created_at,description,no_youth,publication_status,thumbnail,title,updated_at) values (?,?,?,?,?,?,?)
Hibernate: insert into webtoon (created_at,description,no_youth,publication_status,thumbnail,title,updated_at) values (?,?,?,?,?,?,?)
2024-03-29T20:02:00.307+09:00 DEBUG 26924 --- [    Test worker] org.hibernate.SQL                        : insert into webtoon_publishing_day (created_at,publishing_day_id,updated_at,webtoon_id) values (?,?,?,?)
Hibernate: insert into webtoon_publishing_day (created_at,publishing_day_id,updated_at,webtoon_id) values (?,?,?,?)
TUESDAY
2024-03-29T20:02:00.312+09:00 DEBUG 26924 --- [    Test worker] org.hibernate.SQL                        : select pd1_0.publishing_day_id,pd1_0.created_at,pd1_0.day,pd1_0.updated_at from publishing_day pd1_0 where pd1_0.day=?
Hibernate: select pd1_0.publishing_day_id,pd1_0.created_at,pd1_0.day,pd1_0.updated_at from publishing_day pd1_0 where pd1_0.day=?
PublishingDay{publishingDayId=2, createdAt=2024-03-29T19:55:41.069514, updatedAt=2024-03-29T19:55:41.069514, day='TUESDAY'}
2024-03-29T20:02:00.314+09:00 DEBUG 26924 --- [    Test worker] org.hibernate.SQL                        : insert into webtoon (created_at,description,no_youth,publication_status,thumbnail,title,updated_at) values (?,?,?,?,?,?,?)
Hibernate: insert into webtoon (created_at,description,no_youth,publication_status,thumbnail,title,updated_at) values (?,?,?,?,?,?,?)
2024-03-29T20:02:00.318+09:00 DEBUG 26924 --- [    Test worker] org.hibernate.SQL                        : insert into webtoon_publishing_day (created_at,publishing_day_id,updated_at,webtoon_id) values (?,?,?,?)
Hibernate: insert into webtoon_publishing_day (created_at,publishing_day_id,updated_at,webtoon_id) values (?,?,?,?)
TUESDAY
2024-03-29T20:02:00.323+09:00 DEBUG 26924 --- [    Test worker] org.hibernate.SQL                        : select pd1_0.publishing_day_id,pd1_0.created_at,pd1_0.day,pd1_0.updated_at from publishing_day pd1_0 where pd1_0.day=?
Hibernate: select pd1_0.publishing_day_id,pd1_0.created_at,pd1_0.day,pd1_0.updated_at from publishing_day pd1_0 where pd1_0.day=?
PublishingDay{publishingDayId=2, createdAt=2024-03-29T19:55:41.069514, updatedAt=2024-03-29T19:55:41.069514, day='TUESDAY'}
2024-03-29T20:02:00.326+09:00 DEBUG 26924 --- [    Test worker] org.hibernate.SQL                        : insert into webtoon (created_at,description,no_youth,publication_status,thumbnail,title,updated_at) values (?,?,?,?,?,?,?)
Hibernate: insert into webtoon (created_at,description,no_youth,publication_status,thumbnail,title,updated_at) values (?,?,?,?,?,?,?)
2024-03-29T20:02:00.330+09:00 DEBUG 26924 --- [    Test worker] org.hibernate.SQL                        : insert into webtoon_publishing_day (created_at,publishing_day_id,updated_at,webtoon_id) values (?,?,?,?)
Hibernate: insert into webtoon_publishing_day (created_at,publishing_day_id,updated_at,webtoon_id) values (?,?,?,?)
TUESDAY
2024-03-29T20:02:00.335+09:00 DEBUG 26924 --- [    Test worker] org.hibernate.SQL                        : select pd1_0.publishing_day_id,pd1_0.created_at,pd1_0.day,pd1_0.updated_at from publishing_day pd1_0 where pd1_0.day=?
Hibernate: select pd1_0.publishing_day_id,pd1_0.created_at,pd1_0.day,pd1_0.updated_at from publishing_day pd1_0 where pd1_0.day=?
PublishingDay{publishingDayId=2, createdAt=2024-03-29T19:55:41.069514, updatedAt=2024-03-29T19:55:41.069514, day='TUESDAY'}
2024-03-29T20:02:00.336+09:00 DEBUG 26924 --- [    Test worker] org.hibernate.SQL                        : insert into webtoon (created_at,description,no_youth,publication_status,thumbnail,title,updated_at) values (?,?,?,?,?,?,?)
Hibernate: insert into webtoon (created_at,description,no_youth,publication_status,thumbnail,title,updated_at) values (?,?,?,?,?,?,?)
2024-03-29T20:02:00.341+09:00 DEBUG 26924 --- [    Test worker] org.hibernate.SQL                        : insert into webtoon_publishing_day (created_at,publishing_day_id,updated_at,webtoon_id) values (?,?,?,?)
Hibernate: insert into webtoon_publishing_day (created_at,publishing_day_id,updated_at,webtoon_id) values (?,?,?,?)
TUESDAY
2024-03-29T20:02:00.346+09:00 DEBUG 26924 --- [    Test worker] org.hibernate.SQL                        : select pd1_0.publishing_day_id,pd1_0.created_at,pd1_0.day,pd1_0.updated_at from publishing_day pd1_0 where pd1_0.day=?
Hibernate: select pd1_0.publishing_day_id,pd1_0.created_at,pd1_0.day,pd1_0.updated_at from publishing_day pd1_0 where pd1_0.day=?
PublishingDay{publishingDayId=2, createdAt=2024-03-29T19:55:41.069514, updatedAt=2024-03-29T19:55:41.069514, day='TUESDAY'}
2024-03-29T20:02:00.349+09:00 DEBUG 26924 --- [    Test worker] org.hibernate.SQL                        : insert into webtoon (created_at,description,no_youth,publication_status,thumbnail,title,updated_at) values (?,?,?,?,?,?,?)
Hibernate: insert into webtoon (created_at,description,no_youth,publication_status,thumbnail,title,updated_at) values (?,?,?,?,?,?,?)
2024-03-29T20:02:00.353+09:00 DEBUG 26924 --- [    Test worker] org.hibernate.SQL                        : insert into webtoon_publishing_day (created_at,publishing_day_id,updated_at,webtoon_id) values (?,?,?,?)
Hibernate: insert into webtoon_publishing_day (created_at,publishing_day_id,updated_at,webtoon_id) values (?,?,?,?)
TUESDAY
2024-03-29T20:02:00.360+09:00 DEBUG 26924 --- [    Test worker] org.hibernate.SQL                        : select pd1_0.publishing_day_id,pd1_0.created_at,pd1_0.day,pd1_0.updated_at from publishing_day pd1_0 where pd1_0.day=?
Hibernate: select pd1_0.publishing_day_id,pd1_0.created_at,pd1_0.day,pd1_0.updated_at from publishing_day pd1_0 where pd1_0.day=?
PublishingDay{publishingDayId=2, createdAt=2024-03-29T19:55:41.069514, updatedAt=2024-03-29T19:55:41.069514, day='TUESDAY'}
2024-03-29T20:02:00.362+09:00 DEBUG 26924 --- [    Test worker] org.hibernate.SQL                        : insert into webtoon (created_at,description,no_youth,publication_status,thumbnail,title,updated_at) values (?,?,?,?,?,?,?)
Hibernate: insert into webtoon (created_at,description,no_youth,publication_status,thumbnail,title,updated_at) values (?,?,?,?,?,?,?)
2024-03-29T20:02:00.367+09:00 DEBUG 26924 --- [    Test worker] org.hibernate.SQL                        : insert into webtoon_publishing_day (created_at,publishing_day_id,updated_at,webtoon_id) values (?,?,?,?)
Hibernate: insert into webtoon_publishing_day (created_at,publishing_day_id,updated_at,webtoon_id) values (?,?,?,?)
TUESDAY
2024-03-29T20:02:00.373+09:00 DEBUG 26924 --- [    Test worker] org.hibernate.SQL                        : select pd1_0.publishing_day_id,pd1_0.created_at,pd1_0.day,pd1_0.updated_at from publishing_day pd1_0 where pd1_0.day=?
Hibernate: select pd1_0.publishing_day_id,pd1_0.created_at,pd1_0.day,pd1_0.updated_at from publishing_day pd1_0 where pd1_0.day=?
PublishingDay{publishingDayId=2, createdAt=2024-03-29T19:55:41.069514, updatedAt=2024-03-29T19:55:41.069514, day='TUESDAY'}
2024-03-29T20:02:00.375+09:00 DEBUG 26924 --- [    Test worker] org.hibernate.SQL                        : insert into webtoon (created_at,description,no_youth,publication_status,thumbnail,title,updated_at) values (?,?,?,?,?,?,?)
Hibernate: insert into webtoon (created_at,description,no_youth,publication_status,thumbnail,title,updated_at) values (?,?,?,?,?,?,?)
2024-03-29T20:02:00.381+09:00 DEBUG 26924 --- [    Test worker] org.hibernate.SQL                        : insert into webtoon_publishing_day (created_at,publishing_day_id,updated_at,webtoon_id) values (?,?,?,?)
Hibernate: insert into webtoon_publishing_day (created_at,publishing_day_id,updated_at,webtoon_id) values (?,?,?,?)
TUESDAY
2024-03-29T20:02:00.386+09:00 DEBUG 26924 --- [    Test worker] org.hibernate.SQL                        : select pd1_0.publishing_day_id,pd1_0.created_at,pd1_0.day,pd1_0.updated_at from publishing_day pd1_0 where pd1_0.day=?
Hibernate: select pd1_0.publishing_day_id,pd1_0.created_at,pd1_0.day,pd1_0.updated_at from publishing_day pd1_0 where pd1_0.day=?
PublishingDay{publishingDayId=2, createdAt=2024-03-29T19:55:41.069514, updatedAt=2024-03-29T19:55:41.069514, day='TUESDAY'}
2024-03-29T20:02:00.390+09:00 DEBUG 26924 --- [    Test worker] org.hibernate.SQL                        : insert into webtoon (created_at,description,no_youth,publication_status,thumbnail,title,updated_at) values (?,?,?,?,?,?,?)
Hibernate: insert into webtoon (created_at,description,no_youth,publication_status,thumbnail,title,updated_at) values (?,?,?,?,?,?,?)
2024-03-29T20:02:00.395+09:00 DEBUG 26924 --- [    Test worker] org.hibernate.SQL                        : insert into webtoon_publishing_day (created_at,publishing_day_id,updated_at,webtoon_id) values (?,?,?,?)
Hibernate: insert into webtoon_publishing_day (created_at,publishing_day_id,updated_at,webtoon_id) values (?,?,?,?)
TUESDAY
2024-03-29T20:02:00.401+09:00 DEBUG 26924 --- [    Test worker] org.hibernate.SQL                        : select pd1_0.publishing_day_id,pd1_0.created_at,pd1_0.day,pd1_0.updated_at from publishing_day pd1_0 where pd1_0.day=?
Hibernate: select pd1_0.publishing_day_id,pd1_0.created_at,pd1_0.day,pd1_0.updated_at from publishing_day pd1_0 where pd1_0.day=?
PublishingDay{publishingDayId=2, createdAt=2024-03-29T19:55:41.069514, updatedAt=2024-03-29T19:55:41.069514, day='TUESDAY'}
2024-03-29T20:02:00.404+09:00 DEBUG 26924 --- [    Test worker] org.hibernate.SQL                        : insert into webtoon (created_at,description,no_youth,publication_status,thumbnail,title,updated_at) values (?,?,?,?,?,?,?)
Hibernate: insert into webtoon (created_at,description,no_youth,publication_status,thumbnail,title,updated_at) values (?,?,?,?,?,?,?)
2024-03-29T20:02:00.412+09:00 DEBUG 26924 --- [    Test worker] org.hibernate.SQL                        : insert into webtoon_publishing_day (created_at,publishing_day_id,updated_at,webtoon_id) values (?,?,?,?)
Hibernate: insert into webtoon_publishing_day (created_at,publishing_day_id,updated_at,webtoon_id) values (?,?,?,?)
TUESDAY
2024-03-29T20:02:00.418+09:00 DEBUG 26924 --- [    Test worker] org.hibernate.SQL                        : select pd1_0.publishing_day_id,pd1_0.created_at,pd1_0.day,pd1_0.updated_at from publishing_day pd1_0 where pd1_0.day=?
Hibernate: select pd1_0.publishing_day_id,pd1_0.created_at,pd1_0.day,pd1_0.updated_at from publishing_day pd1_0 where pd1_0.day=?
PublishingDay{publishingDayId=2, createdAt=2024-03-29T19:55:41.069514, updatedAt=2024-03-29T19:55:41.069514, day='TUESDAY'}
2024-03-29T20:02:00.421+09:00 DEBUG 26924 --- [    Test worker] org.hibernate.SQL                        : insert into webtoon (created_at,description,no_youth,publication_status,thumbnail,title,updated_at) values (?,?,?,?,?,?,?)
Hibernate: insert into webtoon (created_at,description,no_youth,publication_status,thumbnail,title,updated_at) values (?,?,?,?,?,?,?)
2024-03-29T20:02:00.428+09:00 DEBUG 26924 --- [    Test worker] org.hibernate.SQL                        : insert into webtoon_publishing_day (created_at,publishing_day_id,updated_at,webtoon_id) values (?,?,?,?)
Hibernate: insert into webtoon_publishing_day (created_at,publishing_day_id,updated_at,webtoon_id) values (?,?,?,?)
TUESDAY
2024-03-29T20:02:00.434+09:00 DEBUG 26924 --- [    Test worker] org.hibernate.SQL                        : select pd1_0.publishing_day_id,pd1_0.created_at,pd1_0.day,pd1_0.updated_at from publishing_day pd1_0 where pd1_0.day=?
Hibernate: select pd1_0.publishing_day_id,pd1_0.created_at,pd1_0.day,pd1_0.updated_at from publishing_day pd1_0 where pd1_0.day=?
PublishingDay{publishingDayId=2, createdAt=2024-03-29T19:55:41.069514, updatedAt=2024-03-29T19:55:41.069514, day='TUESDAY'}
2024-03-29T20:02:00.437+09:00 DEBUG 26924 --- [    Test worker] org.hibernate.SQL                        : insert into webtoon (created_at,description,no_youth,publication_status,thumbnail,title,updated_at) values (?,?,?,?,?,?,?)
Hibernate: insert into webtoon (created_at,description,no_youth,publication_status,thumbnail,title,updated_at) values (?,?,?,?,?,?,?)
2024-03-29T20:02:00.445+09:00 DEBUG 26924 --- [    Test worker] org.hibernate.SQL                        : insert into webtoon_publishing_day (created_at,publishing_day_id,updated_at,webtoon_id) values (?,?,?,?)
Hibernate: insert into webtoon_publishing_day (created_at,publishing_day_id,updated_at,webtoon_id) values (?,?,?,?)
TUESDAY
2024-03-29T20:02:00.451+09:00 DEBUG 26924 --- [    Test worker] org.hibernate.SQL                        : select pd1_0.publishing_day_id,pd1_0.created_at,pd1_0.day,pd1_0.updated_at from publishing_day pd1_0 where pd1_0.day=?
Hibernate: select pd1_0.publishing_day_id,pd1_0.created_at,pd1_0.day,pd1_0.updated_at from publishing_day pd1_0 where pd1_0.day=?
PublishingDay{publishingDayId=2, createdAt=2024-03-29T19:55:41.069514, updatedAt=2024-03-29T19:55:41.069514, day='TUESDAY'}
2024-03-29T20:02:00.454+09:00 DEBUG 26924 --- [    Test worker] org.hibernate.SQL                        : insert into webtoon (created_at,description,no_youth,publication_status,thumbnail,title,updated_at) values (?,?,?,?,?,?,?)
Hibernate: insert into webtoon (created_at,description,no_youth,publication_status,thumbnail,title,updated_at) values (?,?,?,?,?,?,?)
2024-03-29T20:02:00.460+09:00 DEBUG 26924 --- [    Test worker] org.hibernate.SQL                        : insert into webtoon_publishing_day (created_at,publishing_day_id,updated_at,webtoon_id) values (?,?,?,?)
Hibernate: insert into webtoon_publishing_day (created_at,publishing_day_id,updated_at,webtoon_id) values (?,?,?,?)
TUESDAY
2024-03-29T20:02:00.468+09:00 DEBUG 26924 --- [    Test worker] org.hibernate.SQL                        : select pd1_0.publishing_day_id,pd1_0.created_at,pd1_0.day,pd1_0.updated_at from publishing_day pd1_0 where pd1_0.day=?
Hibernate: select pd1_0.publishing_day_id,pd1_0.created_at,pd1_0.day,pd1_0.updated_at from publishing_day pd1_0 where pd1_0.day=?
PublishingDay{publishingDayId=2, createdAt=2024-03-29T19:55:41.069514, updatedAt=2024-03-29T19:55:41.069514, day='TUESDAY'}
2024-03-29T20:02:00.470+09:00 DEBUG 26924 --- [    Test worker] org.hibernate.SQL                        : insert into webtoon (created_at,description,no_youth,publication_status,thumbnail,title,updated_at) values (?,?,?,?,?,?,?)
Hibernate: insert into webtoon (created_at,description,no_youth,publication_status,thumbnail,title,updated_at) values (?,?,?,?,?,?,?)
2024-03-29T20:02:00.478+09:00 DEBUG 26924 --- [    Test worker] org.hibernate.SQL                        : insert into webtoon_publishing_day (created_at,publishing_day_id,updated_at,webtoon_id) values (?,?,?,?)
Hibernate: insert into webtoon_publishing_day (created_at,publishing_day_id,updated_at,webtoon_id) values (?,?,?,?)
TUESDAY
2024-03-29T20:02:00.484+09:00 DEBUG 26924 --- [    Test worker] org.hibernate.SQL                        : select pd1_0.publishing_day_id,pd1_0.created_at,pd1_0.day,pd1_0.updated_at from publishing_day pd1_0 where pd1_0.day=?
Hibernate: select pd1_0.publishing_day_id,pd1_0.created_at,pd1_0.day,pd1_0.updated_at from publishing_day pd1_0 where pd1_0.day=?
PublishingDay{publishingDayId=2, createdAt=2024-03-29T19:55:41.069514, updatedAt=2024-03-29T19:55:41.069514, day='TUESDAY'}
2024-03-29T20:02:00.487+09:00 DEBUG 26924 --- [    Test worker] org.hibernate.SQL                        : insert into webtoon (created_at,description,no_youth,publication_status,thumbnail,title,updated_at) values (?,?,?,?,?,?,?)
Hibernate: insert into webtoon (created_at,description,no_youth,publication_status,thumbnail,title,updated_at) values (?,?,?,?,?,?,?)
2024-03-29T20:02:00.492+09:00 DEBUG 26924 --- [    Test worker] org.hibernate.SQL                        : insert into webtoon_publishing_day (created_at,publishing_day_id,updated_at,webtoon_id) values (?,?,?,?)
Hibernate: insert into webtoon_publishing_day (created_at,publishing_day_id,updated_at,webtoon_id) values (?,?,?,?)
TUESDAY
2024-03-29T20:02:00.498+09:00 DEBUG 26924 --- [    Test worker] org.hibernate.SQL                        : select pd1_0.publishing_day_id,pd1_0.created_at,pd1_0.day,pd1_0.updated_at from publishing_day pd1_0 where pd1_0.day=?
Hibernate: select pd1_0.publishing_day_id,pd1_0.created_at,pd1_0.day,pd1_0.updated_at from publishing_day pd1_0 where pd1_0.day=?
PublishingDay{publishingDayId=2, createdAt=2024-03-29T19:55:41.069514, updatedAt=2024-03-29T19:55:41.069514, day='TUESDAY'}
2024-03-29T20:02:00.501+09:00 DEBUG 26924 --- [    Test worker] org.hibernate.SQL                        : insert into webtoon (created_at,description,no_youth,publication_status,thumbnail,title,updated_at) values (?,?,?,?,?,?,?)
Hibernate: insert into webtoon (created_at,description,no_youth,publication_status,thumbnail,title,updated_at) values (?,?,?,?,?,?,?)
2024-03-29T20:02:00.506+09:00 DEBUG 26924 --- [    Test worker] org.hibernate.SQL                        : insert into webtoon_publishing_day (created_at,publishing_day_id,updated_at,webtoon_id) values (?,?,?,?)
Hibernate: insert into webtoon_publishing_day (created_at,publishing_day_id,updated_at,webtoon_id) values (?,?,?,?)
TUESDAY
2024-03-29T20:02:00.512+09:00 DEBUG 26924 --- [    Test worker] org.hibernate.SQL                        : select pd1_0.publishing_day_id,pd1_0.created_at,pd1_0.day,pd1_0.updated_at from publishing_day pd1_0 where pd1_0.day=?
Hibernate: select pd1_0.publishing_day_id,pd1_0.created_at,pd1_0.day,pd1_0.updated_at from publishing_day pd1_0 where pd1_0.day=?
PublishingDay{publishingDayId=2, createdAt=2024-03-29T19:55:41.069514, updatedAt=2024-03-29T19:55:41.069514, day='TUESDAY'}
2024-03-29T20:02:00.515+09:00 DEBUG 26924 --- [    Test worker] org.hibernate.SQL                        : insert into webtoon (created_at,description,no_youth,publication_status,thumbnail,title,updated_at) values (?,?,?,?,?,?,?)
Hibernate: insert into webtoon (created_at,description,no_youth,publication_status,thumbnail,title,updated_at) values (?,?,?,?,?,?,?)
2024-03-29T20:02:00.519+09:00 DEBUG 26924 --- [    Test worker] org.hibernate.SQL                        : insert into webtoon_publishing_day (created_at,publishing_day_id,updated_at,webtoon_id) values (?,?,?,?)
Hibernate: insert into webtoon_publishing_day (created_at,publishing_day_id,updated_at,webtoon_id) values (?,?,?,?)
TUESDAY
2024-03-29T20:02:00.527+09:00 DEBUG 26924 --- [    Test worker] org.hibernate.SQL                        : select pd1_0.publishing_day_id,pd1_0.created_at,pd1_0.day,pd1_0.updated_at from publishing_day pd1_0 where pd1_0.day=?
Hibernate: select pd1_0.publishing_day_id,pd1_0.created_at,pd1_0.day,pd1_0.updated_at from publishing_day pd1_0 where pd1_0.day=?
PublishingDay{publishingDayId=2, createdAt=2024-03-29T19:55:41.069514, updatedAt=2024-03-29T19:55:41.069514, day='TUESDAY'}
2024-03-29T20:02:00.530+09:00 DEBUG 26924 --- [    Test worker] org.hibernate.SQL                        : insert into webtoon (created_at,description,no_youth,publication_status,thumbnail,title,updated_at) values (?,?,?,?,?,?,?)
Hibernate: insert into webtoon (created_at,description,no_youth,publication_status,thumbnail,title,updated_at) values (?,?,?,?,?,?,?)
2024-03-29T20:02:00.536+09:00 DEBUG 26924 --- [    Test worker] org.hibernate.SQL                        : insert into webtoon_publishing_day (created_at,publishing_day_id,updated_at,webtoon_id) values (?,?,?,?)
Hibernate: insert into webtoon_publishing_day (created_at,publishing_day_id,updated_at,webtoon_id) values (?,?,?,?)
TUESDAY
2024-03-29T20:02:00.542+09:00 DEBUG 26924 --- [    Test worker] org.hibernate.SQL                        : select pd1_0.publishing_day_id,pd1_0.created_at,pd1_0.day,pd1_0.updated_at from publishing_day pd1_0 where pd1_0.day=?
Hibernate: select pd1_0.publishing_day_id,pd1_0.created_at,pd1_0.day,pd1_0.updated_at from publishing_day pd1_0 where pd1_0.day=?
PublishingDay{publishingDayId=2, createdAt=2024-03-29T19:55:41.069514, updatedAt=2024-03-29T19:55:41.069514, day='TUESDAY'}
2024-03-29T20:02:00.545+09:00 DEBUG 26924 --- [    Test worker] org.hibernate.SQL                        : insert into webtoon (created_at,description,no_youth,publication_status,thumbnail,title,updated_at) values (?,?,?,?,?,?,?)
Hibernate: insert into webtoon (created_at,description,no_youth,publication_status,thumbnail,title,updated_at) values (?,?,?,?,?,?,?)
2024-03-29T20:02:00.550+09:00 DEBUG 26924 --- [    Test worker] org.hibernate.SQL                        : insert into webtoon_publishing_day (created_at,publishing_day_id,updated_at,webtoon_id) values (?,?,?,?)
Hibernate: insert into webtoon_publishing_day (created_at,publishing_day_id,updated_at,webtoon_id) values (?,?,?,?)
TUESDAY
2024-03-29T20:02:00.554+09:00 DEBUG 26924 --- [    Test worker] org.hibernate.SQL                        : select pd1_0.publishing_day_id,pd1_0.created_at,pd1_0.day,pd1_0.updated_at from publishing_day pd1_0 where pd1_0.day=?
Hibernate: select pd1_0.publishing_day_id,pd1_0.created_at,pd1_0.day,pd1_0.updated_at from publishing_day pd1_0 where pd1_0.day=?
PublishingDay{publishingDayId=2, createdAt=2024-03-29T19:55:41.069514, updatedAt=2024-03-29T19:55:41.069514, day='TUESDAY'}
2024-03-29T20:02:00.556+09:00 DEBUG 26924 --- [    Test worker] org.hibernate.SQL                        : insert into webtoon (created_at,description,no_youth,publication_status,thumbnail,title,updated_at) values (?,?,?,?,?,?,?)
Hibernate: insert into webtoon (created_at,description,no_youth,publication_status,thumbnail,title,updated_at) values (?,?,?,?,?,?,?)
2024-03-29T20:02:00.560+09:00 DEBUG 26924 --- [    Test worker] org.hibernate.SQL                        : insert into webtoon_publishing_day (created_at,publishing_day_id,updated_at,webtoon_id) values (?,?,?,?)
Hibernate: insert into webtoon_publishing_day (created_at,publishing_day_id,updated_at,webtoon_id) values (?,?,?,?)
TUESDAY
2024-03-29T20:02:00.564+09:00 DEBUG 26924 --- [    Test worker] org.hibernate.SQL                        : select pd1_0.publishing_day_id,pd1_0.created_at,pd1_0.day,pd1_0.updated_at from publishing_day pd1_0 where pd1_0.day=?
Hibernate: select pd1_0.publishing_day_id,pd1_0.created_at,pd1_0.day,pd1_0.updated_at from publishing_day pd1_0 where pd1_0.day=?
PublishingDay{publishingDayId=2, createdAt=2024-03-29T19:55:41.069514, updatedAt=2024-03-29T19:55:41.069514, day='TUESDAY'}
2024-03-29T20:02:00.566+09:00 DEBUG 26924 --- [    Test worker] org.hibernate.SQL                        : insert into webtoon (created_at,description,no_youth,publication_status,thumbnail,title,updated_at) values (?,?,?,?,?,?,?)
Hibernate: insert into webtoon (created_at,description,no_youth,publication_status,thumbnail,title,updated_at) values (?,?,?,?,?,?,?)
2024-03-29T20:02:00.569+09:00 DEBUG 26924 --- [    Test worker] org.hibernate.SQL                        : insert into webtoon_publishing_day (created_at,publishing_day_id,updated_at,webtoon_id) values (?,?,?,?)
Hibernate: insert into webtoon_publishing_day (created_at,publishing_day_id,updated_at,webtoon_id) values (?,?,?,?)
TUESDAY
2024-03-29T20:02:00.574+09:00 DEBUG 26924 --- [    Test worker] org.hibernate.SQL                        : select pd1_0.publishing_day_id,pd1_0.created_at,pd1_0.day,pd1_0.updated_at from publishing_day pd1_0 where pd1_0.day=?
Hibernate: select pd1_0.publishing_day_id,pd1_0.created_at,pd1_0.day,pd1_0.updated_at from publishing_day pd1_0 where pd1_0.day=?
PublishingDay{publishingDayId=2, createdAt=2024-03-29T19:55:41.069514, updatedAt=2024-03-29T19:55:41.069514, day='TUESDAY'}
2024-03-29T20:02:00.576+09:00 DEBUG 26924 --- [    Test worker] org.hibernate.SQL                        : insert into webtoon (created_at,description,no_youth,publication_status,thumbnail,title,updated_at) values (?,?,?,?,?,?,?)
Hibernate: insert into webtoon (created_at,description,no_youth,publication_status,thumbnail,title,updated_at) values (?,?,?,?,?,?,?)
2024-03-29T20:02:00.581+09:00 DEBUG 26924 --- [    Test worker] org.hibernate.SQL                        : insert into webtoon_publishing_day (created_at,publishing_day_id,updated_at,webtoon_id) values (?,?,?,?)
Hibernate: insert into webtoon_publishing_day (created_at,publishing_day_id,updated_at,webtoon_id) values (?,?,?,?)
TUESDAY
2024-03-29T20:02:00.586+09:00 DEBUG 26924 --- [    Test worker] org.hibernate.SQL                        : select pd1_0.publishing_day_id,pd1_0.created_at,pd1_0.day,pd1_0.updated_at from publishing_day pd1_0 where pd1_0.day=?
Hibernate: select pd1_0.publishing_day_id,pd1_0.created_at,pd1_0.day,pd1_0.updated_at from publishing_day pd1_0 where pd1_0.day=?
PublishingDay{publishingDayId=2, createdAt=2024-03-29T19:55:41.069514, updatedAt=2024-03-29T19:55:41.069514, day='TUESDAY'}
2024-03-29T20:02:00.587+09:00 DEBUG 26924 --- [    Test worker] org.hibernate.SQL                        : insert into webtoon (created_at,description,no_youth,publication_status,thumbnail,title,updated_at) values (?,?,?,?,?,?,?)
Hibernate: insert into webtoon (created_at,description,no_youth,publication_status,thumbnail,title,updated_at) values (?,?,?,?,?,?,?)
2024-03-29T20:02:00.594+09:00 DEBUG 26924 --- [    Test worker] org.hibernate.SQL                        : insert into webtoon_publishing_day (created_at,publishing_day_id,updated_at,webtoon_id) values (?,?,?,?)
Hibernate: insert into webtoon_publishing_day (created_at,publishing_day_id,updated_at,webtoon_id) values (?,?,?,?)
TUESDAY
2024-03-29T20:02:00.598+09:00 DEBUG 26924 --- [    Test worker] org.hibernate.SQL                        : select pd1_0.publishing_day_id,pd1_0.created_at,pd1_0.day,pd1_0.updated_at from publishing_day pd1_0 where pd1_0.day=?
Hibernate: select pd1_0.publishing_day_id,pd1_0.created_at,pd1_0.day,pd1_0.updated_at from publishing_day pd1_0 where pd1_0.day=?
PublishingDay{publishingDayId=2, createdAt=2024-03-29T19:55:41.069514, updatedAt=2024-03-29T19:55:41.069514, day='TUESDAY'}
2024-03-29T20:02:00.601+09:00 DEBUG 26924 --- [    Test worker] org.hibernate.SQL                        : insert into webtoon (created_at,description,no_youth,publication_status,thumbnail,title,updated_at) values (?,?,?,?,?,?,?)
Hibernate: insert into webtoon (created_at,description,no_youth,publication_status,thumbnail,title,updated_at) values (?,?,?,?,?,?,?)
2024-03-29T20:02:00.605+09:00 DEBUG 26924 --- [    Test worker] org.hibernate.SQL                        : insert into webtoon_publishing_day (created_at,publishing_day_id,updated_at,webtoon_id) values (?,?,?,?)
Hibernate: insert into webtoon_publishing_day (created_at,publishing_day_id,updated_at,webtoon_id) values (?,?,?,?)
TUESDAY
2024-03-29T20:02:00.610+09:00 DEBUG 26924 --- [    Test worker] org.hibernate.SQL                        : select pd1_0.publishing_day_id,pd1_0.created_at,pd1_0.day,pd1_0.updated_at from publishing_day pd1_0 where pd1_0.day=?
Hibernate: select pd1_0.publishing_day_id,pd1_0.created_at,pd1_0.day,pd1_0.updated_at from publishing_day pd1_0 where pd1_0.day=?
PublishingDay{publishingDayId=2, createdAt=2024-03-29T19:55:41.069514, updatedAt=2024-03-29T19:55:41.069514, day='TUESDAY'}
2024-03-29T20:02:00.612+09:00 DEBUG 26924 --- [    Test worker] org.hibernate.SQL                        : insert into webtoon (created_at,description,no_youth,publication_status,thumbnail,title,updated_at) values (?,?,?,?,?,?,?)
Hibernate: insert into webtoon (created_at,description,no_youth,publication_status,thumbnail,title,updated_at) values (?,?,?,?,?,?,?)
2024-03-29T20:02:00.617+09:00 DEBUG 26924 --- [    Test worker] org.hibernate.SQL                        : insert into webtoon_publishing_day (created_at,publishing_day_id,updated_at,webtoon_id) values (?,?,?,?)
Hibernate: insert into webtoon_publishing_day (created_at,publishing_day_id,updated_at,webtoon_id) values (?,?,?,?)
TUESDAY
2024-03-29T20:02:00.622+09:00 DEBUG 26924 --- [    Test worker] org.hibernate.SQL                        : select pd1_0.publishing_day_id,pd1_0.created_at,pd1_0.day,pd1_0.updated_at from publishing_day pd1_0 where pd1_0.day=?
Hibernate: select pd1_0.publishing_day_id,pd1_0.created_at,pd1_0.day,pd1_0.updated_at from publishing_day pd1_0 where pd1_0.day=?
PublishingDay{publishingDayId=2, createdAt=2024-03-29T19:55:41.069514, updatedAt=2024-03-29T19:55:41.069514, day='TUESDAY'}
2024-03-29T20:02:00.624+09:00 DEBUG 26924 --- [    Test worker] org.hibernate.SQL                        : insert into webtoon (created_at,description,no_youth,publication_status,thumbnail,title,updated_at) values (?,?,?,?,?,?,?)
Hibernate: insert into webtoon (created_at,description,no_youth,publication_status,thumbnail,title,updated_at) values (?,?,?,?,?,?,?)
2024-03-29T20:02:00.629+09:00 DEBUG 26924 --- [    Test worker] org.hibernate.SQL                        : insert into webtoon_publishing_day (created_at,publishing_day_id,updated_at,webtoon_id) values (?,?,?,?)
Hibernate: insert into webtoon_publishing_day (created_at,publishing_day_id,updated_at,webtoon_id) values (?,?,?,?)
TUESDAY
2024-03-29T20:02:00.635+09:00 DEBUG 26924 --- [    Test worker] org.hibernate.SQL                        : select pd1_0.publishing_day_id,pd1_0.created_at,pd1_0.day,pd1_0.updated_at from publishing_day pd1_0 where pd1_0.day=?
Hibernate: select pd1_0.publishing_day_id,pd1_0.created_at,pd1_0.day,pd1_0.updated_at from publishing_day pd1_0 where pd1_0.day=?
PublishingDay{publishingDayId=2, createdAt=2024-03-29T19:55:41.069514, updatedAt=2024-03-29T19:55:41.069514, day='TUESDAY'}
2024-03-29T20:02:00.638+09:00 DEBUG 26924 --- [    Test worker] org.hibernate.SQL                        : insert into webtoon (created_at,description,no_youth,publication_status,thumbnail,title,updated_at) values (?,?,?,?,?,?,?)
Hibernate: insert into webtoon (created_at,description,no_youth,publication_status,thumbnail,title,updated_at) values (?,?,?,?,?,?,?)
2024-03-29T20:02:00.643+09:00 DEBUG 26924 --- [    Test worker] org.hibernate.SQL                        : insert into webtoon_publishing_day (created_at,publishing_day_id,updated_at,webtoon_id) values (?,?,?,?)
Hibernate: insert into webtoon_publishing_day (created_at,publishing_day_id,updated_at,webtoon_id) values (?,?,?,?)
TUESDAY
2024-03-29T20:02:00.650+09:00 DEBUG 26924 --- [    Test worker] org.hibernate.SQL                        : select pd1_0.publishing_day_id,pd1_0.created_at,pd1_0.day,pd1_0.updated_at from publishing_day pd1_0 where pd1_0.day=?
Hibernate: select pd1_0.publishing_day_id,pd1_0.created_at,pd1_0.day,pd1_0.updated_at from publishing_day pd1_0 where pd1_0.day=?
PublishingDay{publishingDayId=2, createdAt=2024-03-29T19:55:41.069514, updatedAt=2024-03-29T19:55:41.069514, day='TUESDAY'}
2024-03-29T20:02:00.654+09:00 DEBUG 26924 --- [    Test worker] org.hibernate.SQL                        : insert into webtoon (created_at,description,no_youth,publication_status,thumbnail,title,updated_at) values (?,?,?,?,?,?,?)
Hibernate: insert into webtoon (created_at,description,no_youth,publication_status,thumbnail,title,updated_at) values (?,?,?,?,?,?,?)
2024-03-29T20:02:00.660+09:00 DEBUG 26924 --- [    Test worker] org.hibernate.SQL                        : insert into webtoon_publishing_day (created_at,publishing_day_id,updated_at,webtoon_id) values (?,?,?,?)
Hibernate: insert into webtoon_publishing_day (created_at,publishing_day_id,updated_at,webtoon_id) values (?,?,?,?)
TUESDAY
2024-03-29T20:02:00.667+09:00 DEBUG 26924 --- [    Test worker] org.hibernate.SQL                        : select pd1_0.publishing_day_id,pd1_0.created_at,pd1_0.day,pd1_0.updated_at from publishing_day pd1_0 where pd1_0.day=?
Hibernate: select pd1_0.publishing_day_id,pd1_0.created_at,pd1_0.day,pd1_0.updated_at from publishing_day pd1_0 where pd1_0.day=?
PublishingDay{publishingDayId=2, createdAt=2024-03-29T19:55:41.069514, updatedAt=2024-03-29T19:55:41.069514, day='TUESDAY'}
2024-03-29T20:02:00.669+09:00 DEBUG 26924 --- [    Test worker] org.hibernate.SQL                        : insert into webtoon (created_at,description,no_youth,publication_status,thumbnail,title,updated_at) values (?,?,?,?,?,?,?)
Hibernate: insert into webtoon (created_at,description,no_youth,publication_status,thumbnail,title,updated_at) values (?,?,?,?,?,?,?)
2024-03-29T20:02:00.677+09:00 DEBUG 26924 --- [    Test worker] org.hibernate.SQL                        : insert into webtoon_publishing_day (created_at,publishing_day_id,updated_at,webtoon_id) values (?,?,?,?)
Hibernate: insert into webtoon_publishing_day (created_at,publishing_day_id,updated_at,webtoon_id) values (?,?,?,?)
TUESDAY
2024-03-29T20:02:00.683+09:00 DEBUG 26924 --- [    Test worker] org.hibernate.SQL                        : select pd1_0.publishing_day_id,pd1_0.created_at,pd1_0.day,pd1_0.updated_at from publishing_day pd1_0 where pd1_0.day=?
Hibernate: select pd1_0.publishing_day_id,pd1_0.created_at,pd1_0.day,pd1_0.updated_at from publishing_day pd1_0 where pd1_0.day=?
PublishingDay{publishingDayId=2, createdAt=2024-03-29T19:55:41.069514, updatedAt=2024-03-29T19:55:41.069514, day='TUESDAY'}
2024-03-29T20:02:00.685+09:00 DEBUG 26924 --- [    Test worker] org.hibernate.SQL                        : insert into webtoon (created_at,description,no_youth,publication_status,thumbnail,title,updated_at) values (?,?,?,?,?,?,?)
Hibernate: insert into webtoon (created_at,description,no_youth,publication_status,thumbnail,title,updated_at) values (?,?,?,?,?,?,?)
2024-03-29T20:02:00.692+09:00 DEBUG 26924 --- [    Test worker] org.hibernate.SQL                        : insert into webtoon_publishing_day (created_at,publishing_day_id,updated_at,webtoon_id) values (?,?,?,?)
Hibernate: insert into webtoon_publishing_day (created_at,publishing_day_id,updated_at,webtoon_id) values (?,?,?,?)
TUESDAY
2024-03-29T20:02:00.697+09:00 DEBUG 26924 --- [    Test worker] org.hibernate.SQL                        : select pd1_0.publishing_day_id,pd1_0.created_at,pd1_0.day,pd1_0.updated_at from publishing_day pd1_0 where pd1_0.day=?
Hibernate: select pd1_0.publishing_day_id,pd1_0.created_at,pd1_0.day,pd1_0.updated_at from publishing_day pd1_0 where pd1_0.day=?
PublishingDay{publishingDayId=2, createdAt=2024-03-29T19:55:41.069514, updatedAt=2024-03-29T19:55:41.069514, day='TUESDAY'}
2024-03-29T20:02:00.699+09:00 DEBUG 26924 --- [    Test worker] org.hibernate.SQL                        : insert into webtoon (created_at,description,no_youth,publication_status,thumbnail,title,updated_at) values (?,?,?,?,?,?,?)
Hibernate: insert into webtoon (created_at,description,no_youth,publication_status,thumbnail,title,updated_at) values (?,?,?,?,?,?,?)
2024-03-29T20:02:00.703+09:00 DEBUG 26924 --- [    Test worker] org.hibernate.SQL                        : insert into webtoon_publishing_day (created_at,publishing_day_id,updated_at,webtoon_id) values (?,?,?,?)
Hibernate: insert into webtoon_publishing_day (created_at,publishing_day_id,updated_at,webtoon_id) values (?,?,?,?)
TUESDAY
2024-03-29T20:02:00.709+09:00 DEBUG 26924 --- [    Test worker] org.hibernate.SQL                        : select pd1_0.publishing_day_id,pd1_0.created_at,pd1_0.day,pd1_0.updated_at from publishing_day pd1_0 where pd1_0.day=?
Hibernate: select pd1_0.publishing_day_id,pd1_0.created_at,pd1_0.day,pd1_0.updated_at from publishing_day pd1_0 where pd1_0.day=?
PublishingDay{publishingDayId=2, createdAt=2024-03-29T19:55:41.069514, updatedAt=2024-03-29T19:55:41.069514, day='TUESDAY'}
2024-03-29T20:02:00.711+09:00 DEBUG 26924 --- [    Test worker] org.hibernate.SQL                        : insert into webtoon (created_at,description,no_youth,publication_status,thumbnail,title,updated_at) values (?,?,?,?,?,?,?)
Hibernate: insert into webtoon (created_at,description,no_youth,publication_status,thumbnail,title,updated_at) values (?,?,?,?,?,?,?)
2024-03-29T20:02:00.717+09:00 DEBUG 26924 --- [    Test worker] org.hibernate.SQL                        : insert into webtoon_publishing_day (created_at,publishing_day_id,updated_at,webtoon_id) values (?,?,?,?)
Hibernate: insert into webtoon_publishing_day (created_at,publishing_day_id,updated_at,webtoon_id) values (?,?,?,?)
TUESDAY
2024-03-29T20:02:00.723+09:00 DEBUG 26924 --- [    Test worker] org.hibernate.SQL                        : select pd1_0.publishing_day_id,pd1_0.created_at,pd1_0.day,pd1_0.updated_at from publishing_day pd1_0 where pd1_0.day=?
Hibernate: select pd1_0.publishing_day_id,pd1_0.created_at,pd1_0.day,pd1_0.updated_at from publishing_day pd1_0 where pd1_0.day=?
PublishingDay{publishingDayId=2, createdAt=2024-03-29T19:55:41.069514, updatedAt=2024-03-29T19:55:41.069514, day='TUESDAY'}
2024-03-29T20:02:00.725+09:00 DEBUG 26924 --- [    Test worker] org.hibernate.SQL                        : insert into webtoon (created_at,description,no_youth,publication_status,thumbnail,title,updated_at) values (?,?,?,?,?,?,?)
Hibernate: insert into webtoon (created_at,description,no_youth,publication_status,thumbnail,title,updated_at) values (?,?,?,?,?,?,?)
2024-03-29T20:02:00.730+09:00 DEBUG 26924 --- [    Test worker] org.hibernate.SQL                        : insert into webtoon_publishing_day (created_at,publishing_day_id,updated_at,webtoon_id) values (?,?,?,?)
Hibernate: insert into webtoon_publishing_day (created_at,publishing_day_id,updated_at,webtoon_id) values (?,?,?,?)
TUESDAY
2024-03-29T20:02:00.735+09:00 DEBUG 26924 --- [    Test worker] org.hibernate.SQL                        : select pd1_0.publishing_day_id,pd1_0.created_at,pd1_0.day,pd1_0.updated_at from publishing_day pd1_0 where pd1_0.day=?
Hibernate: select pd1_0.publishing_day_id,pd1_0.created_at,pd1_0.day,pd1_0.updated_at from publishing_day pd1_0 where pd1_0.day=?
PublishingDay{publishingDayId=2, createdAt=2024-03-29T19:55:41.069514, updatedAt=2024-03-29T19:55:41.069514, day='TUESDAY'}
2024-03-29T20:02:00.737+09:00 DEBUG 26924 --- [    Test worker] org.hibernate.SQL                        : insert into webtoon (created_at,description,no_youth,publication_status,thumbnail,title,updated_at) values (?,?,?,?,?,?,?)
Hibernate: insert into webtoon (created_at,description,no_youth,publication_status,thumbnail,title,updated_at) values (?,?,?,?,?,?,?)
2024-03-29T20:02:00.740+09:00 DEBUG 26924 --- [    Test worker] org.hibernate.SQL                        : insert into webtoon_publishing_day (created_at,publishing_day_id,updated_at,webtoon_id) values (?,?,?,?)
Hibernate: insert into webtoon_publishing_day (created_at,publishing_day_id,updated_at,webtoon_id) values (?,?,?,?)
TUESDAY
2024-03-29T20:02:00.744+09:00 DEBUG 26924 --- [    Test worker] org.hibernate.SQL                        : select pd1_0.publishing_day_id,pd1_0.created_at,pd1_0.day,pd1_0.updated_at from publishing_day pd1_0 where pd1_0.day=?
Hibernate: select pd1_0.publishing_day_id,pd1_0.created_at,pd1_0.day,pd1_0.updated_at from publishing_day pd1_0 where pd1_0.day=?
PublishingDay{publishingDayId=2, createdAt=2024-03-29T19:55:41.069514, updatedAt=2024-03-29T19:55:41.069514, day='TUESDAY'}
2024-03-29T20:02:00.747+09:00 DEBUG 26924 --- [    Test worker] org.hibernate.SQL                        : insert into webtoon (created_at,description,no_youth,publication_status,thumbnail,title,updated_at) values (?,?,?,?,?,?,?)
Hibernate: insert into webtoon (created_at,description,no_youth,publication_status,thumbnail,title,updated_at) values (?,?,?,?,?,?,?)
2024-03-29T20:02:00.751+09:00 DEBUG 26924 --- [    Test worker] org.hibernate.SQL                        : insert into webtoon_publishing_day (created_at,publishing_day_id,updated_at,webtoon_id) values (?,?,?,?)
Hibernate: insert into webtoon_publishing_day (created_at,publishing_day_id,updated_at,webtoon_id) values (?,?,?,?)
TUESDAY
2024-03-29T20:02:00.755+09:00 DEBUG 26924 --- [    Test worker] org.hibernate.SQL                        : select pd1_0.publishing_day_id,pd1_0.created_at,pd1_0.day,pd1_0.updated_at from publishing_day pd1_0 where pd1_0.day=?
Hibernate: select pd1_0.publishing_day_id,pd1_0.created_at,pd1_0.day,pd1_0.updated_at from publishing_day pd1_0 where pd1_0.day=?
PublishingDay{publishingDayId=2, createdAt=2024-03-29T19:55:41.069514, updatedAt=2024-03-29T19:55:41.069514, day='TUESDAY'}
2024-03-29T20:02:00.756+09:00 DEBUG 26924 --- [    Test worker] org.hibernate.SQL                        : insert into webtoon (created_at,description,no_youth,publication_status,thumbnail,title,updated_at) values (?,?,?,?,?,?,?)
Hibernate: insert into webtoon (created_at,description,no_youth,publication_status,thumbnail,title,updated_at) values (?,?,?,?,?,?,?)
2024-03-29T20:02:00.760+09:00 DEBUG 26924 --- [    Test worker] org.hibernate.SQL                        : insert into webtoon_publishing_day (created_at,publishing_day_id,updated_at,webtoon_id) values (?,?,?,?)
Hibernate: insert into webtoon_publishing_day (created_at,publishing_day_id,updated_at,webtoon_id) values (?,?,?,?)
TUESDAY
2024-03-29T20:02:00.764+09:00 DEBUG 26924 --- [    Test worker] org.hibernate.SQL                        : select pd1_0.publishing_day_id,pd1_0.created_at,pd1_0.day,pd1_0.updated_at from publishing_day pd1_0 where pd1_0.day=?
Hibernate: select pd1_0.publishing_day_id,pd1_0.created_at,pd1_0.day,pd1_0.updated_at from publishing_day pd1_0 where pd1_0.day=?
PublishingDay{publishingDayId=2, createdAt=2024-03-29T19:55:41.069514, updatedAt=2024-03-29T19:55:41.069514, day='TUESDAY'}
2024-03-29T20:02:00.766+09:00 DEBUG 26924 --- [    Test worker] org.hibernate.SQL                        : insert into webtoon (created_at,description,no_youth,publication_status,thumbnail,title,updated_at) values (?,?,?,?,?,?,?)
Hibernate: insert into webtoon (created_at,description,no_youth,publication_status,thumbnail,title,updated_at) values (?,?,?,?,?,?,?)
2024-03-29T20:02:00.770+09:00 DEBUG 26924 --- [    Test worker] org.hibernate.SQL                        : insert into webtoon_publishing_day (created_at,publishing_day_id,updated_at,webtoon_id) values (?,?,?,?)
Hibernate: insert into webtoon_publishing_day (created_at,publishing_day_id,updated_at,webtoon_id) values (?,?,?,?)
TUESDAY
2024-03-29T20:02:00.775+09:00 DEBUG 26924 --- [    Test worker] org.hibernate.SQL                        : select pd1_0.publishing_day_id,pd1_0.created_at,pd1_0.day,pd1_0.updated_at from publishing_day pd1_0 where pd1_0.day=?
Hibernate: select pd1_0.publishing_day_id,pd1_0.created_at,pd1_0.day,pd1_0.updated_at from publishing_day pd1_0 where pd1_0.day=?
PublishingDay{publishingDayId=2, createdAt=2024-03-29T19:55:41.069514, updatedAt=2024-03-29T19:55:41.069514, day='TUESDAY'}
2024-03-29T20:02:00.778+09:00 DEBUG 26924 --- [    Test worker] org.hibernate.SQL                        : insert into webtoon (created_at,description,no_youth,publication_status,thumbnail,title,updated_at) values (?,?,?,?,?,?,?)
Hibernate: insert into webtoon (created_at,description,no_youth,publication_status,thumbnail,title,updated_at) values (?,?,?,?,?,?,?)
2024-03-29T20:02:00.783+09:00 DEBUG 26924 --- [    Test worker] org.hibernate.SQL                        : insert into webtoon_publishing_day (created_at,publishing_day_id,updated_at,webtoon_id) values (?,?,?,?)
Hibernate: insert into webtoon_publishing_day (created_at,publishing_day_id,updated_at,webtoon_id) values (?,?,?,?)
TUESDAY
2024-03-29T20:02:00.788+09:00 DEBUG 26924 --- [    Test worker] org.hibernate.SQL                        : select pd1_0.publishing_day_id,pd1_0.created_at,pd1_0.day,pd1_0.updated_at from publishing_day pd1_0 where pd1_0.day=?
Hibernate: select pd1_0.publishing_day_id,pd1_0.created_at,pd1_0.day,pd1_0.updated_at from publishing_day pd1_0 where pd1_0.day=?
PublishingDay{publishingDayId=2, createdAt=2024-03-29T19:55:41.069514, updatedAt=2024-03-29T19:55:41.069514, day='TUESDAY'}
2024-03-29T20:02:00.792+09:00 DEBUG 26924 --- [    Test worker] org.hibernate.SQL                        : insert into webtoon (created_at,description,no_youth,publication_status,thumbnail,title,updated_at) values (?,?,?,?,?,?,?)
Hibernate: insert into webtoon (created_at,description,no_youth,publication_status,thumbnail,title,updated_at) values (?,?,?,?,?,?,?)
2024-03-29T20:02:00.797+09:00 DEBUG 26924 --- [    Test worker] org.hibernate.SQL                        : insert into webtoon_publishing_day (created_at,publishing_day_id,updated_at,webtoon_id) values (?,?,?,?)
Hibernate: insert into webtoon_publishing_day (created_at,publishing_day_id,updated_at,webtoon_id) values (?,?,?,?)
TUESDAY
2024-03-29T20:02:00.802+09:00 DEBUG 26924 --- [    Test worker] org.hibernate.SQL                        : select pd1_0.publishing_day_id,pd1_0.created_at,pd1_0.day,pd1_0.updated_at from publishing_day pd1_0 where pd1_0.day=?
Hibernate: select pd1_0.publishing_day_id,pd1_0.created_at,pd1_0.day,pd1_0.updated_at from publishing_day pd1_0 where pd1_0.day=?
PublishingDay{publishingDayId=2, createdAt=2024-03-29T19:55:41.069514, updatedAt=2024-03-29T19:55:41.069514, day='TUESDAY'}
2024-03-29T20:02:00.804+09:00 DEBUG 26924 --- [    Test worker] org.hibernate.SQL                        : insert into webtoon (created_at,description,no_youth,publication_status,thumbnail,title,updated_at) values (?,?,?,?,?,?,?)
Hibernate: insert into webtoon (created_at,description,no_youth,publication_status,thumbnail,title,updated_at) values (?,?,?,?,?,?,?)
2024-03-29T20:02:00.809+09:00 DEBUG 26924 --- [    Test worker] org.hibernate.SQL                        : insert into webtoon_publishing_day (created_at,publishing_day_id,updated_at,webtoon_id) values (?,?,?,?)
Hibernate: insert into webtoon_publishing_day (created_at,publishing_day_id,updated_at,webtoon_id) values (?,?,?,?)
TUESDAY
2024-03-29T20:02:00.814+09:00 DEBUG 26924 --- [    Test worker] org.hibernate.SQL                        : select pd1_0.publishing_day_id,pd1_0.created_at,pd1_0.day,pd1_0.updated_at from publishing_day pd1_0 where pd1_0.day=?
Hibernate: select pd1_0.publishing_day_id,pd1_0.created_at,pd1_0.day,pd1_0.updated_at from publishing_day pd1_0 where pd1_0.day=?
PublishingDay{publishingDayId=2, createdAt=2024-03-29T19:55:41.069514, updatedAt=2024-03-29T19:55:41.069514, day='TUESDAY'}
2024-03-29T20:02:00.815+09:00 DEBUG 26924 --- [    Test worker] org.hibernate.SQL                        : insert into webtoon (created_at,description,no_youth,publication_status,thumbnail,title,updated_at) values (?,?,?,?,?,?,?)
Hibernate: insert into webtoon (created_at,description,no_youth,publication_status,thumbnail,title,updated_at) values (?,?,?,?,?,?,?)
2024-03-29T20:02:00.820+09:00 DEBUG 26924 --- [    Test worker] org.hibernate.SQL                        : insert into webtoon_publishing_day (created_at,publishing_day_id,updated_at,webtoon_id) values (?,?,?,?)
Hibernate: insert into webtoon_publishing_day (created_at,publishing_day_id,updated_at,webtoon_id) values (?,?,?,?)
TUESDAY
2024-03-29T20:02:00.826+09:00 DEBUG 26924 --- [    Test worker] org.hibernate.SQL                        : select pd1_0.publishing_day_id,pd1_0.created_at,pd1_0.day,pd1_0.updated_at from publishing_day pd1_0 where pd1_0.day=?
Hibernate: select pd1_0.publishing_day_id,pd1_0.created_at,pd1_0.day,pd1_0.updated_at from publishing_day pd1_0 where pd1_0.day=?
PublishingDay{publishingDayId=2, createdAt=2024-03-29T19:55:41.069514, updatedAt=2024-03-29T19:55:41.069514, day='TUESDAY'}
2024-03-29T20:02:00.828+09:00 DEBUG 26924 --- [    Test worker] org.hibernate.SQL                        : insert into webtoon (created_at,description,no_youth,publication_status,thumbnail,title,updated_at) values (?,?,?,?,?,?,?)
Hibernate: insert into webtoon (created_at,description,no_youth,publication_status,thumbnail,title,updated_at) values (?,?,?,?,?,?,?)
2024-03-29T20:02:00.834+09:00 DEBUG 26924 --- [    Test worker] org.hibernate.SQL                        : insert into webtoon_publishing_day (created_at,publishing_day_id,updated_at,webtoon_id) values (?,?,?,?)
Hibernate: insert into webtoon_publishing_day (created_at,publishing_day_id,updated_at,webtoon_id) values (?,?,?,?)
TUESDAY
2024-03-29T20:02:00.839+09:00 DEBUG 26924 --- [    Test worker] org.hibernate.SQL                        : select pd1_0.publishing_day_id,pd1_0.created_at,pd1_0.day,pd1_0.updated_at from publishing_day pd1_0 where pd1_0.day=?
Hibernate: select pd1_0.publishing_day_id,pd1_0.created_at,pd1_0.day,pd1_0.updated_at from publishing_day pd1_0 where pd1_0.day=?
PublishingDay{publishingDayId=2, createdAt=2024-03-29T19:55:41.069514, updatedAt=2024-03-29T19:55:41.069514, day='TUESDAY'}
2024-03-29T20:02:00.842+09:00 DEBUG 26924 --- [    Test worker] org.hibernate.SQL                        : insert into webtoon (created_at,description,no_youth,publication_status,thumbnail,title,updated_at) values (?,?,?,?,?,?,?)
Hibernate: insert into webtoon (created_at,description,no_youth,publication_status,thumbnail,title,updated_at) values (?,?,?,?,?,?,?)
2024-03-29T20:02:00.848+09:00 DEBUG 26924 --- [    Test worker] org.hibernate.SQL                        : insert into webtoon_publishing_day (created_at,publishing_day_id,updated_at,webtoon_id) values (?,?,?,?)
Hibernate: insert into webtoon_publishing_day (created_at,publishing_day_id,updated_at,webtoon_id) values (?,?,?,?)
TUESDAY
2024-03-29T20:02:00.854+09:00 DEBUG 26924 --- [    Test worker] org.hibernate.SQL                        : select pd1_0.publishing_day_id,pd1_0.created_at,pd1_0.day,pd1_0.updated_at from publishing_day pd1_0 where pd1_0.day=?
Hibernate: select pd1_0.publishing_day_id,pd1_0.created_at,pd1_0.day,pd1_0.updated_at from publishing_day pd1_0 where pd1_0.day=?
PublishingDay{publishingDayId=2, createdAt=2024-03-29T19:55:41.069514, updatedAt=2024-03-29T19:55:41.069514, day='TUESDAY'}
2024-03-29T20:02:00.859+09:00 DEBUG 26924 --- [    Test worker] org.hibernate.SQL                        : insert into webtoon (created_at,description,no_youth,publication_status,thumbnail,title,updated_at) values (?,?,?,?,?,?,?)
Hibernate: insert into webtoon (created_at,description,no_youth,publication_status,thumbnail,title,updated_at) values (?,?,?,?,?,?,?)
2024-03-29T20:02:00.863+09:00 DEBUG 26924 --- [    Test worker] org.hibernate.SQL                        : insert into webtoon_publishing_day (created_at,publishing_day_id,updated_at,webtoon_id) values (?,?,?,?)
Hibernate: insert into webtoon_publishing_day (created_at,publishing_day_id,updated_at,webtoon_id) values (?,?,?,?)
TUESDAY
2024-03-29T20:02:00.869+09:00 DEBUG 26924 --- [    Test worker] org.hibernate.SQL                        : select pd1_0.publishing_day_id,pd1_0.created_at,pd1_0.day,pd1_0.updated_at from publishing_day pd1_0 where pd1_0.day=?
Hibernate: select pd1_0.publishing_day_id,pd1_0.created_at,pd1_0.day,pd1_0.updated_at from publishing_day pd1_0 where pd1_0.day=?
PublishingDay{publishingDayId=2, createdAt=2024-03-29T19:55:41.069514, updatedAt=2024-03-29T19:55:41.069514, day='TUESDAY'}
2024-03-29T20:02:00.871+09:00 DEBUG 26924 --- [    Test worker] org.hibernate.SQL                        : insert into webtoon (created_at,description,no_youth,publication_status,thumbnail,title,updated_at) values (?,?,?,?,?,?,?)
Hibernate: insert into webtoon (created_at,description,no_youth,publication_status,thumbnail,title,updated_at) values (?,?,?,?,?,?,?)
2024-03-29T20:02:00.877+09:00 DEBUG 26924 --- [    Test worker] org.hibernate.SQL                        : insert into webtoon_publishing_day (created_at,publishing_day_id,updated_at,webtoon_id) values (?,?,?,?)
Hibernate: insert into webtoon_publishing_day (created_at,publishing_day_id,updated_at,webtoon_id) values (?,?,?,?)
TUESDAY
2024-03-29T20:02:00.881+09:00 DEBUG 26924 --- [    Test worker] org.hibernate.SQL                        : select pd1_0.publishing_day_id,pd1_0.created_at,pd1_0.day,pd1_0.updated_at from publishing_day pd1_0 where pd1_0.day=?
Hibernate: select pd1_0.publishing_day_id,pd1_0.created_at,pd1_0.day,pd1_0.updated_at from publishing_day pd1_0 where pd1_0.day=?
PublishingDay{publishingDayId=2, createdAt=2024-03-29T19:55:41.069514, updatedAt=2024-03-29T19:55:41.069514, day='TUESDAY'}
2024-03-29T20:02:00.883+09:00 DEBUG 26924 --- [    Test worker] org.hibernate.SQL                        : insert into webtoon (created_at,description,no_youth,publication_status,thumbnail,title,updated_at) values (?,?,?,?,?,?,?)
Hibernate: insert into webtoon (created_at,description,no_youth,publication_status,thumbnail,title,updated_at) values (?,?,?,?,?,?,?)
2024-03-29T20:02:00.886+09:00 DEBUG 26924 --- [    Test worker] org.hibernate.SQL                        : insert into webtoon_publishing_day (created_at,publishing_day_id,updated_at,webtoon_id) values (?,?,?,?)
Hibernate: insert into webtoon_publishing_day (created_at,publishing_day_id,updated_at,webtoon_id) values (?,?,?,?)
TUESDAY
2024-03-29T20:02:00.894+09:00 DEBUG 26924 --- [    Test worker] org.hibernate.SQL                        : select pd1_0.publishing_day_id,pd1_0.created_at,pd1_0.day,pd1_0.updated_at from publishing_day pd1_0 where pd1_0.day=?
Hibernate: select pd1_0.publishing_day_id,pd1_0.created_at,pd1_0.day,pd1_0.updated_at from publishing_day pd1_0 where pd1_0.day=?
PublishingDay{publishingDayId=2, createdAt=2024-03-29T19:55:41.069514, updatedAt=2024-03-29T19:55:41.069514, day='TUESDAY'}
2024-03-29T20:02:00.895+09:00 DEBUG 26924 --- [    Test worker] org.hibernate.SQL                        : insert into webtoon (created_at,description,no_youth,publication_status,thumbnail,title,updated_at) values (?,?,?,?,?,?,?)
Hibernate: insert into webtoon (created_at,description,no_youth,publication_status,thumbnail,title,updated_at) values (?,?,?,?,?,?,?)
2024-03-29T20:02:00.899+09:00 DEBUG 26924 --- [    Test worker] org.hibernate.SQL                        : insert into webtoon_publishing_day (created_at,publishing_day_id,updated_at,webtoon_id) values (?,?,?,?)
Hibernate: insert into webtoon_publishing_day (created_at,publishing_day_id,updated_at,webtoon_id) values (?,?,?,?)
TUESDAY
2024-03-29T20:02:00.904+09:00 DEBUG 26924 --- [    Test worker] org.hibernate.SQL                        : select pd1_0.publishing_day_id,pd1_0.created_at,pd1_0.day,pd1_0.updated_at from publishing_day pd1_0 where pd1_0.day=?
Hibernate: select pd1_0.publishing_day_id,pd1_0.created_at,pd1_0.day,pd1_0.updated_at from publishing_day pd1_0 where pd1_0.day=?
PublishingDay{publishingDayId=2, createdAt=2024-03-29T19:55:41.069514, updatedAt=2024-03-29T19:55:41.069514, day='TUESDAY'}
2024-03-29T20:02:00.906+09:00 DEBUG 26924 --- [    Test worker] org.hibernate.SQL                        : insert into webtoon (created_at,description,no_youth,publication_status,thumbnail,title,updated_at) values (?,?,?,?,?,?,?)
Hibernate: insert into webtoon (created_at,description,no_youth,publication_status,thumbnail,title,updated_at) values (?,?,?,?,?,?,?)
2024-03-29T20:02:00.908+09:00 DEBUG 26924 --- [    Test worker] org.hibernate.SQL                        : insert into webtoon_publishing_day (created_at,publishing_day_id,updated_at,webtoon_id) values (?,?,?,?)
Hibernate: insert into webtoon_publishing_day (created_at,publishing_day_id,updated_at,webtoon_id) values (?,?,?,?)
TUESDAY
2024-03-29T20:02:00.913+09:00 DEBUG 26924 --- [    Test worker] org.hibernate.SQL                        : select pd1_0.publishing_day_id,pd1_0.created_at,pd1_0.day,pd1_0.updated_at from publishing_day pd1_0 where pd1_0.day=?
Hibernate: select pd1_0.publishing_day_id,pd1_0.created_at,pd1_0.day,pd1_0.updated_at from publishing_day pd1_0 where pd1_0.day=?
PublishingDay{publishingDayId=2, createdAt=2024-03-29T19:55:41.069514, updatedAt=2024-03-29T19:55:41.069514, day='TUESDAY'}
2024-03-29T20:02:00.914+09:00 DEBUG 26924 --- [    Test worker] org.hibernate.SQL                        : insert into webtoon (created_at,description,no_youth,publication_status,thumbnail,title,updated_at) values (?,?,?,?,?,?,?)
Hibernate: insert into webtoon (created_at,description,no_youth,publication_status,thumbnail,title,updated_at) values (?,?,?,?,?,?,?)
2024-03-29T20:02:00.918+09:00 DEBUG 26924 --- [    Test worker] org.hibernate.SQL                        : insert into webtoon_publishing_day (created_at,publishing_day_id,updated_at,webtoon_id) values (?,?,?,?)
Hibernate: insert into webtoon_publishing_day (created_at,publishing_day_id,updated_at,webtoon_id) values (?,?,?,?)
TUESDAY
2024-03-29T20:02:00.922+09:00 DEBUG 26924 --- [    Test worker] org.hibernate.SQL                        : select pd1_0.publishing_day_id,pd1_0.created_at,pd1_0.day,pd1_0.updated_at from publishing_day pd1_0 where pd1_0.day=?
Hibernate: select pd1_0.publishing_day_id,pd1_0.created_at,pd1_0.day,pd1_0.updated_at from publishing_day pd1_0 where pd1_0.day=?
PublishingDay{publishingDayId=2, createdAt=2024-03-29T19:55:41.069514, updatedAt=2024-03-29T19:55:41.069514, day='TUESDAY'}
2024-03-29T20:02:00.924+09:00 DEBUG 26924 --- [    Test worker] org.hibernate.SQL                        : insert into webtoon (created_at,description,no_youth,publication_status,thumbnail,title,updated_at) values (?,?,?,?,?,?,?)
Hibernate: insert into webtoon (created_at,description,no_youth,publication_status,thumbnail,title,updated_at) values (?,?,?,?,?,?,?)
2024-03-29T20:02:00.929+09:00 DEBUG 26924 --- [    Test worker] org.hibernate.SQL                        : insert into webtoon_publishing_day (created_at,publishing_day_id,updated_at,webtoon_id) values (?,?,?,?)
Hibernate: insert into webtoon_publishing_day (created_at,publishing_day_id,updated_at,webtoon_id) values (?,?,?,?)
TUESDAY
2024-03-29T20:02:00.933+09:00 DEBUG 26924 --- [    Test worker] org.hibernate.SQL                        : select pd1_0.publishing_day_id,pd1_0.created_at,pd1_0.day,pd1_0.updated_at from publishing_day pd1_0 where pd1_0.day=?
Hibernate: select pd1_0.publishing_day_id,pd1_0.created_at,pd1_0.day,pd1_0.updated_at from publishing_day pd1_0 where pd1_0.day=?
PublishingDay{publishingDayId=2, createdAt=2024-03-29T19:55:41.069514, updatedAt=2024-03-29T19:55:41.069514, day='TUESDAY'}
2024-03-29T20:02:00.935+09:00 DEBUG 26924 --- [    Test worker] org.hibernate.SQL                        : insert into webtoon (created_at,description,no_youth,publication_status,thumbnail,title,updated_at) values (?,?,?,?,?,?,?)
Hibernate: insert into webtoon (created_at,description,no_youth,publication_status,thumbnail,title,updated_at) values (?,?,?,?,?,?,?)
2024-03-29T20:02:00.940+09:00 DEBUG 26924 --- [    Test worker] org.hibernate.SQL                        : insert into webtoon_publishing_day (created_at,publishing_day_id,updated_at,webtoon_id) values (?,?,?,?)
Hibernate: insert into webtoon_publishing_day (created_at,publishing_day_id,updated_at,webtoon_id) values (?,?,?,?)
TUESDAY
2024-03-29T20:02:00.944+09:00 DEBUG 26924 --- [    Test worker] org.hibernate.SQL                        : select pd1_0.publishing_day_id,pd1_0.created_at,pd1_0.day,pd1_0.updated_at from publishing_day pd1_0 where pd1_0.day=?
Hibernate: select pd1_0.publishing_day_id,pd1_0.created_at,pd1_0.day,pd1_0.updated_at from publishing_day pd1_0 where pd1_0.day=?
PublishingDay{publishingDayId=2, createdAt=2024-03-29T19:55:41.069514, updatedAt=2024-03-29T19:55:41.069514, day='TUESDAY'}
2024-03-29T20:02:00.946+09:00 DEBUG 26924 --- [    Test worker] org.hibernate.SQL                        : insert into webtoon (created_at,description,no_youth,publication_status,thumbnail,title,updated_at) values (?,?,?,?,?,?,?)
Hibernate: insert into webtoon (created_at,description,no_youth,publication_status,thumbnail,title,updated_at) values (?,?,?,?,?,?,?)
2024-03-29T20:02:00.950+09:00 DEBUG 26924 --- [    Test worker] org.hibernate.SQL                        : insert into webtoon_publishing_day (created_at,publishing_day_id,updated_at,webtoon_id) values (?,?,?,?)
Hibernate: insert into webtoon_publishing_day (created_at,publishing_day_id,updated_at,webtoon_id) values (?,?,?,?)
TUESDAY
2024-03-29T20:02:00.954+09:00 DEBUG 26924 --- [    Test worker] org.hibernate.SQL                        : select pd1_0.publishing_day_id,pd1_0.created_at,pd1_0.day,pd1_0.updated_at from publishing_day pd1_0 where pd1_0.day=?
Hibernate: select pd1_0.publishing_day_id,pd1_0.created_at,pd1_0.day,pd1_0.updated_at from publishing_day pd1_0 where pd1_0.day=?
PublishingDay{publishingDayId=2, createdAt=2024-03-29T19:55:41.069514, updatedAt=2024-03-29T19:55:41.069514, day='TUESDAY'}
2024-03-29T20:02:00.956+09:00 DEBUG 26924 --- [    Test worker] org.hibernate.SQL                        : insert into webtoon (created_at,description,no_youth,publication_status,thumbnail,title,updated_at) values (?,?,?,?,?,?,?)
Hibernate: insert into webtoon (created_at,description,no_youth,publication_status,thumbnail,title,updated_at) values (?,?,?,?,?,?,?)
2024-03-29T20:02:00.959+09:00 DEBUG 26924 --- [    Test worker] org.hibernate.SQL                        : insert into webtoon_publishing_day (created_at,publishing_day_id,updated_at,webtoon_id) values (?,?,?,?)
Hibernate: insert into webtoon_publishing_day (created_at,publishing_day_id,updated_at,webtoon_id) values (?,?,?,?)
TUESDAY
2024-03-29T20:02:00.963+09:00 DEBUG 26924 --- [    Test worker] org.hibernate.SQL                        : select pd1_0.publishing_day_id,pd1_0.created_at,pd1_0.day,pd1_0.updated_at from publishing_day pd1_0 where pd1_0.day=?
Hibernate: select pd1_0.publishing_day_id,pd1_0.created_at,pd1_0.day,pd1_0.updated_at from publishing_day pd1_0 where pd1_0.day=?
PublishingDay{publishingDayId=2, createdAt=2024-03-29T19:55:41.069514, updatedAt=2024-03-29T19:55:41.069514, day='TUESDAY'}
2024-03-29T20:02:00.966+09:00 DEBUG 26924 --- [    Test worker] org.hibernate.SQL                        : insert into webtoon (created_at,description,no_youth,publication_status,thumbnail,title,updated_at) values (?,?,?,?,?,?,?)
Hibernate: insert into webtoon (created_at,description,no_youth,publication_status,thumbnail,title,updated_at) values (?,?,?,?,?,?,?)
2024-03-29T20:02:00.970+09:00 DEBUG 26924 --- [    Test worker] org.hibernate.SQL                        : insert into webtoon_publishing_day (created_at,publishing_day_id,updated_at,webtoon_id) values (?,?,?,?)
Hibernate: insert into webtoon_publishing_day (created_at,publishing_day_id,updated_at,webtoon_id) values (?,?,?,?)
TUESDAY
2024-03-29T20:02:00.973+09:00 DEBUG 26924 --- [    Test worker] org.hibernate.SQL                        : select pd1_0.publishing_day_id,pd1_0.created_at,pd1_0.day,pd1_0.updated_at from publishing_day pd1_0 where pd1_0.day=?
Hibernate: select pd1_0.publishing_day_id,pd1_0.created_at,pd1_0.day,pd1_0.updated_at from publishing_day pd1_0 where pd1_0.day=?
PublishingDay{publishingDayId=2, createdAt=2024-03-29T19:55:41.069514, updatedAt=2024-03-29T19:55:41.069514, day='TUESDAY'}
2024-03-29T20:02:00.975+09:00 DEBUG 26924 --- [    Test worker] org.hibernate.SQL                        : insert into webtoon (created_at,description,no_youth,publication_status,thumbnail,title,updated_at) values (?,?,?,?,?,?,?)
Hibernate: insert into webtoon (created_at,description,no_youth,publication_status,thumbnail,title,updated_at) values (?,?,?,?,?,?,?)
2024-03-29T20:02:00.980+09:00 DEBUG 26924 --- [    Test worker] org.hibernate.SQL                        : insert into webtoon_publishing_day (created_at,publishing_day_id,updated_at,webtoon_id) values (?,?,?,?)
Hibernate: insert into webtoon_publishing_day (created_at,publishing_day_id,updated_at,webtoon_id) values (?,?,?,?)
TUESDAY
2024-03-29T20:02:00.984+09:00 DEBUG 26924 --- [    Test worker] org.hibernate.SQL                        : select pd1_0.publishing_day_id,pd1_0.created_at,pd1_0.day,pd1_0.updated_at from publishing_day pd1_0 where pd1_0.day=?
Hibernate: select pd1_0.publishing_day_id,pd1_0.created_at,pd1_0.day,pd1_0.updated_at from publishing_day pd1_0 where pd1_0.day=?
PublishingDay{publishingDayId=2, createdAt=2024-03-29T19:55:41.069514, updatedAt=2024-03-29T19:55:41.069514, day='TUESDAY'}
2024-03-29T20:02:00.986+09:00 DEBUG 26924 --- [    Test worker] org.hibernate.SQL                        : insert into webtoon (created_at,description,no_youth,publication_status,thumbnail,title,updated_at) values (?,?,?,?,?,?,?)
Hibernate: insert into webtoon (created_at,description,no_youth,publication_status,thumbnail,title,updated_at) values (?,?,?,?,?,?,?)
2024-03-29T20:02:00.993+09:00 DEBUG 26924 --- [    Test worker] org.hibernate.SQL                        : insert into webtoon_publishing_day (created_at,publishing_day_id,updated_at,webtoon_id) values (?,?,?,?)
Hibernate: insert into webtoon_publishing_day (created_at,publishing_day_id,updated_at,webtoon_id) values (?,?,?,?)
TUESDAY
2024-03-29T20:02:01.001+09:00 DEBUG 26924 --- [    Test worker] org.hibernate.SQL                        : select pd1_0.publishing_day_id,pd1_0.created_at,pd1_0.day,pd1_0.updated_at from publishing_day pd1_0 where pd1_0.day=?
Hibernate: select pd1_0.publishing_day_id,pd1_0.created_at,pd1_0.day,pd1_0.updated_at from publishing_day pd1_0 where pd1_0.day=?
PublishingDay{publishingDayId=2, createdAt=2024-03-29T19:55:41.069514, updatedAt=2024-03-29T19:55:41.069514, day='TUESDAY'}
2024-03-29T20:02:01.002+09:00 DEBUG 26924 --- [    Test worker] org.hibernate.SQL                        : insert into webtoon (created_at,description,no_youth,publication_status,thumbnail,title,updated_at) values (?,?,?,?,?,?,?)
Hibernate: insert into webtoon (created_at,description,no_youth,publication_status,thumbnail,title,updated_at) values (?,?,?,?,?,?,?)
2024-03-29T20:02:01.010+09:00 DEBUG 26924 --- [    Test worker] org.hibernate.SQL                        : insert into webtoon_publishing_day (created_at,publishing_day_id,updated_at,webtoon_id) values (?,?,?,?)
Hibernate: insert into webtoon_publishing_day (created_at,publishing_day_id,updated_at,webtoon_id) values (?,?,?,?)
TUESDAY
2024-03-29T20:02:01.016+09:00 DEBUG 26924 --- [    Test worker] org.hibernate.SQL                        : select pd1_0.publishing_day_id,pd1_0.created_at,pd1_0.day,pd1_0.updated_at from publishing_day pd1_0 where pd1_0.day=?
Hibernate: select pd1_0.publishing_day_id,pd1_0.created_at,pd1_0.day,pd1_0.updated_at from publishing_day pd1_0 where pd1_0.day=?
PublishingDay{publishingDayId=2, createdAt=2024-03-29T19:55:41.069514, updatedAt=2024-03-29T19:55:41.069514, day='TUESDAY'}
2024-03-29T20:02:01.020+09:00 DEBUG 26924 --- [    Test worker] org.hibernate.SQL                        : insert into webtoon (created_at,description,no_youth,publication_status,thumbnail,title,updated_at) values (?,?,?,?,?,?,?)
Hibernate: insert into webtoon (created_at,description,no_youth,publication_status,thumbnail,title,updated_at) values (?,?,?,?,?,?,?)
2024-03-29T20:02:01.027+09:00 DEBUG 26924 --- [    Test worker] org.hibernate.SQL                        : insert into webtoon_publishing_day (created_at,publishing_day_id,updated_at,webtoon_id) values (?,?,?,?)
Hibernate: insert into webtoon_publishing_day (created_at,publishing_day_id,updated_at,webtoon_id) values (?,?,?,?)
TUESDAY
2024-03-29T20:02:01.033+09:00 DEBUG 26924 --- [    Test worker] org.hibernate.SQL                        : select pd1_0.publishing_day_id,pd1_0.created_at,pd1_0.day,pd1_0.updated_at from publishing_day pd1_0 where pd1_0.day=?
Hibernate: select pd1_0.publishing_day_id,pd1_0.created_at,pd1_0.day,pd1_0.updated_at from publishing_day pd1_0 where pd1_0.day=?
PublishingDay{publishingDayId=2, createdAt=2024-03-29T19:55:41.069514, updatedAt=2024-03-29T19:55:41.069514, day='TUESDAY'}
2024-03-29T20:02:01.035+09:00 DEBUG 26924 --- [    Test worker] org.hibernate.SQL                        : insert into webtoon (created_at,description,no_youth,publication_status,thumbnail,title,updated_at) values (?,?,?,?,?,?,?)
Hibernate: insert into webtoon (created_at,description,no_youth,publication_status,thumbnail,title,updated_at) values (?,?,?,?,?,?,?)
2024-03-29T20:02:01.041+09:00 DEBUG 26924 --- [    Test worker] org.hibernate.SQL                        : insert into webtoon_publishing_day (created_at,publishing_day_id,updated_at,webtoon_id) values (?,?,?,?)
Hibernate: insert into webtoon_publishing_day (created_at,publishing_day_id,updated_at,webtoon_id) values (?,?,?,?)
TUESDAY
2024-03-29T20:02:01.047+09:00 DEBUG 26924 --- [    Test worker] org.hibernate.SQL                        : select pd1_0.publishing_day_id,pd1_0.created_at,pd1_0.day,pd1_0.updated_at from publishing_day pd1_0 where pd1_0.day=?
Hibernate: select pd1_0.publishing_day_id,pd1_0.created_at,pd1_0.day,pd1_0.updated_at from publishing_day pd1_0 where pd1_0.day=?
PublishingDay{publishingDayId=2, createdAt=2024-03-29T19:55:41.069514, updatedAt=2024-03-29T19:55:41.069514, day='TUESDAY'}
2024-03-29T20:02:01.050+09:00 DEBUG 26924 --- [    Test worker] org.hibernate.SQL                        : insert into webtoon (created_at,description,no_youth,publication_status,thumbnail,title,updated_at) values (?,?,?,?,?,?,?)
Hibernate: insert into webtoon (created_at,description,no_youth,publication_status,thumbnail,title,updated_at) values (?,?,?,?,?,?,?)
2024-03-29T20:02:01.059+09:00 DEBUG 26924 --- [    Test worker] org.hibernate.SQL                        : insert into webtoon_publishing_day (created_at,publishing_day_id,updated_at,webtoon_id) values (?,?,?,?)
Hibernate: insert into webtoon_publishing_day (created_at,publishing_day_id,updated_at,webtoon_id) values (?,?,?,?)
TUESDAY
2024-03-29T20:02:01.066+09:00 DEBUG 26924 --- [    Test worker] org.hibernate.SQL                        : select pd1_0.publishing_day_id,pd1_0.created_at,pd1_0.day,pd1_0.updated_at from publishing_day pd1_0 where pd1_0.day=?
Hibernate: select pd1_0.publishing_day_id,pd1_0.created_at,pd1_0.day,pd1_0.updated_at from publishing_day pd1_0 where pd1_0.day=?
PublishingDay{publishingDayId=2, createdAt=2024-03-29T19:55:41.069514, updatedAt=2024-03-29T19:55:41.069514, day='TUESDAY'}
2024-03-29T20:02:01.068+09:00 DEBUG 26924 --- [    Test worker] org.hibernate.SQL                        : insert into webtoon (created_at,description,no_youth,publication_status,thumbnail,title,updated_at) values (?,?,?,?,?,?,?)
Hibernate: insert into webtoon (created_at,description,no_youth,publication_status,thumbnail,title,updated_at) values (?,?,?,?,?,?,?)
2024-03-29T20:02:01.075+09:00 DEBUG 26924 --- [    Test worker] org.hibernate.SQL                        : insert into webtoon_publishing_day (created_at,publishing_day_id,updated_at,webtoon_id) values (?,?,?,?)
Hibernate: insert into webtoon_publishing_day (created_at,publishing_day_id,updated_at,webtoon_id) values (?,?,?,?)
TUESDAY
2024-03-29T20:02:01.082+09:00 DEBUG 26924 --- [    Test worker] org.hibernate.SQL                        : select pd1_0.publishing_day_id,pd1_0.created_at,pd1_0.day,pd1_0.updated_at from publishing_day pd1_0 where pd1_0.day=?
Hibernate: select pd1_0.publishing_day_id,pd1_0.created_at,pd1_0.day,pd1_0.updated_at from publishing_day pd1_0 where pd1_0.day=?
PublishingDay{publishingDayId=2, createdAt=2024-03-29T19:55:41.069514, updatedAt=2024-03-29T19:55:41.069514, day='TUESDAY'}
2024-03-29T20:02:01.084+09:00 DEBUG 26924 --- [    Test worker] org.hibernate.SQL                        : insert into webtoon (created_at,description,no_youth,publication_status,thumbnail,title,updated_at) values (?,?,?,?,?,?,?)
Hibernate: insert into webtoon (created_at,description,no_youth,publication_status,thumbnail,title,updated_at) values (?,?,?,?,?,?,?)
2024-03-29T20:02:01.090+09:00 DEBUG 26924 --- [    Test worker] org.hibernate.SQL                        : insert into webtoon_publishing_day (created_at,publishing_day_id,updated_at,webtoon_id) values (?,?,?,?)
Hibernate: insert into webtoon_publishing_day (created_at,publishing_day_id,updated_at,webtoon_id) values (?,?,?,?)
TUESDAY
2024-03-29T20:02:01.096+09:00 DEBUG 26924 --- [    Test worker] org.hibernate.SQL                        : select pd1_0.publishing_day_id,pd1_0.created_at,pd1_0.day,pd1_0.updated_at from publishing_day pd1_0 where pd1_0.day=?
Hibernate: select pd1_0.publishing_day_id,pd1_0.created_at,pd1_0.day,pd1_0.updated_at from publishing_day pd1_0 where pd1_0.day=?
PublishingDay{publishingDayId=2, createdAt=2024-03-29T19:55:41.069514, updatedAt=2024-03-29T19:55:41.069514, day='TUESDAY'}
2024-03-29T20:02:01.098+09:00 DEBUG 26924 --- [    Test worker] org.hibernate.SQL                        : insert into webtoon (created_at,description,no_youth,publication_status,thumbnail,title,updated_at) values (?,?,?,?,?,?,?)
Hibernate: insert into webtoon (created_at,description,no_youth,publication_status,thumbnail,title,updated_at) values (?,?,?,?,?,?,?)
2024-03-29T20:02:01.103+09:00 DEBUG 26924 --- [    Test worker] org.hibernate.SQL                        : insert into webtoon_publishing_day (created_at,publishing_day_id,updated_at,webtoon_id) values (?,?,?,?)
Hibernate: insert into webtoon_publishing_day (created_at,publishing_day_id,updated_at,webtoon_id) values (?,?,?,?)
TUESDAY
2024-03-29T20:02:01.106+09:00 DEBUG 26924 --- [    Test worker] org.hibernate.SQL                        : select pd1_0.publishing_day_id,pd1_0.created_at,pd1_0.day,pd1_0.updated_at from publishing_day pd1_0 where pd1_0.day=?
Hibernate: select pd1_0.publishing_day_id,pd1_0.created_at,pd1_0.day,pd1_0.updated_at from publishing_day pd1_0 where pd1_0.day=?
PublishingDay{publishingDayId=2, createdAt=2024-03-29T19:55:41.069514, updatedAt=2024-03-29T19:55:41.069514, day='TUESDAY'}
2024-03-29T20:02:01.109+09:00 DEBUG 26924 --- [    Test worker] org.hibernate.SQL                        : insert into webtoon (created_at,description,no_youth,publication_status,thumbnail,title,updated_at) values (?,?,?,?,?,?,?)
Hibernate: insert into webtoon (created_at,description,no_youth,publication_status,thumbnail,title,updated_at) values (?,?,?,?,?,?,?)
2024-03-29T20:02:01.112+09:00 DEBUG 26924 --- [    Test worker] org.hibernate.SQL                        : insert into webtoon_publishing_day (created_at,publishing_day_id,updated_at,webtoon_id) values (?,?,?,?)
Hibernate: insert into webtoon_publishing_day (created_at,publishing_day_id,updated_at,webtoon_id) values (?,?,?,?)
TUESDAY
2024-03-29T20:02:01.116+09:00 DEBUG 26924 --- [    Test worker] org.hibernate.SQL                        : select pd1_0.publishing_day_id,pd1_0.created_at,pd1_0.day,pd1_0.updated_at from publishing_day pd1_0 where pd1_0.day=?
Hibernate: select pd1_0.publishing_day_id,pd1_0.created_at,pd1_0.day,pd1_0.updated_at from publishing_day pd1_0 where pd1_0.day=?
PublishingDay{publishingDayId=2, createdAt=2024-03-29T19:55:41.069514, updatedAt=2024-03-29T19:55:41.069514, day='TUESDAY'}
2024-03-29T20:02:01.118+09:00 DEBUG 26924 --- [    Test worker] org.hibernate.SQL                        : insert into webtoon (created_at,description,no_youth,publication_status,thumbnail,title,updated_at) values (?,?,?,?,?,?,?)
Hibernate: insert into webtoon (created_at,description,no_youth,publication_status,thumbnail,title,updated_at) values (?,?,?,?,?,?,?)
2024-03-29T20:02:01.123+09:00 DEBUG 26924 --- [    Test worker] org.hibernate.SQL                        : insert into webtoon_publishing_day (created_at,publishing_day_id,updated_at,webtoon_id) values (?,?,?,?)
Hibernate: insert into webtoon_publishing_day (created_at,publishing_day_id,updated_at,webtoon_id) values (?,?,?,?)
TUESDAY
2024-03-29T20:02:01.128+09:00 DEBUG 26924 --- [    Test worker] org.hibernate.SQL                        : select pd1_0.publishing_day_id,pd1_0.created_at,pd1_0.day,pd1_0.updated_at from publishing_day pd1_0 where pd1_0.day=?
Hibernate: select pd1_0.publishing_day_id,pd1_0.created_at,pd1_0.day,pd1_0.updated_at from publishing_day pd1_0 where pd1_0.day=?
PublishingDay{publishingDayId=2, createdAt=2024-03-29T19:55:41.069514, updatedAt=2024-03-29T19:55:41.069514, day='TUESDAY'}
2024-03-29T20:02:01.130+09:00 DEBUG 26924 --- [    Test worker] org.hibernate.SQL                        : insert into webtoon (created_at,description,no_youth,publication_status,thumbnail,title,updated_at) values (?,?,?,?,?,?,?)
Hibernate: insert into webtoon (created_at,description,no_youth,publication_status,thumbnail,title,updated_at) values (?,?,?,?,?,?,?)
2024-03-29T20:02:01.135+09:00 DEBUG 26924 --- [    Test worker] org.hibernate.SQL                        : insert into webtoon_publishing_day (created_at,publishing_day_id,updated_at,webtoon_id) values (?,?,?,?)
Hibernate: insert into webtoon_publishing_day (created_at,publishing_day_id,updated_at,webtoon_id) values (?,?,?,?)
FALSE
2024-03-29T20:02:01.139+09:00 DEBUG 26924 --- [    Test worker] org.hibernate.SQL                        : select pd1_0.publishing_day_id,pd1_0.created_at,pd1_0.day,pd1_0.updated_at from publishing_day pd1_0 where pd1_0.day=?
Hibernate: select pd1_0.publishing_day_id,pd1_0.created_at,pd1_0.day,pd1_0.updated_at from publishing_day pd1_0 where pd1_0.day=?
null
2024-03-29T20:02:01.141+09:00 DEBUG 26924 --- [    Test worker] org.hibernate.SQL                        : insert into webtoon (created_at,description,no_youth,publication_status,thumbnail,title,updated_at) values (?,?,?,?,?,?,?)
Hibernate: insert into webtoon (created_at,description,no_youth,publication_status,thumbnail,title,updated_at) values (?,?,?,?,?,?,?)
2024-03-29T20:02:01.146+09:00 DEBUG 26924 --- [    Test worker] org.hibernate.SQL                        : insert into webtoon_publishing_day (created_at,publishing_day_id,updated_at,webtoon_id) values (?,?,?,?)
Hibernate: insert into webtoon_publishing_day (created_at,publishing_day_id,updated_at,webtoon_id) values (?,?,?,?)
TUESDAY
2024-03-29T20:02:01.151+09:00 DEBUG 26924 --- [    Test worker] org.hibernate.SQL                        : select pd1_0.publishing_day_id,pd1_0.created_at,pd1_0.day,pd1_0.updated_at from publishing_day pd1_0 where pd1_0.day=?
Hibernate: select pd1_0.publishing_day_id,pd1_0.created_at,pd1_0.day,pd1_0.updated_at from publishing_day pd1_0 where pd1_0.day=?
PublishingDay{publishingDayId=2, createdAt=2024-03-29T19:55:41.069514, updatedAt=2024-03-29T19:55:41.069514, day='TUESDAY'}
2024-03-29T20:02:01.153+09:00 DEBUG 26924 --- [    Test worker] org.hibernate.SQL                        : insert into webtoon (created_at,description,no_youth,publication_status,thumbnail,title,updated_at) values (?,?,?,?,?,?,?)
Hibernate: insert into webtoon (created_at,description,no_youth,publication_status,thumbnail,title,updated_at) values (?,?,?,?,?,?,?)
2024-03-29T20:02:01.157+09:00 DEBUG 26924 --- [    Test worker] org.hibernate.SQL                        : insert into webtoon_publishing_day (created_at,publishing_day_id,updated_at,webtoon_id) values (?,?,?,?)
Hibernate: insert into webtoon_publishing_day (created_at,publishing_day_id,updated_at,webtoon_id) values (?,?,?,?)
]]></system-out>
  <system-err><![CDATA[]]></system-err>
</testsuite>
