<?xml version="1.0" encoding="UTF-8"?>
<testsuite name="com.naver.generator.CommentGeneratorTest" tests="2" skipped="0" failures="0" errors="0" timestamp="2024-03-28T08:27:45" hostname="7층PC167" time="0.532">
  <properties/>
  <testcase name="comment()" classname="com.naver.generator.CommentGeneratorTest" time="0.381"/>
  <testcase name="recomment()" classname="com.naver.generator.CommentGeneratorTest" time="0.15"/>
  <system-out><![CDATA[17:27:42.131 [Test worker] INFO org.springframework.test.context.support.AnnotationConfigContextLoaderUtils -- Could not detect default configuration classes for test class [com.naver.generator.CommentGeneratorTest]: CommentGeneratorTest does not declare any static, non-private, non-final, nested classes annotated with @Configuration.
17:27:42.211 [Test worker] INFO org.springframework.boot.test.context.SpringBootTestContextBootstrapper -- Found @SpringBootConfiguration com.naver.WebtoonApplication for test class com.naver.generator.CommentGeneratorTest

  .   ____          _            __ _ _
 /\\ / ___'_ __ _ _(_)_ __  __ _ \ \ \ \
( ( )\___ | '_ | '_| | '_ \/ _` | \ \ \ \
 \\/  ___)| |_)| | | | | || (_| |  ) ) ) )
  '  |____| .__|_| |_|_| |_\__, | / / / /
 =========|_|==============|___/=/_/_/_/
 :: Spring Boot ::                (v3.2.4)

2024-03-28T17:27:42.549+09:00  INFO 16752 --- [    Test worker] c.naver.generator.CommentGeneratorTest   : Starting CommentGeneratorTest using Java 17.0.10 with PID 16752 (started by SSAFY in C:\bjm\query-tuning)
2024-03-28T17:27:42.550+09:00  INFO 16752 --- [    Test worker] c.naver.generator.CommentGeneratorTest   : No active profile set, falling back to 1 default profile: "default"
2024-03-28T17:27:43.027+09:00  INFO 16752 --- [    Test worker] .s.d.r.c.RepositoryConfigurationDelegate : Bootstrapping Spring Data JPA repositories in DEFAULT mode.
2024-03-28T17:27:43.079+09:00  INFO 16752 --- [    Test worker] .s.d.r.c.RepositoryConfigurationDelegate : Finished Spring Data repository scanning in 44 ms. Found 3 JPA repository interfaces.
2024-03-28T17:27:43.423+09:00  INFO 16752 --- [    Test worker] o.hibernate.jpa.internal.util.LogHelper  : HHH000204: Processing PersistenceUnitInfo [name: default]
2024-03-28T17:27:43.471+09:00  INFO 16752 --- [    Test worker] org.hibernate.Version                    : HHH000412: Hibernate ORM core version 6.4.4.Final
2024-03-28T17:27:43.500+09:00  INFO 16752 --- [    Test worker] o.h.c.internal.RegionFactoryInitiator    : HHH000026: Second-level cache disabled
2024-03-28T17:27:43.699+09:00  INFO 16752 --- [    Test worker] o.s.o.j.p.SpringPersistenceUnitInfo      : No LoadTimeWeaver setup: ignoring JPA class transformer
2024-03-28T17:27:43.729+09:00  INFO 16752 --- [    Test worker] com.zaxxer.hikari.HikariDataSource       : HikariPool-1 - Starting...
2024-03-28T17:27:43.949+09:00  INFO 16752 --- [    Test worker] com.zaxxer.hikari.pool.HikariPool        : HikariPool-1 - Added connection com.mysql.cj.jdbc.ConnectionImpl@5b1ff8cd
2024-03-28T17:27:43.951+09:00  INFO 16752 --- [    Test worker] com.zaxxer.hikari.HikariDataSource       : HikariPool-1 - Start completed.
2024-03-28T17:27:43.991+09:00  WARN 16752 --- [    Test worker] org.hibernate.orm.deprecation            : HHH90000025: MySQLDialect does not need to be specified explicitly using 'hibernate.dialect' (remove the property setting and it will be selected by default)
2024-03-28T17:27:44.564+09:00  INFO 16752 --- [    Test worker] o.h.m.i.EntityInstantiatorPojoStandard   : HHH000182: No default (no-argument) constructor for class: com.naver.entity.Recomment (class must be instantiated by Interceptor)
2024-03-28T17:27:44.805+09:00  INFO 16752 --- [    Test worker] o.h.e.t.j.p.i.JtaPlatformInitiator       : HHH000489: No JTA platform available (set 'hibernate.transaction.jta.platform' to enable JTA platform integration)
2024-03-28T17:27:44.944+09:00  INFO 16752 --- [    Test worker] j.LocalContainerEntityManagerFactoryBean : Initialized JPA EntityManagerFactory for persistence unit 'default'
2024-03-28T17:27:45.170+09:00  INFO 16752 --- [    Test worker] o.s.d.j.r.query.QueryEnhancerFactory     : Hibernate is in classpath; If applicable, HQL parser will be used.
2024-03-28T17:27:45.597+09:00  WARN 16752 --- [    Test worker] JpaBaseConfiguration$JpaWebConfiguration : spring.jpa.open-in-view is enabled by default. Therefore, database queries may be performed during view rendering. Explicitly configure spring.jpa.open-in-view to disable this warning
2024-03-28T17:27:45.874+09:00  INFO 16752 --- [    Test worker] c.naver.generator.CommentGeneratorTest   : Started CommentGeneratorTest in 3.532 seconds (process running for 4.46)
2024-03-28T17:27:46.335+09:00 DEBUG 16752 --- [    Test worker] org.hibernate.SQL                        : select c1_0.comment_id,c1_0.content,c1_0.created_at,c1_0.episode_id,c1_0.member_id,c1_0.updated_at from comment c1_0
Hibernate: select c1_0.comment_id,c1_0.content,c1_0.created_at,c1_0.episode_id,c1_0.member_id,c1_0.updated_at from comment c1_0
1
진짜 왜 재밌지??
2024-03-28T17:27:46.372+09:00 DEBUG 16752 --- [    Test worker] org.hibernate.SQL                        : select count(m1_0.member_id) from member m1_0
Hibernate: select count(m1_0.member_id) from member m1_0
2024-03-28T17:27:46.379+09:00 DEBUG 16752 --- [    Test worker] org.hibernate.SQL                        : select count(m1_0.member_id) from member m1_0
Hibernate: select count(m1_0.member_id) from member m1_0
2024-03-28T17:27:46.392+09:00 DEBUG 16752 --- [    Test worker] org.hibernate.SQL                        : select m1_0.member_id,m1_0.age,m1_0.created_at,m1_0.login_id,m1_0.nickname,m1_0.password,m1_0.updated_at from member m1_0 where m1_0.member_id=?
Hibernate: select m1_0.member_id,m1_0.age,m1_0.created_at,m1_0.login_id,m1_0.nickname,m1_0.password,m1_0.updated_at from member m1_0 where m1_0.member_id=?
2024-03-28T17:27:46.407+09:00 DEBUG 16752 --- [    Test worker] org.hibernate.SQL                        : insert into recomment (comment_id,content,created_at,member_id,updated_at) values (?,?,?,?,?)
Hibernate: insert into recomment (comment_id,content,created_at,member_id,updated_at) values (?,?,?,?,?)
id
]]></system-out>
  <system-err><![CDATA[]]></system-err>
</testsuite>
